2024-04-29 09:58:56 [INFO] [task_scheduler.cc:160] Initializing Task #177: "fused_nn_avg_pool2d_1"
2024-04-29 09:58:56 [INFO] [task_scheduler.cc:35] 
# from tvm.script import ir as I
# from tvm.script import tir as T

@I.ir_module
class Module:
    @T.prim_func
    def main(p0: T.Buffer((T.int64(1), T.int64(256), T.int64(28), T.int64(28)), "float32"), pool_avg: T.Buffer((T.int64(1), T.int64(256), T.int64(14), T.int64(14)), "float32")):
        T.func_attr({"tir.noalias": T.bool(True)})
        # with T.block("root"):
        pool_sum = T.alloc_buffer((T.int64(1), T.int64(256), T.int64(14), T.int64(14)))
        for ax0, ax1, ax2, ax3, rv0, rv1 in T.grid(T.int64(1), T.int64(256), T.int64(14), T.int64(14), T.int64(2), T.int64(2)):
            with T.block("pool_sum"):
                v_ax0, v_ax1, v_ax2, v_ax3, v_rv0, v_rv1 = T.axis.remap("SSSSRR", [ax0, ax1, ax2, ax3, rv0, rv1])
                T.reads(p0[v_ax0, v_ax1, v_ax2 * T.int64(2) + v_rv0, v_ax3 * T.int64(2) + v_rv1])
                T.writes(pool_sum[v_ax0, v_ax1, v_ax2, v_ax3])
                with T.init():
                    pool_sum[v_ax0, v_ax1, v_ax2, v_ax3] = T.float32(0)
                pool_sum[v_ax0, v_ax1, v_ax2, v_ax3] = pool_sum[v_ax0, v_ax1, v_ax2, v_ax3] + p0[v_ax0, v_ax1, v_ax2 * T.int64(2) + v_rv0, v_ax3 * T.int64(2) + v_rv1]
        for ax0, ax1, ax2, ax3 in T.grid(T.int64(1), T.int64(256), T.int64(14), T.int64(14)):
            with T.block("pool_avg"):
                v_ax0, v_ax1, v_ax2, v_ax3 = T.axis.remap("SSSS", [ax0, ax1, ax2, ax3])
                T.reads(pool_sum[v_ax0, v_ax1, v_ax2, v_ax3])
                T.writes(pool_avg[v_ax0, v_ax1, v_ax2, v_ax3])
                T.block_attr({"schedule_rule": "meta_schedule.pool_avg"})
                pool_avg[v_ax0, v_ax1, v_ax2, v_ax3] = pool_sum[v_ax0, v_ax1, v_ax2, v_ax3] / T.Cast("float32", T.max((T.min(v_ax2, T.int64(0)) * T.int64(2) + T.min(v_ax2 * T.int64(2) + T.int64(1), T.int64(27)) + T.int64(1) - v_ax2 * T.int64(2)) * (T.min(v_ax3, T.int64(0)) * T.int64(2) + T.min(v_ax3 * T.int64(2) + T.int64(1), T.int64(27)) + T.int64(1) - v_ax3 * T.int64(2)), T.int64(1)))
2024-04-29 09:58:56 [INFO] [task_scheduler.cc:164] Total 2 design space(s) generated
2024-04-29 09:58:56 [INFO] [task_scheduler.cc:170] Design space #0:
# from tvm.script import ir as I
# from tvm.script import tir as T

@I.ir_module
class Module:
    @T.prim_func
    def main(p0: T.Buffer((T.int64(1), T.int64(256), T.int64(28), T.int64(28)), "float32"), pool_avg: T.Buffer((T.int64(1), T.int64(256), T.int64(14), T.int64(14)), "float32")):
        T.func_attr({"tir.noalias": T.bool(True)})
        with T.block("root"):
            T.reads()
            T.writes()
            T.block_attr({"meta_schedule.unroll_explicit": 1024})
            pool_sum = T.alloc_buffer((T.int64(1), T.int64(256), T.int64(14), T.int64(14)))
            for ax0_ax1_ax2_ax3_fused_0 in T.thread_binding(T.int64(784), thread="blockIdx.x"):
                for ax0_ax1_ax2_ax3_fused_1 in T.thread_binding(T.int64(64), thread="threadIdx.x"):
                    for rv0, rv1 in T.grid(T.int64(2), T.int64(2)):
                        with T.block("pool_sum"):
                            v_ax0 = T.axis.spatial(T.int64(1), T.int64(0))
                            v_ax1 = T.axis.spatial(T.int64(256), (ax0_ax1_ax2_ax3_fused_0 * T.int64(64) + ax0_ax1_ax2_ax3_fused_1) // T.int64(196))
                            v_ax2 = T.axis.spatial(T.int64(14), (ax0_ax1_ax2_ax3_fused_0 * T.int64(64) + ax0_ax1_ax2_ax3_fused_1) % T.int64(196) // T.int64(14))
                            v_ax3 = T.axis.spatial(T.int64(14), (ax0_ax1_ax2_ax3_fused_0 * T.int64(64) + ax0_ax1_ax2_ax3_fused_1) % T.int64(14))
                            v_rv0, v_rv1 = T.axis.remap("RR", [rv0, rv1])
                            T.reads(p0[v_ax0, v_ax1, v_ax2 * T.int64(2) + v_rv0, v_ax3 * T.int64(2) + v_rv1])
                            T.writes(pool_sum[v_ax0, v_ax1, v_ax2, v_ax3])
                            with T.init():
                                pool_sum[v_ax0, v_ax1, v_ax2, v_ax3] = T.float32(0)
                            pool_sum[v_ax0, v_ax1, v_ax2, v_ax3] = pool_sum[v_ax0, v_ax1, v_ax2, v_ax3] + p0[v_ax0, v_ax1, v_ax2 * T.int64(2) + v_rv0, v_ax3 * T.int64(2) + v_rv1]
            for ax0_ax1_ax2_ax3_fused_0 in T.thread_binding(T.int64(49), thread="blockIdx.x"):
                for ax0_ax1_ax2_ax3_fused_1 in T.thread_binding(T.int64(1024), thread="threadIdx.x"):
                    with T.block("pool_avg"):
                        v_ax0 = T.axis.spatial(T.int64(1), T.int64(0))
                        v_ax1 = T.axis.spatial(T.int64(256), (ax0_ax1_ax2_ax3_fused_0 * T.int64(1024) + ax0_ax1_ax2_ax3_fused_1) // T.int64(196))
                        v_ax2 = T.axis.spatial(T.int64(14), (ax0_ax1_ax2_ax3_fused_0 * T.int64(1024) + ax0_ax1_ax2_ax3_fused_1) % T.int64(196) // T.int64(14))
                        v_ax3 = T.axis.spatial(T.int64(14), (ax0_ax1_ax2_ax3_fused_0 * T.int64(1024) + ax0_ax1_ax2_ax3_fused_1) % T.int64(14))
                        T.reads(pool_sum[v_ax0, v_ax1, v_ax2, v_ax3])
                        T.writes(pool_avg[v_ax0, v_ax1, v_ax2, v_ax3])
                        pool_avg[v_ax0, v_ax1, v_ax2, v_ax3] = pool_sum[v_ax0, v_ax1, v_ax2, v_ax3] / T.Cast("float32", T.max((T.min(v_ax2, T.int64(0)) * T.int64(2) + T.min(v_ax2 * T.int64(2) + T.int64(1), T.int64(27)) + T.int64(1) - v_ax2 * T.int64(2)) * (T.min(v_ax3, T.int64(0)) * T.int64(2) + T.min(v_ax3 * T.int64(2) + T.int64(1), T.int64(27)) + T.int64(1) - v_ax3 * T.int64(2)), T.int64(1)))
b0 = sch.get_block(name="pool_sum", func_name="main")
b1 = sch.get_block(name="pool_avg", func_name="main")
b2 = sch.get_block(name="root", func_name="main")
sch.unannotate(block_or_loop=b1, ann_key="schedule_rule")
v3 = sch.sample_categorical(candidates=[0, 16, 64, 512, 1024], probs=[0.20000000000000001, 0.20000000000000001, 0.20000000000000001, 0.20000000000000001, 0.20000000000000001], decision=4)
sch.annotate(block_or_loop=b2, ann_key="meta_schedule.unroll_explicit", ann_val=v3)
l4, l5, l6, l7 = sch.get_loops(block=b1)
l8 = sch.fuse(l4, l5, l6, l7, preserve_unit_iters=True)
v9 = sch.sample_categorical(candidates=[32, 64, 128, 256, 512, 1024], probs=[0.16666666666666666, 0.16666666666666666, 0.16666666666666666, 0.16666666666666666, 0.16666666666666666, 0.16666666666666666], decision=5)
l10, l11 = sch.split(loop=l8, factors=[None, v9], preserve_unit_iters=True)
sch.bind(loop=l10, thread_axis="blockIdx.x")
sch.bind(loop=l11, thread_axis="threadIdx.x")
l12, l13, l14, l15, l16, l17 = sch.get_loops(block=b0)
l18 = sch.fuse(l12, l13, l14, l15, preserve_unit_iters=True)
v19 = sch.sample_categorical(candidates=[32, 64, 128, 256, 512, 1024], probs=[0.16666666666666666, 0.16666666666666666, 0.16666666666666666, 0.16666666666666666, 0.16666666666666666, 0.16666666666666666], decision=1)
l20, l21 = sch.split(loop=l18, factors=[None, v19], preserve_unit_iters=True)
sch.bind(loop=l20, thread_axis="blockIdx.x")
sch.bind(loop=l21, thread_axis="threadIdx.x")
2024-04-29 09:58:56 [INFO] [task_scheduler.cc:170] Design space #1:
# from tvm.script import ir as I
# from tvm.script import tir as T

@I.ir_module
class Module:
    @T.prim_func
    def main(p0: T.Buffer((T.int64(1), T.int64(256), T.int64(28), T.int64(28)), "float32"), pool_avg: T.Buffer((T.int64(1), T.int64(256), T.int64(14), T.int64(14)), "float32")):
        T.func_attr({"tir.noalias": T.bool(True)})
        with T.block("root"):
            T.reads()
            T.writes()
            T.block_attr({"meta_schedule.unroll_explicit": 0})
            pool_sum_shared = T.alloc_buffer((T.int64(1), T.int64(256), T.int64(14), T.int64(14)), scope="shared")
            for ax0_ax1_ax2_ax3_0_fused in T.thread_binding(T.int64(7168), thread="blockIdx.x"):
                for ax0, ax1, ax2, ax3, ax4_ax5_fused_0 in T.grid(T.int64(1), T.int64(1), T.int64(1), T.int64(8), T.int64(1)):
                    for ax4_ax5_fused_1 in T.thread_binding(T.int64(8), thread="threadIdx.x"):
                        with T.block("pool_sum"):
                            v_ax0 = T.axis.spatial(T.int64(1), ax0)
                            v_ax1 = T.axis.spatial(T.int64(256), ax0_ax1_ax2_ax3_0_fused // T.int64(28) + ax1)
                            v_ax2 = T.axis.spatial(T.int64(14), ax0_ax1_ax2_ax3_0_fused % T.int64(28) // T.int64(2) + ax2)
                            v_ax3 = T.axis.spatial(T.int64(14), ax0_ax1_ax2_ax3_0_fused % T.int64(2) * T.int64(8) + ax3)
                            v_rv0 = T.axis.reduce(T.int64(2), (ax4_ax5_fused_0 * T.int64(8) + ax4_ax5_fused_1) // T.int64(2))
                            v_rv1 = T.axis.reduce(T.int64(2), (ax4_ax5_fused_0 * T.int64(8) + ax4_ax5_fused_1) % T.int64(2))
                            T.where(ax0_ax1_ax2_ax3_0_fused % T.int64(2) * T.int64(8) + ax3 < T.int64(14) and ax4_ax5_fused_0 * T.int64(8) + ax4_ax5_fused_1 < T.int64(4))
                            T.reads(p0[v_ax0, v_ax1, v_ax2 * T.int64(2) + v_rv0, v_ax3 * T.int64(2) + v_rv1])
                            T.writes(pool_sum_shared[v_ax0, v_ax1, v_ax2, v_ax3])
                            with T.init():
                                pool_sum_shared[v_ax0, v_ax1, v_ax2, v_ax3] = T.float32(0)
                            pool_sum_shared[v_ax0, v_ax1, v_ax2, v_ax3] = pool_sum_shared[v_ax0, v_ax1, v_ax2, v_ax3] + p0[v_ax0, v_ax1, v_ax2 * T.int64(2) + v_rv0, v_ax3 * T.int64(2) + v_rv1]
                for ax3_1 in T.thread_binding(T.int64(8), thread="threadIdx.x"):
                    with T.block("pool_avg"):
                        v_ax0 = T.axis.spatial(T.int64(1), T.int64(0))
                        v_ax1 = T.axis.spatial(T.int64(256), ax0_ax1_ax2_ax3_0_fused // T.int64(28))
                        v_ax2 = T.axis.spatial(T.int64(14), ax0_ax1_ax2_ax3_0_fused % T.int64(28) // T.int64(2))
                        v_ax3 = T.axis.spatial(T.int64(14), ax0_ax1_ax2_ax3_0_fused % T.int64(2) * T.int64(8) + ax3_1)
                        T.where(ax0_ax1_ax2_ax3_0_fused % T.int64(2) * T.int64(8) + ax3_1 < T.int64(14))
                        T.reads(pool_sum_shared[v_ax0, v_ax1, v_ax2, v_ax3])
                        T.writes(pool_avg[v_ax0, v_ax1, v_ax2, v_ax3])
                        pool_avg[v_ax0, v_ax1, v_ax2, v_ax3] = pool_sum_shared[v_ax0, v_ax1, v_ax2, v_ax3] / T.Cast("float32", T.max((T.min(v_ax2, T.int64(0)) * T.int64(2) + T.min(v_ax2 * T.int64(2) + T.int64(1), T.int64(27)) + T.int64(1) - v_ax2 * T.int64(2)) * (T.min(v_ax3, T.int64(0)) * T.int64(2) + T.min(v_ax3 * T.int64(2) + T.int64(1), T.int64(27)) + T.int64(1) - v_ax3 * T.int64(2)), T.int64(1)))
b0 = sch.get_block(name="pool_sum", func_name="main")
b1 = sch.get_block(name="pool_avg", func_name="main")
b2 = sch.get_block(name="root", func_name="main")
sch.unannotate(block_or_loop=b1, ann_key="schedule_rule")
b3, = sch.get_consumers(block=b0)
l4, l5, l6, l7 = sch.get_loops(block=b3)
v8 = sch.sample_categorical(candidates=[4, 8, 16, 32, 64, 128, 256, 512], probs=[0.125, 0.125, 0.125, 0.125, 0.125, 0.125, 0.125, 0.125], decision=1)
l9, l10 = sch.split(loop=l7, factors=[None, v8], preserve_unit_iters=True)
sch.bind(loop=l10, thread_axis="threadIdx.x")
sch.compute_at(block=b0, loop=l9, preserve_unit_loops=True, index=-1)
sch.set_scope(block=b0, buffer_index=0, storage_scope="shared")
l11, l12, l13, l14, l15, l16, l17, l18, l19, l20 = sch.get_loops(block=b0)
l21 = sch.fuse(l19, l20, preserve_unit_iters=True)
l22, l23 = sch.split(loop=l21, factors=[None, v8], preserve_unit_iters=True)
sch.bind(loop=l23, thread_axis="threadIdx.x")
v24 = sch.sample_categorical(candidates=[0, 16, 64, 512, 1024], probs=[0.20000000000000001, 0.20000000000000001, 0.20000000000000001, 0.20000000000000001, 0.20000000000000001], decision=0)
sch.annotate(block_or_loop=b2, ann_key="meta_schedule.unroll_explicit", ann_val=v24)
l25, l26, l27, l28, l29 = sch.get_loops(block=b1)
l30 = sch.fuse(l25, l26, l27, l28, preserve_unit_iters=True)
sch.bind(loop=l30, thread_axis="blockIdx.x")
2024-04-29 13:45:36 [INFO] [evolutionary_search.cc:713] Generating candidates......
2024-04-29 13:45:36 [INFO] [evolutionary_search.cc:715] Picked top 0 candidate(s) from database
2024-04-29 13:45:37 [INFO] [evolutionary_search.cc:533] Sample-Init-Population summary:
Postproc #0 [meta_schedule.DisallowDynamicLoop(0xde95c08)]: 0 failure(s)
Postproc #1 [meta_schedule.RewriteCooperativeFetch(0x700d2a8)]: 0 failure(s)
Postproc #2 [meta_schedule.RewriteUnboundBlock(0x64b1958)]: 0 failure(s)
Postproc #3 [meta_schedule.RewriteParallelVectorizeUnroll(0x10a35648)]: 0 failure(s)
Postproc #4 [meta_schedule.RewriteReductionBlock(0xf0db458)]: 0 failure(s)
Postproc #5 [meta_schedule.VerifyGPUCode(0xd77e4b8)]: 0 failure(s)
Postproc #6 [meta_schedule.RewriteTensorize(0xf42d148)]: 0 failure(s)
2024-04-29 13:45:37 [INFO] [evolutionary_search.cc:723] Sampled 512 candidate(s)
2024-04-29 13:45:38 [INFO] [evolutionary_search.cc:621] Evolve iter #0 done. Summary:
Postproc #0 [meta_schedule.DisallowDynamicLoop(0xde95c08)]: 0 failure(s)
Postproc #1 [meta_schedule.RewriteCooperativeFetch(0x700d2a8)]: 0 failure(s)
Postproc #2 [meta_schedule.RewriteUnboundBlock(0x64b1958)]: 0 failure(s)
Postproc #3 [meta_schedule.RewriteParallelVectorizeUnroll(0x10a35648)]: 0 failure(s)
Postproc #4 [meta_schedule.RewriteReductionBlock(0xf0db458)]: 0 failure(s)
Postproc #5 [meta_schedule.VerifyGPUCode(0xd77e4b8)]: 0 failure(s)
Postproc #6 [meta_schedule.RewriteTensorize(0xf42d148)]: 0 failure(s)
2024-04-29 13:45:38 [INFO] [evolutionary_search.cc:621] Evolve iter #1 done. Summary:
Postproc #0 [meta_schedule.DisallowDynamicLoop(0xde95c08)]: 0 failure(s)
Postproc #1 [meta_schedule.RewriteCooperativeFetch(0x700d2a8)]: 0 failure(s)
Postproc #2 [meta_schedule.RewriteUnboundBlock(0x64b1958)]: 0 failure(s)
Postproc #3 [meta_schedule.RewriteParallelVectorizeUnroll(0x10a35648)]: 0 failure(s)
Postproc #4 [meta_schedule.RewriteReductionBlock(0xf0db458)]: 0 failure(s)
Postproc #5 [meta_schedule.VerifyGPUCode(0xd77e4b8)]: 0 failure(s)
Postproc #6 [meta_schedule.RewriteTensorize(0xf42d148)]: 0 failure(s)
2024-04-29 13:45:39 [INFO] [evolutionary_search.cc:621] Evolve iter #2 done. Summary:
Postproc #0 [meta_schedule.DisallowDynamicLoop(0xde95c08)]: 0 failure(s)
Postproc #1 [meta_schedule.RewriteCooperativeFetch(0x700d2a8)]: 0 failure(s)
Postproc #2 [meta_schedule.RewriteUnboundBlock(0x64b1958)]: 0 failure(s)
Postproc #3 [meta_schedule.RewriteParallelVectorizeUnroll(0x10a35648)]: 0 failure(s)
Postproc #4 [meta_schedule.RewriteReductionBlock(0xf0db458)]: 0 failure(s)
Postproc #5 [meta_schedule.VerifyGPUCode(0xd77e4b8)]: 0 failure(s)
Postproc #6 [meta_schedule.RewriteTensorize(0xf42d148)]: 0 failure(s)
2024-04-29 13:45:39 [INFO] [evolutionary_search.cc:621] Evolve iter #3 done. Summary:
Postproc #0 [meta_schedule.DisallowDynamicLoop(0xde95c08)]: 0 failure(s)
Postproc #1 [meta_schedule.RewriteCooperativeFetch(0x700d2a8)]: 0 failure(s)
Postproc #2 [meta_schedule.RewriteUnboundBlock(0x64b1958)]: 0 failure(s)
Postproc #3 [meta_schedule.RewriteParallelVectorizeUnroll(0x10a35648)]: 0 failure(s)
Postproc #4 [meta_schedule.RewriteReductionBlock(0xf0db458)]: 0 failure(s)
Postproc #5 [meta_schedule.VerifyGPUCode(0xd77e4b8)]: 0 failure(s)
Postproc #6 [meta_schedule.RewriteTensorize(0xf42d148)]: 0 failure(s)
2024-04-29 13:45:39 [INFO] [evolutionary_search.cc:649] Scores of the best 64 candidates:
[1 : 16]:	0.9982  0.9970  0.9931  0.9914  0.9903  0.9872  0.9814  0.9731  0.9657  0.9652  0.9649  0.9560  0.9548  0.9460  0.9408  0.9384
[17 : 32]:	0.9354  0.9317  0.9204  0.9196  0.9195  0.9193  0.9065  0.9063  0.9039  0.8986  0.8908  0.8812  0.8774  0.8694  0.8679  0.8616
[33 : 48]:	0.8564  0.8556  0.8532  0.8503  0.8470  0.8418  0.8376  0.8376  0.8363  0.8356  0.8256  0.8214  0.8207  0.8205  0.8095  0.8065
[49 : 64]:	0.8050  0.7977  0.7883  0.7851  0.7801  0.7758  0.7593  0.7521  0.7494  0.7456  0.7249  0.7234  0.7226  0.7177  0.7172  0.7162
2024-04-29 13:45:39 [INFO] [evolutionary_search.cc:727] Got 64 candidate(s) with evolutionary search
2024-04-29 13:45:39 [INFO] [evolutionary_search.cc:730] Sending 64 candidates(s) for measurement
2024-04-29 14:09:45 [INFO] [task_scheduler.cc:121] [Task #177: fused_nn_avg_pool2d_1] Trial #1: Error in building:
LocalBuilder: An exception occurred
Traceback (most recent call last):
  File "/mnt/home/gverma/ceph/opt/tvm/python/tvm/exec/popen_worker.py", line 87, in main
    result = fn(*args, **kwargs)
  File "/mnt/home/gverma/ceph/opt/tvm/python/tvm/meta_schedule/builder/local_builder.py", line 165, in <lambda>
    lambda x: _worker_func(*x),
  File "/mnt/home/gverma/ceph/opt/tvm/python/tvm/meta_schedule/builder/local_builder.py", line 231, in _worker_func
    rt_mod: Module = f_build(mod, target, _deserialize_params(params))
  File "/mnt/home/gverma/ceph/opt/tvm/python/tvm/_ffi/_ctypes/packed_func.py", line 239, in __call__
    raise_last_ffi_error()
  File "/mnt/home/gverma/ceph/opt/tvm/python/tvm/_ffi/base.py", line 481, in raise_last_ffi_error
    raise py_err
  File "Objects/call.c", line 200, in PyVectorcall_Call
  File "Python/ceval.c", line 4963, in call_function
  File "/mnt/home/gverma/ceph/opt/tvm/python/tvm/meta_schedule/builder/local_builder.py", line 261, in default_build
    return tvm_build(mod, target=target)
  File "/mnt/home/gverma/ceph/opt/tvm/python/tvm/driver/build_module.py", line 281, in build
    rt_mod_host = _driver_ffi.tir_to_runtime(annotated_mods, target_host)
  File "/mnt/home/gverma/ceph/opt/tvm/python/tvm/_ffi/_ctypes/packed_func.py", line 239, in __call__
    raise_last_ffi_error()
  File "/mnt/home/gverma/ceph/opt/tvm/python/tvm/_ffi/base.py", line 481, in raise_last_ffi_error
    raise py_err
tvm.error.InternalError: Traceback (most recent call last):
  44: tvm::runtime::PackedFuncObj::Extractor<tvm::runtime::PackedFuncSubObj<tvm::runtime::TypedPackedFunc<tvm::runtime::Module (tvm::runtime::Map<tvm::Target, tvm::IRModule, void, void> const&, tvm::Target)>::AssignTypedLambda<tvm::__mk_TVM22::{lambda(tvm::runtime::Map<tvm::Target, tvm::IRModule, void, void> const&, tvm::Target)#1}>(tvm::__mk_TVM22::{lambda(tvm::runtime::Map<tvm::Target, tvm::IRModule, void, void> const&, tvm::Target)#1}, std::__cxx11::basic_string<char, std::char_traits<char>, std::allocator<char> >)::{lambda(tvm::runtime::TVMArgs const&, tvm::runtime::TVMRetValue*)#1}> >::Call(tvm::runtime::PackedFuncObj const*, std::allocator<char>, tvm::runtime::TVMArgs const&)
  43: tvm::TIRToRuntime(tvm::runtime::Map<tvm::Target, tvm::IRModule, void, void> const&, tvm::Target const&)
  42: tvm::SplitMixedModule(tvm::IRModule, tvm::Target const&, tvm::Target const&)
  41: tvm::ApplyPasses(tvm::IRModule, tvm::transform::Sequential)
  40: tvm::transform::Pass::operator()(tvm::IRModule) const
  39: tvm::transform::Pass::operator()(tvm::IRModule, tvm::transform::PassContext const&) const
  38: tvm::transform::SequentialNode::operator()(tvm::IRModule, tvm::transform::PassContext const&) const
  37: tvm::transform::Pass::operator()(tvm::IRModule, tvm::transform::PassContext const&) const
  36: tvm::tir::transform::PrimFuncPassNode::operator()(tvm::IRModule, tvm::transform::PassContext const&) const
  35: _ZN3tvm7runtime13PackedFun
  34: tvm::runtime::TypedPackedFunc<tvm::tir::PrimFunc (tvm::tir::PrimFunc, tvm::IRModule, tvm::transform::PassContext)>::AssignTypedLambda<tvm::tir::transform::LowerThreadAllreduce()::{lambda(tvm::tir::PrimFunc, tvm::IRModule, tvm::transform::PassContext)#1}>(tvm::tir::transform::LowerThreadAllreduce()::{lambda(tvm::tir::PrimFunc, tvm::IRModule, tvm::transform::PassContext)#1})::{lambda(tvm::runtime::TVMArgs const&, tvm::runtime::TVMRetValue*)#1}::operator()(tvm::runtime::TVMArgs const, tvm::runtime::TVMRetValue) const
  33: tvm::tir::StmtFunctor<tvm::tir::Stmt (tvm::tir::Stmt const&)>::VisitStmt(tvm::tir::Stmt const&)
  32: _ZZN3tvm3tir11StmtFunctorI
  31: tvm::tir::ThreadAllreduceBuilder::VisitStmt_(tvm::tir::AttrStmtNode const*)
  30: tvm::tir::StmtMutator::VisitStmt(tvm::tir::Stmt const&)
  29: tvm::tir::StmtFunctor<tvm::tir::Stmt (tvm::tir::Stmt const&)>::VisitStmt(tvm::tir::Stmt const&)
  28: _ZZN3tvm3tir11StmtFunctorI
  27: tvm::tir::ThreadAllreduceBuilder::VisitStmt_(tvm::tir::AllocateNode const*)
  26: tvm::tir::StmtMutator::VisitStmt(tvm::tir::Stmt const&)
  25: tvm::tir::StmtFunctor<tvm::tir::Stmt (tvm::tir::Stmt const&)>::VisitStmt(tvm::tir::Stmt const&)
  24: _ZZN3tvm3tir11StmtFunctorI
  23: tvm::tir::ThreadAllreduceBuilder::VisitStmt_(tvm::tir::AllocateNode const*)
  22: tvm::tir::StmtMutator::VisitStmt(tvm::tir::Stmt const&)
  21: tvm::tir::StmtFunctor<tvm::tir::Stmt (tvm::tir::Stmt const&)>::VisitStmt(tvm::tir::Stmt const&)
  20: _ZZN3tvm3tir11StmtFunctorI
  19: tvm::tir::ThreadAllreduceBuilder::VisitStmt_(tvm::tir::AllocateNode const*)
  18: tvm::tir::StmtMutator::VisitStmt(tvm::tir::Stmt const&)
  17: tvm::tir::StmtFunctor<tvm::tir::Stmt (tvm::tir::Stmt const&)>::VisitStmt(tvm::tir::Stmt const&)
  16: _ZZN3tvm3tir11StmtFunctorI
  15: tvm::tir::ThreadAllreduceBuilder::VisitStmt_(tvm::tir::AttrStmtNode const*)
  14: tvm::tir::StmtMutator::VisitStmt(tvm::tir::Stmt const&)
  13: tvm::tir::StmtFunctor<tvm::tir::Stmt (tvm::tir::Stmt const&)>::VisitStmt(tvm::tir::Stmt const&)
  12: _ZZN3tvm3tir11StmtFunctorIFNS
  11: tvm::runtime::Array<tvm::tir::Stmt, std::enable_if<std::is_base_of<tvm::runtime::ObjectRef, tvm::tir::StmtMutator::Internal::Mutate(tvm::tir::StmtMutator*, tvm::runtime::Array<tvm::tir::Stmt, void> const&)::{lambda(tvm::tir::Stmt const&)#1}>::value, void>::type> tvm::tir::StmtMutator::Internal::MutateArray<tvm::tir::Stmt, tvm::tir::StmtMutator::Internal::Mutate(tvm::tir::StmtMutator*, tvm::runtime::Array<tvm::tir::Stmt, void> const&)::{lambda(tvm::tir::Stmt const&)#1}>(tvm::tir::StmtMutator*, std::enable_if<std::is_base_of<tvm::runtime::ObjectRef, tvm::tir::StmtMutator::Internal::Mutate(tvm::tir::StmtMutator*, tvm::runtime::Array<tvm::tir::Stmt, void> const&)::{lambda(tvm::tir::Stmt const&)#1}>::value, void>::type const&, tvm::tir::StmtMutator::Internal::Mutate(tvm::tir::StmtMutator*, tvm::runtime::Array<tvm::tir::Stmt, void> const&)::{lambda(tvm::tir::Stmt const&)#1})
  10: tvm::runtime::ObjectPtr<tvm::runtime::Object> tvm::runtime::Array<tvm::tir::Stmt, void>::MapHelper<tvm::tir::StmtMutator::Internal::Mutate(tvm::tir::StmtMutator*, tvm::runtime::Array<tvm::tir::Stmt, void> const&)::{lambda(tvm::tir::Stmt const&)#1}, tvm::tir::Stmt>(tvm::runtime::Object, tvm::tir::StmtMutator::Internal::Mutate(tvm::tir::StmtMutator*, tvm::runtime::Array<tvm::tir::Stmt, void> const&)::{lambda(tvm::tir::Stmt const&)#1})
  9: tvm::tir::StmtMutator::VisitStmt(tvm::tir::Stmt const&)
  8: tvm::tir::StmtFunctor<tvm::tir::Stmt (tvm::tir::Stmt const&)>::VisitStmt(tvm::tir::Stmt const&)
  7: _ZZN3tvm3tir11StmtFunctorI
  6: tvm::tir::ThreadAllreduceBuilder::VisitStmt_(tvm::tir::AttrStmtNode const*)
  5: tvm::tir::StmtMutator::VisitStmt(tvm::tir::Stmt const&)
  4: tvm::tir::StmtFunctor<tvm::tir::Stmt (tvm::tir::Stmt const&)>::VisitStmt(tvm::tir::Stmt const&)
  3: _ZZN3tvm3tir11StmtFunctorIFNS
  2: tvm::tir::ThreadAllreduceBuilder::VisitStmt_(tvm::tir::EvaluateNode const*)
  1: tvm::tir::ThreadAllreduceBuilder::MakeAllreduce(tvm::tir::CallNode const*)
  0: _ZN3tvm7runtime6deta
  File "/mnt/home/gverma/ceph/opt/tvm/src/tir/transforms/lower_thread_allreduce.cc", line 383
InternalError: Check failed: (!load_remap_.count(buffers[i]->data.get())) is false: 

# from tvm.script import ir as I
# from tvm.script import tir as T

@I.ir_module
class Module:
    @T.prim_func
    def main(p0: T.Buffer((T.int64(1), T.int64(256), T.int64(28), T.int64(28)), "float32"), pool_avg: T.Buffer((T.int64(1), T.int64(256), T.int64(14), T.int64(14)), "float32")):
        T.func_attr({"tir.noalias": T.bool(True)})
        # with T.block("root"):
        pool_sum_shared = T.alloc_buffer((T.int64(1), T.int64(256), T.int64(14), T.int64(14)), scope="shared")
        for ax0_ax1_ax2_ax3_0_fused in T.thread_binding(T.int64(3584), thread="blockIdx.x", annotations={"pragma_auto_unroll_max_step": 64, "pragma_unroll_explicit": 1}):
            for ax0, ax1, ax2, ax3, ax4_ax5_fused_0 in T.grid(T.int64(1), T.int64(1), T.int64(1), T.int64(14), T.int64(1)):
                for ax4_ax5_fused_1 in T.thread_binding(T.int64(16), thread="threadIdx.x"):
                    with T.block("pool_sum"):
                        v_ax0 = T.axis.spatial(T.int64(1), ax0)
                        v_ax1 = T.axis.spatial(T.int64(256), ax0_ax1_ax2_ax3_0_fused // T.int64(14) + ax1)
                        v_ax2 = T.axis.spatial(T.int64(14), ax0_ax1_ax2_ax3_0_fused % T.int64(14) + ax2)
                        v_ax3 = T.axis.spatial(T.int64(14), ax3)
                        v_rv0 = T.axis.reduce(T.int64(2), (ax4_ax5_fused_0 * T.int64(16) + ax4_ax5_fused_1) // T.int64(2))
                        v_rv1 = T.axis.reduce(T.int64(2), (ax4_ax5_fused_0 * T.int64(16) + ax4_ax5_fused_1) % T.int64(2))
                        T.where(ax4_ax5_fused_0 * T.int64(16) + ax4_ax5_fused_1 < T.int64(4))
                        T.reads(p0[v_ax0, v_ax1, v_ax2 * T.int64(2) + v_rv0, v_ax3 * T.int64(2) + v_rv1])
                        T.writes(pool_sum_shared[v_ax0, v_ax1, v_ax2, v_ax3])
                        with T.init():
                            pool_sum_shared[v_ax0, v_ax1, v_ax2, v_ax3] = T.float32(0)
                        pool_sum_shared[v_ax0, v_ax1, v_ax2, v_ax3] = pool_sum_shared[v_ax0, v_ax1, v_ax2, v_ax3] + p0[v_ax0, v_ax1, v_ax2 * T.int64(2) + v_rv0, v_ax3 * T.int64(2) + v_rv1]
            for ax3_1 in T.thread_binding(T.int64(16), thread="threadIdx.x"):
                with T.block("pool_avg"):
                    v_ax0 = T.axis.spatial(T.int64(1), T.int64(0))
                    v_ax1 = T.axis.spatial(T.int64(256), ax0_ax1_ax2_ax3_0_fused // T.int64(14))
                    v_ax2 = T.axis.spatial(T.int64(14), ax0_ax1_ax2_ax3_0_fused % T.int64(14))
                    v_ax3 = T.axis.spatial(T.int64(14), ax3_1)
                    T.where(T.Mul(T.int64(0), T.int64(16)) + ax3_1 < T.int64(14))
                    T.reads(pool_sum_shared[v_ax0, v_ax1, v_ax2, v_ax3])
                    T.writes(pool_avg[v_ax0, v_ax1, v_ax2, v_ax3])
                    pool_avg[v_ax0, v_ax1, v_ax2, v_ax3] = pool_sum_shared[v_ax0, v_ax1, v_ax2, v_ax3] / T.Cast("float32", T.max((T.min(v_ax2, T.int64(0)) * T.int64(2) + T.min(v_ax2 * T.int64(2) + T.int64(1), T.int64(27)) + T.int64(1) - v_ax2 * T.int64(2)) * (T.min(v_ax3, T.int64(0)) * T.int64(2) + T.min(v_ax3 * T.int64(2) + T.int64(1), T.int64(27)) + T.int64(1) - v_ax3 * T.int64(2)), T.int64(1)))
b0 = sch.get_block(name="pool_sum", func_name="main")
b1 = sch.get_block(name="pool_avg", func_name="main")
b2 = sch.get_block(name="root", func_name="main")
sch.unannotate(block_or_loop=b1, ann_key="schedule_rule")
b3, = sch.get_consumers(block=b0)
l4, l5, l6, l7 = sch.get_loops(block=b3)
v8 = sch.sample_categorical(candidates=[4, 8, 16, 32, 64, 128, 256, 512], probs=[0.125, 0.125, 0.125, 0.125, 0.125, 0.125, 0.125, 0.125], decision=2)
l9, l10 = sch.split(loop=l7, factors=[None, v8], preserve_unit_iters=True)
sch.bind(loop=l10, thread_axis="threadIdx.x")
sch.compute_at(block=b0, loop=l9, preserve_unit_loops=True, index=-1)
sch.set_scope(block=b0, buffer_index=0, storage_scope="shared")
l11, l12, l13, l14, l15, l16, l17, l18, l19, l20 = sch.get_loops(block=b0)
l21 = sch.fuse(l19, l20, preserve_unit_iters=True)
l22, l23 = sch.split(loop=l21, factors=[None, v8], preserve_unit_iters=True)
sch.bind(loop=l23, thread_axis="threadIdx.x")
v24 = sch.sample_categorical(candidates=[0, 16, 64, 512, 1024], probs=[0.20000000000000001, 0.20000000000000001, 0.20000000000000001, 0.20000000000000001, 0.20000000000000001], decision=2)
sch.annotate(block_or_loop=b2, ann_key="meta_schedule.unroll_explicit", ann_val=v24)
l25, l26, l27, l28, l29 = sch.get_loops(block=b1)
l30 = sch.fuse(l25, l26, l27, l28, preserve_unit_iters=True)
sch.bind(loop=l30, thread_axis="blockIdx.x")
sch.enter_postproc()
b31 = sch.get_block(name="root", func_name="main")
sch.unannotate(block_or_loop=b31, ann_key="meta_schedule.unroll_explicit")
b32, b33 = sch.get_child_blocks(b31)
l34, l35, l36, l37, l38, l39, l40 = sch.get_loops(block=b32)
sch.annotate(block_or_loop=l34, ann_key="pragma_auto_unroll_max_step", ann_val=64)
sch.annotate(block_or_loop=l34, ann_key="pragma_unroll_explicit", ann_val=1)
l41, l42 = sch.get_loops(block=b33)
2024-04-29 14:09:45 [INFO] [task_scheduler.cc:131] [Task #177: fused_nn_avg_pool2d_1] Trial #2: GFLOPs: 175.7056. Time: 7.1392 us. Best GFLOPs: 175.7056
2024-04-29 14:09:45 [INFO] [task_scheduler.cc:131] [Task #177: fused_nn_avg_pool2d_1] Trial #3: GFLOPs: 220.9516. Time: 5.6773 us. Best GFLOPs: 220.9516
2024-04-29 14:09:45 [INFO] [task_scheduler.cc:131] [Task #177: fused_nn_avg_pool2d_1] Trial #4: GFLOPs: 183.8395. Time: 6.8233 us. Best GFLOPs: 220.9516
2024-04-29 14:09:45 [INFO] [task_scheduler.cc:131] [Task #177: fused_nn_avg_pool2d_1] Trial #5: GFLOPs: 220.9135. Time: 5.6782 us. Best GFLOPs: 220.9516
2024-04-29 14:09:45 [INFO] [task_scheduler.cc:131] [Task #177: fused_nn_avg_pool2d_1] Trial #6: GFLOPs: 209.9365. Time: 5.9751 us. Best GFLOPs: 220.9516
2024-04-29 14:09:45 [INFO] [task_scheduler.cc:131] [Task #177: fused_nn_avg_pool2d_1] Trial #7: GFLOPs: 209.8862. Time: 5.9766 us. Best GFLOPs: 220.9516
2024-04-29 14:09:45 [INFO] [task_scheduler.cc:131] [Task #177: fused_nn_avg_pool2d_1] Trial #8: GFLOPs: 209.9166. Time: 5.9757 us. Best GFLOPs: 220.9516
2024-04-29 14:09:45 [INFO] [task_scheduler.cc:131] [Task #177: fused_nn_avg_pool2d_1] Trial #9: GFLOPs: 185.5326. Time: 6.7611 us. Best GFLOPs: 220.9516
2024-04-29 14:09:45 [INFO] [task_scheduler.cc:131] [Task #177: fused_nn_avg_pool2d_1] Trial #10: GFLOPs: 209.8850. Time: 5.9766 us. Best GFLOPs: 220.9516
2024-04-29 14:09:45 [INFO] [task_scheduler.cc:131] [Task #177: fused_nn_avg_pool2d_1] Trial #11: GFLOPs: 215.0346. Time: 5.8335 us. Best GFLOPs: 220.9516
2024-04-29 14:09:45 [INFO] [task_scheduler.cc:131] [Task #177: fused_nn_avg_pool2d_1] Trial #12: GFLOPs: 166.1197. Time: 7.5512 us. Best GFLOPs: 220.9516
2024-04-29 14:09:45 [INFO] [task_scheduler.cc:131] [Task #177: fused_nn_avg_pool2d_1] Trial #13: GFLOPs: 178.5236. Time: 7.0265 us. Best GFLOPs: 220.9516
2024-04-29 14:09:45 [INFO] [task_scheduler.cc:131] [Task #177: fused_nn_avg_pool2d_1] Trial #14: GFLOPs: 185.7070. Time: 6.7547 us. Best GFLOPs: 220.9516
2024-04-29 14:09:45 [INFO] [task_scheduler.cc:121] [Task #177: fused_nn_avg_pool2d_1] Trial #15: Error in building:
LocalBuilder: An exception occurred
Traceback (most recent call last):
  File "/mnt/home/gverma/ceph/opt/tvm/python/tvm/exec/popen_worker.py", line 87, in main
    result = fn(*args, **kwargs)
  File "/mnt/home/gverma/ceph/opt/tvm/python/tvm/meta_schedule/builder/local_builder.py", line 165, in <lambda>
    lambda x: _worker_func(*x),
  File "/mnt/home/gverma/ceph/opt/tvm/python/tvm/meta_schedule/builder/local_builder.py", line 231, in _worker_func
    rt_mod: Module = f_build(mod, target, _deserialize_params(params))
  File "/mnt/home/gverma/ceph/opt/tvm/python/tvm/_ffi/_ctypes/packed_func.py", line 239, in __call__
    raise_last_ffi_error()
  File "/mnt/home/gverma/ceph/opt/tvm/python/tvm/_ffi/base.py", line 481, in raise_last_ffi_error
    raise py_err
  File "Objects/call.c", line 200, in PyVectorcall_Call
  File "Python/ceval.c", line 4963, in call_function
  File "/mnt/home/gverma/ceph/opt/tvm/python/tvm/meta_schedule/builder/local_builder.py", line 261, in default_build
    return tvm_build(mod, target=target)
  File "/mnt/home/gverma/ceph/opt/tvm/python/tvm/driver/build_module.py", line 281, in build
    rt_mod_host = _driver_ffi.tir_to_runtime(annotated_mods, target_host)
  File "/mnt/home/gverma/ceph/opt/tvm/python/tvm/_ffi/_ctypes/packed_func.py", line 239, in __call__
    raise_last_ffi_error()
  File "/mnt/home/gverma/ceph/opt/tvm/python/tvm/_ffi/base.py", line 481, in raise_last_ffi_error
    raise py_err
tvm.error.InternalError: Traceback (most recent call last):
  44: tvm::runtime::PackedFuncObj::Extractor<tvm::runtime::PackedFuncSubObj<tvm::runtime::TypedPackedFunc<tvm::runtime::Module (tvm::runtime::Map<tvm::Target, tvm::IRModule, void, void> const&, tvm::Target)>::AssignTypedLambda<tvm::__mk_TVM22::{lambda(tvm::runtime::Map<tvm::Target, tvm::IRModule, void, void> const&, tvm::Target)#1}>(tvm::__mk_TVM22::{lambda(tvm::runtime::Map<tvm::Target, tvm::IRModule, void, void> const&, tvm::Target)#1}, std::__cxx11::basic_string<char, std::char_traits<char>, std::allocator<char> >)::{lambda(tvm::runtime::TVMArgs const&, tvm::runtime::TVMRetValue*)#1}> >::Call(tvm::runtime::PackedFuncObj const*, std::allocator<char>, tvm::runtime::TVMArgs const&)
  43: tvm::TIRToRuntime(tvm::runtime::Map<tvm::Target, tvm::IRModule, void, void> const&, tvm::Target const&)
  42: tvm::SplitMixedModule(tvm::IRModule, tvm::Target const&, tvm::Target const&)
  41: tvm::ApplyPasses(tvm::IRModule, tvm::transform::Sequential)
  40: tvm::transform::Pass::operator()(tvm::IRModule) const
  39: tvm::transform::Pass::operator()(tvm::IRModule, tvm::transform::PassContext const&) const
  38: tvm::transform::SequentialNode::operator()(tvm::IRModule, tvm::transform::PassContext const&) const
  37: tvm::transform::Pass::operator()(tvm::IRModule, tvm::transform::PassContext const&) const
  36: tvm::tir::transform::PrimFuncPassNode::operator()(tvm::IRModule, tvm::transform::PassContext const&) const
  35: _ZN3tvm7runtime13PackedFun
  34: tvm::runtime::TypedPackedFunc<tvm::tir::PrimFunc (tvm::tir::PrimFunc, tvm::IRModule, tvm::transform::PassContext)>::AssignTypedLambda<tvm::tir::transform::LowerThreadAllreduce()::{lambda(tvm::tir::PrimFunc, tvm::IRModule, tvm::transform::PassContext)#1}>(tvm::tir::transform::LowerThreadAllreduce()::{lambda(tvm::tir::PrimFunc, tvm::IRModule, tvm::transform::PassContext)#1})::{lambda(tvm::runtime::TVMArgs const&, tvm::runtime::TVMRetValue*)#1}::operator()(tvm::runtime::TVMArgs const, tvm::runtime::TVMRetValue) const
  33: tvm::tir::StmtFunctor<tvm::tir::Stmt (tvm::tir::Stmt const&)>::VisitStmt(tvm::tir::Stmt const&)
  32: _ZZN3tvm3tir11StmtFunctorI
  31: tvm::tir::ThreadAllreduceBuilder::VisitStmt_(tvm::tir::AttrStmtNode const*)
  30: tvm::tir::StmtMutator::VisitStmt(tvm::tir::Stmt const&)
  29: tvm::tir::StmtFunctor<tvm::tir::Stmt (tvm::tir::Stmt const&)>::VisitStmt(tvm::tir::Stmt const&)
  28: _ZZN3tvm3tir11StmtFunctorI
  27: tvm::tir::ThreadAllreduceBuilder::VisitStmt_(tvm::tir::AllocateNode const*)
  26: tvm::tir::StmtMutator::VisitStmt(tvm::tir::Stmt const&)
  25: tvm::tir::StmtFunctor<tvm::tir::Stmt (tvm::tir::Stmt const&)>::VisitStmt(tvm::tir::Stmt const&)
  24: _ZZN3tvm3tir11StmtFunctorI
  23: tvm::tir::ThreadAllreduceBuilder::VisitStmt_(tvm::tir::AllocateNode const*)
  22: tvm::tir::StmtMutator::VisitStmt(tvm::tir::Stmt const&)
  21: tvm::tir::StmtFunctor<tvm::tir::Stmt (tvm::tir::Stmt const&)>::VisitStmt(tvm::tir::Stmt const&)
  20: _ZZN3tvm3tir11StmtFunctorI
  19: tvm::tir::ThreadAllreduceBuilder::VisitStmt_(tvm::tir::AllocateNode const*)
  18: tvm::tir::StmtMutator::VisitStmt(tvm::tir::Stmt const&)
  17: tvm::tir::StmtFunctor<tvm::tir::Stmt (tvm::tir::Stmt const&)>::VisitStmt(tvm::tir::Stmt const&)
  16: _ZZN3tvm3tir11StmtFunctorI
  15: tvm::tir::ThreadAllreduceBuilder::VisitStmt_(tvm::tir::AttrStmtNode const*)
  14: tvm::tir::StmtMutator::VisitStmt(tvm::tir::Stmt const&)
  13: tvm::tir::StmtFunctor<tvm::tir::Stmt (tvm::tir::Stmt const&)>::VisitStmt(tvm::tir::Stmt const&)
  12: _ZZN3tvm3tir11StmtFunctorIFNS
  11: tvm::runtime::Array<tvm::tir::Stmt, std::enable_if<std::is_base_of<tvm::runtime::ObjectRef, tvm::tir::StmtMutator::Internal::Mutate(tvm::tir::StmtMutator*, tvm::runtime::Array<tvm::tir::Stmt, void> const&)::{lambda(tvm::tir::Stmt const&)#1}>::value, void>::type> tvm::tir::StmtMutator::Internal::MutateArray<tvm::tir::Stmt, tvm::tir::StmtMutator::Internal::Mutate(tvm::tir::StmtMutator*, tvm::runtime::Array<tvm::tir::Stmt, void> const&)::{lambda(tvm::tir::Stmt const&)#1}>(tvm::tir::StmtMutator*, std::enable_if<std::is_base_of<tvm::runtime::ObjectRef, tvm::tir::StmtMutator::Internal::Mutate(tvm::tir::StmtMutator*, tvm::runtime::Array<tvm::tir::Stmt, void> const&)::{lambda(tvm::tir::Stmt const&)#1}>::value, void>::type const&, tvm::tir::StmtMutator::Internal::Mutate(tvm::tir::StmtMutator*, tvm::runtime::Array<tvm::tir::Stmt, void> const&)::{lambda(tvm::tir::Stmt const&)#1})
  10: tvm::runtime::ObjectPtr<tvm::runtime::Object> tvm::runtime::Array<tvm::tir::Stmt, void>::MapHelper<tvm::tir::StmtMutator::Internal::Mutate(tvm::tir::StmtMutator*, tvm::runtime::Array<tvm::tir::Stmt, void> const&)::{lambda(tvm::tir::Stmt const&)#1}, tvm::tir::Stmt>(tvm::runtime::Object, tvm::tir::StmtMutator::Internal::Mutate(tvm::tir::StmtMutator*, tvm::runtime::Array<tvm::tir::Stmt, void> const&)::{lambda(tvm::tir::Stmt const&)#1})
  9: tvm::tir::StmtMutator::VisitStmt(tvm::tir::Stmt const&)
  8: tvm::tir::StmtFunctor<tvm::tir::Stmt (tvm::tir::Stmt const&)>::VisitStmt(tvm::tir::Stmt const&)
  7: _ZZN3tvm3tir11StmtFunctorI
  6: tvm::tir::ThreadAllreduceBuilder::VisitStmt_(tvm::tir::AttrStmtNode const*)
  5: tvm::tir::StmtMutator::VisitStmt(tvm::tir::Stmt const&)
  4: tvm::tir::StmtFunctor<tvm::tir::Stmt (tvm::tir::Stmt const&)>::VisitStmt(tvm::tir::Stmt const&)
  3: _ZZN3tvm3tir11StmtFunctorIFNS
  2: tvm::tir::ThreadAllreduceBuilder::VisitStmt_(tvm::tir::EvaluateNode const*)
  1: tvm::tir::ThreadAllreduceBuilder::MakeAllreduce(tvm::tir::CallNode const*)
  0: _ZN3tvm7runtime6deta
  File "/mnt/home/gverma/ceph/opt/tvm/src/tir/transforms/lower_thread_allreduce.cc", line 383
InternalError: Check failed: (!load_remap_.count(buffers[i]->data.get())) is false: 

# from tvm.script import ir as I
# from tvm.script import tir as T

@I.ir_module
class Module:
    @T.prim_func
    def main(p0: T.Buffer((T.int64(1), T.int64(256), T.int64(28), T.int64(28)), "float32"), pool_avg: T.Buffer((T.int64(1), T.int64(256), T.int64(14), T.int64(14)), "float32")):
        T.func_attr({"tir.noalias": T.bool(True)})
        # with T.block("root"):
        pool_sum_shared = T.alloc_buffer((T.int64(1), T.int64(256), T.int64(14), T.int64(14)), scope="shared")
        for ax0_ax1_ax2_ax3_0_fused in T.thread_binding(T.int64(3584), thread="blockIdx.x", annotations={"pragma_auto_unroll_max_step": 512, "pragma_unroll_explicit": 1}):
            for ax0, ax1, ax2, ax3, ax4_ax5_fused_0 in T.grid(T.int64(1), T.int64(1), T.int64(1), T.int64(14), T.int64(1)):
                for ax4_ax5_fused_1 in T.thread_binding(T.int64(256), thread="threadIdx.x"):
                    with T.block("pool_sum"):
                        v_ax0 = T.axis.spatial(T.int64(1), ax0)
                        v_ax1 = T.axis.spatial(T.int64(256), ax0_ax1_ax2_ax3_0_fused // T.int64(14) + ax1)
                        v_ax2 = T.axis.spatial(T.int64(14), ax0_ax1_ax2_ax3_0_fused % T.int64(14) + ax2)
                        v_ax3 = T.axis.spatial(T.int64(14), ax3)
                        v_rv0 = T.axis.reduce(T.int64(2), (ax4_ax5_fused_0 * T.int64(256) + ax4_ax5_fused_1) // T.int64(2))
                        v_rv1 = T.axis.reduce(T.int64(2), (ax4_ax5_fused_0 * T.int64(256) + ax4_ax5_fused_1) % T.int64(2))
                        T.where(ax4_ax5_fused_0 * T.int64(256) + ax4_ax5_fused_1 < T.int64(4))
                        T.reads(p0[v_ax0, v_ax1, v_ax2 * T.int64(2) + v_rv0, v_ax3 * T.int64(2) + v_rv1])
                        T.writes(pool_sum_shared[v_ax0, v_ax1, v_ax2, v_ax3])
                        with T.init():
                            pool_sum_shared[v_ax0, v_ax1, v_ax2, v_ax3] = T.float32(0)
                        pool_sum_shared[v_ax0, v_ax1, v_ax2, v_ax3] = pool_sum_shared[v_ax0, v_ax1, v_ax2, v_ax3] + p0[v_ax0, v_ax1, v_ax2 * T.int64(2) + v_rv0, v_ax3 * T.int64(2) + v_rv1]
            for ax3_1 in T.thread_binding(T.int64(256), thread="threadIdx.x"):
                with T.block("pool_avg"):
                    v_ax0 = T.axis.spatial(T.int64(1), T.int64(0))
                    v_ax1 = T.axis.spatial(T.int64(256), ax0_ax1_ax2_ax3_0_fused // T.int64(14))
                    v_ax2 = T.axis.spatial(T.int64(14), ax0_ax1_ax2_ax3_0_fused % T.int64(14))
                    v_ax3 = T.axis.spatial(T.int64(14), ax3_1)
                    T.where(T.Mul(T.int64(0), T.int64(256)) + ax3_1 < T.int64(14))
                    T.reads(pool_sum_shared[v_ax0, v_ax1, v_ax2, v_ax3])
                    T.writes(pool_avg[v_ax0, v_ax1, v_ax2, v_ax3])
                    pool_avg[v_ax0, v_ax1, v_ax2, v_ax3] = pool_sum_shared[v_ax0, v_ax1, v_ax2, v_ax3] / T.Cast("float32", T.max((T.min(v_ax2, T.int64(0)) * T.int64(2) + T.min(v_ax2 * T.int64(2) + T.int64(1), T.int64(27)) + T.int64(1) - v_ax2 * T.int64(2)) * (T.min(v_ax3, T.int64(0)) * T.int64(2) + T.min(v_ax3 * T.int64(2) + T.int64(1), T.int64(27)) + T.int64(1) - v_ax3 * T.int64(2)), T.int64(1)))
b0 = sch.get_block(name="pool_sum", func_name="main")
b1 = sch.get_block(name="pool_avg", func_name="main")
b2 = sch.get_block(name="root", func_name="main")
sch.unannotate(block_or_loop=b1, ann_key="schedule_rule")
b3, = sch.get_consumers(block=b0)
l4, l5, l6, l7 = sch.get_loops(block=b3)
v8 = sch.sample_categorical(candidates=[4, 8, 16, 32, 64, 128, 256, 512], probs=[0.125, 0.125, 0.125, 0.125, 0.125, 0.125, 0.125, 0.125], decision=6)
l9, l10 = sch.split(loop=l7, factors=[None, v8], preserve_unit_iters=True)
sch.bind(loop=l10, thread_axis="threadIdx.x")
sch.compute_at(block=b0, loop=l9, preserve_unit_loops=True, index=-1)
sch.set_scope(block=b0, buffer_index=0, storage_scope="shared")
l11, l12, l13, l14, l15, l16, l17, l18, l19, l20 = sch.get_loops(block=b0)
l21 = sch.fuse(l19, l20, preserve_unit_iters=True)
l22, l23 = sch.split(loop=l21, factors=[None, v8], preserve_unit_iters=True)
sch.bind(loop=l23, thread_axis="threadIdx.x")
v24 = sch.sample_categorical(candidates=[0, 16, 64, 512, 1024], probs=[0.20000000000000001, 0.20000000000000001, 0.20000000000000001, 0.20000000000000001, 0.20000000000000001], decision=3)
sch.annotate(block_or_loop=b2, ann_key="meta_schedule.unroll_explicit", ann_val=v24)
l25, l26, l27, l28, l29 = sch.get_loops(block=b1)
l30 = sch.fuse(l25, l26, l27, l28, preserve_unit_iters=True)
sch.bind(loop=l30, thread_axis="blockIdx.x")
sch.enter_postproc()
b31 = sch.get_block(name="root", func_name="main")
sch.unannotate(block_or_loop=b31, ann_key="meta_schedule.unroll_explicit")
b32, b33 = sch.get_child_blocks(b31)
l34, l35, l36, l37, l38, l39, l40 = sch.get_loops(block=b32)
sch.annotate(block_or_loop=l34, ann_key="pragma_auto_unroll_max_step", ann_val=512)
sch.annotate(block_or_loop=l34, ann_key="pragma_unroll_explicit", ann_val=1)
l41, l42 = sch.get_loops(block=b33)
2024-04-29 14:09:45 [INFO] [task_scheduler.cc:131] [Task #177: fused_nn_avg_pool2d_1] Trial #16: GFLOPs: 189.7002. Time: 6.6125 us. Best GFLOPs: 220.9516
2024-04-29 14:09:46 [INFO] [task_scheduler.cc:131] [Task #177: fused_nn_avg_pool2d_1] Trial #17: GFLOPs: 204.9422. Time: 6.1208 us. Best GFLOPs: 220.9516
2024-04-29 14:09:46 [INFO] [task_scheduler.cc:131] [Task #177: fused_nn_avg_pool2d_1] Trial #18: GFLOPs: 203.8526. Time: 6.1535 us. Best GFLOPs: 220.9516
2024-04-29 14:09:46 [INFO] [task_scheduler.cc:121] [Task #177: fused_nn_avg_pool2d_1] Trial #19: Error in building:
LocalBuilder: An exception occurred
Traceback (most recent call last):
  File "/mnt/home/gverma/ceph/opt/tvm/python/tvm/exec/popen_worker.py", line 87, in main
    result = fn(*args, **kwargs)
  File "/mnt/home/gverma/ceph/opt/tvm/python/tvm/meta_schedule/builder/local_builder.py", line 165, in <lambda>
    lambda x: _worker_func(*x),
  File "/mnt/home/gverma/ceph/opt/tvm/python/tvm/meta_schedule/builder/local_builder.py", line 231, in _worker_func
    rt_mod: Module = f_build(mod, target, _deserialize_params(params))
  File "/mnt/home/gverma/ceph/opt/tvm/python/tvm/_ffi/_ctypes/packed_func.py", line 239, in __call__
    raise_last_ffi_error()
  File "/mnt/home/gverma/ceph/opt/tvm/python/tvm/_ffi/base.py", line 481, in raise_last_ffi_error
    raise py_err
  File "Objects/call.c", line 200, in PyVectorcall_Call
  File "Python/ceval.c", line 4963, in call_function
  File "/mnt/home/gverma/ceph/opt/tvm/python/tvm/meta_schedule/builder/local_builder.py", line 261, in default_build
    return tvm_build(mod, target=target)
  File "/mnt/home/gverma/ceph/opt/tvm/python/tvm/driver/build_module.py", line 281, in build
    rt_mod_host = _driver_ffi.tir_to_runtime(annotated_mods, target_host)
  File "/mnt/home/gverma/ceph/opt/tvm/python/tvm/_ffi/_ctypes/packed_func.py", line 239, in __call__
    raise_last_ffi_error()
  File "/mnt/home/gverma/ceph/opt/tvm/python/tvm/_ffi/base.py", line 481, in raise_last_ffi_error
    raise py_err
tvm.error.InternalError: Traceback (most recent call last):
  44: tvm::runtime::PackedFuncObj::Extractor<tvm::runtime::PackedFuncSubObj<tvm::runtime::TypedPackedFunc<tvm::runtime::Module (tvm::runtime::Map<tvm::Target, tvm::IRModule, void, void> const&, tvm::Target)>::AssignTypedLambda<tvm::__mk_TVM22::{lambda(tvm::runtime::Map<tvm::Target, tvm::IRModule, void, void> const&, tvm::Target)#1}>(tvm::__mk_TVM22::{lambda(tvm::runtime::Map<tvm::Target, tvm::IRModule, void, void> const&, tvm::Target)#1}, std::__cxx11::basic_string<char, std::char_traits<char>, std::allocator<char> >)::{lambda(tvm::runtime::TVMArgs const&, tvm::runtime::TVMRetValue*)#1}> >::Call(tvm::runtime::PackedFuncObj const*, std::allocator<char>, tvm::runtime::TVMArgs const&)
  43: tvm::TIRToRuntime(tvm::runtime::Map<tvm::Target, tvm::IRModule, void, void> const&, tvm::Target const&)
  42: tvm::SplitMixedModule(tvm::IRModule, tvm::Target const&, tvm::Target const&)
  41: tvm::ApplyPasses(tvm::IRModule, tvm::transform::Sequential)
  40: tvm::transform::Pass::operator()(tvm::IRModule) const
  39: tvm::transform::Pass::operator()(tvm::IRModule, tvm::transform::PassContext const&) const
  38: tvm::transform::SequentialNode::operator()(tvm::IRModule, tvm::transform::PassContext const&) const
  37: tvm::transform::Pass::operator()(tvm::IRModule, tvm::transform::PassContext const&) const
  36: tvm::tir::transform::PrimFuncPassNode::operator()(tvm::IRModule, tvm::transform::PassContext const&) const
  35: _ZN3tvm7runtime13PackedFun
  34: tvm::runtime::TypedPackedFunc<tvm::tir::PrimFunc (tvm::tir::PrimFunc, tvm::IRModule, tvm::transform::PassContext)>::AssignTypedLambda<tvm::tir::transform::LowerThreadAllreduce()::{lambda(tvm::tir::PrimFunc, tvm::IRModule, tvm::transform::PassContext)#1}>(tvm::tir::transform::LowerThreadAllreduce()::{lambda(tvm::tir::PrimFunc, tvm::IRModule, tvm::transform::PassContext)#1})::{lambda(tvm::runtime::TVMArgs const&, tvm::runtime::TVMRetValue*)#1}::operator()(tvm::runtime::TVMArgs const, tvm::runtime::TVMRetValue) const
  33: tvm::tir::StmtFunctor<tvm::tir::Stmt (tvm::tir::Stmt const&)>::VisitStmt(tvm::tir::Stmt const&)
  32: _ZZN3tvm3tir11StmtFunctorI
  31: tvm::tir::ThreadAllreduceBuilder::VisitStmt_(tvm::tir::AttrStmtNode const*)
  30: tvm::tir::StmtMutator::VisitStmt(tvm::tir::Stmt const&)
  29: tvm::tir::StmtFunctor<tvm::tir::Stmt (tvm::tir::Stmt const&)>::VisitStmt(tvm::tir::Stmt const&)
  28: _ZZN3tvm3tir11StmtFunctorI
  27: tvm::tir::ThreadAllreduceBuilder::VisitStmt_(tvm::tir::AllocateNode const*)
  26: tvm::tir::StmtMutator::VisitStmt(tvm::tir::Stmt const&)
  25: tvm::tir::StmtFunctor<tvm::tir::Stmt (tvm::tir::Stmt const&)>::VisitStmt(tvm::tir::Stmt const&)
  24: _ZZN3tvm3tir11StmtFunctorI
  23: tvm::tir::ThreadAllreduceBuilder::VisitStmt_(tvm::tir::AllocateNode const*)
  22: tvm::tir::StmtMutator::VisitStmt(tvm::tir::Stmt const&)
  21: tvm::tir::StmtFunctor<tvm::tir::Stmt (tvm::tir::Stmt const&)>::VisitStmt(tvm::tir::Stmt const&)
  20: _ZZN3tvm3tir11StmtFunctorI
  19: tvm::tir::ThreadAllreduceBuilder::VisitStmt_(tvm::tir::AllocateNode const*)
  18: tvm::tir::StmtMutator::VisitStmt(tvm::tir::Stmt const&)
  17: tvm::tir::StmtFunctor<tvm::tir::Stmt (tvm::tir::Stmt const&)>::VisitStmt(tvm::tir::Stmt const&)
  16: _ZZN3tvm3tir11StmtFunctorI
  15: tvm::tir::ThreadAllreduceBuilder::VisitStmt_(tvm::tir::AttrStmtNode const*)
  14: tvm::tir::StmtMutator::VisitStmt(tvm::tir::Stmt const&)
  13: tvm::tir::StmtFunctor<tvm::tir::Stmt (tvm::tir::Stmt const&)>::VisitStmt(tvm::tir::Stmt const&)
  12: _ZZN3tvm3tir11StmtFunctorIFNS
  11: tvm::runtime::Array<tvm::tir::Stmt, std::enable_if<std::is_base_of<tvm::runtime::ObjectRef, tvm::tir::StmtMutator::Internal::Mutate(tvm::tir::StmtMutator*, tvm::runtime::Array<tvm::tir::Stmt, void> const&)::{lambda(tvm::tir::Stmt const&)#1}>::value, void>::type> tvm::tir::StmtMutator::Internal::MutateArray<tvm::tir::Stmt, tvm::tir::StmtMutator::Internal::Mutate(tvm::tir::StmtMutator*, tvm::runtime::Array<tvm::tir::Stmt, void> const&)::{lambda(tvm::tir::Stmt const&)#1}>(tvm::tir::StmtMutator*, std::enable_if<std::is_base_of<tvm::runtime::ObjectRef, tvm::tir::StmtMutator::Internal::Mutate(tvm::tir::StmtMutator*, tvm::runtime::Array<tvm::tir::Stmt, void> const&)::{lambda(tvm::tir::Stmt const&)#1}>::value, void>::type const&, tvm::tir::StmtMutator::Internal::Mutate(tvm::tir::StmtMutator*, tvm::runtime::Array<tvm::tir::Stmt, void> const&)::{lambda(tvm::tir::Stmt const&)#1})
  10: tvm::runtime::ObjectPtr<tvm::runtime::Object> tvm::runtime::Array<tvm::tir::Stmt, void>::MapHelper<tvm::tir::StmtMutator::Internal::Mutate(tvm::tir::StmtMutator*, tvm::runtime::Array<tvm::tir::Stmt, void> const&)::{lambda(tvm::tir::Stmt const&)#1}, tvm::tir::Stmt>(tvm::runtime::Object, tvm::tir::StmtMutator::Internal::Mutate(tvm::tir::StmtMutator*, tvm::runtime::Array<tvm::tir::Stmt, void> const&)::{lambda(tvm::tir::Stmt const&)#1})
  9: tvm::tir::StmtMutator::VisitStmt(tvm::tir::Stmt const&)
  8: tvm::tir::StmtFunctor<tvm::tir::Stmt (tvm::tir::Stmt const&)>::VisitStmt(tvm::tir::Stmt const&)
  7: _ZZN3tvm3tir11StmtFunctorI
  6: tvm::tir::ThreadAllreduceBuilder::VisitStmt_(tvm::tir::AttrStmtNode const*)
  5: tvm::tir::StmtMutator::VisitStmt(tvm::tir::Stmt const&)
  4: tvm::tir::StmtFunctor<tvm::tir::Stmt (tvm::tir::Stmt const&)>::VisitStmt(tvm::tir::Stmt const&)
  3: _ZZN3tvm3tir11StmtFunctorIFNS
  2: tvm::tir::ThreadAllreduceBuilder::VisitStmt_(tvm::tir::EvaluateNode const*)
  1: tvm::tir::ThreadAllreduceBuilder::MakeAllreduce(tvm::tir::CallNode const*)
  0: _ZN3tvm7runtime6deta
  File "/mnt/home/gverma/ceph/opt/tvm/src/tir/transforms/lower_thread_allreduce.cc", line 383
InternalError: Check failed: (!load_remap_.count(buffers[i]->data.get())) is false: 

# from tvm.script import ir as I
# from tvm.script import tir as T

@I.ir_module
class Module:
    @T.prim_func
    def main(p0: T.Buffer((T.int64(1), T.int64(256), T.int64(28), T.int64(28)), "float32"), pool_avg: T.Buffer((T.int64(1), T.int64(256), T.int64(14), T.int64(14)), "float32")):
        T.func_attr({"tir.noalias": T.bool(True)})
        # with T.block("root"):
        pool_sum_shared = T.alloc_buffer((T.int64(1), T.int64(256), T.int64(14), T.int64(14)), scope="shared")
        for ax0_ax1_ax2_ax3_0_fused in T.thread_binding(T.int64(3584), thread="blockIdx.x", annotations={"pragma_auto_unroll_max_step": 512, "pragma_unroll_explicit": 1}):
            for ax0, ax1, ax2, ax3, ax4_ax5_fused_0 in T.grid(T.int64(1), T.int64(1), T.int64(1), T.int64(14), T.int64(1)):
                for ax4_ax5_fused_1 in T.thread_binding(T.int64(128), thread="threadIdx.x"):
                    with T.block("pool_sum"):
                        v_ax0 = T.axis.spatial(T.int64(1), ax0)
                        v_ax1 = T.axis.spatial(T.int64(256), ax0_ax1_ax2_ax3_0_fused // T.int64(14) + ax1)
                        v_ax2 = T.axis.spatial(T.int64(14), ax0_ax1_ax2_ax3_0_fused % T.int64(14) + ax2)
                        v_ax3 = T.axis.spatial(T.int64(14), ax3)
                        v_rv0 = T.axis.reduce(T.int64(2), (ax4_ax5_fused_0 * T.int64(128) + ax4_ax5_fused_1) // T.int64(2))
                        v_rv1 = T.axis.reduce(T.int64(2), (ax4_ax5_fused_0 * T.int64(128) + ax4_ax5_fused_1) % T.int64(2))
                        T.where(ax4_ax5_fused_0 * T.int64(128) + ax4_ax5_fused_1 < T.int64(4))
                        T.reads(p0[v_ax0, v_ax1, v_ax2 * T.int64(2) + v_rv0, v_ax3 * T.int64(2) + v_rv1])
                        T.writes(pool_sum_shared[v_ax0, v_ax1, v_ax2, v_ax3])
                        with T.init():
                            pool_sum_shared[v_ax0, v_ax1, v_ax2, v_ax3] = T.float32(0)
                        pool_sum_shared[v_ax0, v_ax1, v_ax2, v_ax3] = pool_sum_shared[v_ax0, v_ax1, v_ax2, v_ax3] + p0[v_ax0, v_ax1, v_ax2 * T.int64(2) + v_rv0, v_ax3 * T.int64(2) + v_rv1]
            for ax3_1 in T.thread_binding(T.int64(128), thread="threadIdx.x"):
                with T.block("pool_avg"):
                    v_ax0 = T.axis.spatial(T.int64(1), T.int64(0))
                    v_ax1 = T.axis.spatial(T.int64(256), ax0_ax1_ax2_ax3_0_fused // T.int64(14))
                    v_ax2 = T.axis.spatial(T.int64(14), ax0_ax1_ax2_ax3_0_fused % T.int64(14))
                    v_ax3 = T.axis.spatial(T.int64(14), ax3_1)
                    T.where(T.Mul(T.int64(0), T.int64(128)) + ax3_1 < T.int64(14))
                    T.reads(pool_sum_shared[v_ax0, v_ax1, v_ax2, v_ax3])
                    T.writes(pool_avg[v_ax0, v_ax1, v_ax2, v_ax3])
                    pool_avg[v_ax0, v_ax1, v_ax2, v_ax3] = pool_sum_shared[v_ax0, v_ax1, v_ax2, v_ax3] / T.Cast("float32", T.max((T.min(v_ax2, T.int64(0)) * T.int64(2) + T.min(v_ax2 * T.int64(2) + T.int64(1), T.int64(27)) + T.int64(1) - v_ax2 * T.int64(2)) * (T.min(v_ax3, T.int64(0)) * T.int64(2) + T.min(v_ax3 * T.int64(2) + T.int64(1), T.int64(27)) + T.int64(1) - v_ax3 * T.int64(2)), T.int64(1)))
b0 = sch.get_block(name="pool_sum", func_name="main")
b1 = sch.get_block(name="pool_avg", func_name="main")
b2 = sch.get_block(name="root", func_name="main")
sch.unannotate(block_or_loop=b1, ann_key="schedule_rule")
b3, = sch.get_consumers(block=b0)
l4, l5, l6, l7 = sch.get_loops(block=b3)
v8 = sch.sample_categorical(candidates=[4, 8, 16, 32, 64, 128, 256, 512], probs=[0.125, 0.125, 0.125, 0.125, 0.125, 0.125, 0.125, 0.125], decision=5)
l9, l10 = sch.split(loop=l7, factors=[None, v8], preserve_unit_iters=True)
sch.bind(loop=l10, thread_axis="threadIdx.x")
sch.compute_at(block=b0, loop=l9, preserve_unit_loops=True, index=-1)
sch.set_scope(block=b0, buffer_index=0, storage_scope="shared")
l11, l12, l13, l14, l15, l16, l17, l18, l19, l20 = sch.get_loops(block=b0)
l21 = sch.fuse(l19, l20, preserve_unit_iters=True)
l22, l23 = sch.split(loop=l21, factors=[None, v8], preserve_unit_iters=True)
sch.bind(loop=l23, thread_axis="threadIdx.x")
v24 = sch.sample_categorical(candidates=[0, 16, 64, 512, 1024], probs=[0.20000000000000001, 0.20000000000000001, 0.20000000000000001, 0.20000000000000001, 0.20000000000000001], decision=3)
sch.annotate(block_or_loop=b2, ann_key="meta_schedule.unroll_explicit", ann_val=v24)
l25, l26, l27, l28, l29 = sch.get_loops(block=b1)
l30 = sch.fuse(l25, l26, l27, l28, preserve_unit_iters=True)
sch.bind(loop=l30, thread_axis="blockIdx.x")
sch.enter_postproc()
b31 = sch.get_block(name="root", func_name="main")
sch.unannotate(block_or_loop=b31, ann_key="meta_schedule.unroll_explicit")
b32, b33 = sch.get_child_blocks(b31)
l34, l35, l36, l37, l38, l39, l40 = sch.get_loops(block=b32)
sch.annotate(block_or_loop=l34, ann_key="pragma_auto_unroll_max_step", ann_val=512)
sch.annotate(block_or_loop=l34, ann_key="pragma_unroll_explicit", ann_val=1)
l41, l42 = sch.get_loops(block=b33)
2024-04-29 14:09:46 [INFO] [task_scheduler.cc:131] [Task #177: fused_nn_avg_pool2d_1] Trial #20: GFLOPs: 209.9323. Time: 5.9753 us. Best GFLOPs: 220.9516
2024-04-29 14:09:46 [INFO] [task_scheduler.cc:131] [Task #177: fused_nn_avg_pool2d_1] Trial #21: GFLOPs: 214.7720. Time: 5.8406 us. Best GFLOPs: 220.9516
2024-04-29 14:09:46 [INFO] [task_scheduler.cc:131] [Task #177: fused_nn_avg_pool2d_1] Trial #22: GFLOPs: 220.9503. Time: 5.6773 us. Best GFLOPs: 220.9516
2024-04-29 14:09:46 [INFO] [task_scheduler.cc:131] [Task #177: fused_nn_avg_pool2d_1] Trial #23: GFLOPs: 212.5571. Time: 5.9015 us. Best GFLOPs: 220.9516
2024-04-29 14:09:46 [INFO] [task_scheduler.cc:131] [Task #177: fused_nn_avg_pool2d_1] Trial #24: GFLOPs: 183.8388. Time: 6.8234 us. Best GFLOPs: 220.9516
2024-04-29 14:09:46 [INFO] [task_scheduler.cc:131] [Task #177: fused_nn_avg_pool2d_1] Trial #25: GFLOPs: 205.0551. Time: 6.1174 us. Best GFLOPs: 220.9516
2024-04-29 14:09:46 [INFO] [task_scheduler.cc:131] [Task #177: fused_nn_avg_pool2d_1] Trial #26: GFLOPs: 215.0253. Time: 5.8337 us. Best GFLOPs: 220.9516
2024-04-29 14:09:46 [INFO] [task_scheduler.cc:131] [Task #177: fused_nn_avg_pool2d_1] Trial #27: GFLOPs: 196.8990. Time: 6.3708 us. Best GFLOPs: 220.9516
2024-04-29 14:09:46 [INFO] [task_scheduler.cc:131] [Task #177: fused_nn_avg_pool2d_1] Trial #28: GFLOPs: 201.2458. Time: 6.2332 us. Best GFLOPs: 220.9516
2024-04-29 14:09:46 [INFO] [task_scheduler.cc:131] [Task #177: fused_nn_avg_pool2d_1] Trial #29: GFLOPs: 169.1648. Time: 7.4153 us. Best GFLOPs: 220.9516
2024-04-29 14:09:46 [INFO] [task_scheduler.cc:131] [Task #177: fused_nn_avg_pool2d_1] Trial #30: GFLOPs: 187.5947. Time: 6.6868 us. Best GFLOPs: 220.9516
2024-04-29 14:09:46 [INFO] [task_scheduler.cc:131] [Task #177: fused_nn_avg_pool2d_1] Trial #31: GFLOPs: 201.3539. Time: 6.2298 us. Best GFLOPs: 220.9516
2024-04-29 14:09:46 [INFO] [task_scheduler.cc:131] [Task #177: fused_nn_avg_pool2d_1] Trial #32: GFLOPs: 199.7359. Time: 6.2803 us. Best GFLOPs: 220.9516
2024-04-29 14:09:46 [INFO] [task_scheduler.cc:131] [Task #177: fused_nn_avg_pool2d_1] Trial #33: GFLOPs: 196.0145. Time: 6.3995 us. Best GFLOPs: 220.9516
2024-04-29 14:09:46 [INFO] [task_scheduler.cc:131] [Task #177: fused_nn_avg_pool2d_1] Trial #34: GFLOPs: 184.9419. Time: 6.7827 us. Best GFLOPs: 220.9516
2024-04-29 14:09:46 [INFO] [task_scheduler.cc:131] [Task #177: fused_nn_avg_pool2d_1] Trial #35: GFLOPs: 200.1780. Time: 6.2664 us. Best GFLOPs: 220.9516
2024-04-29 14:09:46 [INFO] [task_scheduler.cc:131] [Task #177: fused_nn_avg_pool2d_1] Trial #36: GFLOPs: 183.8530. Time: 6.8228 us. Best GFLOPs: 220.9516
2024-04-29 14:09:46 [INFO] [task_scheduler.cc:131] [Task #177: fused_nn_avg_pool2d_1] Trial #37: GFLOPs: 202.5115. Time: 6.1942 us. Best GFLOPs: 220.9516
2024-04-29 14:09:46 [INFO] [task_scheduler.cc:131] [Task #177: fused_nn_avg_pool2d_1] Trial #38: GFLOPs: 184.8707. Time: 6.7853 us. Best GFLOPs: 220.9516
2024-04-29 14:09:46 [INFO] [task_scheduler.cc:131] [Task #177: fused_nn_avg_pool2d_1] Trial #39: GFLOPs: 200.8907. Time: 6.2442 us. Best GFLOPs: 220.9516
2024-04-29 14:09:46 [INFO] [task_scheduler.cc:131] [Task #177: fused_nn_avg_pool2d_1] Trial #40: GFLOPs: 184.0496. Time: 6.8156 us. Best GFLOPs: 220.9516
2024-04-29 14:09:46 [INFO] [task_scheduler.cc:121] [Task #177: fused_nn_avg_pool2d_1] Trial #41: Error in building:
LocalBuilder: An exception occurred
Traceback (most recent call last):
  File "/mnt/home/gverma/ceph/opt/tvm/python/tvm/exec/popen_worker.py", line 87, in main
    result = fn(*args, **kwargs)
  File "/mnt/home/gverma/ceph/opt/tvm/python/tvm/meta_schedule/builder/local_builder.py", line 165, in <lambda>
    lambda x: _worker_func(*x),
  File "/mnt/home/gverma/ceph/opt/tvm/python/tvm/meta_schedule/builder/local_builder.py", line 231, in _worker_func
    rt_mod: Module = f_build(mod, target, _deserialize_params(params))
  File "/mnt/home/gverma/ceph/opt/tvm/python/tvm/_ffi/_ctypes/packed_func.py", line 239, in __call__
    raise_last_ffi_error()
  File "/mnt/home/gverma/ceph/opt/tvm/python/tvm/_ffi/base.py", line 481, in raise_last_ffi_error
    raise py_err
  File "Objects/call.c", line 200, in PyVectorcall_Call
  File "Python/ceval.c", line 4963, in call_function
  File "/mnt/home/gverma/ceph/opt/tvm/python/tvm/meta_schedule/builder/local_builder.py", line 261, in default_build
    return tvm_build(mod, target=target)
  File "/mnt/home/gverma/ceph/opt/tvm/python/tvm/driver/build_module.py", line 281, in build
    rt_mod_host = _driver_ffi.tir_to_runtime(annotated_mods, target_host)
  File "/mnt/home/gverma/ceph/opt/tvm/python/tvm/_ffi/_ctypes/packed_func.py", line 239, in __call__
    raise_last_ffi_error()
  File "/mnt/home/gverma/ceph/opt/tvm/python/tvm/_ffi/base.py", line 481, in raise_last_ffi_error
    raise py_err
tvm.error.InternalError: Traceback (most recent call last):
  44: tvm::runtime::PackedFuncObj::Extractor<tvm::runtime::PackedFuncSubObj<tvm::runtime::TypedPackedFunc<tvm::runtime::Module (tvm::runtime::Map<tvm::Target, tvm::IRModule, void, void> const&, tvm::Target)>::AssignTypedLambda<tvm::__mk_TVM22::{lambda(tvm::runtime::Map<tvm::Target, tvm::IRModule, void, void> const&, tvm::Target)#1}>(tvm::__mk_TVM22::{lambda(tvm::runtime::Map<tvm::Target, tvm::IRModule, void, void> const&, tvm::Target)#1}, std::__cxx11::basic_string<char, std::char_traits<char>, std::allocator<char> >)::{lambda(tvm::runtime::TVMArgs const&, tvm::runtime::TVMRetValue*)#1}> >::Call(tvm::runtime::PackedFuncObj const*, std::allocator<char>, tvm::runtime::TVMArgs const&)
  43: tvm::TIRToRuntime(tvm::runtime::Map<tvm::Target, tvm::IRModule, void, void> const&, tvm::Target const&)
  42: tvm::SplitMixedModule(tvm::IRModule, tvm::Target const&, tvm::Target const&)
  41: tvm::ApplyPasses(tvm::IRModule, tvm::transform::Sequential)
  40: tvm::transform::Pass::operator()(tvm::IRModule) const
  39: tvm::transform::Pass::operator()(tvm::IRModule, tvm::transform::PassContext const&) const
  38: tvm::transform::SequentialNode::operator()(tvm::IRModule, tvm::transform::PassContext const&) const
  37: tvm::transform::Pass::operator()(tvm::IRModule, tvm::transform::PassContext const&) const
  36: tvm::tir::transform::PrimFuncPassNode::operator()(tvm::IRModule, tvm::transform::PassContext const&) const
  35: _ZN3tvm7runtime13PackedFun
  34: tvm::runtime::TypedPackedFunc<tvm::tir::PrimFunc (tvm::tir::PrimFunc, tvm::IRModule, tvm::transform::PassContext)>::AssignTypedLambda<tvm::tir::transform::LowerThreadAllreduce()::{lambda(tvm::tir::PrimFunc, tvm::IRModule, tvm::transform::PassContext)#1}>(tvm::tir::transform::LowerThreadAllreduce()::{lambda(tvm::tir::PrimFunc, tvm::IRModule, tvm::transform::PassContext)#1})::{lambda(tvm::runtime::TVMArgs const&, tvm::runtime::TVMRetValue*)#1}::operator()(tvm::runtime::TVMArgs const, tvm::runtime::TVMRetValue) const
  33: tvm::tir::StmtFunctor<tvm::tir::Stmt (tvm::tir::Stmt const&)>::VisitStmt(tvm::tir::Stmt const&)
  32: _ZZN3tvm3tir11StmtFunctorI
  31: tvm::tir::ThreadAllreduceBuilder::VisitStmt_(tvm::tir::AttrStmtNode const*)
  30: tvm::tir::StmtMutator::VisitStmt(tvm::tir::Stmt const&)
  29: tvm::tir::StmtFunctor<tvm::tir::Stmt (tvm::tir::Stmt const&)>::VisitStmt(tvm::tir::Stmt const&)
  28: _ZZN3tvm3tir11StmtFunctorI
  27: tvm::tir::ThreadAllreduceBuilder::VisitStmt_(tvm::tir::AllocateNode const*)
  26: tvm::tir::StmtMutator::VisitStmt(tvm::tir::Stmt const&)
  25: tvm::tir::StmtFunctor<tvm::tir::Stmt (tvm::tir::Stmt const&)>::VisitStmt(tvm::tir::Stmt const&)
  24: _ZZN3tvm3tir11StmtFunctorI
  23: tvm::tir::ThreadAllreduceBuilder::VisitStmt_(tvm::tir::AllocateNode const*)
  22: tvm::tir::StmtMutator::VisitStmt(tvm::tir::Stmt const&)
  21: tvm::tir::StmtFunctor<tvm::tir::Stmt (tvm::tir::Stmt const&)>::VisitStmt(tvm::tir::Stmt const&)
  20: _ZZN3tvm3tir11StmtFunctorI
  19: tvm::tir::ThreadAllreduceBuilder::VisitStmt_(tvm::tir::AllocateNode const*)
  18: tvm::tir::StmtMutator::VisitStmt(tvm::tir::Stmt const&)
  17: tvm::tir::StmtFunctor<tvm::tir::Stmt (tvm::tir::Stmt const&)>::VisitStmt(tvm::tir::Stmt const&)
  16: _ZZN3tvm3tir11StmtFunctorI
  15: tvm::tir::ThreadAllreduceBuilder::VisitStmt_(tvm::tir::AttrStmtNode const*)
  14: tvm::tir::StmtMutator::VisitStmt(tvm::tir::Stmt const&)
  13: tvm::tir::StmtFunctor<tvm::tir::Stmt (tvm::tir::Stmt const&)>::VisitStmt(tvm::tir::Stmt const&)
  12: _ZZN3tvm3tir11StmtFunctorIFNS
  11: tvm::runtime::Array<tvm::tir::Stmt, std::enable_if<std::is_base_of<tvm::runtime::ObjectRef, tvm::tir::StmtMutator::Internal::Mutate(tvm::tir::StmtMutator*, tvm::runtime::Array<tvm::tir::Stmt, void> const&)::{lambda(tvm::tir::Stmt const&)#1}>::value, void>::type> tvm::tir::StmtMutator::Internal::MutateArray<tvm::tir::Stmt, tvm::tir::StmtMutator::Internal::Mutate(tvm::tir::StmtMutator*, tvm::runtime::Array<tvm::tir::Stmt, void> const&)::{lambda(tvm::tir::Stmt const&)#1}>(tvm::tir::StmtMutator*, std::enable_if<std::is_base_of<tvm::runtime::ObjectRef, tvm::tir::StmtMutator::Internal::Mutate(tvm::tir::StmtMutator*, tvm::runtime::Array<tvm::tir::Stmt, void> const&)::{lambda(tvm::tir::Stmt const&)#1}>::value, void>::type const&, tvm::tir::StmtMutator::Internal::Mutate(tvm::tir::StmtMutator*, tvm::runtime::Array<tvm::tir::Stmt, void> const&)::{lambda(tvm::tir::Stmt const&)#1})
  10: tvm::runtime::ObjectPtr<tvm::runtime::Object> tvm::runtime::Array<tvm::tir::Stmt, void>::MapHelper<tvm::tir::StmtMutator::Internal::Mutate(tvm::tir::StmtMutator*, tvm::runtime::Array<tvm::tir::Stmt, void> const&)::{lambda(tvm::tir::Stmt const&)#1}, tvm::tir::Stmt>(tvm::runtime::Object, tvm::tir::StmtMutator::Internal::Mutate(tvm::tir::StmtMutator*, tvm::runtime::Array<tvm::tir::Stmt, void> const&)::{lambda(tvm::tir::Stmt const&)#1})
  9: tvm::tir::StmtMutator::VisitStmt(tvm::tir::Stmt const&)
  8: tvm::tir::StmtFunctor<tvm::tir::Stmt (tvm::tir::Stmt const&)>::VisitStmt(tvm::tir::Stmt const&)
  7: _ZZN3tvm3tir11StmtFunctorI
  6: tvm::tir::ThreadAllreduceBuilder::VisitStmt_(tvm::tir::AttrStmtNode const*)
  5: tvm::tir::StmtMutator::VisitStmt(tvm::tir::Stmt const&)
  4: tvm::tir::StmtFunctor<tvm::tir::Stmt (tvm::tir::Stmt const&)>::VisitStmt(tvm::tir::Stmt const&)
  3: _ZZN3tvm3tir11StmtFunctorIFNS
  2: tvm::tir::ThreadAllreduceBuilder::VisitStmt_(tvm::tir::EvaluateNode const*)
  1: tvm::tir::ThreadAllreduceBuilder::MakeAllreduce(tvm::tir::CallNode const*)
  0: _ZN3tvm7runtime6deta
  File "/mnt/home/gverma/ceph/opt/tvm/src/tir/transforms/lower_thread_allreduce.cc", line 383
InternalError: Check failed: (!load_remap_.count(buffers[i]->data.get())) is false: 

# from tvm.script import ir as I
# from tvm.script import tir as T

@I.ir_module
class Module:
    @T.prim_func
    def main(p0: T.Buffer((T.int64(1), T.int64(256), T.int64(28), T.int64(28)), "float32"), pool_avg: T.Buffer((T.int64(1), T.int64(256), T.int64(14), T.int64(14)), "float32")):
        T.func_attr({"tir.noalias": T.bool(True)})
        # with T.block("root"):
        pool_sum_shared = T.alloc_buffer((T.int64(1), T.int64(256), T.int64(14), T.int64(14)), scope="shared")
        for ax0_ax1_ax2_ax3_0_fused in T.thread_binding(T.int64(3584), thread="blockIdx.x", annotations={"pragma_auto_unroll_max_step": 64, "pragma_unroll_explicit": 1}):
            for ax0, ax1, ax2, ax3, ax4_ax5_fused_0 in T.grid(T.int64(1), T.int64(1), T.int64(1), T.int64(14), T.int64(1)):
                for ax4_ax5_fused_1 in T.thread_binding(T.int64(128), thread="threadIdx.x"):
                    with T.block("pool_sum"):
                        v_ax0 = T.axis.spatial(T.int64(1), ax0)
                        v_ax1 = T.axis.spatial(T.int64(256), ax0_ax1_ax2_ax3_0_fused // T.int64(14) + ax1)
                        v_ax2 = T.axis.spatial(T.int64(14), ax0_ax1_ax2_ax3_0_fused % T.int64(14) + ax2)
                        v_ax3 = T.axis.spatial(T.int64(14), ax3)
                        v_rv0 = T.axis.reduce(T.int64(2), (ax4_ax5_fused_0 * T.int64(128) + ax4_ax5_fused_1) // T.int64(2))
                        v_rv1 = T.axis.reduce(T.int64(2), (ax4_ax5_fused_0 * T.int64(128) + ax4_ax5_fused_1) % T.int64(2))
                        T.where(ax4_ax5_fused_0 * T.int64(128) + ax4_ax5_fused_1 < T.int64(4))
                        T.reads(p0[v_ax0, v_ax1, v_ax2 * T.int64(2) + v_rv0, v_ax3 * T.int64(2) + v_rv1])
                        T.writes(pool_sum_shared[v_ax0, v_ax1, v_ax2, v_ax3])
                        with T.init():
                            pool_sum_shared[v_ax0, v_ax1, v_ax2, v_ax3] = T.float32(0)
                        pool_sum_shared[v_ax0, v_ax1, v_ax2, v_ax3] = pool_sum_shared[v_ax0, v_ax1, v_ax2, v_ax3] + p0[v_ax0, v_ax1, v_ax2 * T.int64(2) + v_rv0, v_ax3 * T.int64(2) + v_rv1]
            for ax3_1 in T.thread_binding(T.int64(128), thread="threadIdx.x"):
                with T.block("pool_avg"):
                    v_ax0 = T.axis.spatial(T.int64(1), T.int64(0))
                    v_ax1 = T.axis.spatial(T.int64(256), ax0_ax1_ax2_ax3_0_fused // T.int64(14))
                    v_ax2 = T.axis.spatial(T.int64(14), ax0_ax1_ax2_ax3_0_fused % T.int64(14))
                    v_ax3 = T.axis.spatial(T.int64(14), ax3_1)
                    T.where(T.Mul(T.int64(0), T.int64(128)) + ax3_1 < T.int64(14))
                    T.reads(pool_sum_shared[v_ax0, v_ax1, v_ax2, v_ax3])
                    T.writes(pool_avg[v_ax0, v_ax1, v_ax2, v_ax3])
                    pool_avg[v_ax0, v_ax1, v_ax2, v_ax3] = pool_sum_shared[v_ax0, v_ax1, v_ax2, v_ax3] / T.Cast("float32", T.max((T.min(v_ax2, T.int64(0)) * T.int64(2) + T.min(v_ax2 * T.int64(2) + T.int64(1), T.int64(27)) + T.int64(1) - v_ax2 * T.int64(2)) * (T.min(v_ax3, T.int64(0)) * T.int64(2) + T.min(v_ax3 * T.int64(2) + T.int64(1), T.int64(27)) + T.int64(1) - v_ax3 * T.int64(2)), T.int64(1)))
b0 = sch.get_block(name="pool_sum", func_name="main")
b1 = sch.get_block(name="pool_avg", func_name="main")
b2 = sch.get_block(name="root", func_name="main")
sch.unannotate(block_or_loop=b1, ann_key="schedule_rule")
b3, = sch.get_consumers(block=b0)
l4, l5, l6, l7 = sch.get_loops(block=b3)
v8 = sch.sample_categorical(candidates=[4, 8, 16, 32, 64, 128, 256, 512], probs=[0.125, 0.125, 0.125, 0.125, 0.125, 0.125, 0.125, 0.125], decision=5)
l9, l10 = sch.split(loop=l7, factors=[None, v8], preserve_unit_iters=True)
sch.bind(loop=l10, thread_axis="threadIdx.x")
sch.compute_at(block=b0, loop=l9, preserve_unit_loops=True, index=-1)
sch.set_scope(block=b0, buffer_index=0, storage_scope="shared")
l11, l12, l13, l14, l15, l16, l17, l18, l19, l20 = sch.get_loops(block=b0)
l21 = sch.fuse(l19, l20, preserve_unit_iters=True)
l22, l23 = sch.split(loop=l21, factors=[None, v8], preserve_unit_iters=True)
sch.bind(loop=l23, thread_axis="threadIdx.x")
v24 = sch.sample_categorical(candidates=[0, 16, 64, 512, 1024], probs=[0.20000000000000001, 0.20000000000000001, 0.20000000000000001, 0.20000000000000001, 0.20000000000000001], decision=2)
sch.annotate(block_or_loop=b2, ann_key="meta_schedule.unroll_explicit", ann_val=v24)
l25, l26, l27, l28, l29 = sch.get_loops(block=b1)
l30 = sch.fuse(l25, l26, l27, l28, preserve_unit_iters=True)
sch.bind(loop=l30, thread_axis="blockIdx.x")
sch.enter_postproc()
b31 = sch.get_block(name="root", func_name="main")
sch.unannotate(block_or_loop=b31, ann_key="meta_schedule.unroll_explicit")
b32, b33 = sch.get_child_blocks(b31)
l34, l35, l36, l37, l38, l39, l40 = sch.get_loops(block=b32)
sch.annotate(block_or_loop=l34, ann_key="pragma_auto_unroll_max_step", ann_val=64)
sch.annotate(block_or_loop=l34, ann_key="pragma_unroll_explicit", ann_val=1)
l41, l42 = sch.get_loops(block=b33)
2024-04-29 14:09:46 [INFO] [task_scheduler.cc:131] [Task #177: fused_nn_avg_pool2d_1] Trial #42: GFLOPs: 203.2093. Time: 6.1729 us. Best GFLOPs: 220.9516
2024-04-29 14:09:46 [INFO] [task_scheduler.cc:131] [Task #177: fused_nn_avg_pool2d_1] Trial #43: GFLOPs: 175.3790. Time: 7.1525 us. Best GFLOPs: 220.9516
2024-04-29 14:09:46 [INFO] [task_scheduler.cc:131] [Task #177: fused_nn_avg_pool2d_1] Trial #44: GFLOPs: 184.8966. Time: 6.7843 us. Best GFLOPs: 220.9516
2024-04-29 14:09:46 [INFO] [task_scheduler.cc:131] [Task #177: fused_nn_avg_pool2d_1] Trial #45: GFLOPs: 194.8491. Time: 6.4378 us. Best GFLOPs: 220.9516
2024-04-29 14:09:46 [INFO] [task_scheduler.cc:131] [Task #177: fused_nn_avg_pool2d_1] Trial #46: GFLOPs: 195.7073. Time: 6.4096 us. Best GFLOPs: 220.9516
2024-04-29 14:09:46 [INFO] [task_scheduler.cc:131] [Task #177: fused_nn_avg_pool2d_1] Trial #47: GFLOPs: 201.3269. Time: 6.2307 us. Best GFLOPs: 220.9516
2024-04-29 14:09:46 [INFO] [task_scheduler.cc:131] [Task #177: fused_nn_avg_pool2d_1] Trial #48: GFLOPs: 201.5256. Time: 6.2245 us. Best GFLOPs: 220.9516
2024-04-29 14:09:46 [INFO] [task_scheduler.cc:121] [Task #177: fused_nn_avg_pool2d_1] Trial #49: Error in building:
LocalBuilder: An exception occurred
Traceback (most recent call last):
  File "/mnt/home/gverma/ceph/opt/tvm/python/tvm/exec/popen_worker.py", line 87, in main
    result = fn(*args, **kwargs)
  File "/mnt/home/gverma/ceph/opt/tvm/python/tvm/meta_schedule/builder/local_builder.py", line 165, in <lambda>
    lambda x: _worker_func(*x),
  File "/mnt/home/gverma/ceph/opt/tvm/python/tvm/meta_schedule/builder/local_builder.py", line 231, in _worker_func
    rt_mod: Module = f_build(mod, target, _deserialize_params(params))
  File "/mnt/home/gverma/ceph/opt/tvm/python/tvm/_ffi/_ctypes/packed_func.py", line 239, in __call__
    raise_last_ffi_error()
  File "/mnt/home/gverma/ceph/opt/tvm/python/tvm/_ffi/base.py", line 481, in raise_last_ffi_error
    raise py_err
  File "Objects/call.c", line 200, in PyVectorcall_Call
  File "Python/ceval.c", line 4963, in call_function
  File "/mnt/home/gverma/ceph/opt/tvm/python/tvm/meta_schedule/builder/local_builder.py", line 261, in default_build
    return tvm_build(mod, target=target)
  File "/mnt/home/gverma/ceph/opt/tvm/python/tvm/driver/build_module.py", line 281, in build
    rt_mod_host = _driver_ffi.tir_to_runtime(annotated_mods, target_host)
  File "/mnt/home/gverma/ceph/opt/tvm/python/tvm/_ffi/_ctypes/packed_func.py", line 239, in __call__
    raise_last_ffi_error()
  File "/mnt/home/gverma/ceph/opt/tvm/python/tvm/_ffi/base.py", line 481, in raise_last_ffi_error
    raise py_err
tvm.error.InternalError: Traceback (most recent call last):
  44: tvm::runtime::PackedFuncObj::Extractor<tvm::runtime::PackedFuncSubObj<tvm::runtime::TypedPackedFunc<tvm::runtime::Module (tvm::runtime::Map<tvm::Target, tvm::IRModule, void, void> const&, tvm::Target)>::AssignTypedLambda<tvm::__mk_TVM22::{lambda(tvm::runtime::Map<tvm::Target, tvm::IRModule, void, void> const&, tvm::Target)#1}>(tvm::__mk_TVM22::{lambda(tvm::runtime::Map<tvm::Target, tvm::IRModule, void, void> const&, tvm::Target)#1}, std::__cxx11::basic_string<char, std::char_traits<char>, std::allocator<char> >)::{lambda(tvm::runtime::TVMArgs const&, tvm::runtime::TVMRetValue*)#1}> >::Call(tvm::runtime::PackedFuncObj const*, std::allocator<char>, tvm::runtime::TVMArgs const&)
  43: tvm::TIRToRuntime(tvm::runtime::Map<tvm::Target, tvm::IRModule, void, void> const&, tvm::Target const&)
  42: tvm::SplitMixedModule(tvm::IRModule, tvm::Target const&, tvm::Target const&)
  41: tvm::ApplyPasses(tvm::IRModule, tvm::transform::Sequential)
  40: tvm::transform::Pass::operator()(tvm::IRModule) const
  39: tvm::transform::Pass::operator()(tvm::IRModule, tvm::transform::PassContext const&) const
  38: tvm::transform::SequentialNode::operator()(tvm::IRModule, tvm::transform::PassContext const&) const
  37: tvm::transform::Pass::operator()(tvm::IRModule, tvm::transform::PassContext const&) const
  36: tvm::tir::transform::PrimFuncPassNode::operator()(tvm::IRModule, tvm::transform::PassContext const&) const
  35: _ZN3tvm7runtime13PackedFun
  34: tvm::runtime::TypedPackedFunc<tvm::tir::PrimFunc (tvm::tir::PrimFunc, tvm::IRModule, tvm::transform::PassContext)>::AssignTypedLambda<tvm::tir::transform::LowerThreadAllreduce()::{lambda(tvm::tir::PrimFunc, tvm::IRModule, tvm::transform::PassContext)#1}>(tvm::tir::transform::LowerThreadAllreduce()::{lambda(tvm::tir::PrimFunc, tvm::IRModule, tvm::transform::PassContext)#1})::{lambda(tvm::runtime::TVMArgs const&, tvm::runtime::TVMRetValue*)#1}::operator()(tvm::runtime::TVMArgs const, tvm::runtime::TVMRetValue) const
  33: tvm::tir::StmtFunctor<tvm::tir::Stmt (tvm::tir::Stmt const&)>::VisitStmt(tvm::tir::Stmt const&)
  32: _ZZN3tvm3tir11StmtFunctorI
  31: tvm::tir::ThreadAllreduceBuilder::VisitStmt_(tvm::tir::AttrStmtNode const*)
  30: tvm::tir::StmtMutator::VisitStmt(tvm::tir::Stmt const&)
  29: tvm::tir::StmtFunctor<tvm::tir::Stmt (tvm::tir::Stmt const&)>::VisitStmt(tvm::tir::Stmt const&)
  28: _ZZN3tvm3tir11StmtFunctorI
  27: tvm::tir::ThreadAllreduceBuilder::VisitStmt_(tvm::tir::AllocateNode const*)
  26: tvm::tir::StmtMutator::VisitStmt(tvm::tir::Stmt const&)
  25: tvm::tir::StmtFunctor<tvm::tir::Stmt (tvm::tir::Stmt const&)>::VisitStmt(tvm::tir::Stmt const&)
  24: _ZZN3tvm3tir11StmtFunctorI
  23: tvm::tir::ThreadAllreduceBuilder::VisitStmt_(tvm::tir::AllocateNode const*)
  22: tvm::tir::StmtMutator::VisitStmt(tvm::tir::Stmt const&)
  21: tvm::tir::StmtFunctor<tvm::tir::Stmt (tvm::tir::Stmt const&)>::VisitStmt(tvm::tir::Stmt const&)
  20: _ZZN3tvm3tir11StmtFunctorI
  19: tvm::tir::ThreadAllreduceBuilder::VisitStmt_(tvm::tir::AllocateNode const*)
  18: tvm::tir::StmtMutator::VisitStmt(tvm::tir::Stmt const&)
  17: tvm::tir::StmtFunctor<tvm::tir::Stmt (tvm::tir::Stmt const&)>::VisitStmt(tvm::tir::Stmt const&)
  16: _ZZN3tvm3tir11StmtFunctorI
  15: tvm::tir::ThreadAllreduceBuilder::VisitStmt_(tvm::tir::AttrStmtNode const*)
  14: tvm::tir::StmtMutator::VisitStmt(tvm::tir::Stmt const&)
  13: tvm::tir::StmtFunctor<tvm::tir::Stmt (tvm::tir::Stmt const&)>::VisitStmt(tvm::tir::Stmt const&)
  12: _ZZN3tvm3tir11StmtFunctorIFNS
  11: tvm::runtime::Array<tvm::tir::Stmt, std::enable_if<std::is_base_of<tvm::runtime::ObjectRef, tvm::tir::StmtMutator::Internal::Mutate(tvm::tir::StmtMutator*, tvm::runtime::Array<tvm::tir::Stmt, void> const&)::{lambda(tvm::tir::Stmt const&)#1}>::value, void>::type> tvm::tir::StmtMutator::Internal::MutateArray<tvm::tir::Stmt, tvm::tir::StmtMutator::Internal::Mutate(tvm::tir::StmtMutator*, tvm::runtime::Array<tvm::tir::Stmt, void> const&)::{lambda(tvm::tir::Stmt const&)#1}>(tvm::tir::StmtMutator*, std::enable_if<std::is_base_of<tvm::runtime::ObjectRef, tvm::tir::StmtMutator::Internal::Mutate(tvm::tir::StmtMutator*, tvm::runtime::Array<tvm::tir::Stmt, void> const&)::{lambda(tvm::tir::Stmt const&)#1}>::value, void>::type const&, tvm::tir::StmtMutator::Internal::Mutate(tvm::tir::StmtMutator*, tvm::runtime::Array<tvm::tir::Stmt, void> const&)::{lambda(tvm::tir::Stmt const&)#1})
  10: tvm::runtime::ObjectPtr<tvm::runtime::Object> tvm::runtime::Array<tvm::tir::Stmt, void>::MapHelper<tvm::tir::StmtMutator::Internal::Mutate(tvm::tir::StmtMutator*, tvm::runtime::Array<tvm::tir::Stmt, void> const&)::{lambda(tvm::tir::Stmt const&)#1}, tvm::tir::Stmt>(tvm::runtime::Object, tvm::tir::StmtMutator::Internal::Mutate(tvm::tir::StmtMutator*, tvm::runtime::Array<tvm::tir::Stmt, void> const&)::{lambda(tvm::tir::Stmt const&)#1})
  9: tvm::tir::StmtMutator::VisitStmt(tvm::tir::Stmt const&)
  8: tvm::tir::StmtFunctor<tvm::tir::Stmt (tvm::tir::Stmt const&)>::VisitStmt(tvm::tir::Stmt const&)
  7: _ZZN3tvm3tir11StmtFunctorI
  6: tvm::tir::ThreadAllreduceBuilder::VisitStmt_(tvm::tir::AttrStmtNode const*)
  5: tvm::tir::StmtMutator::VisitStmt(tvm::tir::Stmt const&)
  4: tvm::tir::StmtFunctor<tvm::tir::Stmt (tvm::tir::Stmt const&)>::VisitStmt(tvm::tir::Stmt const&)
  3: _ZZN3tvm3tir11StmtFunctorIFNS
  2: tvm::tir::ThreadAllreduceBuilder::VisitStmt_(tvm::tir::EvaluateNode const*)
  1: tvm::tir::ThreadAllreduceBuilder::MakeAllreduce(tvm::tir::CallNode const*)
  0: _ZN3tvm7runtime6deta
  File "/mnt/home/gverma/ceph/opt/tvm/src/tir/transforms/lower_thread_allreduce.cc", line 383
InternalError: Check failed: (!load_remap_.count(buffers[i]->data.get())) is false: 

# from tvm.script import ir as I
# from tvm.script import tir as T

@I.ir_module
class Module:
    @T.prim_func
    def main(p0: T.Buffer((T.int64(1), T.int64(256), T.int64(28), T.int64(28)), "float32"), pool_avg: T.Buffer((T.int64(1), T.int64(256), T.int64(14), T.int64(14)), "float32")):
        T.func_attr({"tir.noalias": T.bool(True)})
        # with T.block("root"):
        pool_sum_shared = T.alloc_buffer((T.int64(1), T.int64(256), T.int64(14), T.int64(14)), scope="shared")
        for ax0_ax1_ax2_ax3_0_fused in T.thread_binding(T.int64(3584), thread="blockIdx.x", annotations={"pragma_auto_unroll_max_step": 512, "pragma_unroll_explicit": 1}):
            for ax0, ax1, ax2, ax3, ax4_ax5_fused_0 in T.grid(T.int64(1), T.int64(1), T.int64(1), T.int64(14), T.int64(1)):
                for ax4_ax5_fused_1 in T.thread_binding(T.int64(64), thread="threadIdx.x"):
                    with T.block("pool_sum"):
                        v_ax0 = T.axis.spatial(T.int64(1), ax0)
                        v_ax1 = T.axis.spatial(T.int64(256), ax0_ax1_ax2_ax3_0_fused // T.int64(14) + ax1)
                        v_ax2 = T.axis.spatial(T.int64(14), ax0_ax1_ax2_ax3_0_fused % T.int64(14) + ax2)
                        v_ax3 = T.axis.spatial(T.int64(14), ax3)
                        v_rv0 = T.axis.reduce(T.int64(2), (ax4_ax5_fused_0 * T.int64(64) + ax4_ax5_fused_1) // T.int64(2))
                        v_rv1 = T.axis.reduce(T.int64(2), (ax4_ax5_fused_0 * T.int64(64) + ax4_ax5_fused_1) % T.int64(2))
                        T.where(ax4_ax5_fused_0 * T.int64(64) + ax4_ax5_fused_1 < T.int64(4))
                        T.reads(p0[v_ax0, v_ax1, v_ax2 * T.int64(2) + v_rv0, v_ax3 * T.int64(2) + v_rv1])
                        T.writes(pool_sum_shared[v_ax0, v_ax1, v_ax2, v_ax3])
                        with T.init():
                            pool_sum_shared[v_ax0, v_ax1, v_ax2, v_ax3] = T.float32(0)
                        pool_sum_shared[v_ax0, v_ax1, v_ax2, v_ax3] = pool_sum_shared[v_ax0, v_ax1, v_ax2, v_ax3] + p0[v_ax0, v_ax1, v_ax2 * T.int64(2) + v_rv0, v_ax3 * T.int64(2) + v_rv1]
            for ax3_1 in T.thread_binding(T.int64(64), thread="threadIdx.x"):
                with T.block("pool_avg"):
                    v_ax0 = T.axis.spatial(T.int64(1), T.int64(0))
                    v_ax1 = T.axis.spatial(T.int64(256), ax0_ax1_ax2_ax3_0_fused // T.int64(14))
                    v_ax2 = T.axis.spatial(T.int64(14), ax0_ax1_ax2_ax3_0_fused % T.int64(14))
                    v_ax3 = T.axis.spatial(T.int64(14), ax3_1)
                    T.where(T.Mul(T.int64(0), T.int64(64)) + ax3_1 < T.int64(14))
                    T.reads(pool_sum_shared[v_ax0, v_ax1, v_ax2, v_ax3])
                    T.writes(pool_avg[v_ax0, v_ax1, v_ax2, v_ax3])
                    pool_avg[v_ax0, v_ax1, v_ax2, v_ax3] = pool_sum_shared[v_ax0, v_ax1, v_ax2, v_ax3] / T.Cast("float32", T.max((T.min(v_ax2, T.int64(0)) * T.int64(2) + T.min(v_ax2 * T.int64(2) + T.int64(1), T.int64(27)) + T.int64(1) - v_ax2 * T.int64(2)) * (T.min(v_ax3, T.int64(0)) * T.int64(2) + T.min(v_ax3 * T.int64(2) + T.int64(1), T.int64(27)) + T.int64(1) - v_ax3 * T.int64(2)), T.int64(1)))
b0 = sch.get_block(name="pool_sum", func_name="main")
b1 = sch.get_block(name="pool_avg", func_name="main")
b2 = sch.get_block(name="root", func_name="main")
sch.unannotate(block_or_loop=b1, ann_key="schedule_rule")
b3, = sch.get_consumers(block=b0)
l4, l5, l6, l7 = sch.get_loops(block=b3)
v8 = sch.sample_categorical(candidates=[4, 8, 16, 32, 64, 128, 256, 512], probs=[0.125, 0.125, 0.125, 0.125, 0.125, 0.125, 0.125, 0.125], decision=4)
l9, l10 = sch.split(loop=l7, factors=[None, v8], preserve_unit_iters=True)
sch.bind(loop=l10, thread_axis="threadIdx.x")
sch.compute_at(block=b0, loop=l9, preserve_unit_loops=True, index=-1)
sch.set_scope(block=b0, buffer_index=0, storage_scope="shared")
l11, l12, l13, l14, l15, l16, l17, l18, l19, l20 = sch.get_loops(block=b0)
l21 = sch.fuse(l19, l20, preserve_unit_iters=True)
l22, l23 = sch.split(loop=l21, factors=[None, v8], preserve_unit_iters=True)
sch.bind(loop=l23, thread_axis="threadIdx.x")
v24 = sch.sample_categorical(candidates=[0, 16, 64, 512, 1024], probs=[0.20000000000000001, 0.20000000000000001, 0.20000000000000001, 0.20000000000000001, 0.20000000000000001], decision=3)
sch.annotate(block_or_loop=b2, ann_key="meta_schedule.unroll_explicit", ann_val=v24)
l25, l26, l27, l28, l29 = sch.get_loops(block=b1)
l30 = sch.fuse(l25, l26, l27, l28, preserve_unit_iters=True)
sch.bind(loop=l30, thread_axis="blockIdx.x")
sch.enter_postproc()
b31 = sch.get_block(name="root", func_name="main")
sch.unannotate(block_or_loop=b31, ann_key="meta_schedule.unroll_explicit")
b32, b33 = sch.get_child_blocks(b31)
l34, l35, l36, l37, l38, l39, l40 = sch.get_loops(block=b32)
sch.annotate(block_or_loop=l34, ann_key="pragma_auto_unroll_max_step", ann_val=512)
sch.annotate(block_or_loop=l34, ann_key="pragma_unroll_explicit", ann_val=1)
l41, l42 = sch.get_loops(block=b33)
2024-04-29 14:09:46 [INFO] [task_scheduler.cc:131] [Task #177: fused_nn_avg_pool2d_1] Trial #50: GFLOPs: 200.5598. Time: 6.2545 us. Best GFLOPs: 220.9516
2024-04-29 14:09:46 [INFO] [task_scheduler.cc:131] [Task #177: fused_nn_avg_pool2d_1] Trial #51: GFLOPs: 178.5427. Time: 7.0258 us. Best GFLOPs: 220.9516
2024-04-29 14:09:46 [INFO] [task_scheduler.cc:131] [Task #177: fused_nn_avg_pool2d_1] Trial #52: GFLOPs: 199.8944. Time: 6.2753 us. Best GFLOPs: 220.9516
2024-04-29 14:09:46 [INFO] [task_scheduler.cc:131] [Task #177: fused_nn_avg_pool2d_1] Trial #53: GFLOPs: 196.4997. Time: 6.3837 us. Best GFLOPs: 220.9516
2024-04-29 14:09:46 [INFO] [task_scheduler.cc:131] [Task #177: fused_nn_avg_pool2d_1] Trial #54: GFLOPs: 196.5362. Time: 6.3825 us. Best GFLOPs: 220.9516
2024-04-29 14:09:46 [INFO] [task_scheduler.cc:131] [Task #177: fused_nn_avg_pool2d_1] Trial #55: GFLOPs: 196.3697. Time: 6.3880 us. Best GFLOPs: 220.9516
2024-04-29 14:09:46 [INFO] [task_scheduler.cc:121] [Task #177: fused_nn_avg_pool2d_1] Trial #56: Error in building:
LocalBuilder: An exception occurred
Traceback (most recent call last):
  File "/mnt/home/gverma/ceph/opt/tvm/python/tvm/exec/popen_worker.py", line 87, in main
    result = fn(*args, **kwargs)
  File "/mnt/home/gverma/ceph/opt/tvm/python/tvm/meta_schedule/builder/local_builder.py", line 165, in <lambda>
    lambda x: _worker_func(*x),
  File "/mnt/home/gverma/ceph/opt/tvm/python/tvm/meta_schedule/builder/local_builder.py", line 231, in _worker_func
    rt_mod: Module = f_build(mod, target, _deserialize_params(params))
  File "/mnt/home/gverma/ceph/opt/tvm/python/tvm/_ffi/_ctypes/packed_func.py", line 239, in __call__
    raise_last_ffi_error()
  File "/mnt/home/gverma/ceph/opt/tvm/python/tvm/_ffi/base.py", line 481, in raise_last_ffi_error
    raise py_err
  File "Objects/call.c", line 200, in PyVectorcall_Call
  File "Python/ceval.c", line 4963, in call_function
  File "/mnt/home/gverma/ceph/opt/tvm/python/tvm/meta_schedule/builder/local_builder.py", line 261, in default_build
    return tvm_build(mod, target=target)
  File "/mnt/home/gverma/ceph/opt/tvm/python/tvm/driver/build_module.py", line 281, in build
    rt_mod_host = _driver_ffi.tir_to_runtime(annotated_mods, target_host)
  File "/mnt/home/gverma/ceph/opt/tvm/python/tvm/_ffi/_ctypes/packed_func.py", line 239, in __call__
    raise_last_ffi_error()
  File "/mnt/home/gverma/ceph/opt/tvm/python/tvm/_ffi/base.py", line 481, in raise_last_ffi_error
    raise py_err
tvm.error.InternalError: Traceback (most recent call last):
  44: tvm::runtime::PackedFuncObj::Extractor<tvm::runtime::PackedFuncSubObj<tvm::runtime::TypedPackedFunc<tvm::runtime::Module (tvm::runtime::Map<tvm::Target, tvm::IRModule, void, void> const&, tvm::Target)>::AssignTypedLambda<tvm::__mk_TVM22::{lambda(tvm::runtime::Map<tvm::Target, tvm::IRModule, void, void> const&, tvm::Target)#1}>(tvm::__mk_TVM22::{lambda(tvm::runtime::Map<tvm::Target, tvm::IRModule, void, void> const&, tvm::Target)#1}, std::__cxx11::basic_string<char, std::char_traits<char>, std::allocator<char> >)::{lambda(tvm::runtime::TVMArgs const&, tvm::runtime::TVMRetValue*)#1}> >::Call(tvm::runtime::PackedFuncObj const*, std::allocator<char>, tvm::runtime::TVMArgs const&)
  43: tvm::TIRToRuntime(tvm::runtime::Map<tvm::Target, tvm::IRModule, void, void> const&, tvm::Target const&)
  42: tvm::SplitMixedModule(tvm::IRModule, tvm::Target const&, tvm::Target const&)
  41: tvm::ApplyPasses(tvm::IRModule, tvm::transform::Sequential)
  40: tvm::transform::Pass::operator()(tvm::IRModule) const
  39: tvm::transform::Pass::operator()(tvm::IRModule, tvm::transform::PassContext const&) const
  38: tvm::transform::SequentialNode::operator()(tvm::IRModule, tvm::transform::PassContext const&) const
  37: tvm::transform::Pass::operator()(tvm::IRModule, tvm::transform::PassContext const&) const
  36: tvm::tir::transform::PrimFuncPassNode::operator()(tvm::IRModule, tvm::transform::PassContext const&) const
  35: _ZN3tvm7runtime13PackedFun
  34: tvm::runtime::TypedPackedFunc<tvm::tir::PrimFunc (tvm::tir::PrimFunc, tvm::IRModule, tvm::transform::PassContext)>::AssignTypedLambda<tvm::tir::transform::LowerThreadAllreduce()::{lambda(tvm::tir::PrimFunc, tvm::IRModule, tvm::transform::PassContext)#1}>(tvm::tir::transform::LowerThreadAllreduce()::{lambda(tvm::tir::PrimFunc, tvm::IRModule, tvm::transform::PassContext)#1})::{lambda(tvm::runtime::TVMArgs const&, tvm::runtime::TVMRetValue*)#1}::operator()(tvm::runtime::TVMArgs const, tvm::runtime::TVMRetValue) const
  33: tvm::tir::StmtFunctor<tvm::tir::Stmt (tvm::tir::Stmt const&)>::VisitStmt(tvm::tir::Stmt const&)
  32: _ZZN3tvm3tir11StmtFunctorI
  31: tvm::tir::ThreadAllreduceBuilder::VisitStmt_(tvm::tir::AttrStmtNode const*)
  30: tvm::tir::StmtMutator::VisitStmt(tvm::tir::Stmt const&)
  29: tvm::tir::StmtFunctor<tvm::tir::Stmt (tvm::tir::Stmt const&)>::VisitStmt(tvm::tir::Stmt const&)
  28: _ZZN3tvm3tir11StmtFunctorI
  27: tvm::tir::ThreadAllreduceBuilder::VisitStmt_(tvm::tir::AllocateNode const*)
  26: tvm::tir::StmtMutator::VisitStmt(tvm::tir::Stmt const&)
  25: tvm::tir::StmtFunctor<tvm::tir::Stmt (tvm::tir::Stmt const&)>::VisitStmt(tvm::tir::Stmt const&)
  24: _ZZN3tvm3tir11StmtFunctorI
  23: tvm::tir::ThreadAllreduceBuilder::VisitStmt_(tvm::tir::AllocateNode const*)
  22: tvm::tir::StmtMutator::VisitStmt(tvm::tir::Stmt const&)
  21: tvm::tir::StmtFunctor<tvm::tir::Stmt (tvm::tir::Stmt const&)>::VisitStmt(tvm::tir::Stmt const&)
  20: _ZZN3tvm3tir11StmtFunctorI
  19: tvm::tir::ThreadAllreduceBuilder::VisitStmt_(tvm::tir::AllocateNode const*)
  18: tvm::tir::StmtMutator::VisitStmt(tvm::tir::Stmt const&)
  17: tvm::tir::StmtFunctor<tvm::tir::Stmt (tvm::tir::Stmt const&)>::VisitStmt(tvm::tir::Stmt const&)
  16: _ZZN3tvm3tir11StmtFunctorI
  15: tvm::tir::ThreadAllreduceBuilder::VisitStmt_(tvm::tir::AttrStmtNode const*)
  14: tvm::tir::StmtMutator::VisitStmt(tvm::tir::Stmt const&)
  13: tvm::tir::StmtFunctor<tvm::tir::Stmt (tvm::tir::Stmt const&)>::VisitStmt(tvm::tir::Stmt const&)
  12: _ZZN3tvm3tir11StmtFunctorIFNS
  11: tvm::runtime::Array<tvm::tir::Stmt, std::enable_if<std::is_base_of<tvm::runtime::ObjectRef, tvm::tir::StmtMutator::Internal::Mutate(tvm::tir::StmtMutator*, tvm::runtime::Array<tvm::tir::Stmt, void> const&)::{lambda(tvm::tir::Stmt const&)#1}>::value, void>::type> tvm::tir::StmtMutator::Internal::MutateArray<tvm::tir::Stmt, tvm::tir::StmtMutator::Internal::Mutate(tvm::tir::StmtMutator*, tvm::runtime::Array<tvm::tir::Stmt, void> const&)::{lambda(tvm::tir::Stmt const&)#1}>(tvm::tir::StmtMutator*, std::enable_if<std::is_base_of<tvm::runtime::ObjectRef, tvm::tir::StmtMutator::Internal::Mutate(tvm::tir::StmtMutator*, tvm::runtime::Array<tvm::tir::Stmt, void> const&)::{lambda(tvm::tir::Stmt const&)#1}>::value, void>::type const&, tvm::tir::StmtMutator::Internal::Mutate(tvm::tir::StmtMutator*, tvm::runtime::Array<tvm::tir::Stmt, void> const&)::{lambda(tvm::tir::Stmt const&)#1})
  10: tvm::runtime::ObjectPtr<tvm::runtime::Object> tvm::runtime::Array<tvm::tir::Stmt, void>::MapHelper<tvm::tir::StmtMutator::Internal::Mutate(tvm::tir::StmtMutator*, tvm::runtime::Array<tvm::tir::Stmt, void> const&)::{lambda(tvm::tir::Stmt const&)#1}, tvm::tir::Stmt>(tvm::runtime::Object, tvm::tir::StmtMutator::Internal::Mutate(tvm::tir::StmtMutator*, tvm::runtime::Array<tvm::tir::Stmt, void> const&)::{lambda(tvm::tir::Stmt const&)#1})
  9: tvm::tir::StmtMutator::VisitStmt(tvm::tir::Stmt const&)
  8: tvm::tir::StmtFunctor<tvm::tir::Stmt (tvm::tir::Stmt const&)>::VisitStmt(tvm::tir::Stmt const&)
  7: _ZZN3tvm3tir11StmtFunctorI
  6: tvm::tir::ThreadAllreduceBuilder::VisitStmt_(tvm::tir::AttrStmtNode const*)
  5: tvm::tir::StmtMutator::VisitStmt(tvm::tir::Stmt const&)
  4: tvm::tir::StmtFunctor<tvm::tir::Stmt (tvm::tir::Stmt const&)>::VisitStmt(tvm::tir::Stmt const&)
  3: _ZZN3tvm3tir11StmtFunctorIFNS
  2: tvm::tir::ThreadAllreduceBuilder::VisitStmt_(tvm::tir::EvaluateNode const*)
  1: tvm::tir::ThreadAllreduceBuilder::MakeAllreduce(tvm::tir::CallNode const*)
  0: _ZN3tvm7runtime6deta
  File "/mnt/home/gverma/ceph/opt/tvm/src/tir/transforms/lower_thread_allreduce.cc", line 383
InternalError: Check failed: (!load_remap_.count(buffers[i]->data.get())) is false: 

# from tvm.script import ir as I
# from tvm.script import tir as T

@I.ir_module
class Module:
    @T.prim_func
    def main(p0: T.Buffer((T.int64(1), T.int64(256), T.int64(28), T.int64(28)), "float32"), pool_avg: T.Buffer((T.int64(1), T.int64(256), T.int64(14), T.int64(14)), "float32")):
        T.func_attr({"tir.noalias": T.bool(True)})
        # with T.block("root"):
        pool_sum_shared = T.alloc_buffer((T.int64(1), T.int64(256), T.int64(14), T.int64(14)), scope="shared")
        for ax0_ax1_ax2_ax3_0_fused in T.thread_binding(T.int64(3584), thread="blockIdx.x", annotations={"pragma_auto_unroll_max_step": 512, "pragma_unroll_explicit": 1}):
            for ax0, ax1, ax2, ax3, ax4_ax5_fused_0 in T.grid(T.int64(1), T.int64(1), T.int64(1), T.int64(14), T.int64(1)):
                for ax4_ax5_fused_1 in T.thread_binding(T.int64(32), thread="threadIdx.x"):
                    with T.block("pool_sum"):
                        v_ax0 = T.axis.spatial(T.int64(1), ax0)
                        v_ax1 = T.axis.spatial(T.int64(256), ax0_ax1_ax2_ax3_0_fused // T.int64(14) + ax1)
                        v_ax2 = T.axis.spatial(T.int64(14), ax0_ax1_ax2_ax3_0_fused % T.int64(14) + ax2)
                        v_ax3 = T.axis.spatial(T.int64(14), ax3)
                        v_rv0 = T.axis.reduce(T.int64(2), (ax4_ax5_fused_0 * T.int64(32) + ax4_ax5_fused_1) // T.int64(2))
                        v_rv1 = T.axis.reduce(T.int64(2), (ax4_ax5_fused_0 * T.int64(32) + ax4_ax5_fused_1) % T.int64(2))
                        T.where(ax4_ax5_fused_0 * T.int64(32) + ax4_ax5_fused_1 < T.int64(4))
                        T.reads(p0[v_ax0, v_ax1, v_ax2 * T.int64(2) + v_rv0, v_ax3 * T.int64(2) + v_rv1])
                        T.writes(pool_sum_shared[v_ax0, v_ax1, v_ax2, v_ax3])
                        with T.init():
                            pool_sum_shared[v_ax0, v_ax1, v_ax2, v_ax3] = T.float32(0)
                        pool_sum_shared[v_ax0, v_ax1, v_ax2, v_ax3] = pool_sum_shared[v_ax0, v_ax1, v_ax2, v_ax3] + p0[v_ax0, v_ax1, v_ax2 * T.int64(2) + v_rv0, v_ax3 * T.int64(2) + v_rv1]
            for ax3_1 in T.thread_binding(T.int64(32), thread="threadIdx.x"):
                with T.block("pool_avg"):
                    v_ax0 = T.axis.spatial(T.int64(1), T.int64(0))
                    v_ax1 = T.axis.spatial(T.int64(256), ax0_ax1_ax2_ax3_0_fused // T.int64(14))
                    v_ax2 = T.axis.spatial(T.int64(14), ax0_ax1_ax2_ax3_0_fused % T.int64(14))
                    v_ax3 = T.axis.spatial(T.int64(14), ax3_1)
                    T.where(T.Mul(T.int64(0), T.int64(32)) + ax3_1 < T.int64(14))
                    T.reads(pool_sum_shared[v_ax0, v_ax1, v_ax2, v_ax3])
                    T.writes(pool_avg[v_ax0, v_ax1, v_ax2, v_ax3])
                    pool_avg[v_ax0, v_ax1, v_ax2, v_ax3] = pool_sum_shared[v_ax0, v_ax1, v_ax2, v_ax3] / T.Cast("float32", T.max((T.min(v_ax2, T.int64(0)) * T.int64(2) + T.min(v_ax2 * T.int64(2) + T.int64(1), T.int64(27)) + T.int64(1) - v_ax2 * T.int64(2)) * (T.min(v_ax3, T.int64(0)) * T.int64(2) + T.min(v_ax3 * T.int64(2) + T.int64(1), T.int64(27)) + T.int64(1) - v_ax3 * T.int64(2)), T.int64(1)))
b0 = sch.get_block(name="pool_sum", func_name="main")
b1 = sch.get_block(name="pool_avg", func_name="main")
b2 = sch.get_block(name="root", func_name="main")
sch.unannotate(block_or_loop=b1, ann_key="schedule_rule")
b3, = sch.get_consumers(block=b0)
l4, l5, l6, l7 = sch.get_loops(block=b3)
v8 = sch.sample_categorical(candidates=[4, 8, 16, 32, 64, 128, 256, 512], probs=[0.125, 0.125, 0.125, 0.125, 0.125, 0.125, 0.125, 0.125], decision=3)
l9, l10 = sch.split(loop=l7, factors=[None, v8], preserve_unit_iters=True)
sch.bind(loop=l10, thread_axis="threadIdx.x")
sch.compute_at(block=b0, loop=l9, preserve_unit_loops=True, index=-1)
sch.set_scope(block=b0, buffer_index=0, storage_scope="shared")
l11, l12, l13, l14, l15, l16, l17, l18, l19, l20 = sch.get_loops(block=b0)
l21 = sch.fuse(l19, l20, preserve_unit_iters=True)
l22, l23 = sch.split(loop=l21, factors=[None, v8], preserve_unit_iters=True)
sch.bind(loop=l23, thread_axis="threadIdx.x")
v24 = sch.sample_categorical(candidates=[0, 16, 64, 512, 1024], probs=[0.20000000000000001, 0.20000000000000001, 0.20000000000000001, 0.20000000000000001, 0.20000000000000001], decision=3)
sch.annotate(block_or_loop=b2, ann_key="meta_schedule.unroll_explicit", ann_val=v24)
l25, l26, l27, l28, l29 = sch.get_loops(block=b1)
l30 = sch.fuse(l25, l26, l27, l28, preserve_unit_iters=True)
sch.bind(loop=l30, thread_axis="blockIdx.x")
sch.enter_postproc()
b31 = sch.get_block(name="root", func_name="main")
sch.unannotate(block_or_loop=b31, ann_key="meta_schedule.unroll_explicit")
b32, b33 = sch.get_child_blocks(b31)
l34, l35, l36, l37, l38, l39, l40 = sch.get_loops(block=b32)
sch.annotate(block_or_loop=l34, ann_key="pragma_auto_unroll_max_step", ann_val=512)
sch.annotate(block_or_loop=l34, ann_key="pragma_unroll_explicit", ann_val=1)
l41, l42 = sch.get_loops(block=b33)
2024-04-29 14:09:46 [INFO] [task_scheduler.cc:131] [Task #177: fused_nn_avg_pool2d_1] Trial #57: GFLOPs: 197.3274. Time: 6.3569 us. Best GFLOPs: 220.9516
2024-04-29 14:09:46 [INFO] [task_scheduler.cc:131] [Task #177: fused_nn_avg_pool2d_1] Trial #58: GFLOPs: 178.1310. Time: 7.0420 us. Best GFLOPs: 220.9516
2024-04-29 14:09:46 [INFO] [task_scheduler.cc:131] [Task #177: fused_nn_avg_pool2d_1] Trial #59: GFLOPs: 200.6778. Time: 6.2508 us. Best GFLOPs: 220.9516
2024-04-29 14:09:46 [INFO] [task_scheduler.cc:131] [Task #177: fused_nn_avg_pool2d_1] Trial #60: GFLOPs: 201.1866. Time: 6.2350 us. Best GFLOPs: 220.9516
2024-04-29 14:09:46 [INFO] [task_scheduler.cc:131] [Task #177: fused_nn_avg_pool2d_1] Trial #61: GFLOPs: 202.1654. Time: 6.2048 us. Best GFLOPs: 220.9516
2024-04-29 14:09:46 [INFO] [task_scheduler.cc:131] [Task #177: fused_nn_avg_pool2d_1] Trial #62: GFLOPs: 185.6733. Time: 6.7560 us. Best GFLOPs: 220.9516
2024-04-29 14:09:46 [INFO] [task_scheduler.cc:131] [Task #177: fused_nn_avg_pool2d_1] Trial #63: GFLOPs: 13.9166. Time: 90.1371 us. Best GFLOPs: 220.9516
2024-04-29 14:09:46 [INFO] [task_scheduler.cc:131] [Task #177: fused_nn_avg_pool2d_1] Trial #64: GFLOPs: 177.9492. Time: 7.0492 us. Best GFLOPs: 220.9516
