2024-03-21 07:30:26 [INFO] [task_scheduler.cc:160] Initializing Task #165: "fused_nn_avg_pool2d"
2024-03-21 07:30:26 [INFO] [task_scheduler.cc:35] 
# from tvm.script import ir as I
# from tvm.script import tir as T

@I.ir_module
class Module:
    @T.prim_func
    def main(p0: T.Buffer((T.int64(1), T.int64(192), T.int64(56), T.int64(56)), "float32"), pool_avg: T.Buffer((T.int64(1), T.int64(192), T.int64(28), T.int64(28)), "float32")):
        T.func_attr({"tir.noalias": T.bool(True)})
        # with T.block("root"):
        pool_sum = T.alloc_buffer((T.int64(1), T.int64(192), T.int64(28), T.int64(28)))
        for ax0, ax1, ax2, ax3, rv0, rv1 in T.grid(T.int64(1), T.int64(192), T.int64(28), T.int64(28), T.int64(2), T.int64(2)):
            with T.block("pool_sum"):
                v_ax0, v_ax1, v_ax2, v_ax3, v_rv0, v_rv1 = T.axis.remap("SSSSRR", [ax0, ax1, ax2, ax3, rv0, rv1])
                T.reads(p0[v_ax0, v_ax1, v_ax2 * T.int64(2) + v_rv0, v_ax3 * T.int64(2) + v_rv1])
                T.writes(pool_sum[v_ax0, v_ax1, v_ax2, v_ax3])
                with T.init():
                    pool_sum[v_ax0, v_ax1, v_ax2, v_ax3] = T.float32(0)
                pool_sum[v_ax0, v_ax1, v_ax2, v_ax3] = pool_sum[v_ax0, v_ax1, v_ax2, v_ax3] + p0[v_ax0, v_ax1, v_ax2 * T.int64(2) + v_rv0, v_ax3 * T.int64(2) + v_rv1]
        for ax0, ax1, ax2, ax3 in T.grid(T.int64(1), T.int64(192), T.int64(28), T.int64(28)):
            with T.block("pool_avg"):
                v_ax0, v_ax1, v_ax2, v_ax3 = T.axis.remap("SSSS", [ax0, ax1, ax2, ax3])
                T.reads(pool_sum[v_ax0, v_ax1, v_ax2, v_ax3])
                T.writes(pool_avg[v_ax0, v_ax1, v_ax2, v_ax3])
                T.block_attr({"schedule_rule": "meta_schedule.pool_avg"})
                pool_avg[v_ax0, v_ax1, v_ax2, v_ax3] = pool_sum[v_ax0, v_ax1, v_ax2, v_ax3] / T.Cast("float32", T.max((T.min(v_ax2, T.int64(0)) * T.int64(2) + T.min(v_ax2 * T.int64(2) + T.int64(1), T.int64(55)) + T.int64(1) - v_ax2 * T.int64(2)) * (T.min(v_ax3, T.int64(0)) * T.int64(2) + T.min(v_ax3 * T.int64(2) + T.int64(1), T.int64(55)) + T.int64(1) - v_ax3 * T.int64(2)), T.int64(1)))
2024-03-21 07:30:26 [INFO] [task_scheduler.cc:164] Total 2 design space(s) generated
2024-03-21 07:30:26 [INFO] [task_scheduler.cc:170] Design space #0:
# from tvm.script import ir as I
# from tvm.script import tir as T

@I.ir_module
class Module:
    @T.prim_func
    def main(p0: T.Buffer((T.int64(1), T.int64(192), T.int64(56), T.int64(56)), "float32"), pool_avg: T.Buffer((T.int64(1), T.int64(192), T.int64(28), T.int64(28)), "float32")):
        T.func_attr({"tir.noalias": T.bool(True)})
        with T.block("root"):
            T.reads()
            T.writes()
            T.block_attr({"meta_schedule.unroll_explicit": 1024})
            pool_sum = T.alloc_buffer((T.int64(1), T.int64(192), T.int64(28), T.int64(28)))
            for ax0_ax1_ax2_ax3_fused_0 in T.thread_binding(T.int64(147), thread="blockIdx.x"):
                for ax0_ax1_ax2_ax3_fused_1 in T.thread_binding(T.int64(1024), thread="threadIdx.x"):
                    for rv0, rv1 in T.grid(T.int64(2), T.int64(2)):
                        with T.block("pool_sum"):
                            v_ax0 = T.axis.spatial(T.int64(1), T.int64(0))
                            v_ax1 = T.axis.spatial(T.int64(192), (ax0_ax1_ax2_ax3_fused_0 * T.int64(1024) + ax0_ax1_ax2_ax3_fused_1) // T.int64(784))
                            v_ax2 = T.axis.spatial(T.int64(28), (ax0_ax1_ax2_ax3_fused_0 * T.int64(1024) + ax0_ax1_ax2_ax3_fused_1) % T.int64(784) // T.int64(28))
                            v_ax3 = T.axis.spatial(T.int64(28), (ax0_ax1_ax2_ax3_fused_0 * T.int64(1024) + ax0_ax1_ax2_ax3_fused_1) % T.int64(28))
                            v_rv0, v_rv1 = T.axis.remap("RR", [rv0, rv1])
                            T.reads(p0[v_ax0, v_ax1, v_ax2 * T.int64(2) + v_rv0, v_ax3 * T.int64(2) + v_rv1])
                            T.writes(pool_sum[v_ax0, v_ax1, v_ax2, v_ax3])
                            with T.init():
                                pool_sum[v_ax0, v_ax1, v_ax2, v_ax3] = T.float32(0)
                            pool_sum[v_ax0, v_ax1, v_ax2, v_ax3] = pool_sum[v_ax0, v_ax1, v_ax2, v_ax3] + p0[v_ax0, v_ax1, v_ax2 * T.int64(2) + v_rv0, v_ax3 * T.int64(2) + v_rv1]
            for ax0_ax1_ax2_ax3_fused_0 in T.thread_binding(T.int64(294), thread="blockIdx.x"):
                for ax0_ax1_ax2_ax3_fused_1 in T.thread_binding(T.int64(512), thread="threadIdx.x"):
                    with T.block("pool_avg"):
                        v_ax0 = T.axis.spatial(T.int64(1), T.int64(0))
                        v_ax1 = T.axis.spatial(T.int64(192), (ax0_ax1_ax2_ax3_fused_0 * T.int64(512) + ax0_ax1_ax2_ax3_fused_1) // T.int64(784))
                        v_ax2 = T.axis.spatial(T.int64(28), (ax0_ax1_ax2_ax3_fused_0 * T.int64(512) + ax0_ax1_ax2_ax3_fused_1) % T.int64(784) // T.int64(28))
                        v_ax3 = T.axis.spatial(T.int64(28), (ax0_ax1_ax2_ax3_fused_0 * T.int64(512) + ax0_ax1_ax2_ax3_fused_1) % T.int64(28))
                        T.reads(pool_sum[v_ax0, v_ax1, v_ax2, v_ax3])
                        T.writes(pool_avg[v_ax0, v_ax1, v_ax2, v_ax3])
                        pool_avg[v_ax0, v_ax1, v_ax2, v_ax3] = pool_sum[v_ax0, v_ax1, v_ax2, v_ax3] / T.Cast("float32", T.max((T.min(v_ax2, T.int64(0)) * T.int64(2) + T.min(v_ax2 * T.int64(2) + T.int64(1), T.int64(55)) + T.int64(1) - v_ax2 * T.int64(2)) * (T.min(v_ax3, T.int64(0)) * T.int64(2) + T.min(v_ax3 * T.int64(2) + T.int64(1), T.int64(55)) + T.int64(1) - v_ax3 * T.int64(2)), T.int64(1)))
b0 = sch.get_block(name="pool_sum", func_name="main")
b1 = sch.get_block(name="pool_avg", func_name="main")
b2 = sch.get_block(name="root", func_name="main")
sch.unannotate(block_or_loop=b1, ann_key="schedule_rule")
v3 = sch.sample_categorical(candidates=[0, 16, 64, 512, 1024], probs=[0.20000000000000001, 0.20000000000000001, 0.20000000000000001, 0.20000000000000001, 0.20000000000000001], decision=4)
sch.annotate(block_or_loop=b2, ann_key="meta_schedule.unroll_explicit", ann_val=v3)
l4, l5, l6, l7 = sch.get_loops(block=b1)
l8 = sch.fuse(l4, l5, l6, l7, preserve_unit_iters=True)
v9 = sch.sample_categorical(candidates=[32, 64, 128, 256, 512, 1024], probs=[0.16666666666666666, 0.16666666666666666, 0.16666666666666666, 0.16666666666666666, 0.16666666666666666, 0.16666666666666666], decision=4)
l10, l11 = sch.split(loop=l8, factors=[None, v9], preserve_unit_iters=True)
sch.bind(loop=l10, thread_axis="blockIdx.x")
sch.bind(loop=l11, thread_axis="threadIdx.x")
l12, l13, l14, l15, l16, l17 = sch.get_loops(block=b0)
l18 = sch.fuse(l12, l13, l14, l15, preserve_unit_iters=True)
v19 = sch.sample_categorical(candidates=[32, 64, 128, 256, 512, 1024], probs=[0.16666666666666666, 0.16666666666666666, 0.16666666666666666, 0.16666666666666666, 0.16666666666666666, 0.16666666666666666], decision=5)
l20, l21 = sch.split(loop=l18, factors=[None, v19], preserve_unit_iters=True)
sch.bind(loop=l20, thread_axis="blockIdx.x")
sch.bind(loop=l21, thread_axis="threadIdx.x")
2024-03-21 07:30:26 [INFO] [task_scheduler.cc:170] Design space #1:
# from tvm.script import ir as I
# from tvm.script import tir as T

@I.ir_module
class Module:
    @T.prim_func
    def main(p0: T.Buffer((T.int64(1), T.int64(192), T.int64(56), T.int64(56)), "float32"), pool_avg: T.Buffer((T.int64(1), T.int64(192), T.int64(28), T.int64(28)), "float32")):
        T.func_attr({"tir.noalias": T.bool(True)})
        with T.block("root"):
            T.reads()
            T.writes()
            T.block_attr({"meta_schedule.unroll_explicit": 64})
            pool_sum_shared = T.alloc_buffer((T.int64(1), T.int64(192), T.int64(28), T.int64(28)), scope="shared")
            for ax0_ax1_ax2_ax3_0_fused in T.thread_binding(T.int64(21504), thread="blockIdx.x"):
                for ax0, ax1, ax2, ax3, ax4_ax5_fused_0 in T.grid(T.int64(1), T.int64(1), T.int64(1), T.int64(8), T.int64(1)):
                    for ax4_ax5_fused_1 in T.thread_binding(T.int64(8), thread="threadIdx.x"):
                        with T.block("pool_sum"):
                            v_ax0 = T.axis.spatial(T.int64(1), ax0)
                            v_ax1 = T.axis.spatial(T.int64(192), ax0_ax1_ax2_ax3_0_fused // T.int64(112) + ax1)
                            v_ax2 = T.axis.spatial(T.int64(28), ax0_ax1_ax2_ax3_0_fused % T.int64(112) // T.int64(4) + ax2)
                            v_ax3 = T.axis.spatial(T.int64(28), ax0_ax1_ax2_ax3_0_fused % T.int64(4) * T.int64(8) + ax3)
                            v_rv0 = T.axis.reduce(T.int64(2), (ax4_ax5_fused_0 * T.int64(8) + ax4_ax5_fused_1) // T.int64(2))
                            v_rv1 = T.axis.reduce(T.int64(2), (ax4_ax5_fused_0 * T.int64(8) + ax4_ax5_fused_1) % T.int64(2))
                            T.where(ax0_ax1_ax2_ax3_0_fused % T.int64(4) * T.int64(8) + ax3 < T.int64(28) and ax4_ax5_fused_0 * T.int64(8) + ax4_ax5_fused_1 < T.int64(4))
                            T.reads(p0[v_ax0, v_ax1, v_ax2 * T.int64(2) + v_rv0, v_ax3 * T.int64(2) + v_rv1])
                            T.writes(pool_sum_shared[v_ax0, v_ax1, v_ax2, v_ax3])
                            with T.init():
                                pool_sum_shared[v_ax0, v_ax1, v_ax2, v_ax3] = T.float32(0)
                            pool_sum_shared[v_ax0, v_ax1, v_ax2, v_ax3] = pool_sum_shared[v_ax0, v_ax1, v_ax2, v_ax3] + p0[v_ax0, v_ax1, v_ax2 * T.int64(2) + v_rv0, v_ax3 * T.int64(2) + v_rv1]
                for ax3_1 in T.thread_binding(T.int64(8), thread="threadIdx.x"):
                    with T.block("pool_avg"):
                        v_ax0 = T.axis.spatial(T.int64(1), T.int64(0))
                        v_ax1 = T.axis.spatial(T.int64(192), ax0_ax1_ax2_ax3_0_fused // T.int64(112))
                        v_ax2 = T.axis.spatial(T.int64(28), ax0_ax1_ax2_ax3_0_fused % T.int64(112) // T.int64(4))
                        v_ax3 = T.axis.spatial(T.int64(28), ax0_ax1_ax2_ax3_0_fused % T.int64(4) * T.int64(8) + ax3_1)
                        T.where(ax0_ax1_ax2_ax3_0_fused % T.int64(4) * T.int64(8) + ax3_1 < T.int64(28))
                        T.reads(pool_sum_shared[v_ax0, v_ax1, v_ax2, v_ax3])
                        T.writes(pool_avg[v_ax0, v_ax1, v_ax2, v_ax3])
                        pool_avg[v_ax0, v_ax1, v_ax2, v_ax3] = pool_sum_shared[v_ax0, v_ax1, v_ax2, v_ax3] / T.Cast("float32", T.max((T.min(v_ax2, T.int64(0)) * T.int64(2) + T.min(v_ax2 * T.int64(2) + T.int64(1), T.int64(55)) + T.int64(1) - v_ax2 * T.int64(2)) * (T.min(v_ax3, T.int64(0)) * T.int64(2) + T.min(v_ax3 * T.int64(2) + T.int64(1), T.int64(55)) + T.int64(1) - v_ax3 * T.int64(2)), T.int64(1)))
b0 = sch.get_block(name="pool_sum", func_name="main")
b1 = sch.get_block(name="pool_avg", func_name="main")
b2 = sch.get_block(name="root", func_name="main")
sch.unannotate(block_or_loop=b1, ann_key="schedule_rule")
b3, = sch.get_consumers(block=b0)
l4, l5, l6, l7 = sch.get_loops(block=b3)
v8 = sch.sample_categorical(candidates=[4, 8, 16, 32, 64, 128, 256, 512], probs=[0.125, 0.125, 0.125, 0.125, 0.125, 0.125, 0.125, 0.125], decision=1)
l9, l10 = sch.split(loop=l7, factors=[None, v8], preserve_unit_iters=True)
sch.bind(loop=l10, thread_axis="threadIdx.x")
sch.compute_at(block=b0, loop=l9, preserve_unit_loops=True, index=-1)
sch.set_scope(block=b0, buffer_index=0, storage_scope="shared")
l11, l12, l13, l14, l15, l16, l17, l18, l19, l20 = sch.get_loops(block=b0)
l21 = sch.fuse(l19, l20, preserve_unit_iters=True)
l22, l23 = sch.split(loop=l21, factors=[None, v8], preserve_unit_iters=True)
sch.bind(loop=l23, thread_axis="threadIdx.x")
v24 = sch.sample_categorical(candidates=[0, 16, 64, 512, 1024], probs=[0.20000000000000001, 0.20000000000000001, 0.20000000000000001, 0.20000000000000001, 0.20000000000000001], decision=2)
sch.annotate(block_or_loop=b2, ann_key="meta_schedule.unroll_explicit", ann_val=v24)
l25, l26, l27, l28, l29 = sch.get_loops(block=b1)
l30 = sch.fuse(l25, l26, l27, l28, preserve_unit_iters=True)
sch.bind(loop=l30, thread_axis="blockIdx.x")
2024-03-21 09:03:32 [INFO] [evolutionary_search.cc:713] Generating candidates......
2024-03-21 09:03:32 [INFO] [evolutionary_search.cc:715] Picked top 0 candidate(s) from database
2024-03-21 09:03:32 [INFO] [evolutionary_search.cc:533] Sample-Init-Population summary:
Postproc #0 [meta_schedule.DisallowDynamicLoop(0x61c8f1533ba8)]: 0 failure(s)
Postproc #1 [meta_schedule.RewriteCooperativeFetch(0x61c8ef9a2628)]: 0 failure(s)
Postproc #2 [meta_schedule.RewriteUnboundBlock(0x61c8ef8af6e8)]: 0 failure(s)
Postproc #3 [meta_schedule.RewriteParallelVectorizeUnroll(0x61c8f001c248)]: 0 failure(s)
Postproc #4 [meta_schedule.RewriteReductionBlock(0x61c8eeb02b88)]: 0 failure(s)
Postproc #5 [meta_schedule.VerifyGPUCode(0x61c8eecb41d8)]: 0 failure(s)
Postproc #6 [meta_schedule.RewriteTensorize(0x61c8f03a75b8)]: 0 failure(s)
2024-03-21 09:03:32 [INFO] [evolutionary_search.cc:723] Sampled 512 candidate(s)
2024-03-21 09:03:32 [INFO] [evolutionary_search.cc:621] Evolve iter #0 done. Summary:
Postproc #0 [meta_schedule.DisallowDynamicLoop(0x61c8f1533ba8)]: 0 failure(s)
Postproc #1 [meta_schedule.RewriteCooperativeFetch(0x61c8ef9a2628)]: 0 failure(s)
Postproc #2 [meta_schedule.RewriteUnboundBlock(0x61c8ef8af6e8)]: 0 failure(s)
Postproc #3 [meta_schedule.RewriteParallelVectorizeUnroll(0x61c8f001c248)]: 0 failure(s)
Postproc #4 [meta_schedule.RewriteReductionBlock(0x61c8eeb02b88)]: 0 failure(s)
Postproc #5 [meta_schedule.VerifyGPUCode(0x61c8eecb41d8)]: 0 failure(s)
Postproc #6 [meta_schedule.RewriteTensorize(0x61c8f03a75b8)]: 0 failure(s)
2024-03-21 09:03:33 [INFO] [evolutionary_search.cc:621] Evolve iter #1 done. Summary:
Postproc #0 [meta_schedule.DisallowDynamicLoop(0x61c8f1533ba8)]: 0 failure(s)
Postproc #1 [meta_schedule.RewriteCooperativeFetch(0x61c8ef9a2628)]: 0 failure(s)
Postproc #2 [meta_schedule.RewriteUnboundBlock(0x61c8ef8af6e8)]: 0 failure(s)
Postproc #3 [meta_schedule.RewriteParallelVectorizeUnroll(0x61c8f001c248)]: 0 failure(s)
Postproc #4 [meta_schedule.RewriteReductionBlock(0x61c8eeb02b88)]: 0 failure(s)
Postproc #5 [meta_schedule.VerifyGPUCode(0x61c8eecb41d8)]: 0 failure(s)
Postproc #6 [meta_schedule.RewriteTensorize(0x61c8f03a75b8)]: 0 failure(s)
2024-03-21 09:03:33 [INFO] [evolutionary_search.cc:621] Evolve iter #2 done. Summary:
Postproc #0 [meta_schedule.DisallowDynamicLoop(0x61c8f1533ba8)]: 0 failure(s)
Postproc #1 [meta_schedule.RewriteCooperativeFetch(0x61c8ef9a2628)]: 0 failure(s)
Postproc #2 [meta_schedule.RewriteUnboundBlock(0x61c8ef8af6e8)]: 0 failure(s)
Postproc #3 [meta_schedule.RewriteParallelVectorizeUnroll(0x61c8f001c248)]: 0 failure(s)
Postproc #4 [meta_schedule.RewriteReductionBlock(0x61c8eeb02b88)]: 0 failure(s)
Postproc #5 [meta_schedule.VerifyGPUCode(0x61c8eecb41d8)]: 0 failure(s)
Postproc #6 [meta_schedule.RewriteTensorize(0x61c8f03a75b8)]: 0 failure(s)
2024-03-21 09:03:33 [INFO] [evolutionary_search.cc:621] Evolve iter #3 done. Summary:
Postproc #0 [meta_schedule.DisallowDynamicLoop(0x61c8f1533ba8)]: 0 failure(s)
Postproc #1 [meta_schedule.RewriteCooperativeFetch(0x61c8ef9a2628)]: 0 failure(s)
Postproc #2 [meta_schedule.RewriteUnboundBlock(0x61c8ef8af6e8)]: 0 failure(s)
Postproc #3 [meta_schedule.RewriteParallelVectorizeUnroll(0x61c8f001c248)]: 0 failure(s)
Postproc #4 [meta_schedule.RewriteReductionBlock(0x61c8eeb02b88)]: 0 failure(s)
Postproc #5 [meta_schedule.VerifyGPUCode(0x61c8eecb41d8)]: 0 failure(s)
Postproc #6 [meta_schedule.RewriteTensorize(0x61c8f03a75b8)]: 0 failure(s)
2024-03-21 09:03:33 [INFO] [evolutionary_search.cc:649] Scores of the best 64 candidates:
[1 : 16]:	0.9939  0.9929  0.9800  0.9745  0.9721  0.9649  0.9567  0.9542  0.9518  0.9472  0.9437  0.9415  0.9277  0.9194  0.9132  0.9093
[17 : 32]:	0.9067  0.9049  0.9037  0.9006  0.8988  0.8918  0.8884  0.8836  0.8799  0.8798  0.8689  0.8644  0.8641  0.8637  0.8615  0.8615
[33 : 48]:	0.8597  0.8584  0.8568  0.8367  0.8361  0.8268  0.8253  0.8241  0.8160  0.8104  0.8086  0.8045  0.8020  0.7910  0.7851  0.7797
[49 : 64]:	0.7766  0.7755  0.7733  0.7730  0.7657  0.7648  0.7488  0.7487  0.7442  0.7352  0.7282  0.7278  0.7278  0.7267  0.7258  0.7231
2024-03-21 09:03:33 [INFO] [evolutionary_search.cc:727] Got 64 candidate(s) with evolutionary search
2024-03-21 09:03:33 [INFO] [evolutionary_search.cc:730] Sending 63 candidates(s) for measurement
2024-03-21 09:12:20 [INFO] [task_scheduler.cc:131] [Task #165: fused_nn_avg_pool2d] Trial #1: GFLOPs: 809.1789. Time: 4.6506 us. Best GFLOPs: 809.1789
2024-03-21 09:12:20 [INFO] [task_scheduler.cc:131] [Task #165: fused_nn_avg_pool2d] Trial #2: GFLOPs: 781.4702. Time: 4.8155 us. Best GFLOPs: 809.1789
2024-03-21 09:12:20 [INFO] [task_scheduler.cc:131] [Task #165: fused_nn_avg_pool2d] Trial #3: GFLOPs: 762.3578. Time: 4.9363 us. Best GFLOPs: 809.1789
2024-03-21 09:12:20 [INFO] [task_scheduler.cc:131] [Task #165: fused_nn_avg_pool2d] Trial #4: GFLOPs: 742.0201. Time: 5.0716 us. Best GFLOPs: 809.1789
2024-03-21 09:12:20 [INFO] [task_scheduler.cc:131] [Task #165: fused_nn_avg_pool2d] Trial #5: GFLOPs: 651.6982. Time: 5.7745 us. Best GFLOPs: 809.1789
2024-03-21 09:12:20 [INFO] [task_scheduler.cc:131] [Task #165: fused_nn_avg_pool2d] Trial #6: GFLOPs: 605.2439. Time: 6.2177 us. Best GFLOPs: 809.1789
2024-03-21 09:12:20 [INFO] [task_scheduler.cc:131] [Task #165: fused_nn_avg_pool2d] Trial #7: GFLOPs: 670.6919. Time: 5.6109 us. Best GFLOPs: 809.1789
2024-03-21 09:12:20 [INFO] [task_scheduler.cc:131] [Task #165: fused_nn_avg_pool2d] Trial #8: GFLOPs: 677.0186. Time: 5.5585 us. Best GFLOPs: 809.1789
2024-03-21 09:12:20 [INFO] [task_scheduler.cc:131] [Task #165: fused_nn_avg_pool2d] Trial #9: GFLOPs: 594.9385. Time: 6.3254 us. Best GFLOPs: 809.1789
2024-03-21 09:12:20 [INFO] [task_scheduler.cc:131] [Task #165: fused_nn_avg_pool2d] Trial #10: GFLOPs: 762.1935. Time: 4.9373 us. Best GFLOPs: 809.1789
2024-03-21 09:12:20 [INFO] [task_scheduler.cc:131] [Task #165: fused_nn_avg_pool2d] Trial #11: GFLOPs: 798.8685. Time: 4.7107 us. Best GFLOPs: 809.1789
2024-03-21 09:12:20 [INFO] [task_scheduler.cc:131] [Task #165: fused_nn_avg_pool2d] Trial #12: GFLOPs: 689.8210. Time: 5.4553 us. Best GFLOPs: 809.1789
2024-03-21 09:12:20 [INFO] [task_scheduler.cc:131] [Task #165: fused_nn_avg_pool2d] Trial #13: GFLOPs: 439.1583. Time: 8.5691 us. Best GFLOPs: 809.1789
2024-03-21 09:12:20 [INFO] [task_scheduler.cc:131] [Task #165: fused_nn_avg_pool2d] Trial #14: GFLOPs: 439.1649. Time: 8.5690 us. Best GFLOPs: 809.1789
2024-03-21 09:12:20 [INFO] [task_scheduler.cc:131] [Task #165: fused_nn_avg_pool2d] Trial #15: GFLOPs: 789.7926. Time: 4.7648 us. Best GFLOPs: 809.1789
2024-03-21 09:12:20 [INFO] [task_scheduler.cc:131] [Task #165: fused_nn_avg_pool2d] Trial #16: GFLOPs: 791.4109. Time: 4.7551 us. Best GFLOPs: 809.1789
2024-03-21 09:12:20 [INFO] [task_scheduler.cc:131] [Task #165: fused_nn_avg_pool2d] Trial #17: GFLOPs: 535.6104. Time: 7.0260 us. Best GFLOPs: 809.1789
2024-03-21 09:12:20 [INFO] [task_scheduler.cc:131] [Task #165: fused_nn_avg_pool2d] Trial #18: GFLOPs: 798.8115. Time: 4.7110 us. Best GFLOPs: 809.1789
2024-03-21 09:12:20 [INFO] [task_scheduler.cc:131] [Task #165: fused_nn_avg_pool2d] Trial #19: GFLOPs: 676.7948. Time: 5.5603 us. Best GFLOPs: 809.1789
2024-03-21 09:12:20 [INFO] [task_scheduler.cc:131] [Task #165: fused_nn_avg_pool2d] Trial #20: GFLOPs: 661.7730. Time: 5.6865 us. Best GFLOPs: 809.1789
2024-03-21 09:12:20 [INFO] [task_scheduler.cc:131] [Task #165: fused_nn_avg_pool2d] Trial #21: GFLOPs: 683.5526. Time: 5.5054 us. Best GFLOPs: 809.1789
2024-03-21 09:12:20 [INFO] [task_scheduler.cc:131] [Task #165: fused_nn_avg_pool2d] Trial #22: GFLOPs: 636.9314. Time: 5.9083 us. Best GFLOPs: 809.1789
2024-03-21 09:12:20 [INFO] [task_scheduler.cc:131] [Task #165: fused_nn_avg_pool2d] Trial #23: GFLOPs: 484.1826. Time: 7.7723 us. Best GFLOPs: 809.1789
2024-03-21 09:12:20 [INFO] [task_scheduler.cc:131] [Task #165: fused_nn_avg_pool2d] Trial #24: GFLOPs: 741.7676. Time: 5.0733 us. Best GFLOPs: 809.1789
2024-03-21 09:12:20 [INFO] [task_scheduler.cc:121] [Task #165: fused_nn_avg_pool2d] Trial #25: Error in building:
LocalBuilder: An exception occurred
Traceback (most recent call last):
  File "/home/canesche/tvm-0.16.dev0/python/tvm/exec/popen_worker.py", line 87, in main
    result = fn(*args, **kwargs)
  File "/home/canesche/tvm-0.16.dev0/python/tvm/meta_schedule/builder/local_builder.py", line 165, in <lambda>
    lambda x: _worker_func(*x),
  File "/home/canesche/tvm-0.16.dev0/python/tvm/meta_schedule/builder/local_builder.py", line 231, in _worker_func
    rt_mod: Module = f_build(mod, target, _deserialize_params(params))
  File "/home/canesche/tvm-0.16.dev0/python/tvm/_ffi/_ctypes/packed_func.py", line 239, in __call__
    raise_last_ffi_error()
  File "/home/canesche/tvm-0.16.dev0/python/tvm/_ffi/base.py", line 481, in raise_last_ffi_error
    raise py_err
  File "/home/canesche/tvm-0.16.dev0/python/tvm/meta_schedule/builder/local_builder.py", line 261, in default_build
    return tvm_build(mod, target=target)
  File "/home/canesche/tvm-0.16.dev0/python/tvm/driver/build_module.py", line 281, in build
    rt_mod_host = _driver_ffi.tir_to_runtime(annotated_mods, target_host)
  File "/home/canesche/tvm-0.16.dev0/python/tvm/_ffi/_ctypes/packed_func.py", line 239, in __call__
    raise_last_ffi_error()
  File "/home/canesche/tvm-0.16.dev0/python/tvm/_ffi/base.py", line 481, in raise_last_ffi_error
    raise py_err
tvm.error.InternalError: Traceback (most recent call last):
  43: tvm::runtime::PackedFuncObj::Extractor<tvm::runtime::PackedFuncSubObj<tvm::runtime::TypedPackedFunc<tvm::runtime::Module (tvm::runtime::Map<tvm::Target, tvm::IRModule, void, void> const&, tvm::Target)>::AssignTypedLambda<tvm::__mk_TVM22::{lambda(tvm::runtime::Map<tvm::Target, tvm::IRModule, void, void> const&, tvm::Target)#1}>(tvm::__mk_TVM22::{lambda(tvm::runtime::Map<tvm::Target, tvm::IRModule, void, void> const&, tvm::Target)#1}, std::__cxx11::basic_string<char, std::char_traits<char>, std::allocator<char> >)::{lambda(tvm::runtime::TVMArgs const&, tvm::runtime::TVMRetValue*)#1}> >::Call(tvm::runtime::PackedFuncObj const*, std::__cxx11::basic_string<char, std::char_traits<char>, std::allocator<char> >, tvm::runtime::TVMRetValue)
  42: tvm::TIRToRuntime(tvm::runtime::Map<tvm::Target, tvm::IRModule, void, void> const&, tvm::Target const&)
  41: tvm::SplitMixedModule(tvm::IRModule, tvm::Target const&, tvm::Target const&)
  40: tvm::ApplyPasses(tvm::IRModule, tvm::transform::Sequential)
  39: tvm::transform::Pass::operator()(tvm::IRModule) const
  38: tvm::transform::Pass::operator()(tvm::IRModule, tvm::transform::PassContext const&) const
  37: tvm::transform::SequentialNode::operator()(tvm::IRModule, tvm::transform::PassContext const&) const
  36: tvm::transform::Pass::operator()(tvm::IRModule, tvm::transform::PassContext const&) const
  35: tvm::tir::transform::PrimFuncPassNode::operator()(tvm::IRModule, tvm::transform::PassContext const&) const
  34: _ZN3tvm7runtime13PackedFuncObj
  33: tvm::runtime::TypedPackedFunc<tvm::tir::PrimFunc (tvm::tir::PrimFunc, tvm::IRModule, tvm::transform::PassContext)>::AssignTypedLambda<tvm::tir::transform::LowerThreadAllreduce()::{lambda(tvm::tir::PrimFunc, tvm::IRModule, tvm::transform::PassContext)#1}>(tvm::tir::transform::LowerThreadAllreduce()::{lambda(tvm::tir::PrimFunc, tvm::IRModule, tvm::transform::PassContext)#1})::{lambda(tvm::runtime::TVMArgs const&, tvm::runtime::TVMRetValue*)#1}::operator()(tvm::runtime::TVMArgs const&, tvm::runtime::TVMRetValue*) const
  32: tvm::tir::StmtFunctor<tvm::tir::Stmt (tvm::tir::Stmt const&)>::VisitStmt(tvm::tir::Stmt const&)
  31: _ZZN3tvm3tir11StmtFunctorIFNS0_4StmtERKS2_EE10InitVTableEvENUlRKNS_7runti
  30: tvm::tir::ThreadAllreduceBuilder::VisitStmt_(tvm::tir::AttrStmtNode const*)
  29: tvm::tir::StmtMutator::VisitStmt(tvm::tir::Stmt const&)
  28: tvm::tir::StmtFunctor<tvm::tir::Stmt (tvm::tir::Stmt const&)>::VisitStmt(tvm::tir::Stmt const&)
  27: _ZZN3tvm3tir11StmtFunctorIFNS0_4StmtERKS2_EE10InitVTableEvENUlRKNS_7runti
  26: tvm::tir::ThreadAllreduceBuilder::VisitStmt_(tvm::tir::AllocateNode const*)
  25: tvm::tir::StmtMutator::VisitStmt(tvm::tir::Stmt const&)
  24: tvm::tir::StmtFunctor<tvm::tir::Stmt (tvm::tir::Stmt const&)>::VisitStmt(tvm::tir::Stmt const&)
  23: _ZZN3tvm3tir11StmtFunctorIFNS0_4StmtERKS2_EE10InitVTableEvENUlRKNS_7runti
  22: tvm::tir::ThreadAllreduceBuilder::VisitStmt_(tvm::tir::AllocateNode const*)
  21: tvm::tir::StmtMutator::VisitStmt(tvm::tir::Stmt const&)
  20: tvm::tir::StmtFunctor<tvm::tir::Stmt (tvm::tir::Stmt const&)>::VisitStmt(tvm::tir::Stmt const&)
  19: _ZZN3tvm3tir11StmtFunctorIFNS0_4StmtERKS2_EE10InitVTableEvENUlRKNS_7runti
  18: tvm::tir::ThreadAllreduceBuilder::VisitStmt_(tvm::tir::AllocateNode const*)
  17: tvm::tir::StmtMutator::VisitStmt(tvm::tir::Stmt const&)
  16: tvm::tir::StmtFunctor<tvm::tir::Stmt (tvm::tir::Stmt const&)>::VisitStmt(tvm::tir::Stmt const&)
  15: _ZZN3tvm3tir11StmtFunctorIFNS0_4StmtERKS2_EE10InitVTableEvENUlRKNS_7runti
  14: tvm::tir::ThreadAllreduceBuilder::VisitStmt_(tvm::tir::AttrStmtNode const*)
  13: tvm::tir::StmtMutator::VisitStmt(tvm::tir::Stmt const&)
  12: tvm::tir::StmtFunctor<tvm::tir::Stmt (tvm::tir::Stmt const&)>::VisitStmt(tvm::tir::Stmt const&)
  11: _ZZN3tvm3tir11StmtFunctorIFNS0_4StmtERKS2_EE10InitVTableEvENUlRKNS_7runtime9
  10: tvm::runtime::Array<tvm::tir::Stmt, std::enable_if<std::is_base_of<tvm::runtime::ObjectRef, tvm::tir::Stmt>::value, void>::type> tvm::tir::StmtMutator::Internal::MutateArray<tvm::tir::Stmt, tvm::tir::StmtMutator::Internal::Mutate(tvm::tir::StmtMutator*, tvm::runtime::Array<tvm::tir::Stmt, void> const&)::{lambda(tvm::tir::Stmt const&)#1}>(tvm::tir::StmtMutator*, tvm::runtime::Array<tvm::tir::Stmt, std::enable_if<std::is_base_of<tvm::runtime::ObjectRef, tvm::tir::Stmt>::value, void>::type> const&, tvm::tir::StmtMutator::Internal::Mutate(tvm::tir::StmtMutator*, tvm::runtime::Array<tvm::tir::Stmt, void> const&)::{lambda(tvm::tir::Stmt const&)#1})
  9: tvm::runtime::ObjectPtr<tvm::runtime::Object> tvm::runtime::Array<tvm::tir::Stmt, void>::MapHelper<tvm::tir::StmtMutator::Internal::Mutate(tvm::tir::StmtMutator*, tvm::runtime::Array<tvm::tir::Stmt, void> const&)::{lambda(tvm::tir::Stmt const&)#1}, tvm::tir::Stmt>(tvm::runtime::ObjectPtr<tvm::runtime::Object>, tvm::tir::StmtMutator::Internal::Mutate(tvm::tir::StmtMutator*, tvm::runtime::Array<tvm::tir::Stmt, void> const&)::{lambda(tvm::tir::Stmt const&)#1})
  8: tvm::tir::StmtMutator::VisitStmt(tvm::tir::Stmt const&)
  7: tvm::tir::StmtFunctor<tvm::tir::Stmt (tvm::tir::Stmt const&)>::VisitStmt(tvm::tir::Stmt const&)
  6: _ZZN3tvm3tir11StmtFunctorIFNS0_4StmtERKS2_EE10InitVTableEvENUlRKNS_7runti
  5: tvm::tir::ThreadAllreduceBuilder::VisitStmt_(tvm::tir::AttrStmtNode const*)
  4: tvm::tir::StmtMutator::VisitStmt(tvm::tir::Stmt const&)
  3: tvm::tir::StmtFunctor<tvm::tir::Stmt (tvm::tir::Stmt const&)>::VisitStmt(tvm::tir::Stmt const&)
  2: _ZZN3tvm3tir11StmtFunctorIFNS0_4StmtERKS2_EE10InitVTableEvENUlRKNS_7runtime9
  1: tvm::tir::ThreadAllreduceBuilder::VisitStmt_(tvm::tir::EvaluateNode const*)
  0: tvm::tir::ThreadAllreduceBuilder::MakeAllreduce(tvm::tir::CallNode const*)
  File "/home/canesche/tvm-0.16.dev0/src/tir/transforms/lower_thread_allreduce.cc", line 383
InternalError: Check failed: (!load_remap_.count(buffers[i]->data.get())) is false: 

# from tvm.script import ir as I
# from tvm.script import tir as T

@I.ir_module
class Module:
    @T.prim_func
    def main(p0: T.Buffer((T.int64(1), T.int64(192), T.int64(56), T.int64(56)), "float32"), pool_avg: T.Buffer((T.int64(1), T.int64(192), T.int64(28), T.int64(28)), "float32")):
        T.func_attr({"tir.noalias": T.bool(True)})
        # with T.block("root"):
        pool_sum_shared = T.alloc_buffer((T.int64(1), T.int64(192), T.int64(28), T.int64(28)), scope="shared")
        for ax0_ax1_ax2_ax3_0_fused in T.thread_binding(T.int64(37632), thread="blockIdx.x", annotations={"pragma_auto_unroll_max_step": 512, "pragma_unroll_explicit": 1}):
            for ax0, ax1, ax2, ax3, ax4_ax5_fused_0 in T.grid(T.int64(1), T.int64(1), T.int64(1), T.int64(4), T.int64(1)):
                for ax4_ax5_fused_1 in T.thread_binding(T.int64(4), thread="threadIdx.x"):
                    with T.block("pool_sum"):
                        v_ax0 = T.axis.spatial(T.int64(1), ax0)
                        v_ax1 = T.axis.spatial(T.int64(192), ax0_ax1_ax2_ax3_0_fused // T.int64(196) + ax1)
                        v_ax2 = T.axis.spatial(T.int64(28), ax0_ax1_ax2_ax3_0_fused % T.int64(196) // T.int64(7) + ax2)
                        v_ax3 = T.axis.spatial(T.int64(28), ax0_ax1_ax2_ax3_0_fused % T.int64(7) * T.int64(4) + ax3)
                        v_rv0 = T.axis.reduce(T.int64(2), (ax4_ax5_fused_0 * T.int64(4) + ax4_ax5_fused_1) // T.int64(2))
                        v_rv1 = T.axis.reduce(T.int64(2), (ax4_ax5_fused_0 * T.int64(4) + ax4_ax5_fused_1) % T.int64(2))
                        T.reads(p0[v_ax0, v_ax1, v_ax2 * T.int64(2) + v_rv0, v_ax3 * T.int64(2) + v_rv1])
                        T.writes(pool_sum_shared[v_ax0, v_ax1, v_ax2, v_ax3])
                        with T.init():
                            pool_sum_shared[v_ax0, v_ax1, v_ax2, v_ax3] = T.float32(0)
                        pool_sum_shared[v_ax0, v_ax1, v_ax2, v_ax3] = pool_sum_shared[v_ax0, v_ax1, v_ax2, v_ax3] + p0[v_ax0, v_ax1, v_ax2 * T.int64(2) + v_rv0, v_ax3 * T.int64(2) + v_rv1]
            for ax3_1 in T.thread_binding(T.int64(4), thread="threadIdx.x"):
                with T.block("pool_avg"):
                    v_ax0 = T.axis.spatial(T.int64(1), T.int64(0))
                    v_ax1 = T.axis.spatial(T.int64(192), ax0_ax1_ax2_ax3_0_fused // T.int64(196))
                    v_ax2 = T.axis.spatial(T.int64(28), ax0_ax1_ax2_ax3_0_fused % T.int64(196) // T.int64(7))
                    v_ax3 = T.axis.spatial(T.int64(28), ax0_ax1_ax2_ax3_0_fused % T.int64(7) * T.int64(4) + ax3_1)
                    T.reads(pool_sum_shared[v_ax0, v_ax1, v_ax2, v_ax3])
                    T.writes(pool_avg[v_ax0, v_ax1, v_ax2, v_ax3])
                    pool_avg[v_ax0, v_ax1, v_ax2, v_ax3] = pool_sum_shared[v_ax0, v_ax1, v_ax2, v_ax3] / T.Cast("float32", T.max((T.min(v_ax2, T.int64(0)) * T.int64(2) + T.min(v_ax2 * T.int64(2) + T.int64(1), T.int64(55)) + T.int64(1) - v_ax2 * T.int64(2)) * (T.min(v_ax3, T.int64(0)) * T.int64(2) + T.min(v_ax3 * T.int64(2) + T.int64(1), T.int64(55)) + T.int64(1) - v_ax3 * T.int64(2)), T.int64(1)))
b0 = sch.get_block(name="pool_sum", func_name="main")
b1 = sch.get_block(name="pool_avg", func_name="main")
b2 = sch.get_block(name="root", func_name="main")
sch.unannotate(block_or_loop=b1, ann_key="schedule_rule")
b3, = sch.get_consumers(block=b0)
l4, l5, l6, l7 = sch.get_loops(block=b3)
v8 = sch.sample_categorical(candidates=[4, 8, 16, 32, 64, 128, 256, 512], probs=[0.125, 0.125, 0.125, 0.125, 0.125, 0.125, 0.125, 0.125], decision=0)
l9, l10 = sch.split(loop=l7, factors=[None, v8], preserve_unit_iters=True)
sch.bind(loop=l10, thread_axis="threadIdx.x")
sch.compute_at(block=b0, loop=l9, preserve_unit_loops=True, index=-1)
sch.set_scope(block=b0, buffer_index=0, storage_scope="shared")
l11, l12, l13, l14, l15, l16, l17, l18, l19, l20 = sch.get_loops(block=b0)
l21 = sch.fuse(l19, l20, preserve_unit_iters=True)
l22, l23 = sch.split(loop=l21, factors=[None, v8], preserve_unit_iters=True)
sch.bind(loop=l23, thread_axis="threadIdx.x")
v24 = sch.sample_categorical(candidates=[0, 16, 64, 512, 1024], probs=[0.20000000000000001, 0.20000000000000001, 0.20000000000000001, 0.20000000000000001, 0.20000000000000001], decision=3)
sch.annotate(block_or_loop=b2, ann_key="meta_schedule.unroll_explicit", ann_val=v24)
l25, l26, l27, l28, l29 = sch.get_loops(block=b1)
l30 = sch.fuse(l25, l26, l27, l28, preserve_unit_iters=True)
sch.bind(loop=l30, thread_axis="blockIdx.x")
sch.enter_postproc()
b31 = sch.get_block(name="root", func_name="main")
sch.unannotate(block_or_loop=b31, ann_key="meta_schedule.unroll_explicit")
b32, b33 = sch.get_child_blocks(b31)
l34, l35, l36, l37, l38, l39, l40 = sch.get_loops(block=b32)
sch.annotate(block_or_loop=l34, ann_key="pragma_auto_unroll_max_step", ann_val=512)
sch.annotate(block_or_loop=l34, ann_key="pragma_unroll_explicit", ann_val=1)
l41, l42 = sch.get_loops(block=b33)
2024-03-21 09:12:20 [INFO] [task_scheduler.cc:131] [Task #165: fused_nn_avg_pool2d] Trial #26: GFLOPs: 535.6420. Time: 7.0256 us. Best GFLOPs: 809.1789
2024-03-21 09:12:20 [INFO] [task_scheduler.cc:131] [Task #165: fused_nn_avg_pool2d] Trial #27: GFLOPs: 681.4983. Time: 5.5220 us. Best GFLOPs: 809.1789
2024-03-21 09:12:20 [INFO] [task_scheduler.cc:131] [Task #165: fused_nn_avg_pool2d] Trial #28: GFLOPs: 770.0960. Time: 4.8867 us. Best GFLOPs: 809.1789
2024-03-21 09:12:20 [INFO] [task_scheduler.cc:131] [Task #165: fused_nn_avg_pool2d] Trial #29: GFLOPs: 670.9016. Time: 5.6092 us. Best GFLOPs: 809.1789
2024-03-21 09:12:20 [INFO] [task_scheduler.cc:131] [Task #165: fused_nn_avg_pool2d] Trial #30: GFLOPs: 781.0559. Time: 4.8181 us. Best GFLOPs: 809.1789
2024-03-21 09:12:20 [INFO] [task_scheduler.cc:131] [Task #165: fused_nn_avg_pool2d] Trial #31: GFLOPs: 700.5841. Time: 5.3715 us. Best GFLOPs: 809.1789
2024-03-21 09:12:20 [INFO] [task_scheduler.cc:131] [Task #165: fused_nn_avg_pool2d] Trial #32: GFLOPs: 484.0436. Time: 7.7745 us. Best GFLOPs: 809.1789
2024-03-21 09:12:20 [INFO] [task_scheduler.cc:131] [Task #165: fused_nn_avg_pool2d] Trial #33: GFLOPs: 805.4083. Time: 4.6724 us. Best GFLOPs: 809.1789
2024-03-21 09:12:20 [INFO] [task_scheduler.cc:131] [Task #165: fused_nn_avg_pool2d] Trial #34: GFLOPs: 681.5154. Time: 5.5218 us. Best GFLOPs: 809.1789
2024-03-21 09:12:20 [INFO] [task_scheduler.cc:121] [Task #165: fused_nn_avg_pool2d] Trial #35: Error in building:
LocalBuilder: An exception occurred
Traceback (most recent call last):
  File "/home/canesche/tvm-0.16.dev0/python/tvm/exec/popen_worker.py", line 87, in main
    result = fn(*args, **kwargs)
  File "/home/canesche/tvm-0.16.dev0/python/tvm/meta_schedule/builder/local_builder.py", line 165, in <lambda>
    lambda x: _worker_func(*x),
  File "/home/canesche/tvm-0.16.dev0/python/tvm/meta_schedule/builder/local_builder.py", line 231, in _worker_func
    rt_mod: Module = f_build(mod, target, _deserialize_params(params))
  File "/home/canesche/tvm-0.16.dev0/python/tvm/_ffi/_ctypes/packed_func.py", line 239, in __call__
    raise_last_ffi_error()
  File "/home/canesche/tvm-0.16.dev0/python/tvm/_ffi/base.py", line 481, in raise_last_ffi_error
    raise py_err
  File "/home/canesche/tvm-0.16.dev0/python/tvm/meta_schedule/builder/local_builder.py", line 261, in default_build
    return tvm_build(mod, target=target)
  File "/home/canesche/tvm-0.16.dev0/python/tvm/driver/build_module.py", line 281, in build
    rt_mod_host = _driver_ffi.tir_to_runtime(annotated_mods, target_host)
  File "/home/canesche/tvm-0.16.dev0/python/tvm/_ffi/_ctypes/packed_func.py", line 239, in __call__
    raise_last_ffi_error()
  File "/home/canesche/tvm-0.16.dev0/python/tvm/_ffi/base.py", line 481, in raise_last_ffi_error
    raise py_err
tvm.error.InternalError: Traceback (most recent call last):
  43: tvm::runtime::PackedFuncObj::Extractor<tvm::runtime::PackedFuncSubObj<tvm::runtime::TypedPackedFunc<tvm::runtime::Module (tvm::runtime::Map<tvm::Target, tvm::IRModule, void, void> const&, tvm::Target)>::AssignTypedLambda<tvm::__mk_TVM22::{lambda(tvm::runtime::Map<tvm::Target, tvm::IRModule, void, void> const&, tvm::Target)#1}>(tvm::__mk_TVM22::{lambda(tvm::runtime::Map<tvm::Target, tvm::IRModule, void, void> const&, tvm::Target)#1}, std::__cxx11::basic_string<char, std::char_traits<char>, std::allocator<char> >)::{lambda(tvm::runtime::TVMArgs const&, tvm::runtime::TVMRetValue*)#1}> >::Call(tvm::runtime::PackedFuncObj const*, std::__cxx11::basic_string<char, std::char_traits<char>, std::allocator<char> >, tvm::runtime::TVMRetValue)
  42: tvm::TIRToRuntime(tvm::runtime::Map<tvm::Target, tvm::IRModule, void, void> const&, tvm::Target const&)
  41: tvm::SplitMixedModule(tvm::IRModule, tvm::Target const&, tvm::Target const&)
  40: tvm::ApplyPasses(tvm::IRModule, tvm::transform::Sequential)
  39: tvm::transform::Pass::operator()(tvm::IRModule) const
  38: tvm::transform::Pass::operator()(tvm::IRModule, tvm::transform::PassContext const&) const
  37: tvm::transform::SequentialNode::operator()(tvm::IRModule, tvm::transform::PassContext const&) const
  36: tvm::transform::Pass::operator()(tvm::IRModule, tvm::transform::PassContext const&) const
  35: tvm::tir::transform::PrimFuncPassNode::operator()(tvm::IRModule, tvm::transform::PassContext const&) const
  34: _ZN3tvm7runtime13PackedFuncObj
  33: tvm::runtime::TypedPackedFunc<tvm::tir::PrimFunc (tvm::tir::PrimFunc, tvm::IRModule, tvm::transform::PassContext)>::AssignTypedLambda<tvm::tir::transform::LowerThreadAllreduce()::{lambda(tvm::tir::PrimFunc, tvm::IRModule, tvm::transform::PassContext)#1}>(tvm::tir::transform::LowerThreadAllreduce()::{lambda(tvm::tir::PrimFunc, tvm::IRModule, tvm::transform::PassContext)#1})::{lambda(tvm::runtime::TVMArgs const&, tvm::runtime::TVMRetValue*)#1}::operator()(tvm::runtime::TVMArgs const&, tvm::runtime::TVMRetValue*) const
  32: tvm::tir::StmtFunctor<tvm::tir::Stmt (tvm::tir::Stmt const&)>::VisitStmt(tvm::tir::Stmt const&)
  31: _ZZN3tvm3tir11StmtFunctorIFNS0_4StmtERKS2_EE10InitVTableEvENUlRKNS_7runti
  30: tvm::tir::ThreadAllreduceBuilder::VisitStmt_(tvm::tir::AttrStmtNode const*)
  29: tvm::tir::StmtMutator::VisitStmt(tvm::tir::Stmt const&)
  28: tvm::tir::StmtFunctor<tvm::tir::Stmt (tvm::tir::Stmt const&)>::VisitStmt(tvm::tir::Stmt const&)
  27: _ZZN3tvm3tir11StmtFunctorIFNS0_4StmtERKS2_EE10InitVTableEvENUlRKNS_7runti
  26: tvm::tir::ThreadAllreduceBuilder::VisitStmt_(tvm::tir::AllocateNode const*)
  25: tvm::tir::StmtMutator::VisitStmt(tvm::tir::Stmt const&)
  24: tvm::tir::StmtFunctor<tvm::tir::Stmt (tvm::tir::Stmt const&)>::VisitStmt(tvm::tir::Stmt const&)
  23: _ZZN3tvm3tir11StmtFunctorIFNS0_4StmtERKS2_EE10InitVTableEvENUlRKNS_7runti
  22: tvm::tir::ThreadAllreduceBuilder::VisitStmt_(tvm::tir::AllocateNode const*)
  21: tvm::tir::StmtMutator::VisitStmt(tvm::tir::Stmt const&)
  20: tvm::tir::StmtFunctor<tvm::tir::Stmt (tvm::tir::Stmt const&)>::VisitStmt(tvm::tir::Stmt const&)
  19: _ZZN3tvm3tir11StmtFunctorIFNS0_4StmtERKS2_EE10InitVTableEvENUlRKNS_7runti
  18: tvm::tir::ThreadAllreduceBuilder::VisitStmt_(tvm::tir::AllocateNode const*)
  17: tvm::tir::StmtMutator::VisitStmt(tvm::tir::Stmt const&)
  16: tvm::tir::StmtFunctor<tvm::tir::Stmt (tvm::tir::Stmt const&)>::VisitStmt(tvm::tir::Stmt const&)
  15: _ZZN3tvm3tir11StmtFunctorIFNS0_4StmtERKS2_EE10InitVTableEvENUlRKNS_7runti
  14: tvm::tir::ThreadAllreduceBuilder::VisitStmt_(tvm::tir::AttrStmtNode const*)
  13: tvm::tir::StmtMutator::VisitStmt(tvm::tir::Stmt const&)
  12: tvm::tir::StmtFunctor<tvm::tir::Stmt (tvm::tir::Stmt const&)>::VisitStmt(tvm::tir::Stmt const&)
  11: _ZZN3tvm3tir11StmtFunctorIFNS0_4StmtERKS2_EE10InitVTableEvENUlRKNS_7runtime9
  10: tvm::runtime::Array<tvm::tir::Stmt, std::enable_if<std::is_base_of<tvm::runtime::ObjectRef, tvm::tir::Stmt>::value, void>::type> tvm::tir::StmtMutator::Internal::MutateArray<tvm::tir::Stmt, tvm::tir::StmtMutator::Internal::Mutate(tvm::tir::StmtMutator*, tvm::runtime::Array<tvm::tir::Stmt, void> const&)::{lambda(tvm::tir::Stmt const&)#1}>(tvm::tir::StmtMutator*, tvm::runtime::Array<tvm::tir::Stmt, std::enable_if<std::is_base_of<tvm::runtime::ObjectRef, tvm::tir::Stmt>::value, void>::type> const&, tvm::tir::StmtMutator::Internal::Mutate(tvm::tir::StmtMutator*, tvm::runtime::Array<tvm::tir::Stmt, void> const&)::{lambda(tvm::tir::Stmt const&)#1})
  9: tvm::runtime::ObjectPtr<tvm::runtime::Object> tvm::runtime::Array<tvm::tir::Stmt, void>::MapHelper<tvm::tir::StmtMutator::Internal::Mutate(tvm::tir::StmtMutator*, tvm::runtime::Array<tvm::tir::Stmt, void> const&)::{lambda(tvm::tir::Stmt const&)#1}, tvm::tir::Stmt>(tvm::runtime::ObjectPtr<tvm::runtime::Object>, tvm::tir::StmtMutator::Internal::Mutate(tvm::tir::StmtMutator*, tvm::runtime::Array<tvm::tir::Stmt, void> const&)::{lambda(tvm::tir::Stmt const&)#1})
  8: tvm::tir::StmtMutator::VisitStmt(tvm::tir::Stmt const&)
  7: tvm::tir::StmtFunctor<tvm::tir::Stmt (tvm::tir::Stmt const&)>::VisitStmt(tvm::tir::Stmt const&)
  6: _ZZN3tvm3tir11StmtFunctorIFNS0_4StmtERKS2_EE10InitVTableEvENUlRKNS_7runti
  5: tvm::tir::ThreadAllreduceBuilder::VisitStmt_(tvm::tir::AttrStmtNode const*)
  4: tvm::tir::StmtMutator::VisitStmt(tvm::tir::Stmt const&)
  3: tvm::tir::StmtFunctor<tvm::tir::Stmt (tvm::tir::Stmt const&)>::VisitStmt(tvm::tir::Stmt const&)
  2: _ZZN3tvm3tir11StmtFunctorIFNS0_4StmtERKS2_EE10InitVTableEvENUlRKNS_7runtime9
  1: tvm::tir::ThreadAllreduceBuilder::VisitStmt_(tvm::tir::EvaluateNode const*)
  0: tvm::tir::ThreadAllreduceBuilder::MakeAllreduce(tvm::tir::CallNode const*)
  File "/home/canesche/tvm-0.16.dev0/src/tir/transforms/lower_thread_allreduce.cc", line 383
InternalError: Check failed: (!load_remap_.count(buffers[i]->data.get())) is false: 

# from tvm.script import ir as I
# from tvm.script import tir as T

@I.ir_module
class Module:
    @T.prim_func
    def main(p0: T.Buffer((T.int64(1), T.int64(192), T.int64(56), T.int64(56)), "float32"), pool_avg: T.Buffer((T.int64(1), T.int64(192), T.int64(28), T.int64(28)), "float32")):
        T.func_attr({"tir.noalias": T.bool(True)})
        # with T.block("root"):
        pool_sum_shared = T.alloc_buffer((T.int64(1), T.int64(192), T.int64(28), T.int64(28)), scope="shared")
        for ax0_ax1_ax2_ax3_0_fused in T.thread_binding(T.int64(21504), thread="blockIdx.x", annotations={"pragma_auto_unroll_max_step": 512, "pragma_unroll_explicit": 1}):
            for ax0, ax1, ax2, ax3, ax4_ax5_fused_0 in T.grid(T.int64(1), T.int64(1), T.int64(1), T.int64(8), T.int64(1)):
                for ax4_ax5_fused_1 in T.thread_binding(T.int64(8), thread="threadIdx.x"):
                    with T.block("pool_sum"):
                        v_ax0 = T.axis.spatial(T.int64(1), ax0)
                        v_ax1 = T.axis.spatial(T.int64(192), ax0_ax1_ax2_ax3_0_fused // T.int64(112) + ax1)
                        v_ax2 = T.axis.spatial(T.int64(28), ax0_ax1_ax2_ax3_0_fused % T.int64(112) // T.int64(4) + ax2)
                        v_ax3 = T.axis.spatial(T.int64(28), ax0_ax1_ax2_ax3_0_fused % T.int64(4) * T.int64(8) + ax3)
                        v_rv0 = T.axis.reduce(T.int64(2), (ax4_ax5_fused_0 * T.int64(8) + ax4_ax5_fused_1) // T.int64(2))
                        v_rv1 = T.axis.reduce(T.int64(2), (ax4_ax5_fused_0 * T.int64(8) + ax4_ax5_fused_1) % T.int64(2))
                        T.where(ax0_ax1_ax2_ax3_0_fused % T.int64(4) * T.int64(8) + ax3 < T.int64(28) and ax4_ax5_fused_0 * T.int64(8) + ax4_ax5_fused_1 < T.int64(4))
                        T.reads(p0[v_ax0, v_ax1, v_ax2 * T.int64(2) + v_rv0, v_ax3 * T.int64(2) + v_rv1])
                        T.writes(pool_sum_shared[v_ax0, v_ax1, v_ax2, v_ax3])
                        with T.init():
                            pool_sum_shared[v_ax0, v_ax1, v_ax2, v_ax3] = T.float32(0)
                        pool_sum_shared[v_ax0, v_ax1, v_ax2, v_ax3] = pool_sum_shared[v_ax0, v_ax1, v_ax2, v_ax3] + p0[v_ax0, v_ax1, v_ax2 * T.int64(2) + v_rv0, v_ax3 * T.int64(2) + v_rv1]
            for ax3_1 in T.thread_binding(T.int64(8), thread="threadIdx.x"):
                with T.block("pool_avg"):
                    v_ax0 = T.axis.spatial(T.int64(1), T.int64(0))
                    v_ax1 = T.axis.spatial(T.int64(192), ax0_ax1_ax2_ax3_0_fused // T.int64(112))
                    v_ax2 = T.axis.spatial(T.int64(28), ax0_ax1_ax2_ax3_0_fused % T.int64(112) // T.int64(4))
                    v_ax3 = T.axis.spatial(T.int64(28), ax0_ax1_ax2_ax3_0_fused % T.int64(4) * T.int64(8) + ax3_1)
                    T.where(ax0_ax1_ax2_ax3_0_fused % T.int64(4) * T.int64(8) + ax3_1 < T.int64(28))
                    T.reads(pool_sum_shared[v_ax0, v_ax1, v_ax2, v_ax3])
                    T.writes(pool_avg[v_ax0, v_ax1, v_ax2, v_ax3])
                    pool_avg[v_ax0, v_ax1, v_ax2, v_ax3] = pool_sum_shared[v_ax0, v_ax1, v_ax2, v_ax3] / T.Cast("float32", T.max((T.min(v_ax2, T.int64(0)) * T.int64(2) + T.min(v_ax2 * T.int64(2) + T.int64(1), T.int64(55)) + T.int64(1) - v_ax2 * T.int64(2)) * (T.min(v_ax3, T.int64(0)) * T.int64(2) + T.min(v_ax3 * T.int64(2) + T.int64(1), T.int64(55)) + T.int64(1) - v_ax3 * T.int64(2)), T.int64(1)))
b0 = sch.get_block(name="pool_sum", func_name="main")
b1 = sch.get_block(name="pool_avg", func_name="main")
b2 = sch.get_block(name="root", func_name="main")
sch.unannotate(block_or_loop=b1, ann_key="schedule_rule")
b3, = sch.get_consumers(block=b0)
l4, l5, l6, l7 = sch.get_loops(block=b3)
v8 = sch.sample_categorical(candidates=[4, 8, 16, 32, 64, 128, 256, 512], probs=[0.125, 0.125, 0.125, 0.125, 0.125, 0.125, 0.125, 0.125], decision=1)
l9, l10 = sch.split(loop=l7, factors=[None, v8], preserve_unit_iters=True)
sch.bind(loop=l10, thread_axis="threadIdx.x")
sch.compute_at(block=b0, loop=l9, preserve_unit_loops=True, index=-1)
sch.set_scope(block=b0, buffer_index=0, storage_scope="shared")
l11, l12, l13, l14, l15, l16, l17, l18, l19, l20 = sch.get_loops(block=b0)
l21 = sch.fuse(l19, l20, preserve_unit_iters=True)
l22, l23 = sch.split(loop=l21, factors=[None, v8], preserve_unit_iters=True)
sch.bind(loop=l23, thread_axis="threadIdx.x")
v24 = sch.sample_categorical(candidates=[0, 16, 64, 512, 1024], probs=[0.20000000000000001, 0.20000000000000001, 0.20000000000000001, 0.20000000000000001, 0.20000000000000001], decision=3)
sch.annotate(block_or_loop=b2, ann_key="meta_schedule.unroll_explicit", ann_val=v24)
l25, l26, l27, l28, l29 = sch.get_loops(block=b1)
l30 = sch.fuse(l25, l26, l27, l28, preserve_unit_iters=True)
sch.bind(loop=l30, thread_axis="blockIdx.x")
sch.enter_postproc()
b31 = sch.get_block(name="root", func_name="main")
sch.unannotate(block_or_loop=b31, ann_key="meta_schedule.unroll_explicit")
b32, b33 = sch.get_child_blocks(b31)
l34, l35, l36, l37, l38, l39, l40 = sch.get_loops(block=b32)
sch.annotate(block_or_loop=l34, ann_key="pragma_auto_unroll_max_step", ann_val=512)
sch.annotate(block_or_loop=l34, ann_key="pragma_unroll_explicit", ann_val=1)
l41, l42 = sch.get_loops(block=b33)
2024-03-21 09:12:20 [INFO] [task_scheduler.cc:131] [Task #165: fused_nn_avg_pool2d] Trial #36: GFLOPs: 770.0897. Time: 4.8867 us. Best GFLOPs: 809.1789
2024-03-21 09:12:20 [INFO] [task_scheduler.cc:131] [Task #165: fused_nn_avg_pool2d] Trial #37: GFLOPs: 700.6179. Time: 5.3713 us. Best GFLOPs: 809.1789
2024-03-21 09:12:20 [INFO] [task_scheduler.cc:131] [Task #165: fused_nn_avg_pool2d] Trial #38: GFLOPs: 762.3460. Time: 4.9363 us. Best GFLOPs: 809.1789
2024-03-21 09:12:20 [INFO] [task_scheduler.cc:131] [Task #165: fused_nn_avg_pool2d] Trial #39: GFLOPs: 15.1772. Time: 247.9509 us. Best GFLOPs: 809.1789
2024-03-21 09:12:20 [INFO] [task_scheduler.cc:131] [Task #165: fused_nn_avg_pool2d] Trial #40: GFLOPs: 435.9835. Time: 8.6315 us. Best GFLOPs: 809.1789
2024-03-21 09:12:20 [INFO] [task_scheduler.cc:131] [Task #165: fused_nn_avg_pool2d] Trial #41: GFLOPs: 587.7377. Time: 6.4029 us. Best GFLOPs: 809.1789
2024-03-21 09:12:20 [INFO] [task_scheduler.cc:131] [Task #165: fused_nn_avg_pool2d] Trial #42: GFLOPs: 788.8237. Time: 4.7706 us. Best GFLOPs: 809.1789
2024-03-21 09:12:20 [INFO] [task_scheduler.cc:131] [Task #165: fused_nn_avg_pool2d] Trial #43: GFLOPs: 690.6304. Time: 5.4489 us. Best GFLOPs: 809.1789
2024-03-21 09:12:20 [INFO] [task_scheduler.cc:131] [Task #165: fused_nn_avg_pool2d] Trial #44: GFLOPs: 765.5534. Time: 4.9157 us. Best GFLOPs: 809.1789
2024-03-21 09:12:20 [INFO] [task_scheduler.cc:131] [Task #165: fused_nn_avg_pool2d] Trial #45: GFLOPs: 715.2777. Time: 5.2612 us. Best GFLOPs: 809.1789
2024-03-21 09:12:20 [INFO] [task_scheduler.cc:131] [Task #165: fused_nn_avg_pool2d] Trial #46: GFLOPs: 666.5738. Time: 5.6456 us. Best GFLOPs: 809.1789
2024-03-21 09:12:20 [INFO] [task_scheduler.cc:131] [Task #165: fused_nn_avg_pool2d] Trial #47: GFLOPs: 590.8100. Time: 6.3696 us. Best GFLOPs: 809.1789
2024-03-21 09:12:20 [INFO] [task_scheduler.cc:131] [Task #165: fused_nn_avg_pool2d] Trial #48: GFLOPs: 189.9615. Time: 19.8103 us. Best GFLOPs: 809.1789
2024-03-21 09:12:20 [INFO] [task_scheduler.cc:131] [Task #165: fused_nn_avg_pool2d] Trial #49: GFLOPs: 590.9960. Time: 6.3676 us. Best GFLOPs: 809.1789
2024-03-21 09:12:20 [INFO] [task_scheduler.cc:131] [Task #165: fused_nn_avg_pool2d] Trial #50: GFLOPs: 480.9143. Time: 7.8251 us. Best GFLOPs: 809.1789
2024-03-21 09:12:20 [INFO] [task_scheduler.cc:121] [Task #165: fused_nn_avg_pool2d] Trial #51: Error in building:
LocalBuilder: An exception occurred
Traceback (most recent call last):
  File "/home/canesche/tvm-0.16.dev0/python/tvm/exec/popen_worker.py", line 87, in main
    result = fn(*args, **kwargs)
  File "/home/canesche/tvm-0.16.dev0/python/tvm/meta_schedule/builder/local_builder.py", line 165, in <lambda>
    lambda x: _worker_func(*x),
  File "/home/canesche/tvm-0.16.dev0/python/tvm/meta_schedule/builder/local_builder.py", line 231, in _worker_func
    rt_mod: Module = f_build(mod, target, _deserialize_params(params))
  File "/home/canesche/tvm-0.16.dev0/python/tvm/_ffi/_ctypes/packed_func.py", line 239, in __call__
    raise_last_ffi_error()
  File "/home/canesche/tvm-0.16.dev0/python/tvm/_ffi/base.py", line 481, in raise_last_ffi_error
    raise py_err
  File "/home/canesche/tvm-0.16.dev0/python/tvm/meta_schedule/builder/local_builder.py", line 261, in default_build
    return tvm_build(mod, target=target)
  File "/home/canesche/tvm-0.16.dev0/python/tvm/driver/build_module.py", line 281, in build
    rt_mod_host = _driver_ffi.tir_to_runtime(annotated_mods, target_host)
  File "/home/canesche/tvm-0.16.dev0/python/tvm/_ffi/_ctypes/packed_func.py", line 239, in __call__
    raise_last_ffi_error()
  File "/home/canesche/tvm-0.16.dev0/python/tvm/_ffi/base.py", line 481, in raise_last_ffi_error
    raise py_err
tvm.error.InternalError: Traceback (most recent call last):
  43: tvm::runtime::PackedFuncObj::Extractor<tvm::runtime::PackedFuncSubObj<tvm::runtime::TypedPackedFunc<tvm::runtime::Module (tvm::runtime::Map<tvm::Target, tvm::IRModule, void, void> const&, tvm::Target)>::AssignTypedLambda<tvm::__mk_TVM22::{lambda(tvm::runtime::Map<tvm::Target, tvm::IRModule, void, void> const&, tvm::Target)#1}>(tvm::__mk_TVM22::{lambda(tvm::runtime::Map<tvm::Target, tvm::IRModule, void, void> const&, tvm::Target)#1}, std::__cxx11::basic_string<char, std::char_traits<char>, std::allocator<char> >)::{lambda(tvm::runtime::TVMArgs const&, tvm::runtime::TVMRetValue*)#1}> >::Call(tvm::runtime::PackedFuncObj const*, std::__cxx11::basic_string<char, std::char_traits<char>, std::allocator<char> >, tvm::runtime::TVMRetValue)
  42: tvm::TIRToRuntime(tvm::runtime::Map<tvm::Target, tvm::IRModule, void, void> const&, tvm::Target const&)
  41: tvm::SplitMixedModule(tvm::IRModule, tvm::Target const&, tvm::Target const&)
  40: tvm::ApplyPasses(tvm::IRModule, tvm::transform::Sequential)
  39: tvm::transform::Pass::operator()(tvm::IRModule) const
  38: tvm::transform::Pass::operator()(tvm::IRModule, tvm::transform::PassContext const&) const
  37: tvm::transform::SequentialNode::operator()(tvm::IRModule, tvm::transform::PassContext const&) const
  36: tvm::transform::Pass::operator()(tvm::IRModule, tvm::transform::PassContext const&) const
  35: tvm::tir::transform::PrimFuncPassNode::operator()(tvm::IRModule, tvm::transform::PassContext const&) const
  34: _ZN3tvm7runtime13PackedFuncObj
  33: tvm::runtime::TypedPackedFunc<tvm::tir::PrimFunc (tvm::tir::PrimFunc, tvm::IRModule, tvm::transform::PassContext)>::AssignTypedLambda<tvm::tir::transform::LowerThreadAllreduce()::{lambda(tvm::tir::PrimFunc, tvm::IRModule, tvm::transform::PassContext)#1}>(tvm::tir::transform::LowerThreadAllreduce()::{lambda(tvm::tir::PrimFunc, tvm::IRModule, tvm::transform::PassContext)#1})::{lambda(tvm::runtime::TVMArgs const&, tvm::runtime::TVMRetValue*)#1}::operator()(tvm::runtime::TVMArgs const&, tvm::runtime::TVMRetValue*) const
  32: tvm::tir::StmtFunctor<tvm::tir::Stmt (tvm::tir::Stmt const&)>::VisitStmt(tvm::tir::Stmt const&)
  31: _ZZN3tvm3tir11StmtFunctorIFNS0_4StmtERKS2_EE10InitVTableEvENUlRKNS_7runti
  30: tvm::tir::ThreadAllreduceBuilder::VisitStmt_(tvm::tir::AttrStmtNode const*)
  29: tvm::tir::StmtMutator::VisitStmt(tvm::tir::Stmt const&)
  28: tvm::tir::StmtFunctor<tvm::tir::Stmt (tvm::tir::Stmt const&)>::VisitStmt(tvm::tir::Stmt const&)
  27: _ZZN3tvm3tir11StmtFunctorIFNS0_4StmtERKS2_EE10InitVTableEvENUlRKNS_7runti
  26: tvm::tir::ThreadAllreduceBuilder::VisitStmt_(tvm::tir::AllocateNode const*)
  25: tvm::tir::StmtMutator::VisitStmt(tvm::tir::Stmt const&)
  24: tvm::tir::StmtFunctor<tvm::tir::Stmt (tvm::tir::Stmt const&)>::VisitStmt(tvm::tir::Stmt const&)
  23: _ZZN3tvm3tir11StmtFunctorIFNS0_4StmtERKS2_EE10InitVTableEvENUlRKNS_7runti
  22: tvm::tir::ThreadAllreduceBuilder::VisitStmt_(tvm::tir::AllocateNode const*)
  21: tvm::tir::StmtMutator::VisitStmt(tvm::tir::Stmt const&)
  20: tvm::tir::StmtFunctor<tvm::tir::Stmt (tvm::tir::Stmt const&)>::VisitStmt(tvm::tir::Stmt const&)
  19: _ZZN3tvm3tir11StmtFunctorIFNS0_4StmtERKS2_EE10InitVTableEvENUlRKNS_7runti
  18: tvm::tir::ThreadAllreduceBuilder::VisitStmt_(tvm::tir::AllocateNode const*)
  17: tvm::tir::StmtMutator::VisitStmt(tvm::tir::Stmt const&)
  16: tvm::tir::StmtFunctor<tvm::tir::Stmt (tvm::tir::Stmt const&)>::VisitStmt(tvm::tir::Stmt const&)
  15: _ZZN3tvm3tir11StmtFunctorIFNS0_4StmtERKS2_EE10InitVTableEvENUlRKNS_7runti
  14: tvm::tir::ThreadAllreduceBuilder::VisitStmt_(tvm::tir::AttrStmtNode const*)
  13: tvm::tir::StmtMutator::VisitStmt(tvm::tir::Stmt const&)
  12: tvm::tir::StmtFunctor<tvm::tir::Stmt (tvm::tir::Stmt const&)>::VisitStmt(tvm::tir::Stmt const&)
  11: _ZZN3tvm3tir11StmtFunctorIFNS0_4StmtERKS2_EE10InitVTableEvENUlRKNS_7runtime9
  10: tvm::runtime::Array<tvm::tir::Stmt, std::enable_if<std::is_base_of<tvm::runtime::ObjectRef, tvm::tir::Stmt>::value, void>::type> tvm::tir::StmtMutator::Internal::MutateArray<tvm::tir::Stmt, tvm::tir::StmtMutator::Internal::Mutate(tvm::tir::StmtMutator*, tvm::runtime::Array<tvm::tir::Stmt, void> const&)::{lambda(tvm::tir::Stmt const&)#1}>(tvm::tir::StmtMutator*, tvm::runtime::Array<tvm::tir::Stmt, std::enable_if<std::is_base_of<tvm::runtime::ObjectRef, tvm::tir::Stmt>::value, void>::type> const&, tvm::tir::StmtMutator::Internal::Mutate(tvm::tir::StmtMutator*, tvm::runtime::Array<tvm::tir::Stmt, void> const&)::{lambda(tvm::tir::Stmt const&)#1})
  9: tvm::runtime::ObjectPtr<tvm::runtime::Object> tvm::runtime::Array<tvm::tir::Stmt, void>::MapHelper<tvm::tir::StmtMutator::Internal::Mutate(tvm::tir::StmtMutator*, tvm::runtime::Array<tvm::tir::Stmt, void> const&)::{lambda(tvm::tir::Stmt const&)#1}, tvm::tir::Stmt>(tvm::runtime::ObjectPtr<tvm::runtime::Object>, tvm::tir::StmtMutator::Internal::Mutate(tvm::tir::StmtMutator*, tvm::runtime::Array<tvm::tir::Stmt, void> const&)::{lambda(tvm::tir::Stmt const&)#1})
  8: tvm::tir::StmtMutator::VisitStmt(tvm::tir::Stmt const&)
  7: tvm::tir::StmtFunctor<tvm::tir::Stmt (tvm::tir::Stmt const&)>::VisitStmt(tvm::tir::Stmt const&)
  6: _ZZN3tvm3tir11StmtFunctorIFNS0_4StmtERKS2_EE10InitVTableEvENUlRKNS_7runti
  5: tvm::tir::ThreadAllreduceBuilder::VisitStmt_(tvm::tir::AttrStmtNode const*)
  4: tvm::tir::StmtMutator::VisitStmt(tvm::tir::Stmt const&)
  3: tvm::tir::StmtFunctor<tvm::tir::Stmt (tvm::tir::Stmt const&)>::VisitStmt(tvm::tir::Stmt const&)
  2: _ZZN3tvm3tir11StmtFunctorIFNS0_4StmtERKS2_EE10InitVTableEvENUlRKNS_7runtime9
  1: tvm::tir::ThreadAllreduceBuilder::VisitStmt_(tvm::tir::EvaluateNode const*)
  0: tvm::tir::ThreadAllreduceBuilder::MakeAllreduce(tvm::tir::CallNode const*)
  File "/home/canesche/tvm-0.16.dev0/src/tir/transforms/lower_thread_allreduce.cc", line 383
InternalError: Check failed: (!load_remap_.count(buffers[i]->data.get())) is false: 

# from tvm.script import ir as I
# from tvm.script import tir as T

@I.ir_module
class Module:
    @T.prim_func
    def main(p0: T.Buffer((T.int64(1), T.int64(192), T.int64(56), T.int64(56)), "float32"), pool_avg: T.Buffer((T.int64(1), T.int64(192), T.int64(28), T.int64(28)), "float32")):
        T.func_attr({"tir.noalias": T.bool(True)})
        # with T.block("root"):
        pool_sum_shared = T.alloc_buffer((T.int64(1), T.int64(192), T.int64(28), T.int64(28)), scope="shared")
        for ax0_ax1_ax2_ax3_0_fused in T.thread_binding(T.int64(5376), thread="blockIdx.x", annotations={"pragma_auto_unroll_max_step": 512, "pragma_unroll_explicit": 1}):
            for ax0, ax1, ax2, ax3, ax4_ax5_fused_0 in T.grid(T.int64(1), T.int64(1), T.int64(1), T.int64(28), T.int64(1)):
                for ax4_ax5_fused_1 in T.thread_binding(T.int64(32), thread="threadIdx.x"):
                    with T.block("pool_sum"):
                        v_ax0 = T.axis.spatial(T.int64(1), ax0)
                        v_ax1 = T.axis.spatial(T.int64(192), ax0_ax1_ax2_ax3_0_fused // T.int64(28) + ax1)
                        v_ax2 = T.axis.spatial(T.int64(28), ax0_ax1_ax2_ax3_0_fused % T.int64(28) + ax2)
                        v_ax3 = T.axis.spatial(T.int64(28), ax3)
                        v_rv0 = T.axis.reduce(T.int64(2), (ax4_ax5_fused_0 * T.int64(32) + ax4_ax5_fused_1) // T.int64(2))
                        v_rv1 = T.axis.reduce(T.int64(2), (ax4_ax5_fused_0 * T.int64(32) + ax4_ax5_fused_1) % T.int64(2))
                        T.where(ax4_ax5_fused_0 * T.int64(32) + ax4_ax5_fused_1 < T.int64(4))
                        T.reads(p0[v_ax0, v_ax1, v_ax2 * T.int64(2) + v_rv0, v_ax3 * T.int64(2) + v_rv1])
                        T.writes(pool_sum_shared[v_ax0, v_ax1, v_ax2, v_ax3])
                        with T.init():
                            pool_sum_shared[v_ax0, v_ax1, v_ax2, v_ax3] = T.float32(0)
                        pool_sum_shared[v_ax0, v_ax1, v_ax2, v_ax3] = pool_sum_shared[v_ax0, v_ax1, v_ax2, v_ax3] + p0[v_ax0, v_ax1, v_ax2 * T.int64(2) + v_rv0, v_ax3 * T.int64(2) + v_rv1]
            for ax3_1 in T.thread_binding(T.int64(32), thread="threadIdx.x"):
                with T.block("pool_avg"):
                    v_ax0 = T.axis.spatial(T.int64(1), T.int64(0))
                    v_ax1 = T.axis.spatial(T.int64(192), ax0_ax1_ax2_ax3_0_fused // T.int64(28))
                    v_ax2 = T.axis.spatial(T.int64(28), ax0_ax1_ax2_ax3_0_fused % T.int64(28))
                    v_ax3 = T.axis.spatial(T.int64(28), ax3_1)
                    T.where(T.Mul(T.int64(0), T.int64(32)) + ax3_1 < T.int64(28))
                    T.reads(pool_sum_shared[v_ax0, v_ax1, v_ax2, v_ax3])
                    T.writes(pool_avg[v_ax0, v_ax1, v_ax2, v_ax3])
                    pool_avg[v_ax0, v_ax1, v_ax2, v_ax3] = pool_sum_shared[v_ax0, v_ax1, v_ax2, v_ax3] / T.Cast("float32", T.max((T.min(v_ax2, T.int64(0)) * T.int64(2) + T.min(v_ax2 * T.int64(2) + T.int64(1), T.int64(55)) + T.int64(1) - v_ax2 * T.int64(2)) * (T.min(v_ax3, T.int64(0)) * T.int64(2) + T.min(v_ax3 * T.int64(2) + T.int64(1), T.int64(55)) + T.int64(1) - v_ax3 * T.int64(2)), T.int64(1)))
b0 = sch.get_block(name="pool_sum", func_name="main")
b1 = sch.get_block(name="pool_avg", func_name="main")
b2 = sch.get_block(name="root", func_name="main")
sch.unannotate(block_or_loop=b1, ann_key="schedule_rule")
b3, = sch.get_consumers(block=b0)
l4, l5, l6, l7 = sch.get_loops(block=b3)
v8 = sch.sample_categorical(candidates=[4, 8, 16, 32, 64, 128, 256, 512], probs=[0.125, 0.125, 0.125, 0.125, 0.125, 0.125, 0.125, 0.125], decision=3)
l9, l10 = sch.split(loop=l7, factors=[None, v8], preserve_unit_iters=True)
sch.bind(loop=l10, thread_axis="threadIdx.x")
sch.compute_at(block=b0, loop=l9, preserve_unit_loops=True, index=-1)
sch.set_scope(block=b0, buffer_index=0, storage_scope="shared")
l11, l12, l13, l14, l15, l16, l17, l18, l19, l20 = sch.get_loops(block=b0)
l21 = sch.fuse(l19, l20, preserve_unit_iters=True)
l22, l23 = sch.split(loop=l21, factors=[None, v8], preserve_unit_iters=True)
sch.bind(loop=l23, thread_axis="threadIdx.x")
v24 = sch.sample_categorical(candidates=[0, 16, 64, 512, 1024], probs=[0.20000000000000001, 0.20000000000000001, 0.20000000000000001, 0.20000000000000001, 0.20000000000000001], decision=3)
sch.annotate(block_or_loop=b2, ann_key="meta_schedule.unroll_explicit", ann_val=v24)
l25, l26, l27, l28, l29 = sch.get_loops(block=b1)
l30 = sch.fuse(l25, l26, l27, l28, preserve_unit_iters=True)
sch.bind(loop=l30, thread_axis="blockIdx.x")
sch.enter_postproc()
b31 = sch.get_block(name="root", func_name="main")
sch.unannotate(block_or_loop=b31, ann_key="meta_schedule.unroll_explicit")
b32, b33 = sch.get_child_blocks(b31)
l34, l35, l36, l37, l38, l39, l40 = sch.get_loops(block=b32)
sch.annotate(block_or_loop=l34, ann_key="pragma_auto_unroll_max_step", ann_val=512)
sch.annotate(block_or_loop=l34, ann_key="pragma_unroll_explicit", ann_val=1)
l41, l42 = sch.get_loops(block=b33)
2024-03-21 09:12:20 [INFO] [task_scheduler.cc:131] [Task #165: fused_nn_avg_pool2d] Trial #52: GFLOPs: 787.8667. Time: 4.7764 us. Best GFLOPs: 809.1789
2024-03-21 09:12:20 [INFO] [task_scheduler.cc:131] [Task #165: fused_nn_avg_pool2d] Trial #53: GFLOPs: 510.2687. Time: 7.3749 us. Best GFLOPs: 809.1789
2024-03-21 09:12:20 [INFO] [task_scheduler.cc:131] [Task #165: fused_nn_avg_pool2d] Trial #54: GFLOPs: 576.3291. Time: 6.5296 us. Best GFLOPs: 809.1789
2024-03-21 09:12:20 [INFO] [task_scheduler.cc:131] [Task #165: fused_nn_avg_pool2d] Trial #55: GFLOPs: 480.9275. Time: 7.8249 us. Best GFLOPs: 809.1789
2024-03-21 09:12:20 [INFO] [task_scheduler.cc:131] [Task #165: fused_nn_avg_pool2d] Trial #56: GFLOPs: 736.4674. Time: 5.1098 us. Best GFLOPs: 809.1789
2024-03-21 09:12:20 [INFO] [task_scheduler.cc:121] [Task #165: fused_nn_avg_pool2d] Trial #57: Error in building:
LocalBuilder: An exception occurred
Traceback (most recent call last):
  File "/home/canesche/tvm-0.16.dev0/python/tvm/exec/popen_worker.py", line 87, in main
    result = fn(*args, **kwargs)
  File "/home/canesche/tvm-0.16.dev0/python/tvm/meta_schedule/builder/local_builder.py", line 165, in <lambda>
    lambda x: _worker_func(*x),
  File "/home/canesche/tvm-0.16.dev0/python/tvm/meta_schedule/builder/local_builder.py", line 231, in _worker_func
    rt_mod: Module = f_build(mod, target, _deserialize_params(params))
  File "/home/canesche/tvm-0.16.dev0/python/tvm/_ffi/_ctypes/packed_func.py", line 239, in __call__
    raise_last_ffi_error()
  File "/home/canesche/tvm-0.16.dev0/python/tvm/_ffi/base.py", line 481, in raise_last_ffi_error
    raise py_err
  File "/home/canesche/tvm-0.16.dev0/python/tvm/meta_schedule/builder/local_builder.py", line 261, in default_build
    return tvm_build(mod, target=target)
  File "/home/canesche/tvm-0.16.dev0/python/tvm/driver/build_module.py", line 281, in build
    rt_mod_host = _driver_ffi.tir_to_runtime(annotated_mods, target_host)
  File "/home/canesche/tvm-0.16.dev0/python/tvm/_ffi/_ctypes/packed_func.py", line 239, in __call__
    raise_last_ffi_error()
  File "/home/canesche/tvm-0.16.dev0/python/tvm/_ffi/base.py", line 481, in raise_last_ffi_error
    raise py_err
tvm.error.InternalError: Traceback (most recent call last):
  43: tvm::runtime::PackedFuncObj::Extractor<tvm::runtime::PackedFuncSubObj<tvm::runtime::TypedPackedFunc<tvm::runtime::Module (tvm::runtime::Map<tvm::Target, tvm::IRModule, void, void> const&, tvm::Target)>::AssignTypedLambda<tvm::__mk_TVM22::{lambda(tvm::runtime::Map<tvm::Target, tvm::IRModule, void, void> const&, tvm::Target)#1}>(tvm::__mk_TVM22::{lambda(tvm::runtime::Map<tvm::Target, tvm::IRModule, void, void> const&, tvm::Target)#1}, std::__cxx11::basic_string<char, std::char_traits<char>, std::allocator<char> >)::{lambda(tvm::runtime::TVMArgs const&, tvm::runtime::TVMRetValue*)#1}> >::Call(tvm::runtime::PackedFuncObj const*, std::__cxx11::basic_string<char, std::char_traits<char>, std::allocator<char> >, tvm::runtime::TVMRetValue)
  42: tvm::TIRToRuntime(tvm::runtime::Map<tvm::Target, tvm::IRModule, void, void> const&, tvm::Target const&)
  41: tvm::SplitMixedModule(tvm::IRModule, tvm::Target const&, tvm::Target const&)
  40: tvm::ApplyPasses(tvm::IRModule, tvm::transform::Sequential)
  39: tvm::transform::Pass::operator()(tvm::IRModule) const
  38: tvm::transform::Pass::operator()(tvm::IRModule, tvm::transform::PassContext const&) const
  37: tvm::transform::SequentialNode::operator()(tvm::IRModule, tvm::transform::PassContext const&) const
  36: tvm::transform::Pass::operator()(tvm::IRModule, tvm::transform::PassContext const&) const
  35: tvm::tir::transform::PrimFuncPassNode::operator()(tvm::IRModule, tvm::transform::PassContext const&) const
  34: _ZN3tvm7runtime13PackedFuncObj
  33: tvm::runtime::TypedPackedFunc<tvm::tir::PrimFunc (tvm::tir::PrimFunc, tvm::IRModule, tvm::transform::PassContext)>::AssignTypedLambda<tvm::tir::transform::LowerThreadAllreduce()::{lambda(tvm::tir::PrimFunc, tvm::IRModule, tvm::transform::PassContext)#1}>(tvm::tir::transform::LowerThreadAllreduce()::{lambda(tvm::tir::PrimFunc, tvm::IRModule, tvm::transform::PassContext)#1})::{lambda(tvm::runtime::TVMArgs const&, tvm::runtime::TVMRetValue*)#1}::operator()(tvm::runtime::TVMArgs const&, tvm::runtime::TVMRetValue*) const
  32: tvm::tir::StmtFunctor<tvm::tir::Stmt (tvm::tir::Stmt const&)>::VisitStmt(tvm::tir::Stmt const&)
  31: _ZZN3tvm3tir11StmtFunctorIFNS0_4StmtERKS2_EE10InitVTableEvENUlRKNS_7runti
  30: tvm::tir::ThreadAllreduceBuilder::VisitStmt_(tvm::tir::AttrStmtNode const*)
  29: tvm::tir::StmtMutator::VisitStmt(tvm::tir::Stmt const&)
  28: tvm::tir::StmtFunctor<tvm::tir::Stmt (tvm::tir::Stmt const&)>::VisitStmt(tvm::tir::Stmt const&)
  27: _ZZN3tvm3tir11StmtFunctorIFNS0_4StmtERKS2_EE10InitVTableEvENUlRKNS_7runti
  26: tvm::tir::ThreadAllreduceBuilder::VisitStmt_(tvm::tir::AllocateNode const*)
  25: tvm::tir::StmtMutator::VisitStmt(tvm::tir::Stmt const&)
  24: tvm::tir::StmtFunctor<tvm::tir::Stmt (tvm::tir::Stmt const&)>::VisitStmt(tvm::tir::Stmt const&)
  23: _ZZN3tvm3tir11StmtFunctorIFNS0_4StmtERKS2_EE10InitVTableEvENUlRKNS_7runti
  22: tvm::tir::ThreadAllreduceBuilder::VisitStmt_(tvm::tir::AllocateNode const*)
  21: tvm::tir::StmtMutator::VisitStmt(tvm::tir::Stmt const&)
  20: tvm::tir::StmtFunctor<tvm::tir::Stmt (tvm::tir::Stmt const&)>::VisitStmt(tvm::tir::Stmt const&)
  19: _ZZN3tvm3tir11StmtFunctorIFNS0_4StmtERKS2_EE10InitVTableEvENUlRKNS_7runti
  18: tvm::tir::ThreadAllreduceBuilder::VisitStmt_(tvm::tir::AllocateNode const*)
  17: tvm::tir::StmtMutator::VisitStmt(tvm::tir::Stmt const&)
  16: tvm::tir::StmtFunctor<tvm::tir::Stmt (tvm::tir::Stmt const&)>::VisitStmt(tvm::tir::Stmt const&)
  15: _ZZN3tvm3tir11StmtFunctorIFNS0_4StmtERKS2_EE10InitVTableEvENUlRKNS_7runti
  14: tvm::tir::ThreadAllreduceBuilder::VisitStmt_(tvm::tir::AttrStmtNode const*)
  13: tvm::tir::StmtMutator::VisitStmt(tvm::tir::Stmt const&)
  12: tvm::tir::StmtFunctor<tvm::tir::Stmt (tvm::tir::Stmt const&)>::VisitStmt(tvm::tir::Stmt const&)
  11: _ZZN3tvm3tir11StmtFunctorIFNS0_4StmtERKS2_EE10InitVTableEvENUlRKNS_7runtime9
  10: tvm::runtime::Array<tvm::tir::Stmt, std::enable_if<std::is_base_of<tvm::runtime::ObjectRef, tvm::tir::Stmt>::value, void>::type> tvm::tir::StmtMutator::Internal::MutateArray<tvm::tir::Stmt, tvm::tir::StmtMutator::Internal::Mutate(tvm::tir::StmtMutator*, tvm::runtime::Array<tvm::tir::Stmt, void> const&)::{lambda(tvm::tir::Stmt const&)#1}>(tvm::tir::StmtMutator*, tvm::runtime::Array<tvm::tir::Stmt, std::enable_if<std::is_base_of<tvm::runtime::ObjectRef, tvm::tir::Stmt>::value, void>::type> const&, tvm::tir::StmtMutator::Internal::Mutate(tvm::tir::StmtMutator*, tvm::runtime::Array<tvm::tir::Stmt, void> const&)::{lambda(tvm::tir::Stmt const&)#1})
  9: tvm::runtime::ObjectPtr<tvm::runtime::Object> tvm::runtime::Array<tvm::tir::Stmt, void>::MapHelper<tvm::tir::StmtMutator::Internal::Mutate(tvm::tir::StmtMutator*, tvm::runtime::Array<tvm::tir::Stmt, void> const&)::{lambda(tvm::tir::Stmt const&)#1}, tvm::tir::Stmt>(tvm::runtime::ObjectPtr<tvm::runtime::Object>, tvm::tir::StmtMutator::Internal::Mutate(tvm::tir::StmtMutator*, tvm::runtime::Array<tvm::tir::Stmt, void> const&)::{lambda(tvm::tir::Stmt const&)#1})
  8: tvm::tir::StmtMutator::VisitStmt(tvm::tir::Stmt const&)
  7: tvm::tir::StmtFunctor<tvm::tir::Stmt (tvm::tir::Stmt const&)>::VisitStmt(tvm::tir::Stmt const&)
  6: _ZZN3tvm3tir11StmtFunctorIFNS0_4StmtERKS2_EE10InitVTableEvENUlRKNS_7runti
  5: tvm::tir::ThreadAllreduceBuilder::VisitStmt_(tvm::tir::AttrStmtNode const*)
  4: tvm::tir::StmtMutator::VisitStmt(tvm::tir::Stmt const&)
  3: tvm::tir::StmtFunctor<tvm::tir::Stmt (tvm::tir::Stmt const&)>::VisitStmt(tvm::tir::Stmt const&)
  2: _ZZN3tvm3tir11StmtFunctorIFNS0_4StmtERKS2_EE10InitVTableEvENUlRKNS_7runtime9
  1: tvm::tir::ThreadAllreduceBuilder::VisitStmt_(tvm::tir::EvaluateNode const*)
  0: tvm::tir::ThreadAllreduceBuilder::MakeAllreduce(tvm::tir::CallNode const*)
  File "/home/canesche/tvm-0.16.dev0/src/tir/transforms/lower_thread_allreduce.cc", line 383
InternalError: Check failed: (!load_remap_.count(buffers[i]->data.get())) is false: 

# from tvm.script import ir as I
# from tvm.script import tir as T

@I.ir_module
class Module:
    @T.prim_func
    def main(p0: T.Buffer((T.int64(1), T.int64(192), T.int64(56), T.int64(56)), "float32"), pool_avg: T.Buffer((T.int64(1), T.int64(192), T.int64(28), T.int64(28)), "float32")):
        T.func_attr({"tir.noalias": T.bool(True)})
        # with T.block("root"):
        pool_sum_shared = T.alloc_buffer((T.int64(1), T.int64(192), T.int64(28), T.int64(28)), scope="shared")
        for ax0_ax1_ax2_ax3_0_fused in T.thread_binding(T.int64(5376), thread="blockIdx.x", annotations={"pragma_auto_unroll_max_step": 1024, "pragma_unroll_explicit": 1}):
            for ax0, ax1, ax2, ax3, ax4_ax5_fused_0 in T.grid(T.int64(1), T.int64(1), T.int64(1), T.int64(28), T.int64(1)):
                for ax4_ax5_fused_1 in T.thread_binding(T.int64(512), thread="threadIdx.x"):
                    with T.block("pool_sum"):
                        v_ax0 = T.axis.spatial(T.int64(1), ax0)
                        v_ax1 = T.axis.spatial(T.int64(192), ax0_ax1_ax2_ax3_0_fused // T.int64(28) + ax1)
                        v_ax2 = T.axis.spatial(T.int64(28), ax0_ax1_ax2_ax3_0_fused % T.int64(28) + ax2)
                        v_ax3 = T.axis.spatial(T.int64(28), ax3)
                        v_rv0 = T.axis.reduce(T.int64(2), (ax4_ax5_fused_0 * T.int64(512) + ax4_ax5_fused_1) // T.int64(2))
                        v_rv1 = T.axis.reduce(T.int64(2), (ax4_ax5_fused_0 * T.int64(512) + ax4_ax5_fused_1) % T.int64(2))
                        T.where(ax4_ax5_fused_0 * T.int64(512) + ax4_ax5_fused_1 < T.int64(4))
                        T.reads(p0[v_ax0, v_ax1, v_ax2 * T.int64(2) + v_rv0, v_ax3 * T.int64(2) + v_rv1])
                        T.writes(pool_sum_shared[v_ax0, v_ax1, v_ax2, v_ax3])
                        with T.init():
                            pool_sum_shared[v_ax0, v_ax1, v_ax2, v_ax3] = T.float32(0)
                        pool_sum_shared[v_ax0, v_ax1, v_ax2, v_ax3] = pool_sum_shared[v_ax0, v_ax1, v_ax2, v_ax3] + p0[v_ax0, v_ax1, v_ax2 * T.int64(2) + v_rv0, v_ax3 * T.int64(2) + v_rv1]
            for ax3_1 in T.thread_binding(T.int64(512), thread="threadIdx.x"):
                with T.block("pool_avg"):
                    v_ax0 = T.axis.spatial(T.int64(1), T.int64(0))
                    v_ax1 = T.axis.spatial(T.int64(192), ax0_ax1_ax2_ax3_0_fused // T.int64(28))
                    v_ax2 = T.axis.spatial(T.int64(28), ax0_ax1_ax2_ax3_0_fused % T.int64(28))
                    v_ax3 = T.axis.spatial(T.int64(28), ax3_1)
                    T.where(T.Mul(T.int64(0), T.int64(512)) + ax3_1 < T.int64(28))
                    T.reads(pool_sum_shared[v_ax0, v_ax1, v_ax2, v_ax3])
                    T.writes(pool_avg[v_ax0, v_ax1, v_ax2, v_ax3])
                    pool_avg[v_ax0, v_ax1, v_ax2, v_ax3] = pool_sum_shared[v_ax0, v_ax1, v_ax2, v_ax3] / T.Cast("float32", T.max((T.min(v_ax2, T.int64(0)) * T.int64(2) + T.min(v_ax2 * T.int64(2) + T.int64(1), T.int64(55)) + T.int64(1) - v_ax2 * T.int64(2)) * (T.min(v_ax3, T.int64(0)) * T.int64(2) + T.min(v_ax3 * T.int64(2) + T.int64(1), T.int64(55)) + T.int64(1) - v_ax3 * T.int64(2)), T.int64(1)))
b0 = sch.get_block(name="pool_sum", func_name="main")
b1 = sch.get_block(name="pool_avg", func_name="main")
b2 = sch.get_block(name="root", func_name="main")
sch.unannotate(block_or_loop=b1, ann_key="schedule_rule")
b3, = sch.get_consumers(block=b0)
l4, l5, l6, l7 = sch.get_loops(block=b3)
v8 = sch.sample_categorical(candidates=[4, 8, 16, 32, 64, 128, 256, 512], probs=[0.125, 0.125, 0.125, 0.125, 0.125, 0.125, 0.125, 0.125], decision=7)
l9, l10 = sch.split(loop=l7, factors=[None, v8], preserve_unit_iters=True)
sch.bind(loop=l10, thread_axis="threadIdx.x")
sch.compute_at(block=b0, loop=l9, preserve_unit_loops=True, index=-1)
sch.set_scope(block=b0, buffer_index=0, storage_scope="shared")
l11, l12, l13, l14, l15, l16, l17, l18, l19, l20 = sch.get_loops(block=b0)
l21 = sch.fuse(l19, l20, preserve_unit_iters=True)
l22, l23 = sch.split(loop=l21, factors=[None, v8], preserve_unit_iters=True)
sch.bind(loop=l23, thread_axis="threadIdx.x")
v24 = sch.sample_categorical(candidates=[0, 16, 64, 512, 1024], probs=[0.20000000000000001, 0.20000000000000001, 0.20000000000000001, 0.20000000000000001, 0.20000000000000001], decision=4)
sch.annotate(block_or_loop=b2, ann_key="meta_schedule.unroll_explicit", ann_val=v24)
l25, l26, l27, l28, l29 = sch.get_loops(block=b1)
l30 = sch.fuse(l25, l26, l27, l28, preserve_unit_iters=True)
sch.bind(loop=l30, thread_axis="blockIdx.x")
sch.enter_postproc()
b31 = sch.get_block(name="root", func_name="main")
sch.unannotate(block_or_loop=b31, ann_key="meta_schedule.unroll_explicit")
b32, b33 = sch.get_child_blocks(b31)
l34, l35, l36, l37, l38, l39, l40 = sch.get_loops(block=b32)
sch.annotate(block_or_loop=l34, ann_key="pragma_auto_unroll_max_step", ann_val=1024)
sch.annotate(block_or_loop=l34, ann_key="pragma_unroll_explicit", ann_val=1)
l41, l42 = sch.get_loops(block=b33)
2024-03-21 09:12:20 [INFO] [task_scheduler.cc:131] [Task #165: fused_nn_avg_pool2d] Trial #58: GFLOPs: 646.7716. Time: 5.8184 us. Best GFLOPs: 809.1789
2024-03-21 09:12:20 [INFO] [task_scheduler.cc:131] [Task #165: fused_nn_avg_pool2d] Trial #59: GFLOPs: 646.7977. Time: 5.8182 us. Best GFLOPs: 809.1789
2024-03-21 09:12:20 [INFO] [task_scheduler.cc:131] [Task #165: fused_nn_avg_pool2d] Trial #60: GFLOPs: 576.3312. Time: 6.5296 us. Best GFLOPs: 809.1789
2024-03-21 09:12:20 [INFO] [task_scheduler.cc:131] [Task #165: fused_nn_avg_pool2d] Trial #61: GFLOPs: 189.2064. Time: 19.8894 us. Best GFLOPs: 809.1789
2024-03-21 09:12:20 [INFO] [task_scheduler.cc:131] [Task #165: fused_nn_avg_pool2d] Trial #62: GFLOPs: 792.8640. Time: 4.7463 us. Best GFLOPs: 809.1789
2024-03-21 09:12:20 [INFO] [task_scheduler.cc:131] [Task #165: fused_nn_avg_pool2d] Trial #63: GFLOPs: 536.4834. Time: 7.0146 us. Best GFLOPs: 809.1789
