2024-03-20 19:37:47 [INFO] [task_scheduler.cc:160] Initializing Task #8: "fused_nn_avg_pool2d"
2024-03-20 19:37:47 [INFO] [task_scheduler.cc:35] 
# from tvm.script import ir as I
# from tvm.script import tir as T

@I.ir_module
class Module:
    @T.prim_func
    def main(p0: T.Buffer((T.int64(1), T.int64(256), T.int64(6), T.int64(6)), "float32"), pool_avg: T.Buffer((T.int64(1), T.int64(256), T.int64(6), T.int64(6)), "float32")):
        T.func_attr({"tir.noalias": T.bool(True)})
        # with T.block("root"):
        pool_sum = T.alloc_buffer((T.int64(1), T.int64(256), T.int64(6), T.int64(6)))
        for ax0, ax1, ax2, ax3, rv0, rv1 in T.grid(T.int64(1), T.int64(256), T.int64(6), T.int64(6), T.int64(1), T.int64(1)):
            with T.block("pool_sum"):
                v_ax0, v_ax1, v_ax2, v_ax3, v_rv0, v_rv1 = T.axis.remap("SSSSRR", [ax0, ax1, ax2, ax3, rv0, rv1])
                T.reads(p0[v_ax0, v_ax1, v_ax2 + v_rv0, v_ax3 + v_rv1])
                T.writes(pool_sum[v_ax0, v_ax1, v_ax2, v_ax3])
                with T.init():
                    pool_sum[v_ax0, v_ax1, v_ax2, v_ax3] = T.float32(0)
                pool_sum[v_ax0, v_ax1, v_ax2, v_ax3] = pool_sum[v_ax0, v_ax1, v_ax2, v_ax3] + p0[v_ax0, v_ax1, v_ax2 + v_rv0, v_ax3 + v_rv1]
        for ax0, ax1, ax2, ax3 in T.grid(T.int64(1), T.int64(256), T.int64(6), T.int64(6)):
            with T.block("pool_avg"):
                v_ax0, v_ax1, v_ax2, v_ax3 = T.axis.remap("SSSS", [ax0, ax1, ax2, ax3])
                T.reads(pool_sum[v_ax0, v_ax1, v_ax2, v_ax3])
                T.writes(pool_avg[v_ax0, v_ax1, v_ax2, v_ax3])
                T.block_attr({"schedule_rule": "meta_schedule.pool_avg"})
                pool_avg[v_ax0, v_ax1, v_ax2, v_ax3] = pool_sum[v_ax0, v_ax1, v_ax2, v_ax3] / T.Cast("float32", T.max((T.min(T.int64(0), T.int64(5) - v_ax2) + T.int64(1) - T.max(T.int64(0) - v_ax2, T.int64(0))) * (T.min(T.int64(0), T.int64(5) - v_ax3) + T.int64(1) - T.max(T.int64(0) - v_ax3, T.int64(0))), T.int64(1)))
2024-03-20 19:37:47 [INFO] [task_scheduler.cc:164] Total 1 design space(s) generated
2024-03-20 19:37:47 [INFO] [task_scheduler.cc:170] Design space #0:
# from tvm.script import ir as I
# from tvm.script import tir as T

@I.ir_module
class Module:
    @T.prim_func
    def main(p0: T.Buffer((T.int64(1), T.int64(256), T.int64(6), T.int64(6)), "float32"), pool_avg: T.Buffer((T.int64(1), T.int64(256), T.int64(6), T.int64(6)), "float32")):
        T.func_attr({"tir.noalias": T.bool(True)})
        with T.block("root"):
            T.reads()
            T.writes()
            T.block_attr({"meta_schedule.unroll_explicit": 16})
            pool_sum = T.alloc_buffer((T.int64(1), T.int64(256), T.int64(6), T.int64(6)))
            for ax0_ax1_ax2_ax3_fused_0 in T.thread_binding(T.int64(288), thread="blockIdx.x"):
                for ax0_ax1_ax2_ax3_fused_1 in T.thread_binding(T.int64(32), thread="threadIdx.x"):
                    for rv0, rv1 in T.grid(T.int64(1), T.int64(1)):
                        with T.block("pool_sum"):
                            v_ax0 = T.axis.spatial(T.int64(1), T.int64(0))
                            v_ax1 = T.axis.spatial(T.int64(256), (ax0_ax1_ax2_ax3_fused_0 * T.int64(32) + ax0_ax1_ax2_ax3_fused_1) // T.int64(36))
                            v_ax2 = T.axis.spatial(T.int64(6), (ax0_ax1_ax2_ax3_fused_0 * T.int64(32) + ax0_ax1_ax2_ax3_fused_1) % T.int64(36) // T.int64(6))
                            v_ax3 = T.axis.spatial(T.int64(6), (ax0_ax1_ax2_ax3_fused_0 * T.int64(32) + ax0_ax1_ax2_ax3_fused_1) % T.int64(6))
                            v_rv0, v_rv1 = T.axis.remap("RR", [rv0, rv1])
                            T.reads(p0[v_ax0, v_ax1, v_ax2 + v_rv0, v_ax3 + v_rv1])
                            T.writes(pool_sum[v_ax0, v_ax1, v_ax2, v_ax3])
                            with T.init():
                                pool_sum[v_ax0, v_ax1, v_ax2, v_ax3] = T.float32(0)
                            pool_sum[v_ax0, v_ax1, v_ax2, v_ax3] = pool_sum[v_ax0, v_ax1, v_ax2, v_ax3] + p0[v_ax0, v_ax1, v_ax2 + v_rv0, v_ax3 + v_rv1]
            for ax0_ax1_ax2_ax3_fused_0 in T.thread_binding(T.int64(288), thread="blockIdx.x"):
                for ax0_ax1_ax2_ax3_fused_1 in T.thread_binding(T.int64(32), thread="threadIdx.x"):
                    with T.block("pool_avg"):
                        v_ax0 = T.axis.spatial(T.int64(1), T.int64(0))
                        v_ax1 = T.axis.spatial(T.int64(256), (ax0_ax1_ax2_ax3_fused_0 * T.int64(32) + ax0_ax1_ax2_ax3_fused_1) // T.int64(36))
                        v_ax2 = T.axis.spatial(T.int64(6), (ax0_ax1_ax2_ax3_fused_0 * T.int64(32) + ax0_ax1_ax2_ax3_fused_1) % T.int64(36) // T.int64(6))
                        v_ax3 = T.axis.spatial(T.int64(6), (ax0_ax1_ax2_ax3_fused_0 * T.int64(32) + ax0_ax1_ax2_ax3_fused_1) % T.int64(6))
                        T.reads(pool_sum[v_ax0, v_ax1, v_ax2, v_ax3])
                        T.writes(pool_avg[v_ax0, v_ax1, v_ax2, v_ax3])
                        pool_avg[v_ax0, v_ax1, v_ax2, v_ax3] = pool_sum[v_ax0, v_ax1, v_ax2, v_ax3] / T.Cast("float32", T.max((T.min(T.int64(0), T.int64(5) - v_ax2) + T.int64(1) - T.max(T.int64(0) - v_ax2, T.int64(0))) * (T.min(T.int64(0), T.int64(5) - v_ax3) + T.int64(1) - T.max(T.int64(0) - v_ax3, T.int64(0))), T.int64(1)))
b0 = sch.get_block(name="pool_sum", func_name="main")
b1 = sch.get_block(name="pool_avg", func_name="main")
b2 = sch.get_block(name="root", func_name="main")
sch.unannotate(block_or_loop=b1, ann_key="schedule_rule")
v3 = sch.sample_categorical(candidates=[0, 16, 64, 512, 1024], probs=[0.20000000000000001, 0.20000000000000001, 0.20000000000000001, 0.20000000000000001, 0.20000000000000001], decision=1)
sch.annotate(block_or_loop=b2, ann_key="meta_schedule.unroll_explicit", ann_val=v3)
l4, l5, l6, l7 = sch.get_loops(block=b1)
l8 = sch.fuse(l4, l5, l6, l7, preserve_unit_iters=True)
v9 = sch.sample_categorical(candidates=[32, 64, 128, 256, 512, 1024], probs=[0.16666666666666666, 0.16666666666666666, 0.16666666666666666, 0.16666666666666666, 0.16666666666666666, 0.16666666666666666], decision=0)
l10, l11 = sch.split(loop=l8, factors=[None, v9], preserve_unit_iters=True)
sch.bind(loop=l10, thread_axis="blockIdx.x")
sch.bind(loop=l11, thread_axis="threadIdx.x")
l12, l13, l14, l15, l16, l17 = sch.get_loops(block=b0)
l18 = sch.fuse(l12, l13, l14, l15, preserve_unit_iters=True)
v19 = sch.sample_categorical(candidates=[32, 64, 128, 256, 512, 1024], probs=[0.16666666666666666, 0.16666666666666666, 0.16666666666666666, 0.16666666666666666, 0.16666666666666666, 0.16666666666666666], decision=0)
l20, l21 = sch.split(loop=l18, factors=[None, v19], preserve_unit_iters=True)
sch.bind(loop=l20, thread_axis="blockIdx.x")
sch.bind(loop=l21, thread_axis="threadIdx.x")
2024-03-20 19:47:18 [INFO] [evolutionary_search.cc:713] Generating candidates......
2024-03-20 19:47:18 [INFO] [evolutionary_search.cc:715] Picked top 0 candidate(s) from database
2024-03-20 19:47:19 [INFO] [evolutionary_search.cc:533] Sample-Init-Population summary:
Postproc #0 [meta_schedule.DisallowDynamicLoop(0x613334ce5188)]: 0 failure(s)
Postproc #1 [meta_schedule.RewriteCooperativeFetch(0x6133338cb9d8)]: 0 failure(s)
Postproc #2 [meta_schedule.RewriteUnboundBlock(0x6133338ed0f8)]: 0 failure(s)
Postproc #3 [meta_schedule.RewriteParallelVectorizeUnroll(0x613333469af8)]: 0 failure(s)
Postproc #4 [meta_schedule.RewriteReductionBlock(0x61333342cf88)]: 0 failure(s)
Postproc #5 [meta_schedule.VerifyGPUCode(0x6133338cbbf8)]: 0 failure(s)
Postproc #6 [meta_schedule.RewriteTensorize(0x6133338eae38)]: 0 failure(s)
2024-03-20 19:47:19 [INFO] [evolutionary_search.cc:723] Sampled 512 candidate(s)
2024-03-20 19:47:19 [INFO] [evolutionary_search.cc:621] Evolve iter #0 done. Summary:
Postproc #0 [meta_schedule.DisallowDynamicLoop(0x613334ce5188)]: 0 failure(s)
Postproc #1 [meta_schedule.RewriteCooperativeFetch(0x6133338cb9d8)]: 0 failure(s)
Postproc #2 [meta_schedule.RewriteUnboundBlock(0x6133338ed0f8)]: 0 failure(s)
Postproc #3 [meta_schedule.RewriteParallelVectorizeUnroll(0x613333469af8)]: 0 failure(s)
Postproc #4 [meta_schedule.RewriteReductionBlock(0x61333342cf88)]: 0 failure(s)
Postproc #5 [meta_schedule.VerifyGPUCode(0x6133338cbbf8)]: 0 failure(s)
Postproc #6 [meta_schedule.RewriteTensorize(0x6133338eae38)]: 0 failure(s)
2024-03-20 19:47:19 [INFO] [evolutionary_search.cc:621] Evolve iter #1 done. Summary:
Postproc #0 [meta_schedule.DisallowDynamicLoop(0x613334ce5188)]: 0 failure(s)
Postproc #1 [meta_schedule.RewriteCooperativeFetch(0x6133338cb9d8)]: 0 failure(s)
Postproc #2 [meta_schedule.RewriteUnboundBlock(0x6133338ed0f8)]: 0 failure(s)
Postproc #3 [meta_schedule.RewriteParallelVectorizeUnroll(0x613333469af8)]: 0 failure(s)
Postproc #4 [meta_schedule.RewriteReductionBlock(0x61333342cf88)]: 0 failure(s)
Postproc #5 [meta_schedule.VerifyGPUCode(0x6133338cbbf8)]: 0 failure(s)
Postproc #6 [meta_schedule.RewriteTensorize(0x6133338eae38)]: 0 failure(s)
2024-03-20 19:47:20 [INFO] [evolutionary_search.cc:621] Evolve iter #2 done. Summary:
Postproc #0 [meta_schedule.DisallowDynamicLoop(0x613334ce5188)]: 0 failure(s)
Postproc #1 [meta_schedule.RewriteCooperativeFetch(0x6133338cb9d8)]: 0 failure(s)
Postproc #2 [meta_schedule.RewriteUnboundBlock(0x6133338ed0f8)]: 0 failure(s)
Postproc #3 [meta_schedule.RewriteParallelVectorizeUnroll(0x613333469af8)]: 0 failure(s)
Postproc #4 [meta_schedule.RewriteReductionBlock(0x61333342cf88)]: 0 failure(s)
Postproc #5 [meta_schedule.VerifyGPUCode(0x6133338cbbf8)]: 0 failure(s)
Postproc #6 [meta_schedule.RewriteTensorize(0x6133338eae38)]: 0 failure(s)
2024-03-20 19:47:20 [INFO] [evolutionary_search.cc:621] Evolve iter #3 done. Summary:
Postproc #0 [meta_schedule.DisallowDynamicLoop(0x613334ce5188)]: 0 failure(s)
Postproc #1 [meta_schedule.RewriteCooperativeFetch(0x6133338cb9d8)]: 0 failure(s)
Postproc #2 [meta_schedule.RewriteUnboundBlock(0x6133338ed0f8)]: 0 failure(s)
Postproc #3 [meta_schedule.RewriteParallelVectorizeUnroll(0x613333469af8)]: 0 failure(s)
Postproc #4 [meta_schedule.RewriteReductionBlock(0x61333342cf88)]: 0 failure(s)
Postproc #5 [meta_schedule.VerifyGPUCode(0x6133338cbbf8)]: 0 failure(s)
Postproc #6 [meta_schedule.RewriteTensorize(0x6133338eae38)]: 0 failure(s)
2024-03-20 19:47:20 [INFO] [evolutionary_search.cc:649] Scores of the best 64 candidates:
[1 : 16]:	0.9953  0.9906  0.9880  0.9763  0.9733  0.9636  0.9608  0.9572  0.9289  0.9270  0.9244  0.9127  0.8923  0.8910  0.8909  0.8817
[17 : 32]:	0.8784  0.8779  0.8759  0.8753  0.8709  0.8687  0.8648  0.8616  0.8614  0.8516  0.8329  0.8276  0.8179  0.8141  0.8083  0.7980
[33 : 48]:	0.7947  0.7941  0.7910  0.7904  0.7899  0.7888  0.7843  0.7822  0.7811  0.7674  0.7649  0.7642  0.7626  0.7621  0.7592  0.7559
[49 : 64]:	0.7547  0.7541  0.7526  0.7359  0.7359  0.7322  0.7276  0.7233  0.7175  0.7060  0.7030  0.6935  0.6900  0.6834  0.6789  0.6786
2024-03-20 19:47:20 [INFO] [evolutionary_search.cc:727] Got 64 candidate(s) with evolutionary search
2024-03-20 19:47:20 [INFO] [evolutionary_search.cc:730] Sending 62 candidates(s) for measurement
2024-03-20 19:50:58 [INFO] [task_scheduler.cc:131] [Task #8: fused_nn_avg_pool2d] Trial #1: GFLOPs: 32.5121. Time: 4.5354 us. Best GFLOPs: 32.5121
2024-03-20 19:50:58 [INFO] [task_scheduler.cc:131] [Task #8: fused_nn_avg_pool2d] Trial #2: GFLOPs: 32.4460. Time: 4.5447 us. Best GFLOPs: 32.5121
2024-03-20 19:50:58 [INFO] [task_scheduler.cc:131] [Task #8: fused_nn_avg_pool2d] Trial #3: GFLOPs: 32.4488. Time: 4.5443 us. Best GFLOPs: 32.5121
2024-03-20 19:50:58 [INFO] [task_scheduler.cc:131] [Task #8: fused_nn_avg_pool2d] Trial #4: GFLOPs: 32.9553. Time: 4.4744 us. Best GFLOPs: 32.9553
2024-03-20 19:50:58 [INFO] [task_scheduler.cc:131] [Task #8: fused_nn_avg_pool2d] Trial #5: GFLOPs: 32.9331. Time: 4.4774 us. Best GFLOPs: 32.9553
2024-03-20 19:50:58 [INFO] [task_scheduler.cc:131] [Task #8: fused_nn_avg_pool2d] Trial #6: GFLOPs: 32.9718. Time: 4.4722 us. Best GFLOPs: 32.9718
2024-03-20 19:50:58 [INFO] [task_scheduler.cc:131] [Task #8: fused_nn_avg_pool2d] Trial #7: GFLOPs: 32.9560. Time: 4.4743 us. Best GFLOPs: 32.9718
2024-03-20 19:50:58 [INFO] [task_scheduler.cc:131] [Task #8: fused_nn_avg_pool2d] Trial #8: GFLOPs: 32.9563. Time: 4.4743 us. Best GFLOPs: 32.9718
2024-03-20 19:50:58 [INFO] [task_scheduler.cc:131] [Task #8: fused_nn_avg_pool2d] Trial #9: GFLOPs: 32.9346. Time: 4.4772 us. Best GFLOPs: 32.9718
2024-03-20 19:50:58 [INFO] [task_scheduler.cc:131] [Task #8: fused_nn_avg_pool2d] Trial #10: GFLOPs: 32.8527. Time: 4.4884 us. Best GFLOPs: 32.9718
2024-03-20 19:50:58 [INFO] [task_scheduler.cc:131] [Task #8: fused_nn_avg_pool2d] Trial #11: GFLOPs: 32.9649. Time: 4.4731 us. Best GFLOPs: 32.9718
2024-03-20 19:50:58 [INFO] [task_scheduler.cc:131] [Task #8: fused_nn_avg_pool2d] Trial #12: GFLOPs: 32.8181. Time: 4.4931 us. Best GFLOPs: 32.9718
2024-03-20 19:50:58 [INFO] [task_scheduler.cc:131] [Task #8: fused_nn_avg_pool2d] Trial #13: GFLOPs: 32.9427. Time: 4.4761 us. Best GFLOPs: 32.9718
2024-03-20 19:50:58 [INFO] [task_scheduler.cc:131] [Task #8: fused_nn_avg_pool2d] Trial #14: GFLOPs: 32.9715. Time: 4.4722 us. Best GFLOPs: 32.9718
2024-03-20 19:50:58 [INFO] [task_scheduler.cc:131] [Task #8: fused_nn_avg_pool2d] Trial #15: GFLOPs: 32.9418. Time: 4.4763 us. Best GFLOPs: 32.9718
2024-03-20 19:50:58 [INFO] [task_scheduler.cc:131] [Task #8: fused_nn_avg_pool2d] Trial #16: GFLOPs: 32.9117. Time: 4.4804 us. Best GFLOPs: 32.9718
2024-03-20 19:50:58 [INFO] [task_scheduler.cc:131] [Task #8: fused_nn_avg_pool2d] Trial #17: GFLOPs: 32.8972. Time: 4.4823 us. Best GFLOPs: 32.9718
2024-03-20 19:50:58 [INFO] [task_scheduler.cc:131] [Task #8: fused_nn_avg_pool2d] Trial #18: GFLOPs: 32.9543. Time: 4.4746 us. Best GFLOPs: 32.9718
2024-03-20 19:50:58 [INFO] [task_scheduler.cc:131] [Task #8: fused_nn_avg_pool2d] Trial #19: GFLOPs: 32.8481. Time: 4.4890 us. Best GFLOPs: 32.9718
2024-03-20 19:50:58 [INFO] [task_scheduler.cc:131] [Task #8: fused_nn_avg_pool2d] Trial #20: GFLOPs: 32.9153. Time: 4.4799 us. Best GFLOPs: 32.9718
2024-03-20 19:50:58 [INFO] [task_scheduler.cc:131] [Task #8: fused_nn_avg_pool2d] Trial #21: GFLOPs: 32.8115. Time: 4.4940 us. Best GFLOPs: 32.9718
2024-03-20 19:50:58 [INFO] [task_scheduler.cc:131] [Task #8: fused_nn_avg_pool2d] Trial #22: GFLOPs: 33.0593. Time: 4.4604 us. Best GFLOPs: 33.0593
2024-03-20 19:50:58 [INFO] [task_scheduler.cc:131] [Task #8: fused_nn_avg_pool2d] Trial #23: GFLOPs: 32.9371. Time: 4.4769 us. Best GFLOPs: 33.0593
2024-03-20 19:50:58 [INFO] [task_scheduler.cc:131] [Task #8: fused_nn_avg_pool2d] Trial #24: GFLOPs: 33.0921. Time: 4.4559 us. Best GFLOPs: 33.0921
2024-03-20 19:50:58 [INFO] [task_scheduler.cc:131] [Task #8: fused_nn_avg_pool2d] Trial #25: GFLOPs: 32.9209. Time: 4.4791 us. Best GFLOPs: 33.0921
2024-03-20 19:50:58 [INFO] [task_scheduler.cc:131] [Task #8: fused_nn_avg_pool2d] Trial #26: GFLOPs: 32.9314. Time: 4.4777 us. Best GFLOPs: 33.0921
2024-03-20 19:50:58 [INFO] [task_scheduler.cc:131] [Task #8: fused_nn_avg_pool2d] Trial #27: GFLOPs: 32.9412. Time: 4.4763 us. Best GFLOPs: 33.0921
2024-03-20 19:50:58 [INFO] [task_scheduler.cc:131] [Task #8: fused_nn_avg_pool2d] Trial #28: GFLOPs: 32.9335. Time: 4.4774 us. Best GFLOPs: 33.0921
2024-03-20 19:50:58 [INFO] [task_scheduler.cc:131] [Task #8: fused_nn_avg_pool2d] Trial #29: GFLOPs: 32.8649. Time: 4.4867 us. Best GFLOPs: 33.0921
2024-03-20 19:50:58 [INFO] [task_scheduler.cc:131] [Task #8: fused_nn_avg_pool2d] Trial #30: GFLOPs: 32.9251. Time: 4.4785 us. Best GFLOPs: 33.0921
2024-03-20 19:50:58 [INFO] [task_scheduler.cc:131] [Task #8: fused_nn_avg_pool2d] Trial #31: GFLOPs: 32.9865. Time: 4.4702 us. Best GFLOPs: 33.0921
2024-03-20 19:50:58 [INFO] [task_scheduler.cc:131] [Task #8: fused_nn_avg_pool2d] Trial #32: GFLOPs: 32.9509. Time: 4.4750 us. Best GFLOPs: 33.0921
2024-03-20 19:50:58 [INFO] [task_scheduler.cc:131] [Task #8: fused_nn_avg_pool2d] Trial #33: GFLOPs: 32.9414. Time: 4.4763 us. Best GFLOPs: 33.0921
2024-03-20 19:50:58 [INFO] [task_scheduler.cc:131] [Task #8: fused_nn_avg_pool2d] Trial #34: GFLOPs: 32.8983. Time: 4.4822 us. Best GFLOPs: 33.0921
2024-03-20 19:50:58 [INFO] [task_scheduler.cc:131] [Task #8: fused_nn_avg_pool2d] Trial #35: GFLOPs: 32.9000. Time: 4.4819 us. Best GFLOPs: 33.0921
2024-03-20 19:50:58 [INFO] [task_scheduler.cc:131] [Task #8: fused_nn_avg_pool2d] Trial #36: GFLOPs: 32.9201. Time: 4.4792 us. Best GFLOPs: 33.0921
2024-03-20 19:50:58 [INFO] [task_scheduler.cc:131] [Task #8: fused_nn_avg_pool2d] Trial #37: GFLOPs: 32.9093. Time: 4.4807 us. Best GFLOPs: 33.0921
2024-03-20 19:50:58 [INFO] [task_scheduler.cc:131] [Task #8: fused_nn_avg_pool2d] Trial #38: GFLOPs: 32.9704. Time: 4.4724 us. Best GFLOPs: 33.0921
2024-03-20 19:50:58 [INFO] [task_scheduler.cc:131] [Task #8: fused_nn_avg_pool2d] Trial #39: GFLOPs: 32.9371. Time: 4.4769 us. Best GFLOPs: 33.0921
2024-03-20 19:50:58 [INFO] [task_scheduler.cc:131] [Task #8: fused_nn_avg_pool2d] Trial #40: GFLOPs: 32.9324. Time: 4.4775 us. Best GFLOPs: 33.0921
2024-03-20 19:50:58 [INFO] [task_scheduler.cc:131] [Task #8: fused_nn_avg_pool2d] Trial #41: GFLOPs: 32.9412. Time: 4.4763 us. Best GFLOPs: 33.0921
2024-03-20 19:50:58 [INFO] [task_scheduler.cc:131] [Task #8: fused_nn_avg_pool2d] Trial #42: GFLOPs: 32.9235. Time: 4.4787 us. Best GFLOPs: 33.0921
2024-03-20 19:50:58 [INFO] [task_scheduler.cc:131] [Task #8: fused_nn_avg_pool2d] Trial #43: GFLOPs: 32.9510. Time: 4.4750 us. Best GFLOPs: 33.0921
2024-03-20 19:50:58 [INFO] [task_scheduler.cc:131] [Task #8: fused_nn_avg_pool2d] Trial #44: GFLOPs: 32.9472. Time: 4.4755 us. Best GFLOPs: 33.0921
2024-03-20 19:50:58 [INFO] [task_scheduler.cc:131] [Task #8: fused_nn_avg_pool2d] Trial #45: GFLOPs: 32.9469. Time: 4.4756 us. Best GFLOPs: 33.0921
2024-03-20 19:50:58 [INFO] [task_scheduler.cc:131] [Task #8: fused_nn_avg_pool2d] Trial #46: GFLOPs: 32.9334. Time: 4.4774 us. Best GFLOPs: 33.0921
2024-03-20 19:50:58 [INFO] [task_scheduler.cc:131] [Task #8: fused_nn_avg_pool2d] Trial #47: GFLOPs: 32.9345. Time: 4.4772 us. Best GFLOPs: 33.0921
2024-03-20 19:50:58 [INFO] [task_scheduler.cc:131] [Task #8: fused_nn_avg_pool2d] Trial #48: GFLOPs: 32.9572. Time: 4.4742 us. Best GFLOPs: 33.0921
2024-03-20 19:50:58 [INFO] [task_scheduler.cc:131] [Task #8: fused_nn_avg_pool2d] Trial #49: GFLOPs: 32.9144. Time: 4.4800 us. Best GFLOPs: 33.0921
2024-03-20 19:50:58 [INFO] [task_scheduler.cc:131] [Task #8: fused_nn_avg_pool2d] Trial #50: GFLOPs: 32.9150. Time: 4.4799 us. Best GFLOPs: 33.0921
2024-03-20 19:50:58 [INFO] [task_scheduler.cc:131] [Task #8: fused_nn_avg_pool2d] Trial #51: GFLOPs: 32.8735. Time: 4.4856 us. Best GFLOPs: 33.0921
2024-03-20 19:50:58 [INFO] [task_scheduler.cc:131] [Task #8: fused_nn_avg_pool2d] Trial #52: GFLOPs: 32.9490. Time: 4.4753 us. Best GFLOPs: 33.0921
2024-03-20 19:50:58 [INFO] [task_scheduler.cc:131] [Task #8: fused_nn_avg_pool2d] Trial #53: GFLOPs: 32.7921. Time: 4.4967 us. Best GFLOPs: 33.0921
2024-03-20 19:50:58 [INFO] [task_scheduler.cc:131] [Task #8: fused_nn_avg_pool2d] Trial #54: GFLOPs: 32.9489. Time: 4.4753 us. Best GFLOPs: 33.0921
2024-03-20 19:50:58 [INFO] [task_scheduler.cc:131] [Task #8: fused_nn_avg_pool2d] Trial #55: GFLOPs: 32.8923. Time: 4.4830 us. Best GFLOPs: 33.0921
2024-03-20 19:50:58 [INFO] [task_scheduler.cc:131] [Task #8: fused_nn_avg_pool2d] Trial #56: GFLOPs: 32.8470. Time: 4.4892 us. Best GFLOPs: 33.0921
2024-03-20 19:50:58 [INFO] [task_scheduler.cc:131] [Task #8: fused_nn_avg_pool2d] Trial #57: GFLOPs: 32.7753. Time: 4.4990 us. Best GFLOPs: 33.0921
2024-03-20 19:50:58 [INFO] [task_scheduler.cc:131] [Task #8: fused_nn_avg_pool2d] Trial #58: GFLOPs: 32.9396. Time: 4.4766 us. Best GFLOPs: 33.0921
2024-03-20 19:50:58 [INFO] [task_scheduler.cc:131] [Task #8: fused_nn_avg_pool2d] Trial #59: GFLOPs: 32.8161. Time: 4.4934 us. Best GFLOPs: 33.0921
2024-03-20 19:50:58 [INFO] [task_scheduler.cc:131] [Task #8: fused_nn_avg_pool2d] Trial #60: GFLOPs: 32.8690. Time: 4.4862 us. Best GFLOPs: 33.0921
2024-03-20 19:50:58 [INFO] [task_scheduler.cc:131] [Task #8: fused_nn_avg_pool2d] Trial #61: GFLOPs: 32.6699. Time: 4.5135 us. Best GFLOPs: 33.0921
2024-03-20 19:50:58 [INFO] [task_scheduler.cc:131] [Task #8: fused_nn_avg_pool2d] Trial #62: GFLOPs: 32.8359. Time: 4.4907 us. Best GFLOPs: 33.0921
2024-03-20 21:54:19 [INFO] [evolutionary_search.cc:713] Generating candidates......
2024-03-20 21:54:19 [INFO] [evolutionary_search.cc:715] Picked top 62 candidate(s) from database
2024-03-20 21:54:20 [INFO] [evolutionary_search.cc:533] Sample-Init-Population summary:
Postproc #0 [meta_schedule.DisallowDynamicLoop(0x613334ce5188)]: 0 failure(s)
Postproc #1 [meta_schedule.RewriteCooperativeFetch(0x6133338cb9d8)]: 0 failure(s)
Postproc #2 [meta_schedule.RewriteUnboundBlock(0x6133338ed0f8)]: 0 failure(s)
Postproc #3 [meta_schedule.RewriteParallelVectorizeUnroll(0x613333469af8)]: 0 failure(s)
Postproc #4 [meta_schedule.RewriteReductionBlock(0x61333342cf88)]: 0 failure(s)
Postproc #5 [meta_schedule.VerifyGPUCode(0x6133338cbbf8)]: 0 failure(s)
Postproc #6 [meta_schedule.RewriteTensorize(0x6133338eae38)]: 0 failure(s)
2024-03-20 21:54:20 [INFO] [evolutionary_search.cc:723] Sampled 450 candidate(s)
2024-03-20 21:54:20 [INFO] [evolutionary_search.cc:621] Evolve iter #0 done. Summary:
Postproc #0 [meta_schedule.DisallowDynamicLoop(0x613334ce5188)]: 0 failure(s)
Postproc #1 [meta_schedule.RewriteCooperativeFetch(0x6133338cb9d8)]: 0 failure(s)
Postproc #2 [meta_schedule.RewriteUnboundBlock(0x6133338ed0f8)]: 0 failure(s)
Postproc #3 [meta_schedule.RewriteParallelVectorizeUnroll(0x613333469af8)]: 0 failure(s)
Postproc #4 [meta_schedule.RewriteReductionBlock(0x61333342cf88)]: 0 failure(s)
Postproc #5 [meta_schedule.VerifyGPUCode(0x6133338cbbf8)]: 0 failure(s)
Postproc #6 [meta_schedule.RewriteTensorize(0x6133338eae38)]: 0 failure(s)
2024-03-20 21:54:21 [INFO] [evolutionary_search.cc:621] Evolve iter #1 done. Summary:
Postproc #0 [meta_schedule.DisallowDynamicLoop(0x613334ce5188)]: 0 failure(s)
Postproc #1 [meta_schedule.RewriteCooperativeFetch(0x6133338cb9d8)]: 0 failure(s)
Postproc #2 [meta_schedule.RewriteUnboundBlock(0x6133338ed0f8)]: 0 failure(s)
Postproc #3 [meta_schedule.RewriteParallelVectorizeUnroll(0x613333469af8)]: 0 failure(s)
Postproc #4 [meta_schedule.RewriteReductionBlock(0x61333342cf88)]: 0 failure(s)
Postproc #5 [meta_schedule.VerifyGPUCode(0x6133338cbbf8)]: 0 failure(s)
Postproc #6 [meta_schedule.RewriteTensorize(0x6133338eae38)]: 0 failure(s)
2024-03-20 21:54:21 [INFO] [evolutionary_search.cc:621] Evolve iter #2 done. Summary:
Postproc #0 [meta_schedule.DisallowDynamicLoop(0x613334ce5188)]: 0 failure(s)
Postproc #1 [meta_schedule.RewriteCooperativeFetch(0x6133338cb9d8)]: 0 failure(s)
Postproc #2 [meta_schedule.RewriteUnboundBlock(0x6133338ed0f8)]: 0 failure(s)
Postproc #3 [meta_schedule.RewriteParallelVectorizeUnroll(0x613333469af8)]: 0 failure(s)
Postproc #4 [meta_schedule.RewriteReductionBlock(0x61333342cf88)]: 0 failure(s)
Postproc #5 [meta_schedule.VerifyGPUCode(0x6133338cbbf8)]: 0 failure(s)
Postproc #6 [meta_schedule.RewriteTensorize(0x6133338eae38)]: 0 failure(s)
2024-03-20 21:54:22 [INFO] [evolutionary_search.cc:621] Evolve iter #3 done. Summary:
Postproc #0 [meta_schedule.DisallowDynamicLoop(0x613334ce5188)]: 0 failure(s)
Postproc #1 [meta_schedule.RewriteCooperativeFetch(0x6133338cb9d8)]: 0 failure(s)
Postproc #2 [meta_schedule.RewriteUnboundBlock(0x6133338ed0f8)]: 0 failure(s)
Postproc #3 [meta_schedule.RewriteParallelVectorizeUnroll(0x613333469af8)]: 0 failure(s)
Postproc #4 [meta_schedule.RewriteReductionBlock(0x61333342cf88)]: 0 failure(s)
Postproc #5 [meta_schedule.VerifyGPUCode(0x6133338cbbf8)]: 0 failure(s)
Postproc #6 [meta_schedule.RewriteTensorize(0x6133338eae38)]: 0 failure(s)
2024-03-20 21:54:23 [INFO] [evolutionary_search.cc:649] Scores of the best 64 candidates:
[1 : 16]:	0.9996  0.9994  0.9989  0.9989  0.9984  0.9984  0.9984  0.9982  0.9981  0.9981  0.9979  0.9979  0.9979  0.9977  0.9974  0.9974
[17 : 32]:	0.9972  0.9972  0.9972  0.9972  0.9971  0.9970  0.9970  0.9970  0.9969  0.9969  0.9969  0.9969  0.9969  0.9969  0.9969  0.9968
[33 : 48]:	0.9967  0.9967  0.9967  0.9967  0.9967  0.9967  0.9967  0.9966  0.9966  0.9966  0.9966  0.9965  0.9965  0.9965  0.9965  0.9965
[49 : 64]:	0.9964  0.9964  0.9964  0.9962  0.9962  0.9962  0.9962  0.9962  0.9960  0.9959  0.9959  0.9957  0.9957  0.9955  0.9955  0.9955
2024-03-20 21:54:23 [INFO] [evolutionary_search.cc:727] Got 64 candidate(s) with evolutionary search
2024-03-20 21:54:23 [INFO] [evolutionary_search.cc:730] Sending 62 candidates(s) for measurement
2024-03-20 21:54:55 [INFO] [task_scheduler.cc:131] [Task #8: fused_nn_avg_pool2d] Trial #63: GFLOPs: 33.1755. Time: 4.4447 us. Best GFLOPs: 33.1755
2024-03-20 21:54:55 [INFO] [task_scheduler.cc:131] [Task #8: fused_nn_avg_pool2d] Trial #64: GFLOPs: 33.4599. Time: 4.4069 us. Best GFLOPs: 33.4599
2024-03-20 21:54:55 [INFO] [task_scheduler.cc:131] [Task #8: fused_nn_avg_pool2d] Trial #65: GFLOPs: 33.0166. Time: 4.4661 us. Best GFLOPs: 33.4599
2024-03-20 21:54:55 [INFO] [task_scheduler.cc:131] [Task #8: fused_nn_avg_pool2d] Trial #66: GFLOPs: 32.9589. Time: 4.4739 us. Best GFLOPs: 33.4599
2024-03-20 21:54:55 [INFO] [task_scheduler.cc:131] [Task #8: fused_nn_avg_pool2d] Trial #67: GFLOPs: 33.4011. Time: 4.4147 us. Best GFLOPs: 33.4599
2024-03-20 21:54:55 [INFO] [task_scheduler.cc:131] [Task #8: fused_nn_avg_pool2d] Trial #68: GFLOPs: 32.8869. Time: 4.4837 us. Best GFLOPs: 33.4599
2024-03-20 21:54:55 [INFO] [task_scheduler.cc:131] [Task #8: fused_nn_avg_pool2d] Trial #69: GFLOPs: 32.9568. Time: 4.4742 us. Best GFLOPs: 33.4599
2024-03-20 21:54:55 [INFO] [task_scheduler.cc:131] [Task #8: fused_nn_avg_pool2d] Trial #70: GFLOPs: 33.2989. Time: 4.4282 us. Best GFLOPs: 33.4599
2024-03-20 21:54:55 [INFO] [task_scheduler.cc:131] [Task #8: fused_nn_avg_pool2d] Trial #71: GFLOPs: 32.8962. Time: 4.4825 us. Best GFLOPs: 33.4599
2024-03-20 21:54:55 [INFO] [task_scheduler.cc:131] [Task #8: fused_nn_avg_pool2d] Trial #72: GFLOPs: 33.0122. Time: 4.4667 us. Best GFLOPs: 33.4599
2024-03-20 21:54:55 [INFO] [task_scheduler.cc:131] [Task #8: fused_nn_avg_pool2d] Trial #73: GFLOPs: 32.8895. Time: 4.4834 us. Best GFLOPs: 33.4599
2024-03-20 21:54:55 [INFO] [task_scheduler.cc:131] [Task #8: fused_nn_avg_pool2d] Trial #74: GFLOPs: 32.9230. Time: 4.4788 us. Best GFLOPs: 33.4599
2024-03-20 21:54:55 [INFO] [task_scheduler.cc:131] [Task #8: fused_nn_avg_pool2d] Trial #75: GFLOPs: 32.9784. Time: 4.4713 us. Best GFLOPs: 33.4599
2024-03-20 21:54:55 [INFO] [task_scheduler.cc:131] [Task #8: fused_nn_avg_pool2d] Trial #76: GFLOPs: 32.8650. Time: 4.4867 us. Best GFLOPs: 33.4599
2024-03-20 21:54:55 [INFO] [task_scheduler.cc:131] [Task #8: fused_nn_avg_pool2d] Trial #77: GFLOPs: 32.9291. Time: 4.4780 us. Best GFLOPs: 33.4599
2024-03-20 21:54:55 [INFO] [task_scheduler.cc:131] [Task #8: fused_nn_avg_pool2d] Trial #78: GFLOPs: 33.0053. Time: 4.4677 us. Best GFLOPs: 33.4599
2024-03-20 21:54:55 [INFO] [task_scheduler.cc:131] [Task #8: fused_nn_avg_pool2d] Trial #79: GFLOPs: 32.9379. Time: 4.4768 us. Best GFLOPs: 33.4599
2024-03-20 21:54:55 [INFO] [task_scheduler.cc:131] [Task #8: fused_nn_avg_pool2d] Trial #80: GFLOPs: 32.9570. Time: 4.4742 us. Best GFLOPs: 33.4599
2024-03-20 21:54:55 [INFO] [task_scheduler.cc:131] [Task #8: fused_nn_avg_pool2d] Trial #81: GFLOPs: 32.9368. Time: 4.4769 us. Best GFLOPs: 33.4599
2024-03-20 21:54:55 [INFO] [task_scheduler.cc:131] [Task #8: fused_nn_avg_pool2d] Trial #82: GFLOPs: 32.8955. Time: 4.4826 us. Best GFLOPs: 33.4599
2024-03-20 21:54:55 [INFO] [task_scheduler.cc:131] [Task #8: fused_nn_avg_pool2d] Trial #83: GFLOPs: 32.9329. Time: 4.4775 us. Best GFLOPs: 33.4599
2024-03-20 21:54:55 [INFO] [task_scheduler.cc:131] [Task #8: fused_nn_avg_pool2d] Trial #84: GFLOPs: 32.8769. Time: 4.4851 us. Best GFLOPs: 33.4599
2024-03-20 21:54:55 [INFO] [task_scheduler.cc:131] [Task #8: fused_nn_avg_pool2d] Trial #85: GFLOPs: 32.9181. Time: 4.4795 us. Best GFLOPs: 33.4599
2024-03-20 21:54:55 [INFO] [task_scheduler.cc:131] [Task #8: fused_nn_avg_pool2d] Trial #86: GFLOPs: 32.8795. Time: 4.4847 us. Best GFLOPs: 33.4599
2024-03-20 21:54:55 [INFO] [task_scheduler.cc:131] [Task #8: fused_nn_avg_pool2d] Trial #87: GFLOPs: 32.8612. Time: 4.4872 us. Best GFLOPs: 33.4599
2024-03-20 21:54:55 [INFO] [task_scheduler.cc:131] [Task #8: fused_nn_avg_pool2d] Trial #88: GFLOPs: 32.9613. Time: 4.4736 us. Best GFLOPs: 33.4599
2024-03-20 21:54:55 [INFO] [task_scheduler.cc:131] [Task #8: fused_nn_avg_pool2d] Trial #89: GFLOPs: 32.9189. Time: 4.4794 us. Best GFLOPs: 33.4599
2024-03-20 21:54:55 [INFO] [task_scheduler.cc:131] [Task #8: fused_nn_avg_pool2d] Trial #90: GFLOPs: 32.9991. Time: 4.4685 us. Best GFLOPs: 33.4599
2024-03-20 21:54:55 [INFO] [task_scheduler.cc:131] [Task #8: fused_nn_avg_pool2d] Trial #91: GFLOPs: 32.9272. Time: 4.4782 us. Best GFLOPs: 33.4599
2024-03-20 21:54:55 [INFO] [task_scheduler.cc:131] [Task #8: fused_nn_avg_pool2d] Trial #92: GFLOPs: 32.9488. Time: 4.4753 us. Best GFLOPs: 33.4599
2024-03-20 21:54:55 [INFO] [task_scheduler.cc:131] [Task #8: fused_nn_avg_pool2d] Trial #93: GFLOPs: 32.9483. Time: 4.4754 us. Best GFLOPs: 33.4599
2024-03-20 21:54:55 [INFO] [task_scheduler.cc:131] [Task #8: fused_nn_avg_pool2d] Trial #94: GFLOPs: 32.8490. Time: 4.4889 us. Best GFLOPs: 33.4599
2024-03-20 21:54:55 [INFO] [task_scheduler.cc:131] [Task #8: fused_nn_avg_pool2d] Trial #95: GFLOPs: 32.9841. Time: 4.4705 us. Best GFLOPs: 33.4599
2024-03-20 21:54:55 [INFO] [task_scheduler.cc:131] [Task #8: fused_nn_avg_pool2d] Trial #96: GFLOPs: 32.8505. Time: 4.4887 us. Best GFLOPs: 33.4599
2024-03-20 21:54:55 [INFO] [task_scheduler.cc:131] [Task #8: fused_nn_avg_pool2d] Trial #97: GFLOPs: 32.9483. Time: 4.4754 us. Best GFLOPs: 33.4599
2024-03-20 21:54:55 [INFO] [task_scheduler.cc:131] [Task #8: fused_nn_avg_pool2d] Trial #98: GFLOPs: 32.8889. Time: 4.4835 us. Best GFLOPs: 33.4599
2024-03-20 21:54:55 [INFO] [task_scheduler.cc:131] [Task #8: fused_nn_avg_pool2d] Trial #99: GFLOPs: 32.9129. Time: 4.4802 us. Best GFLOPs: 33.4599
2024-03-20 21:54:55 [INFO] [task_scheduler.cc:131] [Task #8: fused_nn_avg_pool2d] Trial #100: GFLOPs: 32.8492. Time: 4.4889 us. Best GFLOPs: 33.4599
2024-03-20 21:54:55 [INFO] [task_scheduler.cc:131] [Task #8: fused_nn_avg_pool2d] Trial #101: GFLOPs: 32.8704. Time: 4.4860 us. Best GFLOPs: 33.4599
2024-03-20 21:54:55 [INFO] [task_scheduler.cc:131] [Task #8: fused_nn_avg_pool2d] Trial #102: GFLOPs: 32.8690. Time: 4.4862 us. Best GFLOPs: 33.4599
2024-03-20 21:54:55 [INFO] [task_scheduler.cc:131] [Task #8: fused_nn_avg_pool2d] Trial #103: GFLOPs: 32.8618. Time: 4.4872 us. Best GFLOPs: 33.4599
2024-03-20 21:54:55 [INFO] [task_scheduler.cc:131] [Task #8: fused_nn_avg_pool2d] Trial #104: GFLOPs: 32.9660. Time: 4.4730 us. Best GFLOPs: 33.4599
2024-03-20 21:54:55 [INFO] [task_scheduler.cc:131] [Task #8: fused_nn_avg_pool2d] Trial #105: GFLOPs: 32.8487. Time: 4.4889 us. Best GFLOPs: 33.4599
2024-03-20 21:54:55 [INFO] [task_scheduler.cc:131] [Task #8: fused_nn_avg_pool2d] Trial #106: GFLOPs: 32.8123. Time: 4.4939 us. Best GFLOPs: 33.4599
2024-03-20 21:54:55 [INFO] [task_scheduler.cc:131] [Task #8: fused_nn_avg_pool2d] Trial #107: GFLOPs: 32.8601. Time: 4.4874 us. Best GFLOPs: 33.4599
2024-03-20 21:54:55 [INFO] [task_scheduler.cc:131] [Task #8: fused_nn_avg_pool2d] Trial #108: GFLOPs: 32.8897. Time: 4.4833 us. Best GFLOPs: 33.4599
2024-03-20 21:54:55 [INFO] [task_scheduler.cc:131] [Task #8: fused_nn_avg_pool2d] Trial #109: GFLOPs: 32.9709. Time: 4.4723 us. Best GFLOPs: 33.4599
2024-03-20 21:54:55 [INFO] [task_scheduler.cc:131] [Task #8: fused_nn_avg_pool2d] Trial #110: GFLOPs: 32.9841. Time: 4.4705 us. Best GFLOPs: 33.4599
2024-03-20 21:54:55 [INFO] [task_scheduler.cc:131] [Task #8: fused_nn_avg_pool2d] Trial #111: GFLOPs: 32.8712. Time: 4.4859 us. Best GFLOPs: 33.4599
2024-03-20 21:54:55 [INFO] [task_scheduler.cc:131] [Task #8: fused_nn_avg_pool2d] Trial #112: GFLOPs: 32.9300. Time: 4.4779 us. Best GFLOPs: 33.4599
2024-03-20 21:54:55 [INFO] [task_scheduler.cc:131] [Task #8: fused_nn_avg_pool2d] Trial #113: GFLOPs: 32.9244. Time: 4.4786 us. Best GFLOPs: 33.4599
2024-03-20 21:54:55 [INFO] [task_scheduler.cc:131] [Task #8: fused_nn_avg_pool2d] Trial #114: GFLOPs: 32.9389. Time: 4.4766 us. Best GFLOPs: 33.4599
2024-03-20 21:54:55 [INFO] [task_scheduler.cc:131] [Task #8: fused_nn_avg_pool2d] Trial #115: GFLOPs: 32.8729. Time: 4.4856 us. Best GFLOPs: 33.4599
2024-03-20 21:54:55 [INFO] [task_scheduler.cc:131] [Task #8: fused_nn_avg_pool2d] Trial #116: GFLOPs: 32.9250. Time: 4.4785 us. Best GFLOPs: 33.4599
2024-03-20 21:54:55 [INFO] [task_scheduler.cc:131] [Task #8: fused_nn_avg_pool2d] Trial #117: GFLOPs: 32.9182. Time: 4.4795 us. Best GFLOPs: 33.4599
2024-03-20 21:54:55 [INFO] [task_scheduler.cc:131] [Task #8: fused_nn_avg_pool2d] Trial #118: GFLOPs: 32.9131. Time: 4.4802 us. Best GFLOPs: 33.4599
2024-03-20 21:54:55 [INFO] [task_scheduler.cc:131] [Task #8: fused_nn_avg_pool2d] Trial #119: GFLOPs: 32.8857. Time: 4.4839 us. Best GFLOPs: 33.4599
2024-03-20 21:54:55 [INFO] [task_scheduler.cc:131] [Task #8: fused_nn_avg_pool2d] Trial #120: GFLOPs: 32.9020. Time: 4.4817 us. Best GFLOPs: 33.4599
2024-03-20 21:54:55 [INFO] [task_scheduler.cc:131] [Task #8: fused_nn_avg_pool2d] Trial #121: GFLOPs: 32.8852. Time: 4.4840 us. Best GFLOPs: 33.4599
2024-03-20 21:54:55 [INFO] [task_scheduler.cc:131] [Task #8: fused_nn_avg_pool2d] Trial #122: GFLOPs: 32.8996. Time: 4.4820 us. Best GFLOPs: 33.4599
2024-03-20 21:54:55 [INFO] [task_scheduler.cc:131] [Task #8: fused_nn_avg_pool2d] Trial #123: GFLOPs: 32.9625. Time: 4.4734 us. Best GFLOPs: 33.4599
2024-03-20 21:54:55 [INFO] [task_scheduler.cc:131] [Task #8: fused_nn_avg_pool2d] Trial #124: GFLOPs: 32.6935. Time: 4.5103 us. Best GFLOPs: 33.4599
