2024-04-29 08:18:54 [INFO] [task_scheduler.cc:160] Initializing Task #2: "fused_nn_contrib_conv2d_NCHWc_add_nn_relu_2"
2024-04-29 08:18:54 [INFO] [task_scheduler.cc:35] 
# from tvm.script import ir as I
# from tvm.script import tir as T

@I.ir_module
class Module:
    @T.prim_func
    def main(p0: T.Buffer((T.int64(1), T.int64(392), T.int64(7), T.int64(7), T.int64(4)), "float32"), p1: T.Buffer((T.int64(32), T.int64(392), T.int64(1), T.int64(1), T.int64(4), T.int64(4)), "float32"), p2: T.Buffer((T.int64(1), T.int64(32), T.int64(1), T.int64(1), T.int64(4)), "float32"), T_relu: T.Buffer((T.int64(1), T.int64(32), T.int64(7), T.int64(7), T.int64(4)), "float32")):
        T.func_attr({"tir.noalias": T.bool(True)})
        # with T.block("root"):
        conv2d_NCHWc = T.alloc_buffer((T.int64(1), T.int64(32), T.int64(7), T.int64(7), T.int64(4)))
        T_add = T.alloc_buffer((T.int64(1), T.int64(32), T.int64(7), T.int64(7), T.int64(4)))
        for n, oc_chunk, oh, ow, oc_block, ic, kh, kw in T.grid(T.int64(1), T.int64(32), T.int64(7), T.int64(7), T.int64(4), T.int64(1568), T.int64(1), T.int64(1)):
            with T.block("conv2d_NCHWc"):
                v_n, v_oc_chunk, v_oh, v_ow, v_oc_block, v_ic, v_kh, v_kw = T.axis.remap("SSSSSRRR", [n, oc_chunk, oh, ow, oc_block, ic, kh, kw])
                T.reads(p0[v_n, v_ic // T.int64(4), v_oh + v_kh, v_ow + v_kw, v_ic % T.int64(4)], p1[v_oc_chunk, v_ic // T.int64(4), v_kh, v_kw, v_ic % T.int64(4), v_oc_block])
                T.writes(conv2d_NCHWc[v_n, v_oc_chunk, v_oh, v_ow, v_oc_block])
                with T.init():
                    conv2d_NCHWc[v_n, v_oc_chunk, v_oh, v_ow, v_oc_block] = T.float32(0)
                conv2d_NCHWc[v_n, v_oc_chunk, v_oh, v_ow, v_oc_block] = conv2d_NCHWc[v_n, v_oc_chunk, v_oh, v_ow, v_oc_block] + p0[v_n, v_ic // T.int64(4), v_oh + v_kh, v_ow + v_kw, v_ic % T.int64(4)] * p1[v_oc_chunk, v_ic // T.int64(4), v_kh, v_kw, v_ic % T.int64(4), v_oc_block]
        for ax0, ax1, ax2, ax3, ax4 in T.grid(T.int64(1), T.int64(32), T.int64(7), T.int64(7), T.int64(4)):
            with T.block("T_add"):
                v_ax0, v_ax1, v_ax2, v_ax3, v_ax4 = T.axis.remap("SSSSS", [ax0, ax1, ax2, ax3, ax4])
                T.reads(conv2d_NCHWc[v_ax0, v_ax1, v_ax2, v_ax3, v_ax4], p2[v_ax0, v_ax1, T.int64(0), T.int64(0), v_ax4])
                T.writes(T_add[v_ax0, v_ax1, v_ax2, v_ax3, v_ax4])
                T_add[v_ax0, v_ax1, v_ax2, v_ax3, v_ax4] = conv2d_NCHWc[v_ax0, v_ax1, v_ax2, v_ax3, v_ax4] + p2[v_ax0, v_ax1, T.int64(0), T.int64(0), v_ax4]
        for ax0, ax1, ax2, ax3, ax4 in T.grid(T.int64(1), T.int64(32), T.int64(7), T.int64(7), T.int64(4)):
            with T.block("T_relu"):
                v_ax0, v_ax1, v_ax2, v_ax3, v_ax4 = T.axis.remap("SSSSS", [ax0, ax1, ax2, ax3, ax4])
                T.reads(T_add[v_ax0, v_ax1, v_ax2, v_ax3, v_ax4])
                T.writes(T_relu[v_ax0, v_ax1, v_ax2, v_ax3, v_ax4])
                T_relu[v_ax0, v_ax1, v_ax2, v_ax3, v_ax4] = T.max(T_add[v_ax0, v_ax1, v_ax2, v_ax3, v_ax4], T.float32(0))
2024-04-29 08:18:54 [INFO] [task_scheduler.cc:164] Total 3 design space(s) generated
2024-04-29 08:18:54 [INFO] [task_scheduler.cc:170] Design space #0:
# from tvm.script import ir as I
# from tvm.script import tir as T

@I.ir_module
class Module:
    @T.prim_func
    def main(p0: T.Buffer((T.int64(1), T.int64(392), T.int64(7), T.int64(7), T.int64(4)), "float32"), p1: T.Buffer((T.int64(32), T.int64(392), T.int64(1), T.int64(1), T.int64(4), T.int64(4)), "float32"), p2: T.Buffer((T.int64(1), T.int64(32), T.int64(1), T.int64(1), T.int64(4)), "float32"), T_relu: T.Buffer((T.int64(1), T.int64(32), T.int64(7), T.int64(7), T.int64(4)), "float32")):
        T.func_attr({"tir.noalias": T.bool(True)})
        with T.block("root"):
            T.reads()
            T.writes()
            T.block_attr({"meta_schedule.parallel": 768, "meta_schedule.unroll_explicit": 0, "meta_schedule.vectorize": 64})
            conv2d_NCHWc = T.alloc_buffer((T.int64(1), T.int64(32), T.int64(7), T.int64(7), T.int64(4)))
            for n_0, oc_chunk_0, oh_0, ow_0, oc_block_0, n_1, oc_chunk_1, oh_1, ow_1, oc_block_1, ic_0, kh_0, kw_0, n_2, oc_chunk_2, oh_2, ow_2, oc_block_2, ic_1, kh_1, kw_1, n_3, oc_chunk_3, oh_3, ow_3, oc_block_3 in T.grid(T.int64(1), T.int64(2), T.int64(1), T.int64(7), T.int64(2), T.int64(1), T.int64(8), T.int64(1), T.int64(1), T.int64(1), T.int64(1568), T.int64(1), T.int64(1), T.int64(1), T.int64(2), T.int64(7), T.int64(1), T.int64(2), T.int64(1), T.int64(1), T.int64(1), T.int64(1), T.int64(1), T.int64(1), T.int64(1), T.int64(1)):
                with T.block("conv2d_NCHWc"):
                    v_n = T.axis.spatial(T.int64(1), n_0 + n_1 + n_2 + n_3)
                    v_oc_chunk = T.axis.spatial(T.int64(32), oc_chunk_0 * T.int64(16) + oc_chunk_1 * T.int64(2) + oc_chunk_2 + oc_chunk_3)
                    v_oh = T.axis.spatial(T.int64(7), oh_0 * T.int64(7) + oh_1 * T.int64(7) + oh_2 + oh_3)
                    v_ow = T.axis.spatial(T.int64(7), ow_0 + ow_1 + ow_2 + ow_3)
                    v_oc_block = T.axis.spatial(T.int64(4), oc_block_0 * T.int64(2) + oc_block_1 * T.int64(2) + oc_block_2 + oc_block_3)
                    v_ic = T.axis.reduce(T.int64(1568), ic_0 + ic_1)
                    v_kh = T.axis.reduce(T.int64(1), kh_0 + kh_1)
                    v_kw = T.axis.reduce(T.int64(1), kw_0 + kw_1)
                    T.reads(p0[v_n, v_ic // T.int64(4), v_oh + v_kh, v_ow + v_kw, v_ic % T.int64(4)], p1[v_oc_chunk, v_ic // T.int64(4), v_kh, v_kw, v_ic % T.int64(4), v_oc_block])
                    T.writes(conv2d_NCHWc[v_n, v_oc_chunk, v_oh, v_ow, v_oc_block])
                    T.block_attr({"meta_schedule.tiling_structure": "SSRSRS"})
                    with T.init():
                        conv2d_NCHWc[v_n, v_oc_chunk, v_oh, v_ow, v_oc_block] = T.float32(0)
                    conv2d_NCHWc[v_n, v_oc_chunk, v_oh, v_ow, v_oc_block] = conv2d_NCHWc[v_n, v_oc_chunk, v_oh, v_ow, v_oc_block] + p0[v_n, v_ic // T.int64(4), v_oh + v_kh, v_ow + v_kw, v_ic % T.int64(4)] * p1[v_oc_chunk, v_ic // T.int64(4), v_kh, v_kw, v_ic % T.int64(4), v_oc_block]
            for ax0, ax1, ax2, ax3, ax4 in T.grid(T.int64(1), T.int64(32), T.int64(7), T.int64(7), T.int64(4)):
                with T.block("T_relu"):
                    v_ax0, v_ax1, v_ax2, v_ax3, v_ax4 = T.axis.remap("SSSSS", [ax0, ax1, ax2, ax3, ax4])
                    T.reads(conv2d_NCHWc[v_ax0, v_ax1, v_ax2, v_ax3, v_ax4], p2[v_ax0, v_ax1, T.int64(0), T.int64(0), v_ax4])
                    T.writes(T_relu[v_ax0, v_ax1, v_ax2, v_ax3, v_ax4])
                    T_relu[v_ax0, v_ax1, v_ax2, v_ax3, v_ax4] = T.max(conv2d_NCHWc[v_ax0, v_ax1, v_ax2, v_ax3, v_ax4] + p2[v_ax0, v_ax1, T.int64(0), T.int64(0), v_ax4], T.float32(0))
b0 = sch.get_block(name="conv2d_NCHWc", func_name="main")
b1 = sch.get_block(name="T_add", func_name="main")
b2 = sch.get_block(name="root", func_name="main")
sch.compute_inline(block=b1)
sch.annotate(block_or_loop=b0, ann_key="meta_schedule.tiling_structure", ann_val="SSRSRS")
l3, l4, l5, l6, l7, l8, l9, l10 = sch.get_loops(block=b0)
v11, v12, v13, v14 = sch.sample_perfect_tile(loop=l3, n=4, max_innermost_factor=64, decision=[1, 1, 1, 1])
l15, l16, l17, l18 = sch.split(loop=l3, factors=[v11, v12, v13, v14], preserve_unit_iters=True)
v19, v20, v21, v22 = sch.sample_perfect_tile(loop=l4, n=4, max_innermost_factor=64, decision=[2, 8, 2, 1])
l23, l24, l25, l26 = sch.split(loop=l4, factors=[v19, v20, v21, v22], preserve_unit_iters=True)
v27, v28, v29, v30 = sch.sample_perfect_tile(loop=l5, n=4, max_innermost_factor=64, decision=[1, 1, 7, 1])
l31, l32, l33, l34 = sch.split(loop=l5, factors=[v27, v28, v29, v30], preserve_unit_iters=True)
v35, v36, v37, v38 = sch.sample_perfect_tile(loop=l6, n=4, max_innermost_factor=64, decision=[7, 1, 1, 1])
l39, l40, l41, l42 = sch.split(loop=l6, factors=[v35, v36, v37, v38], preserve_unit_iters=True)
v43, v44, v45, v46 = sch.sample_perfect_tile(loop=l7, n=4, max_innermost_factor=64, decision=[2, 1, 2, 1])
l47, l48, l49, l50 = sch.split(loop=l7, factors=[v43, v44, v45, v46], preserve_unit_iters=True)
v51, v52 = sch.sample_perfect_tile(loop=l8, n=2, max_innermost_factor=64, decision=[1568, 1])
l53, l54 = sch.split(loop=l8, factors=[v51, v52], preserve_unit_iters=True)
v55, v56 = sch.sample_perfect_tile(loop=l9, n=2, max_innermost_factor=64, decision=[1, 1])
l57, l58 = sch.split(loop=l9, factors=[v55, v56], preserve_unit_iters=True)
v59, v60 = sch.sample_perfect_tile(loop=l10, n=2, max_innermost_factor=64, decision=[1, 1])
l61, l62 = sch.split(loop=l10, factors=[v59, v60], preserve_unit_iters=True)
sch.reorder(l15, l23, l31, l39, l47, l16, l24, l32, l40, l48, l53, l57, l61, l17, l25, l33, l41, l49, l54, l58, l62, l18, l26, l34, l42, l50)
sch.annotate(block_or_loop=b2, ann_key="meta_schedule.parallel", ann_val=768)
sch.annotate(block_or_loop=b2, ann_key="meta_schedule.vectorize", ann_val=64)
v63 = sch.sample_categorical(candidates=[0, 16, 64, 512], probs=[0.25, 0.25, 0.25, 0.25], decision=0)
sch.annotate(block_or_loop=b2, ann_key="meta_schedule.unroll_explicit", ann_val=v63)
2024-04-29 08:18:54 [INFO] [task_scheduler.cc:170] Design space #1:
# from tvm.script import ir as I
# from tvm.script import tir as T

@I.ir_module
class Module:
    @T.prim_func
    def main(p0: T.Buffer((T.int64(1), T.int64(392), T.int64(7), T.int64(7), T.int64(4)), "float32"), p1: T.Buffer((T.int64(32), T.int64(392), T.int64(1), T.int64(1), T.int64(4), T.int64(4)), "float32"), p2: T.Buffer((T.int64(1), T.int64(32), T.int64(1), T.int64(1), T.int64(4)), "float32"), T_relu: T.Buffer((T.int64(1), T.int64(32), T.int64(7), T.int64(7), T.int64(4)), "float32")):
        T.func_attr({"tir.noalias": T.bool(True)})
        with T.block("root"):
            T.reads()
            T.writes()
            T.block_attr({"meta_schedule.parallel": 768, "meta_schedule.unroll_explicit": 64, "meta_schedule.vectorize": 64})
            conv2d_NCHWc = T.alloc_buffer((T.int64(1), T.int64(32), T.int64(7), T.int64(7), T.int64(4)))
            for n_0, oc_chunk_0, oh_0, ow_0, oc_block_0, n_1, oc_chunk_1, oh_1, ow_1, oc_block_1 in T.grid(T.int64(1), T.int64(2), T.int64(1), T.int64(7), T.int64(2), T.int64(1), T.int64(8), T.int64(1), T.int64(1), T.int64(1)):
                for ic_0, kh_0, kw_0, n_2, oc_chunk_2, oh_2, ow_2, oc_block_2, ic_1, kh_1, kw_1, n_3, oc_chunk_3, oh_3, ow_3, oc_block_3 in T.grid(T.int64(1568), T.int64(1), T.int64(1), T.int64(1), T.int64(2), T.int64(7), T.int64(1), T.int64(2), T.int64(1), T.int64(1), T.int64(1), T.int64(1), T.int64(1), T.int64(1), T.int64(1), T.int64(1)):
                    with T.block("conv2d_NCHWc"):
                        v_n = T.axis.spatial(T.int64(1), n_0 + n_1 + n_2 + n_3)
                        v_oc_chunk = T.axis.spatial(T.int64(32), oc_chunk_0 * T.int64(16) + oc_chunk_1 * T.int64(2) + oc_chunk_2 + oc_chunk_3)
                        v_oh = T.axis.spatial(T.int64(7), oh_0 * T.int64(7) + oh_1 * T.int64(7) + oh_2 + oh_3)
                        v_ow = T.axis.spatial(T.int64(7), ow_0 + ow_1 + ow_2 + ow_3)
                        v_oc_block = T.axis.spatial(T.int64(4), oc_block_0 * T.int64(2) + oc_block_1 * T.int64(2) + oc_block_2 + oc_block_3)
                        v_ic = T.axis.reduce(T.int64(1568), ic_0 + ic_1)
                        v_kh = T.axis.reduce(T.int64(1), kh_0 + kh_1)
                        v_kw = T.axis.reduce(T.int64(1), kw_0 + kw_1)
                        T.reads(p0[v_n, v_ic // T.int64(4), v_oh + v_kh, v_ow + v_kw, v_ic % T.int64(4)], p1[v_oc_chunk, v_ic // T.int64(4), v_kh, v_kw, v_ic % T.int64(4), v_oc_block])
                        T.writes(conv2d_NCHWc[v_n, v_oc_chunk, v_oh, v_ow, v_oc_block])
                        T.block_attr({"meta_schedule.tiling_structure": "SSRSRS"})
                        with T.init():
                            conv2d_NCHWc[v_n, v_oc_chunk, v_oh, v_ow, v_oc_block] = T.float32(0)
                        conv2d_NCHWc[v_n, v_oc_chunk, v_oh, v_ow, v_oc_block] = conv2d_NCHWc[v_n, v_oc_chunk, v_oh, v_ow, v_oc_block] + p0[v_n, v_ic // T.int64(4), v_oh + v_kh, v_ow + v_kw, v_ic % T.int64(4)] * p1[v_oc_chunk, v_ic // T.int64(4), v_kh, v_kw, v_ic % T.int64(4), v_oc_block]
                for ax0, ax1, ax2, ax3, ax4 in T.grid(T.int64(1), T.int64(2), T.int64(7), T.int64(1), T.int64(2)):
                    with T.block("T_relu"):
                        v_ax0 = T.axis.spatial(T.int64(1), ax0)
                        v_ax1 = T.axis.spatial(T.int64(32), oc_chunk_0 * T.int64(16) + oc_chunk_1 * T.int64(2) + ax1)
                        v_ax2 = T.axis.spatial(T.int64(7), ax2)
                        v_ax3 = T.axis.spatial(T.int64(7), ow_0 + ax3)
                        v_ax4 = T.axis.spatial(T.int64(4), oc_block_0 * T.int64(2) + ax4)
                        T.reads(conv2d_NCHWc[v_ax0, v_ax1, v_ax2, v_ax3, v_ax4], p2[v_ax0, v_ax1, T.int64(0), T.int64(0), v_ax4])
                        T.writes(T_relu[v_ax0, v_ax1, v_ax2, v_ax3, v_ax4])
                        T_relu[v_ax0, v_ax1, v_ax2, v_ax3, v_ax4] = T.max(conv2d_NCHWc[v_ax0, v_ax1, v_ax2, v_ax3, v_ax4] + p2[v_ax0, v_ax1, T.int64(0), T.int64(0), v_ax4], T.float32(0))
b0 = sch.get_block(name="conv2d_NCHWc", func_name="main")
b1 = sch.get_block(name="T_add", func_name="main")
b2 = sch.get_block(name="root", func_name="main")
sch.compute_inline(block=b1)
sch.annotate(block_or_loop=b0, ann_key="meta_schedule.tiling_structure", ann_val="SSRSRS")
l3, l4, l5, l6, l7, l8, l9, l10 = sch.get_loops(block=b0)
v11, v12, v13, v14 = sch.sample_perfect_tile(loop=l3, n=4, max_innermost_factor=64, decision=[1, 1, 1, 1])
l15, l16, l17, l18 = sch.split(loop=l3, factors=[v11, v12, v13, v14], preserve_unit_iters=True)
v19, v20, v21, v22 = sch.sample_perfect_tile(loop=l4, n=4, max_innermost_factor=64, decision=[2, 8, 2, 1])
l23, l24, l25, l26 = sch.split(loop=l4, factors=[v19, v20, v21, v22], preserve_unit_iters=True)
v27, v28, v29, v30 = sch.sample_perfect_tile(loop=l5, n=4, max_innermost_factor=64, decision=[1, 1, 7, 1])
l31, l32, l33, l34 = sch.split(loop=l5, factors=[v27, v28, v29, v30], preserve_unit_iters=True)
v35, v36, v37, v38 = sch.sample_perfect_tile(loop=l6, n=4, max_innermost_factor=64, decision=[7, 1, 1, 1])
l39, l40, l41, l42 = sch.split(loop=l6, factors=[v35, v36, v37, v38], preserve_unit_iters=True)
v43, v44, v45, v46 = sch.sample_perfect_tile(loop=l7, n=4, max_innermost_factor=64, decision=[2, 1, 2, 1])
l47, l48, l49, l50 = sch.split(loop=l7, factors=[v43, v44, v45, v46], preserve_unit_iters=True)
v51, v52 = sch.sample_perfect_tile(loop=l8, n=2, max_innermost_factor=64, decision=[1568, 1])
l53, l54 = sch.split(loop=l8, factors=[v51, v52], preserve_unit_iters=True)
v55, v56 = sch.sample_perfect_tile(loop=l9, n=2, max_innermost_factor=64, decision=[1, 1])
l57, l58 = sch.split(loop=l9, factors=[v55, v56], preserve_unit_iters=True)
v59, v60 = sch.sample_perfect_tile(loop=l10, n=2, max_innermost_factor=64, decision=[1, 1])
l61, l62 = sch.split(loop=l10, factors=[v59, v60], preserve_unit_iters=True)
sch.reorder(l15, l23, l31, l39, l47, l16, l24, l32, l40, l48, l53, l57, l61, l17, l25, l33, l41, l49, l54, l58, l62, l18, l26, l34, l42, l50)
b63, = sch.get_consumers(block=b0)
sch.reverse_compute_at(block=b63, loop=l48, preserve_unit_loops=True, index=-1)
sch.annotate(block_or_loop=b2, ann_key="meta_schedule.parallel", ann_val=768)
sch.annotate(block_or_loop=b2, ann_key="meta_schedule.vectorize", ann_val=64)
v64 = sch.sample_categorical(candidates=[0, 16, 64, 512], probs=[0.25, 0.25, 0.25, 0.25], decision=2)
sch.annotate(block_or_loop=b2, ann_key="meta_schedule.unroll_explicit", ann_val=v64)
2024-04-29 08:18:54 [INFO] [task_scheduler.cc:170] Design space #2:
# from tvm.script import ir as I
# from tvm.script import tir as T

@I.ir_module
class Module:
    @T.prim_func
    def main(p0: T.Buffer((T.int64(1), T.int64(392), T.int64(7), T.int64(7), T.int64(4)), "float32"), p1: T.Buffer((T.int64(32), T.int64(392), T.int64(1), T.int64(1), T.int64(4), T.int64(4)), "float32"), p2: T.Buffer((T.int64(1), T.int64(32), T.int64(1), T.int64(1), T.int64(4)), "float32"), T_relu: T.Buffer((T.int64(1), T.int64(32), T.int64(7), T.int64(7), T.int64(4)), "float32")):
        T.func_attr({"tir.noalias": T.bool(True)})
        with T.block("root"):
            T.reads()
            T.writes()
            T.block_attr({"meta_schedule.parallel": 768, "meta_schedule.unroll_explicit": 64, "meta_schedule.vectorize": 64})
            conv2d_NCHWc = T.alloc_buffer((T.int64(1), T.int64(32), T.int64(7), T.int64(7), T.int64(4)))
            for n_0, oc_chunk_0, oh_0, ow_0, oc_block_0 in T.grid(T.int64(1), T.int64(2), T.int64(1), T.int64(7), T.int64(2)):
                for n_1, oc_chunk_1, oh_1, ow_1, oc_block_1, ic_0, kh_0, kw_0, n_2, oc_chunk_2, oh_2, ow_2, oc_block_2, ic_1, kh_1, kw_1, n_3, oc_chunk_3, oh_3, ow_3, oc_block_3 in T.grid(T.int64(1), T.int64(8), T.int64(1), T.int64(1), T.int64(1), T.int64(1568), T.int64(1), T.int64(1), T.int64(1), T.int64(2), T.int64(7), T.int64(1), T.int64(2), T.int64(1), T.int64(1), T.int64(1), T.int64(1), T.int64(1), T.int64(1), T.int64(1), T.int64(1)):
                    with T.block("conv2d_NCHWc"):
                        v_n = T.axis.spatial(T.int64(1), n_0 + n_1 + n_2 + n_3)
                        v_oc_chunk = T.axis.spatial(T.int64(32), oc_chunk_0 * T.int64(16) + oc_chunk_1 * T.int64(2) + oc_chunk_2 + oc_chunk_3)
                        v_oh = T.axis.spatial(T.int64(7), oh_0 * T.int64(7) + oh_1 * T.int64(7) + oh_2 + oh_3)
                        v_ow = T.axis.spatial(T.int64(7), ow_0 + ow_1 + ow_2 + ow_3)
                        v_oc_block = T.axis.spatial(T.int64(4), oc_block_0 * T.int64(2) + oc_block_1 * T.int64(2) + oc_block_2 + oc_block_3)
                        v_ic = T.axis.reduce(T.int64(1568), ic_0 + ic_1)
                        v_kh = T.axis.reduce(T.int64(1), kh_0 + kh_1)
                        v_kw = T.axis.reduce(T.int64(1), kw_0 + kw_1)
                        T.reads(p0[v_n, v_ic // T.int64(4), v_oh + v_kh, v_ow + v_kw, v_ic % T.int64(4)], p1[v_oc_chunk, v_ic // T.int64(4), v_kh, v_kw, v_ic % T.int64(4), v_oc_block])
                        T.writes(conv2d_NCHWc[v_n, v_oc_chunk, v_oh, v_ow, v_oc_block])
                        T.block_attr({"meta_schedule.tiling_structure": "SSRSRS"})
                        with T.init():
                            conv2d_NCHWc[v_n, v_oc_chunk, v_oh, v_ow, v_oc_block] = T.float32(0)
                        conv2d_NCHWc[v_n, v_oc_chunk, v_oh, v_ow, v_oc_block] = conv2d_NCHWc[v_n, v_oc_chunk, v_oh, v_ow, v_oc_block] + p0[v_n, v_ic // T.int64(4), v_oh + v_kh, v_ow + v_kw, v_ic % T.int64(4)] * p1[v_oc_chunk, v_ic // T.int64(4), v_kh, v_kw, v_ic % T.int64(4), v_oc_block]
                for ax0, ax1, ax2, ax3, ax4 in T.grid(T.int64(1), T.int64(16), T.int64(7), T.int64(1), T.int64(2)):
                    with T.block("T_relu"):
                        v_ax0 = T.axis.spatial(T.int64(1), ax0)
                        v_ax1 = T.axis.spatial(T.int64(32), oc_chunk_0 * T.int64(16) + ax1)
                        v_ax2 = T.axis.spatial(T.int64(7), ax2)
                        v_ax3 = T.axis.spatial(T.int64(7), ow_0 + ax3)
                        v_ax4 = T.axis.spatial(T.int64(4), oc_block_0 * T.int64(2) + ax4)
                        T.reads(conv2d_NCHWc[v_ax0, v_ax1, v_ax2, v_ax3, v_ax4], p2[v_ax0, v_ax1, T.int64(0), T.int64(0), v_ax4])
                        T.writes(T_relu[v_ax0, v_ax1, v_ax2, v_ax3, v_ax4])
                        T_relu[v_ax0, v_ax1, v_ax2, v_ax3, v_ax4] = T.max(conv2d_NCHWc[v_ax0, v_ax1, v_ax2, v_ax3, v_ax4] + p2[v_ax0, v_ax1, T.int64(0), T.int64(0), v_ax4], T.float32(0))
b0 = sch.get_block(name="conv2d_NCHWc", func_name="main")
b1 = sch.get_block(name="T_add", func_name="main")
b2 = sch.get_block(name="root", func_name="main")
sch.compute_inline(block=b1)
sch.annotate(block_or_loop=b0, ann_key="meta_schedule.tiling_structure", ann_val="SSRSRS")
l3, l4, l5, l6, l7, l8, l9, l10 = sch.get_loops(block=b0)
v11, v12, v13, v14 = sch.sample_perfect_tile(loop=l3, n=4, max_innermost_factor=64, decision=[1, 1, 1, 1])
l15, l16, l17, l18 = sch.split(loop=l3, factors=[v11, v12, v13, v14], preserve_unit_iters=True)
v19, v20, v21, v22 = sch.sample_perfect_tile(loop=l4, n=4, max_innermost_factor=64, decision=[2, 8, 2, 1])
l23, l24, l25, l26 = sch.split(loop=l4, factors=[v19, v20, v21, v22], preserve_unit_iters=True)
v27, v28, v29, v30 = sch.sample_perfect_tile(loop=l5, n=4, max_innermost_factor=64, decision=[1, 1, 7, 1])
l31, l32, l33, l34 = sch.split(loop=l5, factors=[v27, v28, v29, v30], preserve_unit_iters=True)
v35, v36, v37, v38 = sch.sample_perfect_tile(loop=l6, n=4, max_innermost_factor=64, decision=[7, 1, 1, 1])
l39, l40, l41, l42 = sch.split(loop=l6, factors=[v35, v36, v37, v38], preserve_unit_iters=True)
v43, v44, v45, v46 = sch.sample_perfect_tile(loop=l7, n=4, max_innermost_factor=64, decision=[2, 1, 2, 1])
l47, l48, l49, l50 = sch.split(loop=l7, factors=[v43, v44, v45, v46], preserve_unit_iters=True)
v51, v52 = sch.sample_perfect_tile(loop=l8, n=2, max_innermost_factor=64, decision=[1568, 1])
l53, l54 = sch.split(loop=l8, factors=[v51, v52], preserve_unit_iters=True)
v55, v56 = sch.sample_perfect_tile(loop=l9, n=2, max_innermost_factor=64, decision=[1, 1])
l57, l58 = sch.split(loop=l9, factors=[v55, v56], preserve_unit_iters=True)
v59, v60 = sch.sample_perfect_tile(loop=l10, n=2, max_innermost_factor=64, decision=[1, 1])
l61, l62 = sch.split(loop=l10, factors=[v59, v60], preserve_unit_iters=True)
sch.reorder(l15, l23, l31, l39, l47, l16, l24, l32, l40, l48, l53, l57, l61, l17, l25, l33, l41, l49, l54, l58, l62, l18, l26, l34, l42, l50)
b63, = sch.get_consumers(block=b0)
sch.reverse_compute_at(block=b63, loop=l47, preserve_unit_loops=True, index=-1)
sch.annotate(block_or_loop=b2, ann_key="meta_schedule.parallel", ann_val=768)
sch.annotate(block_or_loop=b2, ann_key="meta_schedule.vectorize", ann_val=64)
v64 = sch.sample_categorical(candidates=[0, 16, 64, 512], probs=[0.25, 0.25, 0.25, 0.25], decision=2)
sch.annotate(block_or_loop=b2, ann_key="meta_schedule.unroll_explicit", ann_val=v64)
2024-04-29 08:28:08 [INFO] [evolutionary_search.cc:713] Generating candidates......
2024-04-29 08:28:08 [INFO] [evolutionary_search.cc:715] Picked top 0 candidate(s) from database
2024-04-29 08:28:10 [INFO] [evolutionary_search.cc:533] Sample-Init-Population summary:
Postproc #0 [meta_schedule.DisallowDynamicLoop(0xc9eb888)]: 0 failure(s)
Postproc #1 [meta_schedule.RewriteParallelVectorizeUnroll(0xc93c398)]: 0 failure(s)
Postproc #2 [meta_schedule.RewriteReductionBlock(0xf514178)]: 0 failure(s)
Postproc #3 [meta_schedule.RewriteLayout(0xb53f8c8)]: 0 failure(s)
2024-04-29 08:28:10 [INFO] [evolutionary_search.cc:723] Sampled 512 candidate(s)
2024-04-29 08:28:13 [INFO] [evolutionary_search.cc:621] Evolve iter #0 done. Summary:
Postproc #0 [meta_schedule.DisallowDynamicLoop(0xc9eb888)]: 0 failure(s)
Postproc #1 [meta_schedule.RewriteParallelVectorizeUnroll(0xc93c398)]: 0 failure(s)
Postproc #2 [meta_schedule.RewriteReductionBlock(0xf514178)]: 0 failure(s)
Postproc #3 [meta_schedule.RewriteLayout(0xb53f8c8)]: 0 failure(s)
2024-04-29 08:28:16 [INFO] [evolutionary_search.cc:621] Evolve iter #1 done. Summary:
Postproc #0 [meta_schedule.DisallowDynamicLoop(0xc9eb888)]: 0 failure(s)
Postproc #1 [meta_schedule.RewriteParallelVectorizeUnroll(0xc93c398)]: 0 failure(s)
Postproc #2 [meta_schedule.RewriteReductionBlock(0xf514178)]: 0 failure(s)
Postproc #3 [meta_schedule.RewriteLayout(0xb53f8c8)]: 0 failure(s)
2024-04-29 08:28:19 [INFO] [evolutionary_search.cc:621] Evolve iter #2 done. Summary:
Postproc #0 [meta_schedule.DisallowDynamicLoop(0xc9eb888)]: 0 failure(s)
Postproc #1 [meta_schedule.RewriteParallelVectorizeUnroll(0xc93c398)]: 0 failure(s)
Postproc #2 [meta_schedule.RewriteReductionBlock(0xf514178)]: 0 failure(s)
Postproc #3 [meta_schedule.RewriteLayout(0xb53f8c8)]: 0 failure(s)
2024-04-29 08:28:22 [INFO] [evolutionary_search.cc:621] Evolve iter #3 done. Summary:
Postproc #0 [meta_schedule.DisallowDynamicLoop(0xc9eb888)]: 0 failure(s)
Postproc #1 [meta_schedule.RewriteParallelVectorizeUnroll(0xc93c398)]: 0 failure(s)
Postproc #2 [meta_schedule.RewriteReductionBlock(0xf514178)]: 0 failure(s)
Postproc #3 [meta_schedule.RewriteLayout(0xb53f8c8)]: 0 failure(s)
2024-04-29 08:28:23 [INFO] [evolutionary_search.cc:649] Scores of the best 64 candidates:
[1 : 16]:	0.9995  0.9994  0.9993  0.9992  0.9990  0.9988  0.9984  0.9983  0.9979  0.9973  0.9963  0.9959  0.9955  0.9951  0.9945  0.9943
[17 : 32]:	0.9942  0.9937  0.9933  0.9932  0.9917  0.9910  0.9906  0.9905  0.9893  0.9893  0.9892  0.9887  0.9886  0.9885  0.9882  0.9862
[33 : 48]:	0.9857  0.9847  0.9842  0.9832  0.9821  0.9811  0.9797  0.9794  0.9791  0.9787  0.9784  0.9783  0.9768  0.9762  0.9758  0.9758
[49 : 64]:	0.9750  0.9740  0.9740  0.9736  0.9729  0.9718  0.9712  0.9712  0.9693  0.9690  0.9671  0.9670  0.9668  0.9665  0.9656  0.9646
2024-04-29 08:28:23 [INFO] [evolutionary_search.cc:727] Got 64 candidate(s) with evolutionary search
2024-04-29 08:28:23 [INFO] [evolutionary_search.cc:730] Sending 64 candidates(s) for measurement
2024-04-29 10:56:35 [INFO] [task_scheduler.cc:131] [Task #2: fused_nn_contrib_conv2d_NCHWc_add_nn_relu_2] Trial #1: GFLOPs: 87.3698. Time: 225.2670 us. Best GFLOPs: 87.3698
2024-04-29 10:56:35 [INFO] [task_scheduler.cc:131] [Task #2: fused_nn_contrib_conv2d_NCHWc_add_nn_relu_2] Trial #2: GFLOPs: 1.3586. Time: 14486.9383 us. Best GFLOPs: 87.3698
2024-04-29 10:56:35 [INFO] [task_scheduler.cc:131] [Task #2: fused_nn_contrib_conv2d_NCHWc_add_nn_relu_2] Trial #3: GFLOPs: 23.0890. Time: 852.4187 us. Best GFLOPs: 87.3698
2024-04-29 10:56:35 [INFO] [task_scheduler.cc:121] [Task #2: fused_nn_contrib_conv2d_NCHWc_add_nn_relu_2] Trial #4: Error in building:
LocalBuilder: Timeout, killed after 30.0 seconds
# from tvm.script import ir as I
# from tvm.script import tir as T

@I.ir_module
class Module:
    @T.prim_func
    def main(p0: T.Buffer((T.int64(1), T.int64(392), T.int64(7), T.int64(7), T.int64(4)), "float32"), p1: T.Buffer((T.int64(32), T.int64(392), T.int64(1), T.int64(1), T.int64(4), T.int64(4)), "float32"), p2: T.Buffer((T.int64(1), T.int64(32), T.int64(1), T.int64(1), T.int64(4)), "float32"), T_relu: T.Buffer((T.int64(1), T.int64(32), T.int64(7), T.int64(7), T.int64(4)), "float32")):
        T.func_attr({"tir.noalias": T.bool(True)})
        # with T.block("root"):
        conv2d_NCHWc = T.alloc_buffer((T.int64(1), T.int64(32), T.int64(7), T.int64(7), T.int64(4)))
        for n_0_oc_chunk_0_oh_0_ow_0_oc_block_0_fused in T.parallel(T.int64(2), annotations={"pragma_auto_unroll_max_step": 512, "pragma_unroll_explicit": 1}):
            for n_1, oc_chunk_1, oh_1, ow_1, oc_block_1 in T.grid(T.int64(1), T.int64(4), T.int64(1), T.int64(1), T.int64(1)):
                for n_2_init, oc_chunk_2_init, oh_2_init, ow_2_init, oc_block_2_init, n_3_init, oc_chunk_3_init, oh_3_init, ow_3_init, oc_block_3_init in T.grid(T.int64(1), T.int64(2), T.int64(7), T.int64(7), T.int64(4), T.int64(1), T.int64(2), T.int64(1), T.int64(1), T.int64(1)):
                    with T.block("conv2d_NCHWc_init"):
                        v_n = T.axis.spatial(T.int64(1), n_1 + n_2_init + n_3_init)
                        v_oc_chunk = T.axis.spatial(T.int64(32), n_0_oc_chunk_0_oh_0_ow_0_oc_block_0_fused * T.int64(16) + oc_chunk_1 * T.int64(4) + oc_chunk_2_init * T.int64(2) + oc_chunk_3_init)
                        v_oh = T.axis.spatial(T.int64(7), oh_1 * T.int64(7) + oh_2_init + oh_3_init)
                        v_ow = T.axis.spatial(T.int64(7), ow_1 * T.int64(7) + ow_2_init + ow_3_init)
                        v_oc_block = T.axis.spatial(T.int64(4), oc_block_1 * T.int64(4) + oc_block_2_init + oc_block_3_init)
                        T.reads()
                        T.writes(conv2d_NCHWc[v_n, v_oc_chunk, v_oh, v_ow, v_oc_block])
                        T.block_attr({"meta_schedule.tiling_structure": "SSRSRS"})
                        conv2d_NCHWc[v_n, v_oc_chunk, v_oh, v_ow, v_oc_block] = T.float32(0)
                for ic_0, kh_0, kw_0, n_2, oc_chunk_2, oh_2, ow_2, oc_block_2, ic_1, kh_1, kw_1, n_3, oc_chunk_3, oh_3, ow_3, oc_block_3 in T.grid(T.int64(1568), T.int64(1), T.int64(1), T.int64(1), T.int64(2), T.int64(7), T.int64(7), T.int64(4), T.int64(1), T.int64(1), T.int64(1), T.int64(1), T.int64(2), T.int64(1), T.int64(1), T.int64(1)):
                    with T.block("conv2d_NCHWc_update"):
                        v_n = T.axis.spatial(T.int64(1), n_1 + n_2 + n_3)
                        v_oc_chunk = T.axis.spatial(T.int64(32), n_0_oc_chunk_0_oh_0_ow_0_oc_block_0_fused * T.int64(16) + oc_chunk_1 * T.int64(4) + oc_chunk_2 * T.int64(2) + oc_chunk_3)
                        v_oh = T.axis.spatial(T.int64(7), oh_1 * T.int64(7) + oh_2 + oh_3)
                        v_ow = T.axis.spatial(T.int64(7), ow_1 * T.int64(7) + ow_2 + ow_3)
                        v_oc_block = T.axis.spatial(T.int64(4), oc_block_1 * T.int64(4) + oc_block_2 + oc_block_3)
                        v_ic = T.axis.reduce(T.int64(1568), ic_0 + ic_1)
                        v_kh = T.axis.reduce(T.int64(1), kh_0 + kh_1)
                        v_kw = T.axis.reduce(T.int64(1), kw_0 + kw_1)
                        T.reads(conv2d_NCHWc[v_n, v_oc_chunk, v_oh, v_ow, v_oc_block], p0[v_n, v_ic // T.int64(4), v_oh + v_kh, v_ow + v_kw, v_ic % T.int64(4)], p1[v_oc_chunk, v_ic // T.int64(4), v_kh, v_kw, v_ic % T.int64(4), v_oc_block])
                        T.writes(conv2d_NCHWc[v_n, v_oc_chunk, v_oh, v_ow, v_oc_block])
                        T.block_attr({"meta_schedule.tiling_structure": "SSRSRS"})
                        conv2d_NCHWc[v_n, v_oc_chunk, v_oh, v_ow, v_oc_block] = conv2d_NCHWc[v_n, v_oc_chunk, v_oh, v_ow, v_oc_block] + p0[v_n, v_ic // T.int64(4), v_oh + v_kh, v_ow + v_kw, v_ic % T.int64(4)] * p1[v_oc_chunk, v_ic // T.int64(4), v_kh, v_kw, v_ic % T.int64(4), v_oc_block]
            for ax0, ax1, ax2 in T.grid(T.int64(1), T.int64(16), T.int64(7)):
                for ax3_ax4_fused in T.vectorized(T.int64(28)):
                    with T.block("T_relu"):
                        v_ax0 = T.axis.spatial(T.int64(1), ax0)
                        v_ax1 = T.axis.spatial(T.int64(32), n_0_oc_chunk_0_oh_0_ow_0_oc_block_0_fused * T.int64(16) + ax1)
                        v_ax2 = T.axis.spatial(T.int64(7), ax2)
                        v_ax3 = T.axis.spatial(T.int64(7), ax3_ax4_fused // T.int64(4))
                        v_ax4 = T.axis.spatial(T.int64(4), ax3_ax4_fused % T.int64(4))
                        T.reads(conv2d_NCHWc[v_ax0, v_ax1, v_ax2, v_ax3, v_ax4], p2[v_ax0, v_ax1, T.int64(0), T.int64(0), v_ax4])
                        T.writes(T_relu[v_ax0, v_ax1, v_ax2, v_ax3, v_ax4])
                        T_relu[v_ax0, v_ax1, v_ax2, v_ax3, v_ax4] = T.max(conv2d_NCHWc[v_ax0, v_ax1, v_ax2, v_ax3, v_ax4] + p2[v_ax0, v_ax1, T.int64(0), T.int64(0), v_ax4], T.float32(0))
b0 = sch.get_block(name="conv2d_NCHWc", func_name="main")
b1 = sch.get_block(name="T_add", func_name="main")
b2 = sch.get_block(name="root", func_name="main")
sch.compute_inline(block=b1)
sch.annotate(block_or_loop=b0, ann_key="meta_schedule.tiling_structure", ann_val="SSRSRS")
l3, l4, l5, l6, l7, l8, l9, l10 = sch.get_loops(block=b0)
v11, v12, v13, v14 = sch.sample_perfect_tile(loop=l3, n=4, max_innermost_factor=64, decision=[1, 1, 1, 1])
l15, l16, l17, l18 = sch.split(loop=l3, factors=[v11, v12, v13, v14], preserve_unit_iters=True)
v19, v20, v21, v22 = sch.sample_perfect_tile(loop=l4, n=4, max_innermost_factor=64, decision=[2, 4, 2, 2])
l23, l24, l25, l26 = sch.split(loop=l4, factors=[v19, v20, v21, v22], preserve_unit_iters=True)
v27, v28, v29, v30 = sch.sample_perfect_tile(loop=l5, n=4, max_innermost_factor=64, decision=[1, 1, 7, 1])
l31, l32, l33, l34 = sch.split(loop=l5, factors=[v27, v28, v29, v30], preserve_unit_iters=True)
v35, v36, v37, v38 = sch.sample_perfect_tile(loop=l6, n=4, max_innermost_factor=64, decision=[1, 1, 7, 1])
l39, l40, l41, l42 = sch.split(loop=l6, factors=[v35, v36, v37, v38], preserve_unit_iters=True)
v43, v44, v45, v46 = sch.sample_perfect_tile(loop=l7, n=4, max_innermost_factor=64, decision=[1, 1, 4, 1])
l47, l48, l49, l50 = sch.split(loop=l7, factors=[v43, v44, v45, v46], preserve_unit_iters=True)
v51, v52 = sch.sample_perfect_tile(loop=l8, n=2, max_innermost_factor=64, decision=[1568, 1])
l53, l54 = sch.split(loop=l8, factors=[v51, v52], preserve_unit_iters=True)
v55, v56 = sch.sample_perfect_tile(loop=l9, n=2, max_innermost_factor=64, decision=[1, 1])
l57, l58 = sch.split(loop=l9, factors=[v55, v56], preserve_unit_iters=True)
v59, v60 = sch.sample_perfect_tile(loop=l10, n=2, max_innermost_factor=64, decision=[1, 1])
l61, l62 = sch.split(loop=l10, factors=[v59, v60], preserve_unit_iters=True)
sch.reorder(l15, l23, l31, l39, l47, l16, l24, l32, l40, l48, l53, l57, l61, l17, l25, l33, l41, l49, l54, l58, l62, l18, l26, l34, l42, l50)
b63, = sch.get_consumers(block=b0)
sch.reverse_compute_at(block=b63, loop=l47, preserve_unit_loops=True, index=-1)
sch.annotate(block_or_loop=b2, ann_key="meta_schedule.parallel", ann_val=768)
sch.annotate(block_or_loop=b2, ann_key="meta_schedule.vectorize", ann_val=64)
v64 = sch.sample_categorical(candidates=[0, 16, 64, 512], probs=[0.25, 0.25, 0.25, 0.25], decision=3)
sch.annotate(block_or_loop=b2, ann_key="meta_schedule.unroll_explicit", ann_val=v64)
sch.enter_postproc()
b65 = sch.get_block(name="root", func_name="main")
sch.unannotate(block_or_loop=b65, ann_key="meta_schedule.parallel")
sch.unannotate(block_or_loop=b65, ann_key="meta_schedule.vectorize")
sch.unannotate(block_or_loop=b65, ann_key="meta_schedule.unroll_explicit")
b66, b67 = sch.get_child_blocks(b65)
l68, l69, l70, l71, l72, l73, l74, l75, l76, l77, l78, l79, l80, l81, l82, l83, l84, l85, l86, l87, l88, l89, l90, l91, l92, l93 = sch.get_loops(block=b66)
l94 = sch.fuse(l68, l69, l70, l71, l72, preserve_unit_iters=True)
sch.parallel(loop=l94)
sch.annotate(block_or_loop=l94, ann_key="pragma_auto_unroll_max_step", ann_val=512)
sch.annotate(block_or_loop=l94, ann_key="pragma_unroll_explicit", ann_val=1)
l95, l96, l97, l98, l99, l100 = sch.get_loops(block=b67)
l101 = sch.fuse(l99, l100, preserve_unit_iters=True)
sch.vectorize(loop=l101)
b102 = sch.get_block(name="conv2d_NCHWc", func_name="main")
l103, l104, l105, l106, l107, l108, l109, l110, l111, l112, l113, l114, l115, l116, l117, l118, l119, l120, l121, l122, l123, l124 = sch.get_loops(block=b102)
b125 = sch.decompose_reduction(block=b102, loop=l109)
2024-04-29 10:56:35 [INFO] [task_scheduler.cc:131] [Task #2: fused_nn_contrib_conv2d_NCHWc_add_nn_relu_2] Trial #5: GFLOPs: 57.6735. Time: 341.2577 us. Best GFLOPs: 87.3698
2024-04-29 10:56:35 [INFO] [task_scheduler.cc:131] [Task #2: fused_nn_contrib_conv2d_NCHWc_add_nn_relu_2] Trial #6: GFLOPs: 53.5317. Time: 367.6613 us. Best GFLOPs: 87.3698
2024-04-29 10:56:35 [INFO] [task_scheduler.cc:131] [Task #2: fused_nn_contrib_conv2d_NCHWc_add_nn_relu_2] Trial #7: GFLOPs: 6.5393. Time: 3009.7216 us. Best GFLOPs: 87.3698
2024-04-29 10:56:35 [INFO] [task_scheduler.cc:131] [Task #2: fused_nn_contrib_conv2d_NCHWc_add_nn_relu_2] Trial #8: GFLOPs: 1.2272. Time: 16037.4537 us. Best GFLOPs: 87.3698
2024-04-29 10:56:35 [INFO] [task_scheduler.cc:131] [Task #2: fused_nn_contrib_conv2d_NCHWc_add_nn_relu_2] Trial #9: GFLOPs: 88.4342. Time: 222.5557 us. Best GFLOPs: 88.4342
2024-04-29 10:56:35 [INFO] [task_scheduler.cc:131] [Task #2: fused_nn_contrib_conv2d_NCHWc_add_nn_relu_2] Trial #10: GFLOPs: 90.5275. Time: 217.4094 us. Best GFLOPs: 90.5275
2024-04-29 10:56:35 [INFO] [task_scheduler.cc:131] [Task #2: fused_nn_contrib_conv2d_NCHWc_add_nn_relu_2] Trial #11: GFLOPs: 49.2465. Time: 399.6536 us. Best GFLOPs: 90.5275
2024-04-29 10:56:35 [INFO] [task_scheduler.cc:131] [Task #2: fused_nn_contrib_conv2d_NCHWc_add_nn_relu_2] Trial #12: GFLOPs: 1.6577. Time: 11872.9365 us. Best GFLOPs: 90.5275
2024-04-29 10:56:35 [INFO] [task_scheduler.cc:131] [Task #2: fused_nn_contrib_conv2d_NCHWc_add_nn_relu_2] Trial #13: GFLOPs: 2.4616. Time: 7995.4808 us. Best GFLOPs: 90.5275
2024-04-29 10:56:35 [INFO] [task_scheduler.cc:131] [Task #2: fused_nn_contrib_conv2d_NCHWc_add_nn_relu_2] Trial #14: GFLOPs: 133.0730. Time: 147.9003 us. Best GFLOPs: 133.0730
2024-04-29 10:56:35 [INFO] [task_scheduler.cc:131] [Task #2: fused_nn_contrib_conv2d_NCHWc_add_nn_relu_2] Trial #15: GFLOPs: 30.1883. Time: 651.9598 us. Best GFLOPs: 133.0730
2024-04-29 10:56:35 [INFO] [task_scheduler.cc:131] [Task #2: fused_nn_contrib_conv2d_NCHWc_add_nn_relu_2] Trial #16: GFLOPs: 52.3906. Time: 375.6691 us. Best GFLOPs: 133.0730
2024-04-29 10:56:35 [INFO] [task_scheduler.cc:131] [Task #2: fused_nn_contrib_conv2d_NCHWc_add_nn_relu_2] Trial #17: GFLOPs: 13.7430. Time: 1432.1135 us. Best GFLOPs: 133.0730
2024-04-29 10:56:35 [INFO] [task_scheduler.cc:131] [Task #2: fused_nn_contrib_conv2d_NCHWc_add_nn_relu_2] Trial #18: GFLOPs: 33.4656. Time: 588.1120 us. Best GFLOPs: 133.0730
2024-04-29 10:56:35 [INFO] [task_scheduler.cc:131] [Task #2: fused_nn_contrib_conv2d_NCHWc_add_nn_relu_2] Trial #19: GFLOPs: 7.7783. Time: 2530.3107 us. Best GFLOPs: 133.0730
2024-04-29 10:56:35 [INFO] [task_scheduler.cc:131] [Task #2: fused_nn_contrib_conv2d_NCHWc_add_nn_relu_2] Trial #20: GFLOPs: 63.4442. Time: 310.2183 us. Best GFLOPs: 133.0730
2024-04-29 10:56:35 [INFO] [task_scheduler.cc:131] [Task #2: fused_nn_contrib_conv2d_NCHWc_add_nn_relu_2] Trial #21: GFLOPs: 116.9761. Time: 168.2527 us. Best GFLOPs: 133.0730
2024-04-29 10:56:35 [INFO] [task_scheduler.cc:131] [Task #2: fused_nn_contrib_conv2d_NCHWc_add_nn_relu_2] Trial #22: GFLOPs: 3.7618. Time: 5232.0049 us. Best GFLOPs: 133.0730
2024-04-29 10:56:35 [INFO] [task_scheduler.cc:131] [Task #2: fused_nn_contrib_conv2d_NCHWc_add_nn_relu_2] Trial #23: GFLOPs: 44.4077. Time: 443.2011 us. Best GFLOPs: 133.0730
2024-04-29 10:56:35 [INFO] [task_scheduler.cc:131] [Task #2: fused_nn_contrib_conv2d_NCHWc_add_nn_relu_2] Trial #24: GFLOPs: 13.4135. Time: 1467.2920 us. Best GFLOPs: 133.0730
2024-04-29 10:56:35 [INFO] [task_scheduler.cc:131] [Task #2: fused_nn_contrib_conv2d_NCHWc_add_nn_relu_2] Trial #25: GFLOPs: 23.6480. Time: 832.2722 us. Best GFLOPs: 133.0730
2024-04-29 10:56:35 [INFO] [task_scheduler.cc:121] [Task #2: fused_nn_contrib_conv2d_NCHWc_add_nn_relu_2] Trial #26: Error in building:
LocalBuilder: Timeout, killed after 30.0 seconds
# from tvm.script import ir as I
# from tvm.script import tir as T

@I.ir_module
class Module:
    @T.prim_func
    def main(p0: T.Buffer((T.int64(1), T.int64(392), T.int64(7), T.int64(7), T.int64(4)), "float32"), p1: T.Buffer((T.int64(32), T.int64(392), T.int64(1), T.int64(1), T.int64(4), T.int64(4)), "float32"), p2: T.Buffer((T.int64(1), T.int64(32), T.int64(1), T.int64(1), T.int64(4)), "float32"), T_relu: T.Buffer((T.int64(1), T.int64(32), T.int64(7), T.int64(7), T.int64(4)), "float32")):
        T.func_attr({"tir.noalias": T.bool(True)})
        # with T.block("root"):
        conv2d_NCHWc = T.alloc_buffer((T.int64(1), T.int64(32), T.int64(7), T.int64(7), T.int64(4)))
        for n_0 in T.serial(T.int64(1), annotations={"pragma_auto_unroll_max_step": 512, "pragma_unroll_explicit": 1}):
            for oc_chunk_0, oh_0, ow_0, oc_block_0 in T.grid(T.int64(1), T.int64(1), T.int64(1), T.int64(1)):
                for n_1, oc_chunk_1, oh_1, ow_1, oc_block_1 in T.grid(T.int64(1), T.int64(2), T.int64(1), T.int64(1), T.int64(1)):
                    for n_2_init, oc_chunk_2_init, oh_2_init, ow_2_init, oc_block_2_init, n_3_init, oc_chunk_3_init, oh_3_init, ow_3_init, oc_block_3_init in T.grid(T.int64(1), T.int64(1), T.int64(7), T.int64(1), T.int64(4), T.int64(1), T.int64(16), T.int64(1), T.int64(7), T.int64(1)):
                        with T.block("conv2d_NCHWc_init"):
                            v_n = T.axis.spatial(T.int64(1), n_0 + n_1 + n_2_init + n_3_init)
                            v_oc_chunk = T.axis.spatial(T.int64(32), oc_chunk_0 * T.int64(32) + oc_chunk_1 * T.int64(16) + oc_chunk_2_init * T.int64(16) + oc_chunk_3_init)
                            v_oh = T.axis.spatial(T.int64(7), oh_0 * T.int64(7) + oh_1 * T.int64(7) + oh_2_init + oh_3_init)
                            v_ow = T.axis.spatial(T.int64(7), ow_0 * T.int64(7) + ow_1 * T.int64(7) + ow_2_init * T.int64(7) + ow_3_init)
                            v_oc_block = T.axis.spatial(T.int64(4), oc_block_0 * T.int64(4) + oc_block_1 * T.int64(4) + oc_block_2_init + oc_block_3_init)
                            T.reads()
                            T.writes(conv2d_NCHWc[v_n, v_oc_chunk, v_oh, v_ow, v_oc_block])
                            T.block_attr({"meta_schedule.tiling_structure": "SSRSRS"})
                            conv2d_NCHWc[v_n, v_oc_chunk, v_oh, v_ow, v_oc_block] = T.float32(0)
                    for ic_0, kh_0, kw_0, n_2, oc_chunk_2, oh_2, ow_2, oc_block_2, ic_1, kh_1, kw_1, n_3, oc_chunk_3, oh_3, ow_3, oc_block_3 in T.grid(T.int64(28), T.int64(1), T.int64(1), T.int64(1), T.int64(1), T.int64(7), T.int64(1), T.int64(4), T.int64(56), T.int64(1), T.int64(1), T.int64(1), T.int64(16), T.int64(1), T.int64(7), T.int64(1)):
                        with T.block("conv2d_NCHWc_update"):
                            v_n = T.axis.spatial(T.int64(1), n_0 + n_1 + n_2 + n_3)
                            v_oc_chunk = T.axis.spatial(T.int64(32), oc_chunk_0 * T.int64(32) + oc_chunk_1 * T.int64(16) + oc_chunk_2 * T.int64(16) + oc_chunk_3)
                            v_oh = T.axis.spatial(T.int64(7), oh_0 * T.int64(7) + oh_1 * T.int64(7) + oh_2 + oh_3)
                            v_ow = T.axis.spatial(T.int64(7), ow_0 * T.int64(7) + ow_1 * T.int64(7) + ow_2 * T.int64(7) + ow_3)
                            v_oc_block = T.axis.spatial(T.int64(4), oc_block_0 * T.int64(4) + oc_block_1 * T.int64(4) + oc_block_2 + oc_block_3)
                            v_ic = T.axis.reduce(T.int64(1568), ic_0 * T.int64(56) + ic_1)
                            v_kh = T.axis.reduce(T.int64(1), kh_0 + kh_1)
                            v_kw = T.axis.reduce(T.int64(1), kw_0 + kw_1)
                            T.reads(conv2d_NCHWc[v_n, v_oc_chunk, v_oh, v_ow, v_oc_block], p0[v_n, v_ic // T.int64(4), v_oh + v_kh, v_ow + v_kw, v_ic % T.int64(4)], p1[v_oc_chunk, v_ic // T.int64(4), v_kh, v_kw, v_ic % T.int64(4), v_oc_block])
                            T.writes(conv2d_NCHWc[v_n, v_oc_chunk, v_oh, v_ow, v_oc_block])
                            T.block_attr({"meta_schedule.tiling_structure": "SSRSRS"})
                            conv2d_NCHWc[v_n, v_oc_chunk, v_oh, v_ow, v_oc_block] = conv2d_NCHWc[v_n, v_oc_chunk, v_oh, v_ow, v_oc_block] + p0[v_n, v_ic // T.int64(4), v_oh + v_kh, v_ow + v_kw, v_ic % T.int64(4)] * p1[v_oc_chunk, v_ic // T.int64(4), v_kh, v_kw, v_ic % T.int64(4), v_oc_block]
                for ax0, ax1, ax2 in T.grid(T.int64(1), T.int64(32), T.int64(7)):
                    for ax3_ax4_fused in T.vectorized(T.int64(28)):
                        with T.block("T_relu"):
                            v_ax0, v_ax1, v_ax2 = T.axis.remap("SSS", [ax0, ax1, ax2])
                            v_ax3 = T.axis.spatial(T.int64(7), ax3_ax4_fused // T.int64(4))
                            v_ax4 = T.axis.spatial(T.int64(4), ax3_ax4_fused % T.int64(4))
                            T.reads(conv2d_NCHWc[v_ax0, v_ax1, v_ax2, v_ax3, v_ax4], p2[v_ax0, v_ax1, T.int64(0), T.int64(0), v_ax4])
                            T.writes(T_relu[v_ax0, v_ax1, v_ax2, v_ax3, v_ax4])
                            T_relu[v_ax0, v_ax1, v_ax2, v_ax3, v_ax4] = T.max(conv2d_NCHWc[v_ax0, v_ax1, v_ax2, v_ax3, v_ax4] + p2[v_ax0, v_ax1, T.int64(0), T.int64(0), v_ax4], T.float32(0))
b0 = sch.get_block(name="conv2d_NCHWc", func_name="main")
b1 = sch.get_block(name="T_add", func_name="main")
b2 = sch.get_block(name="root", func_name="main")
sch.compute_inline(block=b1)
sch.annotate(block_or_loop=b0, ann_key="meta_schedule.tiling_structure", ann_val="SSRSRS")
l3, l4, l5, l6, l7, l8, l9, l10 = sch.get_loops(block=b0)
v11, v12, v13, v14 = sch.sample_perfect_tile(loop=l3, n=4, max_innermost_factor=64, decision=[1, 1, 1, 1])
l15, l16, l17, l18 = sch.split(loop=l3, factors=[v11, v12, v13, v14], preserve_unit_iters=True)
v19, v20, v21, v22 = sch.sample_perfect_tile(loop=l4, n=4, max_innermost_factor=64, decision=[1, 2, 1, 16])
l23, l24, l25, l26 = sch.split(loop=l4, factors=[v19, v20, v21, v22], preserve_unit_iters=True)
v27, v28, v29, v30 = sch.sample_perfect_tile(loop=l5, n=4, max_innermost_factor=64, decision=[1, 1, 7, 1])
l31, l32, l33, l34 = sch.split(loop=l5, factors=[v27, v28, v29, v30], preserve_unit_iters=True)
v35, v36, v37, v38 = sch.sample_perfect_tile(loop=l6, n=4, max_innermost_factor=64, decision=[1, 1, 1, 7])
l39, l40, l41, l42 = sch.split(loop=l6, factors=[v35, v36, v37, v38], preserve_unit_iters=True)
v43, v44, v45, v46 = sch.sample_perfect_tile(loop=l7, n=4, max_innermost_factor=64, decision=[1, 1, 4, 1])
l47, l48, l49, l50 = sch.split(loop=l7, factors=[v43, v44, v45, v46], preserve_unit_iters=True)
v51, v52 = sch.sample_perfect_tile(loop=l8, n=2, max_innermost_factor=64, decision=[28, 56])
l53, l54 = sch.split(loop=l8, factors=[v51, v52], preserve_unit_iters=True)
v55, v56 = sch.sample_perfect_tile(loop=l9, n=2, max_innermost_factor=64, decision=[1, 1])
l57, l58 = sch.split(loop=l9, factors=[v55, v56], preserve_unit_iters=True)
v59, v60 = sch.sample_perfect_tile(loop=l10, n=2, max_innermost_factor=64, decision=[1, 1])
l61, l62 = sch.split(loop=l10, factors=[v59, v60], preserve_unit_iters=True)
sch.reorder(l15, l23, l31, l39, l47, l16, l24, l32, l40, l48, l53, l57, l61, l17, l25, l33, l41, l49, l54, l58, l62, l18, l26, l34, l42, l50)
b63, = sch.get_consumers(block=b0)
sch.reverse_compute_at(block=b63, loop=l47, preserve_unit_loops=True, index=-1)
sch.annotate(block_or_loop=b2, ann_key="meta_schedule.parallel", ann_val=768)
sch.annotate(block_or_loop=b2, ann_key="meta_schedule.vectorize", ann_val=64)
v64 = sch.sample_categorical(candidates=[0, 16, 64, 512], probs=[0.25, 0.25, 0.25, 0.25], decision=3)
sch.annotate(block_or_loop=b2, ann_key="meta_schedule.unroll_explicit", ann_val=v64)
sch.enter_postproc()
b65 = sch.get_block(name="root", func_name="main")
sch.unannotate(block_or_loop=b65, ann_key="meta_schedule.parallel")
sch.unannotate(block_or_loop=b65, ann_key="meta_schedule.vectorize")
sch.unannotate(block_or_loop=b65, ann_key="meta_schedule.unroll_explicit")
b66, b67 = sch.get_child_blocks(b65)
l68, l69, l70, l71, l72, l73, l74, l75, l76, l77, l78, l79, l80, l81, l82, l83, l84, l85, l86, l87, l88, l89, l90, l91, l92, l93 = sch.get_loops(block=b66)
sch.annotate(block_or_loop=l68, ann_key="pragma_auto_unroll_max_step", ann_val=512)
sch.annotate(block_or_loop=l68, ann_key="pragma_unroll_explicit", ann_val=1)
l94, l95, l96, l97, l98, l99, l100, l101, l102, l103 = sch.get_loops(block=b67)
l104 = sch.fuse(l102, l103, preserve_unit_iters=True)
sch.vectorize(loop=l104)
b105 = sch.get_block(name="conv2d_NCHWc", func_name="main")
l106, l107, l108, l109, l110, l111, l112, l113, l114, l115, l116, l117, l118, l119, l120, l121, l122, l123, l124, l125, l126, l127, l128, l129, l130, l131 = sch.get_loops(block=b105)
b132 = sch.decompose_reduction(block=b105, loop=l116)
2024-04-29 10:56:35 [INFO] [task_scheduler.cc:131] [Task #2: fused_nn_contrib_conv2d_NCHWc_add_nn_relu_2] Trial #27: GFLOPs: 7.1524. Time: 2751.7576 us. Best GFLOPs: 133.0730
2024-04-29 10:56:35 [INFO] [task_scheduler.cc:131] [Task #2: fused_nn_contrib_conv2d_NCHWc_add_nn_relu_2] Trial #28: GFLOPs: 46.1720. Time: 426.2660 us. Best GFLOPs: 133.0730
2024-04-29 10:56:35 [INFO] [task_scheduler.cc:131] [Task #2: fused_nn_contrib_conv2d_NCHWc_add_nn_relu_2] Trial #29: GFLOPs: 1.7039. Time: 11550.7947 us. Best GFLOPs: 133.0730
2024-04-29 10:56:35 [INFO] [task_scheduler.cc:131] [Task #2: fused_nn_contrib_conv2d_NCHWc_add_nn_relu_2] Trial #30: GFLOPs: 49.8688. Time: 394.6664 us. Best GFLOPs: 133.0730
2024-04-29 10:56:35 [INFO] [task_scheduler.cc:131] [Task #2: fused_nn_contrib_conv2d_NCHWc_add_nn_relu_2] Trial #31: GFLOPs: 7.3106. Time: 2692.1764 us. Best GFLOPs: 133.0730
2024-04-29 10:56:35 [INFO] [task_scheduler.cc:131] [Task #2: fused_nn_contrib_conv2d_NCHWc_add_nn_relu_2] Trial #32: GFLOPs: 96.5891. Time: 203.7656 us. Best GFLOPs: 133.0730
2024-04-29 10:56:35 [INFO] [task_scheduler.cc:131] [Task #2: fused_nn_contrib_conv2d_NCHWc_add_nn_relu_2] Trial #33: GFLOPs: 60.8848. Time: 323.2587 us. Best GFLOPs: 133.0730
2024-04-29 10:56:35 [INFO] [task_scheduler.cc:131] [Task #2: fused_nn_contrib_conv2d_NCHWc_add_nn_relu_2] Trial #34: GFLOPs: 2.4197. Time: 8133.9898 us. Best GFLOPs: 133.0730
2024-04-29 10:56:35 [INFO] [task_scheduler.cc:131] [Task #2: fused_nn_contrib_conv2d_NCHWc_add_nn_relu_2] Trial #35: GFLOPs: 61.8225. Time: 318.3556 us. Best GFLOPs: 133.0730
2024-04-29 10:56:35 [INFO] [task_scheduler.cc:131] [Task #2: fused_nn_contrib_conv2d_NCHWc_add_nn_relu_2] Trial #36: GFLOPs: 18.8883. Time: 1041.9971 us. Best GFLOPs: 133.0730
2024-04-29 10:56:35 [INFO] [task_scheduler.cc:131] [Task #2: fused_nn_contrib_conv2d_NCHWc_add_nn_relu_2] Trial #37: GFLOPs: 2.6678. Time: 7377.5182 us. Best GFLOPs: 133.0730
2024-04-29 10:56:35 [INFO] [task_scheduler.cc:131] [Task #2: fused_nn_contrib_conv2d_NCHWc_add_nn_relu_2] Trial #38: GFLOPs: 35.1261. Time: 560.3108 us. Best GFLOPs: 133.0730
2024-04-29 10:56:35 [INFO] [task_scheduler.cc:131] [Task #2: fused_nn_contrib_conv2d_NCHWc_add_nn_relu_2] Trial #39: GFLOPs: 12.0147. Time: 1638.1234 us. Best GFLOPs: 133.0730
2024-04-29 10:56:35 [INFO] [task_scheduler.cc:131] [Task #2: fused_nn_contrib_conv2d_NCHWc_add_nn_relu_2] Trial #40: GFLOPs: 29.1277. Time: 675.6973 us. Best GFLOPs: 133.0730
2024-04-29 10:56:35 [INFO] [task_scheduler.cc:131] [Task #2: fused_nn_contrib_conv2d_NCHWc_add_nn_relu_2] Trial #41: GFLOPs: 38.4211. Time: 512.2582 us. Best GFLOPs: 133.0730
2024-04-29 10:56:35 [INFO] [task_scheduler.cc:131] [Task #2: fused_nn_contrib_conv2d_NCHWc_add_nn_relu_2] Trial #42: GFLOPs: 0.1995. Time: 98656.2833 us. Best GFLOPs: 133.0730
2024-04-29 10:56:35 [INFO] [task_scheduler.cc:131] [Task #2: fused_nn_contrib_conv2d_NCHWc_add_nn_relu_2] Trial #43: GFLOPs: 3.0048. Time: 6550.0318 us. Best GFLOPs: 133.0730
2024-04-29 10:56:35 [INFO] [task_scheduler.cc:131] [Task #2: fused_nn_contrib_conv2d_NCHWc_add_nn_relu_2] Trial #44: GFLOPs: 106.4409. Time: 184.9058 us. Best GFLOPs: 133.0730
2024-04-29 10:56:35 [INFO] [task_scheduler.cc:131] [Task #2: fused_nn_contrib_conv2d_NCHWc_add_nn_relu_2] Trial #45: GFLOPs: 17.9594. Time: 1095.8924 us. Best GFLOPs: 133.0730
2024-04-29 10:56:35 [INFO] [task_scheduler.cc:131] [Task #2: fused_nn_contrib_conv2d_NCHWc_add_nn_relu_2] Trial #46: GFLOPs: 135.8829. Time: 144.8419 us. Best GFLOPs: 135.8829
2024-04-29 10:56:35 [INFO] [task_scheduler.cc:131] [Task #2: fused_nn_contrib_conv2d_NCHWc_add_nn_relu_2] Trial #47: GFLOPs: 47.4063. Time: 415.1671 us. Best GFLOPs: 135.8829
2024-04-29 10:56:35 [INFO] [task_scheduler.cc:131] [Task #2: fused_nn_contrib_conv2d_NCHWc_add_nn_relu_2] Trial #48: GFLOPs: 147.4082. Time: 133.5172 us. Best GFLOPs: 147.4082
2024-04-29 10:56:35 [INFO] [task_scheduler.cc:131] [Task #2: fused_nn_contrib_conv2d_NCHWc_add_nn_relu_2] Trial #49: GFLOPs: 26.8144. Time: 733.9904 us. Best GFLOPs: 147.4082
2024-04-29 10:56:35 [INFO] [task_scheduler.cc:131] [Task #2: fused_nn_contrib_conv2d_NCHWc_add_nn_relu_2] Trial #50: GFLOPs: 18.1820. Time: 1082.4719 us. Best GFLOPs: 147.4082
2024-04-29 10:56:35 [INFO] [task_scheduler.cc:131] [Task #2: fused_nn_contrib_conv2d_NCHWc_add_nn_relu_2] Trial #51: GFLOPs: 44.7529. Time: 439.7822 us. Best GFLOPs: 147.4082
2024-04-29 10:56:35 [INFO] [task_scheduler.cc:131] [Task #2: fused_nn_contrib_conv2d_NCHWc_add_nn_relu_2] Trial #52: GFLOPs: 65.1722. Time: 301.9928 us. Best GFLOPs: 147.4082
2024-04-29 10:56:35 [INFO] [task_scheduler.cc:131] [Task #2: fused_nn_contrib_conv2d_NCHWc_add_nn_relu_2] Trial #53: GFLOPs: 82.8156. Time: 237.6550 us. Best GFLOPs: 147.4082
2024-04-29 10:56:35 [INFO] [task_scheduler.cc:131] [Task #2: fused_nn_contrib_conv2d_NCHWc_add_nn_relu_2] Trial #54: GFLOPs: 31.7847. Time: 619.2133 us. Best GFLOPs: 147.4082
2024-04-29 10:56:35 [INFO] [task_scheduler.cc:131] [Task #2: fused_nn_contrib_conv2d_NCHWc_add_nn_relu_2] Trial #55: GFLOPs: 69.7708. Time: 282.0884 us. Best GFLOPs: 147.4082
2024-04-29 10:56:35 [INFO] [task_scheduler.cc:131] [Task #2: fused_nn_contrib_conv2d_NCHWc_add_nn_relu_2] Trial #56: GFLOPs: 3.0682. Time: 6414.7324 us. Best GFLOPs: 147.4082
2024-04-29 10:56:35 [INFO] [task_scheduler.cc:131] [Task #2: fused_nn_contrib_conv2d_NCHWc_add_nn_relu_2] Trial #57: GFLOPs: 17.3604. Time: 1133.7045 us. Best GFLOPs: 147.4082
2024-04-29 10:56:35 [INFO] [task_scheduler.cc:131] [Task #2: fused_nn_contrib_conv2d_NCHWc_add_nn_relu_2] Trial #58: GFLOPs: 24.5607. Time: 801.3416 us. Best GFLOPs: 147.4082
2024-04-29 10:56:35 [INFO] [task_scheduler.cc:131] [Task #2: fused_nn_contrib_conv2d_NCHWc_add_nn_relu_2] Trial #59: GFLOPs: 10.6334. Time: 1850.9089 us. Best GFLOPs: 147.4082
2024-04-29 10:56:35 [INFO] [task_scheduler.cc:131] [Task #2: fused_nn_contrib_conv2d_NCHWc_add_nn_relu_2] Trial #60: GFLOPs: 77.2441. Time: 254.7966 us. Best GFLOPs: 147.4082
2024-04-29 10:56:35 [INFO] [task_scheduler.cc:131] [Task #2: fused_nn_contrib_conv2d_NCHWc_add_nn_relu_2] Trial #61: GFLOPs: 78.8340. Time: 249.6578 us. Best GFLOPs: 147.4082
2024-04-29 10:56:35 [INFO] [task_scheduler.cc:131] [Task #2: fused_nn_contrib_conv2d_NCHWc_add_nn_relu_2] Trial #62: GFLOPs: 7.5768. Time: 2597.5971 us. Best GFLOPs: 147.4082
2024-04-29 10:56:35 [INFO] [task_scheduler.cc:131] [Task #2: fused_nn_contrib_conv2d_NCHWc_add_nn_relu_2] Trial #63: GFLOPs: 17.4560. Time: 1127.4921 us. Best GFLOPs: 147.4082
2024-04-29 10:56:35 [INFO] [task_scheduler.cc:131] [Task #2: fused_nn_contrib_conv2d_NCHWc_add_nn_relu_2] Trial #64: GFLOPs: 76.7700. Time: 256.3703 us. Best GFLOPs: 147.4082
