2024-04-29 08:18:46 [INFO] [task_scheduler.cc:160] Initializing Task #0: "fused_nn_contrib_conv2d_NCHWc_add_nn_relu"
2024-04-29 08:18:46 [INFO] [task_scheduler.cc:35] 
# from tvm.script import ir as I
# from tvm.script import tir as T

@I.ir_module
class Module:
    @T.prim_func
    def main(p0: T.Buffer((T.int64(1), T.int64(408), T.int64(7), T.int64(7), T.int64(4)), "float32"), p1: T.Buffer((T.int64(32), T.int64(408), T.int64(1), T.int64(1), T.int64(4), T.int64(4)), "float32"), p2: T.Buffer((T.int64(1), T.int64(32), T.int64(1), T.int64(1), T.int64(4)), "float32"), T_relu: T.Buffer((T.int64(1), T.int64(32), T.int64(7), T.int64(7), T.int64(4)), "float32")):
        T.func_attr({"tir.noalias": T.bool(True)})
        # with T.block("root"):
        conv2d_NCHWc = T.alloc_buffer((T.int64(1), T.int64(32), T.int64(7), T.int64(7), T.int64(4)))
        T_add = T.alloc_buffer((T.int64(1), T.int64(32), T.int64(7), T.int64(7), T.int64(4)))
        for n, oc_chunk, oh, ow, oc_block, ic, kh, kw in T.grid(T.int64(1), T.int64(32), T.int64(7), T.int64(7), T.int64(4), T.int64(1632), T.int64(1), T.int64(1)):
            with T.block("conv2d_NCHWc"):
                v_n, v_oc_chunk, v_oh, v_ow, v_oc_block, v_ic, v_kh, v_kw = T.axis.remap("SSSSSRRR", [n, oc_chunk, oh, ow, oc_block, ic, kh, kw])
                T.reads(p0[v_n, v_ic // T.int64(4), v_oh + v_kh, v_ow + v_kw, v_ic % T.int64(4)], p1[v_oc_chunk, v_ic // T.int64(4), v_kh, v_kw, v_ic % T.int64(4), v_oc_block])
                T.writes(conv2d_NCHWc[v_n, v_oc_chunk, v_oh, v_ow, v_oc_block])
                with T.init():
                    conv2d_NCHWc[v_n, v_oc_chunk, v_oh, v_ow, v_oc_block] = T.float32(0)
                conv2d_NCHWc[v_n, v_oc_chunk, v_oh, v_ow, v_oc_block] = conv2d_NCHWc[v_n, v_oc_chunk, v_oh, v_ow, v_oc_block] + p0[v_n, v_ic // T.int64(4), v_oh + v_kh, v_ow + v_kw, v_ic % T.int64(4)] * p1[v_oc_chunk, v_ic // T.int64(4), v_kh, v_kw, v_ic % T.int64(4), v_oc_block]
        for ax0, ax1, ax2, ax3, ax4 in T.grid(T.int64(1), T.int64(32), T.int64(7), T.int64(7), T.int64(4)):
            with T.block("T_add"):
                v_ax0, v_ax1, v_ax2, v_ax3, v_ax4 = T.axis.remap("SSSSS", [ax0, ax1, ax2, ax3, ax4])
                T.reads(conv2d_NCHWc[v_ax0, v_ax1, v_ax2, v_ax3, v_ax4], p2[v_ax0, v_ax1, T.int64(0), T.int64(0), v_ax4])
                T.writes(T_add[v_ax0, v_ax1, v_ax2, v_ax3, v_ax4])
                T_add[v_ax0, v_ax1, v_ax2, v_ax3, v_ax4] = conv2d_NCHWc[v_ax0, v_ax1, v_ax2, v_ax3, v_ax4] + p2[v_ax0, v_ax1, T.int64(0), T.int64(0), v_ax4]
        for ax0, ax1, ax2, ax3, ax4 in T.grid(T.int64(1), T.int64(32), T.int64(7), T.int64(7), T.int64(4)):
            with T.block("T_relu"):
                v_ax0, v_ax1, v_ax2, v_ax3, v_ax4 = T.axis.remap("SSSSS", [ax0, ax1, ax2, ax3, ax4])
                T.reads(T_add[v_ax0, v_ax1, v_ax2, v_ax3, v_ax4])
                T.writes(T_relu[v_ax0, v_ax1, v_ax2, v_ax3, v_ax4])
                T_relu[v_ax0, v_ax1, v_ax2, v_ax3, v_ax4] = T.max(T_add[v_ax0, v_ax1, v_ax2, v_ax3, v_ax4], T.float32(0))
2024-04-29 08:18:46 [INFO] [task_scheduler.cc:164] Total 3 design space(s) generated
2024-04-29 08:18:46 [INFO] [task_scheduler.cc:170] Design space #0:
# from tvm.script import ir as I
# from tvm.script import tir as T

@I.ir_module
class Module:
    @T.prim_func
    def main(p0: T.Buffer((T.int64(1), T.int64(408), T.int64(7), T.int64(7), T.int64(4)), "float32"), p1: T.Buffer((T.int64(32), T.int64(408), T.int64(1), T.int64(1), T.int64(4), T.int64(4)), "float32"), p2: T.Buffer((T.int64(1), T.int64(32), T.int64(1), T.int64(1), T.int64(4)), "float32"), T_relu: T.Buffer((T.int64(1), T.int64(32), T.int64(7), T.int64(7), T.int64(4)), "float32")):
        T.func_attr({"tir.noalias": T.bool(True)})
        with T.block("root"):
            T.reads()
            T.writes()
            T.block_attr({"meta_schedule.parallel": 768, "meta_schedule.unroll_explicit": 0, "meta_schedule.vectorize": 64})
            conv2d_NCHWc = T.alloc_buffer((T.int64(1), T.int64(32), T.int64(7), T.int64(7), T.int64(4)))
            for n_0, oc_chunk_0, oh_0, ow_0, oc_block_0, n_1, oc_chunk_1, oh_1, ow_1, oc_block_1, ic_0, kh_0, kw_0, n_2, oc_chunk_2, oh_2, ow_2, oc_block_2, ic_1, kh_1, kw_1, n_3, oc_chunk_3, oh_3, ow_3, oc_block_3 in T.grid(T.int64(1), T.int64(1), T.int64(1), T.int64(1), T.int64(2), T.int64(1), T.int64(1), T.int64(7), T.int64(7), T.int64(1), T.int64(136), T.int64(1), T.int64(1), T.int64(1), T.int64(1), T.int64(1), T.int64(1), T.int64(1), T.int64(12), T.int64(1), T.int64(1), T.int64(1), T.int64(32), T.int64(1), T.int64(1), T.int64(2)):
                with T.block("conv2d_NCHWc"):
                    v_n = T.axis.spatial(T.int64(1), n_0 + n_1 + n_2 + n_3)
                    v_oc_chunk = T.axis.spatial(T.int64(32), oc_chunk_0 * T.int64(32) + oc_chunk_1 * T.int64(32) + oc_chunk_2 * T.int64(32) + oc_chunk_3)
                    v_oh = T.axis.spatial(T.int64(7), oh_0 * T.int64(7) + oh_1 + oh_2 + oh_3)
                    v_ow = T.axis.spatial(T.int64(7), ow_0 * T.int64(7) + ow_1 + ow_2 + ow_3)
                    v_oc_block = T.axis.spatial(T.int64(4), oc_block_0 * T.int64(2) + oc_block_1 * T.int64(2) + oc_block_2 * T.int64(2) + oc_block_3)
                    v_ic = T.axis.reduce(T.int64(1632), ic_0 * T.int64(12) + ic_1)
                    v_kh = T.axis.reduce(T.int64(1), kh_0 + kh_1)
                    v_kw = T.axis.reduce(T.int64(1), kw_0 + kw_1)
                    T.reads(p0[v_n, v_ic // T.int64(4), v_oh + v_kh, v_ow + v_kw, v_ic % T.int64(4)], p1[v_oc_chunk, v_ic // T.int64(4), v_kh, v_kw, v_ic % T.int64(4), v_oc_block])
                    T.writes(conv2d_NCHWc[v_n, v_oc_chunk, v_oh, v_ow, v_oc_block])
                    T.block_attr({"meta_schedule.tiling_structure": "SSRSRS"})
                    with T.init():
                        conv2d_NCHWc[v_n, v_oc_chunk, v_oh, v_ow, v_oc_block] = T.float32(0)
                    conv2d_NCHWc[v_n, v_oc_chunk, v_oh, v_ow, v_oc_block] = conv2d_NCHWc[v_n, v_oc_chunk, v_oh, v_ow, v_oc_block] + p0[v_n, v_ic // T.int64(4), v_oh + v_kh, v_ow + v_kw, v_ic % T.int64(4)] * p1[v_oc_chunk, v_ic // T.int64(4), v_kh, v_kw, v_ic % T.int64(4), v_oc_block]
            for ax0, ax1, ax2, ax3, ax4 in T.grid(T.int64(1), T.int64(32), T.int64(7), T.int64(7), T.int64(4)):
                with T.block("T_relu"):
                    v_ax0, v_ax1, v_ax2, v_ax3, v_ax4 = T.axis.remap("SSSSS", [ax0, ax1, ax2, ax3, ax4])
                    T.reads(conv2d_NCHWc[v_ax0, v_ax1, v_ax2, v_ax3, v_ax4], p2[v_ax0, v_ax1, T.int64(0), T.int64(0), v_ax4])
                    T.writes(T_relu[v_ax0, v_ax1, v_ax2, v_ax3, v_ax4])
                    T_relu[v_ax0, v_ax1, v_ax2, v_ax3, v_ax4] = T.max(conv2d_NCHWc[v_ax0, v_ax1, v_ax2, v_ax3, v_ax4] + p2[v_ax0, v_ax1, T.int64(0), T.int64(0), v_ax4], T.float32(0))
b0 = sch.get_block(name="conv2d_NCHWc", func_name="main")
b1 = sch.get_block(name="T_add", func_name="main")
b2 = sch.get_block(name="root", func_name="main")
sch.compute_inline(block=b1)
sch.annotate(block_or_loop=b0, ann_key="meta_schedule.tiling_structure", ann_val="SSRSRS")
l3, l4, l5, l6, l7, l8, l9, l10 = sch.get_loops(block=b0)
v11, v12, v13, v14 = sch.sample_perfect_tile(loop=l3, n=4, max_innermost_factor=64, decision=[1, 1, 1, 1])
l15, l16, l17, l18 = sch.split(loop=l3, factors=[v11, v12, v13, v14], preserve_unit_iters=True)
v19, v20, v21, v22 = sch.sample_perfect_tile(loop=l4, n=4, max_innermost_factor=64, decision=[1, 1, 1, 32])
l23, l24, l25, l26 = sch.split(loop=l4, factors=[v19, v20, v21, v22], preserve_unit_iters=True)
v27, v28, v29, v30 = sch.sample_perfect_tile(loop=l5, n=4, max_innermost_factor=64, decision=[1, 7, 1, 1])
l31, l32, l33, l34 = sch.split(loop=l5, factors=[v27, v28, v29, v30], preserve_unit_iters=True)
v35, v36, v37, v38 = sch.sample_perfect_tile(loop=l6, n=4, max_innermost_factor=64, decision=[1, 7, 1, 1])
l39, l40, l41, l42 = sch.split(loop=l6, factors=[v35, v36, v37, v38], preserve_unit_iters=True)
v43, v44, v45, v46 = sch.sample_perfect_tile(loop=l7, n=4, max_innermost_factor=64, decision=[2, 1, 1, 2])
l47, l48, l49, l50 = sch.split(loop=l7, factors=[v43, v44, v45, v46], preserve_unit_iters=True)
v51, v52 = sch.sample_perfect_tile(loop=l8, n=2, max_innermost_factor=64, decision=[136, 12])
l53, l54 = sch.split(loop=l8, factors=[v51, v52], preserve_unit_iters=True)
v55, v56 = sch.sample_perfect_tile(loop=l9, n=2, max_innermost_factor=64, decision=[1, 1])
l57, l58 = sch.split(loop=l9, factors=[v55, v56], preserve_unit_iters=True)
v59, v60 = sch.sample_perfect_tile(loop=l10, n=2, max_innermost_factor=64, decision=[1, 1])
l61, l62 = sch.split(loop=l10, factors=[v59, v60], preserve_unit_iters=True)
sch.reorder(l15, l23, l31, l39, l47, l16, l24, l32, l40, l48, l53, l57, l61, l17, l25, l33, l41, l49, l54, l58, l62, l18, l26, l34, l42, l50)
sch.annotate(block_or_loop=b2, ann_key="meta_schedule.parallel", ann_val=768)
sch.annotate(block_or_loop=b2, ann_key="meta_schedule.vectorize", ann_val=64)
v63 = sch.sample_categorical(candidates=[0, 16, 64, 512], probs=[0.25, 0.25, 0.25, 0.25], decision=0)
sch.annotate(block_or_loop=b2, ann_key="meta_schedule.unroll_explicit", ann_val=v63)
2024-04-29 08:18:46 [INFO] [task_scheduler.cc:170] Design space #1:
# from tvm.script import ir as I
# from tvm.script import tir as T

@I.ir_module
class Module:
    @T.prim_func
    def main(p0: T.Buffer((T.int64(1), T.int64(408), T.int64(7), T.int64(7), T.int64(4)), "float32"), p1: T.Buffer((T.int64(32), T.int64(408), T.int64(1), T.int64(1), T.int64(4), T.int64(4)), "float32"), p2: T.Buffer((T.int64(1), T.int64(32), T.int64(1), T.int64(1), T.int64(4)), "float32"), T_relu: T.Buffer((T.int64(1), T.int64(32), T.int64(7), T.int64(7), T.int64(4)), "float32")):
        T.func_attr({"tir.noalias": T.bool(True)})
        with T.block("root"):
            T.reads()
            T.writes()
            T.block_attr({"meta_schedule.parallel": 768, "meta_schedule.unroll_explicit": 64, "meta_schedule.vectorize": 64})
            conv2d_NCHWc = T.alloc_buffer((T.int64(1), T.int64(32), T.int64(7), T.int64(7), T.int64(4)))
            for n_0, oc_chunk_0, oh_0, ow_0, oc_block_0, n_1, oc_chunk_1, oh_1, ow_1, oc_block_1 in T.grid(T.int64(1), T.int64(1), T.int64(1), T.int64(1), T.int64(2), T.int64(1), T.int64(1), T.int64(7), T.int64(7), T.int64(1)):
                for ic_0, kh_0, kw_0, n_2, oc_chunk_2, oh_2, ow_2, oc_block_2, ic_1, kh_1, kw_1, n_3, oc_chunk_3, oh_3, ow_3, oc_block_3 in T.grid(T.int64(136), T.int64(1), T.int64(1), T.int64(1), T.int64(1), T.int64(1), T.int64(1), T.int64(1), T.int64(12), T.int64(1), T.int64(1), T.int64(1), T.int64(32), T.int64(1), T.int64(1), T.int64(2)):
                    with T.block("conv2d_NCHWc"):
                        v_n = T.axis.spatial(T.int64(1), n_0 + n_1 + n_2 + n_3)
                        v_oc_chunk = T.axis.spatial(T.int64(32), oc_chunk_0 * T.int64(32) + oc_chunk_1 * T.int64(32) + oc_chunk_2 * T.int64(32) + oc_chunk_3)
                        v_oh = T.axis.spatial(T.int64(7), oh_0 * T.int64(7) + oh_1 + oh_2 + oh_3)
                        v_ow = T.axis.spatial(T.int64(7), ow_0 * T.int64(7) + ow_1 + ow_2 + ow_3)
                        v_oc_block = T.axis.spatial(T.int64(4), oc_block_0 * T.int64(2) + oc_block_1 * T.int64(2) + oc_block_2 * T.int64(2) + oc_block_3)
                        v_ic = T.axis.reduce(T.int64(1632), ic_0 * T.int64(12) + ic_1)
                        v_kh = T.axis.reduce(T.int64(1), kh_0 + kh_1)
                        v_kw = T.axis.reduce(T.int64(1), kw_0 + kw_1)
                        T.reads(p0[v_n, v_ic // T.int64(4), v_oh + v_kh, v_ow + v_kw, v_ic % T.int64(4)], p1[v_oc_chunk, v_ic // T.int64(4), v_kh, v_kw, v_ic % T.int64(4), v_oc_block])
                        T.writes(conv2d_NCHWc[v_n, v_oc_chunk, v_oh, v_ow, v_oc_block])
                        T.block_attr({"meta_schedule.tiling_structure": "SSRSRS"})
                        with T.init():
                            conv2d_NCHWc[v_n, v_oc_chunk, v_oh, v_ow, v_oc_block] = T.float32(0)
                        conv2d_NCHWc[v_n, v_oc_chunk, v_oh, v_ow, v_oc_block] = conv2d_NCHWc[v_n, v_oc_chunk, v_oh, v_ow, v_oc_block] + p0[v_n, v_ic // T.int64(4), v_oh + v_kh, v_ow + v_kw, v_ic % T.int64(4)] * p1[v_oc_chunk, v_ic // T.int64(4), v_kh, v_kw, v_ic % T.int64(4), v_oc_block]
                for ax0, ax1, ax2, ax3, ax4 in T.grid(T.int64(1), T.int64(32), T.int64(1), T.int64(1), T.int64(2)):
                    with T.block("T_relu"):
                        v_ax0, v_ax1 = T.axis.remap("SS", [ax0, ax1])
                        v_ax2 = T.axis.spatial(T.int64(7), oh_1 + ax2)
                        v_ax3 = T.axis.spatial(T.int64(7), ow_1 + ax3)
                        v_ax4 = T.axis.spatial(T.int64(4), oc_block_0 * T.int64(2) + ax4)
                        T.reads(conv2d_NCHWc[v_ax0, v_ax1, v_ax2, v_ax3, v_ax4], p2[v_ax0, v_ax1, T.int64(0), T.int64(0), v_ax4])
                        T.writes(T_relu[v_ax0, v_ax1, v_ax2, v_ax3, v_ax4])
                        T_relu[v_ax0, v_ax1, v_ax2, v_ax3, v_ax4] = T.max(conv2d_NCHWc[v_ax0, v_ax1, v_ax2, v_ax3, v_ax4] + p2[v_ax0, v_ax1, T.int64(0), T.int64(0), v_ax4], T.float32(0))
b0 = sch.get_block(name="conv2d_NCHWc", func_name="main")
b1 = sch.get_block(name="T_add", func_name="main")
b2 = sch.get_block(name="root", func_name="main")
sch.compute_inline(block=b1)
sch.annotate(block_or_loop=b0, ann_key="meta_schedule.tiling_structure", ann_val="SSRSRS")
l3, l4, l5, l6, l7, l8, l9, l10 = sch.get_loops(block=b0)
v11, v12, v13, v14 = sch.sample_perfect_tile(loop=l3, n=4, max_innermost_factor=64, decision=[1, 1, 1, 1])
l15, l16, l17, l18 = sch.split(loop=l3, factors=[v11, v12, v13, v14], preserve_unit_iters=True)
v19, v20, v21, v22 = sch.sample_perfect_tile(loop=l4, n=4, max_innermost_factor=64, decision=[1, 1, 1, 32])
l23, l24, l25, l26 = sch.split(loop=l4, factors=[v19, v20, v21, v22], preserve_unit_iters=True)
v27, v28, v29, v30 = sch.sample_perfect_tile(loop=l5, n=4, max_innermost_factor=64, decision=[1, 7, 1, 1])
l31, l32, l33, l34 = sch.split(loop=l5, factors=[v27, v28, v29, v30], preserve_unit_iters=True)
v35, v36, v37, v38 = sch.sample_perfect_tile(loop=l6, n=4, max_innermost_factor=64, decision=[1, 7, 1, 1])
l39, l40, l41, l42 = sch.split(loop=l6, factors=[v35, v36, v37, v38], preserve_unit_iters=True)
v43, v44, v45, v46 = sch.sample_perfect_tile(loop=l7, n=4, max_innermost_factor=64, decision=[2, 1, 1, 2])
l47, l48, l49, l50 = sch.split(loop=l7, factors=[v43, v44, v45, v46], preserve_unit_iters=True)
v51, v52 = sch.sample_perfect_tile(loop=l8, n=2, max_innermost_factor=64, decision=[136, 12])
l53, l54 = sch.split(loop=l8, factors=[v51, v52], preserve_unit_iters=True)
v55, v56 = sch.sample_perfect_tile(loop=l9, n=2, max_innermost_factor=64, decision=[1, 1])
l57, l58 = sch.split(loop=l9, factors=[v55, v56], preserve_unit_iters=True)
v59, v60 = sch.sample_perfect_tile(loop=l10, n=2, max_innermost_factor=64, decision=[1, 1])
l61, l62 = sch.split(loop=l10, factors=[v59, v60], preserve_unit_iters=True)
sch.reorder(l15, l23, l31, l39, l47, l16, l24, l32, l40, l48, l53, l57, l61, l17, l25, l33, l41, l49, l54, l58, l62, l18, l26, l34, l42, l50)
b63, = sch.get_consumers(block=b0)
sch.reverse_compute_at(block=b63, loop=l48, preserve_unit_loops=True, index=-1)
sch.annotate(block_or_loop=b2, ann_key="meta_schedule.parallel", ann_val=768)
sch.annotate(block_or_loop=b2, ann_key="meta_schedule.vectorize", ann_val=64)
v64 = sch.sample_categorical(candidates=[0, 16, 64, 512], probs=[0.25, 0.25, 0.25, 0.25], decision=2)
sch.annotate(block_or_loop=b2, ann_key="meta_schedule.unroll_explicit", ann_val=v64)
2024-04-29 08:18:46 [INFO] [task_scheduler.cc:170] Design space #2:
# from tvm.script import ir as I
# from tvm.script import tir as T

@I.ir_module
class Module:
    @T.prim_func
    def main(p0: T.Buffer((T.int64(1), T.int64(408), T.int64(7), T.int64(7), T.int64(4)), "float32"), p1: T.Buffer((T.int64(32), T.int64(408), T.int64(1), T.int64(1), T.int64(4), T.int64(4)), "float32"), p2: T.Buffer((T.int64(1), T.int64(32), T.int64(1), T.int64(1), T.int64(4)), "float32"), T_relu: T.Buffer((T.int64(1), T.int64(32), T.int64(7), T.int64(7), T.int64(4)), "float32")):
        T.func_attr({"tir.noalias": T.bool(True)})
        with T.block("root"):
            T.reads()
            T.writes()
            T.block_attr({"meta_schedule.parallel": 768, "meta_schedule.unroll_explicit": 16, "meta_schedule.vectorize": 64})
            conv2d_NCHWc = T.alloc_buffer((T.int64(1), T.int64(32), T.int64(7), T.int64(7), T.int64(4)))
            for n_0, oc_chunk_0, oh_0, ow_0, oc_block_0 in T.grid(T.int64(1), T.int64(1), T.int64(1), T.int64(1), T.int64(2)):
                for n_1, oc_chunk_1, oh_1, ow_1, oc_block_1, ic_0, kh_0, kw_0, n_2, oc_chunk_2, oh_2, ow_2, oc_block_2, ic_1, kh_1, kw_1, n_3, oc_chunk_3, oh_3, ow_3, oc_block_3 in T.grid(T.int64(1), T.int64(1), T.int64(7), T.int64(7), T.int64(1), T.int64(136), T.int64(1), T.int64(1), T.int64(1), T.int64(1), T.int64(1), T.int64(1), T.int64(1), T.int64(12), T.int64(1), T.int64(1), T.int64(1), T.int64(32), T.int64(1), T.int64(1), T.int64(2)):
                    with T.block("conv2d_NCHWc"):
                        v_n = T.axis.spatial(T.int64(1), n_0 + n_1 + n_2 + n_3)
                        v_oc_chunk = T.axis.spatial(T.int64(32), oc_chunk_0 * T.int64(32) + oc_chunk_1 * T.int64(32) + oc_chunk_2 * T.int64(32) + oc_chunk_3)
                        v_oh = T.axis.spatial(T.int64(7), oh_0 * T.int64(7) + oh_1 + oh_2 + oh_3)
                        v_ow = T.axis.spatial(T.int64(7), ow_0 * T.int64(7) + ow_1 + ow_2 + ow_3)
                        v_oc_block = T.axis.spatial(T.int64(4), oc_block_0 * T.int64(2) + oc_block_1 * T.int64(2) + oc_block_2 * T.int64(2) + oc_block_3)
                        v_ic = T.axis.reduce(T.int64(1632), ic_0 * T.int64(12) + ic_1)
                        v_kh = T.axis.reduce(T.int64(1), kh_0 + kh_1)
                        v_kw = T.axis.reduce(T.int64(1), kw_0 + kw_1)
                        T.reads(p0[v_n, v_ic // T.int64(4), v_oh + v_kh, v_ow + v_kw, v_ic % T.int64(4)], p1[v_oc_chunk, v_ic // T.int64(4), v_kh, v_kw, v_ic % T.int64(4), v_oc_block])
                        T.writes(conv2d_NCHWc[v_n, v_oc_chunk, v_oh, v_ow, v_oc_block])
                        T.block_attr({"meta_schedule.tiling_structure": "SSRSRS"})
                        with T.init():
                            conv2d_NCHWc[v_n, v_oc_chunk, v_oh, v_ow, v_oc_block] = T.float32(0)
                        conv2d_NCHWc[v_n, v_oc_chunk, v_oh, v_ow, v_oc_block] = conv2d_NCHWc[v_n, v_oc_chunk, v_oh, v_ow, v_oc_block] + p0[v_n, v_ic // T.int64(4), v_oh + v_kh, v_ow + v_kw, v_ic % T.int64(4)] * p1[v_oc_chunk, v_ic // T.int64(4), v_kh, v_kw, v_ic % T.int64(4), v_oc_block]
                for ax0, ax1, ax2, ax3, ax4 in T.grid(T.int64(1), T.int64(32), T.int64(7), T.int64(7), T.int64(2)):
                    with T.block("T_relu"):
                        v_ax0, v_ax1, v_ax2, v_ax3 = T.axis.remap("SSSS", [ax0, ax1, ax2, ax3])
                        v_ax4 = T.axis.spatial(T.int64(4), oc_block_0 * T.int64(2) + ax4)
                        T.reads(conv2d_NCHWc[v_ax0, v_ax1, v_ax2, v_ax3, v_ax4], p2[v_ax0, v_ax1, T.int64(0), T.int64(0), v_ax4])
                        T.writes(T_relu[v_ax0, v_ax1, v_ax2, v_ax3, v_ax4])
                        T_relu[v_ax0, v_ax1, v_ax2, v_ax3, v_ax4] = T.max(conv2d_NCHWc[v_ax0, v_ax1, v_ax2, v_ax3, v_ax4] + p2[v_ax0, v_ax1, T.int64(0), T.int64(0), v_ax4], T.float32(0))
b0 = sch.get_block(name="conv2d_NCHWc", func_name="main")
b1 = sch.get_block(name="T_add", func_name="main")
b2 = sch.get_block(name="root", func_name="main")
sch.compute_inline(block=b1)
sch.annotate(block_or_loop=b0, ann_key="meta_schedule.tiling_structure", ann_val="SSRSRS")
l3, l4, l5, l6, l7, l8, l9, l10 = sch.get_loops(block=b0)
v11, v12, v13, v14 = sch.sample_perfect_tile(loop=l3, n=4, max_innermost_factor=64, decision=[1, 1, 1, 1])
l15, l16, l17, l18 = sch.split(loop=l3, factors=[v11, v12, v13, v14], preserve_unit_iters=True)
v19, v20, v21, v22 = sch.sample_perfect_tile(loop=l4, n=4, max_innermost_factor=64, decision=[1, 1, 1, 32])
l23, l24, l25, l26 = sch.split(loop=l4, factors=[v19, v20, v21, v22], preserve_unit_iters=True)
v27, v28, v29, v30 = sch.sample_perfect_tile(loop=l5, n=4, max_innermost_factor=64, decision=[1, 7, 1, 1])
l31, l32, l33, l34 = sch.split(loop=l5, factors=[v27, v28, v29, v30], preserve_unit_iters=True)
v35, v36, v37, v38 = sch.sample_perfect_tile(loop=l6, n=4, max_innermost_factor=64, decision=[1, 7, 1, 1])
l39, l40, l41, l42 = sch.split(loop=l6, factors=[v35, v36, v37, v38], preserve_unit_iters=True)
v43, v44, v45, v46 = sch.sample_perfect_tile(loop=l7, n=4, max_innermost_factor=64, decision=[2, 1, 1, 2])
l47, l48, l49, l50 = sch.split(loop=l7, factors=[v43, v44, v45, v46], preserve_unit_iters=True)
v51, v52 = sch.sample_perfect_tile(loop=l8, n=2, max_innermost_factor=64, decision=[136, 12])
l53, l54 = sch.split(loop=l8, factors=[v51, v52], preserve_unit_iters=True)
v55, v56 = sch.sample_perfect_tile(loop=l9, n=2, max_innermost_factor=64, decision=[1, 1])
l57, l58 = sch.split(loop=l9, factors=[v55, v56], preserve_unit_iters=True)
v59, v60 = sch.sample_perfect_tile(loop=l10, n=2, max_innermost_factor=64, decision=[1, 1])
l61, l62 = sch.split(loop=l10, factors=[v59, v60], preserve_unit_iters=True)
sch.reorder(l15, l23, l31, l39, l47, l16, l24, l32, l40, l48, l53, l57, l61, l17, l25, l33, l41, l49, l54, l58, l62, l18, l26, l34, l42, l50)
b63, = sch.get_consumers(block=b0)
sch.reverse_compute_at(block=b63, loop=l47, preserve_unit_loops=True, index=-1)
sch.annotate(block_or_loop=b2, ann_key="meta_schedule.parallel", ann_val=768)
sch.annotate(block_or_loop=b2, ann_key="meta_schedule.vectorize", ann_val=64)
v64 = sch.sample_categorical(candidates=[0, 16, 64, 512], probs=[0.25, 0.25, 0.25, 0.25], decision=1)
sch.annotate(block_or_loop=b2, ann_key="meta_schedule.unroll_explicit", ann_val=v64)
2024-04-29 08:25:04 [INFO] [evolutionary_search.cc:713] Generating candidates......
2024-04-29 08:25:04 [INFO] [evolutionary_search.cc:715] Picked top 0 candidate(s) from database
2024-04-29 08:25:07 [INFO] [evolutionary_search.cc:533] Sample-Init-Population summary:
Postproc #0 [meta_schedule.DisallowDynamicLoop(0xf3ebe48)]: 0 failure(s)
Postproc #1 [meta_schedule.RewriteParallelVectorizeUnroll(0x327f1d8)]: 0 failure(s)
Postproc #2 [meta_schedule.RewriteReductionBlock(0x6d96788)]: 0 failure(s)
Postproc #3 [meta_schedule.RewriteLayout(0x6dc2628)]: 0 failure(s)
2024-04-29 08:25:07 [INFO] [evolutionary_search.cc:723] Sampled 512 candidate(s)
2024-04-29 08:25:10 [INFO] [evolutionary_search.cc:621] Evolve iter #0 done. Summary:
Postproc #0 [meta_schedule.DisallowDynamicLoop(0xf3ebe48)]: 0 failure(s)
Postproc #1 [meta_schedule.RewriteParallelVectorizeUnroll(0x327f1d8)]: 0 failure(s)
Postproc #2 [meta_schedule.RewriteReductionBlock(0x6d96788)]: 0 failure(s)
Postproc #3 [meta_schedule.RewriteLayout(0x6dc2628)]: 0 failure(s)
2024-04-29 08:25:12 [INFO] [evolutionary_search.cc:621] Evolve iter #1 done. Summary:
Postproc #0 [meta_schedule.DisallowDynamicLoop(0xf3ebe48)]: 0 failure(s)
Postproc #1 [meta_schedule.RewriteParallelVectorizeUnroll(0x327f1d8)]: 0 failure(s)
Postproc #2 [meta_schedule.RewriteReductionBlock(0x6d96788)]: 0 failure(s)
Postproc #3 [meta_schedule.RewriteLayout(0x6dc2628)]: 0 failure(s)
2024-04-29 08:25:15 [INFO] [evolutionary_search.cc:621] Evolve iter #2 done. Summary:
Postproc #0 [meta_schedule.DisallowDynamicLoop(0xf3ebe48)]: 0 failure(s)
Postproc #1 [meta_schedule.RewriteParallelVectorizeUnroll(0x327f1d8)]: 0 failure(s)
Postproc #2 [meta_schedule.RewriteReductionBlock(0x6d96788)]: 0 failure(s)
Postproc #3 [meta_schedule.RewriteLayout(0x6dc2628)]: 0 failure(s)
2024-04-29 08:25:18 [INFO] [evolutionary_search.cc:621] Evolve iter #3 done. Summary:
Postproc #0 [meta_schedule.DisallowDynamicLoop(0xf3ebe48)]: 0 failure(s)
Postproc #1 [meta_schedule.RewriteParallelVectorizeUnroll(0x327f1d8)]: 0 failure(s)
Postproc #2 [meta_schedule.RewriteReductionBlock(0x6d96788)]: 0 failure(s)
Postproc #3 [meta_schedule.RewriteLayout(0x6dc2628)]: 0 failure(s)
2024-04-29 08:25:19 [INFO] [evolutionary_search.cc:649] Scores of the best 64 candidates:
[1 : 16]:	0.9997  0.9992  0.9992  0.9992  0.9987  0.9984  0.9981  0.9975  0.9971  0.9969  0.9969  0.9967  0.9959  0.9954  0.9953  0.9949
[17 : 32]:	0.9949  0.9942  0.9937  0.9935  0.9932  0.9930  0.9924  0.9918  0.9917  0.9915  0.9903  0.9903  0.9901  0.9901  0.9896  0.9885
[33 : 48]:	0.9884  0.9879  0.9876  0.9872  0.9869  0.9865  0.9864  0.9859  0.9858  0.9844  0.9843  0.9840  0.9836  0.9833  0.9833  0.9832
[49 : 64]:	0.9829  0.9812  0.9809  0.9809  0.9802  0.9785  0.9782  0.9775  0.9764  0.9762  0.9760  0.9755  0.9747  0.9745  0.9736  0.9735
2024-04-29 08:25:20 [INFO] [evolutionary_search.cc:727] Got 64 candidate(s) with evolutionary search
2024-04-29 08:25:20 [INFO] [evolutionary_search.cc:730] Sending 64 candidates(s) for measurement
2024-04-29 10:56:31 [INFO] [task_scheduler.cc:131] [Task #0: fused_nn_contrib_conv2d_NCHWc_add_nn_relu] Trial #1: GFLOPs: 10.0302. Time: 2042.2706 us. Best GFLOPs: 10.0302
2024-04-29 10:56:31 [INFO] [task_scheduler.cc:131] [Task #0: fused_nn_contrib_conv2d_NCHWc_add_nn_relu] Trial #2: GFLOPs: 1.6188. Time: 12654.2472 us. Best GFLOPs: 10.0302
2024-04-29 10:56:31 [INFO] [task_scheduler.cc:131] [Task #0: fused_nn_contrib_conv2d_NCHWc_add_nn_relu] Trial #3: GFLOPs: 56.7525. Time: 360.9421 us. Best GFLOPs: 56.7525
2024-04-29 10:56:31 [INFO] [task_scheduler.cc:131] [Task #0: fused_nn_contrib_conv2d_NCHWc_add_nn_relu] Trial #4: GFLOPs: 65.4852. Time: 312.8091 us. Best GFLOPs: 65.4852
2024-04-29 10:56:31 [INFO] [task_scheduler.cc:131] [Task #0: fused_nn_contrib_conv2d_NCHWc_add_nn_relu] Trial #5: GFLOPs: 11.6778. Time: 1754.1351 us. Best GFLOPs: 65.4852
2024-04-29 10:56:31 [INFO] [task_scheduler.cc:131] [Task #0: fused_nn_contrib_conv2d_NCHWc_add_nn_relu] Trial #6: GFLOPs: 6.7055. Time: 3054.8732 us. Best GFLOPs: 65.4852
2024-04-29 10:56:31 [INFO] [task_scheduler.cc:131] [Task #0: fused_nn_contrib_conv2d_NCHWc_add_nn_relu] Trial #7: GFLOPs: 5.3940. Time: 3797.5874 us. Best GFLOPs: 65.4852
2024-04-29 10:56:31 [INFO] [task_scheduler.cc:131] [Task #0: fused_nn_contrib_conv2d_NCHWc_add_nn_relu] Trial #8: GFLOPs: 2.1644. Time: 9464.0608 us. Best GFLOPs: 65.4852
2024-04-29 10:56:31 [INFO] [task_scheduler.cc:131] [Task #0: fused_nn_contrib_conv2d_NCHWc_add_nn_relu] Trial #9: GFLOPs: 16.1056. Time: 1271.8806 us. Best GFLOPs: 65.4852
2024-04-29 10:56:31 [INFO] [task_scheduler.cc:131] [Task #0: fused_nn_contrib_conv2d_NCHWc_add_nn_relu] Trial #10: GFLOPs: 17.7239. Time: 1155.7453 us. Best GFLOPs: 65.4852
2024-04-29 10:56:31 [INFO] [task_scheduler.cc:131] [Task #0: fused_nn_contrib_conv2d_NCHWc_add_nn_relu] Trial #11: GFLOPs: 1.2700. Time: 16130.0063 us. Best GFLOPs: 65.4852
2024-04-29 10:56:31 [INFO] [task_scheduler.cc:131] [Task #0: fused_nn_contrib_conv2d_NCHWc_add_nn_relu] Trial #12: GFLOPs: 67.0660. Time: 305.4358 us. Best GFLOPs: 67.0660
2024-04-29 10:56:31 [INFO] [task_scheduler.cc:131] [Task #0: fused_nn_contrib_conv2d_NCHWc_add_nn_relu] Trial #13: GFLOPs: 5.2953. Time: 3868.3939 us. Best GFLOPs: 67.0660
2024-04-29 10:56:31 [INFO] [task_scheduler.cc:131] [Task #0: fused_nn_contrib_conv2d_NCHWc_add_nn_relu] Trial #14: GFLOPs: 15.3855. Time: 1331.4075 us. Best GFLOPs: 67.0660
2024-04-29 10:56:31 [INFO] [task_scheduler.cc:131] [Task #0: fused_nn_contrib_conv2d_NCHWc_add_nn_relu] Trial #15: GFLOPs: 2.1016. Time: 9747.0184 us. Best GFLOPs: 67.0660
2024-04-29 10:56:31 [INFO] [task_scheduler.cc:131] [Task #0: fused_nn_contrib_conv2d_NCHWc_add_nn_relu] Trial #16: GFLOPs: 10.8539. Time: 1887.2751 us. Best GFLOPs: 67.0660
2024-04-29 10:56:31 [INFO] [task_scheduler.cc:131] [Task #0: fused_nn_contrib_conv2d_NCHWc_add_nn_relu] Trial #17: GFLOPs: 57.7206. Time: 354.8881 us. Best GFLOPs: 67.0660
2024-04-29 10:56:31 [INFO] [task_scheduler.cc:131] [Task #0: fused_nn_contrib_conv2d_NCHWc_add_nn_relu] Trial #18: GFLOPs: 6.2102. Time: 3298.4806 us. Best GFLOPs: 67.0660
2024-04-29 10:56:31 [INFO] [task_scheduler.cc:131] [Task #0: fused_nn_contrib_conv2d_NCHWc_add_nn_relu] Trial #19: GFLOPs: 154.6814. Time: 132.4293 us. Best GFLOPs: 154.6814
2024-04-29 10:56:31 [INFO] [task_scheduler.cc:131] [Task #0: fused_nn_contrib_conv2d_NCHWc_add_nn_relu] Trial #20: GFLOPs: 67.3372. Time: 304.2055 us. Best GFLOPs: 154.6814
2024-04-29 10:56:31 [INFO] [task_scheduler.cc:121] [Task #0: fused_nn_contrib_conv2d_NCHWc_add_nn_relu] Trial #21: Error in building:
LocalBuilder: Timeout, killed after 30.0 seconds
# from tvm.script import ir as I
# from tvm.script import tir as T

@I.ir_module
class Module:
    @T.prim_func
    def main(p0: T.Buffer((T.int64(1), T.int64(408), T.int64(7), T.int64(7), T.int64(4)), "float32"), p1: T.Buffer((T.int64(32), T.int64(408), T.int64(1), T.int64(1), T.int64(4), T.int64(4)), "float32"), p2: T.Buffer((T.int64(1), T.int64(32), T.int64(1), T.int64(1), T.int64(4)), "float32"), T_relu: T.Buffer((T.int64(1), T.int64(32), T.int64(7), T.int64(7), T.int64(4)), "float32")):
        T.func_attr({"tir.noalias": T.bool(True)})
        # with T.block("root"):
        conv2d_NCHWc = T.alloc_buffer((T.int64(1), T.int64(32), T.int64(7), T.int64(7), T.int64(4)))
        for n_0 in T.serial(T.int64(1), annotations={"pragma_auto_unroll_max_step": 512, "pragma_unroll_explicit": 1}):
            for oc_chunk_0, oh_0, ow_0, oc_block_0 in T.grid(T.int64(1), T.int64(1), T.int64(1), T.int64(1)):
                for n_1, oc_chunk_1, oh_1, ow_1, oc_block_1 in T.grid(T.int64(1), T.int64(16), T.int64(1), T.int64(1), T.int64(2)):
                    for n_2_init, oc_chunk_2_init, oh_2_init, ow_2_init, oc_block_2_init, n_3_init, oc_chunk_3_init, oh_3_init, ow_3_init in T.grid(T.int64(1), T.int64(1), T.int64(1), T.int64(7), T.int64(1), T.int64(1), T.int64(2), T.int64(7), T.int64(1)):
                        for oc_block_3_fused_init in T.vectorized(T.int64(2)):
                            with T.block("conv2d_NCHWc_init"):
                                v_n = T.axis.spatial(T.int64(1), n_0 + n_1 + n_2_init + n_3_init)
                                v_oc_chunk = T.axis.spatial(T.int64(32), oc_chunk_0 * T.int64(32) + oc_chunk_1 * T.int64(2) + oc_chunk_2_init * T.int64(2) + oc_chunk_3_init)
                                v_oh = T.axis.spatial(T.int64(7), oh_0 * T.int64(7) + oh_1 * T.int64(7) + oh_2_init * T.int64(7) + oh_3_init)
                                v_ow = T.axis.spatial(T.int64(7), ow_0 * T.int64(7) + ow_1 * T.int64(7) + ow_2_init + ow_3_init)
                                v_oc_block = T.axis.spatial(T.int64(4), oc_block_0 * T.int64(4) + oc_block_1 * T.int64(2) + oc_block_2_init * T.int64(2) + oc_block_3_fused_init)
                                T.reads()
                                T.writes(conv2d_NCHWc[v_n, v_oc_chunk, v_oh, v_ow, v_oc_block])
                                T.block_attr({"meta_schedule.tiling_structure": "SSRSRS"})
                                conv2d_NCHWc[v_n, v_oc_chunk, v_oh, v_ow, v_oc_block] = T.float32(0)
                    for ic_0, kh_0, kw_0, n_2, oc_chunk_2, oh_2, ow_2, oc_block_2, ic_1, kh_1, kw_1, n_3, oc_chunk_3, oh_3, ow_3 in T.grid(T.int64(34), T.int64(1), T.int64(1), T.int64(1), T.int64(1), T.int64(1), T.int64(7), T.int64(1), T.int64(48), T.int64(1), T.int64(1), T.int64(1), T.int64(2), T.int64(7), T.int64(1)):
                        for oc_block_3_fused in T.vectorized(T.int64(2)):
                            with T.block("conv2d_NCHWc_update"):
                                v_n = T.axis.spatial(T.int64(1), n_0 + n_1 + n_2 + n_3)
                                v_oc_chunk = T.axis.spatial(T.int64(32), oc_chunk_0 * T.int64(32) + oc_chunk_1 * T.int64(2) + oc_chunk_2 * T.int64(2) + oc_chunk_3)
                                v_oh = T.axis.spatial(T.int64(7), oh_0 * T.int64(7) + oh_1 * T.int64(7) + oh_2 * T.int64(7) + oh_3)
                                v_ow = T.axis.spatial(T.int64(7), ow_0 * T.int64(7) + ow_1 * T.int64(7) + ow_2 + ow_3)
                                v_oc_block = T.axis.spatial(T.int64(4), oc_block_0 * T.int64(4) + oc_block_1 * T.int64(2) + oc_block_2 * T.int64(2) + oc_block_3_fused)
                                v_ic = T.axis.reduce(T.int64(1632), ic_0 * T.int64(48) + ic_1)
                                v_kh = T.axis.reduce(T.int64(1), kh_0 + kh_1)
                                v_kw = T.axis.reduce(T.int64(1), kw_0 + kw_1)
                                T.reads(conv2d_NCHWc[v_n, v_oc_chunk, v_oh, v_ow, v_oc_block], p0[v_n, v_ic // T.int64(4), v_oh + v_kh, v_ow + v_kw, v_ic % T.int64(4)], p1[v_oc_chunk, v_ic // T.int64(4), v_kh, v_kw, v_ic % T.int64(4), v_oc_block])
                                T.writes(conv2d_NCHWc[v_n, v_oc_chunk, v_oh, v_ow, v_oc_block])
                                T.block_attr({"meta_schedule.tiling_structure": "SSRSRS"})
                                conv2d_NCHWc[v_n, v_oc_chunk, v_oh, v_ow, v_oc_block] = conv2d_NCHWc[v_n, v_oc_chunk, v_oh, v_ow, v_oc_block] + p0[v_n, v_ic // T.int64(4), v_oh + v_kh, v_ow + v_kw, v_ic % T.int64(4)] * p1[v_oc_chunk, v_ic // T.int64(4), v_kh, v_kw, v_ic % T.int64(4), v_oc_block]
                for ax0, ax1, ax2 in T.grid(T.int64(1), T.int64(32), T.int64(7)):
                    for ax3_ax4_fused in T.vectorized(T.int64(28)):
                        with T.block("T_relu"):
                            v_ax0, v_ax1, v_ax2 = T.axis.remap("SSS", [ax0, ax1, ax2])
                            v_ax3 = T.axis.spatial(T.int64(7), ax3_ax4_fused // T.int64(4))
                            v_ax4 = T.axis.spatial(T.int64(4), ax3_ax4_fused % T.int64(4))
                            T.reads(conv2d_NCHWc[v_ax0, v_ax1, v_ax2, v_ax3, v_ax4], p2[v_ax0, v_ax1, T.int64(0), T.int64(0), v_ax4])
                            T.writes(T_relu[v_ax0, v_ax1, v_ax2, v_ax3, v_ax4])
                            T_relu[v_ax0, v_ax1, v_ax2, v_ax3, v_ax4] = T.max(conv2d_NCHWc[v_ax0, v_ax1, v_ax2, v_ax3, v_ax4] + p2[v_ax0, v_ax1, T.int64(0), T.int64(0), v_ax4], T.float32(0))
b0 = sch.get_block(name="conv2d_NCHWc", func_name="main")
b1 = sch.get_block(name="T_add", func_name="main")
b2 = sch.get_block(name="root", func_name="main")
sch.compute_inline(block=b1)
sch.annotate(block_or_loop=b0, ann_key="meta_schedule.tiling_structure", ann_val="SSRSRS")
l3, l4, l5, l6, l7, l8, l9, l10 = sch.get_loops(block=b0)
v11, v12, v13, v14 = sch.sample_perfect_tile(loop=l3, n=4, max_innermost_factor=64, decision=[1, 1, 1, 1])
l15, l16, l17, l18 = sch.split(loop=l3, factors=[v11, v12, v13, v14], preserve_unit_iters=True)
v19, v20, v21, v22 = sch.sample_perfect_tile(loop=l4, n=4, max_innermost_factor=64, decision=[1, 16, 1, 2])
l23, l24, l25, l26 = sch.split(loop=l4, factors=[v19, v20, v21, v22], preserve_unit_iters=True)
v27, v28, v29, v30 = sch.sample_perfect_tile(loop=l5, n=4, max_innermost_factor=64, decision=[1, 1, 1, 7])
l31, l32, l33, l34 = sch.split(loop=l5, factors=[v27, v28, v29, v30], preserve_unit_iters=True)
v35, v36, v37, v38 = sch.sample_perfect_tile(loop=l6, n=4, max_innermost_factor=64, decision=[1, 1, 7, 1])
l39, l40, l41, l42 = sch.split(loop=l6, factors=[v35, v36, v37, v38], preserve_unit_iters=True)
v43, v44, v45, v46 = sch.sample_perfect_tile(loop=l7, n=4, max_innermost_factor=64, decision=[1, 2, 1, 2])
l47, l48, l49, l50 = sch.split(loop=l7, factors=[v43, v44, v45, v46], preserve_unit_iters=True)
v51, v52 = sch.sample_perfect_tile(loop=l8, n=2, max_innermost_factor=64, decision=[34, 48])
l53, l54 = sch.split(loop=l8, factors=[v51, v52], preserve_unit_iters=True)
v55, v56 = sch.sample_perfect_tile(loop=l9, n=2, max_innermost_factor=64, decision=[1, 1])
l57, l58 = sch.split(loop=l9, factors=[v55, v56], preserve_unit_iters=True)
v59, v60 = sch.sample_perfect_tile(loop=l10, n=2, max_innermost_factor=64, decision=[1, 1])
l61, l62 = sch.split(loop=l10, factors=[v59, v60], preserve_unit_iters=True)
sch.reorder(l15, l23, l31, l39, l47, l16, l24, l32, l40, l48, l53, l57, l61, l17, l25, l33, l41, l49, l54, l58, l62, l18, l26, l34, l42, l50)
b63, = sch.get_consumers(block=b0)
sch.reverse_compute_at(block=b63, loop=l47, preserve_unit_loops=True, index=-1)
sch.annotate(block_or_loop=b2, ann_key="meta_schedule.parallel", ann_val=768)
sch.annotate(block_or_loop=b2, ann_key="meta_schedule.vectorize", ann_val=64)
v64 = sch.sample_categorical(candidates=[0, 16, 64, 512], probs=[0.25, 0.25, 0.25, 0.25], decision=3)
sch.annotate(block_or_loop=b2, ann_key="meta_schedule.unroll_explicit", ann_val=v64)
sch.enter_postproc()
b65 = sch.get_block(name="root", func_name="main")
sch.unannotate(block_or_loop=b65, ann_key="meta_schedule.parallel")
sch.unannotate(block_or_loop=b65, ann_key="meta_schedule.vectorize")
sch.unannotate(block_or_loop=b65, ann_key="meta_schedule.unroll_explicit")
b66, b67 = sch.get_child_blocks(b65)
l68, l69, l70, l71, l72, l73, l74, l75, l76, l77, l78, l79, l80, l81, l82, l83, l84, l85, l86, l87, l88, l89, l90, l91, l92, l93 = sch.get_loops(block=b66)
l94 = sch.fuse(l93, preserve_unit_iters=True)
sch.vectorize(loop=l94)
sch.annotate(block_or_loop=l68, ann_key="pragma_auto_unroll_max_step", ann_val=512)
sch.annotate(block_or_loop=l68, ann_key="pragma_unroll_explicit", ann_val=1)
l95, l96, l97, l98, l99, l100, l101, l102, l103, l104 = sch.get_loops(block=b67)
l105 = sch.fuse(l103, l104, preserve_unit_iters=True)
sch.vectorize(loop=l105)
b106 = sch.get_block(name="conv2d_NCHWc", func_name="main")
l107, l108, l109, l110, l111, l112, l113, l114, l115, l116, l117, l118, l119, l120, l121, l122, l123, l124, l125, l126, l127, l128, l129, l130, l131, l132 = sch.get_loops(block=b106)
b133 = sch.decompose_reduction(block=b106, loop=l117)
2024-04-29 10:56:31 [INFO] [task_scheduler.cc:131] [Task #0: fused_nn_contrib_conv2d_NCHWc_add_nn_relu] Trial #22: GFLOPs: 98.6348. Time: 207.6788 us. Best GFLOPs: 154.6814
2024-04-29 10:56:31 [INFO] [task_scheduler.cc:131] [Task #0: fused_nn_contrib_conv2d_NCHWc_add_nn_relu] Trial #23: GFLOPs: 74.3313. Time: 275.5820 us. Best GFLOPs: 154.6814
2024-04-29 10:56:31 [INFO] [task_scheduler.cc:131] [Task #0: fused_nn_contrib_conv2d_NCHWc_add_nn_relu] Trial #24: GFLOPs: 33.3574. Time: 614.0864 us. Best GFLOPs: 154.6814
2024-04-29 10:56:31 [INFO] [task_scheduler.cc:131] [Task #0: fused_nn_contrib_conv2d_NCHWc_add_nn_relu] Trial #25: GFLOPs: 4.1085. Time: 4985.8576 us. Best GFLOPs: 154.6814
2024-04-29 10:56:31 [INFO] [task_scheduler.cc:131] [Task #0: fused_nn_contrib_conv2d_NCHWc_add_nn_relu] Trial #26: GFLOPs: 72.5189. Time: 282.4693 us. Best GFLOPs: 154.6814
2024-04-29 10:56:31 [INFO] [task_scheduler.cc:131] [Task #0: fused_nn_contrib_conv2d_NCHWc_add_nn_relu] Trial #27: GFLOPs: 52.3643. Time: 391.1892 us. Best GFLOPs: 154.6814
2024-04-29 10:56:31 [INFO] [task_scheduler.cc:131] [Task #0: fused_nn_contrib_conv2d_NCHWc_add_nn_relu] Trial #28: GFLOPs: 1.3339. Time: 15357.0093 us. Best GFLOPs: 154.6814
2024-04-29 10:56:31 [INFO] [task_scheduler.cc:131] [Task #0: fused_nn_contrib_conv2d_NCHWc_add_nn_relu] Trial #29: GFLOPs: 4.8477. Time: 4225.5700 us. Best GFLOPs: 154.6814
2024-04-29 10:56:31 [INFO] [task_scheduler.cc:131] [Task #0: fused_nn_contrib_conv2d_NCHWc_add_nn_relu] Trial #30: GFLOPs: 21.2054. Time: 965.9963 us. Best GFLOPs: 154.6814
2024-04-29 10:56:31 [INFO] [task_scheduler.cc:131] [Task #0: fused_nn_contrib_conv2d_NCHWc_add_nn_relu] Trial #31: GFLOPs: 34.6009. Time: 592.0172 us. Best GFLOPs: 154.6814
2024-04-29 10:56:31 [INFO] [task_scheduler.cc:131] [Task #0: fused_nn_contrib_conv2d_NCHWc_add_nn_relu] Trial #32: GFLOPs: 9.8993. Time: 2069.2767 us. Best GFLOPs: 154.6814
2024-04-29 10:56:31 [INFO] [task_scheduler.cc:131] [Task #0: fused_nn_contrib_conv2d_NCHWc_add_nn_relu] Trial #33: GFLOPs: 52.1792. Time: 392.5766 us. Best GFLOPs: 154.6814
2024-04-29 10:56:31 [INFO] [task_scheduler.cc:131] [Task #0: fused_nn_contrib_conv2d_NCHWc_add_nn_relu] Trial #34: GFLOPs: 6.8906. Time: 2972.7944 us. Best GFLOPs: 154.6814
2024-04-29 10:56:31 [INFO] [task_scheduler.cc:131] [Task #0: fused_nn_contrib_conv2d_NCHWc_add_nn_relu] Trial #35: GFLOPs: 15.6645. Time: 1307.6939 us. Best GFLOPs: 154.6814
2024-04-29 10:56:31 [INFO] [task_scheduler.cc:131] [Task #0: fused_nn_contrib_conv2d_NCHWc_add_nn_relu] Trial #36: GFLOPs: 6.0616. Time: 3379.3509 us. Best GFLOPs: 154.6814
2024-04-29 10:56:31 [INFO] [task_scheduler.cc:131] [Task #0: fused_nn_contrib_conv2d_NCHWc_add_nn_relu] Trial #37: GFLOPs: 16.4785. Time: 1243.0968 us. Best GFLOPs: 154.6814
2024-04-29 10:56:31 [INFO] [task_scheduler.cc:131] [Task #0: fused_nn_contrib_conv2d_NCHWc_add_nn_relu] Trial #38: GFLOPs: 46.6288. Time: 439.3066 us. Best GFLOPs: 154.6814
2024-04-29 10:56:31 [INFO] [task_scheduler.cc:131] [Task #0: fused_nn_contrib_conv2d_NCHWc_add_nn_relu] Trial #39: GFLOPs: 24.9415. Time: 821.2951 us. Best GFLOPs: 154.6814
2024-04-29 10:56:31 [INFO] [task_scheduler.cc:131] [Task #0: fused_nn_contrib_conv2d_NCHWc_add_nn_relu] Trial #40: GFLOPs: 56.5281. Time: 362.3745 us. Best GFLOPs: 154.6814
2024-04-29 10:56:31 [INFO] [task_scheduler.cc:131] [Task #0: fused_nn_contrib_conv2d_NCHWc_add_nn_relu] Trial #41: GFLOPs: 39.0533. Time: 524.5232 us. Best GFLOPs: 154.6814
2024-04-29 10:56:31 [INFO] [task_scheduler.cc:131] [Task #0: fused_nn_contrib_conv2d_NCHWc_add_nn_relu] Trial #42: GFLOPs: 64.8516. Time: 315.8652 us. Best GFLOPs: 154.6814
2024-04-29 10:56:31 [INFO] [task_scheduler.cc:131] [Task #0: fused_nn_contrib_conv2d_NCHWc_add_nn_relu] Trial #43: GFLOPs: 69.3884. Time: 295.2128 us. Best GFLOPs: 154.6814
2024-04-29 10:56:31 [INFO] [task_scheduler.cc:121] [Task #0: fused_nn_contrib_conv2d_NCHWc_add_nn_relu] Trial #44: Error in building:
LocalBuilder: Timeout, killed after 30.0 seconds
# from tvm.script import ir as I
# from tvm.script import tir as T

@I.ir_module
class Module:
    @T.prim_func
    def main(p0: T.Buffer((T.int64(1), T.int64(408), T.int64(7), T.int64(7), T.int64(4)), "float32"), p1: T.Buffer((T.int64(32), T.int64(408), T.int64(1), T.int64(1), T.int64(4), T.int64(4)), "float32"), p2: T.Buffer((T.int64(1), T.int64(32), T.int64(1), T.int64(1), T.int64(4)), "float32"), T_relu: T.Buffer((T.int64(1), T.int64(32), T.int64(7), T.int64(7), T.int64(4)), "float32")):
        T.func_attr({"tir.noalias": T.bool(True)})
        # with T.block("root"):
        conv2d_NCHWc = T.alloc_buffer((T.int64(1), T.int64(32), T.int64(7), T.int64(7), T.int64(4)))
        for n_0_oc_chunk_0_oh_0_ow_0_oc_block_0_n_1_oc_chunk_1_oh_1_ow_1_oc_block_1_fused in T.parallel(T.int64(2), annotations={"pragma_auto_unroll_max_step": 512, "pragma_unroll_explicit": 1}):
            for n_2_init, oc_chunk_2_init, oh_2_init, ow_2_init, oc_block_2_init, n_3_init, oc_chunk_3_init, oh_3_init, ow_3_init, oc_block_3_init in T.grid(T.int64(1), T.int64(16), T.int64(1), T.int64(1), T.int64(2), T.int64(1), T.int64(2), T.int64(7), T.int64(7), T.int64(1)):
                with T.block("conv2d_NCHWc_init"):
                    v_n = T.axis.spatial(T.int64(1), n_2_init + n_3_init)
                    v_oc_chunk = T.axis.spatial(T.int64(32), oc_chunk_2_init * T.int64(2) + oc_chunk_3_init)
                    v_oh = T.axis.spatial(T.int64(7), oh_2_init * T.int64(7) + oh_3_init)
                    v_ow = T.axis.spatial(T.int64(7), ow_2_init * T.int64(7) + ow_3_init)
                    v_oc_block = T.axis.spatial(T.int64(4), n_0_oc_chunk_0_oh_0_ow_0_oc_block_0_n_1_oc_chunk_1_oh_1_ow_1_oc_block_1_fused * T.int64(2) + oc_block_2_init + oc_block_3_init)
                    T.reads()
                    T.writes(conv2d_NCHWc[v_n, v_oc_chunk, v_oh, v_ow, v_oc_block])
                    T.block_attr({"meta_schedule.tiling_structure": "SSRSRS"})
                    conv2d_NCHWc[v_n, v_oc_chunk, v_oh, v_ow, v_oc_block] = T.float32(0)
            for ic_0, kh_0, kw_0, n_2, oc_chunk_2, oh_2, ow_2, oc_block_2, ic_1, kh_1, kw_1, n_3, oc_chunk_3, oh_3, ow_3, oc_block_3 in T.grid(T.int64(816), T.int64(1), T.int64(1), T.int64(1), T.int64(16), T.int64(1), T.int64(1), T.int64(2), T.int64(2), T.int64(1), T.int64(1), T.int64(1), T.int64(2), T.int64(7), T.int64(7), T.int64(1)):
                with T.block("conv2d_NCHWc_update"):
                    v_n = T.axis.spatial(T.int64(1), n_2 + n_3)
                    v_oc_chunk = T.axis.spatial(T.int64(32), oc_chunk_2 * T.int64(2) + oc_chunk_3)
                    v_oh = T.axis.spatial(T.int64(7), oh_2 * T.int64(7) + oh_3)
                    v_ow = T.axis.spatial(T.int64(7), ow_2 * T.int64(7) + ow_3)
                    v_oc_block = T.axis.spatial(T.int64(4), n_0_oc_chunk_0_oh_0_ow_0_oc_block_0_n_1_oc_chunk_1_oh_1_ow_1_oc_block_1_fused * T.int64(2) + oc_block_2 + oc_block_3)
                    v_ic = T.axis.reduce(T.int64(1632), ic_0 * T.int64(2) + ic_1)
                    v_kh = T.axis.reduce(T.int64(1), kh_0 + kh_1)
                    v_kw = T.axis.reduce(T.int64(1), kw_0 + kw_1)
                    T.reads(conv2d_NCHWc[v_n, v_oc_chunk, v_oh, v_ow, v_oc_block], p0[v_n, v_ic // T.int64(4), v_oh + v_kh, v_ow + v_kw, v_ic % T.int64(4)], p1[v_oc_chunk, v_ic // T.int64(4), v_kh, v_kw, v_ic % T.int64(4), v_oc_block])
                    T.writes(conv2d_NCHWc[v_n, v_oc_chunk, v_oh, v_ow, v_oc_block])
                    T.block_attr({"meta_schedule.tiling_structure": "SSRSRS"})
                    conv2d_NCHWc[v_n, v_oc_chunk, v_oh, v_ow, v_oc_block] = conv2d_NCHWc[v_n, v_oc_chunk, v_oh, v_ow, v_oc_block] + p0[v_n, v_ic // T.int64(4), v_oh + v_kh, v_ow + v_kw, v_ic % T.int64(4)] * p1[v_oc_chunk, v_ic // T.int64(4), v_kh, v_kw, v_ic % T.int64(4), v_oc_block]
            for ax0, ax1, ax2, ax3 in T.grid(T.int64(1), T.int64(32), T.int64(7), T.int64(7)):
                for ax4_fused in T.vectorized(T.int64(2)):
                    with T.block("T_relu"):
                        v_ax0, v_ax1, v_ax2, v_ax3 = T.axis.remap("SSSS", [ax0, ax1, ax2, ax3])
                        v_ax4 = T.axis.spatial(T.int64(4), n_0_oc_chunk_0_oh_0_ow_0_oc_block_0_n_1_oc_chunk_1_oh_1_ow_1_oc_block_1_fused * T.int64(2) + ax4_fused)
                        T.reads(conv2d_NCHWc[v_ax0, v_ax1, v_ax2, v_ax3, v_ax4], p2[v_ax0, v_ax1, T.int64(0), T.int64(0), v_ax4])
                        T.writes(T_relu[v_ax0, v_ax1, v_ax2, v_ax3, v_ax4])
                        T_relu[v_ax0, v_ax1, v_ax2, v_ax3, v_ax4] = T.max(conv2d_NCHWc[v_ax0, v_ax1, v_ax2, v_ax3, v_ax4] + p2[v_ax0, v_ax1, T.int64(0), T.int64(0), v_ax4], T.float32(0))
b0 = sch.get_block(name="conv2d_NCHWc", func_name="main")
b1 = sch.get_block(name="T_add", func_name="main")
b2 = sch.get_block(name="root", func_name="main")
sch.compute_inline(block=b1)
sch.annotate(block_or_loop=b0, ann_key="meta_schedule.tiling_structure", ann_val="SSRSRS")
l3, l4, l5, l6, l7, l8, l9, l10 = sch.get_loops(block=b0)
v11, v12, v13, v14 = sch.sample_perfect_tile(loop=l3, n=4, max_innermost_factor=64, decision=[1, 1, 1, 1])
l15, l16, l17, l18 = sch.split(loop=l3, factors=[v11, v12, v13, v14], preserve_unit_iters=True)
v19, v20, v21, v22 = sch.sample_perfect_tile(loop=l4, n=4, max_innermost_factor=64, decision=[1, 1, 16, 2])
l23, l24, l25, l26 = sch.split(loop=l4, factors=[v19, v20, v21, v22], preserve_unit_iters=True)
v27, v28, v29, v30 = sch.sample_perfect_tile(loop=l5, n=4, max_innermost_factor=64, decision=[1, 1, 1, 7])
l31, l32, l33, l34 = sch.split(loop=l5, factors=[v27, v28, v29, v30], preserve_unit_iters=True)
v35, v36, v37, v38 = sch.sample_perfect_tile(loop=l6, n=4, max_innermost_factor=64, decision=[1, 1, 1, 7])
l39, l40, l41, l42 = sch.split(loop=l6, factors=[v35, v36, v37, v38], preserve_unit_iters=True)
v43, v44, v45, v46 = sch.sample_perfect_tile(loop=l7, n=4, max_innermost_factor=64, decision=[1, 2, 2, 1])
l47, l48, l49, l50 = sch.split(loop=l7, factors=[v43, v44, v45, v46], preserve_unit_iters=True)
v51, v52 = sch.sample_perfect_tile(loop=l8, n=2, max_innermost_factor=64, decision=[816, 2])
l53, l54 = sch.split(loop=l8, factors=[v51, v52], preserve_unit_iters=True)
v55, v56 = sch.sample_perfect_tile(loop=l9, n=2, max_innermost_factor=64, decision=[1, 1])
l57, l58 = sch.split(loop=l9, factors=[v55, v56], preserve_unit_iters=True)
v59, v60 = sch.sample_perfect_tile(loop=l10, n=2, max_innermost_factor=64, decision=[1, 1])
l61, l62 = sch.split(loop=l10, factors=[v59, v60], preserve_unit_iters=True)
sch.reorder(l15, l23, l31, l39, l47, l16, l24, l32, l40, l48, l53, l57, l61, l17, l25, l33, l41, l49, l54, l58, l62, l18, l26, l34, l42, l50)
b63, = sch.get_consumers(block=b0)
sch.reverse_compute_at(block=b63, loop=l48, preserve_unit_loops=True, index=-1)
sch.annotate(block_or_loop=b2, ann_key="meta_schedule.parallel", ann_val=768)
sch.annotate(block_or_loop=b2, ann_key="meta_schedule.vectorize", ann_val=64)
v64 = sch.sample_categorical(candidates=[0, 16, 64, 512], probs=[0.25, 0.25, 0.25, 0.25], decision=3)
sch.annotate(block_or_loop=b2, ann_key="meta_schedule.unroll_explicit", ann_val=v64)
sch.enter_postproc()
b65 = sch.get_block(name="root", func_name="main")
sch.unannotate(block_or_loop=b65, ann_key="meta_schedule.parallel")
sch.unannotate(block_or_loop=b65, ann_key="meta_schedule.vectorize")
sch.unannotate(block_or_loop=b65, ann_key="meta_schedule.unroll_explicit")
b66, b67 = sch.get_child_blocks(b65)
l68, l69, l70, l71, l72, l73, l74, l75, l76, l77, l78, l79, l80, l81, l82, l83, l84, l85, l86, l87, l88, l89, l90, l91, l92, l93 = sch.get_loops(block=b66)
l94 = sch.fuse(l68, l69, l70, l71, l72, l73, l74, l75, l76, l77, preserve_unit_iters=True)
sch.parallel(loop=l94)
sch.annotate(block_or_loop=l94, ann_key="pragma_auto_unroll_max_step", ann_val=512)
sch.annotate(block_or_loop=l94, ann_key="pragma_unroll_explicit", ann_val=1)
l95, l96, l97, l98, l99, l100 = sch.get_loops(block=b67)
l101 = sch.fuse(l100, preserve_unit_iters=True)
sch.vectorize(loop=l101)
b102 = sch.get_block(name="conv2d_NCHWc", func_name="main")
l103, l104, l105, l106, l107, l108, l109, l110, l111, l112, l113, l114, l115, l116, l117, l118, l119 = sch.get_loops(block=b102)
b120 = sch.decompose_reduction(block=b102, loop=l104)
2024-04-29 10:56:31 [INFO] [task_scheduler.cc:131] [Task #0: fused_nn_contrib_conv2d_NCHWc_add_nn_relu] Trial #45: GFLOPs: 4.3364. Time: 4723.8446 us. Best GFLOPs: 154.6814
2024-04-29 10:56:31 [INFO] [task_scheduler.cc:131] [Task #0: fused_nn_contrib_conv2d_NCHWc_add_nn_relu] Trial #46: GFLOPs: 43.4207. Time: 471.7647 us. Best GFLOPs: 154.6814
2024-04-29 10:56:31 [INFO] [task_scheduler.cc:131] [Task #0: fused_nn_contrib_conv2d_NCHWc_add_nn_relu] Trial #47: GFLOPs: 13.1381. Time: 1559.1581 us. Best GFLOPs: 154.6814
2024-04-29 10:56:31 [INFO] [task_scheduler.cc:131] [Task #0: fused_nn_contrib_conv2d_NCHWc_add_nn_relu] Trial #48: GFLOPs: 96.4064. Time: 212.4791 us. Best GFLOPs: 154.6814
2024-04-29 10:56:31 [INFO] [task_scheduler.cc:131] [Task #0: fused_nn_contrib_conv2d_NCHWc_add_nn_relu] Trial #49: GFLOPs: 9.3136. Time: 2199.4019 us. Best GFLOPs: 154.6814
2024-04-29 10:56:31 [INFO] [task_scheduler.cc:131] [Task #0: fused_nn_contrib_conv2d_NCHWc_add_nn_relu] Trial #50: GFLOPs: 5.4514. Time: 3757.6415 us. Best GFLOPs: 154.6814
2024-04-29 10:56:31 [INFO] [task_scheduler.cc:131] [Task #0: fused_nn_contrib_conv2d_NCHWc_add_nn_relu] Trial #51: GFLOPs: 3.0394. Time: 6739.5451 us. Best GFLOPs: 154.6814
2024-04-29 10:56:31 [INFO] [task_scheduler.cc:131] [Task #0: fused_nn_contrib_conv2d_NCHWc_add_nn_relu] Trial #52: GFLOPs: 111.7721. Time: 183.2689 us. Best GFLOPs: 154.6814
2024-04-29 10:56:31 [INFO] [task_scheduler.cc:131] [Task #0: fused_nn_contrib_conv2d_NCHWc_add_nn_relu] Trial #53: GFLOPs: 11.2266. Time: 1824.6240 us. Best GFLOPs: 154.6814
2024-04-29 10:56:31 [INFO] [task_scheduler.cc:131] [Task #0: fused_nn_contrib_conv2d_NCHWc_add_nn_relu] Trial #54: GFLOPs: 76.9599. Time: 266.1692 us. Best GFLOPs: 154.6814
2024-04-29 10:56:31 [INFO] [task_scheduler.cc:131] [Task #0: fused_nn_contrib_conv2d_NCHWc_add_nn_relu] Trial #55: GFLOPs: 89.9941. Time: 227.6187 us. Best GFLOPs: 154.6814
2024-04-29 10:56:31 [INFO] [task_scheduler.cc:131] [Task #0: fused_nn_contrib_conv2d_NCHWc_add_nn_relu] Trial #56: GFLOPs: 7.2769. Time: 2815.0016 us. Best GFLOPs: 154.6814
2024-04-29 10:56:31 [INFO] [task_scheduler.cc:131] [Task #0: fused_nn_contrib_conv2d_NCHWc_add_nn_relu] Trial #57: GFLOPs: 19.4043. Time: 1055.6605 us. Best GFLOPs: 154.6814
2024-04-29 10:56:31 [INFO] [task_scheduler.cc:131] [Task #0: fused_nn_contrib_conv2d_NCHWc_add_nn_relu] Trial #58: GFLOPs: 8.0254. Time: 2552.4379 us. Best GFLOPs: 154.6814
2024-04-29 10:56:31 [INFO] [task_scheduler.cc:131] [Task #0: fused_nn_contrib_conv2d_NCHWc_add_nn_relu] Trial #59: GFLOPs: 21.9591. Time: 932.8421 us. Best GFLOPs: 154.6814
2024-04-29 10:56:31 [INFO] [task_scheduler.cc:121] [Task #0: fused_nn_contrib_conv2d_NCHWc_add_nn_relu] Trial #60: Error in building:
LocalBuilder: Timeout, killed after 30.0 seconds
# from tvm.script import ir as I
# from tvm.script import tir as T

@I.ir_module
class Module:
    @T.prim_func
    def main(p0: T.Buffer((T.int64(1), T.int64(408), T.int64(7), T.int64(7), T.int64(4)), "float32"), p1: T.Buffer((T.int64(32), T.int64(408), T.int64(1), T.int64(1), T.int64(4), T.int64(4)), "float32"), p2: T.Buffer((T.int64(1), T.int64(32), T.int64(1), T.int64(1), T.int64(4)), "float32"), T_relu: T.Buffer((T.int64(1), T.int64(32), T.int64(7), T.int64(7), T.int64(4)), "float32")):
        T.func_attr({"tir.noalias": T.bool(True)})
        # with T.block("root"):
        conv2d_NCHWc = T.alloc_buffer((T.int64(1), T.int64(32), T.int64(7), T.int64(7), T.int64(4)))
        for n_0_oc_chunk_0_oh_0_ow_0_oc_block_0_fused in T.parallel(T.int64(4), annotations={"pragma_auto_unroll_max_step": 512, "pragma_unroll_explicit": 1}):
            for n_1, oc_chunk_1, oh_1, ow_1, oc_block_1 in T.grid(T.int64(1), T.int64(2), T.int64(1), T.int64(7), T.int64(1)):
                for n_2_init, oc_chunk_2_init, oh_2_init, ow_2_init, oc_block_2_init, n_3_init, oc_chunk_3_init, oh_3_init, ow_3_init, oc_block_3_init in T.grid(T.int64(1), T.int64(8), T.int64(7), T.int64(1), T.int64(1), T.int64(1), T.int64(2), T.int64(1), T.int64(1), T.int64(1)):
                    with T.block("conv2d_NCHWc_init"):
                        v_n = T.axis.spatial(T.int64(1), n_1 + n_2_init + n_3_init)
                        v_oc_chunk = T.axis.spatial(T.int64(32), oc_chunk_1 * T.int64(16) + oc_chunk_2_init * T.int64(2) + oc_chunk_3_init)
                        v_oh = T.axis.spatial(T.int64(7), oh_1 * T.int64(7) + oh_2_init + oh_3_init)
                        v_ow = T.axis.spatial(T.int64(7), ow_1 + ow_2_init + ow_3_init)
                        v_oc_block = T.axis.spatial(T.int64(4), n_0_oc_chunk_0_oh_0_ow_0_oc_block_0_fused + oc_block_1 + oc_block_2_init + oc_block_3_init)
                        T.reads()
                        T.writes(conv2d_NCHWc[v_n, v_oc_chunk, v_oh, v_ow, v_oc_block])
                        T.block_attr({"meta_schedule.tiling_structure": "SSRSRS"})
                        conv2d_NCHWc[v_n, v_oc_chunk, v_oh, v_ow, v_oc_block] = T.float32(0)
                for ic_0, kh_0, kw_0, n_2, oc_chunk_2, oh_2, ow_2, oc_block_2, ic_1, kh_1, kw_1, n_3, oc_chunk_3, oh_3, ow_3, oc_block_3 in T.grid(T.int64(48), T.int64(1), T.int64(1), T.int64(1), T.int64(8), T.int64(7), T.int64(1), T.int64(1), T.int64(34), T.int64(1), T.int64(1), T.int64(1), T.int64(2), T.int64(1), T.int64(1), T.int64(1)):
                    with T.block("conv2d_NCHWc_update"):
                        v_n = T.axis.spatial(T.int64(1), n_1 + n_2 + n_3)
                        v_oc_chunk = T.axis.spatial(T.int64(32), oc_chunk_1 * T.int64(16) + oc_chunk_2 * T.int64(2) + oc_chunk_3)
                        v_oh = T.axis.spatial(T.int64(7), oh_1 * T.int64(7) + oh_2 + oh_3)
                        v_ow = T.axis.spatial(T.int64(7), ow_1 + ow_2 + ow_3)
                        v_oc_block = T.axis.spatial(T.int64(4), n_0_oc_chunk_0_oh_0_ow_0_oc_block_0_fused + oc_block_1 + oc_block_2 + oc_block_3)
                        v_ic = T.axis.reduce(T.int64(1632), ic_0 * T.int64(34) + ic_1)
                        v_kh = T.axis.reduce(T.int64(1), kh_0 + kh_1)
                        v_kw = T.axis.reduce(T.int64(1), kw_0 + kw_1)
                        T.reads(conv2d_NCHWc[v_n, v_oc_chunk, v_oh, v_ow, v_oc_block], p0[v_n, v_ic // T.int64(4), v_oh + v_kh, v_ow + v_kw, v_ic % T.int64(4)], p1[v_oc_chunk, v_ic // T.int64(4), v_kh, v_kw, v_ic % T.int64(4), v_oc_block])
                        T.writes(conv2d_NCHWc[v_n, v_oc_chunk, v_oh, v_ow, v_oc_block])
                        T.block_attr({"meta_schedule.tiling_structure": "SSRSRS"})
                        conv2d_NCHWc[v_n, v_oc_chunk, v_oh, v_ow, v_oc_block] = conv2d_NCHWc[v_n, v_oc_chunk, v_oh, v_ow, v_oc_block] + p0[v_n, v_ic // T.int64(4), v_oh + v_kh, v_ow + v_kw, v_ic % T.int64(4)] * p1[v_oc_chunk, v_ic // T.int64(4), v_kh, v_kw, v_ic % T.int64(4), v_oc_block]
            for ax0, ax1, ax2, ax3, ax4 in T.grid(T.int64(1), T.int64(32), T.int64(7), T.int64(7), T.int64(1)):
                with T.block("T_relu"):
                    v_ax0, v_ax1, v_ax2, v_ax3 = T.axis.remap("SSSS", [ax0, ax1, ax2, ax3])
                    v_ax4 = T.axis.spatial(T.int64(4), n_0_oc_chunk_0_oh_0_ow_0_oc_block_0_fused + ax4)
                    T.reads(conv2d_NCHWc[v_ax0, v_ax1, v_ax2, v_ax3, v_ax4], p2[v_ax0, v_ax1, T.int64(0), T.int64(0), v_ax4])
                    T.writes(T_relu[v_ax0, v_ax1, v_ax2, v_ax3, v_ax4])
                    T_relu[v_ax0, v_ax1, v_ax2, v_ax3, v_ax4] = T.max(conv2d_NCHWc[v_ax0, v_ax1, v_ax2, v_ax3, v_ax4] + p2[v_ax0, v_ax1, T.int64(0), T.int64(0), v_ax4], T.float32(0))
b0 = sch.get_block(name="conv2d_NCHWc", func_name="main")
b1 = sch.get_block(name="T_add", func_name="main")
b2 = sch.get_block(name="root", func_name="main")
sch.compute_inline(block=b1)
sch.annotate(block_or_loop=b0, ann_key="meta_schedule.tiling_structure", ann_val="SSRSRS")
l3, l4, l5, l6, l7, l8, l9, l10 = sch.get_loops(block=b0)
v11, v12, v13, v14 = sch.sample_perfect_tile(loop=l3, n=4, max_innermost_factor=64, decision=[1, 1, 1, 1])
l15, l16, l17, l18 = sch.split(loop=l3, factors=[v11, v12, v13, v14], preserve_unit_iters=True)
v19, v20, v21, v22 = sch.sample_perfect_tile(loop=l4, n=4, max_innermost_factor=64, decision=[1, 2, 8, 2])
l23, l24, l25, l26 = sch.split(loop=l4, factors=[v19, v20, v21, v22], preserve_unit_iters=True)
v27, v28, v29, v30 = sch.sample_perfect_tile(loop=l5, n=4, max_innermost_factor=64, decision=[1, 1, 7, 1])
l31, l32, l33, l34 = sch.split(loop=l5, factors=[v27, v28, v29, v30], preserve_unit_iters=True)
v35, v36, v37, v38 = sch.sample_perfect_tile(loop=l6, n=4, max_innermost_factor=64, decision=[1, 7, 1, 1])
l39, l40, l41, l42 = sch.split(loop=l6, factors=[v35, v36, v37, v38], preserve_unit_iters=True)
v43, v44, v45, v46 = sch.sample_perfect_tile(loop=l7, n=4, max_innermost_factor=64, decision=[4, 1, 1, 1])
l47, l48, l49, l50 = sch.split(loop=l7, factors=[v43, v44, v45, v46], preserve_unit_iters=True)
v51, v52 = sch.sample_perfect_tile(loop=l8, n=2, max_innermost_factor=64, decision=[48, 34])
l53, l54 = sch.split(loop=l8, factors=[v51, v52], preserve_unit_iters=True)
v55, v56 = sch.sample_perfect_tile(loop=l9, n=2, max_innermost_factor=64, decision=[1, 1])
l57, l58 = sch.split(loop=l9, factors=[v55, v56], preserve_unit_iters=True)
v59, v60 = sch.sample_perfect_tile(loop=l10, n=2, max_innermost_factor=64, decision=[1, 1])
l61, l62 = sch.split(loop=l10, factors=[v59, v60], preserve_unit_iters=True)
sch.reorder(l15, l23, l31, l39, l47, l16, l24, l32, l40, l48, l53, l57, l61, l17, l25, l33, l41, l49, l54, l58, l62, l18, l26, l34, l42, l50)
b63, = sch.get_consumers(block=b0)
sch.reverse_compute_at(block=b63, loop=l47, preserve_unit_loops=True, index=-1)
sch.annotate(block_or_loop=b2, ann_key="meta_schedule.parallel", ann_val=768)
sch.annotate(block_or_loop=b2, ann_key="meta_schedule.vectorize", ann_val=64)
v64 = sch.sample_categorical(candidates=[0, 16, 64, 512], probs=[0.25, 0.25, 0.25, 0.25], decision=3)
sch.annotate(block_or_loop=b2, ann_key="meta_schedule.unroll_explicit", ann_val=v64)
sch.enter_postproc()
b65 = sch.get_block(name="root", func_name="main")
sch.unannotate(block_or_loop=b65, ann_key="meta_schedule.parallel")
sch.unannotate(block_or_loop=b65, ann_key="meta_schedule.vectorize")
sch.unannotate(block_or_loop=b65, ann_key="meta_schedule.unroll_explicit")
b66, b67 = sch.get_child_blocks(b65)
l68, l69, l70, l71, l72, l73, l74, l75, l76, l77, l78, l79, l80, l81, l82, l83, l84, l85, l86, l87, l88, l89, l90, l91, l92, l93 = sch.get_loops(block=b66)
l94 = sch.fuse(l68, l69, l70, l71, l72, preserve_unit_iters=True)
sch.parallel(loop=l94)
sch.annotate(block_or_loop=l94, ann_key="pragma_auto_unroll_max_step", ann_val=512)
sch.annotate(block_or_loop=l94, ann_key="pragma_unroll_explicit", ann_val=1)
l95, l96, l97, l98, l99, l100 = sch.get_loops(block=b67)
b101 = sch.get_block(name="conv2d_NCHWc", func_name="main")
l102, l103, l104, l105, l106, l107, l108, l109, l110, l111, l112, l113, l114, l115, l116, l117, l118, l119, l120, l121, l122, l123 = sch.get_loops(block=b101)
b124 = sch.decompose_reduction(block=b101, loop=l108)
2024-04-29 10:56:31 [INFO] [task_scheduler.cc:131] [Task #0: fused_nn_contrib_conv2d_NCHWc_add_nn_relu] Trial #61: GFLOPs: 82.0539. Time: 249.6450 us. Best GFLOPs: 154.6814
2024-04-29 10:56:31 [INFO] [task_scheduler.cc:121] [Task #0: fused_nn_contrib_conv2d_NCHWc_add_nn_relu] Trial #62: Error in building:
LocalBuilder: Timeout, killed after 30.0 seconds
# from tvm.script import ir as I
# from tvm.script import tir as T

@I.ir_module
class Module:
    @T.prim_func
    def main(p0: T.Buffer((T.int64(1), T.int64(408), T.int64(7), T.int64(7), T.int64(4)), "float32"), p1: T.Buffer((T.int64(32), T.int64(408), T.int64(1), T.int64(1), T.int64(4), T.int64(4)), "float32"), p2: T.Buffer((T.int64(1), T.int64(32), T.int64(1), T.int64(1), T.int64(4)), "float32"), T_relu: T.Buffer((T.int64(1), T.int64(32), T.int64(7), T.int64(7), T.int64(4)), "float32")):
        T.func_attr({"tir.noalias": T.bool(True)})
        # with T.block("root"):
        conv2d_NCHWc = T.alloc_buffer((T.int64(1), T.int64(32), T.int64(7), T.int64(7), T.int64(4)))
        for n_0 in T.serial(T.int64(1), annotations={"pragma_auto_unroll_max_step": 512, "pragma_unroll_explicit": 1}):
            for oc_chunk_0, oh_0, ow_0, oc_block_0 in T.grid(T.int64(1), T.int64(1), T.int64(1), T.int64(1)):
                for n_1, oc_chunk_1, oh_1, ow_1, oc_block_1 in T.grid(T.int64(1), T.int64(1), T.int64(1), T.int64(1), T.int64(4)):
                    for n_2_init, oc_chunk_2_init, oh_2_init, ow_2_init, oc_block_2_init, n_3_init, oc_chunk_3_init, oh_3_init, ow_3_init, oc_block_3_init in T.grid(T.int64(1), T.int64(8), T.int64(1), T.int64(7), T.int64(1), T.int64(1), T.int64(4), T.int64(7), T.int64(1), T.int64(1)):
                        with T.block("conv2d_NCHWc_init"):
                            v_n = T.axis.spatial(T.int64(1), n_0 + n_1 + n_2_init + n_3_init)
                            v_oc_chunk = T.axis.spatial(T.int64(32), oc_chunk_0 * T.int64(32) + oc_chunk_1 * T.int64(32) + oc_chunk_2_init * T.int64(4) + oc_chunk_3_init)
                            v_oh = T.axis.spatial(T.int64(7), oh_0 * T.int64(7) + oh_1 * T.int64(7) + oh_2_init * T.int64(7) + oh_3_init)
                            v_ow = T.axis.spatial(T.int64(7), ow_0 * T.int64(7) + ow_1 * T.int64(7) + ow_2_init + ow_3_init)
                            v_oc_block = T.axis.spatial(T.int64(4), oc_block_0 * T.int64(4) + oc_block_1 + oc_block_2_init + oc_block_3_init)
                            T.reads()
                            T.writes(conv2d_NCHWc[v_n, v_oc_chunk, v_oh, v_ow, v_oc_block])
                            T.block_attr({"meta_schedule.tiling_structure": "SSRSRS"})
                            conv2d_NCHWc[v_n, v_oc_chunk, v_oh, v_ow, v_oc_block] = T.float32(0)
                    for ic_0, kh_0, kw_0, n_2, oc_chunk_2, oh_2, ow_2, oc_block_2, ic_1, kh_1, kw_1, n_3, oc_chunk_3, oh_3, ow_3, oc_block_3 in T.grid(T.int64(96), T.int64(1), T.int64(1), T.int64(1), T.int64(8), T.int64(1), T.int64(7), T.int64(1), T.int64(17), T.int64(1), T.int64(1), T.int64(1), T.int64(4), T.int64(7), T.int64(1), T.int64(1)):
                        with T.block("conv2d_NCHWc_update"):
                            v_n = T.axis.spatial(T.int64(1), n_0 + n_1 + n_2 + n_3)
                            v_oc_chunk = T.axis.spatial(T.int64(32), oc_chunk_0 * T.int64(32) + oc_chunk_1 * T.int64(32) + oc_chunk_2 * T.int64(4) + oc_chunk_3)
                            v_oh = T.axis.spatial(T.int64(7), oh_0 * T.int64(7) + oh_1 * T.int64(7) + oh_2 * T.int64(7) + oh_3)
                            v_ow = T.axis.spatial(T.int64(7), ow_0 * T.int64(7) + ow_1 * T.int64(7) + ow_2 + ow_3)
                            v_oc_block = T.axis.spatial(T.int64(4), oc_block_0 * T.int64(4) + oc_block_1 + oc_block_2 + oc_block_3)
                            v_ic = T.axis.reduce(T.int64(1632), ic_0 * T.int64(17) + ic_1)
                            v_kh = T.axis.reduce(T.int64(1), kh_0 + kh_1)
                            v_kw = T.axis.reduce(T.int64(1), kw_0 + kw_1)
                            T.reads(conv2d_NCHWc[v_n, v_oc_chunk, v_oh, v_ow, v_oc_block], p0[v_n, v_ic // T.int64(4), v_oh + v_kh, v_ow + v_kw, v_ic % T.int64(4)], p1[v_oc_chunk, v_ic // T.int64(4), v_kh, v_kw, v_ic % T.int64(4), v_oc_block])
                            T.writes(conv2d_NCHWc[v_n, v_oc_chunk, v_oh, v_ow, v_oc_block])
                            T.block_attr({"meta_schedule.tiling_structure": "SSRSRS"})
                            conv2d_NCHWc[v_n, v_oc_chunk, v_oh, v_ow, v_oc_block] = conv2d_NCHWc[v_n, v_oc_chunk, v_oh, v_ow, v_oc_block] + p0[v_n, v_ic // T.int64(4), v_oh + v_kh, v_ow + v_kw, v_ic % T.int64(4)] * p1[v_oc_chunk, v_ic // T.int64(4), v_kh, v_kw, v_ic % T.int64(4), v_oc_block]
                for ax0, ax1, ax2 in T.grid(T.int64(1), T.int64(32), T.int64(7)):
                    for ax3_ax4_fused in T.vectorized(T.int64(28)):
                        with T.block("T_relu"):
                            v_ax0, v_ax1, v_ax2 = T.axis.remap("SSS", [ax0, ax1, ax2])
                            v_ax3 = T.axis.spatial(T.int64(7), ax3_ax4_fused // T.int64(4))
                            v_ax4 = T.axis.spatial(T.int64(4), ax3_ax4_fused % T.int64(4))
                            T.reads(conv2d_NCHWc[v_ax0, v_ax1, v_ax2, v_ax3, v_ax4], p2[v_ax0, v_ax1, T.int64(0), T.int64(0), v_ax4])
                            T.writes(T_relu[v_ax0, v_ax1, v_ax2, v_ax3, v_ax4])
                            T_relu[v_ax0, v_ax1, v_ax2, v_ax3, v_ax4] = T.max(conv2d_NCHWc[v_ax0, v_ax1, v_ax2, v_ax3, v_ax4] + p2[v_ax0, v_ax1, T.int64(0), T.int64(0), v_ax4], T.float32(0))
b0 = sch.get_block(name="conv2d_NCHWc", func_name="main")
b1 = sch.get_block(name="T_add", func_name="main")
b2 = sch.get_block(name="root", func_name="main")
sch.compute_inline(block=b1)
sch.annotate(block_or_loop=b0, ann_key="meta_schedule.tiling_structure", ann_val="SSRSRS")
l3, l4, l5, l6, l7, l8, l9, l10 = sch.get_loops(block=b0)
v11, v12, v13, v14 = sch.sample_perfect_tile(loop=l3, n=4, max_innermost_factor=64, decision=[1, 1, 1, 1])
l15, l16, l17, l18 = sch.split(loop=l3, factors=[v11, v12, v13, v14], preserve_unit_iters=True)
v19, v20, v21, v22 = sch.sample_perfect_tile(loop=l4, n=4, max_innermost_factor=64, decision=[1, 1, 8, 4])
l23, l24, l25, l26 = sch.split(loop=l4, factors=[v19, v20, v21, v22], preserve_unit_iters=True)
v27, v28, v29, v30 = sch.sample_perfect_tile(loop=l5, n=4, max_innermost_factor=64, decision=[1, 1, 1, 7])
l31, l32, l33, l34 = sch.split(loop=l5, factors=[v27, v28, v29, v30], preserve_unit_iters=True)
v35, v36, v37, v38 = sch.sample_perfect_tile(loop=l6, n=4, max_innermost_factor=64, decision=[1, 1, 7, 1])
l39, l40, l41, l42 = sch.split(loop=l6, factors=[v35, v36, v37, v38], preserve_unit_iters=True)
v43, v44, v45, v46 = sch.sample_perfect_tile(loop=l7, n=4, max_innermost_factor=64, decision=[1, 4, 1, 1])
l47, l48, l49, l50 = sch.split(loop=l7, factors=[v43, v44, v45, v46], preserve_unit_iters=True)
v51, v52 = sch.sample_perfect_tile(loop=l8, n=2, max_innermost_factor=64, decision=[96, 17])
l53, l54 = sch.split(loop=l8, factors=[v51, v52], preserve_unit_iters=True)
v55, v56 = sch.sample_perfect_tile(loop=l9, n=2, max_innermost_factor=64, decision=[1, 1])
l57, l58 = sch.split(loop=l9, factors=[v55, v56], preserve_unit_iters=True)
v59, v60 = sch.sample_perfect_tile(loop=l10, n=2, max_innermost_factor=64, decision=[1, 1])
l61, l62 = sch.split(loop=l10, factors=[v59, v60], preserve_unit_iters=True)
sch.reorder(l15, l23, l31, l39, l47, l16, l24, l32, l40, l48, l53, l57, l61, l17, l25, l33, l41, l49, l54, l58, l62, l18, l26, l34, l42, l50)
b63, = sch.get_consumers(block=b0)
sch.reverse_compute_at(block=b63, loop=l47, preserve_unit_loops=True, index=-1)
sch.annotate(block_or_loop=b2, ann_key="meta_schedule.parallel", ann_val=768)
sch.annotate(block_or_loop=b2, ann_key="meta_schedule.vectorize", ann_val=64)
v64 = sch.sample_categorical(candidates=[0, 16, 64, 512], probs=[0.25, 0.25, 0.25, 0.25], decision=3)
sch.annotate(block_or_loop=b2, ann_key="meta_schedule.unroll_explicit", ann_val=v64)
sch.enter_postproc()
b65 = sch.get_block(name="root", func_name="main")
sch.unannotate(block_or_loop=b65, ann_key="meta_schedule.parallel")
sch.unannotate(block_or_loop=b65, ann_key="meta_schedule.vectorize")
sch.unannotate(block_or_loop=b65, ann_key="meta_schedule.unroll_explicit")
b66, b67 = sch.get_child_blocks(b65)
l68, l69, l70, l71, l72, l73, l74, l75, l76, l77, l78, l79, l80, l81, l82, l83, l84, l85, l86, l87, l88, l89, l90, l91, l92, l93 = sch.get_loops(block=b66)
sch.annotate(block_or_loop=l68, ann_key="pragma_auto_unroll_max_step", ann_val=512)
sch.annotate(block_or_loop=l68, ann_key="pragma_unroll_explicit", ann_val=1)
l94, l95, l96, l97, l98, l99, l100, l101, l102, l103 = sch.get_loops(block=b67)
l104 = sch.fuse(l102, l103, preserve_unit_iters=True)
sch.vectorize(loop=l104)
b105 = sch.get_block(name="conv2d_NCHWc", func_name="main")
l106, l107, l108, l109, l110, l111, l112, l113, l114, l115, l116, l117, l118, l119, l120, l121, l122, l123, l124, l125, l126, l127, l128, l129, l130, l131 = sch.get_loops(block=b105)
b132 = sch.decompose_reduction(block=b105, loop=l116)
2024-04-29 10:56:31 [INFO] [task_scheduler.cc:131] [Task #0: fused_nn_contrib_conv2d_NCHWc_add_nn_relu] Trial #63: GFLOPs: 5.2079. Time: 3933.3518 us. Best GFLOPs: 154.6814
2024-04-29 10:56:31 [INFO] [task_scheduler.cc:131] [Task #0: fused_nn_contrib_conv2d_NCHWc_add_nn_relu] Trial #64: GFLOPs: 0.5461. Time: 37508.4400 us. Best GFLOPs: 154.6814
