2024-04-29 08:19:34 [INFO] [task_scheduler.cc:160] Initializing Task #12: "fused_nn_contrib_conv2d_NCHWc_add_nn_relu_12"
2024-04-29 08:19:34 [INFO] [task_scheduler.cc:35] 
# from tvm.script import ir as I
# from tvm.script import tir as T

@I.ir_module
class Module:
    @T.prim_func
    def main(p0: T.Buffer((T.int64(1), T.int64(312), T.int64(7), T.int64(7), T.int64(4)), "float32"), p1: T.Buffer((T.int64(32), T.int64(312), T.int64(1), T.int64(1), T.int64(4), T.int64(4)), "float32"), p2: T.Buffer((T.int64(1), T.int64(32), T.int64(1), T.int64(1), T.int64(4)), "float32"), T_relu: T.Buffer((T.int64(1), T.int64(32), T.int64(7), T.int64(7), T.int64(4)), "float32")):
        T.func_attr({"tir.noalias": T.bool(True)})
        # with T.block("root"):
        conv2d_NCHWc = T.alloc_buffer((T.int64(1), T.int64(32), T.int64(7), T.int64(7), T.int64(4)))
        T_add = T.alloc_buffer((T.int64(1), T.int64(32), T.int64(7), T.int64(7), T.int64(4)))
        for n, oc_chunk, oh, ow, oc_block, ic, kh, kw in T.grid(T.int64(1), T.int64(32), T.int64(7), T.int64(7), T.int64(4), T.int64(1248), T.int64(1), T.int64(1)):
            with T.block("conv2d_NCHWc"):
                v_n, v_oc_chunk, v_oh, v_ow, v_oc_block, v_ic, v_kh, v_kw = T.axis.remap("SSSSSRRR", [n, oc_chunk, oh, ow, oc_block, ic, kh, kw])
                T.reads(p0[v_n, v_ic // T.int64(4), v_oh + v_kh, v_ow + v_kw, v_ic % T.int64(4)], p1[v_oc_chunk, v_ic // T.int64(4), v_kh, v_kw, v_ic % T.int64(4), v_oc_block])
                T.writes(conv2d_NCHWc[v_n, v_oc_chunk, v_oh, v_ow, v_oc_block])
                with T.init():
                    conv2d_NCHWc[v_n, v_oc_chunk, v_oh, v_ow, v_oc_block] = T.float32(0)
                conv2d_NCHWc[v_n, v_oc_chunk, v_oh, v_ow, v_oc_block] = conv2d_NCHWc[v_n, v_oc_chunk, v_oh, v_ow, v_oc_block] + p0[v_n, v_ic // T.int64(4), v_oh + v_kh, v_ow + v_kw, v_ic % T.int64(4)] * p1[v_oc_chunk, v_ic // T.int64(4), v_kh, v_kw, v_ic % T.int64(4), v_oc_block]
        for ax0, ax1, ax2, ax3, ax4 in T.grid(T.int64(1), T.int64(32), T.int64(7), T.int64(7), T.int64(4)):
            with T.block("T_add"):
                v_ax0, v_ax1, v_ax2, v_ax3, v_ax4 = T.axis.remap("SSSSS", [ax0, ax1, ax2, ax3, ax4])
                T.reads(conv2d_NCHWc[v_ax0, v_ax1, v_ax2, v_ax3, v_ax4], p2[v_ax0, v_ax1, T.int64(0), T.int64(0), v_ax4])
                T.writes(T_add[v_ax0, v_ax1, v_ax2, v_ax3, v_ax4])
                T_add[v_ax0, v_ax1, v_ax2, v_ax3, v_ax4] = conv2d_NCHWc[v_ax0, v_ax1, v_ax2, v_ax3, v_ax4] + p2[v_ax0, v_ax1, T.int64(0), T.int64(0), v_ax4]
        for ax0, ax1, ax2, ax3, ax4 in T.grid(T.int64(1), T.int64(32), T.int64(7), T.int64(7), T.int64(4)):
            with T.block("T_relu"):
                v_ax0, v_ax1, v_ax2, v_ax3, v_ax4 = T.axis.remap("SSSSS", [ax0, ax1, ax2, ax3, ax4])
                T.reads(T_add[v_ax0, v_ax1, v_ax2, v_ax3, v_ax4])
                T.writes(T_relu[v_ax0, v_ax1, v_ax2, v_ax3, v_ax4])
                T_relu[v_ax0, v_ax1, v_ax2, v_ax3, v_ax4] = T.max(T_add[v_ax0, v_ax1, v_ax2, v_ax3, v_ax4], T.float32(0))
2024-04-29 08:19:34 [INFO] [task_scheduler.cc:164] Total 3 design space(s) generated
2024-04-29 08:19:34 [INFO] [task_scheduler.cc:170] Design space #0:
# from tvm.script import ir as I
# from tvm.script import tir as T

@I.ir_module
class Module:
    @T.prim_func
    def main(p0: T.Buffer((T.int64(1), T.int64(312), T.int64(7), T.int64(7), T.int64(4)), "float32"), p1: T.Buffer((T.int64(32), T.int64(312), T.int64(1), T.int64(1), T.int64(4), T.int64(4)), "float32"), p2: T.Buffer((T.int64(1), T.int64(32), T.int64(1), T.int64(1), T.int64(4)), "float32"), T_relu: T.Buffer((T.int64(1), T.int64(32), T.int64(7), T.int64(7), T.int64(4)), "float32")):
        T.func_attr({"tir.noalias": T.bool(True)})
        with T.block("root"):
            T.reads()
            T.writes()
            T.block_attr({"meta_schedule.parallel": 768, "meta_schedule.unroll_explicit": 16, "meta_schedule.vectorize": 64})
            conv2d_NCHWc = T.alloc_buffer((T.int64(1), T.int64(32), T.int64(7), T.int64(7), T.int64(4)))
            for n_0, oc_chunk_0, oh_0, ow_0, oc_block_0, n_1, oc_chunk_1, oh_1, ow_1, oc_block_1, ic_0, kh_0, kw_0, n_2, oc_chunk_2, oh_2, ow_2, oc_block_2, ic_1, kh_1, kw_1, n_3, oc_chunk_3, oh_3, ow_3, oc_block_3 in T.grid(T.int64(1), T.int64(1), T.int64(1), T.int64(1), T.int64(1), T.int64(1), T.int64(32), T.int64(7), T.int64(1), T.int64(1), T.int64(156), T.int64(1), T.int64(1), T.int64(1), T.int64(1), T.int64(1), T.int64(7), T.int64(4), T.int64(8), T.int64(1), T.int64(1), T.int64(1), T.int64(1), T.int64(1), T.int64(1), T.int64(1)):
                with T.block("conv2d_NCHWc"):
                    v_n = T.axis.spatial(T.int64(1), n_0 + n_1 + n_2 + n_3)
                    v_oc_chunk = T.axis.spatial(T.int64(32), oc_chunk_0 * T.int64(32) + oc_chunk_1 + oc_chunk_2 + oc_chunk_3)
                    v_oh = T.axis.spatial(T.int64(7), oh_0 * T.int64(7) + oh_1 + oh_2 + oh_3)
                    v_ow = T.axis.spatial(T.int64(7), ow_0 * T.int64(7) + ow_1 * T.int64(7) + ow_2 + ow_3)
                    v_oc_block = T.axis.spatial(T.int64(4), oc_block_0 * T.int64(4) + oc_block_1 * T.int64(4) + oc_block_2 + oc_block_3)
                    v_ic = T.axis.reduce(T.int64(1248), ic_0 * T.int64(8) + ic_1)
                    v_kh = T.axis.reduce(T.int64(1), kh_0 + kh_1)
                    v_kw = T.axis.reduce(T.int64(1), kw_0 + kw_1)
                    T.reads(p0[v_n, v_ic // T.int64(4), v_oh + v_kh, v_ow + v_kw, v_ic % T.int64(4)], p1[v_oc_chunk, v_ic // T.int64(4), v_kh, v_kw, v_ic % T.int64(4), v_oc_block])
                    T.writes(conv2d_NCHWc[v_n, v_oc_chunk, v_oh, v_ow, v_oc_block])
                    T.block_attr({"meta_schedule.tiling_structure": "SSRSRS"})
                    with T.init():
                        conv2d_NCHWc[v_n, v_oc_chunk, v_oh, v_ow, v_oc_block] = T.float32(0)
                    conv2d_NCHWc[v_n, v_oc_chunk, v_oh, v_ow, v_oc_block] = conv2d_NCHWc[v_n, v_oc_chunk, v_oh, v_ow, v_oc_block] + p0[v_n, v_ic // T.int64(4), v_oh + v_kh, v_ow + v_kw, v_ic % T.int64(4)] * p1[v_oc_chunk, v_ic // T.int64(4), v_kh, v_kw, v_ic % T.int64(4), v_oc_block]
            for ax0, ax1, ax2, ax3, ax4 in T.grid(T.int64(1), T.int64(32), T.int64(7), T.int64(7), T.int64(4)):
                with T.block("T_relu"):
                    v_ax0, v_ax1, v_ax2, v_ax3, v_ax4 = T.axis.remap("SSSSS", [ax0, ax1, ax2, ax3, ax4])
                    T.reads(conv2d_NCHWc[v_ax0, v_ax1, v_ax2, v_ax3, v_ax4], p2[v_ax0, v_ax1, T.int64(0), T.int64(0), v_ax4])
                    T.writes(T_relu[v_ax0, v_ax1, v_ax2, v_ax3, v_ax4])
                    T_relu[v_ax0, v_ax1, v_ax2, v_ax3, v_ax4] = T.max(conv2d_NCHWc[v_ax0, v_ax1, v_ax2, v_ax3, v_ax4] + p2[v_ax0, v_ax1, T.int64(0), T.int64(0), v_ax4], T.float32(0))
b0 = sch.get_block(name="conv2d_NCHWc", func_name="main")
b1 = sch.get_block(name="T_add", func_name="main")
b2 = sch.get_block(name="root", func_name="main")
sch.compute_inline(block=b1)
sch.annotate(block_or_loop=b0, ann_key="meta_schedule.tiling_structure", ann_val="SSRSRS")
l3, l4, l5, l6, l7, l8, l9, l10 = sch.get_loops(block=b0)
v11, v12, v13, v14 = sch.sample_perfect_tile(loop=l3, n=4, max_innermost_factor=64, decision=[1, 1, 1, 1])
l15, l16, l17, l18 = sch.split(loop=l3, factors=[v11, v12, v13, v14], preserve_unit_iters=True)
v19, v20, v21, v22 = sch.sample_perfect_tile(loop=l4, n=4, max_innermost_factor=64, decision=[1, 32, 1, 1])
l23, l24, l25, l26 = sch.split(loop=l4, factors=[v19, v20, v21, v22], preserve_unit_iters=True)
v27, v28, v29, v30 = sch.sample_perfect_tile(loop=l5, n=4, max_innermost_factor=64, decision=[1, 7, 1, 1])
l31, l32, l33, l34 = sch.split(loop=l5, factors=[v27, v28, v29, v30], preserve_unit_iters=True)
v35, v36, v37, v38 = sch.sample_perfect_tile(loop=l6, n=4, max_innermost_factor=64, decision=[1, 1, 7, 1])
l39, l40, l41, l42 = sch.split(loop=l6, factors=[v35, v36, v37, v38], preserve_unit_iters=True)
v43, v44, v45, v46 = sch.sample_perfect_tile(loop=l7, n=4, max_innermost_factor=64, decision=[1, 1, 4, 1])
l47, l48, l49, l50 = sch.split(loop=l7, factors=[v43, v44, v45, v46], preserve_unit_iters=True)
v51, v52 = sch.sample_perfect_tile(loop=l8, n=2, max_innermost_factor=64, decision=[156, 8])
l53, l54 = sch.split(loop=l8, factors=[v51, v52], preserve_unit_iters=True)
v55, v56 = sch.sample_perfect_tile(loop=l9, n=2, max_innermost_factor=64, decision=[1, 1])
l57, l58 = sch.split(loop=l9, factors=[v55, v56], preserve_unit_iters=True)
v59, v60 = sch.sample_perfect_tile(loop=l10, n=2, max_innermost_factor=64, decision=[1, 1])
l61, l62 = sch.split(loop=l10, factors=[v59, v60], preserve_unit_iters=True)
sch.reorder(l15, l23, l31, l39, l47, l16, l24, l32, l40, l48, l53, l57, l61, l17, l25, l33, l41, l49, l54, l58, l62, l18, l26, l34, l42, l50)
sch.annotate(block_or_loop=b2, ann_key="meta_schedule.parallel", ann_val=768)
sch.annotate(block_or_loop=b2, ann_key="meta_schedule.vectorize", ann_val=64)
v63 = sch.sample_categorical(candidates=[0, 16, 64, 512], probs=[0.25, 0.25, 0.25, 0.25], decision=1)
sch.annotate(block_or_loop=b2, ann_key="meta_schedule.unroll_explicit", ann_val=v63)
2024-04-29 08:19:34 [INFO] [task_scheduler.cc:170] Design space #1:
# from tvm.script import ir as I
# from tvm.script import tir as T

@I.ir_module
class Module:
    @T.prim_func
    def main(p0: T.Buffer((T.int64(1), T.int64(312), T.int64(7), T.int64(7), T.int64(4)), "float32"), p1: T.Buffer((T.int64(32), T.int64(312), T.int64(1), T.int64(1), T.int64(4), T.int64(4)), "float32"), p2: T.Buffer((T.int64(1), T.int64(32), T.int64(1), T.int64(1), T.int64(4)), "float32"), T_relu: T.Buffer((T.int64(1), T.int64(32), T.int64(7), T.int64(7), T.int64(4)), "float32")):
        T.func_attr({"tir.noalias": T.bool(True)})
        with T.block("root"):
            T.reads()
            T.writes()
            T.block_attr({"meta_schedule.parallel": 768, "meta_schedule.unroll_explicit": 16, "meta_schedule.vectorize": 64})
            conv2d_NCHWc = T.alloc_buffer((T.int64(1), T.int64(32), T.int64(7), T.int64(7), T.int64(4)))
            for n_0, oc_chunk_0, oh_0, ow_0, oc_block_0, n_1, oc_chunk_1, oh_1, ow_1, oc_block_1 in T.grid(T.int64(1), T.int64(1), T.int64(1), T.int64(1), T.int64(1), T.int64(1), T.int64(32), T.int64(7), T.int64(1), T.int64(1)):
                for ic_0, kh_0, kw_0, n_2, oc_chunk_2, oh_2, ow_2, oc_block_2, ic_1, kh_1, kw_1, n_3, oc_chunk_3, oh_3, ow_3, oc_block_3 in T.grid(T.int64(156), T.int64(1), T.int64(1), T.int64(1), T.int64(1), T.int64(1), T.int64(7), T.int64(4), T.int64(8), T.int64(1), T.int64(1), T.int64(1), T.int64(1), T.int64(1), T.int64(1), T.int64(1)):
                    with T.block("conv2d_NCHWc"):
                        v_n = T.axis.spatial(T.int64(1), n_0 + n_1 + n_2 + n_3)
                        v_oc_chunk = T.axis.spatial(T.int64(32), oc_chunk_0 * T.int64(32) + oc_chunk_1 + oc_chunk_2 + oc_chunk_3)
                        v_oh = T.axis.spatial(T.int64(7), oh_0 * T.int64(7) + oh_1 + oh_2 + oh_3)
                        v_ow = T.axis.spatial(T.int64(7), ow_0 * T.int64(7) + ow_1 * T.int64(7) + ow_2 + ow_3)
                        v_oc_block = T.axis.spatial(T.int64(4), oc_block_0 * T.int64(4) + oc_block_1 * T.int64(4) + oc_block_2 + oc_block_3)
                        v_ic = T.axis.reduce(T.int64(1248), ic_0 * T.int64(8) + ic_1)
                        v_kh = T.axis.reduce(T.int64(1), kh_0 + kh_1)
                        v_kw = T.axis.reduce(T.int64(1), kw_0 + kw_1)
                        T.reads(p0[v_n, v_ic // T.int64(4), v_oh + v_kh, v_ow + v_kw, v_ic % T.int64(4)], p1[v_oc_chunk, v_ic // T.int64(4), v_kh, v_kw, v_ic % T.int64(4), v_oc_block])
                        T.writes(conv2d_NCHWc[v_n, v_oc_chunk, v_oh, v_ow, v_oc_block])
                        T.block_attr({"meta_schedule.tiling_structure": "SSRSRS"})
                        with T.init():
                            conv2d_NCHWc[v_n, v_oc_chunk, v_oh, v_ow, v_oc_block] = T.float32(0)
                        conv2d_NCHWc[v_n, v_oc_chunk, v_oh, v_ow, v_oc_block] = conv2d_NCHWc[v_n, v_oc_chunk, v_oh, v_ow, v_oc_block] + p0[v_n, v_ic // T.int64(4), v_oh + v_kh, v_ow + v_kw, v_ic % T.int64(4)] * p1[v_oc_chunk, v_ic // T.int64(4), v_kh, v_kw, v_ic % T.int64(4), v_oc_block]
                for ax0, ax1, ax2, ax3, ax4 in T.grid(T.int64(1), T.int64(1), T.int64(1), T.int64(7), T.int64(4)):
                    with T.block("T_relu"):
                        v_ax0 = T.axis.spatial(T.int64(1), ax0)
                        v_ax1 = T.axis.spatial(T.int64(32), oc_chunk_1 + ax1)
                        v_ax2 = T.axis.spatial(T.int64(7), oh_1 + ax2)
                        v_ax3, v_ax4 = T.axis.remap("SS", [ax3, ax4])
                        T.reads(conv2d_NCHWc[v_ax0, v_ax1, v_ax2, v_ax3, v_ax4], p2[v_ax0, v_ax1, T.int64(0), T.int64(0), v_ax4])
                        T.writes(T_relu[v_ax0, v_ax1, v_ax2, v_ax3, v_ax4])
                        T_relu[v_ax0, v_ax1, v_ax2, v_ax3, v_ax4] = T.max(conv2d_NCHWc[v_ax0, v_ax1, v_ax2, v_ax3, v_ax4] + p2[v_ax0, v_ax1, T.int64(0), T.int64(0), v_ax4], T.float32(0))
b0 = sch.get_block(name="conv2d_NCHWc", func_name="main")
b1 = sch.get_block(name="T_add", func_name="main")
b2 = sch.get_block(name="root", func_name="main")
sch.compute_inline(block=b1)
sch.annotate(block_or_loop=b0, ann_key="meta_schedule.tiling_structure", ann_val="SSRSRS")
l3, l4, l5, l6, l7, l8, l9, l10 = sch.get_loops(block=b0)
v11, v12, v13, v14 = sch.sample_perfect_tile(loop=l3, n=4, max_innermost_factor=64, decision=[1, 1, 1, 1])
l15, l16, l17, l18 = sch.split(loop=l3, factors=[v11, v12, v13, v14], preserve_unit_iters=True)
v19, v20, v21, v22 = sch.sample_perfect_tile(loop=l4, n=4, max_innermost_factor=64, decision=[1, 32, 1, 1])
l23, l24, l25, l26 = sch.split(loop=l4, factors=[v19, v20, v21, v22], preserve_unit_iters=True)
v27, v28, v29, v30 = sch.sample_perfect_tile(loop=l5, n=4, max_innermost_factor=64, decision=[1, 7, 1, 1])
l31, l32, l33, l34 = sch.split(loop=l5, factors=[v27, v28, v29, v30], preserve_unit_iters=True)
v35, v36, v37, v38 = sch.sample_perfect_tile(loop=l6, n=4, max_innermost_factor=64, decision=[1, 1, 7, 1])
l39, l40, l41, l42 = sch.split(loop=l6, factors=[v35, v36, v37, v38], preserve_unit_iters=True)
v43, v44, v45, v46 = sch.sample_perfect_tile(loop=l7, n=4, max_innermost_factor=64, decision=[1, 1, 4, 1])
l47, l48, l49, l50 = sch.split(loop=l7, factors=[v43, v44, v45, v46], preserve_unit_iters=True)
v51, v52 = sch.sample_perfect_tile(loop=l8, n=2, max_innermost_factor=64, decision=[156, 8])
l53, l54 = sch.split(loop=l8, factors=[v51, v52], preserve_unit_iters=True)
v55, v56 = sch.sample_perfect_tile(loop=l9, n=2, max_innermost_factor=64, decision=[1, 1])
l57, l58 = sch.split(loop=l9, factors=[v55, v56], preserve_unit_iters=True)
v59, v60 = sch.sample_perfect_tile(loop=l10, n=2, max_innermost_factor=64, decision=[1, 1])
l61, l62 = sch.split(loop=l10, factors=[v59, v60], preserve_unit_iters=True)
sch.reorder(l15, l23, l31, l39, l47, l16, l24, l32, l40, l48, l53, l57, l61, l17, l25, l33, l41, l49, l54, l58, l62, l18, l26, l34, l42, l50)
b63, = sch.get_consumers(block=b0)
sch.reverse_compute_at(block=b63, loop=l48, preserve_unit_loops=True, index=-1)
sch.annotate(block_or_loop=b2, ann_key="meta_schedule.parallel", ann_val=768)
sch.annotate(block_or_loop=b2, ann_key="meta_schedule.vectorize", ann_val=64)
v64 = sch.sample_categorical(candidates=[0, 16, 64, 512], probs=[0.25, 0.25, 0.25, 0.25], decision=1)
sch.annotate(block_or_loop=b2, ann_key="meta_schedule.unroll_explicit", ann_val=v64)
2024-04-29 08:19:34 [INFO] [task_scheduler.cc:170] Design space #2:
# from tvm.script import ir as I
# from tvm.script import tir as T

@I.ir_module
class Module:
    @T.prim_func
    def main(p0: T.Buffer((T.int64(1), T.int64(312), T.int64(7), T.int64(7), T.int64(4)), "float32"), p1: T.Buffer((T.int64(32), T.int64(312), T.int64(1), T.int64(1), T.int64(4), T.int64(4)), "float32"), p2: T.Buffer((T.int64(1), T.int64(32), T.int64(1), T.int64(1), T.int64(4)), "float32"), T_relu: T.Buffer((T.int64(1), T.int64(32), T.int64(7), T.int64(7), T.int64(4)), "float32")):
        T.func_attr({"tir.noalias": T.bool(True)})
        with T.block("root"):
            T.reads()
            T.writes()
            T.block_attr({"meta_schedule.parallel": 768, "meta_schedule.unroll_explicit": 0, "meta_schedule.vectorize": 64})
            conv2d_NCHWc = T.alloc_buffer((T.int64(1), T.int64(32), T.int64(7), T.int64(7), T.int64(4)))
            for n_0, oc_chunk_0, oh_0, ow_0, oc_block_0 in T.grid(T.int64(1), T.int64(1), T.int64(1), T.int64(1), T.int64(1)):
                for n_1, oc_chunk_1, oh_1, ow_1, oc_block_1, ic_0, kh_0, kw_0, n_2, oc_chunk_2, oh_2, ow_2, oc_block_2, ic_1, kh_1, kw_1, n_3, oc_chunk_3, oh_3, ow_3, oc_block_3 in T.grid(T.int64(1), T.int64(32), T.int64(7), T.int64(1), T.int64(1), T.int64(156), T.int64(1), T.int64(1), T.int64(1), T.int64(1), T.int64(1), T.int64(7), T.int64(4), T.int64(8), T.int64(1), T.int64(1), T.int64(1), T.int64(1), T.int64(1), T.int64(1), T.int64(1)):
                    with T.block("conv2d_NCHWc"):
                        v_n = T.axis.spatial(T.int64(1), n_0 + n_1 + n_2 + n_3)
                        v_oc_chunk = T.axis.spatial(T.int64(32), oc_chunk_0 * T.int64(32) + oc_chunk_1 + oc_chunk_2 + oc_chunk_3)
                        v_oh = T.axis.spatial(T.int64(7), oh_0 * T.int64(7) + oh_1 + oh_2 + oh_3)
                        v_ow = T.axis.spatial(T.int64(7), ow_0 * T.int64(7) + ow_1 * T.int64(7) + ow_2 + ow_3)
                        v_oc_block = T.axis.spatial(T.int64(4), oc_block_0 * T.int64(4) + oc_block_1 * T.int64(4) + oc_block_2 + oc_block_3)
                        v_ic = T.axis.reduce(T.int64(1248), ic_0 * T.int64(8) + ic_1)
                        v_kh = T.axis.reduce(T.int64(1), kh_0 + kh_1)
                        v_kw = T.axis.reduce(T.int64(1), kw_0 + kw_1)
                        T.reads(p0[v_n, v_ic // T.int64(4), v_oh + v_kh, v_ow + v_kw, v_ic % T.int64(4)], p1[v_oc_chunk, v_ic // T.int64(4), v_kh, v_kw, v_ic % T.int64(4), v_oc_block])
                        T.writes(conv2d_NCHWc[v_n, v_oc_chunk, v_oh, v_ow, v_oc_block])
                        T.block_attr({"meta_schedule.tiling_structure": "SSRSRS"})
                        with T.init():
                            conv2d_NCHWc[v_n, v_oc_chunk, v_oh, v_ow, v_oc_block] = T.float32(0)
                        conv2d_NCHWc[v_n, v_oc_chunk, v_oh, v_ow, v_oc_block] = conv2d_NCHWc[v_n, v_oc_chunk, v_oh, v_ow, v_oc_block] + p0[v_n, v_ic // T.int64(4), v_oh + v_kh, v_ow + v_kw, v_ic % T.int64(4)] * p1[v_oc_chunk, v_ic // T.int64(4), v_kh, v_kw, v_ic % T.int64(4), v_oc_block]
                for ax0, ax1, ax2, ax3, ax4 in T.grid(T.int64(1), T.int64(32), T.int64(7), T.int64(7), T.int64(4)):
                    with T.block("T_relu"):
                        v_ax0, v_ax1, v_ax2, v_ax3, v_ax4 = T.axis.remap("SSSSS", [ax0, ax1, ax2, ax3, ax4])
                        T.reads(conv2d_NCHWc[v_ax0, v_ax1, v_ax2, v_ax3, v_ax4], p2[v_ax0, v_ax1, T.int64(0), T.int64(0), v_ax4])
                        T.writes(T_relu[v_ax0, v_ax1, v_ax2, v_ax3, v_ax4])
                        T_relu[v_ax0, v_ax1, v_ax2, v_ax3, v_ax4] = T.max(conv2d_NCHWc[v_ax0, v_ax1, v_ax2, v_ax3, v_ax4] + p2[v_ax0, v_ax1, T.int64(0), T.int64(0), v_ax4], T.float32(0))
b0 = sch.get_block(name="conv2d_NCHWc", func_name="main")
b1 = sch.get_block(name="T_add", func_name="main")
b2 = sch.get_block(name="root", func_name="main")
sch.compute_inline(block=b1)
sch.annotate(block_or_loop=b0, ann_key="meta_schedule.tiling_structure", ann_val="SSRSRS")
l3, l4, l5, l6, l7, l8, l9, l10 = sch.get_loops(block=b0)
v11, v12, v13, v14 = sch.sample_perfect_tile(loop=l3, n=4, max_innermost_factor=64, decision=[1, 1, 1, 1])
l15, l16, l17, l18 = sch.split(loop=l3, factors=[v11, v12, v13, v14], preserve_unit_iters=True)
v19, v20, v21, v22 = sch.sample_perfect_tile(loop=l4, n=4, max_innermost_factor=64, decision=[1, 32, 1, 1])
l23, l24, l25, l26 = sch.split(loop=l4, factors=[v19, v20, v21, v22], preserve_unit_iters=True)
v27, v28, v29, v30 = sch.sample_perfect_tile(loop=l5, n=4, max_innermost_factor=64, decision=[1, 7, 1, 1])
l31, l32, l33, l34 = sch.split(loop=l5, factors=[v27, v28, v29, v30], preserve_unit_iters=True)
v35, v36, v37, v38 = sch.sample_perfect_tile(loop=l6, n=4, max_innermost_factor=64, decision=[1, 1, 7, 1])
l39, l40, l41, l42 = sch.split(loop=l6, factors=[v35, v36, v37, v38], preserve_unit_iters=True)
v43, v44, v45, v46 = sch.sample_perfect_tile(loop=l7, n=4, max_innermost_factor=64, decision=[1, 1, 4, 1])
l47, l48, l49, l50 = sch.split(loop=l7, factors=[v43, v44, v45, v46], preserve_unit_iters=True)
v51, v52 = sch.sample_perfect_tile(loop=l8, n=2, max_innermost_factor=64, decision=[156, 8])
l53, l54 = sch.split(loop=l8, factors=[v51, v52], preserve_unit_iters=True)
v55, v56 = sch.sample_perfect_tile(loop=l9, n=2, max_innermost_factor=64, decision=[1, 1])
l57, l58 = sch.split(loop=l9, factors=[v55, v56], preserve_unit_iters=True)
v59, v60 = sch.sample_perfect_tile(loop=l10, n=2, max_innermost_factor=64, decision=[1, 1])
l61, l62 = sch.split(loop=l10, factors=[v59, v60], preserve_unit_iters=True)
sch.reorder(l15, l23, l31, l39, l47, l16, l24, l32, l40, l48, l53, l57, l61, l17, l25, l33, l41, l49, l54, l58, l62, l18, l26, l34, l42, l50)
b63, = sch.get_consumers(block=b0)
sch.reverse_compute_at(block=b63, loop=l47, preserve_unit_loops=True, index=-1)
sch.annotate(block_or_loop=b2, ann_key="meta_schedule.parallel", ann_val=768)
sch.annotate(block_or_loop=b2, ann_key="meta_schedule.vectorize", ann_val=64)
v64 = sch.sample_categorical(candidates=[0, 16, 64, 512], probs=[0.25, 0.25, 0.25, 0.25], decision=0)
sch.annotate(block_or_loop=b2, ann_key="meta_schedule.unroll_explicit", ann_val=v64)
2024-04-29 08:43:07 [INFO] [evolutionary_search.cc:713] Generating candidates......
2024-04-29 08:43:07 [INFO] [evolutionary_search.cc:715] Picked top 0 candidate(s) from database
2024-04-29 08:43:10 [INFO] [evolutionary_search.cc:533] Sample-Init-Population summary:
Postproc #0 [meta_schedule.DisallowDynamicLoop(0x88bc898)]: 0 failure(s)
Postproc #1 [meta_schedule.RewriteParallelVectorizeUnroll(0xa2ea368)]: 0 failure(s)
Postproc #2 [meta_schedule.RewriteReductionBlock(0x6c90898)]: 0 failure(s)
Postproc #3 [meta_schedule.RewriteLayout(0x902a6d8)]: 0 failure(s)
2024-04-29 08:43:10 [INFO] [evolutionary_search.cc:723] Sampled 512 candidate(s)
2024-04-29 08:43:13 [INFO] [evolutionary_search.cc:621] Evolve iter #0 done. Summary:
Postproc #0 [meta_schedule.DisallowDynamicLoop(0x88bc898)]: 0 failure(s)
Postproc #1 [meta_schedule.RewriteParallelVectorizeUnroll(0xa2ea368)]: 0 failure(s)
Postproc #2 [meta_schedule.RewriteReductionBlock(0x6c90898)]: 0 failure(s)
Postproc #3 [meta_schedule.RewriteLayout(0x902a6d8)]: 0 failure(s)
2024-04-29 08:43:16 [INFO] [evolutionary_search.cc:621] Evolve iter #1 done. Summary:
Postproc #0 [meta_schedule.DisallowDynamicLoop(0x88bc898)]: 0 failure(s)
Postproc #1 [meta_schedule.RewriteParallelVectorizeUnroll(0xa2ea368)]: 0 failure(s)
Postproc #2 [meta_schedule.RewriteReductionBlock(0x6c90898)]: 0 failure(s)
Postproc #3 [meta_schedule.RewriteLayout(0x902a6d8)]: 0 failure(s)
2024-04-29 08:43:19 [INFO] [evolutionary_search.cc:621] Evolve iter #2 done. Summary:
Postproc #0 [meta_schedule.DisallowDynamicLoop(0x88bc898)]: 0 failure(s)
Postproc #1 [meta_schedule.RewriteParallelVectorizeUnroll(0xa2ea368)]: 0 failure(s)
Postproc #2 [meta_schedule.RewriteReductionBlock(0x6c90898)]: 0 failure(s)
Postproc #3 [meta_schedule.RewriteLayout(0x902a6d8)]: 0 failure(s)
2024-04-29 08:43:22 [INFO] [evolutionary_search.cc:621] Evolve iter #3 done. Summary:
Postproc #0 [meta_schedule.DisallowDynamicLoop(0x88bc898)]: 0 failure(s)
Postproc #1 [meta_schedule.RewriteParallelVectorizeUnroll(0xa2ea368)]: 0 failure(s)
Postproc #2 [meta_schedule.RewriteReductionBlock(0x6c90898)]: 0 failure(s)
Postproc #3 [meta_schedule.RewriteLayout(0x902a6d8)]: 0 failure(s)
2024-04-29 08:43:23 [INFO] [evolutionary_search.cc:649] Scores of the best 64 candidates:
[1 : 16]:	0.9987  0.9979  0.9978  0.9976  0.9975  0.9969  0.9957  0.9945  0.9938  0.9935  0.9897  0.9895  0.9894  0.9891  0.9883  0.9883
[17 : 32]:	0.9883  0.9865  0.9862  0.9860  0.9853  0.9850  0.9848  0.9847  0.9845  0.9843  0.9827  0.9824  0.9821  0.9820  0.9819  0.9815
[33 : 48]:	0.9813  0.9803  0.9797  0.9791  0.9774  0.9754  0.9745  0.9744  0.9742  0.9729  0.9721  0.9698  0.9695  0.9689  0.9676  0.9656
[49 : 64]:	0.9655  0.9654  0.9648  0.9648  0.9641  0.9630  0.9624  0.9614  0.9610  0.9610  0.9608  0.9605  0.9596  0.9595  0.9593  0.9590
2024-04-29 08:43:23 [INFO] [evolutionary_search.cc:727] Got 64 candidate(s) with evolutionary search
2024-04-29 08:43:23 [INFO] [evolutionary_search.cc:730] Sending 64 candidates(s) for measurement
2024-04-29 10:57:02 [INFO] [task_scheduler.cc:131] [Task #12: fused_nn_contrib_conv2d_NCHWc_add_nn_relu_12] Trial #1: GFLOPs: 32.0134. Time: 489.4025 us. Best GFLOPs: 32.0134
2024-04-29 10:57:02 [INFO] [task_scheduler.cc:131] [Task #12: fused_nn_contrib_conv2d_NCHWc_add_nn_relu_12] Trial #2: GFLOPs: 6.8764. Time: 2278.4469 us. Best GFLOPs: 32.0134
2024-04-29 10:57:02 [INFO] [task_scheduler.cc:131] [Task #12: fused_nn_contrib_conv2d_NCHWc_add_nn_relu_12] Trial #3: GFLOPs: 20.3482. Time: 769.9688 us. Best GFLOPs: 32.0134
2024-04-29 10:57:02 [INFO] [task_scheduler.cc:131] [Task #12: fused_nn_contrib_conv2d_NCHWc_add_nn_relu_12] Trial #4: GFLOPs: 21.8447. Time: 717.2188 us. Best GFLOPs: 32.0134
2024-04-29 10:57:02 [INFO] [task_scheduler.cc:131] [Task #12: fused_nn_contrib_conv2d_NCHWc_add_nn_relu_12] Trial #5: GFLOPs: 138.8307. Time: 112.8530 us. Best GFLOPs: 138.8307
2024-04-29 10:57:02 [INFO] [task_scheduler.cc:131] [Task #12: fused_nn_contrib_conv2d_NCHWc_add_nn_relu_12] Trial #6: GFLOPs: 66.3419. Time: 236.1624 us. Best GFLOPs: 138.8307
2024-04-29 10:57:02 [INFO] [task_scheduler.cc:131] [Task #12: fused_nn_contrib_conv2d_NCHWc_add_nn_relu_12] Trial #7: GFLOPs: 1.7149. Time: 9135.8435 us. Best GFLOPs: 138.8307
2024-04-29 10:57:02 [INFO] [task_scheduler.cc:131] [Task #12: fused_nn_contrib_conv2d_NCHWc_add_nn_relu_12] Trial #8: GFLOPs: 57.7145. Time: 271.4647 us. Best GFLOPs: 138.8307
2024-04-29 10:57:02 [INFO] [task_scheduler.cc:131] [Task #12: fused_nn_contrib_conv2d_NCHWc_add_nn_relu_12] Trial #9: GFLOPs: 61.3925. Time: 255.2013 us. Best GFLOPs: 138.8307
2024-04-29 10:57:02 [INFO] [task_scheduler.cc:131] [Task #12: fused_nn_contrib_conv2d_NCHWc_add_nn_relu_12] Trial #10: GFLOPs: 42.9741. Time: 364.5788 us. Best GFLOPs: 138.8307
2024-04-29 10:57:02 [INFO] [task_scheduler.cc:131] [Task #12: fused_nn_contrib_conv2d_NCHWc_add_nn_relu_12] Trial #11: GFLOPs: 2.7690. Time: 5658.1965 us. Best GFLOPs: 138.8307
2024-04-29 10:57:02 [INFO] [task_scheduler.cc:131] [Task #12: fused_nn_contrib_conv2d_NCHWc_add_nn_relu_12] Trial #12: GFLOPs: 10.6631. Time: 1469.3199 us. Best GFLOPs: 138.8307
2024-04-29 10:57:02 [INFO] [task_scheduler.cc:121] [Task #12: fused_nn_contrib_conv2d_NCHWc_add_nn_relu_12] Trial #13: Error in building:
LocalBuilder: Timeout, killed after 30.0 seconds
# from tvm.script import ir as I
# from tvm.script import tir as T

@I.ir_module
class Module:
    @T.prim_func
    def main(p0: T.Buffer((T.int64(1), T.int64(312), T.int64(7), T.int64(7), T.int64(4)), "float32"), p1: T.Buffer((T.int64(32), T.int64(312), T.int64(1), T.int64(1), T.int64(4), T.int64(4)), "float32"), p2: T.Buffer((T.int64(1), T.int64(32), T.int64(1), T.int64(1), T.int64(4)), "float32"), T_relu: T.Buffer((T.int64(1), T.int64(32), T.int64(7), T.int64(7), T.int64(4)), "float32")):
        T.func_attr({"tir.noalias": T.bool(True)})
        # with T.block("root"):
        conv2d_NCHWc = T.alloc_buffer((T.int64(1), T.int64(32), T.int64(7), T.int64(7), T.int64(4)))
        for n_0_oc_chunk_0_oh_0_ow_0_oc_block_0_n_1_oc_chunk_1_oh_1_ow_1_oc_block_1_fused in T.parallel(T.int64(4), annotations={"pragma_auto_unroll_max_step": 512, "pragma_unroll_explicit": 1}):
            for n_2_init, oc_chunk_2_init, oh_2_init, ow_2_init, oc_block_2_init, n_3_init, oc_chunk_3_init, oh_3_init, ow_3_init, oc_block_3_init in T.grid(T.int64(1), T.int64(4), T.int64(1), T.int64(7), T.int64(2), T.int64(1), T.int64(4), T.int64(7), T.int64(1), T.int64(1)):
                with T.block("conv2d_NCHWc_init"):
                    v_n = T.axis.spatial(T.int64(1), n_2_init + n_3_init)
                    v_oc_chunk = T.axis.spatial(T.int64(32), n_0_oc_chunk_0_oh_0_ow_0_oc_block_0_n_1_oc_chunk_1_oh_1_ow_1_oc_block_1_fused // T.int64(2) * T.int64(16) + oc_chunk_2_init * T.int64(4) + oc_chunk_3_init)
                    v_oh = T.axis.spatial(T.int64(7), oh_2_init * T.int64(7) + oh_3_init)
                    v_ow = T.axis.spatial(T.int64(7), ow_2_init + ow_3_init)
                    v_oc_block = T.axis.spatial(T.int64(4), n_0_oc_chunk_0_oh_0_ow_0_oc_block_0_n_1_oc_chunk_1_oh_1_ow_1_oc_block_1_fused % T.int64(2) * T.int64(2) + oc_block_2_init + oc_block_3_init)
                    T.reads()
                    T.writes(conv2d_NCHWc[v_n, v_oc_chunk, v_oh, v_ow, v_oc_block])
                    T.block_attr({"meta_schedule.tiling_structure": "SSRSRS"})
                    conv2d_NCHWc[v_n, v_oc_chunk, v_oh, v_ow, v_oc_block] = T.float32(0)
            for ic_0, kh_0, kw_0, n_2, oc_chunk_2, oh_2, ow_2, oc_block_2, ic_1, kh_1, kw_1, n_3, oc_chunk_3, oh_3, ow_3, oc_block_3 in T.grid(T.int64(1248), T.int64(1), T.int64(1), T.int64(1), T.int64(4), T.int64(1), T.int64(7), T.int64(2), T.int64(1), T.int64(1), T.int64(1), T.int64(1), T.int64(4), T.int64(7), T.int64(1), T.int64(1)):
                with T.block("conv2d_NCHWc_update"):
                    v_n = T.axis.spatial(T.int64(1), n_2 + n_3)
                    v_oc_chunk = T.axis.spatial(T.int64(32), n_0_oc_chunk_0_oh_0_ow_0_oc_block_0_n_1_oc_chunk_1_oh_1_ow_1_oc_block_1_fused // T.int64(2) * T.int64(16) + oc_chunk_2 * T.int64(4) + oc_chunk_3)
                    v_oh = T.axis.spatial(T.int64(7), oh_2 * T.int64(7) + oh_3)
                    v_ow = T.axis.spatial(T.int64(7), ow_2 + ow_3)
                    v_oc_block = T.axis.spatial(T.int64(4), n_0_oc_chunk_0_oh_0_ow_0_oc_block_0_n_1_oc_chunk_1_oh_1_ow_1_oc_block_1_fused % T.int64(2) * T.int64(2) + oc_block_2 + oc_block_3)
                    v_ic = T.axis.reduce(T.int64(1248), ic_0 + ic_1)
                    v_kh = T.axis.reduce(T.int64(1), kh_0 + kh_1)
                    v_kw = T.axis.reduce(T.int64(1), kw_0 + kw_1)
                    T.reads(conv2d_NCHWc[v_n, v_oc_chunk, v_oh, v_ow, v_oc_block], p0[v_n, v_ic // T.int64(4), v_oh + v_kh, v_ow + v_kw, v_ic % T.int64(4)], p1[v_oc_chunk, v_ic // T.int64(4), v_kh, v_kw, v_ic % T.int64(4), v_oc_block])
                    T.writes(conv2d_NCHWc[v_n, v_oc_chunk, v_oh, v_ow, v_oc_block])
                    T.block_attr({"meta_schedule.tiling_structure": "SSRSRS"})
                    conv2d_NCHWc[v_n, v_oc_chunk, v_oh, v_ow, v_oc_block] = conv2d_NCHWc[v_n, v_oc_chunk, v_oh, v_ow, v_oc_block] + p0[v_n, v_ic // T.int64(4), v_oh + v_kh, v_ow + v_kw, v_ic % T.int64(4)] * p1[v_oc_chunk, v_ic // T.int64(4), v_kh, v_kw, v_ic % T.int64(4), v_oc_block]
        for ax0_ax1_ax2_ax3_ax4_fused_0 in T.parallel(T.int64(98)):
            for ax0_ax1_ax2_ax3_ax4_fused_1 in T.vectorized(T.int64(64)):
                with T.block("T_relu"):
                    v_ax0 = T.axis.spatial(T.int64(1), T.int64(0))
                    v_ax1 = T.axis.spatial(T.int64(32), (ax0_ax1_ax2_ax3_ax4_fused_0 * T.int64(64) + ax0_ax1_ax2_ax3_ax4_fused_1) // T.int64(196))
                    v_ax2 = T.axis.spatial(T.int64(7), (ax0_ax1_ax2_ax3_ax4_fused_0 * T.int64(64) + ax0_ax1_ax2_ax3_ax4_fused_1) % T.int64(196) // T.int64(28))
                    v_ax3 = T.axis.spatial(T.int64(7), (ax0_ax1_ax2_ax3_ax4_fused_0 * T.int64(64) + ax0_ax1_ax2_ax3_ax4_fused_1) % T.int64(28) // T.int64(4))
                    v_ax4 = T.axis.spatial(T.int64(4), (ax0_ax1_ax2_ax3_ax4_fused_0 * T.int64(64) + ax0_ax1_ax2_ax3_ax4_fused_1) % T.int64(4))
                    T.reads(conv2d_NCHWc[v_ax0, v_ax1, v_ax2, v_ax3, v_ax4], p2[v_ax0, v_ax1, T.int64(0), T.int64(0), v_ax4])
                    T.writes(T_relu[v_ax0, v_ax1, v_ax2, v_ax3, v_ax4])
                    T_relu[v_ax0, v_ax1, v_ax2, v_ax3, v_ax4] = T.max(conv2d_NCHWc[v_ax0, v_ax1, v_ax2, v_ax3, v_ax4] + p2[v_ax0, v_ax1, T.int64(0), T.int64(0), v_ax4], T.float32(0))
b0 = sch.get_block(name="conv2d_NCHWc", func_name="main")
b1 = sch.get_block(name="T_add", func_name="main")
b2 = sch.get_block(name="root", func_name="main")
sch.compute_inline(block=b1)
sch.annotate(block_or_loop=b0, ann_key="meta_schedule.tiling_structure", ann_val="SSRSRS")
l3, l4, l5, l6, l7, l8, l9, l10 = sch.get_loops(block=b0)
v11, v12, v13, v14 = sch.sample_perfect_tile(loop=l3, n=4, max_innermost_factor=64, decision=[1, 1, 1, 1])
l15, l16, l17, l18 = sch.split(loop=l3, factors=[v11, v12, v13, v14], preserve_unit_iters=True)
v19, v20, v21, v22 = sch.sample_perfect_tile(loop=l4, n=4, max_innermost_factor=64, decision=[2, 1, 4, 4])
l23, l24, l25, l26 = sch.split(loop=l4, factors=[v19, v20, v21, v22], preserve_unit_iters=True)
v27, v28, v29, v30 = sch.sample_perfect_tile(loop=l5, n=4, max_innermost_factor=64, decision=[1, 1, 1, 7])
l31, l32, l33, l34 = sch.split(loop=l5, factors=[v27, v28, v29, v30], preserve_unit_iters=True)
v35, v36, v37, v38 = sch.sample_perfect_tile(loop=l6, n=4, max_innermost_factor=64, decision=[1, 1, 7, 1])
l39, l40, l41, l42 = sch.split(loop=l6, factors=[v35, v36, v37, v38], preserve_unit_iters=True)
v43, v44, v45, v46 = sch.sample_perfect_tile(loop=l7, n=4, max_innermost_factor=64, decision=[2, 1, 2, 1])
l47, l48, l49, l50 = sch.split(loop=l7, factors=[v43, v44, v45, v46], preserve_unit_iters=True)
v51, v52 = sch.sample_perfect_tile(loop=l8, n=2, max_innermost_factor=64, decision=[1248, 1])
l53, l54 = sch.split(loop=l8, factors=[v51, v52], preserve_unit_iters=True)
v55, v56 = sch.sample_perfect_tile(loop=l9, n=2, max_innermost_factor=64, decision=[1, 1])
l57, l58 = sch.split(loop=l9, factors=[v55, v56], preserve_unit_iters=True)
v59, v60 = sch.sample_perfect_tile(loop=l10, n=2, max_innermost_factor=64, decision=[1, 1])
l61, l62 = sch.split(loop=l10, factors=[v59, v60], preserve_unit_iters=True)
sch.reorder(l15, l23, l31, l39, l47, l16, l24, l32, l40, l48, l53, l57, l61, l17, l25, l33, l41, l49, l54, l58, l62, l18, l26, l34, l42, l50)
sch.annotate(block_or_loop=b2, ann_key="meta_schedule.parallel", ann_val=768)
sch.annotate(block_or_loop=b2, ann_key="meta_schedule.vectorize", ann_val=64)
v63 = sch.sample_categorical(candidates=[0, 16, 64, 512], probs=[0.25, 0.25, 0.25, 0.25], decision=3)
sch.annotate(block_or_loop=b2, ann_key="meta_schedule.unroll_explicit", ann_val=v63)
sch.enter_postproc()
b64 = sch.get_block(name="root", func_name="main")
sch.unannotate(block_or_loop=b64, ann_key="meta_schedule.parallel")
sch.unannotate(block_or_loop=b64, ann_key="meta_schedule.vectorize")
sch.unannotate(block_or_loop=b64, ann_key="meta_schedule.unroll_explicit")
b65, b66 = sch.get_child_blocks(b64)
l67, l68, l69, l70, l71, l72, l73, l74, l75, l76, l77, l78, l79, l80, l81, l82, l83, l84, l85, l86, l87, l88, l89, l90, l91, l92 = sch.get_loops(block=b65)
l93 = sch.fuse(l67, l68, l69, l70, l71, l72, l73, l74, l75, l76, preserve_unit_iters=True)
sch.parallel(loop=l93)
sch.annotate(block_or_loop=l93, ann_key="pragma_auto_unroll_max_step", ann_val=512)
sch.annotate(block_or_loop=l93, ann_key="pragma_unroll_explicit", ann_val=1)
l94, l95, l96, l97, l98 = sch.get_loops(block=b66)
l99 = sch.fuse(l94, l95, l96, l97, l98, preserve_unit_iters=True)
l100, l101 = sch.split(loop=l99, factors=[None, 64], preserve_unit_iters=True)
sch.parallel(loop=l100)
sch.vectorize(loop=l101)
b102 = sch.get_block(name="conv2d_NCHWc", func_name="main")
l103, l104, l105, l106, l107, l108, l109, l110, l111, l112, l113, l114, l115, l116, l117, l118, l119 = sch.get_loops(block=b102)
b120 = sch.decompose_reduction(block=b102, loop=l104)
2024-04-29 10:57:02 [INFO] [task_scheduler.cc:131] [Task #12: fused_nn_contrib_conv2d_NCHWc_add_nn_relu_12] Trial #14: GFLOPs: 1.2616. Time: 12419.0857 us. Best GFLOPs: 138.8307
2024-04-29 10:57:02 [INFO] [task_scheduler.cc:131] [Task #12: fused_nn_contrib_conv2d_NCHWc_add_nn_relu_12] Trial #15: GFLOPs: 25.7843. Time: 607.6358 us. Best GFLOPs: 138.8307
2024-04-29 10:57:02 [INFO] [task_scheduler.cc:131] [Task #12: fused_nn_contrib_conv2d_NCHWc_add_nn_relu_12] Trial #16: GFLOPs: 6.1106. Time: 2563.9624 us. Best GFLOPs: 138.8307
2024-04-29 10:57:02 [INFO] [task_scheduler.cc:131] [Task #12: fused_nn_contrib_conv2d_NCHWc_add_nn_relu_12] Trial #17: GFLOPs: 4.1745. Time: 3753.1047 us. Best GFLOPs: 138.8307
2024-04-29 10:57:02 [INFO] [task_scheduler.cc:131] [Task #12: fused_nn_contrib_conv2d_NCHWc_add_nn_relu_12] Trial #18: GFLOPs: 8.3527. Time: 1875.7444 us. Best GFLOPs: 138.8307
2024-04-29 10:57:02 [INFO] [task_scheduler.cc:131] [Task #12: fused_nn_contrib_conv2d_NCHWc_add_nn_relu_12] Trial #19: GFLOPs: 9.0899. Time: 1723.6118 us. Best GFLOPs: 138.8307
2024-04-29 10:57:02 [INFO] [task_scheduler.cc:131] [Task #12: fused_nn_contrib_conv2d_NCHWc_add_nn_relu_12] Trial #20: GFLOPs: 3.0578. Time: 5123.8078 us. Best GFLOPs: 138.8307
2024-04-29 10:57:02 [INFO] [task_scheduler.cc:131] [Task #12: fused_nn_contrib_conv2d_NCHWc_add_nn_relu_12] Trial #21: GFLOPs: 19.3520. Time: 809.6033 us. Best GFLOPs: 138.8307
2024-04-29 10:57:02 [INFO] [task_scheduler.cc:131] [Task #12: fused_nn_contrib_conv2d_NCHWc_add_nn_relu_12] Trial #22: GFLOPs: 4.2709. Time: 3668.4464 us. Best GFLOPs: 138.8307
2024-04-29 10:57:02 [INFO] [task_scheduler.cc:131] [Task #12: fused_nn_contrib_conv2d_NCHWc_add_nn_relu_12] Trial #23: GFLOPs: 34.2020. Time: 458.0864 us. Best GFLOPs: 138.8307
2024-04-29 10:57:02 [INFO] [task_scheduler.cc:131] [Task #12: fused_nn_contrib_conv2d_NCHWc_add_nn_relu_12] Trial #24: GFLOPs: 29.8297. Time: 525.2297 us. Best GFLOPs: 138.8307
2024-04-29 10:57:02 [INFO] [task_scheduler.cc:131] [Task #12: fused_nn_contrib_conv2d_NCHWc_add_nn_relu_12] Trial #25: GFLOPs: 69.2397. Time: 226.2786 us. Best GFLOPs: 138.8307
2024-04-29 10:57:02 [INFO] [task_scheduler.cc:131] [Task #12: fused_nn_contrib_conv2d_NCHWc_add_nn_relu_12] Trial #26: GFLOPs: 114.4354. Time: 136.9109 us. Best GFLOPs: 138.8307
2024-04-29 10:57:02 [INFO] [task_scheduler.cc:131] [Task #12: fused_nn_contrib_conv2d_NCHWc_add_nn_relu_12] Trial #27: GFLOPs: 0.6128. Time: 25567.0710 us. Best GFLOPs: 138.8307
2024-04-29 10:57:02 [INFO] [task_scheduler.cc:131] [Task #12: fused_nn_contrib_conv2d_NCHWc_add_nn_relu_12] Trial #28: GFLOPs: 2.3112. Time: 6779.0526 us. Best GFLOPs: 138.8307
2024-04-29 10:57:02 [INFO] [task_scheduler.cc:131] [Task #12: fused_nn_contrib_conv2d_NCHWc_add_nn_relu_12] Trial #29: GFLOPs: 4.6509. Time: 3368.6761 us. Best GFLOPs: 138.8307
2024-04-29 10:57:02 [INFO] [task_scheduler.cc:131] [Task #12: fused_nn_contrib_conv2d_NCHWc_add_nn_relu_12] Trial #30: GFLOPs: 28.5625. Time: 548.5326 us. Best GFLOPs: 138.8307
2024-04-29 10:57:02 [INFO] [task_scheduler.cc:131] [Task #12: fused_nn_contrib_conv2d_NCHWc_add_nn_relu_12] Trial #31: GFLOPs: 33.0956. Time: 473.4002 us. Best GFLOPs: 138.8307
2024-04-29 10:57:02 [INFO] [task_scheduler.cc:131] [Task #12: fused_nn_contrib_conv2d_NCHWc_add_nn_relu_12] Trial #32: GFLOPs: 40.5101. Time: 386.7541 us. Best GFLOPs: 138.8307
2024-04-29 10:57:02 [INFO] [task_scheduler.cc:131] [Task #12: fused_nn_contrib_conv2d_NCHWc_add_nn_relu_12] Trial #33: GFLOPs: 46.6547. Time: 335.8172 us. Best GFLOPs: 138.8307
2024-04-29 10:57:02 [INFO] [task_scheduler.cc:131] [Task #12: fused_nn_contrib_conv2d_NCHWc_add_nn_relu_12] Trial #34: GFLOPs: 11.0852. Time: 1413.3674 us. Best GFLOPs: 138.8307
2024-04-29 10:57:02 [INFO] [task_scheduler.cc:131] [Task #12: fused_nn_contrib_conv2d_NCHWc_add_nn_relu_12] Trial #35: GFLOPs: 33.6635. Time: 465.4132 us. Best GFLOPs: 138.8307
2024-04-29 10:57:02 [INFO] [task_scheduler.cc:131] [Task #12: fused_nn_contrib_conv2d_NCHWc_add_nn_relu_12] Trial #36: GFLOPs: 48.6531. Time: 322.0240 us. Best GFLOPs: 138.8307
2024-04-29 10:57:02 [INFO] [task_scheduler.cc:131] [Task #12: fused_nn_contrib_conv2d_NCHWc_add_nn_relu_12] Trial #37: GFLOPs: 21.9763. Time: 712.9267 us. Best GFLOPs: 138.8307
2024-04-29 10:57:02 [INFO] [task_scheduler.cc:131] [Task #12: fused_nn_contrib_conv2d_NCHWc_add_nn_relu_12] Trial #38: GFLOPs: 9.0276. Time: 1735.5082 us. Best GFLOPs: 138.8307
2024-04-29 10:57:02 [INFO] [task_scheduler.cc:131] [Task #12: fused_nn_contrib_conv2d_NCHWc_add_nn_relu_12] Trial #39: GFLOPs: 7.2502. Time: 2160.9551 us. Best GFLOPs: 138.8307
2024-04-29 10:57:02 [INFO] [task_scheduler.cc:131] [Task #12: fused_nn_contrib_conv2d_NCHWc_add_nn_relu_12] Trial #40: GFLOPs: 11.6859. Time: 1340.7152 us. Best GFLOPs: 138.8307
2024-04-29 10:57:02 [INFO] [task_scheduler.cc:131] [Task #12: fused_nn_contrib_conv2d_NCHWc_add_nn_relu_12] Trial #41: GFLOPs: 8.7330. Time: 1794.0467 us. Best GFLOPs: 138.8307
2024-04-29 10:57:02 [INFO] [task_scheduler.cc:131] [Task #12: fused_nn_contrib_conv2d_NCHWc_add_nn_relu_12] Trial #42: GFLOPs: 16.4679. Time: 951.3951 us. Best GFLOPs: 138.8307
2024-04-29 10:57:02 [INFO] [task_scheduler.cc:131] [Task #12: fused_nn_contrib_conv2d_NCHWc_add_nn_relu_12] Trial #43: GFLOPs: 36.1461. Time: 433.4479 us. Best GFLOPs: 138.8307
2024-04-29 10:57:02 [INFO] [task_scheduler.cc:131] [Task #12: fused_nn_contrib_conv2d_NCHWc_add_nn_relu_12] Trial #44: GFLOPs: 17.6983. Time: 885.2500 us. Best GFLOPs: 138.8307
2024-04-29 10:57:02 [INFO] [task_scheduler.cc:131] [Task #12: fused_nn_contrib_conv2d_NCHWc_add_nn_relu_12] Trial #45: GFLOPs: 41.5922. Time: 376.6919 us. Best GFLOPs: 138.8307
2024-04-29 10:57:02 [INFO] [task_scheduler.cc:131] [Task #12: fused_nn_contrib_conv2d_NCHWc_add_nn_relu_12] Trial #46: GFLOPs: 16.5766. Time: 945.1535 us. Best GFLOPs: 138.8307
2024-04-29 10:57:02 [INFO] [task_scheduler.cc:131] [Task #12: fused_nn_contrib_conv2d_NCHWc_add_nn_relu_12] Trial #47: GFLOPs: 6.1226. Time: 2558.9685 us. Best GFLOPs: 138.8307
2024-04-29 10:57:02 [INFO] [task_scheduler.cc:131] [Task #12: fused_nn_contrib_conv2d_NCHWc_add_nn_relu_12] Trial #48: GFLOPs: 126.4180. Time: 123.9337 us. Best GFLOPs: 138.8307
2024-04-29 10:57:02 [INFO] [task_scheduler.cc:131] [Task #12: fused_nn_contrib_conv2d_NCHWc_add_nn_relu_12] Trial #49: GFLOPs: 26.7843. Time: 584.9487 us. Best GFLOPs: 138.8307
2024-04-29 10:57:02 [INFO] [task_scheduler.cc:131] [Task #12: fused_nn_contrib_conv2d_NCHWc_add_nn_relu_12] Trial #50: GFLOPs: 35.2811. Time: 444.0751 us. Best GFLOPs: 138.8307
2024-04-29 10:57:02 [INFO] [task_scheduler.cc:131] [Task #12: fused_nn_contrib_conv2d_NCHWc_add_nn_relu_12] Trial #51: GFLOPs: 7.5484. Time: 2075.6045 us. Best GFLOPs: 138.8307
2024-04-29 10:57:02 [INFO] [task_scheduler.cc:131] [Task #12: fused_nn_contrib_conv2d_NCHWc_add_nn_relu_12] Trial #52: GFLOPs: 35.2310. Time: 444.7069 us. Best GFLOPs: 138.8307
2024-04-29 10:57:02 [INFO] [task_scheduler.cc:131] [Task #12: fused_nn_contrib_conv2d_NCHWc_add_nn_relu_12] Trial #53: GFLOPs: 18.8300. Time: 832.0479 us. Best GFLOPs: 138.8307
2024-04-29 10:57:02 [INFO] [task_scheduler.cc:131] [Task #12: fused_nn_contrib_conv2d_NCHWc_add_nn_relu_12] Trial #54: GFLOPs: 57.8815. Time: 270.6818 us. Best GFLOPs: 138.8307
2024-04-29 10:57:02 [INFO] [task_scheduler.cc:131] [Task #12: fused_nn_contrib_conv2d_NCHWc_add_nn_relu_12] Trial #55: GFLOPs: 2.3525. Time: 6659.9834 us. Best GFLOPs: 138.8307
2024-04-29 10:57:02 [INFO] [task_scheduler.cc:121] [Task #12: fused_nn_contrib_conv2d_NCHWc_add_nn_relu_12] Trial #56: Error in building:
LocalBuilder: Timeout, killed after 30.0 seconds
# from tvm.script import ir as I
# from tvm.script import tir as T

@I.ir_module
class Module:
    @T.prim_func
    def main(p0: T.Buffer((T.int64(1), T.int64(312), T.int64(7), T.int64(7), T.int64(4)), "float32"), p1: T.Buffer((T.int64(32), T.int64(312), T.int64(1), T.int64(1), T.int64(4), T.int64(4)), "float32"), p2: T.Buffer((T.int64(1), T.int64(32), T.int64(1), T.int64(1), T.int64(4)), "float32"), T_relu: T.Buffer((T.int64(1), T.int64(32), T.int64(7), T.int64(7), T.int64(4)), "float32")):
        T.func_attr({"tir.noalias": T.bool(True)})
        # with T.block("root"):
        conv2d_NCHWc = T.alloc_buffer((T.int64(1), T.int64(32), T.int64(7), T.int64(7), T.int64(4)))
        for n_0_oc_chunk_0_oh_0_ow_0_oc_block_0_n_1_oc_chunk_1_oh_1_ow_1_oc_block_1_fused in T.parallel(T.int64(4), annotations={"pragma_auto_unroll_max_step": 512, "pragma_unroll_explicit": 1}):
            for n_2_init, oc_chunk_2_init, oh_2_init, ow_2_init, oc_block_2_init, n_3_init, oc_chunk_3_init, oh_3_init, ow_3_init, oc_block_3_init in T.grid(T.int64(1), T.int64(4), T.int64(7), T.int64(1), T.int64(2), T.int64(1), T.int64(4), T.int64(1), T.int64(7), T.int64(1)):
                with T.block("conv2d_NCHWc_init"):
                    v_n = T.axis.spatial(T.int64(1), n_2_init + n_3_init)
                    v_oc_chunk = T.axis.spatial(T.int64(32), n_0_oc_chunk_0_oh_0_ow_0_oc_block_0_n_1_oc_chunk_1_oh_1_ow_1_oc_block_1_fused // T.int64(2) * T.int64(16) + oc_chunk_2_init * T.int64(4) + oc_chunk_3_init)
                    v_oh = T.axis.spatial(T.int64(7), oh_2_init + oh_3_init)
                    v_ow = T.axis.spatial(T.int64(7), ow_2_init * T.int64(7) + ow_3_init)
                    v_oc_block = T.axis.spatial(T.int64(4), n_0_oc_chunk_0_oh_0_ow_0_oc_block_0_n_1_oc_chunk_1_oh_1_ow_1_oc_block_1_fused % T.int64(2) * T.int64(2) + oc_block_2_init + oc_block_3_init)
                    T.reads()
                    T.writes(conv2d_NCHWc[v_n, v_oc_chunk, v_oh, v_ow, v_oc_block])
                    T.block_attr({"meta_schedule.tiling_structure": "SSRSRS"})
                    conv2d_NCHWc[v_n, v_oc_chunk, v_oh, v_ow, v_oc_block] = T.float32(0)
            for ic_0, kh_0, kw_0, n_2, oc_chunk_2, oh_2, ow_2, oc_block_2, ic_1, kh_1, kw_1, n_3, oc_chunk_3, oh_3, ow_3, oc_block_3 in T.grid(T.int64(1248), T.int64(1), T.int64(1), T.int64(1), T.int64(4), T.int64(7), T.int64(1), T.int64(2), T.int64(1), T.int64(1), T.int64(1), T.int64(1), T.int64(4), T.int64(1), T.int64(7), T.int64(1)):
                with T.block("conv2d_NCHWc_update"):
                    v_n = T.axis.spatial(T.int64(1), n_2 + n_3)
                    v_oc_chunk = T.axis.spatial(T.int64(32), n_0_oc_chunk_0_oh_0_ow_0_oc_block_0_n_1_oc_chunk_1_oh_1_ow_1_oc_block_1_fused // T.int64(2) * T.int64(16) + oc_chunk_2 * T.int64(4) + oc_chunk_3)
                    v_oh = T.axis.spatial(T.int64(7), oh_2 + oh_3)
                    v_ow = T.axis.spatial(T.int64(7), ow_2 * T.int64(7) + ow_3)
                    v_oc_block = T.axis.spatial(T.int64(4), n_0_oc_chunk_0_oh_0_ow_0_oc_block_0_n_1_oc_chunk_1_oh_1_ow_1_oc_block_1_fused % T.int64(2) * T.int64(2) + oc_block_2 + oc_block_3)
                    v_ic = T.axis.reduce(T.int64(1248), ic_0 + ic_1)
                    v_kh = T.axis.reduce(T.int64(1), kh_0 + kh_1)
                    v_kw = T.axis.reduce(T.int64(1), kw_0 + kw_1)
                    T.reads(conv2d_NCHWc[v_n, v_oc_chunk, v_oh, v_ow, v_oc_block], p0[v_n, v_ic // T.int64(4), v_oh + v_kh, v_ow + v_kw, v_ic % T.int64(4)], p1[v_oc_chunk, v_ic // T.int64(4), v_kh, v_kw, v_ic % T.int64(4), v_oc_block])
                    T.writes(conv2d_NCHWc[v_n, v_oc_chunk, v_oh, v_ow, v_oc_block])
                    T.block_attr({"meta_schedule.tiling_structure": "SSRSRS"})
                    conv2d_NCHWc[v_n, v_oc_chunk, v_oh, v_ow, v_oc_block] = conv2d_NCHWc[v_n, v_oc_chunk, v_oh, v_ow, v_oc_block] + p0[v_n, v_ic // T.int64(4), v_oh + v_kh, v_ow + v_kw, v_ic % T.int64(4)] * p1[v_oc_chunk, v_ic // T.int64(4), v_kh, v_kw, v_ic % T.int64(4), v_oc_block]
        for ax0_ax1_ax2_ax3_ax4_fused_0 in T.parallel(T.int64(98)):
            for ax0_ax1_ax2_ax3_ax4_fused_1 in T.vectorized(T.int64(64)):
                with T.block("T_relu"):
                    v_ax0 = T.axis.spatial(T.int64(1), T.int64(0))
                    v_ax1 = T.axis.spatial(T.int64(32), (ax0_ax1_ax2_ax3_ax4_fused_0 * T.int64(64) + ax0_ax1_ax2_ax3_ax4_fused_1) // T.int64(196))
                    v_ax2 = T.axis.spatial(T.int64(7), (ax0_ax1_ax2_ax3_ax4_fused_0 * T.int64(64) + ax0_ax1_ax2_ax3_ax4_fused_1) % T.int64(196) // T.int64(28))
                    v_ax3 = T.axis.spatial(T.int64(7), (ax0_ax1_ax2_ax3_ax4_fused_0 * T.int64(64) + ax0_ax1_ax2_ax3_ax4_fused_1) % T.int64(28) // T.int64(4))
                    v_ax4 = T.axis.spatial(T.int64(4), (ax0_ax1_ax2_ax3_ax4_fused_0 * T.int64(64) + ax0_ax1_ax2_ax3_ax4_fused_1) % T.int64(4))
                    T.reads(conv2d_NCHWc[v_ax0, v_ax1, v_ax2, v_ax3, v_ax4], p2[v_ax0, v_ax1, T.int64(0), T.int64(0), v_ax4])
                    T.writes(T_relu[v_ax0, v_ax1, v_ax2, v_ax3, v_ax4])
                    T_relu[v_ax0, v_ax1, v_ax2, v_ax3, v_ax4] = T.max(conv2d_NCHWc[v_ax0, v_ax1, v_ax2, v_ax3, v_ax4] + p2[v_ax0, v_ax1, T.int64(0), T.int64(0), v_ax4], T.float32(0))
b0 = sch.get_block(name="conv2d_NCHWc", func_name="main")
b1 = sch.get_block(name="T_add", func_name="main")
b2 = sch.get_block(name="root", func_name="main")
sch.compute_inline(block=b1)
sch.annotate(block_or_loop=b0, ann_key="meta_schedule.tiling_structure", ann_val="SSRSRS")
l3, l4, l5, l6, l7, l8, l9, l10 = sch.get_loops(block=b0)
v11, v12, v13, v14 = sch.sample_perfect_tile(loop=l3, n=4, max_innermost_factor=64, decision=[1, 1, 1, 1])
l15, l16, l17, l18 = sch.split(loop=l3, factors=[v11, v12, v13, v14], preserve_unit_iters=True)
v19, v20, v21, v22 = sch.sample_perfect_tile(loop=l4, n=4, max_innermost_factor=64, decision=[2, 1, 4, 4])
l23, l24, l25, l26 = sch.split(loop=l4, factors=[v19, v20, v21, v22], preserve_unit_iters=True)
v27, v28, v29, v30 = sch.sample_perfect_tile(loop=l5, n=4, max_innermost_factor=64, decision=[1, 1, 7, 1])
l31, l32, l33, l34 = sch.split(loop=l5, factors=[v27, v28, v29, v30], preserve_unit_iters=True)
v35, v36, v37, v38 = sch.sample_perfect_tile(loop=l6, n=4, max_innermost_factor=64, decision=[1, 1, 1, 7])
l39, l40, l41, l42 = sch.split(loop=l6, factors=[v35, v36, v37, v38], preserve_unit_iters=True)
v43, v44, v45, v46 = sch.sample_perfect_tile(loop=l7, n=4, max_innermost_factor=64, decision=[2, 1, 2, 1])
l47, l48, l49, l50 = sch.split(loop=l7, factors=[v43, v44, v45, v46], preserve_unit_iters=True)
v51, v52 = sch.sample_perfect_tile(loop=l8, n=2, max_innermost_factor=64, decision=[1248, 1])
l53, l54 = sch.split(loop=l8, factors=[v51, v52], preserve_unit_iters=True)
v55, v56 = sch.sample_perfect_tile(loop=l9, n=2, max_innermost_factor=64, decision=[1, 1])
l57, l58 = sch.split(loop=l9, factors=[v55, v56], preserve_unit_iters=True)
v59, v60 = sch.sample_perfect_tile(loop=l10, n=2, max_innermost_factor=64, decision=[1, 1])
l61, l62 = sch.split(loop=l10, factors=[v59, v60], preserve_unit_iters=True)
sch.reorder(l15, l23, l31, l39, l47, l16, l24, l32, l40, l48, l53, l57, l61, l17, l25, l33, l41, l49, l54, l58, l62, l18, l26, l34, l42, l50)
sch.annotate(block_or_loop=b2, ann_key="meta_schedule.parallel", ann_val=768)
sch.annotate(block_or_loop=b2, ann_key="meta_schedule.vectorize", ann_val=64)
v63 = sch.sample_categorical(candidates=[0, 16, 64, 512], probs=[0.25, 0.25, 0.25, 0.25], decision=3)
sch.annotate(block_or_loop=b2, ann_key="meta_schedule.unroll_explicit", ann_val=v63)
sch.enter_postproc()
b64 = sch.get_block(name="root", func_name="main")
sch.unannotate(block_or_loop=b64, ann_key="meta_schedule.parallel")
sch.unannotate(block_or_loop=b64, ann_key="meta_schedule.vectorize")
sch.unannotate(block_or_loop=b64, ann_key="meta_schedule.unroll_explicit")
b65, b66 = sch.get_child_blocks(b64)
l67, l68, l69, l70, l71, l72, l73, l74, l75, l76, l77, l78, l79, l80, l81, l82, l83, l84, l85, l86, l87, l88, l89, l90, l91, l92 = sch.get_loops(block=b65)
l93 = sch.fuse(l67, l68, l69, l70, l71, l72, l73, l74, l75, l76, preserve_unit_iters=True)
sch.parallel(loop=l93)
sch.annotate(block_or_loop=l93, ann_key="pragma_auto_unroll_max_step", ann_val=512)
sch.annotate(block_or_loop=l93, ann_key="pragma_unroll_explicit", ann_val=1)
l94, l95, l96, l97, l98 = sch.get_loops(block=b66)
l99 = sch.fuse(l94, l95, l96, l97, l98, preserve_unit_iters=True)
l100, l101 = sch.split(loop=l99, factors=[None, 64], preserve_unit_iters=True)
sch.parallel(loop=l100)
sch.vectorize(loop=l101)
b102 = sch.get_block(name="conv2d_NCHWc", func_name="main")
l103, l104, l105, l106, l107, l108, l109, l110, l111, l112, l113, l114, l115, l116, l117, l118, l119 = sch.get_loops(block=b102)
b120 = sch.decompose_reduction(block=b102, loop=l104)
2024-04-29 10:57:02 [INFO] [task_scheduler.cc:131] [Task #12: fused_nn_contrib_conv2d_NCHWc_add_nn_relu_12] Trial #57: GFLOPs: 56.2571. Time: 278.4973 us. Best GFLOPs: 138.8307
2024-04-29 10:57:02 [INFO] [task_scheduler.cc:131] [Task #12: fused_nn_contrib_conv2d_NCHWc_add_nn_relu_12] Trial #58: GFLOPs: 48.2730. Time: 324.5594 us. Best GFLOPs: 138.8307
2024-04-29 10:57:02 [INFO] [task_scheduler.cc:131] [Task #12: fused_nn_contrib_conv2d_NCHWc_add_nn_relu_12] Trial #59: GFLOPs: 4.1722. Time: 3755.2384 us. Best GFLOPs: 138.8307
2024-04-29 10:57:02 [INFO] [task_scheduler.cc:131] [Task #12: fused_nn_contrib_conv2d_NCHWc_add_nn_relu_12] Trial #60: GFLOPs: 65.7737. Time: 238.2023 us. Best GFLOPs: 138.8307
2024-04-29 10:57:02 [INFO] [task_scheduler.cc:131] [Task #12: fused_nn_contrib_conv2d_NCHWc_add_nn_relu_12] Trial #61: GFLOPs: 20.9199. Time: 748.9269 us. Best GFLOPs: 138.8307
2024-04-29 10:57:02 [INFO] [task_scheduler.cc:131] [Task #12: fused_nn_contrib_conv2d_NCHWc_add_nn_relu_12] Trial #62: GFLOPs: 7.9701. Time: 1965.7764 us. Best GFLOPs: 138.8307
2024-04-29 10:57:02 [INFO] [task_scheduler.cc:131] [Task #12: fused_nn_contrib_conv2d_NCHWc_add_nn_relu_12] Trial #63: GFLOPs: 89.6981. Time: 174.6687 us. Best GFLOPs: 138.8307
2024-04-29 10:57:02 [INFO] [task_scheduler.cc:131] [Task #12: fused_nn_contrib_conv2d_NCHWc_add_nn_relu_12] Trial #64: GFLOPs: 63.4374. Time: 246.9751 us. Best GFLOPs: 138.8307
