2024-04-29 05:30:23 [INFO] [task_scheduler.cc:160] Initializing Task #28: "fused_nn_softmax"
2024-04-29 05:30:23 [INFO] [task_scheduler.cc:35] 
# from tvm.script import ir as I
# from tvm.script import tir as T

@I.ir_module
class Module:
    @T.prim_func
    def main(p0: T.Buffer((T.int64(1), T.int64(1000)), "float32"), T_softmax_norm: T.Buffer((T.int64(1), T.int64(1000)), "float32")):
        T.func_attr({"tir.noalias": T.bool(True)})
        # with T.block("root"):
        T_softmax_maxelem = T.alloc_buffer((T.int64(1),))
        T_softmax_exp = T.alloc_buffer((T.int64(1), T.int64(1000)))
        T_softmax_expsum = T.alloc_buffer((T.int64(1),))
        for i0, k in T.grid(T.int64(1), T.int64(1000)):
            with T.block("T_softmax_maxelem"):
                v_i0, v_k = T.axis.remap("SR", [i0, k])
                T.reads(p0[v_i0, v_k])
                T.writes(T_softmax_maxelem[v_i0])
                with T.init():
                    T_softmax_maxelem[v_i0] = T.float32(-3.4028234663852886e+38)
                T_softmax_maxelem[v_i0] = T.max(T_softmax_maxelem[v_i0], p0[v_i0, v_k])
        for i0, i1 in T.grid(T.int64(1), T.int64(1000)):
            with T.block("T_softmax_exp"):
                v_i0, v_i1 = T.axis.remap("SS", [i0, i1])
                T.reads(p0[v_i0, v_i1], T_softmax_maxelem[v_i0])
                T.writes(T_softmax_exp[v_i0, v_i1])
                T_softmax_exp[v_i0, v_i1] = T.exp(p0[v_i0, v_i1] - T_softmax_maxelem[v_i0])
        for i0, k in T.grid(T.int64(1), T.int64(1000)):
            with T.block("T_softmax_expsum"):
                v_i0, v_k = T.axis.remap("SR", [i0, k])
                T.reads(T_softmax_exp[v_i0, v_k])
                T.writes(T_softmax_expsum[v_i0])
                with T.init():
                    T_softmax_expsum[v_i0] = T.float32(0)
                T_softmax_expsum[v_i0] = T_softmax_expsum[v_i0] + T_softmax_exp[v_i0, v_k]
        for i0, i1 in T.grid(T.int64(1), T.int64(1000)):
            with T.block("T_softmax_norm"):
                v_i0, v_i1 = T.axis.remap("SS", [i0, i1])
                T.reads(T_softmax_exp[v_i0, v_i1], T_softmax_expsum[v_i0])
                T.writes(T_softmax_norm[v_i0, v_i1])
                T.block_attr({"axis": 1})
                T_softmax_norm[v_i0, v_i1] = T_softmax_exp[v_i0, v_i1] / T_softmax_expsum[v_i0]
2024-04-29 05:30:23 [INFO] [task_scheduler.cc:164] Total 4 design space(s) generated
2024-04-29 05:30:23 [INFO] [task_scheduler.cc:170] Design space #0:
# from tvm.script import ir as I
# from tvm.script import tir as T

@I.ir_module
class Module:
    @T.prim_func
    def main(p0: T.Buffer((T.int64(1), T.int64(1000)), "float32"), T_softmax_norm: T.Buffer((T.int64(1), T.int64(1000)), "float32")):
        T.func_attr({"tir.noalias": T.bool(True)})
        with T.block("root"):
            T.reads()
            T.writes()
            T.block_attr({"meta_schedule.unroll_explicit": 0})
            T_softmax_maxelem = T.alloc_buffer((T.int64(1),))
            T_softmax_expsum = T.alloc_buffer((T.int64(1),))
            for i0_fused_0 in T.thread_binding(T.int64(1), thread="blockIdx.x"):
                for i0_fused_1 in T.thread_binding(T.int64(1), thread="threadIdx.x"):
                    for k in range(T.int64(1000)):
                        with T.block("T_softmax_maxelem"):
                            v_i0 = T.axis.spatial(T.int64(1), T.int64(0))
                            v_k = T.axis.reduce(T.int64(1000), k)
                            T.reads(p0[v_i0, v_k])
                            T.writes(T_softmax_maxelem[v_i0])
                            with T.init():
                                T_softmax_maxelem[v_i0] = T.float32(-3.4028234663852886e+38)
                            T_softmax_maxelem[v_i0] = T.max(T_softmax_maxelem[v_i0], p0[v_i0, v_k])
            for i0_fused_0 in T.thread_binding(T.int64(1), thread="blockIdx.x"):
                for i0_fused_1 in T.thread_binding(T.int64(1), thread="threadIdx.x"):
                    for k in range(T.int64(1000)):
                        with T.block("T_softmax_expsum"):
                            v_i0 = T.axis.spatial(T.int64(1), T.int64(0))
                            v_k = T.axis.reduce(T.int64(1000), k)
                            T.reads(p0[v_i0, v_k], T_softmax_maxelem[v_i0])
                            T.writes(T_softmax_expsum[v_i0])
                            with T.init():
                                T_softmax_expsum[v_i0] = T.float32(0)
                            T_softmax_expsum[v_i0] = T_softmax_expsum[v_i0] + T.exp(p0[v_i0, v_k] - T_softmax_maxelem[v_i0])
            for i0_i1_fused_0 in T.thread_binding(T.int64(8), thread="blockIdx.x"):
                for i0_i1_fused_1 in T.thread_binding(T.int64(128), thread="threadIdx.x"):
                    with T.block("T_softmax_norm"):
                        v_i0 = T.axis.spatial(T.int64(1), T.int64(0))
                        v_i1 = T.axis.spatial(T.int64(1000), i0_i1_fused_0 * T.int64(128) + i0_i1_fused_1)
                        T.where(i0_i1_fused_0 * T.int64(128) + i0_i1_fused_1 < T.int64(1000))
                        T.reads(p0[v_i0, v_i1], T_softmax_maxelem[v_i0], T_softmax_expsum[v_i0])
                        T.writes(T_softmax_norm[v_i0, v_i1])
                        T.block_attr({"axis": 1})
                        T_softmax_norm[v_i0, v_i1] = T.exp(p0[v_i0, v_i1] - T_softmax_maxelem[v_i0]) / T_softmax_expsum[v_i0]
b0 = sch.get_block(name="T_softmax_maxelem", func_name="main")
b1 = sch.get_block(name="T_softmax_exp", func_name="main")
b2 = sch.get_block(name="T_softmax_expsum", func_name="main")
b3 = sch.get_block(name="T_softmax_norm", func_name="main")
b4 = sch.get_block(name="root", func_name="main")
sch.compute_inline(block=b1)
v5 = sch.sample_categorical(candidates=[0, 16, 64, 512, 1024], probs=[0.20000000000000001, 0.20000000000000001, 0.20000000000000001, 0.20000000000000001, 0.20000000000000001], decision=0)
sch.annotate(block_or_loop=b4, ann_key="meta_schedule.unroll_explicit", ann_val=v5)
l6, l7 = sch.get_loops(block=b3)
l8 = sch.fuse(l6, l7, preserve_unit_iters=True)
v9 = sch.sample_categorical(candidates=[32, 64, 128, 256, 512], probs=[0.20000000000000001, 0.20000000000000001, 0.20000000000000001, 0.20000000000000001, 0.20000000000000001], decision=2)
l10, l11 = sch.split(loop=l8, factors=[None, v9], preserve_unit_iters=True)
sch.bind(loop=l10, thread_axis="blockIdx.x")
sch.bind(loop=l11, thread_axis="threadIdx.x")
l12, l13 = sch.get_loops(block=b2)
l14 = sch.fuse(l12, preserve_unit_iters=True)
l15, l16 = sch.split(loop=l14, factors=[None, 1], preserve_unit_iters=True)
sch.bind(loop=l15, thread_axis="blockIdx.x")
sch.bind(loop=l16, thread_axis="threadIdx.x")
l17, l18 = sch.get_loops(block=b0)
l19 = sch.fuse(l17, preserve_unit_iters=True)
l20, l21 = sch.split(loop=l19, factors=[None, 1], preserve_unit_iters=True)
sch.bind(loop=l20, thread_axis="blockIdx.x")
sch.bind(loop=l21, thread_axis="threadIdx.x")
2024-04-29 05:30:23 [INFO] [task_scheduler.cc:170] Design space #1:
# from tvm.script import ir as I
# from tvm.script import tir as T

@I.ir_module
class Module:
    @T.prim_func
    def main(p0: T.Buffer((T.int64(1), T.int64(1000)), "float32"), T_softmax_norm: T.Buffer((T.int64(1), T.int64(1000)), "float32")):
        T.func_attr({"tir.noalias": T.bool(True)})
        with T.block("root"):
            T.reads()
            T.writes()
            T.block_attr({"meta_schedule.unroll_explicit": 0})
            T_softmax_maxelem = T.alloc_buffer((T.int64(1),))
            T_softmax_expsum = T.alloc_buffer((T.int64(1),))
            for i0_fused in T.thread_binding(T.int64(1), thread="blockIdx.x"):
                for k_0 in range(T.int64(4)):
                    for k_1 in T.thread_binding(T.int64(256), thread="threadIdx.x"):
                        with T.block("T_softmax_maxelem"):
                            v_i0 = T.axis.spatial(T.int64(1), T.int64(0))
                            v_k = T.axis.reduce(T.int64(1000), k_0 * T.int64(256) + k_1)
                            T.where(k_0 * T.int64(256) + k_1 < T.int64(1000))
                            T.reads(p0[v_i0, v_k])
                            T.writes(T_softmax_maxelem[v_i0])
                            with T.init():
                                T_softmax_maxelem[v_i0] = T.float32(-3.4028234663852886e+38)
                            T_softmax_maxelem[v_i0] = T.max(T_softmax_maxelem[v_i0], p0[v_i0, v_k])
            for i0_fused_0 in T.thread_binding(T.int64(1), thread="blockIdx.x"):
                for i0_fused_1 in T.thread_binding(T.int64(1), thread="threadIdx.x"):
                    for k in range(T.int64(1000)):
                        with T.block("T_softmax_expsum"):
                            v_i0 = T.axis.spatial(T.int64(1), T.int64(0))
                            v_k = T.axis.reduce(T.int64(1000), k)
                            T.reads(p0[v_i0, v_k], T_softmax_maxelem[v_i0])
                            T.writes(T_softmax_expsum[v_i0])
                            with T.init():
                                T_softmax_expsum[v_i0] = T.float32(0)
                            T_softmax_expsum[v_i0] = T_softmax_expsum[v_i0] + T.exp(p0[v_i0, v_k] - T_softmax_maxelem[v_i0])
            for i0_i1_fused_0 in T.thread_binding(T.int64(16), thread="blockIdx.x"):
                for i0_i1_fused_1 in T.thread_binding(T.int64(64), thread="threadIdx.x"):
                    with T.block("T_softmax_norm"):
                        v_i0 = T.axis.spatial(T.int64(1), T.int64(0))
                        v_i1 = T.axis.spatial(T.int64(1000), i0_i1_fused_0 * T.int64(64) + i0_i1_fused_1)
                        T.where(i0_i1_fused_0 * T.int64(64) + i0_i1_fused_1 < T.int64(1000))
                        T.reads(p0[v_i0, v_i1], T_softmax_maxelem[v_i0], T_softmax_expsum[v_i0])
                        T.writes(T_softmax_norm[v_i0, v_i1])
                        T.block_attr({"axis": 1})
                        T_softmax_norm[v_i0, v_i1] = T.exp(p0[v_i0, v_i1] - T_softmax_maxelem[v_i0]) / T_softmax_expsum[v_i0]
b0 = sch.get_block(name="T_softmax_maxelem", func_name="main")
b1 = sch.get_block(name="T_softmax_exp", func_name="main")
b2 = sch.get_block(name="T_softmax_expsum", func_name="main")
b3 = sch.get_block(name="T_softmax_norm", func_name="main")
b4 = sch.get_block(name="root", func_name="main")
sch.compute_inline(block=b1)
v5 = sch.sample_categorical(candidates=[4, 8, 16, 32, 64, 128, 256, 512], probs=[0.125, 0.125, 0.125, 0.125, 0.125, 0.125, 0.125, 0.125], decision=6)
l6, l7 = sch.get_loops(block=b0)
l8, l9 = sch.split(loop=l7, factors=[None, v5], preserve_unit_iters=True)
sch.bind(loop=l9, thread_axis="threadIdx.x")
v10 = sch.sample_categorical(candidates=[0, 16, 64, 512, 1024], probs=[0.20000000000000001, 0.20000000000000001, 0.20000000000000001, 0.20000000000000001, 0.20000000000000001], decision=0)
sch.annotate(block_or_loop=b4, ann_key="meta_schedule.unroll_explicit", ann_val=v10)
l11, l12 = sch.get_loops(block=b3)
l13 = sch.fuse(l11, l12, preserve_unit_iters=True)
v14 = sch.sample_categorical(candidates=[32, 64, 128, 256, 512], probs=[0.20000000000000001, 0.20000000000000001, 0.20000000000000001, 0.20000000000000001, 0.20000000000000001], decision=1)
l15, l16 = sch.split(loop=l13, factors=[None, v14], preserve_unit_iters=True)
sch.bind(loop=l15, thread_axis="blockIdx.x")
sch.bind(loop=l16, thread_axis="threadIdx.x")
l17, l18 = sch.get_loops(block=b2)
l19 = sch.fuse(l17, preserve_unit_iters=True)
l20, l21 = sch.split(loop=l19, factors=[None, 1], preserve_unit_iters=True)
sch.bind(loop=l20, thread_axis="blockIdx.x")
sch.bind(loop=l21, thread_axis="threadIdx.x")
l22, l23, l24 = sch.get_loops(block=b0)
l25 = sch.fuse(l22, preserve_unit_iters=True)
sch.bind(loop=l25, thread_axis="blockIdx.x")
2024-04-29 05:30:23 [INFO] [task_scheduler.cc:170] Design space #2:
# from tvm.script import ir as I
# from tvm.script import tir as T

@I.ir_module
class Module:
    @T.prim_func
    def main(p0: T.Buffer((T.int64(1), T.int64(1000)), "float32"), T_softmax_norm: T.Buffer((T.int64(1), T.int64(1000)), "float32")):
        T.func_attr({"tir.noalias": T.bool(True)})
        with T.block("root"):
            T.reads()
            T.writes()
            T.block_attr({"meta_schedule.unroll_explicit": 64})
            T_softmax_maxelem = T.alloc_buffer((T.int64(1),))
            T_softmax_expsum_shared = T.alloc_buffer((T.int64(1),), scope="shared")
            for i0_fused_0 in T.thread_binding(T.int64(1), thread="blockIdx.x"):
                for i0_fused_1 in T.thread_binding(T.int64(1), thread="threadIdx.x"):
                    for k in range(T.int64(1000)):
                        with T.block("T_softmax_maxelem"):
                            v_i0 = T.axis.spatial(T.int64(1), T.int64(0))
                            v_k = T.axis.reduce(T.int64(1000), k)
                            T.reads(p0[v_i0, v_k])
                            T.writes(T_softmax_maxelem[v_i0])
                            with T.init():
                                T_softmax_maxelem[v_i0] = T.float32(-3.4028234663852886e+38)
                            T_softmax_maxelem[v_i0] = T.max(T_softmax_maxelem[v_i0], p0[v_i0, v_k])
            for i0_fused in T.thread_binding(T.int64(1), thread="blockIdx.x"):
                for ax0, ax1_0 in T.grid(T.int64(1), T.int64(8)):
                    for ax1_1 in T.thread_binding(T.int64(128), thread="threadIdx.x"):
                        with T.block("T_softmax_expsum"):
                            v_i0 = T.axis.spatial(T.int64(1), ax0)
                            v_k = T.axis.reduce(T.int64(1000), ax1_0 * T.int64(128) + ax1_1)
                            T.where(ax1_0 * T.int64(128) + ax1_1 < T.int64(1000))
                            T.reads(p0[v_i0, v_k], T_softmax_maxelem[v_i0])
                            T.writes(T_softmax_expsum_shared[v_i0])
                            with T.init():
                                T_softmax_expsum_shared[v_i0] = T.float32(0)
                            T_softmax_expsum_shared[v_i0] = T_softmax_expsum_shared[v_i0] + T.exp(p0[v_i0, v_k] - T_softmax_maxelem[v_i0])
                for i1_0 in range(T.int64(8)):
                    for i1_1 in T.thread_binding(T.int64(128), thread="threadIdx.x"):
                        with T.block("T_softmax_norm"):
                            v_i0 = T.axis.spatial(T.int64(1), T.int64(0))
                            v_i1 = T.axis.spatial(T.int64(1000), i1_0 * T.int64(128) + i1_1)
                            T.where(i1_0 * T.int64(128) + i1_1 < T.int64(1000))
                            T.reads(p0[v_i0, v_i1], T_softmax_maxelem[v_i0], T_softmax_expsum_shared[v_i0])
                            T.writes(T_softmax_norm[v_i0, v_i1])
                            T.block_attr({"axis": 1})
                            T_softmax_norm[v_i0, v_i1] = T.exp(p0[v_i0, v_i1] - T_softmax_maxelem[v_i0]) / T_softmax_expsum_shared[v_i0]
b0 = sch.get_block(name="T_softmax_maxelem", func_name="main")
b1 = sch.get_block(name="T_softmax_exp", func_name="main")
b2 = sch.get_block(name="T_softmax_expsum", func_name="main")
b3 = sch.get_block(name="T_softmax_norm", func_name="main")
b4 = sch.get_block(name="root", func_name="main")
sch.compute_inline(block=b1)
b5, = sch.get_consumers(block=b2)
l6, l7 = sch.get_loops(block=b5)
v8 = sch.sample_categorical(candidates=[4, 8, 16, 32, 64, 128, 256, 512], probs=[0.125, 0.125, 0.125, 0.125, 0.125, 0.125, 0.125, 0.125], decision=5)
l9, l10 = sch.split(loop=l7, factors=[None, v8], preserve_unit_iters=True)
sch.bind(loop=l10, thread_axis="threadIdx.x")
sch.compute_at(block=b2, loop=l6, preserve_unit_loops=True, index=-1)
sch.set_scope(block=b2, buffer_index=0, storage_scope="shared")
l11, l12, l13 = sch.get_loops(block=b2)
l14, l15 = sch.split(loop=l13, factors=[None, v8], preserve_unit_iters=True)
sch.bind(loop=l15, thread_axis="threadIdx.x")
v16 = sch.sample_categorical(candidates=[0, 16, 64, 512, 1024], probs=[0.20000000000000001, 0.20000000000000001, 0.20000000000000001, 0.20000000000000001, 0.20000000000000001], decision=2)
sch.annotate(block_or_loop=b4, ann_key="meta_schedule.unroll_explicit", ann_val=v16)
l17, l18, l19 = sch.get_loops(block=b3)
l20 = sch.fuse(l17, preserve_unit_iters=True)
sch.bind(loop=l20, thread_axis="blockIdx.x")
l21, l22 = sch.get_loops(block=b0)
l23 = sch.fuse(l21, preserve_unit_iters=True)
l24, l25 = sch.split(loop=l23, factors=[None, 1], preserve_unit_iters=True)
sch.bind(loop=l24, thread_axis="blockIdx.x")
sch.bind(loop=l25, thread_axis="threadIdx.x")
2024-04-29 05:30:23 [INFO] [task_scheduler.cc:170] Design space #3:
# from tvm.script import ir as I
# from tvm.script import tir as T

@I.ir_module
class Module:
    @T.prim_func
    def main(p0: T.Buffer((T.int64(1), T.int64(1000)), "float32"), T_softmax_norm: T.Buffer((T.int64(1), T.int64(1000)), "float32")):
        T.func_attr({"tir.noalias": T.bool(True)})
        with T.block("root"):
            T.reads()
            T.writes()
            T.block_attr({"meta_schedule.unroll_explicit": 64})
            T_softmax_maxelem_shared = T.alloc_buffer((T.int64(1),), scope="shared")
            T_softmax_expsum_shared = T.alloc_buffer((T.int64(1),), scope="shared")
            for i0_fused in T.thread_binding(T.int64(1), thread="blockIdx.x"):
                for ax0, ax1_0 in T.grid(T.int64(1), T.int64(8)):
                    for ax1_1 in T.thread_binding(T.int64(128), thread="threadIdx.x"):
                        with T.block("T_softmax_maxelem"):
                            v_i0 = T.axis.spatial(T.int64(1), ax0)
                            v_k = T.axis.reduce(T.int64(1000), ax1_0 * T.int64(128) + ax1_1)
                            T.where(ax1_0 * T.int64(128) + ax1_1 < T.int64(1000))
                            T.reads(p0[v_i0, v_k])
                            T.writes(T_softmax_maxelem_shared[v_i0])
                            with T.init():
                                T_softmax_maxelem_shared[v_i0] = T.float32(-3.4028234663852886e+38)
                            T_softmax_maxelem_shared[v_i0] = T.max(T_softmax_maxelem_shared[v_i0], p0[v_i0, v_k])
                for ax0, ax1_0 in T.grid(T.int64(1), T.int64(8)):
                    for ax1_1 in T.thread_binding(T.int64(128), thread="threadIdx.x"):
                        with T.block("T_softmax_expsum"):
                            v_i0 = T.axis.spatial(T.int64(1), ax0)
                            v_k = T.axis.reduce(T.int64(1000), ax1_0 * T.int64(128) + ax1_1)
                            T.where(ax1_0 * T.int64(128) + ax1_1 < T.int64(1000))
                            T.reads(p0[v_i0, v_k], T_softmax_maxelem_shared[v_i0])
                            T.writes(T_softmax_expsum_shared[v_i0])
                            with T.init():
                                T_softmax_expsum_shared[v_i0] = T.float32(0)
                            T_softmax_expsum_shared[v_i0] = T_softmax_expsum_shared[v_i0] + T.exp(p0[v_i0, v_k] - T_softmax_maxelem_shared[v_i0])
                for i1_0 in range(T.int64(8)):
                    for i1_1 in T.thread_binding(T.int64(128), thread="threadIdx.x"):
                        with T.block("T_softmax_norm"):
                            v_i0 = T.axis.spatial(T.int64(1), T.int64(0))
                            v_i1 = T.axis.spatial(T.int64(1000), i1_0 * T.int64(128) + i1_1)
                            T.where(i1_0 * T.int64(128) + i1_1 < T.int64(1000))
                            T.reads(p0[v_i0, v_i1], T_softmax_maxelem_shared[v_i0], T_softmax_expsum_shared[v_i0])
                            T.writes(T_softmax_norm[v_i0, v_i1])
                            T.block_attr({"axis": 1})
                            T_softmax_norm[v_i0, v_i1] = T.exp(p0[v_i0, v_i1] - T_softmax_maxelem_shared[v_i0]) / T_softmax_expsum_shared[v_i0]
b0 = sch.get_block(name="T_softmax_maxelem", func_name="main")
b1 = sch.get_block(name="T_softmax_exp", func_name="main")
b2 = sch.get_block(name="T_softmax_expsum", func_name="main")
b3 = sch.get_block(name="T_softmax_norm", func_name="main")
b4 = sch.get_block(name="root", func_name="main")
sch.compute_inline(block=b1)
b5, = sch.get_consumers(block=b2)
l6, l7 = sch.get_loops(block=b5)
v8 = sch.sample_categorical(candidates=[4, 8, 16, 32, 64, 128, 256, 512], probs=[0.125, 0.125, 0.125, 0.125, 0.125, 0.125, 0.125, 0.125], decision=5)
l9, l10 = sch.split(loop=l7, factors=[None, v8], preserve_unit_iters=True)
sch.bind(loop=l10, thread_axis="threadIdx.x")
sch.compute_at(block=b2, loop=l6, preserve_unit_loops=True, index=-1)
sch.set_scope(block=b2, buffer_index=0, storage_scope="shared")
l11, l12, l13 = sch.get_loops(block=b2)
l14, l15 = sch.split(loop=l13, factors=[None, v8], preserve_unit_iters=True)
sch.bind(loop=l15, thread_axis="threadIdx.x")
b16, b17 = sch.get_consumers(block=b0)
l18, l19, l20, l21 = sch.get_loops(block=b16)
sch.compute_at(block=b0, loop=l18, preserve_unit_loops=True, index=-1)
sch.set_scope(block=b0, buffer_index=0, storage_scope="shared")
l22, l23, l24 = sch.get_loops(block=b0)
l25, l26 = sch.split(loop=l24, factors=[None, v8], preserve_unit_iters=True)
sch.bind(loop=l26, thread_axis="threadIdx.x")
v27 = sch.sample_categorical(candidates=[0, 16, 64, 512, 1024], probs=[0.20000000000000001, 0.20000000000000001, 0.20000000000000001, 0.20000000000000001, 0.20000000000000001], decision=2)
sch.annotate(block_or_loop=b4, ann_key="meta_schedule.unroll_explicit", ann_val=v27)
l28, l29, l30 = sch.get_loops(block=b3)
l31 = sch.fuse(l28, preserve_unit_iters=True)
sch.bind(loop=l31, thread_axis="blockIdx.x")
2024-04-29 06:15:06 [INFO] [evolutionary_search.cc:713] Generating candidates......
2024-04-29 06:15:06 [INFO] [evolutionary_search.cc:715] Picked top 0 candidate(s) from database
2024-04-29 06:15:07 [INFO] [evolutionary_search.cc:533] Sample-Init-Population summary:
Postproc #0 [meta_schedule.DisallowDynamicLoop(0x14ad07d8)]: 0 failure(s)
Postproc #1 [meta_schedule.RewriteCooperativeFetch(0xf453a38)]: 0 failure(s)
Postproc #2 [meta_schedule.RewriteUnboundBlock(0xf4558d8)]: 0 failure(s)
Postproc #3 [meta_schedule.RewriteParallelVectorizeUnroll(0x100fe818)]: 0 failure(s)
Postproc #4 [meta_schedule.RewriteReductionBlock(0x13e94b58)]: 0 failure(s)
Postproc #5 [meta_schedule.VerifyGPUCode(0xf454318)]: 0 failure(s)
Postproc #6 [meta_schedule.RewriteTensorize(0xcac3e98)]: 0 failure(s)
2024-04-29 06:15:07 [INFO] [evolutionary_search.cc:723] Sampled 512 candidate(s)
2024-04-29 06:15:07 [INFO] [evolutionary_search.cc:621] Evolve iter #0 done. Summary:
Postproc #0 [meta_schedule.DisallowDynamicLoop(0x14ad07d8)]: 0 failure(s)
Postproc #1 [meta_schedule.RewriteCooperativeFetch(0xf453a38)]: 0 failure(s)
Postproc #2 [meta_schedule.RewriteUnboundBlock(0xf4558d8)]: 0 failure(s)
Postproc #3 [meta_schedule.RewriteParallelVectorizeUnroll(0x100fe818)]: 0 failure(s)
Postproc #4 [meta_schedule.RewriteReductionBlock(0x13e94b58)]: 0 failure(s)
Postproc #5 [meta_schedule.VerifyGPUCode(0xf454318)]: 0 failure(s)
Postproc #6 [meta_schedule.RewriteTensorize(0xcac3e98)]: 0 failure(s)
2024-04-29 06:15:07 [INFO] [evolutionary_search.cc:621] Evolve iter #1 done. Summary:
Postproc #0 [meta_schedule.DisallowDynamicLoop(0x14ad07d8)]: 0 failure(s)
Postproc #1 [meta_schedule.RewriteCooperativeFetch(0xf453a38)]: 0 failure(s)
Postproc #2 [meta_schedule.RewriteUnboundBlock(0xf4558d8)]: 0 failure(s)
Postproc #3 [meta_schedule.RewriteParallelVectorizeUnroll(0x100fe818)]: 0 failure(s)
Postproc #4 [meta_schedule.RewriteReductionBlock(0x13e94b58)]: 0 failure(s)
Postproc #5 [meta_schedule.VerifyGPUCode(0xf454318)]: 0 failure(s)
Postproc #6 [meta_schedule.RewriteTensorize(0xcac3e98)]: 0 failure(s)
2024-04-29 06:15:08 [INFO] [evolutionary_search.cc:621] Evolve iter #2 done. Summary:
Postproc #0 [meta_schedule.DisallowDynamicLoop(0x14ad07d8)]: 0 failure(s)
Postproc #1 [meta_schedule.RewriteCooperativeFetch(0xf453a38)]: 0 failure(s)
Postproc #2 [meta_schedule.RewriteUnboundBlock(0xf4558d8)]: 0 failure(s)
Postproc #3 [meta_schedule.RewriteParallelVectorizeUnroll(0x100fe818)]: 0 failure(s)
Postproc #4 [meta_schedule.RewriteReductionBlock(0x13e94b58)]: 0 failure(s)
Postproc #5 [meta_schedule.VerifyGPUCode(0xf454318)]: 0 failure(s)
Postproc #6 [meta_schedule.RewriteTensorize(0xcac3e98)]: 0 failure(s)
2024-04-29 06:15:08 [INFO] [evolutionary_search.cc:621] Evolve iter #3 done. Summary:
Postproc #0 [meta_schedule.DisallowDynamicLoop(0x14ad07d8)]: 0 failure(s)
Postproc #1 [meta_schedule.RewriteCooperativeFetch(0xf453a38)]: 0 failure(s)
Postproc #2 [meta_schedule.RewriteUnboundBlock(0xf4558d8)]: 0 failure(s)
Postproc #3 [meta_schedule.RewriteParallelVectorizeUnroll(0x100fe818)]: 0 failure(s)
Postproc #4 [meta_schedule.RewriteReductionBlock(0x13e94b58)]: 0 failure(s)
Postproc #5 [meta_schedule.VerifyGPUCode(0xf454318)]: 0 failure(s)
Postproc #6 [meta_schedule.RewriteTensorize(0xcac3e98)]: 0 failure(s)
2024-04-29 06:15:08 [INFO] [evolutionary_search.cc:649] Scores of the best 64 candidates:
[1 : 16]:	0.9990  0.9948  0.9864  0.9852  0.9770  0.9739  0.9729  0.9710  0.9703  0.9702  0.9699  0.9691  0.9680  0.9605  0.9521  0.9486
[17 : 32]:	0.9476  0.9448  0.9445  0.9421  0.9402  0.9307  0.9232  0.9213  0.9170  0.9101  0.9041  0.9016  0.9007  0.8984  0.8909  0.8901
[33 : 48]:	0.8897  0.8886  0.8846  0.8843  0.8828  0.8784  0.8700  0.8697  0.8666  0.8627  0.8519  0.8426  0.8398  0.8389  0.8381  0.8374
[49 : 64]:	0.8339  0.8308  0.8302  0.8204  0.8089  0.8021  0.8001  0.7973  0.7958  0.7945  0.7943  0.7915  0.7904  0.7893  0.7869  0.7843
2024-04-29 06:15:09 [INFO] [evolutionary_search.cc:727] Got 64 candidate(s) with evolutionary search
2024-04-29 06:15:09 [INFO] [evolutionary_search.cc:730] Sending 64 candidates(s) for measurement
2024-04-29 06:16:57 [INFO] [task_scheduler.cc:131] [Task #28: fused_nn_softmax] Trial #1: GFLOPs: 0.2544. Time: 15.7233 us. Best GFLOPs: 0.2544
2024-04-29 06:16:57 [INFO] [task_scheduler.cc:131] [Task #28: fused_nn_softmax] Trial #2: GFLOPs: 0.2543. Time: 15.7287 us. Best GFLOPs: 0.2544
2024-04-29 06:16:57 [INFO] [task_scheduler.cc:131] [Task #28: fused_nn_softmax] Trial #3: GFLOPs: 0.1073. Time: 37.2885 us. Best GFLOPs: 0.2544
2024-04-29 06:16:57 [INFO] [task_scheduler.cc:131] [Task #28: fused_nn_softmax] Trial #4: GFLOPs: 0.1098. Time: 36.4334 us. Best GFLOPs: 0.2544
2024-04-29 06:16:57 [INFO] [task_scheduler.cc:131] [Task #28: fused_nn_softmax] Trial #5: GFLOPs: 0.1519. Time: 26.3386 us. Best GFLOPs: 0.2544
2024-04-29 06:16:57 [INFO] [task_scheduler.cc:131] [Task #28: fused_nn_softmax] Trial #6: GFLOPs: 0.1637. Time: 24.4326 us. Best GFLOPs: 0.2544
2024-04-29 06:16:57 [INFO] [task_scheduler.cc:131] [Task #28: fused_nn_softmax] Trial #7: GFLOPs: 0.1063. Time: 37.6361 us. Best GFLOPs: 0.2544
2024-04-29 06:16:57 [INFO] [task_scheduler.cc:131] [Task #28: fused_nn_softmax] Trial #8: GFLOPs: 0.1096. Time: 36.4946 us. Best GFLOPs: 0.2544
2024-04-29 06:16:57 [INFO] [task_scheduler.cc:131] [Task #28: fused_nn_softmax] Trial #9: GFLOPs: 0.1094. Time: 36.5665 us. Best GFLOPs: 0.2544
2024-04-29 06:16:57 [INFO] [task_scheduler.cc:131] [Task #28: fused_nn_softmax] Trial #10: GFLOPs: 0.1575. Time: 25.3920 us. Best GFLOPs: 0.2544
2024-04-29 06:16:57 [INFO] [task_scheduler.cc:131] [Task #28: fused_nn_softmax] Trial #11: GFLOPs: 0.0866. Time: 46.2016 us. Best GFLOPs: 0.2544
2024-04-29 06:16:57 [INFO] [task_scheduler.cc:131] [Task #28: fused_nn_softmax] Trial #12: GFLOPs: 1.1379. Time: 3.5153 us. Best GFLOPs: 1.1379
2024-04-29 06:16:57 [INFO] [task_scheduler.cc:131] [Task #28: fused_nn_softmax] Trial #13: GFLOPs: 0.1556. Time: 25.7119 us. Best GFLOPs: 1.1379
2024-04-29 06:16:57 [INFO] [task_scheduler.cc:131] [Task #28: fused_nn_softmax] Trial #14: GFLOPs: 0.1543. Time: 25.9287 us. Best GFLOPs: 1.1379
2024-04-29 06:16:57 [INFO] [task_scheduler.cc:131] [Task #28: fused_nn_softmax] Trial #15: GFLOPs: 0.1051. Time: 38.0599 us. Best GFLOPs: 1.1379
2024-04-29 06:16:57 [INFO] [task_scheduler.cc:131] [Task #28: fused_nn_softmax] Trial #16: GFLOPs: 0.1083. Time: 36.9276 us. Best GFLOPs: 1.1379
2024-04-29 06:16:57 [INFO] [task_scheduler.cc:131] [Task #28: fused_nn_softmax] Trial #17: GFLOPs: 0.1521. Time: 26.3006 us. Best GFLOPs: 1.1379
2024-04-29 06:16:57 [INFO] [task_scheduler.cc:131] [Task #28: fused_nn_softmax] Trial #18: GFLOPs: 0.2207. Time: 18.1211 us. Best GFLOPs: 1.1379
2024-04-29 06:16:57 [INFO] [task_scheduler.cc:131] [Task #28: fused_nn_softmax] Trial #19: GFLOPs: 0.1369. Time: 29.2125 us. Best GFLOPs: 1.1379
2024-04-29 06:16:57 [INFO] [task_scheduler.cc:131] [Task #28: fused_nn_softmax] Trial #20: GFLOPs: 0.2824. Time: 14.1639 us. Best GFLOPs: 1.1379
2024-04-29 06:16:57 [INFO] [task_scheduler.cc:131] [Task #28: fused_nn_softmax] Trial #21: GFLOPs: 0.1574. Time: 25.4067 us. Best GFLOPs: 1.1379
2024-04-29 06:16:57 [INFO] [task_scheduler.cc:131] [Task #28: fused_nn_softmax] Trial #22: GFLOPs: 0.1512. Time: 26.4592 us. Best GFLOPs: 1.1379
2024-04-29 06:16:57 [INFO] [task_scheduler.cc:131] [Task #28: fused_nn_softmax] Trial #23: GFLOPs: 0.1522. Time: 26.2898 us. Best GFLOPs: 1.1379
2024-04-29 06:16:57 [INFO] [task_scheduler.cc:131] [Task #28: fused_nn_softmax] Trial #24: GFLOPs: 0.1541. Time: 25.9515 us. Best GFLOPs: 1.1379
2024-04-29 06:16:57 [INFO] [task_scheduler.cc:131] [Task #28: fused_nn_softmax] Trial #25: GFLOPs: 0.0588. Time: 68.0332 us. Best GFLOPs: 1.1379
2024-04-29 06:16:57 [INFO] [task_scheduler.cc:131] [Task #28: fused_nn_softmax] Trial #26: GFLOPs: 0.1087. Time: 36.8147 us. Best GFLOPs: 1.1379
2024-04-29 06:16:57 [INFO] [task_scheduler.cc:131] [Task #28: fused_nn_softmax] Trial #27: GFLOPs: 0.7957. Time: 5.0270 us. Best GFLOPs: 1.1379
2024-04-29 06:16:57 [INFO] [task_scheduler.cc:131] [Task #28: fused_nn_softmax] Trial #28: GFLOPs: 0.2724. Time: 14.6828 us. Best GFLOPs: 1.1379
2024-04-29 06:16:57 [INFO] [task_scheduler.cc:131] [Task #28: fused_nn_softmax] Trial #29: GFLOPs: 0.1082. Time: 36.9552 us. Best GFLOPs: 1.1379
2024-04-29 06:16:57 [INFO] [task_scheduler.cc:131] [Task #28: fused_nn_softmax] Trial #30: GFLOPs: 1.0813. Time: 3.6993 us. Best GFLOPs: 1.1379
2024-04-29 06:16:57 [INFO] [task_scheduler.cc:131] [Task #28: fused_nn_softmax] Trial #31: GFLOPs: 0.1098. Time: 36.4360 us. Best GFLOPs: 1.1379
2024-04-29 06:16:57 [INFO] [task_scheduler.cc:131] [Task #28: fused_nn_softmax] Trial #32: GFLOPs: 0.1353. Time: 29.5713 us. Best GFLOPs: 1.1379
2024-04-29 06:16:57 [INFO] [task_scheduler.cc:131] [Task #28: fused_nn_softmax] Trial #33: GFLOPs: 0.7047. Time: 5.6763 us. Best GFLOPs: 1.1379
2024-04-29 06:16:57 [INFO] [task_scheduler.cc:131] [Task #28: fused_nn_softmax] Trial #34: GFLOPs: 0.1061. Time: 37.7150 us. Best GFLOPs: 1.1379
2024-04-29 06:16:57 [INFO] [task_scheduler.cc:131] [Task #28: fused_nn_softmax] Trial #35: GFLOPs: 0.1085. Time: 36.8625 us. Best GFLOPs: 1.1379
2024-04-29 06:16:57 [INFO] [task_scheduler.cc:131] [Task #28: fused_nn_softmax] Trial #36: GFLOPs: 0.1089. Time: 36.7351 us. Best GFLOPs: 1.1379
2024-04-29 06:16:57 [INFO] [task_scheduler.cc:131] [Task #28: fused_nn_softmax] Trial #37: GFLOPs: 0.1096. Time: 36.4940 us. Best GFLOPs: 1.1379
2024-04-29 06:16:57 [INFO] [task_scheduler.cc:131] [Task #28: fused_nn_softmax] Trial #38: GFLOPs: 0.0965. Time: 41.4313 us. Best GFLOPs: 1.1379
2024-04-29 06:16:57 [INFO] [task_scheduler.cc:131] [Task #28: fused_nn_softmax] Trial #39: GFLOPs: 0.1352. Time: 29.5751 us. Best GFLOPs: 1.1379
2024-04-29 06:16:57 [INFO] [task_scheduler.cc:131] [Task #28: fused_nn_softmax] Trial #40: GFLOPs: 0.1098. Time: 36.4197 us. Best GFLOPs: 1.1379
2024-04-29 06:16:57 [INFO] [task_scheduler.cc:131] [Task #28: fused_nn_softmax] Trial #41: GFLOPs: 0.2327. Time: 17.1886 us. Best GFLOPs: 1.1379
2024-04-29 06:16:57 [INFO] [task_scheduler.cc:131] [Task #28: fused_nn_softmax] Trial #42: GFLOPs: 0.1079. Time: 37.0779 us. Best GFLOPs: 1.1379
2024-04-29 06:16:57 [INFO] [task_scheduler.cc:131] [Task #28: fused_nn_softmax] Trial #43: GFLOPs: 0.1095. Time: 36.5439 us. Best GFLOPs: 1.1379
2024-04-29 06:16:57 [INFO] [task_scheduler.cc:131] [Task #28: fused_nn_softmax] Trial #44: GFLOPs: 0.1088. Time: 36.7595 us. Best GFLOPs: 1.1379
2024-04-29 06:16:57 [INFO] [task_scheduler.cc:131] [Task #28: fused_nn_softmax] Trial #45: GFLOPs: 0.6788. Time: 5.8928 us. Best GFLOPs: 1.1379
2024-04-29 06:16:57 [INFO] [task_scheduler.cc:131] [Task #28: fused_nn_softmax] Trial #46: GFLOPs: 0.0861. Time: 46.4677 us. Best GFLOPs: 1.1379
2024-04-29 06:16:57 [INFO] [task_scheduler.cc:131] [Task #28: fused_nn_softmax] Trial #47: GFLOPs: 0.1088. Time: 36.7531 us. Best GFLOPs: 1.1379
2024-04-29 06:16:57 [INFO] [task_scheduler.cc:131] [Task #28: fused_nn_softmax] Trial #48: GFLOPs: 0.1098. Time: 36.4202 us. Best GFLOPs: 1.1379
2024-04-29 06:16:57 [INFO] [task_scheduler.cc:131] [Task #28: fused_nn_softmax] Trial #49: GFLOPs: 0.1061. Time: 37.7166 us. Best GFLOPs: 1.1379
2024-04-29 06:16:57 [INFO] [task_scheduler.cc:131] [Task #28: fused_nn_softmax] Trial #50: GFLOPs: 0.7085. Time: 5.6460 us. Best GFLOPs: 1.1379
2024-04-29 06:16:57 [INFO] [task_scheduler.cc:131] [Task #28: fused_nn_softmax] Trial #51: GFLOPs: 0.1094. Time: 36.5642 us. Best GFLOPs: 1.1379
2024-04-29 06:16:57 [INFO] [task_scheduler.cc:131] [Task #28: fused_nn_softmax] Trial #52: GFLOPs: 0.0860. Time: 46.4863 us. Best GFLOPs: 1.1379
2024-04-29 06:16:57 [INFO] [task_scheduler.cc:131] [Task #28: fused_nn_softmax] Trial #53: GFLOPs: 0.0862. Time: 46.4116 us. Best GFLOPs: 1.1379
2024-04-29 06:16:57 [INFO] [task_scheduler.cc:131] [Task #28: fused_nn_softmax] Trial #54: GFLOPs: 0.1879. Time: 21.2829 us. Best GFLOPs: 1.1379
2024-04-29 06:16:57 [INFO] [task_scheduler.cc:131] [Task #28: fused_nn_softmax] Trial #55: GFLOPs: 0.1467. Time: 27.2741 us. Best GFLOPs: 1.1379
2024-04-29 06:16:57 [INFO] [task_scheduler.cc:131] [Task #28: fused_nn_softmax] Trial #56: GFLOPs: 0.1087. Time: 36.8069 us. Best GFLOPs: 1.1379
2024-04-29 06:16:57 [INFO] [task_scheduler.cc:131] [Task #28: fused_nn_softmax] Trial #57: GFLOPs: 0.1086. Time: 36.8378 us. Best GFLOPs: 1.1379
2024-04-29 06:16:57 [INFO] [task_scheduler.cc:131] [Task #28: fused_nn_softmax] Trial #58: GFLOPs: 0.0867. Time: 46.1527 us. Best GFLOPs: 1.1379
2024-04-29 06:16:57 [INFO] [task_scheduler.cc:131] [Task #28: fused_nn_softmax] Trial #59: GFLOPs: 0.2559. Time: 15.6316 us. Best GFLOPs: 1.1379
2024-04-29 06:16:57 [INFO] [task_scheduler.cc:131] [Task #28: fused_nn_softmax] Trial #60: GFLOPs: 0.1083. Time: 36.9261 us. Best GFLOPs: 1.1379
2024-04-29 06:16:57 [INFO] [task_scheduler.cc:131] [Task #28: fused_nn_softmax] Trial #61: GFLOPs: 0.0867. Time: 46.1410 us. Best GFLOPs: 1.1379
2024-04-29 06:16:57 [INFO] [task_scheduler.cc:131] [Task #28: fused_nn_softmax] Trial #62: GFLOPs: 0.0868. Time: 46.0857 us. Best GFLOPs: 1.1379
2024-04-29 06:16:57 [INFO] [task_scheduler.cc:131] [Task #28: fused_nn_softmax] Trial #63: GFLOPs: 0.9143. Time: 4.3751 us. Best GFLOPs: 1.1379
2024-04-29 06:16:57 [INFO] [task_scheduler.cc:131] [Task #28: fused_nn_softmax] Trial #64: GFLOPs: 0.1096. Time: 36.4913 us. Best GFLOPs: 1.1379
