Sun Dec 17 16:59:36 EST 2023
workergpu041
Greetings from !
Top 1
Layer, Time Droplet (s), Tuning time Droplet (s), Tuning time Droplet+Ansor (s), tasks Droplet, Time Ansor-1 (s), tuning time Ansor-1, task Ansor-1, Time Ansor 10k (s), tuning time 10k (s), tasks Ansor, speedup top-1, speedup 10k, speed tuning time top-1, speed tuning time 10k
0, 0.00043461, 279.04, 285.44, 101, 0.00948661, 6.40,  1, 0.00026582, 6553.21, 1024, 21.83, 0.61, 0.02, 22.96
1, 0.00040568, 195.16, 201.56, 69, 0.00040630, 6.40,  1, 0.00025978, 6553.21, 1024, 1.00, 0.64, 0.03, 32.51
2, 0.00005637, 71.24, 77.64, 64, 0.00083786, 6.40,  1, 0.00003353, 819.15, 128, 14.86, 0.59, 0.08, 10.55
3, 0.00000504, 39.58, 45.98, 29, 0.00001339, 6.40,  1, 0.00000503, 383.98, 60, 2.66, 1.00, 0.14, 8.35
4, 0.00053139, 74.65, 81.05, 43, 0.00219174, 6.40,  1, 0.00013388, 6962.79, 1088, 4.12, 0.25, 0.08, 85.91
5, 0.00084524, 138.89, 145.29, 46, 0.00162915, 6.40,  1, 0.00016384, 4095.76, 640, 1.93, 0.19, 0.04, 28.19
6, 0.00081716, 126.52, 132.92, 38, 0.00196458, 6.40,  1, 0.00010215, 2867.03, 448, 2.40, 0.13, 0.05, 21.57
7, 0.00000745, 34.57, 40.97, 23, 0.00001353, 6.40,  1, 0.00000736, 383.98, 60, 1.82, 0.99, 0.16, 9.37
8, 0.00023746, 84.17, 90.57, 21, 0.00023918, 6.40,  1, 0.00002438, 819.15, 128, 1.01, 0.10, 0.07, 9.04
9, 0.00092585, 140.19, 146.59, 40, 0.00834536, 6.40,  1, 0.00038721, 9420.24, 1472, 9.01, 0.42, 0.04, 64.26
10, 0.00270269, 45.37, 51.77, 22, 0.00270294, 6.40,  1, 0.00034199, 8601.09, 1344, 1.00, 0.13, 0.12, 166.14
11, 0.00003737, 40.77, 47.17, 26, 0.00003751, 6.40,  1, 0.00000519, 409.58, 64, 1.00, 0.14, 0.14, 8.68
12, 0.00000311, 26.73, 33.13, 16, 0.00000370, 6.40,  1, 0.00000289, 383.98, 60, 1.19, 0.93, 0.19, 11.59
13, 0.00060975, 45.33, 51.73, 31, 0.00075358, 6.40,  1, 0.00026313, 6553.21, 1024, 1.24, 0.43, 0.12, 126.68
14, 0.00000680, 14.79, 21.19, 6, 0.00001506, 6.40,  1, 0.00000570, 409.58, 64, 2.22, 0.84, 0.30, 19.32
15, 0.00002710, 60.10, 66.50, 30, 0.01101297, 6.40,  1, 0.00017495, 4505.33, 704, 406.33, 6.46, 0.10, 67.75
16, 0.00001577, 29.29, 35.69, 16, 0.00101539, 6.40,  1, 0.00013262, 3686.18, 576, 64.39, 8.41, 0.18, 103.29
17, 0.00000418, 8.79, 15.19, 3, 0.00000418, 6.40,  1, 0.00000387, 383.98, 60, 1.00, 0.93, 0.42, 25.28
18, 0.00001340, 49.67, 56.07, 20, 0.00001327, 6.40,  1, 0.00001197, 383.98, 60, 0.99, 0.89, 0.11, 6.85
Top 10
Layer, Time Droplet (s), Tuning time Droplet (s), Tuning time Droplet+Ansor (s), tasks Droplet, Time Ansor-10 (s), tuning time Ansor-10, task Ansor-10, Time Ansor 10k (s), tuning time 10k (s), tasks Ansor, speedup top-10, speedup 10k, speed tuning time top-10, speed tuning time 10k
0, 0.00048657, 37.22, 101.22, 13, 0.00048657, 64.00, 10, 0.00026582, 6553.21, 1024, 1.00, 0.55, 0.63, 64.74
1, 0.00026829, 109.44, 173.44, 36, 0.00027275, 64.00, 10, 0.00025978, 6553.21, 1024, 1.02, 0.97, 0.37, 37.78
2, 0.00005588, 39.94, 103.93, 23, 0.00006293, 64.00, 10, 0.00003353, 819.15, 128, 1.13, 0.60, 0.62, 7.88
3, 0.00000516, 27.69, 91.69, 20, 0.00000504, 64.00, 10, 0.00000503, 383.98, 60, 0.98, 0.98, 0.70, 4.19
4, 0.00034703, 96.60, 160.60, 52, 0.00052129, 64.00, 10, 0.00013388, 6962.79, 1088, 1.50, 0.39, 0.40, 43.36
5, 0.00023663, 58.87, 122.86, 37, 0.00042390, 64.00, 10, 0.00016384, 4095.76, 640, 1.79, 0.69, 0.52, 33.34
6, 0.00015751, 116.86, 180.86, 73, 0.00036856, 64.00, 10, 0.00010215, 2867.03, 448, 2.34, 0.65, 0.35, 15.85
7, 0.00000881, 18.63, 82.62, 11, 0.00000881, 64.00, 10, 0.00000736, 383.98, 60, 1.00, 0.84, 0.77, 4.65
8, 0.00008081, 53.68, 117.68, 22, 0.00008513, 64.00, 10, 0.00002438, 819.15, 128, 1.05, 0.30, 0.54, 6.96
9, 0.00231226, 131.38, 195.38, 33, 0.00480154, 64.00, 10, 0.00038721, 9420.24, 1472, 2.08, 0.17, 0.33, 48.22
10, 0.00075611, 21.95, 85.95, 11, 0.00075611, 64.00, 10, 0.00034199, 8601.09, 1344, 1.00, 0.45, 0.74, 100.07
11, 0.00001153, 22.67, 86.66, 13, 0.00001153, 64.00, 10, 0.00000519, 409.58, 64, 1.00, 0.45, 0.74, 4.73
12, 0.00000296, 19.43, 83.42, 11, 0.00000296, 64.00, 10, 0.00000289, 383.98, 60, 1.00, 0.97, 0.77, 4.60
13, 0.00044988, 34.08, 98.08, 19, 0.00046450, 64.00, 10, 0.00026313, 6553.21, 1024, 1.03, 0.58, 0.65, 66.82
14, 0.00000567, 72.44, 136.44, 55, 0.00000805, 64.00, 10, 0.00000570, 409.58, 64, 1.42, 1.00, 0.47, 3.00
15, 0.00030857, 24.66, 88.65, 11, 0.00030857, 64.00, 10, 0.00017495, 4505.33, 704, 1.00, 0.57, 0.72, 50.82
16, 0.00020875, 23.06, 87.06, 11, 0.00026518, 64.00, 10, 0.00013262, 3686.18, 576, 1.27, 0.64, 0.74, 42.34
17, 0.00000394, 19.69, 83.69, 11, 0.00000394, 64.00, 10, 0.00000387, 383.98, 60, 1.00, 0.98, 0.76, 4.59
18, 0.00001325, 19.19, 83.18, 11, 0.00001325, 64.00, 10, 0.00001197, 383.98, 60, 1.00, 0.90, 0.77, 4.62
Top 25
Layer, Time Droplet (s), Tuning time Droplet (s), Tuning time Droplet+Ansor (s), tasks Droplet, Time Ansor-25 (s), tuning time Ansor-25, task Ansor-25, Time Ansor 10k (s), tuning time 10k (s), tasks Ansor, speedup top-25, speedup 10k, speed tuning time top-25, speed tuning time 10k
0, 0.00036550, 63.10, 223.09, 32, 0.00038621, 159.99, 25, 0.00026582, 6553.21, 1024, 1.06, 0.73, 0.72, 29.38
1, 0.00026739, 111.69, 271.68, 37, 0.00027275, 159.99, 25, 0.00025978, 6553.21, 1024, 1.02, 0.97, 0.59, 24.12
2, 0.00005597, 34.68, 194.67, 19, 0.00006293, 159.99, 25, 0.00003353, 819.15, 128, 1.12, 0.60, 0.82, 4.21
3, 0.00000503, 18.76, 178.75, 11, 0.00000503, 159.99, 25, 0.00000503, 383.98, 60, 1.00, 1.00, 0.90, 2.15
4, 0.00029029, 31.99, 191.98, 15, 0.00029029, 159.99, 25, 0.00013388, 6962.79, 1088, 1.00, 0.46, 0.83, 36.27
5, 0.00025962, 71.99, 231.98, 30, 0.00028002, 159.99, 25, 0.00016384, 4095.76, 640, 1.08, 0.63, 0.69, 17.66
6, 0.00009432, 48.24, 208.23, 28, 0.00036856, 159.99, 25, 0.00010215, 2867.03, 448, 3.91, 1.08, 0.77, 13.77
7, 0.00000739, 26.81, 186.80, 17, 0.00000741, 159.99, 25, 0.00000736, 383.98, 60, 1.00, 1.00, 0.86, 2.06
8, 0.00002069, 62.28, 222.27, 35, 0.00002458, 159.99, 25, 0.00002438, 819.15, 128, 1.19, 1.18, 0.72, 3.69
9, 0.00056233, 150.80, 310.79, 56, 0.00121880, 159.99, 25, 0.00038721, 9420.24, 1472, 2.17, 0.69, 0.51, 30.31
10, 0.00062650, 41.72, 201.71, 24, 0.00063346, 159.99, 25, 0.00034199, 8601.09, 1344, 1.01, 0.55, 0.79, 42.64
11, 0.00000524, 56.01, 216.00, 35, 0.00000526, 159.99, 25, 0.00000519, 409.58, 64, 1.00, 0.99, 0.74, 1.90
12, 0.00000289, 7.20, 167.19, 2, 0.00000289, 159.99, 25, 0.00000289, 383.98, 60, 1.00, 1.00, 0.96, 2.30
13, 0.00034590, 66.20, 226.19, 25, 0.00034599, 159.99, 25, 0.00026313, 6553.21, 1024, 1.00, 0.76, 0.71, 28.97
14, 0.00000570, 21.02, 181.01, 13, 0.00000570, 159.99, 25, 0.00000570, 409.58, 64, 1.00, 1.00, 0.88, 2.26
15, 0.00030857, 25.63, 185.62, 11, 0.00030857, 159.99, 25, 0.00017495, 4505.33, 704, 1.00, 0.57, 0.86, 24.27
16, 0.00019578, 20.69, 180.68, 11, 0.00019578, 159.99, 25, 0.00013262, 3686.18, 576, 1.00, 0.68, 0.89, 20.40
17, 0.00000387, 7.63, 167.62, 2, 0.00000387, 159.99, 25, 0.00000387, 383.98, 60, 1.00, 1.00, 0.95, 2.29
18, 0.00001208, 20.71, 180.70, 11, 0.00001208, 159.99, 25, 0.00001197, 383.98, 60, 1.00, 0.99, 0.89, 2.12
Top 50
Layer, Time Droplet (s), Tuning time Droplet (s), Tuning time Droplet+Ansor (s), tasks Droplet, Time Ansor-50 (s), tuning time Ansor-50, task Ansor-50, Time Ansor 10k (s), tuning time 10k (s), tasks Ansor, speedup top-50, speedup 10k, speed tuning time top-50, speed tuning time 10k
0, 0.00036997, 62.60, 382.59, 32, 0.00038621, 319.98, 50, 0.00026582, 6553.21, 1024, 1.04, 0.72, 0.84, 17.13
1, 0.00026751, 81.44, 401.42, 27, 0.00027275, 319.98, 50, 0.00025978, 6553.21, 1024, 1.02, 0.97, 0.80, 16.33
2, 0.00005640, 30.25, 350.23, 17, 0.00006293, 319.98, 50, 0.00003353, 819.15, 128, 1.12, 0.59, 0.91, 2.34
3, 0.00000503, 25.11, 345.09, 17, 0.00000503, 319.98, 50, 0.00000503, 383.98, 60, 1.00, 1.00, 0.93, 1.11
4, 0.00022707, 38.57, 358.55, 13, 0.00022707, 319.98, 50, 0.00013388, 6962.79, 1088, 1.00, 0.59, 0.89, 19.42
5, 0.00004387, 11.03, 331.01, 2, 0.00023729, 319.98, 50, 0.00016384, 4095.76, 640, 5.41, 3.74, 0.97, 12.37
6, 0.00000537, 67.27, 387.25, 49, 0.00025477, 319.98, 50, 0.00010215, 2867.03, 448, 47.48, 19.04, 0.83, 7.40
7, 0.00000736, 9.22, 329.20, 3, 0.00000736, 319.98, 50, 0.00000736, 383.98, 60, 1.00, 1.00, 0.97, 1.17
8, 0.00002426, 140.30, 460.28, 62, 0.00002458, 319.98, 50, 0.00002438, 819.15, 128, 1.01, 1.00, 0.70, 1.78
9, 0.00038600, 177.08, 497.06, 58, 0.00121880, 319.98, 50, 0.00038721, 9420.24, 1472, 3.16, 1.00, 0.64, 18.95
10, 0.00038265, 6.82, 326.80, 2, 0.00063346, 319.98, 50, 0.00034199, 8601.09, 1344, 1.66, 0.89, 0.98, 26.32
11, 0.00000483, 21.55, 341.53, 14, 0.00000519, 319.98, 50, 0.00000519, 409.58, 64, 1.07, 1.07, 0.94, 1.20
12, 0.00000289, 7.95, 327.93, 2, 0.00000289, 319.98, 50, 0.00000289, 383.98, 60, 1.00, 1.00, 0.98, 1.17
13, 0.00026587, 61.35, 381.33, 28, 0.00034599, 319.98, 50, 0.00026313, 6553.21, 1024, 1.30, 0.99, 0.84, 17.19
14, 0.00000566, 32.07, 352.05, 24, 0.00000570, 319.98, 50, 0.00000570, 409.58, 64, 1.01, 1.01, 0.91, 1.16
15, 0.00001546, 49.18, 369.16, 27, 0.00030857, 319.98, 50, 0.00017495, 4505.33, 704, 19.96, 11.31, 0.87, 12.20
16, 0.00000509, 48.42, 368.40, 27, 0.00019356, 319.98, 50, 0.00013262, 3686.18, 576, 38.03, 26.05, 0.87, 10.01
17, 0.00000387, 7.41, 327.39, 2, 0.00000387, 319.98, 50, 0.00000387, 383.98, 60, 1.00, 1.00, 0.98, 1.17
18, 0.00001197, 24.41, 344.39, 15, 0.00001197, 319.98, 50, 0.00001197, 383.98, 60, 1.00, 1.00, 0.93, 1.11
Top 100
Layer, Time Droplet (s), Tuning time Droplet (s), Tuning time Droplet+Ansor (s), tasks Droplet, Time Ansor-100 (s), tuning time Ansor-100, task Ansor-100, Time Ansor 10k (s), tuning time 10k (s), tasks Ansor, speedup top-100, speedup 10k, speed tuning time top-100, speed tuning time 10k
0, 0.00028915, 56.28, 696.24, 29, 0.00033412, 639.96, 100, 0.00026582, 6553.21, 1024, 1.16, 0.92, 0.92, 9.41
1, 0.00024728, 93.53, 733.49, 33, 0.00026573, 639.96, 100, 0.00025978, 6553.21, 1024, 1.07, 1.05, 0.87, 8.93
2, 0.00003353, 28.77, 668.74, 11, 0.00003353, 639.96, 100, 0.00003353, 819.15, 128, 1.00, 1.00, 0.96, 1.22
3, 0.00000503, 18.03, 402.01, 11, 0.00000503, 383.98, 60, 0.00000503, 383.98, 60, 1.00, 1.00, 0.96, 0.96
4, 0.00017531, 38.95, 678.91, 15, 0.00017531, 639.96, 100, 0.00013388, 6962.79, 1088, 1.00, 0.76, 0.94, 10.26
5, 0.00017458, 67.56, 707.52, 31, 0.00019078, 639.96, 100, 0.00016384, 4095.76, 640, 1.09, 0.94, 0.90, 5.79
6, 0.00019373, 37.11, 677.07, 23, 0.00019549, 639.96, 100, 0.00010215, 2867.03, 448, 1.01, 0.53, 0.95, 4.23
7, 0.00000736, 7.59, 391.57, 2, 0.00000736, 383.98, 60, 0.00000736, 383.98, 60, 1.00, 1.00, 0.98, 0.98
8, 0.00002406, 43.21, 683.18, 23, 0.00002440, 639.96, 100, 0.00002438, 819.15, 128, 1.01, 1.01, 0.94, 1.20
9, 0.00065304, 49.41, 689.37, 25, 0.00065345, 639.96, 100, 0.00038721, 9420.24, 1472, 1.00, 0.59, 0.93, 13.66
10, 0.00040557, 38.40, 678.36, 21, 0.00042227, 639.96, 100, 0.00034199, 8601.09, 1344, 1.04, 0.84, 0.94, 12.68
11, 0.00000519, 23.39, 432.96, 14, 0.00000519, 409.58, 64, 0.00000519, 409.58, 64, 1.00, 1.00, 0.95, 0.95
12, 0.00000289, 7.18, 391.15, 2, 0.00000289, 383.98, 60, 0.00000289, 383.98, 60, 1.00, 1.00, 0.98, 0.98
13, 0.00034216, 39.01, 678.97, 15, 0.00034216, 639.96, 100, 0.00026313, 6553.21, 1024, 1.00, 0.77, 0.94, 9.65
14, 0.00000569, 28.18, 437.76, 19, 0.00000570, 409.58, 64, 0.00000570, 409.58, 64, 1.00, 1.00, 0.94, 0.94
15, 0.00021577, 52.89, 692.86, 27, 0.00021881, 639.96, 100, 0.00017495, 4505.33, 704, 1.01, 0.81, 0.92, 6.50
16, 0.00014932, 26.56, 666.52, 11, 0.00015258, 639.96, 100, 0.00013262, 3686.18, 576, 1.02, 0.89, 0.96, 5.53
17, 0.00000387, 17.58, 401.55, 11, 0.00000387, 383.98, 60, 0.00000387, 383.98, 60, 1.00, 1.00, 0.96, 0.96
18, 0.00001197, 20.07, 404.04, 11, 0.00001197, 383.98, 60, 0.00001197, 383.98, 60, 1.00, 1.00, 0.95, 0.95
Top 200
Layer, Time Droplet (s), Tuning time Droplet (s), Tuning time Droplet+Ansor (s), tasks Droplet, Time Ansor-200 (s), tuning time Ansor-200, task Ansor-200, Time Ansor 10k (s), tuning time 10k (s), tasks Ansor, speedup top-200, speedup 10k, speed tuning time top-200, speed tuning time 10k
0, 0.00029824, 87.87, 1367.79, 45, 0.00030973, 1279.92, 200, 0.00026582, 6553.21, 1024, 1.04, 0.89, 0.94, 4.79
1, 0.00025672, 89.41, 1369.33, 27, 0.00026142, 1279.92, 200, 0.00025978, 6553.21, 1024, 1.02, 1.01, 0.93, 4.79
2, 0.00003353, 28.94, 848.09, 11, 0.00003353, 819.15, 128, 0.00003353, 819.15, 128, 1.00, 1.00, 0.97, 0.97
3, 0.00000503, 17.93, 401.91, 11, 0.00000503, 383.98, 60, 0.00000503, 383.98, 60, 1.00, 1.00, 0.96, 0.96
4, 0.00016075, 42.07, 1321.99, 15, 0.00016075, 1279.92, 200, 0.00013388, 6962.79, 1088, 1.00, 0.83, 0.97, 5.27
5, 0.00017705, 40.89, 1320.81, 21, 0.00017949, 1279.92, 200, 0.00016384, 4095.76, 640, 1.01, 0.93, 0.97, 3.10
6, 0.00010303, 24.83, 1304.75, 11, 0.00010303, 1279.92, 200, 0.00010215, 2867.03, 448, 1.00, 0.99, 0.98, 2.20
7, 0.00000736, 7.60, 391.58, 2, 0.00000736, 383.98, 60, 0.00000736, 383.98, 60, 1.00, 1.00, 0.98, 0.98
8, 0.00002406, 43.10, 862.25, 24, 0.00002438, 819.15, 128, 0.00002438, 819.15, 128, 1.01, 1.01, 0.95, 0.95
9, 0.00043197, 33.55, 1313.47, 11, 0.00043197, 1279.92, 200, 0.00038721, 9420.24, 1472, 1.00, 0.90, 0.97, 7.17
10, 0.00036058, 66.22, 1346.14, 37, 0.00036867, 1279.92, 200, 0.00034199, 8601.09, 1344, 1.02, 0.95, 0.95, 6.39
11, 0.00000519, 22.45, 432.03, 14, 0.00000519, 409.58, 64, 0.00000519, 409.58, 64, 1.00, 1.00, 0.95, 0.95
12, 0.00000289, 7.24, 391.22, 2, 0.00000289, 383.98, 60, 0.00000289, 383.98, 60, 1.00, 1.00, 0.98, 0.98
13, 0.00026311, 57.55, 1337.48, 29, 0.00027165, 1279.92, 200, 0.00026313, 6553.21, 1024, 1.03, 1.00, 0.96, 4.90
14, 0.00000567, 32.44, 442.02, 23, 0.00000570, 409.58, 64, 0.00000570, 409.58, 64, 1.00, 1.00, 0.93, 0.93
15, 0.00017064, 58.25, 1338.17, 29, 0.00017510, 1279.92, 200, 0.00017495, 4505.33, 704, 1.03, 1.03, 0.96, 3.37
16, 0.00014174, 30.05, 1309.97, 12, 0.00014250, 1279.92, 200, 0.00013262, 3686.18, 576, 1.01, 0.94, 0.98, 2.81
17, 0.00000387, 18.14, 402.11, 11, 0.00000387, 383.98, 60, 0.00000387, 383.98, 60, 1.00, 1.00, 0.95, 0.95
18, 0.00001197, 19.97, 403.94, 11, 0.00001197, 383.98, 60, 0.00001197, 383.98, 60, 1.00, 1.00, 0.95, 0.95
Top 300
Layer, Time Droplet (s), Tuning time Droplet (s), Tuning time Droplet+Ansor (s), tasks Droplet, Time Ansor-300 (s), tuning time Ansor-300, task Ansor-300, Time Ansor 10k (s), tuning time 10k (s), tasks Ansor, speedup top-300, speedup 10k, speed tuning time top-300, speed tuning time 10k
0, 0.00029186, 68.38, 1988.27, 33, 0.00029637, 1919.89, 300, 0.00026582, 6553.21, 1024, 1.02, 0.91, 0.97, 3.30
1, 0.00025744, 118.69, 2038.58, 37, 0.00026142, 1919.89, 300, 0.00025978, 6553.21, 1024, 1.02, 1.01, 0.94, 3.21
2, 0.00003353, 28.60, 847.76, 11, 0.00003353, 819.15, 128, 0.00003353, 819.15, 128, 1.00, 1.00, 0.97, 0.97
3, 0.00000503, 18.44, 402.42, 11, 0.00000503, 383.98, 60, 0.00000503, 383.98, 60, 1.00, 1.00, 0.95, 0.95
4, 0.00016069, 42.42, 1962.31, 15, 0.00016069, 1919.89, 300, 0.00013388, 6962.79, 1088, 1.00, 0.83, 0.98, 3.55
5, 0.00016424, 50.25, 1970.14, 22, 0.00016768, 1919.89, 300, 0.00016384, 4095.76, 640, 1.02, 1.00, 0.97, 2.08
6, 0.00010215, 22.87, 1942.76, 13, 0.00010215, 1919.89, 300, 0.00010215, 2867.03, 448, 1.00, 1.00, 0.99, 1.48
7, 0.00000736, 7.52, 391.50, 2, 0.00000736, 383.98, 60, 0.00000736, 383.98, 60, 1.00, 1.00, 0.98, 0.98
8, 0.00002408, 41.82, 860.97, 24, 0.00002438, 819.15, 128, 0.00002438, 819.15, 128, 1.01, 1.01, 0.95, 0.95
9, 0.00043060, 83.56, 2003.45, 26, 0.00043167, 1919.89, 300, 0.00038721, 9420.24, 1472, 1.00, 0.90, 0.96, 4.70
10, 0.00035019, 38.60, 1958.49, 23, 0.00035570, 1919.89, 300, 0.00034199, 8601.09, 1344, 1.02, 0.98, 0.98, 4.39
11, 0.00000519, 22.60, 432.17, 14, 0.00000519, 409.58, 64, 0.00000519, 409.58, 64, 1.00, 1.00, 0.95, 0.95
12, 0.00000289, 7.15, 391.13, 2, 0.00000289, 383.98, 60, 0.00000289, 383.98, 60, 1.00, 1.00, 0.98, 0.98
13, 0.00026030, 53.84, 1973.72, 28, 0.00026435, 1919.89, 300, 0.00026313, 6553.21, 1024, 1.02, 1.01, 0.97, 3.32
14, 0.00000561, 27.10, 436.68, 19, 0.00000570, 409.58, 64, 0.00000570, 409.58, 64, 1.01, 1.01, 0.94, 0.94
15, 0.00017052, 57.51, 1977.40, 29, 0.00017510, 1919.89, 300, 0.00017495, 4505.33, 704, 1.03, 1.03, 0.97, 2.28
16, 0.00013165, 38.49, 1958.38, 12, 0.00013569, 1919.89, 300, 0.00013262, 3686.18, 576, 1.03, 1.01, 0.98, 1.88
17, 0.00000387, 17.22, 401.19, 11, 0.00000387, 383.98, 60, 0.00000387, 383.98, 60, 1.00, 1.00, 0.96, 0.96
18, 0.00001197, 19.23, 403.21, 11, 0.00001197, 383.98, 60, 0.00001197, 383.98, 60, 1.00, 1.00, 0.95, 0.95
Top 1000
Layer, Time Droplet (s), Tuning time Droplet (s), Tuning time Droplet+Ansor (s), tasks Droplet, Time Ansor-1000 (s), tuning time Ansor-1000, task Ansor-1000, Time Ansor 10k (s), tuning time 10k (s), tasks Ansor, speedup top-1000, speedup 10k, speed tuning time top-1000, speed tuning time 10k
0, 0.00026163, 84.24, 6483.85, 36, 0.00026582, 6399.62, 1000, 0.00026582, 6553.21, 1024, 1.02, 1.02, 0.99, 1.01
1, 0.00025676, 56.84, 6456.45, 24, 0.00025978, 6399.62, 1000, 0.00025978, 6553.21, 1024, 1.01, 1.01, 0.99, 1.01
2, 0.00003353, 28.61, 847.76, 11, 0.00003353, 819.15, 128, 0.00003353, 819.15, 128, 1.00, 1.00, 0.97, 0.97
3, 0.00000503, 18.12, 402.09, 11, 0.00000503, 383.98, 60, 0.00000503, 383.98, 60, 1.00, 1.00, 0.95, 0.95
4, 0.00013485, 52.07, 6451.69, 15, 0.00013485, 6399.62, 1000, 0.00013388, 6962.79, 1088, 1.00, 0.99, 0.99, 1.08
5, 0.00016384, 33.49, 4129.25, 11, 0.00016384, 4095.76, 640, 0.00016384, 4095.76, 640, 1.00, 1.00, 0.99, 0.99
6, 0.00010215, 22.88, 2889.91, 13, 0.00010215, 2867.03, 448, 0.00010215, 2867.03, 448, 1.00, 1.00, 0.99, 0.99
7, 0.00000736, 7.52, 391.49, 2, 0.00000736, 383.98, 60, 0.00000736, 383.98, 60, 1.00, 1.00, 0.98, 0.98
8, 0.00002410, 43.00, 862.15, 24, 0.00002438, 819.15, 128, 0.00002438, 819.15, 128, 1.01, 1.01, 0.95, 0.95
9, 0.00038238, 71.92, 6471.54, 21, 0.00038721, 6399.62, 1000, 0.00038721, 9420.24, 1472, 1.01, 1.01, 0.99, 1.46
10, 0.00034864, 44.45, 6444.07, 23, 0.00035347, 6399.62, 1000, 0.00034199, 8601.09, 1344, 1.01, 0.98, 0.99, 1.33
11, 0.00000519, 22.98, 432.56, 14, 0.00000519, 409.58, 64, 0.00000519, 409.58, 64, 1.00, 1.00, 0.95, 0.95
12, 0.00000289, 7.17, 391.15, 2, 0.00000289, 383.98, 60, 0.00000289, 383.98, 60, 1.00, 1.00, 0.98, 0.98
13, 0.00026128, 54.38, 6454.00, 28, 0.00026313, 6399.62, 1000, 0.00026313, 6553.21, 1024, 1.01, 1.01, 0.99, 1.02
14, 0.00000564, 32.04, 441.61, 23, 0.00000570, 409.58, 64, 0.00000570, 409.58, 64, 1.01, 1.01, 0.93, 0.93
15, 0.00017378, 58.06, 4563.39, 29, 0.00017495, 4505.33, 704, 0.00017495, 4505.33, 704, 1.01, 1.01, 0.99, 0.99
16, 0.00013047, 32.33, 3718.51, 12, 0.00013262, 3686.18, 576, 0.00013262, 3686.18, 576, 1.02, 1.02, 0.99, 0.99
17, 0.00000387, 17.30, 401.28, 11, 0.00000387, 383.98, 60, 0.00000387, 383.98, 60, 1.00, 1.00, 0.96, 0.96
18, 0.00001197, 18.94, 402.91, 11, 0.00001197, 383.98, 60, 0.00001197, 383.98, 60, 1.00, 1.00, 0.95, 0.95
Mon Dec 18 00:32:47 EST 2023

Completed

