2024-03-22 04:15:26 [INFO] [task_scheduler.cc:160] Initializing Task #28: "fused_nn_softmax"
2024-03-22 04:15:26 [INFO] [task_scheduler.cc:35] 
# from tvm.script import ir as I
# from tvm.script import tir as T

@I.ir_module
class Module:
    @T.prim_func
    def main(p0: T.Buffer((T.int64(1), T.int64(1000)), "float32"), T_softmax_norm: T.Buffer((T.int64(1), T.int64(1000)), "float32")):
        T.func_attr({"tir.noalias": T.bool(True)})
        # with T.block("root"):
        T_softmax_maxelem = T.alloc_buffer((T.int64(1),))
        T_softmax_exp = T.alloc_buffer((T.int64(1), T.int64(1000)))
        T_softmax_expsum = T.alloc_buffer((T.int64(1),))
        for i0, k in T.grid(T.int64(1), T.int64(1000)):
            with T.block("T_softmax_maxelem"):
                v_i0, v_k = T.axis.remap("SR", [i0, k])
                T.reads(p0[v_i0, v_k])
                T.writes(T_softmax_maxelem[v_i0])
                with T.init():
                    T_softmax_maxelem[v_i0] = T.float32(-3.4028234663852886e+38)
                T_softmax_maxelem[v_i0] = T.max(T_softmax_maxelem[v_i0], p0[v_i0, v_k])
        for i0, i1 in T.grid(T.int64(1), T.int64(1000)):
            with T.block("T_softmax_exp"):
                v_i0, v_i1 = T.axis.remap("SS", [i0, i1])
                T.reads(p0[v_i0, v_i1], T_softmax_maxelem[v_i0])
                T.writes(T_softmax_exp[v_i0, v_i1])
                T_softmax_exp[v_i0, v_i1] = T.exp(p0[v_i0, v_i1] - T_softmax_maxelem[v_i0])
        for i0, k in T.grid(T.int64(1), T.int64(1000)):
            with T.block("T_softmax_expsum"):
                v_i0, v_k = T.axis.remap("SR", [i0, k])
                T.reads(T_softmax_exp[v_i0, v_k])
                T.writes(T_softmax_expsum[v_i0])
                with T.init():
                    T_softmax_expsum[v_i0] = T.float32(0)
                T_softmax_expsum[v_i0] = T_softmax_expsum[v_i0] + T_softmax_exp[v_i0, v_k]
        for i0, i1 in T.grid(T.int64(1), T.int64(1000)):
            with T.block("T_softmax_norm"):
                v_i0, v_i1 = T.axis.remap("SS", [i0, i1])
                T.reads(T_softmax_exp[v_i0, v_i1], T_softmax_expsum[v_i0])
                T.writes(T_softmax_norm[v_i0, v_i1])
                T.block_attr({"axis": 1})
                T_softmax_norm[v_i0, v_i1] = T_softmax_exp[v_i0, v_i1] / T_softmax_expsum[v_i0]
2024-03-22 04:15:26 [INFO] [task_scheduler.cc:164] Total 4 design space(s) generated
2024-03-22 04:15:26 [INFO] [task_scheduler.cc:170] Design space #0:
# from tvm.script import ir as I
# from tvm.script import tir as T

@I.ir_module
class Module:
    @T.prim_func
    def main(p0: T.Buffer((T.int64(1), T.int64(1000)), "float32"), T_softmax_norm: T.Buffer((T.int64(1), T.int64(1000)), "float32")):
        T.func_attr({"tir.noalias": T.bool(True)})
        with T.block("root"):
            T.reads()
            T.writes()
            T.block_attr({"meta_schedule.unroll_explicit": 0})
            T_softmax_maxelem = T.alloc_buffer((T.int64(1),))
            T_softmax_expsum = T.alloc_buffer((T.int64(1),))
            for i0_fused_0 in T.thread_binding(T.int64(1), thread="blockIdx.x"):
                for i0_fused_1 in T.thread_binding(T.int64(1), thread="threadIdx.x"):
                    for k in range(T.int64(1000)):
                        with T.block("T_softmax_maxelem"):
                            v_i0 = T.axis.spatial(T.int64(1), T.int64(0))
                            v_k = T.axis.reduce(T.int64(1000), k)
                            T.reads(p0[v_i0, v_k])
                            T.writes(T_softmax_maxelem[v_i0])
                            with T.init():
                                T_softmax_maxelem[v_i0] = T.float32(-3.4028234663852886e+38)
                            T_softmax_maxelem[v_i0] = T.max(T_softmax_maxelem[v_i0], p0[v_i0, v_k])
            for i0_fused_0 in T.thread_binding(T.int64(1), thread="blockIdx.x"):
                for i0_fused_1 in T.thread_binding(T.int64(1), thread="threadIdx.x"):
                    for k in range(T.int64(1000)):
                        with T.block("T_softmax_expsum"):
                            v_i0 = T.axis.spatial(T.int64(1), T.int64(0))
                            v_k = T.axis.reduce(T.int64(1000), k)
                            T.reads(p0[v_i0, v_k], T_softmax_maxelem[v_i0])
                            T.writes(T_softmax_expsum[v_i0])
                            with T.init():
                                T_softmax_expsum[v_i0] = T.float32(0)
                            T_softmax_expsum[v_i0] = T_softmax_expsum[v_i0] + T.exp(p0[v_i0, v_k] - T_softmax_maxelem[v_i0])
            for i0_i1_fused_0 in T.thread_binding(T.int64(2), thread="blockIdx.x"):
                for i0_i1_fused_1 in T.thread_binding(T.int64(512), thread="threadIdx.x"):
                    with T.block("T_softmax_norm"):
                        v_i0 = T.axis.spatial(T.int64(1), T.int64(0))
                        v_i1 = T.axis.spatial(T.int64(1000), i0_i1_fused_0 * T.int64(512) + i0_i1_fused_1)
                        T.where(i0_i1_fused_0 * T.int64(512) + i0_i1_fused_1 < T.int64(1000))
                        T.reads(p0[v_i0, v_i1], T_softmax_maxelem[v_i0], T_softmax_expsum[v_i0])
                        T.writes(T_softmax_norm[v_i0, v_i1])
                        T.block_attr({"axis": 1})
                        T_softmax_norm[v_i0, v_i1] = T.exp(p0[v_i0, v_i1] - T_softmax_maxelem[v_i0]) / T_softmax_expsum[v_i0]
b0 = sch.get_block(name="T_softmax_maxelem", func_name="main")
b1 = sch.get_block(name="T_softmax_exp", func_name="main")
b2 = sch.get_block(name="T_softmax_expsum", func_name="main")
b3 = sch.get_block(name="T_softmax_norm", func_name="main")
b4 = sch.get_block(name="root", func_name="main")
sch.compute_inline(block=b1)
v5 = sch.sample_categorical(candidates=[0, 16, 64, 512, 1024], probs=[0.20000000000000001, 0.20000000000000001, 0.20000000000000001, 0.20000000000000001, 0.20000000000000001], decision=0)
sch.annotate(block_or_loop=b4, ann_key="meta_schedule.unroll_explicit", ann_val=v5)
l6, l7 = sch.get_loops(block=b3)
l8 = sch.fuse(l6, l7, preserve_unit_iters=True)
v9 = sch.sample_categorical(candidates=[32, 64, 128, 256, 512], probs=[0.20000000000000001, 0.20000000000000001, 0.20000000000000001, 0.20000000000000001, 0.20000000000000001], decision=4)
l10, l11 = sch.split(loop=l8, factors=[None, v9], preserve_unit_iters=True)
sch.bind(loop=l10, thread_axis="blockIdx.x")
sch.bind(loop=l11, thread_axis="threadIdx.x")
l12, l13 = sch.get_loops(block=b2)
l14 = sch.fuse(l12, preserve_unit_iters=True)
l15, l16 = sch.split(loop=l14, factors=[None, 1], preserve_unit_iters=True)
sch.bind(loop=l15, thread_axis="blockIdx.x")
sch.bind(loop=l16, thread_axis="threadIdx.x")
l17, l18 = sch.get_loops(block=b0)
l19 = sch.fuse(l17, preserve_unit_iters=True)
l20, l21 = sch.split(loop=l19, factors=[None, 1], preserve_unit_iters=True)
sch.bind(loop=l20, thread_axis="blockIdx.x")
sch.bind(loop=l21, thread_axis="threadIdx.x")
2024-03-22 04:15:26 [INFO] [task_scheduler.cc:170] Design space #1:
# from tvm.script import ir as I
# from tvm.script import tir as T

@I.ir_module
class Module:
    @T.prim_func
    def main(p0: T.Buffer((T.int64(1), T.int64(1000)), "float32"), T_softmax_norm: T.Buffer((T.int64(1), T.int64(1000)), "float32")):
        T.func_attr({"tir.noalias": T.bool(True)})
        with T.block("root"):
            T.reads()
            T.writes()
            T.block_attr({"meta_schedule.unroll_explicit": 1024})
            T_softmax_maxelem = T.alloc_buffer((T.int64(1),))
            T_softmax_expsum = T.alloc_buffer((T.int64(1),))
            for i0_fused in T.thread_binding(T.int64(1), thread="blockIdx.x"):
                for k_0 in range(T.int64(32)):
                    for k_1 in T.thread_binding(T.int64(32), thread="threadIdx.x"):
                        with T.block("T_softmax_maxelem"):
                            v_i0 = T.axis.spatial(T.int64(1), T.int64(0))
                            v_k = T.axis.reduce(T.int64(1000), k_0 * T.int64(32) + k_1)
                            T.where(k_0 * T.int64(32) + k_1 < T.int64(1000))
                            T.reads(p0[v_i0, v_k])
                            T.writes(T_softmax_maxelem[v_i0])
                            with T.init():
                                T_softmax_maxelem[v_i0] = T.float32(-3.4028234663852886e+38)
                            T_softmax_maxelem[v_i0] = T.max(T_softmax_maxelem[v_i0], p0[v_i0, v_k])
            for i0_fused_0 in T.thread_binding(T.int64(1), thread="blockIdx.x"):
                for i0_fused_1 in T.thread_binding(T.int64(1), thread="threadIdx.x"):
                    for k in range(T.int64(1000)):
                        with T.block("T_softmax_expsum"):
                            v_i0 = T.axis.spatial(T.int64(1), T.int64(0))
                            v_k = T.axis.reduce(T.int64(1000), k)
                            T.reads(p0[v_i0, v_k], T_softmax_maxelem[v_i0])
                            T.writes(T_softmax_expsum[v_i0])
                            with T.init():
                                T_softmax_expsum[v_i0] = T.float32(0)
                            T_softmax_expsum[v_i0] = T_softmax_expsum[v_i0] + T.exp(p0[v_i0, v_k] - T_softmax_maxelem[v_i0])
            for i0_i1_fused_0 in T.thread_binding(T.int64(2), thread="blockIdx.x"):
                for i0_i1_fused_1 in T.thread_binding(T.int64(512), thread="threadIdx.x"):
                    with T.block("T_softmax_norm"):
                        v_i0 = T.axis.spatial(T.int64(1), T.int64(0))
                        v_i1 = T.axis.spatial(T.int64(1000), i0_i1_fused_0 * T.int64(512) + i0_i1_fused_1)
                        T.where(i0_i1_fused_0 * T.int64(512) + i0_i1_fused_1 < T.int64(1000))
                        T.reads(p0[v_i0, v_i1], T_softmax_maxelem[v_i0], T_softmax_expsum[v_i0])
                        T.writes(T_softmax_norm[v_i0, v_i1])
                        T.block_attr({"axis": 1})
                        T_softmax_norm[v_i0, v_i1] = T.exp(p0[v_i0, v_i1] - T_softmax_maxelem[v_i0]) / T_softmax_expsum[v_i0]
b0 = sch.get_block(name="T_softmax_maxelem", func_name="main")
b1 = sch.get_block(name="T_softmax_exp", func_name="main")
b2 = sch.get_block(name="T_softmax_expsum", func_name="main")
b3 = sch.get_block(name="T_softmax_norm", func_name="main")
b4 = sch.get_block(name="root", func_name="main")
sch.compute_inline(block=b1)
v5 = sch.sample_categorical(candidates=[4, 8, 16, 32, 64, 128, 256, 512], probs=[0.125, 0.125, 0.125, 0.125, 0.125, 0.125, 0.125, 0.125], decision=3)
l6, l7 = sch.get_loops(block=b0)
l8, l9 = sch.split(loop=l7, factors=[None, v5], preserve_unit_iters=True)
sch.bind(loop=l9, thread_axis="threadIdx.x")
v10 = sch.sample_categorical(candidates=[0, 16, 64, 512, 1024], probs=[0.20000000000000001, 0.20000000000000001, 0.20000000000000001, 0.20000000000000001, 0.20000000000000001], decision=4)
sch.annotate(block_or_loop=b4, ann_key="meta_schedule.unroll_explicit", ann_val=v10)
l11, l12 = sch.get_loops(block=b3)
l13 = sch.fuse(l11, l12, preserve_unit_iters=True)
v14 = sch.sample_categorical(candidates=[32, 64, 128, 256, 512], probs=[0.20000000000000001, 0.20000000000000001, 0.20000000000000001, 0.20000000000000001, 0.20000000000000001], decision=4)
l15, l16 = sch.split(loop=l13, factors=[None, v14], preserve_unit_iters=True)
sch.bind(loop=l15, thread_axis="blockIdx.x")
sch.bind(loop=l16, thread_axis="threadIdx.x")
l17, l18 = sch.get_loops(block=b2)
l19 = sch.fuse(l17, preserve_unit_iters=True)
l20, l21 = sch.split(loop=l19, factors=[None, 1], preserve_unit_iters=True)
sch.bind(loop=l20, thread_axis="blockIdx.x")
sch.bind(loop=l21, thread_axis="threadIdx.x")
l22, l23, l24 = sch.get_loops(block=b0)
l25 = sch.fuse(l22, preserve_unit_iters=True)
sch.bind(loop=l25, thread_axis="blockIdx.x")
2024-03-22 04:15:26 [INFO] [task_scheduler.cc:170] Design space #2:
# from tvm.script import ir as I
# from tvm.script import tir as T

@I.ir_module
class Module:
    @T.prim_func
    def main(p0: T.Buffer((T.int64(1), T.int64(1000)), "float32"), T_softmax_norm: T.Buffer((T.int64(1), T.int64(1000)), "float32")):
        T.func_attr({"tir.noalias": T.bool(True)})
        with T.block("root"):
            T.reads()
            T.writes()
            T.block_attr({"meta_schedule.unroll_explicit": 0})
            T_softmax_maxelem = T.alloc_buffer((T.int64(1),))
            T_softmax_expsum_shared = T.alloc_buffer((T.int64(1),), scope="shared")
            for i0_fused_0 in T.thread_binding(T.int64(1), thread="blockIdx.x"):
                for i0_fused_1 in T.thread_binding(T.int64(1), thread="threadIdx.x"):
                    for k in range(T.int64(1000)):
                        with T.block("T_softmax_maxelem"):
                            v_i0 = T.axis.spatial(T.int64(1), T.int64(0))
                            v_k = T.axis.reduce(T.int64(1000), k)
                            T.reads(p0[v_i0, v_k])
                            T.writes(T_softmax_maxelem[v_i0])
                            with T.init():
                                T_softmax_maxelem[v_i0] = T.float32(-3.4028234663852886e+38)
                            T_softmax_maxelem[v_i0] = T.max(T_softmax_maxelem[v_i0], p0[v_i0, v_k])
            for i0_fused in T.thread_binding(T.int64(1), thread="blockIdx.x"):
                for ax0, ax1_0 in T.grid(T.int64(1), T.int64(8)):
                    for ax1_1 in T.thread_binding(T.int64(128), thread="threadIdx.x"):
                        with T.block("T_softmax_expsum"):
                            v_i0 = T.axis.spatial(T.int64(1), ax0)
                            v_k = T.axis.reduce(T.int64(1000), ax1_0 * T.int64(128) + ax1_1)
                            T.where(ax1_0 * T.int64(128) + ax1_1 < T.int64(1000))
                            T.reads(p0[v_i0, v_k], T_softmax_maxelem[v_i0])
                            T.writes(T_softmax_expsum_shared[v_i0])
                            with T.init():
                                T_softmax_expsum_shared[v_i0] = T.float32(0)
                            T_softmax_expsum_shared[v_i0] = T_softmax_expsum_shared[v_i0] + T.exp(p0[v_i0, v_k] - T_softmax_maxelem[v_i0])
                for i1_0 in range(T.int64(8)):
                    for i1_1 in T.thread_binding(T.int64(128), thread="threadIdx.x"):
                        with T.block("T_softmax_norm"):
                            v_i0 = T.axis.spatial(T.int64(1), T.int64(0))
                            v_i1 = T.axis.spatial(T.int64(1000), i1_0 * T.int64(128) + i1_1)
                            T.where(i1_0 * T.int64(128) + i1_1 < T.int64(1000))
                            T.reads(p0[v_i0, v_i1], T_softmax_maxelem[v_i0], T_softmax_expsum_shared[v_i0])
                            T.writes(T_softmax_norm[v_i0, v_i1])
                            T.block_attr({"axis": 1})
                            T_softmax_norm[v_i0, v_i1] = T.exp(p0[v_i0, v_i1] - T_softmax_maxelem[v_i0]) / T_softmax_expsum_shared[v_i0]
b0 = sch.get_block(name="T_softmax_maxelem", func_name="main")
b1 = sch.get_block(name="T_softmax_exp", func_name="main")
b2 = sch.get_block(name="T_softmax_expsum", func_name="main")
b3 = sch.get_block(name="T_softmax_norm", func_name="main")
b4 = sch.get_block(name="root", func_name="main")
sch.compute_inline(block=b1)
b5, = sch.get_consumers(block=b2)
l6, l7 = sch.get_loops(block=b5)
v8 = sch.sample_categorical(candidates=[4, 8, 16, 32, 64, 128, 256, 512], probs=[0.125, 0.125, 0.125, 0.125, 0.125, 0.125, 0.125, 0.125], decision=5)
l9, l10 = sch.split(loop=l7, factors=[None, v8], preserve_unit_iters=True)
sch.bind(loop=l10, thread_axis="threadIdx.x")
sch.compute_at(block=b2, loop=l6, preserve_unit_loops=True, index=-1)
sch.set_scope(block=b2, buffer_index=0, storage_scope="shared")
l11, l12, l13 = sch.get_loops(block=b2)
l14, l15 = sch.split(loop=l13, factors=[None, v8], preserve_unit_iters=True)
sch.bind(loop=l15, thread_axis="threadIdx.x")
v16 = sch.sample_categorical(candidates=[0, 16, 64, 512, 1024], probs=[0.20000000000000001, 0.20000000000000001, 0.20000000000000001, 0.20000000000000001, 0.20000000000000001], decision=0)
sch.annotate(block_or_loop=b4, ann_key="meta_schedule.unroll_explicit", ann_val=v16)
l17, l18, l19 = sch.get_loops(block=b3)
l20 = sch.fuse(l17, preserve_unit_iters=True)
sch.bind(loop=l20, thread_axis="blockIdx.x")
l21, l22 = sch.get_loops(block=b0)
l23 = sch.fuse(l21, preserve_unit_iters=True)
l24, l25 = sch.split(loop=l23, factors=[None, 1], preserve_unit_iters=True)
sch.bind(loop=l24, thread_axis="blockIdx.x")
sch.bind(loop=l25, thread_axis="threadIdx.x")
2024-03-22 04:15:26 [INFO] [task_scheduler.cc:170] Design space #3:
# from tvm.script import ir as I
# from tvm.script import tir as T

@I.ir_module
class Module:
    @T.prim_func
    def main(p0: T.Buffer((T.int64(1), T.int64(1000)), "float32"), T_softmax_norm: T.Buffer((T.int64(1), T.int64(1000)), "float32")):
        T.func_attr({"tir.noalias": T.bool(True)})
        with T.block("root"):
            T.reads()
            T.writes()
            T.block_attr({"meta_schedule.unroll_explicit": 16})
            T_softmax_maxelem_shared = T.alloc_buffer((T.int64(1),), scope="shared")
            T_softmax_expsum_shared = T.alloc_buffer((T.int64(1),), scope="shared")
            for i0_fused in T.thread_binding(T.int64(1), thread="blockIdx.x"):
                for ax0, ax1_0 in T.grid(T.int64(1), T.int64(8)):
                    for ax1_1 in T.thread_binding(T.int64(128), thread="threadIdx.x"):
                        with T.block("T_softmax_maxelem"):
                            v_i0 = T.axis.spatial(T.int64(1), ax0)
                            v_k = T.axis.reduce(T.int64(1000), ax1_0 * T.int64(128) + ax1_1)
                            T.where(ax1_0 * T.int64(128) + ax1_1 < T.int64(1000))
                            T.reads(p0[v_i0, v_k])
                            T.writes(T_softmax_maxelem_shared[v_i0])
                            with T.init():
                                T_softmax_maxelem_shared[v_i0] = T.float32(-3.4028234663852886e+38)
                            T_softmax_maxelem_shared[v_i0] = T.max(T_softmax_maxelem_shared[v_i0], p0[v_i0, v_k])
                for ax0, ax1_0 in T.grid(T.int64(1), T.int64(8)):
                    for ax1_1 in T.thread_binding(T.int64(128), thread="threadIdx.x"):
                        with T.block("T_softmax_expsum"):
                            v_i0 = T.axis.spatial(T.int64(1), ax0)
                            v_k = T.axis.reduce(T.int64(1000), ax1_0 * T.int64(128) + ax1_1)
                            T.where(ax1_0 * T.int64(128) + ax1_1 < T.int64(1000))
                            T.reads(p0[v_i0, v_k], T_softmax_maxelem_shared[v_i0])
                            T.writes(T_softmax_expsum_shared[v_i0])
                            with T.init():
                                T_softmax_expsum_shared[v_i0] = T.float32(0)
                            T_softmax_expsum_shared[v_i0] = T_softmax_expsum_shared[v_i0] + T.exp(p0[v_i0, v_k] - T_softmax_maxelem_shared[v_i0])
                for i1_0 in range(T.int64(8)):
                    for i1_1 in T.thread_binding(T.int64(128), thread="threadIdx.x"):
                        with T.block("T_softmax_norm"):
                            v_i0 = T.axis.spatial(T.int64(1), T.int64(0))
                            v_i1 = T.axis.spatial(T.int64(1000), i1_0 * T.int64(128) + i1_1)
                            T.where(i1_0 * T.int64(128) + i1_1 < T.int64(1000))
                            T.reads(p0[v_i0, v_i1], T_softmax_maxelem_shared[v_i0], T_softmax_expsum_shared[v_i0])
                            T.writes(T_softmax_norm[v_i0, v_i1])
                            T.block_attr({"axis": 1})
                            T_softmax_norm[v_i0, v_i1] = T.exp(p0[v_i0, v_i1] - T_softmax_maxelem_shared[v_i0]) / T_softmax_expsum_shared[v_i0]
b0 = sch.get_block(name="T_softmax_maxelem", func_name="main")
b1 = sch.get_block(name="T_softmax_exp", func_name="main")
b2 = sch.get_block(name="T_softmax_expsum", func_name="main")
b3 = sch.get_block(name="T_softmax_norm", func_name="main")
b4 = sch.get_block(name="root", func_name="main")
sch.compute_inline(block=b1)
b5, = sch.get_consumers(block=b2)
l6, l7 = sch.get_loops(block=b5)
v8 = sch.sample_categorical(candidates=[4, 8, 16, 32, 64, 128, 256, 512], probs=[0.125, 0.125, 0.125, 0.125, 0.125, 0.125, 0.125, 0.125], decision=5)
l9, l10 = sch.split(loop=l7, factors=[None, v8], preserve_unit_iters=True)
sch.bind(loop=l10, thread_axis="threadIdx.x")
sch.compute_at(block=b2, loop=l6, preserve_unit_loops=True, index=-1)
sch.set_scope(block=b2, buffer_index=0, storage_scope="shared")
l11, l12, l13 = sch.get_loops(block=b2)
l14, l15 = sch.split(loop=l13, factors=[None, v8], preserve_unit_iters=True)
sch.bind(loop=l15, thread_axis="threadIdx.x")
b16, b17 = sch.get_consumers(block=b0)
l18, l19, l20, l21 = sch.get_loops(block=b16)
sch.compute_at(block=b0, loop=l18, preserve_unit_loops=True, index=-1)
sch.set_scope(block=b0, buffer_index=0, storage_scope="shared")
l22, l23, l24 = sch.get_loops(block=b0)
l25, l26 = sch.split(loop=l24, factors=[None, v8], preserve_unit_iters=True)
sch.bind(loop=l26, thread_axis="threadIdx.x")
v27 = sch.sample_categorical(candidates=[0, 16, 64, 512, 1024], probs=[0.20000000000000001, 0.20000000000000001, 0.20000000000000001, 0.20000000000000001, 0.20000000000000001], decision=1)
sch.annotate(block_or_loop=b4, ann_key="meta_schedule.unroll_explicit", ann_val=v27)
l28, l29, l30 = sch.get_loops(block=b3)
l31 = sch.fuse(l28, preserve_unit_iters=True)
sch.bind(loop=l31, thread_axis="blockIdx.x")
2024-03-22 04:46:17 [INFO] [evolutionary_search.cc:713] Generating candidates......
2024-03-22 04:46:17 [INFO] [evolutionary_search.cc:715] Picked top 0 candidate(s) from database
2024-03-22 04:46:17 [INFO] [evolutionary_search.cc:533] Sample-Init-Population summary:
Postproc #0 [meta_schedule.DisallowDynamicLoop(0x64ac63b837e8)]: 0 failure(s)
Postproc #1 [meta_schedule.RewriteCooperativeFetch(0x64ac557b9d78)]: 0 failure(s)
Postproc #2 [meta_schedule.RewriteUnboundBlock(0x64ac557bb458)]: 0 failure(s)
Postproc #3 [meta_schedule.RewriteParallelVectorizeUnroll(0x64ac558e2308)]: 0 failure(s)
Postproc #4 [meta_schedule.RewriteReductionBlock(0x64ac622735d8)]: 0 failure(s)
Postproc #5 [meta_schedule.VerifyGPUCode(0x64ac67753fa8)]: 0 failure(s)
Postproc #6 [meta_schedule.RewriteTensorize(0x64ac4d6d16a8)]: 0 failure(s)
2024-03-22 04:46:17 [INFO] [evolutionary_search.cc:723] Sampled 512 candidate(s)
2024-03-22 04:46:17 [INFO] [evolutionary_search.cc:621] Evolve iter #0 done. Summary:
Postproc #0 [meta_schedule.DisallowDynamicLoop(0x64ac63b837e8)]: 0 failure(s)
Postproc #1 [meta_schedule.RewriteCooperativeFetch(0x64ac557b9d78)]: 0 failure(s)
Postproc #2 [meta_schedule.RewriteUnboundBlock(0x64ac557bb458)]: 0 failure(s)
Postproc #3 [meta_schedule.RewriteParallelVectorizeUnroll(0x64ac558e2308)]: 0 failure(s)
Postproc #4 [meta_schedule.RewriteReductionBlock(0x64ac622735d8)]: 0 failure(s)
Postproc #5 [meta_schedule.VerifyGPUCode(0x64ac67753fa8)]: 0 failure(s)
Postproc #6 [meta_schedule.RewriteTensorize(0x64ac4d6d16a8)]: 0 failure(s)
2024-03-22 04:46:17 [INFO] [evolutionary_search.cc:621] Evolve iter #1 done. Summary:
Postproc #0 [meta_schedule.DisallowDynamicLoop(0x64ac63b837e8)]: 0 failure(s)
Postproc #1 [meta_schedule.RewriteCooperativeFetch(0x64ac557b9d78)]: 0 failure(s)
Postproc #2 [meta_schedule.RewriteUnboundBlock(0x64ac557bb458)]: 0 failure(s)
Postproc #3 [meta_schedule.RewriteParallelVectorizeUnroll(0x64ac558e2308)]: 0 failure(s)
Postproc #4 [meta_schedule.RewriteReductionBlock(0x64ac622735d8)]: 0 failure(s)
Postproc #5 [meta_schedule.VerifyGPUCode(0x64ac67753fa8)]: 0 failure(s)
Postproc #6 [meta_schedule.RewriteTensorize(0x64ac4d6d16a8)]: 0 failure(s)
2024-03-22 04:46:18 [INFO] [evolutionary_search.cc:621] Evolve iter #2 done. Summary:
Postproc #0 [meta_schedule.DisallowDynamicLoop(0x64ac63b837e8)]: 0 failure(s)
Postproc #1 [meta_schedule.RewriteCooperativeFetch(0x64ac557b9d78)]: 0 failure(s)
Postproc #2 [meta_schedule.RewriteUnboundBlock(0x64ac557bb458)]: 0 failure(s)
Postproc #3 [meta_schedule.RewriteParallelVectorizeUnroll(0x64ac558e2308)]: 0 failure(s)
Postproc #4 [meta_schedule.RewriteReductionBlock(0x64ac622735d8)]: 0 failure(s)
Postproc #5 [meta_schedule.VerifyGPUCode(0x64ac67753fa8)]: 0 failure(s)
Postproc #6 [meta_schedule.RewriteTensorize(0x64ac4d6d16a8)]: 0 failure(s)
2024-03-22 04:46:18 [INFO] [evolutionary_search.cc:621] Evolve iter #3 done. Summary:
Postproc #0 [meta_schedule.DisallowDynamicLoop(0x64ac63b837e8)]: 0 failure(s)
Postproc #1 [meta_schedule.RewriteCooperativeFetch(0x64ac557b9d78)]: 0 failure(s)
Postproc #2 [meta_schedule.RewriteUnboundBlock(0x64ac557bb458)]: 0 failure(s)
Postproc #3 [meta_schedule.RewriteParallelVectorizeUnroll(0x64ac558e2308)]: 0 failure(s)
Postproc #4 [meta_schedule.RewriteReductionBlock(0x64ac622735d8)]: 0 failure(s)
Postproc #5 [meta_schedule.VerifyGPUCode(0x64ac67753fa8)]: 0 failure(s)
Postproc #6 [meta_schedule.RewriteTensorize(0x64ac4d6d16a8)]: 0 failure(s)
2024-03-22 04:46:18 [INFO] [evolutionary_search.cc:649] Scores of the best 64 candidates:
[1 : 16]:	0.9977  0.9880  0.9866  0.9840  0.9801  0.9791  0.9765  0.9639  0.9618  0.9555  0.9553  0.9499  0.9454  0.9351  0.9314  0.9213
[17 : 32]:	0.9205  0.9190  0.9127  0.9019  0.9006  0.8974  0.8927  0.8881  0.8879  0.8748  0.8726  0.8708  0.8655  0.8546  0.8458  0.8433
[33 : 48]:	0.8407  0.8404  0.8373  0.8369  0.8350  0.8339  0.8278  0.8242  0.8177  0.8165  0.8141  0.8092  0.8054  0.8018  0.8003  0.7991
[49 : 64]:	0.7990  0.7963  0.7944  0.7931  0.7926  0.7883  0.7855  0.7842  0.7836  0.7761  0.7739  0.7677  0.7664  0.7580  0.7550  0.7493
2024-03-22 04:46:18 [INFO] [evolutionary_search.cc:727] Got 64 candidate(s) with evolutionary search
2024-03-22 04:46:18 [INFO] [evolutionary_search.cc:730] Sending 64 candidates(s) for measurement
2024-03-22 04:47:18 [INFO] [task_scheduler.cc:131] [Task #28: fused_nn_softmax] Trial #1: GFLOPs: 1.7370. Time: 2.3028 us. Best GFLOPs: 1.7370
2024-03-22 04:47:18 [INFO] [task_scheduler.cc:131] [Task #28: fused_nn_softmax] Trial #2: GFLOPs: 0.1904. Time: 21.0035 us. Best GFLOPs: 1.7370
2024-03-22 04:47:18 [INFO] [task_scheduler.cc:131] [Task #28: fused_nn_softmax] Trial #3: GFLOPs: 0.1838. Time: 21.7631 us. Best GFLOPs: 1.7370
2024-03-22 04:47:18 [INFO] [task_scheduler.cc:131] [Task #28: fused_nn_softmax] Trial #4: GFLOPs: 0.1485. Time: 26.9327 us. Best GFLOPs: 1.7370
2024-03-22 04:47:18 [INFO] [task_scheduler.cc:131] [Task #28: fused_nn_softmax] Trial #5: GFLOPs: 0.1500. Time: 26.6658 us. Best GFLOPs: 1.7370
2024-03-22 04:47:18 [INFO] [task_scheduler.cc:131] [Task #28: fused_nn_softmax] Trial #6: GFLOPs: 0.1485. Time: 26.9296 us. Best GFLOPs: 1.7370
2024-03-22 04:47:18 [INFO] [task_scheduler.cc:131] [Task #28: fused_nn_softmax] Trial #7: GFLOPs: 0.4229. Time: 9.4588 us. Best GFLOPs: 1.7370
2024-03-22 04:47:18 [INFO] [task_scheduler.cc:131] [Task #28: fused_nn_softmax] Trial #8: GFLOPs: 0.1500. Time: 26.6647 us. Best GFLOPs: 1.7370
2024-03-22 04:47:18 [INFO] [task_scheduler.cc:131] [Task #28: fused_nn_softmax] Trial #9: GFLOPs: 0.2136. Time: 18.7238 us. Best GFLOPs: 1.7370
2024-03-22 04:47:18 [INFO] [task_scheduler.cc:131] [Task #28: fused_nn_softmax] Trial #10: GFLOPs: 0.4229. Time: 9.4594 us. Best GFLOPs: 1.7370
2024-03-22 04:47:18 [INFO] [task_scheduler.cc:131] [Task #28: fused_nn_softmax] Trial #11: GFLOPs: 0.3246. Time: 12.3228 us. Best GFLOPs: 1.7370
2024-03-22 04:47:18 [INFO] [task_scheduler.cc:131] [Task #28: fused_nn_softmax] Trial #12: GFLOPs: 0.1463. Time: 27.3350 us. Best GFLOPs: 1.7370
2024-03-22 04:47:18 [INFO] [task_scheduler.cc:131] [Task #28: fused_nn_softmax] Trial #13: GFLOPs: 0.1228. Time: 32.5647 us. Best GFLOPs: 1.7370
2024-03-22 04:47:18 [INFO] [task_scheduler.cc:131] [Task #28: fused_nn_softmax] Trial #14: GFLOPs: 0.2212. Time: 18.0808 us. Best GFLOPs: 1.7370
2024-03-22 04:47:18 [INFO] [task_scheduler.cc:131] [Task #28: fused_nn_softmax] Trial #15: GFLOPs: 0.2212. Time: 18.0817 us. Best GFLOPs: 1.7370
2024-03-22 04:47:18 [INFO] [task_scheduler.cc:131] [Task #28: fused_nn_softmax] Trial #16: GFLOPs: 0.1463. Time: 27.3327 us. Best GFLOPs: 1.7370
2024-03-22 04:47:18 [INFO] [task_scheduler.cc:131] [Task #28: fused_nn_softmax] Trial #17: GFLOPs: 0.1498. Time: 26.7094 us. Best GFLOPs: 1.7370
2024-03-22 04:47:18 [INFO] [task_scheduler.cc:131] [Task #28: fused_nn_softmax] Trial #18: GFLOPs: 0.7228. Time: 5.5343 us. Best GFLOPs: 1.7370
2024-03-22 04:47:18 [INFO] [task_scheduler.cc:131] [Task #28: fused_nn_softmax] Trial #19: GFLOPs: 0.1463. Time: 27.3342 us. Best GFLOPs: 1.7370
2024-03-22 04:47:18 [INFO] [task_scheduler.cc:131] [Task #28: fused_nn_softmax] Trial #20: GFLOPs: 0.1464. Time: 27.3317 us. Best GFLOPs: 1.7370
2024-03-22 04:47:18 [INFO] [task_scheduler.cc:131] [Task #28: fused_nn_softmax] Trial #21: GFLOPs: 0.1493. Time: 26.7946 us. Best GFLOPs: 1.7370
2024-03-22 04:47:18 [INFO] [task_scheduler.cc:131] [Task #28: fused_nn_softmax] Trial #22: GFLOPs: 0.1493. Time: 26.7984 us. Best GFLOPs: 1.7370
2024-03-22 04:47:18 [INFO] [task_scheduler.cc:131] [Task #28: fused_nn_softmax] Trial #23: GFLOPs: 1.7471. Time: 2.2895 us. Best GFLOPs: 1.7471
2024-03-22 04:47:18 [INFO] [task_scheduler.cc:131] [Task #28: fused_nn_softmax] Trial #24: GFLOPs: 0.1463. Time: 27.3488 us. Best GFLOPs: 1.7471
2024-03-22 04:47:18 [INFO] [task_scheduler.cc:131] [Task #28: fused_nn_softmax] Trial #25: GFLOPs: 0.1500. Time: 26.6652 us. Best GFLOPs: 1.7471
2024-03-22 04:47:18 [INFO] [task_scheduler.cc:131] [Task #28: fused_nn_softmax] Trial #26: GFLOPs: 0.2212. Time: 18.0801 us. Best GFLOPs: 1.7471
2024-03-22 04:47:18 [INFO] [task_scheduler.cc:131] [Task #28: fused_nn_softmax] Trial #27: GFLOPs: 0.1463. Time: 27.3335 us. Best GFLOPs: 1.7471
2024-03-22 04:47:18 [INFO] [task_scheduler.cc:131] [Task #28: fused_nn_softmax] Trial #28: GFLOPs: 0.4229. Time: 9.4583 us. Best GFLOPs: 1.7471
2024-03-22 04:47:18 [INFO] [task_scheduler.cc:131] [Task #28: fused_nn_softmax] Trial #29: GFLOPs: 1.7419. Time: 2.2964 us. Best GFLOPs: 1.7471
2024-03-22 04:47:18 [INFO] [task_scheduler.cc:131] [Task #28: fused_nn_softmax] Trial #30: GFLOPs: 0.1464. Time: 27.3294 us. Best GFLOPs: 1.7471
2024-03-22 04:47:18 [INFO] [task_scheduler.cc:131] [Task #28: fused_nn_softmax] Trial #31: GFLOPs: 0.1228. Time: 32.5617 us. Best GFLOPs: 1.7471
2024-03-22 04:47:18 [INFO] [task_scheduler.cc:131] [Task #28: fused_nn_softmax] Trial #32: GFLOPs: 0.1464. Time: 27.3306 us. Best GFLOPs: 1.7471
2024-03-22 04:47:18 [INFO] [task_scheduler.cc:131] [Task #28: fused_nn_softmax] Trial #33: GFLOPs: 0.1228. Time: 32.5606 us. Best GFLOPs: 1.7471
2024-03-22 04:47:18 [INFO] [task_scheduler.cc:131] [Task #28: fused_nn_softmax] Trial #34: GFLOPs: 0.1501. Time: 26.6575 us. Best GFLOPs: 1.7471
2024-03-22 04:47:18 [INFO] [task_scheduler.cc:131] [Task #28: fused_nn_softmax] Trial #35: GFLOPs: 0.1214. Time: 32.9598 us. Best GFLOPs: 1.7471
2024-03-22 04:47:18 [INFO] [task_scheduler.cc:131] [Task #28: fused_nn_softmax] Trial #36: GFLOPs: 0.1501. Time: 26.6562 us. Best GFLOPs: 1.7471
2024-03-22 04:47:18 [INFO] [task_scheduler.cc:131] [Task #28: fused_nn_softmax] Trial #37: GFLOPs: 0.1501. Time: 26.6560 us. Best GFLOPs: 1.7471
2024-03-22 04:47:18 [INFO] [task_scheduler.cc:131] [Task #28: fused_nn_softmax] Trial #38: GFLOPs: 0.3529. Time: 11.3351 us. Best GFLOPs: 1.7471
2024-03-22 04:47:18 [INFO] [task_scheduler.cc:131] [Task #28: fused_nn_softmax] Trial #39: GFLOPs: 0.1485. Time: 26.9272 us. Best GFLOPs: 1.7471
2024-03-22 04:47:18 [INFO] [task_scheduler.cc:131] [Task #28: fused_nn_softmax] Trial #40: GFLOPs: 0.3418. Time: 11.7030 us. Best GFLOPs: 1.7471
2024-03-22 04:47:18 [INFO] [task_scheduler.cc:131] [Task #28: fused_nn_softmax] Trial #41: GFLOPs: 0.1500. Time: 26.6578 us. Best GFLOPs: 1.7471
2024-03-22 04:47:18 [INFO] [task_scheduler.cc:131] [Task #28: fused_nn_softmax] Trial #42: GFLOPs: 0.1486. Time: 26.9254 us. Best GFLOPs: 1.7471
2024-03-22 04:47:18 [INFO] [task_scheduler.cc:131] [Task #28: fused_nn_softmax] Trial #43: GFLOPs: 0.4553. Time: 8.7858 us. Best GFLOPs: 1.7471
2024-03-22 04:47:18 [INFO] [task_scheduler.cc:131] [Task #28: fused_nn_softmax] Trial #44: GFLOPs: 0.1493. Time: 26.7920 us. Best GFLOPs: 1.7471
2024-03-22 04:47:18 [INFO] [task_scheduler.cc:131] [Task #28: fused_nn_softmax] Trial #45: GFLOPs: 0.1486. Time: 26.9262 us. Best GFLOPs: 1.7471
2024-03-22 04:47:18 [INFO] [task_scheduler.cc:131] [Task #28: fused_nn_softmax] Trial #46: GFLOPs: 0.1500. Time: 26.6647 us. Best GFLOPs: 1.7471
2024-03-22 04:47:18 [INFO] [task_scheduler.cc:131] [Task #28: fused_nn_softmax] Trial #47: GFLOPs: 0.7481. Time: 5.3472 us. Best GFLOPs: 1.7471
2024-03-22 04:47:18 [INFO] [task_scheduler.cc:131] [Task #28: fused_nn_softmax] Trial #48: GFLOPs: 0.1500. Time: 26.6578 us. Best GFLOPs: 1.7471
2024-03-22 04:47:18 [INFO] [task_scheduler.cc:131] [Task #28: fused_nn_softmax] Trial #49: GFLOPs: 0.1501. Time: 26.6576 us. Best GFLOPs: 1.7471
2024-03-22 04:47:18 [INFO] [task_scheduler.cc:131] [Task #28: fused_nn_softmax] Trial #50: GFLOPs: 1.7314. Time: 2.3103 us. Best GFLOPs: 1.7471
2024-03-22 04:47:18 [INFO] [task_scheduler.cc:131] [Task #28: fused_nn_softmax] Trial #51: GFLOPs: 0.1501. Time: 26.6573 us. Best GFLOPs: 1.7471
2024-03-22 04:47:18 [INFO] [task_scheduler.cc:131] [Task #28: fused_nn_softmax] Trial #52: GFLOPs: 0.4223. Time: 9.4718 us. Best GFLOPs: 1.7471
2024-03-22 04:47:18 [INFO] [task_scheduler.cc:131] [Task #28: fused_nn_softmax] Trial #53: GFLOPs: 0.1229. Time: 32.5575 us. Best GFLOPs: 1.7471
2024-03-22 04:47:18 [INFO] [task_scheduler.cc:131] [Task #28: fused_nn_softmax] Trial #54: GFLOPs: 0.2997. Time: 13.3459 us. Best GFLOPs: 1.7471
2024-03-22 04:47:18 [INFO] [task_scheduler.cc:131] [Task #28: fused_nn_softmax] Trial #55: GFLOPs: 0.2057. Time: 19.4446 us. Best GFLOPs: 1.7471
2024-03-22 04:47:18 [INFO] [task_scheduler.cc:131] [Task #28: fused_nn_softmax] Trial #56: GFLOPs: 0.1478. Time: 27.0563 us. Best GFLOPs: 1.7471
2024-03-22 04:47:18 [INFO] [task_scheduler.cc:131] [Task #28: fused_nn_softmax] Trial #57: GFLOPs: 0.1500. Time: 26.6579 us. Best GFLOPs: 1.7471
2024-03-22 04:47:18 [INFO] [task_scheduler.cc:131] [Task #28: fused_nn_softmax] Trial #58: GFLOPs: 0.1493. Time: 26.7909 us. Best GFLOPs: 1.7471
2024-03-22 04:47:18 [INFO] [task_scheduler.cc:131] [Task #28: fused_nn_softmax] Trial #59: GFLOPs: 0.2213. Time: 18.0759 us. Best GFLOPs: 1.7471
2024-03-22 04:47:18 [INFO] [task_scheduler.cc:131] [Task #28: fused_nn_softmax] Trial #60: GFLOPs: 0.1501. Time: 26.6557 us. Best GFLOPs: 1.7471
2024-03-22 04:47:18 [INFO] [task_scheduler.cc:131] [Task #28: fused_nn_softmax] Trial #61: GFLOPs: 0.1533. Time: 26.0918 us. Best GFLOPs: 1.7471
2024-03-22 04:47:18 [INFO] [task_scheduler.cc:131] [Task #28: fused_nn_softmax] Trial #62: GFLOPs: 0.1533. Time: 26.0935 us. Best GFLOPs: 1.7471
2024-03-22 04:47:18 [INFO] [task_scheduler.cc:131] [Task #28: fused_nn_softmax] Trial #63: GFLOPs: 0.1224. Time: 32.6927 us. Best GFLOPs: 1.7471
2024-03-22 04:47:18 [INFO] [task_scheduler.cc:131] [Task #28: fused_nn_softmax] Trial #64: GFLOPs: 0.1229. Time: 32.5595 us. Best GFLOPs: 1.7471
