2024-04-28 20:37:41 [INFO] [task_scheduler.cc:160] Initializing Task #6: "fused_strided_slice_layout_transform_2"
2024-04-28 20:37:41 [INFO] [task_scheduler.cc:35] 
# from tvm.script import ir as I
# from tvm.script import tir as T

@I.ir_module
class Module:
    @T.prim_func
    def main(p0: T.Buffer((T.int64(1), T.int64(116), T.int64(28), T.int64(28)), "float32"), T_layout_trans: T.Buffer((T.int64(1), T.int64(29), T.int64(28), T.int64(28), T.int64(2)), "float32")):
        T.func_attr({"tir.noalias": T.bool(True)})
        # with T.block("root"):
        T_strided_slice_with_axes = T.alloc_buffer((T.int64(1), T.int64(58), T.int64(28), T.int64(28)))
        for ax0, ax1, ax2, ax3 in T.grid(T.int64(1), T.int64(58), T.int64(28), T.int64(28)):
            with T.block("T_strided_slice_with_axes"):
                v_ax0, v_ax1, v_ax2, v_ax3 = T.axis.remap("SSSS", [ax0, ax1, ax2, ax3])
                T.reads(p0[v_ax0, v_ax1 + T.int64(58), v_ax2, v_ax3])
                T.writes(T_strided_slice_with_axes[v_ax0, v_ax1, v_ax2, v_ax3])
                T_strided_slice_with_axes[v_ax0, v_ax1, v_ax2, v_ax3] = p0[v_ax0, v_ax1 + T.int64(58), v_ax2, v_ax3]
        for ax0, ax1, ax2, ax3, ax4 in T.grid(T.int64(1), T.int64(29), T.int64(28), T.int64(28), T.int64(2)):
            with T.block("T_layout_trans"):
                v_ax0, v_ax1, v_ax2, v_ax3, v_ax4 = T.axis.remap("SSSSS", [ax0, ax1, ax2, ax3, ax4])
                T.reads(T_strided_slice_with_axes[v_ax0, v_ax1 * T.int64(2) + v_ax4, v_ax2, v_ax3])
                T.writes(T_layout_trans[v_ax0, v_ax1, v_ax2, v_ax3, v_ax4])
                T.block_attr({"dst_layout": "NCHW2c", "input_shape": [1, 58, 28, 28], "schedule_rule": "None", "src_layout": "NCHW"})
                T_layout_trans[v_ax0, v_ax1, v_ax2, v_ax3, v_ax4] = T.if_then_else(v_ax0 < T.int64(1) and v_ax1 * T.int64(2) + v_ax4 < T.int64(58) and v_ax2 < T.int64(28) and v_ax3 < T.int64(28), T_strided_slice_with_axes[v_ax0, v_ax1 * T.int64(2) + v_ax4, v_ax2, v_ax3], T.float32(0))
2024-04-28 20:37:41 [INFO] [task_scheduler.cc:164] Total 1 design space(s) generated
2024-04-28 20:37:41 [INFO] [task_scheduler.cc:170] Design space #0:
# from tvm.script import ir as I
# from tvm.script import tir as T

@I.ir_module
class Module:
    @T.prim_func
    def main(p0: T.Buffer((T.int64(1), T.int64(116), T.int64(28), T.int64(28)), "float32"), T_layout_trans: T.Buffer((T.int64(1), T.int64(29), T.int64(28), T.int64(28), T.int64(2)), "float32")):
        T.func_attr({"tir.noalias": T.bool(True)})
        with T.block("root"):
            T.reads()
            T.writes()
            T.block_attr({"meta_schedule.parallel": 768, "meta_schedule.vectorize": 64})
            for ax0, ax1, ax2, ax3, ax4 in T.grid(T.int64(1), T.int64(29), T.int64(28), T.int64(28), T.int64(2)):
                with T.block("T_layout_trans"):
                    v_ax0, v_ax1, v_ax2, v_ax3, v_ax4 = T.axis.remap("SSSSS", [ax0, ax1, ax2, ax3, ax4])
                    T.reads(p0[v_ax0, v_ax1 * T.int64(2) + v_ax4 + T.int64(58), v_ax2, v_ax3])
                    T.writes(T_layout_trans[v_ax0, v_ax1, v_ax2, v_ax3, v_ax4])
                    T.block_attr({"dst_layout": "NCHW2c", "input_shape": [1, 58, 28, 28], "schedule_rule": "None", "src_layout": "NCHW"})
                    T_layout_trans[v_ax0, v_ax1, v_ax2, v_ax3, v_ax4] = T.if_then_else(v_ax0 < T.int64(1) and v_ax1 * T.int64(2) + v_ax4 < T.int64(58) and v_ax2 < T.int64(28) and v_ax3 < T.int64(28), p0[v_ax0, v_ax1 * T.int64(2) + v_ax4 + T.int64(58), v_ax2, v_ax3], T.float32(0))
b0 = sch.get_block(name="T_strided_slice_with_axes", func_name="main")
b1 = sch.get_block(name="root", func_name="main")
sch.compute_inline(block=b0)
sch.annotate(block_or_loop=b1, ann_key="meta_schedule.parallel", ann_val=768)
sch.annotate(block_or_loop=b1, ann_key="meta_schedule.vectorize", ann_val=64)
2024-04-28 20:45:32 [INFO] [evolutionary_search.cc:713] Generating candidates......
2024-04-28 20:45:32 [INFO] [evolutionary_search.cc:715] Picked top 0 candidate(s) from database
2024-04-28 20:45:33 [INFO] [evolutionary_search.cc:533] Sample-Init-Population summary:
Postproc #0 [meta_schedule.DisallowDynamicLoop(0x4f0f438)]: 0 failure(s)
Postproc #1 [meta_schedule.RewriteParallelVectorizeUnroll(0x4f19a08)]: 0 failure(s)
Postproc #2 [meta_schedule.RewriteReductionBlock(0x324e658)]: 0 failure(s)
Postproc #3 [meta_schedule.RewriteLayout(0x54f4048)]: 0 failure(s)
2024-04-28 20:45:33 [INFO] [evolutionary_search.cc:723] Sampled 512 candidate(s)
2024-04-28 20:45:34 [INFO] [evolutionary_search.cc:621] Evolve iter #0 done. Summary:
Postproc #0 [meta_schedule.DisallowDynamicLoop(0x4f0f438)]: 0 failure(s)
Postproc #1 [meta_schedule.RewriteParallelVectorizeUnroll(0x4f19a08)]: 0 failure(s)
Postproc #2 [meta_schedule.RewriteReductionBlock(0x324e658)]: 0 failure(s)
Postproc #3 [meta_schedule.RewriteLayout(0x54f4048)]: 0 failure(s)
2024-04-28 20:45:35 [INFO] [evolutionary_search.cc:621] Evolve iter #1 done. Summary:
Postproc #0 [meta_schedule.DisallowDynamicLoop(0x4f0f438)]: 0 failure(s)
Postproc #1 [meta_schedule.RewriteParallelVectorizeUnroll(0x4f19a08)]: 0 failure(s)
Postproc #2 [meta_schedule.RewriteReductionBlock(0x324e658)]: 0 failure(s)
Postproc #3 [meta_schedule.RewriteLayout(0x54f4048)]: 0 failure(s)
2024-04-28 20:45:35 [INFO] [evolutionary_search.cc:621] Evolve iter #2 done. Summary:
Postproc #0 [meta_schedule.DisallowDynamicLoop(0x4f0f438)]: 0 failure(s)
Postproc #1 [meta_schedule.RewriteParallelVectorizeUnroll(0x4f19a08)]: 0 failure(s)
Postproc #2 [meta_schedule.RewriteReductionBlock(0x324e658)]: 0 failure(s)
Postproc #3 [meta_schedule.RewriteLayout(0x54f4048)]: 0 failure(s)
2024-04-28 20:45:36 [INFO] [evolutionary_search.cc:621] Evolve iter #3 done. Summary:
Postproc #0 [meta_schedule.DisallowDynamicLoop(0x4f0f438)]: 0 failure(s)
Postproc #1 [meta_schedule.RewriteParallelVectorizeUnroll(0x4f19a08)]: 0 failure(s)
Postproc #2 [meta_schedule.RewriteReductionBlock(0x324e658)]: 0 failure(s)
Postproc #3 [meta_schedule.RewriteLayout(0x54f4048)]: 0 failure(s)
2024-04-28 20:45:37 [INFO] [evolutionary_search.cc:649] Scores of the best 2 candidates:
[1 : 2]:	0.5327  0.4484
2024-04-28 20:45:37 [INFO] [evolutionary_search.cc:727] Got 2 candidate(s) with evolutionary search
2024-04-28 20:45:37 [INFO] [evolutionary_search.cc:730] Sending 2 candidates(s) for measurement
2024-04-28 21:11:39 [INFO] [task_scheduler.cc:131] [Task #6: fused_strided_slice_layout_transform_2] Trial #1: GFLOPs: 0.0000. Time: 30.0880 us. Best GFLOPs: 0.0000
2024-04-28 21:11:39 [INFO] [task_scheduler.cc:131] [Task #6: fused_strided_slice_layout_transform_2] Trial #2: GFLOPs: 0.0000. Time: 28.6248 us. Best GFLOPs: 0.0000
2024-04-28 21:51:21 [INFO] [evolutionary_search.cc:713] Generating candidates......
2024-04-28 21:51:21 [INFO] [evolutionary_search.cc:715] Picked top 2 candidate(s) from database
2024-04-28 21:51:22 [INFO] [evolutionary_search.cc:533] Sample-Init-Population summary:
Postproc #0 [meta_schedule.DisallowDynamicLoop(0x4f0f438)]: 0 failure(s)
Postproc #1 [meta_schedule.RewriteParallelVectorizeUnroll(0x4f19a08)]: 0 failure(s)
Postproc #2 [meta_schedule.RewriteReductionBlock(0x324e658)]: 0 failure(s)
Postproc #3 [meta_schedule.RewriteLayout(0x54f4048)]: 0 failure(s)
2024-04-28 21:51:22 [INFO] [evolutionary_search.cc:723] Sampled 510 candidate(s)
2024-04-28 21:51:24 [INFO] [evolutionary_search.cc:621] Evolve iter #0 done. Summary:
Postproc #0 [meta_schedule.DisallowDynamicLoop(0x4f0f438)]: 0 failure(s)
Postproc #1 [meta_schedule.RewriteParallelVectorizeUnroll(0x4f19a08)]: 0 failure(s)
Postproc #2 [meta_schedule.RewriteReductionBlock(0x324e658)]: 0 failure(s)
Postproc #3 [meta_schedule.RewriteLayout(0x54f4048)]: 0 failure(s)
2024-04-28 21:51:25 [INFO] [evolutionary_search.cc:621] Evolve iter #1 done. Summary:
Postproc #0 [meta_schedule.DisallowDynamicLoop(0x4f0f438)]: 0 failure(s)
Postproc #1 [meta_schedule.RewriteParallelVectorizeUnroll(0x4f19a08)]: 0 failure(s)
Postproc #2 [meta_schedule.RewriteReductionBlock(0x324e658)]: 0 failure(s)
Postproc #3 [meta_schedule.RewriteLayout(0x54f4048)]: 0 failure(s)
2024-04-28 21:51:27 [INFO] [evolutionary_search.cc:621] Evolve iter #2 done. Summary:
Postproc #0 [meta_schedule.DisallowDynamicLoop(0x4f0f438)]: 0 failure(s)
Postproc #1 [meta_schedule.RewriteParallelVectorizeUnroll(0x4f19a08)]: 0 failure(s)
Postproc #2 [meta_schedule.RewriteReductionBlock(0x324e658)]: 0 failure(s)
Postproc #3 [meta_schedule.RewriteLayout(0x54f4048)]: 0 failure(s)
2024-04-28 21:51:29 [INFO] [evolutionary_search.cc:621] Evolve iter #3 done. Summary:
Postproc #0 [meta_schedule.DisallowDynamicLoop(0x4f0f438)]: 0 failure(s)
Postproc #1 [meta_schedule.RewriteParallelVectorizeUnroll(0x4f19a08)]: 0 failure(s)
Postproc #2 [meta_schedule.RewriteReductionBlock(0x324e658)]: 0 failure(s)
Postproc #3 [meta_schedule.RewriteLayout(0x54f4048)]: 0 failure(s)
2024-04-28 21:51:30 [INFO] [evolutionary_search.cc:649] Scores of the best 0 candidates:
2024-04-28 21:51:30 [INFO] [evolutionary_search.cc:727] Got 0 candidate(s) with evolutionary search
2024-04-28 21:51:30 [INFO] [evolutionary_search.cc:730] Sending 0 candidates(s) for measurement
2024-04-28 22:24:53 [INFO] [evolutionary_search.cc:713] Generating candidates......
2024-04-28 22:24:53 [INFO] [evolutionary_search.cc:715] Picked top 2 candidate(s) from database
2024-04-28 22:24:54 [INFO] [evolutionary_search.cc:533] Sample-Init-Population summary:
Postproc #0 [meta_schedule.DisallowDynamicLoop(0x4f0f438)]: 0 failure(s)
Postproc #1 [meta_schedule.RewriteParallelVectorizeUnroll(0x4f19a08)]: 0 failure(s)
Postproc #2 [meta_schedule.RewriteReductionBlock(0x324e658)]: 0 failure(s)
Postproc #3 [meta_schedule.RewriteLayout(0x54f4048)]: 0 failure(s)
2024-04-28 22:24:54 [INFO] [evolutionary_search.cc:723] Sampled 510 candidate(s)
2024-04-28 22:24:56 [INFO] [evolutionary_search.cc:621] Evolve iter #0 done. Summary:
Postproc #0 [meta_schedule.DisallowDynamicLoop(0x4f0f438)]: 0 failure(s)
Postproc #1 [meta_schedule.RewriteParallelVectorizeUnroll(0x4f19a08)]: 0 failure(s)
Postproc #2 [meta_schedule.RewriteReductionBlock(0x324e658)]: 0 failure(s)
Postproc #3 [meta_schedule.RewriteLayout(0x54f4048)]: 0 failure(s)
2024-04-28 22:24:57 [INFO] [evolutionary_search.cc:621] Evolve iter #1 done. Summary:
Postproc #0 [meta_schedule.DisallowDynamicLoop(0x4f0f438)]: 0 failure(s)
Postproc #1 [meta_schedule.RewriteParallelVectorizeUnroll(0x4f19a08)]: 0 failure(s)
Postproc #2 [meta_schedule.RewriteReductionBlock(0x324e658)]: 0 failure(s)
Postproc #3 [meta_schedule.RewriteLayout(0x54f4048)]: 0 failure(s)
2024-04-28 22:24:59 [INFO] [evolutionary_search.cc:621] Evolve iter #2 done. Summary:
Postproc #0 [meta_schedule.DisallowDynamicLoop(0x4f0f438)]: 0 failure(s)
Postproc #1 [meta_schedule.RewriteParallelVectorizeUnroll(0x4f19a08)]: 0 failure(s)
Postproc #2 [meta_schedule.RewriteReductionBlock(0x324e658)]: 0 failure(s)
Postproc #3 [meta_schedule.RewriteLayout(0x54f4048)]: 0 failure(s)
2024-04-28 22:25:01 [INFO] [evolutionary_search.cc:621] Evolve iter #3 done. Summary:
Postproc #0 [meta_schedule.DisallowDynamicLoop(0x4f0f438)]: 0 failure(s)
Postproc #1 [meta_schedule.RewriteParallelVectorizeUnroll(0x4f19a08)]: 0 failure(s)
Postproc #2 [meta_schedule.RewriteReductionBlock(0x324e658)]: 0 failure(s)
Postproc #3 [meta_schedule.RewriteLayout(0x54f4048)]: 0 failure(s)
2024-04-28 22:25:02 [INFO] [evolutionary_search.cc:649] Scores of the best 0 candidates:
2024-04-28 22:25:02 [INFO] [evolutionary_search.cc:727] Got 0 candidate(s) with evolutionary search
2024-04-28 22:25:02 [INFO] [evolutionary_search.cc:730] Sending 0 candidates(s) for measurement
2024-04-28 23:11:15 [INFO] [evolutionary_search.cc:713] Generating candidates......
2024-04-28 23:11:15 [INFO] [evolutionary_search.cc:715] Picked top 2 candidate(s) from database
2024-04-28 23:11:16 [INFO] [evolutionary_search.cc:533] Sample-Init-Population summary:
Postproc #0 [meta_schedule.DisallowDynamicLoop(0x4f0f438)]: 0 failure(s)
Postproc #1 [meta_schedule.RewriteParallelVectorizeUnroll(0x4f19a08)]: 0 failure(s)
Postproc #2 [meta_schedule.RewriteReductionBlock(0x324e658)]: 0 failure(s)
Postproc #3 [meta_schedule.RewriteLayout(0x54f4048)]: 0 failure(s)
2024-04-28 23:11:16 [INFO] [evolutionary_search.cc:723] Sampled 510 candidate(s)
2024-04-28 23:11:18 [INFO] [evolutionary_search.cc:621] Evolve iter #0 done. Summary:
Postproc #0 [meta_schedule.DisallowDynamicLoop(0x4f0f438)]: 0 failure(s)
Postproc #1 [meta_schedule.RewriteParallelVectorizeUnroll(0x4f19a08)]: 0 failure(s)
Postproc #2 [meta_schedule.RewriteReductionBlock(0x324e658)]: 0 failure(s)
Postproc #3 [meta_schedule.RewriteLayout(0x54f4048)]: 0 failure(s)
2024-04-28 23:11:20 [INFO] [evolutionary_search.cc:621] Evolve iter #1 done. Summary:
Postproc #0 [meta_schedule.DisallowDynamicLoop(0x4f0f438)]: 0 failure(s)
Postproc #1 [meta_schedule.RewriteParallelVectorizeUnroll(0x4f19a08)]: 0 failure(s)
Postproc #2 [meta_schedule.RewriteReductionBlock(0x324e658)]: 0 failure(s)
Postproc #3 [meta_schedule.RewriteLayout(0x54f4048)]: 0 failure(s)
2024-04-28 23:11:21 [INFO] [evolutionary_search.cc:621] Evolve iter #2 done. Summary:
Postproc #0 [meta_schedule.DisallowDynamicLoop(0x4f0f438)]: 0 failure(s)
Postproc #1 [meta_schedule.RewriteParallelVectorizeUnroll(0x4f19a08)]: 0 failure(s)
Postproc #2 [meta_schedule.RewriteReductionBlock(0x324e658)]: 0 failure(s)
Postproc #3 [meta_schedule.RewriteLayout(0x54f4048)]: 0 failure(s)
2024-04-28 23:11:23 [INFO] [evolutionary_search.cc:621] Evolve iter #3 done. Summary:
Postproc #0 [meta_schedule.DisallowDynamicLoop(0x4f0f438)]: 0 failure(s)
Postproc #1 [meta_schedule.RewriteParallelVectorizeUnroll(0x4f19a08)]: 0 failure(s)
Postproc #2 [meta_schedule.RewriteReductionBlock(0x324e658)]: 0 failure(s)
Postproc #3 [meta_schedule.RewriteLayout(0x54f4048)]: 0 failure(s)
2024-04-28 23:11:24 [INFO] [evolutionary_search.cc:649] Scores of the best 0 candidates:
2024-04-28 23:11:24 [INFO] [evolutionary_search.cc:727] Got 0 candidate(s) with evolutionary search
2024-04-28 23:11:24 [INFO] [evolutionary_search.cc:730] Sending 0 candidates(s) for measurement
2024-04-28 23:52:41 [INFO] [evolutionary_search.cc:713] Generating candidates......
2024-04-28 23:52:41 [INFO] [evolutionary_search.cc:715] Picked top 2 candidate(s) from database
2024-04-28 23:52:42 [INFO] [evolutionary_search.cc:533] Sample-Init-Population summary:
Postproc #0 [meta_schedule.DisallowDynamicLoop(0x4f0f438)]: 0 failure(s)
Postproc #1 [meta_schedule.RewriteParallelVectorizeUnroll(0x4f19a08)]: 0 failure(s)
Postproc #2 [meta_schedule.RewriteReductionBlock(0x324e658)]: 0 failure(s)
Postproc #3 [meta_schedule.RewriteLayout(0x54f4048)]: 0 failure(s)
2024-04-28 23:52:42 [INFO] [evolutionary_search.cc:723] Sampled 510 candidate(s)
2024-04-28 23:52:43 [INFO] [evolutionary_search.cc:621] Evolve iter #0 done. Summary:
Postproc #0 [meta_schedule.DisallowDynamicLoop(0x4f0f438)]: 0 failure(s)
Postproc #1 [meta_schedule.RewriteParallelVectorizeUnroll(0x4f19a08)]: 0 failure(s)
Postproc #2 [meta_schedule.RewriteReductionBlock(0x324e658)]: 0 failure(s)
Postproc #3 [meta_schedule.RewriteLayout(0x54f4048)]: 0 failure(s)
2024-04-28 23:52:45 [INFO] [evolutionary_search.cc:621] Evolve iter #1 done. Summary:
Postproc #0 [meta_schedule.DisallowDynamicLoop(0x4f0f438)]: 0 failure(s)
Postproc #1 [meta_schedule.RewriteParallelVectorizeUnroll(0x4f19a08)]: 0 failure(s)
Postproc #2 [meta_schedule.RewriteReductionBlock(0x324e658)]: 0 failure(s)
Postproc #3 [meta_schedule.RewriteLayout(0x54f4048)]: 0 failure(s)
2024-04-28 23:52:47 [INFO] [evolutionary_search.cc:621] Evolve iter #2 done. Summary:
Postproc #0 [meta_schedule.DisallowDynamicLoop(0x4f0f438)]: 0 failure(s)
Postproc #1 [meta_schedule.RewriteParallelVectorizeUnroll(0x4f19a08)]: 0 failure(s)
Postproc #2 [meta_schedule.RewriteReductionBlock(0x324e658)]: 0 failure(s)
Postproc #3 [meta_schedule.RewriteLayout(0x54f4048)]: 0 failure(s)
2024-04-28 23:52:48 [INFO] [evolutionary_search.cc:621] Evolve iter #3 done. Summary:
Postproc #0 [meta_schedule.DisallowDynamicLoop(0x4f0f438)]: 0 failure(s)
Postproc #1 [meta_schedule.RewriteParallelVectorizeUnroll(0x4f19a08)]: 0 failure(s)
Postproc #2 [meta_schedule.RewriteReductionBlock(0x324e658)]: 0 failure(s)
Postproc #3 [meta_schedule.RewriteLayout(0x54f4048)]: 0 failure(s)
2024-04-28 23:52:50 [INFO] [evolutionary_search.cc:649] Scores of the best 0 candidates:
2024-04-28 23:52:50 [INFO] [evolutionary_search.cc:727] Got 0 candidate(s) with evolutionary search
2024-04-28 23:52:50 [INFO] [evolutionary_search.cc:730] Sending 0 candidates(s) for measurement
2024-04-29 00:34:39 [INFO] [evolutionary_search.cc:713] Generating candidates......
2024-04-29 00:34:39 [INFO] [evolutionary_search.cc:715] Picked top 2 candidate(s) from database
2024-04-29 00:34:40 [INFO] [evolutionary_search.cc:533] Sample-Init-Population summary:
Postproc #0 [meta_schedule.DisallowDynamicLoop(0x4f0f438)]: 0 failure(s)
Postproc #1 [meta_schedule.RewriteParallelVectorizeUnroll(0x4f19a08)]: 0 failure(s)
Postproc #2 [meta_schedule.RewriteReductionBlock(0x324e658)]: 0 failure(s)
Postproc #3 [meta_schedule.RewriteLayout(0x54f4048)]: 0 failure(s)
2024-04-29 00:34:40 [INFO] [evolutionary_search.cc:723] Sampled 510 candidate(s)
2024-04-29 00:34:41 [INFO] [evolutionary_search.cc:621] Evolve iter #0 done. Summary:
Postproc #0 [meta_schedule.DisallowDynamicLoop(0x4f0f438)]: 0 failure(s)
Postproc #1 [meta_schedule.RewriteParallelVectorizeUnroll(0x4f19a08)]: 0 failure(s)
Postproc #2 [meta_schedule.RewriteReductionBlock(0x324e658)]: 0 failure(s)
Postproc #3 [meta_schedule.RewriteLayout(0x54f4048)]: 0 failure(s)
2024-04-29 00:34:43 [INFO] [evolutionary_search.cc:621] Evolve iter #1 done. Summary:
Postproc #0 [meta_schedule.DisallowDynamicLoop(0x4f0f438)]: 0 failure(s)
Postproc #1 [meta_schedule.RewriteParallelVectorizeUnroll(0x4f19a08)]: 0 failure(s)
Postproc #2 [meta_schedule.RewriteReductionBlock(0x324e658)]: 0 failure(s)
Postproc #3 [meta_schedule.RewriteLayout(0x54f4048)]: 0 failure(s)
2024-04-29 00:34:45 [INFO] [evolutionary_search.cc:621] Evolve iter #2 done. Summary:
Postproc #0 [meta_schedule.DisallowDynamicLoop(0x4f0f438)]: 0 failure(s)
Postproc #1 [meta_schedule.RewriteParallelVectorizeUnroll(0x4f19a08)]: 0 failure(s)
Postproc #2 [meta_schedule.RewriteReductionBlock(0x324e658)]: 0 failure(s)
Postproc #3 [meta_schedule.RewriteLayout(0x54f4048)]: 0 failure(s)
2024-04-29 00:34:46 [INFO] [evolutionary_search.cc:621] Evolve iter #3 done. Summary:
Postproc #0 [meta_schedule.DisallowDynamicLoop(0x4f0f438)]: 0 failure(s)
Postproc #1 [meta_schedule.RewriteParallelVectorizeUnroll(0x4f19a08)]: 0 failure(s)
Postproc #2 [meta_schedule.RewriteReductionBlock(0x324e658)]: 0 failure(s)
Postproc #3 [meta_schedule.RewriteLayout(0x54f4048)]: 0 failure(s)
2024-04-29 00:34:48 [INFO] [evolutionary_search.cc:649] Scores of the best 0 candidates:
2024-04-29 00:34:48 [INFO] [evolutionary_search.cc:727] Got 0 candidate(s) with evolutionary search
2024-04-29 00:34:48 [INFO] [evolutionary_search.cc:730] Sending 0 candidates(s) for measurement
