2024-04-29 16:31:30 [INFO] [task_scheduler.cc:160] Initializing Task #62: "fused_concatenate_multiply_add_nn_relu_31"
2024-04-29 16:31:30 [INFO] [task_scheduler.cc:35] 
# from tvm.script import ir as I
# from tvm.script import tir as T

@I.ir_module
class Module:
    @T.prim_func
    def main(p0: T.Buffer((T.int64(1), T.int64(896), T.int64(7), T.int64(7)), "float32"), p1: T.Buffer((T.int64(1), T.int64(896), T.int64(1), T.int64(1)), "float32"), p2: T.Buffer((T.int64(1), T.int64(896), T.int64(1), T.int64(1)), "float32"), T_relu: T.Buffer((T.int64(1), T.int64(896), T.int64(7), T.int64(7)), "float32")):
        T.func_attr({"tir.noalias": T.bool(True)})
        # with T.block("root"):
        T_concat = T.alloc_buffer((T.int64(1), T.int64(896), T.int64(7), T.int64(7)))
        T_multiply = T.alloc_buffer((T.int64(1), T.int64(896), T.int64(7), T.int64(7)))
        T_add = T.alloc_buffer((T.int64(1), T.int64(896), T.int64(7), T.int64(7)))
        for ax0, ax1, ax2, ax3 in T.grid(T.int64(1), T.int64(896), T.int64(7), T.int64(7)):
            with T.block("T_concat"):
                v_ax0, v_ax1, v_ax2, v_ax3 = T.axis.remap("SSSS", [ax0, ax1, ax2, ax3])
                T.reads(p0[v_ax0, v_ax1, v_ax2, v_ax3])
                T.writes(T_concat[v_ax0, v_ax1, v_ax2, v_ax3])
                T_concat[v_ax0, v_ax1, v_ax2, v_ax3] = p0[v_ax0, v_ax1, v_ax2, v_ax3]
        for ax0, ax1, ax2, ax3 in T.grid(T.int64(1), T.int64(896), T.int64(7), T.int64(7)):
            with T.block("T_multiply"):
                v_ax0, v_ax1, v_ax2, v_ax3 = T.axis.remap("SSSS", [ax0, ax1, ax2, ax3])
                T.reads(T_concat[v_ax0, v_ax1, v_ax2, v_ax3], p1[v_ax0, v_ax1, T.int64(0), T.int64(0)])
                T.writes(T_multiply[v_ax0, v_ax1, v_ax2, v_ax3])
                T_multiply[v_ax0, v_ax1, v_ax2, v_ax3] = T_concat[v_ax0, v_ax1, v_ax2, v_ax3] * p1[v_ax0, v_ax1, T.int64(0), T.int64(0)]
        for ax0, ax1, ax2, ax3 in T.grid(T.int64(1), T.int64(896), T.int64(7), T.int64(7)):
            with T.block("T_add"):
                v_ax0, v_ax1, v_ax2, v_ax3 = T.axis.remap("SSSS", [ax0, ax1, ax2, ax3])
                T.reads(T_multiply[v_ax0, v_ax1, v_ax2, v_ax3], p2[v_ax0, v_ax1, T.int64(0), T.int64(0)])
                T.writes(T_add[v_ax0, v_ax1, v_ax2, v_ax3])
                T_add[v_ax0, v_ax1, v_ax2, v_ax3] = T_multiply[v_ax0, v_ax1, v_ax2, v_ax3] + p2[v_ax0, v_ax1, T.int64(0), T.int64(0)]
        for ax0, ax1, ax2, ax3 in T.grid(T.int64(1), T.int64(896), T.int64(7), T.int64(7)):
            with T.block("T_relu"):
                v_ax0, v_ax1, v_ax2, v_ax3 = T.axis.remap("SSSS", [ax0, ax1, ax2, ax3])
                T.reads(T_add[v_ax0, v_ax1, v_ax2, v_ax3])
                T.writes(T_relu[v_ax0, v_ax1, v_ax2, v_ax3])
                T_relu[v_ax0, v_ax1, v_ax2, v_ax3] = T.max(T_add[v_ax0, v_ax1, v_ax2, v_ax3], T.float32(0))
2024-04-29 16:31:30 [INFO] [task_scheduler.cc:164] Total 1 design space(s) generated
2024-04-29 16:31:30 [INFO] [task_scheduler.cc:170] Design space #0:
# from tvm.script import ir as I
# from tvm.script import tir as T

@I.ir_module
class Module:
    @T.prim_func
    def main(p0: T.Buffer((T.int64(1), T.int64(896), T.int64(7), T.int64(7)), "float32"), p1: T.Buffer((T.int64(1), T.int64(896), T.int64(1), T.int64(1)), "float32"), p2: T.Buffer((T.int64(1), T.int64(896), T.int64(1), T.int64(1)), "float32"), T_relu: T.Buffer((T.int64(1), T.int64(896), T.int64(7), T.int64(7)), "float32")):
        T.func_attr({"tir.noalias": T.bool(True)})
        # with T.block("root"):
        for ax0_ax1_ax2_ax3_fused_0 in T.thread_binding(T.int64(343), thread="blockIdx.x"):
            for ax0_ax1_ax2_ax3_fused_1 in T.thread_binding(T.int64(128), thread="threadIdx.x"):
                with T.block("T_concat"):
                    v_ax0 = T.axis.spatial(T.int64(1), T.int64(0))
                    v_ax1 = T.axis.spatial(T.int64(896), (ax0_ax1_ax2_ax3_fused_0 * T.int64(128) + ax0_ax1_ax2_ax3_fused_1) // T.int64(49))
                    v_ax2 = T.axis.spatial(T.int64(7), (ax0_ax1_ax2_ax3_fused_0 * T.int64(128) + ax0_ax1_ax2_ax3_fused_1) % T.int64(49) // T.int64(7))
                    v_ax3 = T.axis.spatial(T.int64(7), (ax0_ax1_ax2_ax3_fused_0 * T.int64(128) + ax0_ax1_ax2_ax3_fused_1) % T.int64(7))
                    T.reads(p0[v_ax0, v_ax1, v_ax2, v_ax3], p1[v_ax0, v_ax1, T.int64(0), T.int64(0)], p2[v_ax0, v_ax1, T.int64(0), T.int64(0)])
                    T.writes(T_relu[v_ax0, v_ax1, v_ax2, v_ax3])
                    T_relu[v_ax0, v_ax1, v_ax2, v_ax3] = T.max(p0[v_ax0, v_ax1, v_ax2, v_ax3] * p1[v_ax0, v_ax1, T.int64(0), T.int64(0)] + p2[v_ax0, v_ax1, T.int64(0), T.int64(0)], T.float32(0))
b0 = sch.get_block(name="T_concat", func_name="main")
b1 = sch.get_block(name="T_multiply", func_name="main")
b2 = sch.get_block(name="T_add", func_name="main")
b3 = sch.get_block(name="T_relu", func_name="main")
sch.reverse_compute_inline(block=b3)
sch.reverse_compute_inline(block=b2)
sch.reverse_compute_inline(block=b1)
l4, l5, l6, l7 = sch.get_loops(block=b0)
l8 = sch.fuse(l4, l5, l6, l7, preserve_unit_iters=True)
v9 = sch.sample_categorical(candidates=[32, 64, 128, 256, 512, 1024], probs=[0.16666666666666666, 0.16666666666666666, 0.16666666666666666, 0.16666666666666666, 0.16666666666666666, 0.16666666666666666], decision=2)
l10, l11 = sch.split(loop=l8, factors=[None, v9], preserve_unit_iters=True)
sch.bind(loop=l10, thread_axis="blockIdx.x")
sch.bind(loop=l11, thread_axis="threadIdx.x")
2024-04-29 17:21:47 [INFO] [evolutionary_search.cc:713] Generating candidates......
2024-04-29 17:21:47 [INFO] [evolutionary_search.cc:715] Picked top 0 candidate(s) from database
2024-04-29 17:21:47 [INFO] [evolutionary_search.cc:533] Sample-Init-Population summary:
Postproc #0 [meta_schedule.DisallowDynamicLoop(0xb920e28)]: 0 failure(s)
Postproc #1 [meta_schedule.RewriteCooperativeFetch(0xf9c1f38)]: 0 failure(s)
Postproc #2 [meta_schedule.RewriteUnboundBlock(0xf9a8818)]: 0 failure(s)
Postproc #3 [meta_schedule.RewriteParallelVectorizeUnroll(0xf7b0668)]: 0 failure(s)
Postproc #4 [meta_schedule.RewriteReductionBlock(0xe0c6728)]: 0 failure(s)
Postproc #5 [meta_schedule.VerifyGPUCode(0x14ce5d38)]: 0 failure(s)
Postproc #6 [meta_schedule.RewriteTensorize(0x14e91868)]: 0 failure(s)
2024-04-29 17:21:47 [INFO] [evolutionary_search.cc:723] Sampled 512 candidate(s)
2024-04-29 17:21:47 [INFO] [evolutionary_search.cc:621] Evolve iter #0 done. Summary:
Postproc #0 [meta_schedule.DisallowDynamicLoop(0xb920e28)]: 0 failure(s)
Postproc #1 [meta_schedule.RewriteCooperativeFetch(0xf9c1f38)]: 0 failure(s)
Postproc #2 [meta_schedule.RewriteUnboundBlock(0xf9a8818)]: 0 failure(s)
Postproc #3 [meta_schedule.RewriteParallelVectorizeUnroll(0xf7b0668)]: 0 failure(s)
Postproc #4 [meta_schedule.RewriteReductionBlock(0xe0c6728)]: 0 failure(s)
Postproc #5 [meta_schedule.VerifyGPUCode(0x14ce5d38)]: 0 failure(s)
Postproc #6 [meta_schedule.RewriteTensorize(0x14e91868)]: 0 failure(s)
2024-04-29 17:21:47 [INFO] [evolutionary_search.cc:621] Evolve iter #1 done. Summary:
Postproc #0 [meta_schedule.DisallowDynamicLoop(0xb920e28)]: 0 failure(s)
Postproc #1 [meta_schedule.RewriteCooperativeFetch(0xf9c1f38)]: 0 failure(s)
Postproc #2 [meta_schedule.RewriteUnboundBlock(0xf9a8818)]: 0 failure(s)
Postproc #3 [meta_schedule.RewriteParallelVectorizeUnroll(0xf7b0668)]: 0 failure(s)
Postproc #4 [meta_schedule.RewriteReductionBlock(0xe0c6728)]: 0 failure(s)
Postproc #5 [meta_schedule.VerifyGPUCode(0x14ce5d38)]: 0 failure(s)
Postproc #6 [meta_schedule.RewriteTensorize(0x14e91868)]: 0 failure(s)
2024-04-29 17:21:48 [INFO] [evolutionary_search.cc:621] Evolve iter #2 done. Summary:
Postproc #0 [meta_schedule.DisallowDynamicLoop(0xb920e28)]: 0 failure(s)
Postproc #1 [meta_schedule.RewriteCooperativeFetch(0xf9c1f38)]: 0 failure(s)
Postproc #2 [meta_schedule.RewriteUnboundBlock(0xf9a8818)]: 0 failure(s)
Postproc #3 [meta_schedule.RewriteParallelVectorizeUnroll(0xf7b0668)]: 0 failure(s)
Postproc #4 [meta_schedule.RewriteReductionBlock(0xe0c6728)]: 0 failure(s)
Postproc #5 [meta_schedule.VerifyGPUCode(0x14ce5d38)]: 0 failure(s)
Postproc #6 [meta_schedule.RewriteTensorize(0x14e91868)]: 0 failure(s)
2024-04-29 17:21:48 [INFO] [evolutionary_search.cc:621] Evolve iter #3 done. Summary:
Postproc #0 [meta_schedule.DisallowDynamicLoop(0xb920e28)]: 0 failure(s)
Postproc #1 [meta_schedule.RewriteCooperativeFetch(0xf9c1f38)]: 0 failure(s)
Postproc #2 [meta_schedule.RewriteUnboundBlock(0xf9a8818)]: 0 failure(s)
Postproc #3 [meta_schedule.RewriteParallelVectorizeUnroll(0xf7b0668)]: 0 failure(s)
Postproc #4 [meta_schedule.RewriteReductionBlock(0xe0c6728)]: 0 failure(s)
Postproc #5 [meta_schedule.VerifyGPUCode(0x14ce5d38)]: 0 failure(s)
Postproc #6 [meta_schedule.RewriteTensorize(0x14e91868)]: 0 failure(s)
2024-04-29 17:21:48 [INFO] [evolutionary_search.cc:649] Scores of the best 6 candidates:
[1 : 6]:	0.9920  0.9650  0.4491  0.4305  0.0638  0.0175
2024-04-29 17:21:48 [INFO] [evolutionary_search.cc:727] Got 6 candidate(s) with evolutionary search
2024-04-29 17:21:48 [INFO] [evolutionary_search.cc:730] Sending 6 candidates(s) for measurement
2024-04-29 20:22:43 [INFO] [task_scheduler.cc:121] [Task #62: fused_concatenate_multiply_add_nn_relu_31] Trial #1: Error in running:
LocalRunner: An exception occurred
Traceback (most recent call last):
  File "/mnt/home/gverma/ceph/opt/tvm/python/tvm/exec/popen_worker.py", line 87, in main
    result = fn(*args, **kwargs)
  File "/mnt/home/gverma/ceph/opt/tvm/python/tvm/meta_schedule/runner/local_runner.py", line 152, in _worker_func
    repeated_args: List[T_ARGUMENT_LIST] = f_alloc_argument(
  File "/mnt/home/gverma/ceph/opt/tvm/python/tvm/meta_schedule/runner/local_runner.py", line 360, in default_alloc_argument
    return alloc_argument_common(f_random_fill, device, args_info, alloc_repeat)
  File "/mnt/home/gverma/ceph/opt/tvm/python/tvm/meta_schedule/runner/utils.py", line 74, in alloc_argument_common
    arg: Any = dispatcher.get(arg_type, None)(*arg_info)
  File "/mnt/home/gverma/ceph/opt/tvm/python/tvm/meta_schedule/runner/utils.py", line 56, in alloc_tensor
    arg = ndarray.empty(shape=shape, dtype=dtype, device=device)
  File "/mnt/home/gverma/ceph/opt/tvm/python/tvm/runtime/ndarray.py", line 391, in empty
    arr = _ffi_api.TVMArrayAllocWithScope(shape, dtype, device, mem_scope)
  File "/mnt/home/gverma/ceph/opt/tvm/python/tvm/_ffi/_ctypes/packed_func.py", line 239, in __call__
    raise_last_ffi_error()
  File "/mnt/home/gverma/ceph/opt/tvm/python/tvm/_ffi/base.py", line 481, in raise_last_ffi_error
    raise py_err
tvm.error.InternalError: Traceback (most recent call last):
  5: _ZN3tvm7runtime13PackedFun
  4: tvm::runtime::TypedPackedFunc<tvm::runtime::NDArray (tvm::runtime::ShapeTuple, DLDataType, DLDevice, tvm::runtime::Optional<tvm::runtime::String>)>::AssignTypedLambda<tvm::runtime::NDArray (*)(tvm::runtime::ShapeTuple, DLDataType, DLDevice, tvm::runtime::Optional<tvm::runtime::String>)>(tvm::runtime::NDArray (*)(tvm::runtime::ShapeTuple, DLDataType, DLDevice, tvm::runtime::Optional<tvm::runtime::String>), std::__cxx11::basic_string<char, std::char_traits<char>, std::allocator<char> >)::{lambda(tvm::runtime::TVMArgs const&, tvm::runtime::TVMRetValue*)#1}::operator()(tvm::runtime::TVMArgs const&, tvm::runtime::TVMRetValue*) const
  3: tvm::runtime::NDArray::Empty(tvm::runtime::ShapeTuple, DLDataType, DLDevice, tvm::runtime::Optional<tvm::runtime::String>)
  2: tvm::runtime::DeviceAPI::AllocDataSpace(DLDevice, int, long const*, DLDataType, tvm::runtime::Optional<tvm::runtime::String>)
  1: tvm::runtime::CUDADeviceAPI::AllocDataSpace(DLDevice, unsigned long, unsigned long, DLDataType)
  0: _ZN3tvm7runtime6deta
  File "/mnt/home/gverma/ceph/opt/tvm/src/runtime/cuda/cuda_device_api.cc", line 126
InternalError: Check failed: (e == cudaSuccess || e == cudaErrorCudartUnloading) is false: CUDA: misaligned address

# from tvm.script import ir as I
# from tvm.script import tir as T

@I.ir_module
class Module:
    @T.prim_func
    def main(p0: T.Buffer((T.int64(1), T.int64(896), T.int64(7), T.int64(7)), "float32"), p1: T.Buffer((T.int64(1), T.int64(896), T.int64(1), T.int64(1)), "float32"), p2: T.Buffer((T.int64(1), T.int64(896), T.int64(1), T.int64(1)), "float32"), T_relu: T.Buffer((T.int64(1), T.int64(896), T.int64(7), T.int64(7)), "float32")):
        T.func_attr({"tir.noalias": T.bool(True)})
        # with T.block("root"):
        for ax0_ax1_ax2_ax3_fused_0 in T.thread_binding(T.int64(343), thread="blockIdx.x"):
            for ax0_ax1_ax2_ax3_fused_1 in T.thread_binding(T.int64(128), thread="threadIdx.x"):
                with T.block("T_concat"):
                    v_ax0 = T.axis.spatial(T.int64(1), T.int64(0))
                    v_ax1 = T.axis.spatial(T.int64(896), (ax0_ax1_ax2_ax3_fused_0 * T.int64(128) + ax0_ax1_ax2_ax3_fused_1) // T.int64(49))
                    v_ax2 = T.axis.spatial(T.int64(7), (ax0_ax1_ax2_ax3_fused_0 * T.int64(128) + ax0_ax1_ax2_ax3_fused_1) % T.int64(49) // T.int64(7))
                    v_ax3 = T.axis.spatial(T.int64(7), (ax0_ax1_ax2_ax3_fused_0 * T.int64(128) + ax0_ax1_ax2_ax3_fused_1) % T.int64(7))
                    T.reads(p0[v_ax0, v_ax1, v_ax2, v_ax3], p1[v_ax0, v_ax1, T.int64(0), T.int64(0)], p2[v_ax0, v_ax1, T.int64(0), T.int64(0)])
                    T.writes(T_relu[v_ax0, v_ax1, v_ax2, v_ax3])
                    T_relu[v_ax0, v_ax1, v_ax2, v_ax3] = T.max(p0[v_ax0, v_ax1, v_ax2, v_ax3] * p1[v_ax0, v_ax1, T.int64(0), T.int64(0)] + p2[v_ax0, v_ax1, T.int64(0), T.int64(0)], T.float32(0))
b0 = sch.get_block(name="T_concat", func_name="main")
b1 = sch.get_block(name="T_multiply", func_name="main")
b2 = sch.get_block(name="T_add", func_name="main")
b3 = sch.get_block(name="T_relu", func_name="main")
sch.reverse_compute_inline(block=b3)
sch.reverse_compute_inline(block=b2)
sch.reverse_compute_inline(block=b1)
l4, l5, l6, l7 = sch.get_loops(block=b0)
l8 = sch.fuse(l4, l5, l6, l7, preserve_unit_iters=True)
v9 = sch.sample_categorical(candidates=[32, 64, 128, 256, 512, 1024], probs=[0.16666666666666666, 0.16666666666666666, 0.16666666666666666, 0.16666666666666666, 0.16666666666666666, 0.16666666666666666], decision=2)
l10, l11 = sch.split(loop=l8, factors=[None, v9], preserve_unit_iters=True)
sch.bind(loop=l10, thread_axis="blockIdx.x")
sch.bind(loop=l11, thread_axis="threadIdx.x")
sch.enter_postproc()
2024-04-29 20:22:43 [INFO] [task_scheduler.cc:121] [Task #62: fused_concatenate_multiply_add_nn_relu_31] Trial #2: Error in running:
LocalRunner: An exception occurred
Traceback (most recent call last):
  File "/mnt/home/gverma/ceph/opt/tvm/python/tvm/exec/popen_worker.py", line 87, in main
    result = fn(*args, **kwargs)
  File "/mnt/home/gverma/ceph/opt/tvm/python/tvm/meta_schedule/runner/local_runner.py", line 152, in _worker_func
    repeated_args: List[T_ARGUMENT_LIST] = f_alloc_argument(
  File "/mnt/home/gverma/ceph/opt/tvm/python/tvm/meta_schedule/runner/local_runner.py", line 360, in default_alloc_argument
    return alloc_argument_common(f_random_fill, device, args_info, alloc_repeat)
  File "/mnt/home/gverma/ceph/opt/tvm/python/tvm/meta_schedule/runner/utils.py", line 74, in alloc_argument_common
    arg: Any = dispatcher.get(arg_type, None)(*arg_info)
  File "/mnt/home/gverma/ceph/opt/tvm/python/tvm/meta_schedule/runner/utils.py", line 56, in alloc_tensor
    arg = ndarray.empty(shape=shape, dtype=dtype, device=device)
  File "/mnt/home/gverma/ceph/opt/tvm/python/tvm/runtime/ndarray.py", line 391, in empty
    arr = _ffi_api.TVMArrayAllocWithScope(shape, dtype, device, mem_scope)
  File "/mnt/home/gverma/ceph/opt/tvm/python/tvm/_ffi/_ctypes/packed_func.py", line 239, in __call__
    raise_last_ffi_error()
  File "/mnt/home/gverma/ceph/opt/tvm/python/tvm/_ffi/base.py", line 481, in raise_last_ffi_error
    raise py_err
tvm.error.InternalError: Traceback (most recent call last):
  5: _ZN3tvm7runtime13PackedFun
  4: tvm::runtime::TypedPackedFunc<tvm::runtime::NDArray (tvm::runtime::ShapeTuple, DLDataType, DLDevice, tvm::runtime::Optional<tvm::runtime::String>)>::AssignTypedLambda<tvm::runtime::NDArray (*)(tvm::runtime::ShapeTuple, DLDataType, DLDevice, tvm::runtime::Optional<tvm::runtime::String>)>(tvm::runtime::NDArray (*)(tvm::runtime::ShapeTuple, DLDataType, DLDevice, tvm::runtime::Optional<tvm::runtime::String>), std::__cxx11::basic_string<char, std::char_traits<char>, std::allocator<char> >)::{lambda(tvm::runtime::TVMArgs const&, tvm::runtime::TVMRetValue*)#1}::operator()(tvm::runtime::TVMArgs const&, tvm::runtime::TVMRetValue*) const
  3: tvm::runtime::NDArray::Empty(tvm::runtime::ShapeTuple, DLDataType, DLDevice, tvm::runtime::Optional<tvm::runtime::String>)
  2: tvm::runtime::DeviceAPI::AllocDataSpace(DLDevice, int, long const*, DLDataType, tvm::runtime::Optional<tvm::runtime::String>)
  1: tvm::runtime::CUDADeviceAPI::AllocDataSpace(DLDevice, unsigned long, unsigned long, DLDataType)
  0: _ZN3tvm7runtime6deta
  File "/mnt/home/gverma/ceph/opt/tvm/src/runtime/cuda/cuda_device_api.cc", line 126
InternalError: Check failed: (e == cudaSuccess || e == cudaErrorCudartUnloading) is false: CUDA: misaligned address

# from tvm.script import ir as I
# from tvm.script import tir as T

@I.ir_module
class Module:
    @T.prim_func
    def main(p0: T.Buffer((T.int64(1), T.int64(896), T.int64(7), T.int64(7)), "float32"), p1: T.Buffer((T.int64(1), T.int64(896), T.int64(1), T.int64(1)), "float32"), p2: T.Buffer((T.int64(1), T.int64(896), T.int64(1), T.int64(1)), "float32"), T_relu: T.Buffer((T.int64(1), T.int64(896), T.int64(7), T.int64(7)), "float32")):
        T.func_attr({"tir.noalias": T.bool(True)})
        # with T.block("root"):
        for ax0_ax1_ax2_ax3_fused_0 in T.thread_binding(T.int64(172), thread="blockIdx.x"):
            for ax0_ax1_ax2_ax3_fused_1 in T.thread_binding(T.int64(256), thread="threadIdx.x"):
                with T.block("T_concat"):
                    v_ax0 = T.axis.spatial(T.int64(1), T.int64(0))
                    v_ax1 = T.axis.spatial(T.int64(896), (ax0_ax1_ax2_ax3_fused_0 * T.int64(256) + ax0_ax1_ax2_ax3_fused_1) // T.int64(49))
                    v_ax2 = T.axis.spatial(T.int64(7), (ax0_ax1_ax2_ax3_fused_0 * T.int64(256) + ax0_ax1_ax2_ax3_fused_1) % T.int64(49) // T.int64(7))
                    v_ax3 = T.axis.spatial(T.int64(7), (ax0_ax1_ax2_ax3_fused_0 * T.int64(256) + ax0_ax1_ax2_ax3_fused_1) % T.int64(7))
                    T.where(ax0_ax1_ax2_ax3_fused_0 * T.int64(256) + ax0_ax1_ax2_ax3_fused_1 < T.int64(43904))
                    T.reads(p0[v_ax0, v_ax1, v_ax2, v_ax3], p1[v_ax0, v_ax1, T.int64(0), T.int64(0)], p2[v_ax0, v_ax1, T.int64(0), T.int64(0)])
                    T.writes(T_relu[v_ax0, v_ax1, v_ax2, v_ax3])
                    T_relu[v_ax0, v_ax1, v_ax2, v_ax3] = T.max(p0[v_ax0, v_ax1, v_ax2, v_ax3] * p1[v_ax0, v_ax1, T.int64(0), T.int64(0)] + p2[v_ax0, v_ax1, T.int64(0), T.int64(0)], T.float32(0))
b0 = sch.get_block(name="T_concat", func_name="main")
b1 = sch.get_block(name="T_multiply", func_name="main")
b2 = sch.get_block(name="T_add", func_name="main")
b3 = sch.get_block(name="T_relu", func_name="main")
sch.reverse_compute_inline(block=b3)
sch.reverse_compute_inline(block=b2)
sch.reverse_compute_inline(block=b1)
l4, l5, l6, l7 = sch.get_loops(block=b0)
l8 = sch.fuse(l4, l5, l6, l7, preserve_unit_iters=True)
v9 = sch.sample_categorical(candidates=[32, 64, 128, 256, 512, 1024], probs=[0.16666666666666666, 0.16666666666666666, 0.16666666666666666, 0.16666666666666666, 0.16666666666666666, 0.16666666666666666], decision=3)
l10, l11 = sch.split(loop=l8, factors=[None, v9], preserve_unit_iters=True)
sch.bind(loop=l10, thread_axis="blockIdx.x")
sch.bind(loop=l11, thread_axis="threadIdx.x")
sch.enter_postproc()
2024-04-29 20:22:43 [INFO] [task_scheduler.cc:121] [Task #62: fused_concatenate_multiply_add_nn_relu_31] Trial #3: Error in running:
LocalRunner: An exception occurred
Traceback (most recent call last):
  File "/mnt/home/gverma/ceph/opt/tvm/python/tvm/exec/popen_worker.py", line 87, in main
    result = fn(*args, **kwargs)
  File "/mnt/home/gverma/ceph/opt/tvm/python/tvm/meta_schedule/runner/local_runner.py", line 152, in _worker_func
    repeated_args: List[T_ARGUMENT_LIST] = f_alloc_argument(
  File "/mnt/home/gverma/ceph/opt/tvm/python/tvm/meta_schedule/runner/local_runner.py", line 360, in default_alloc_argument
    return alloc_argument_common(f_random_fill, device, args_info, alloc_repeat)
  File "/mnt/home/gverma/ceph/opt/tvm/python/tvm/meta_schedule/runner/utils.py", line 74, in alloc_argument_common
    arg: Any = dispatcher.get(arg_type, None)(*arg_info)
  File "/mnt/home/gverma/ceph/opt/tvm/python/tvm/meta_schedule/runner/utils.py", line 56, in alloc_tensor
    arg = ndarray.empty(shape=shape, dtype=dtype, device=device)
  File "/mnt/home/gverma/ceph/opt/tvm/python/tvm/runtime/ndarray.py", line 391, in empty
    arr = _ffi_api.TVMArrayAllocWithScope(shape, dtype, device, mem_scope)
  File "/mnt/home/gverma/ceph/opt/tvm/python/tvm/_ffi/_ctypes/packed_func.py", line 239, in __call__
    raise_last_ffi_error()
  File "/mnt/home/gverma/ceph/opt/tvm/python/tvm/_ffi/base.py", line 481, in raise_last_ffi_error
    raise py_err
tvm.error.InternalError: Traceback (most recent call last):
  5: _ZN3tvm7runtime13PackedFun
  4: tvm::runtime::TypedPackedFunc<tvm::runtime::NDArray (tvm::runtime::ShapeTuple, DLDataType, DLDevice, tvm::runtime::Optional<tvm::runtime::String>)>::AssignTypedLambda<tvm::runtime::NDArray (*)(tvm::runtime::ShapeTuple, DLDataType, DLDevice, tvm::runtime::Optional<tvm::runtime::String>)>(tvm::runtime::NDArray (*)(tvm::runtime::ShapeTuple, DLDataType, DLDevice, tvm::runtime::Optional<tvm::runtime::String>), std::__cxx11::basic_string<char, std::char_traits<char>, std::allocator<char> >)::{lambda(tvm::runtime::TVMArgs const&, tvm::runtime::TVMRetValue*)#1}::operator()(tvm::runtime::TVMArgs const&, tvm::runtime::TVMRetValue*) const
  3: tvm::runtime::NDArray::Empty(tvm::runtime::ShapeTuple, DLDataType, DLDevice, tvm::runtime::Optional<tvm::runtime::String>)
  2: tvm::runtime::DeviceAPI::AllocDataSpace(DLDevice, int, long const*, DLDataType, tvm::runtime::Optional<tvm::runtime::String>)
  1: tvm::runtime::CUDADeviceAPI::AllocDataSpace(DLDevice, unsigned long, unsigned long, DLDataType)
  0: _ZN3tvm7runtime6deta
  File "/mnt/home/gverma/ceph/opt/tvm/src/runtime/cuda/cuda_device_api.cc", line 126
InternalError: Check failed: (e == cudaSuccess || e == cudaErrorCudartUnloading) is false: CUDA: misaligned address

# from tvm.script import ir as I
# from tvm.script import tir as T

@I.ir_module
class Module:
    @T.prim_func
    def main(p0: T.Buffer((T.int64(1), T.int64(896), T.int64(7), T.int64(7)), "float32"), p1: T.Buffer((T.int64(1), T.int64(896), T.int64(1), T.int64(1)), "float32"), p2: T.Buffer((T.int64(1), T.int64(896), T.int64(1), T.int64(1)), "float32"), T_relu: T.Buffer((T.int64(1), T.int64(896), T.int64(7), T.int64(7)), "float32")):
        T.func_attr({"tir.noalias": T.bool(True)})
        # with T.block("root"):
        for ax0_ax1_ax2_ax3_fused_0 in T.thread_binding(T.int64(43), thread="blockIdx.x"):
            for ax0_ax1_ax2_ax3_fused_1 in T.thread_binding(T.int64(1024), thread="threadIdx.x"):
                with T.block("T_concat"):
                    v_ax0 = T.axis.spatial(T.int64(1), T.int64(0))
                    v_ax1 = T.axis.spatial(T.int64(896), (ax0_ax1_ax2_ax3_fused_0 * T.int64(1024) + ax0_ax1_ax2_ax3_fused_1) // T.int64(49))
                    v_ax2 = T.axis.spatial(T.int64(7), (ax0_ax1_ax2_ax3_fused_0 * T.int64(1024) + ax0_ax1_ax2_ax3_fused_1) % T.int64(49) // T.int64(7))
                    v_ax3 = T.axis.spatial(T.int64(7), (ax0_ax1_ax2_ax3_fused_0 * T.int64(1024) + ax0_ax1_ax2_ax3_fused_1) % T.int64(7))
                    T.where(ax0_ax1_ax2_ax3_fused_0 * T.int64(1024) + ax0_ax1_ax2_ax3_fused_1 < T.int64(43904))
                    T.reads(p0[v_ax0, v_ax1, v_ax2, v_ax3], p1[v_ax0, v_ax1, T.int64(0), T.int64(0)], p2[v_ax0, v_ax1, T.int64(0), T.int64(0)])
                    T.writes(T_relu[v_ax0, v_ax1, v_ax2, v_ax3])
                    T_relu[v_ax0, v_ax1, v_ax2, v_ax3] = T.max(p0[v_ax0, v_ax1, v_ax2, v_ax3] * p1[v_ax0, v_ax1, T.int64(0), T.int64(0)] + p2[v_ax0, v_ax1, T.int64(0), T.int64(0)], T.float32(0))
b0 = sch.get_block(name="T_concat", func_name="main")
b1 = sch.get_block(name="T_multiply", func_name="main")
b2 = sch.get_block(name="T_add", func_name="main")
b3 = sch.get_block(name="T_relu", func_name="main")
sch.reverse_compute_inline(block=b3)
sch.reverse_compute_inline(block=b2)
sch.reverse_compute_inline(block=b1)
l4, l5, l6, l7 = sch.get_loops(block=b0)
l8 = sch.fuse(l4, l5, l6, l7, preserve_unit_iters=True)
v9 = sch.sample_categorical(candidates=[32, 64, 128, 256, 512, 1024], probs=[0.16666666666666666, 0.16666666666666666, 0.16666666666666666, 0.16666666666666666, 0.16666666666666666, 0.16666666666666666], decision=5)
l10, l11 = sch.split(loop=l8, factors=[None, v9], preserve_unit_iters=True)
sch.bind(loop=l10, thread_axis="blockIdx.x")
sch.bind(loop=l11, thread_axis="threadIdx.x")
sch.enter_postproc()
2024-04-29 20:22:43 [INFO] [task_scheduler.cc:121] [Task #62: fused_concatenate_multiply_add_nn_relu_31] Trial #4: Error in running:
LocalRunner: An exception occurred
Traceback (most recent call last):
  File "/mnt/home/gverma/ceph/opt/tvm/python/tvm/exec/popen_worker.py", line 87, in main
    result = fn(*args, **kwargs)
  File "/mnt/home/gverma/ceph/opt/tvm/python/tvm/meta_schedule/runner/local_runner.py", line 152, in _worker_func
    repeated_args: List[T_ARGUMENT_LIST] = f_alloc_argument(
  File "/mnt/home/gverma/ceph/opt/tvm/python/tvm/meta_schedule/runner/local_runner.py", line 360, in default_alloc_argument
    return alloc_argument_common(f_random_fill, device, args_info, alloc_repeat)
  File "/mnt/home/gverma/ceph/opt/tvm/python/tvm/meta_schedule/runner/utils.py", line 74, in alloc_argument_common
    arg: Any = dispatcher.get(arg_type, None)(*arg_info)
  File "/mnt/home/gverma/ceph/opt/tvm/python/tvm/meta_schedule/runner/utils.py", line 56, in alloc_tensor
    arg = ndarray.empty(shape=shape, dtype=dtype, device=device)
  File "/mnt/home/gverma/ceph/opt/tvm/python/tvm/runtime/ndarray.py", line 391, in empty
    arr = _ffi_api.TVMArrayAllocWithScope(shape, dtype, device, mem_scope)
  File "/mnt/home/gverma/ceph/opt/tvm/python/tvm/_ffi/_ctypes/packed_func.py", line 239, in __call__
    raise_last_ffi_error()
  File "/mnt/home/gverma/ceph/opt/tvm/python/tvm/_ffi/base.py", line 481, in raise_last_ffi_error
    raise py_err
tvm.error.InternalError: Traceback (most recent call last):
  5: _ZN3tvm7runtime13PackedFun
  4: tvm::runtime::TypedPackedFunc<tvm::runtime::NDArray (tvm::runtime::ShapeTuple, DLDataType, DLDevice, tvm::runtime::Optional<tvm::runtime::String>)>::AssignTypedLambda<tvm::runtime::NDArray (*)(tvm::runtime::ShapeTuple, DLDataType, DLDevice, tvm::runtime::Optional<tvm::runtime::String>)>(tvm::runtime::NDArray (*)(tvm::runtime::ShapeTuple, DLDataType, DLDevice, tvm::runtime::Optional<tvm::runtime::String>), std::__cxx11::basic_string<char, std::char_traits<char>, std::allocator<char> >)::{lambda(tvm::runtime::TVMArgs const&, tvm::runtime::TVMRetValue*)#1}::operator()(tvm::runtime::TVMArgs const&, tvm::runtime::TVMRetValue*) const
  3: tvm::runtime::NDArray::Empty(tvm::runtime::ShapeTuple, DLDataType, DLDevice, tvm::runtime::Optional<tvm::runtime::String>)
  2: tvm::runtime::DeviceAPI::AllocDataSpace(DLDevice, int, long const*, DLDataType, tvm::runtime::Optional<tvm::runtime::String>)
  1: tvm::runtime::CUDADeviceAPI::AllocDataSpace(DLDevice, unsigned long, unsigned long, DLDataType)
  0: _ZN3tvm7runtime6deta
  File "/mnt/home/gverma/ceph/opt/tvm/src/runtime/cuda/cuda_device_api.cc", line 126
InternalError: Check failed: (e == cudaSuccess || e == cudaErrorCudartUnloading) is false: CUDA: misaligned address

# from tvm.script import ir as I
# from tvm.script import tir as T

@I.ir_module
class Module:
    @T.prim_func
    def main(p0: T.Buffer((T.int64(1), T.int64(896), T.int64(7), T.int64(7)), "float32"), p1: T.Buffer((T.int64(1), T.int64(896), T.int64(1), T.int64(1)), "float32"), p2: T.Buffer((T.int64(1), T.int64(896), T.int64(1), T.int64(1)), "float32"), T_relu: T.Buffer((T.int64(1), T.int64(896), T.int64(7), T.int64(7)), "float32")):
        T.func_attr({"tir.noalias": T.bool(True)})
        # with T.block("root"):
        for ax0_ax1_ax2_ax3_fused_0 in T.thread_binding(T.int64(1372), thread="blockIdx.x"):
            for ax0_ax1_ax2_ax3_fused_1 in T.thread_binding(T.int64(32), thread="threadIdx.x"):
                with T.block("T_concat"):
                    v_ax0 = T.axis.spatial(T.int64(1), T.int64(0))
                    v_ax1 = T.axis.spatial(T.int64(896), (ax0_ax1_ax2_ax3_fused_0 * T.int64(32) + ax0_ax1_ax2_ax3_fused_1) // T.int64(49))
                    v_ax2 = T.axis.spatial(T.int64(7), (ax0_ax1_ax2_ax3_fused_0 * T.int64(32) + ax0_ax1_ax2_ax3_fused_1) % T.int64(49) // T.int64(7))
                    v_ax3 = T.axis.spatial(T.int64(7), (ax0_ax1_ax2_ax3_fused_0 * T.int64(32) + ax0_ax1_ax2_ax3_fused_1) % T.int64(7))
                    T.reads(p0[v_ax0, v_ax1, v_ax2, v_ax3], p1[v_ax0, v_ax1, T.int64(0), T.int64(0)], p2[v_ax0, v_ax1, T.int64(0), T.int64(0)])
                    T.writes(T_relu[v_ax0, v_ax1, v_ax2, v_ax3])
                    T_relu[v_ax0, v_ax1, v_ax2, v_ax3] = T.max(p0[v_ax0, v_ax1, v_ax2, v_ax3] * p1[v_ax0, v_ax1, T.int64(0), T.int64(0)] + p2[v_ax0, v_ax1, T.int64(0), T.int64(0)], T.float32(0))
b0 = sch.get_block(name="T_concat", func_name="main")
b1 = sch.get_block(name="T_multiply", func_name="main")
b2 = sch.get_block(name="T_add", func_name="main")
b3 = sch.get_block(name="T_relu", func_name="main")
sch.reverse_compute_inline(block=b3)
sch.reverse_compute_inline(block=b2)
sch.reverse_compute_inline(block=b1)
l4, l5, l6, l7 = sch.get_loops(block=b0)
l8 = sch.fuse(l4, l5, l6, l7, preserve_unit_iters=True)
v9 = sch.sample_categorical(candidates=[32, 64, 128, 256, 512, 1024], probs=[0.16666666666666666, 0.16666666666666666, 0.16666666666666666, 0.16666666666666666, 0.16666666666666666, 0.16666666666666666], decision=0)
l10, l11 = sch.split(loop=l8, factors=[None, v9], preserve_unit_iters=True)
sch.bind(loop=l10, thread_axis="blockIdx.x")
sch.bind(loop=l11, thread_axis="threadIdx.x")
sch.enter_postproc()
2024-04-29 20:22:43 [INFO] [task_scheduler.cc:121] [Task #62: fused_concatenate_multiply_add_nn_relu_31] Trial #5: Error in running:
LocalRunner: An exception occurred
Traceback (most recent call last):
  File "/mnt/home/gverma/ceph/opt/tvm/python/tvm/exec/popen_worker.py", line 87, in main
    result = fn(*args, **kwargs)
  File "/mnt/home/gverma/ceph/opt/tvm/python/tvm/meta_schedule/runner/local_runner.py", line 152, in _worker_func
    repeated_args: List[T_ARGUMENT_LIST] = f_alloc_argument(
  File "/mnt/home/gverma/ceph/opt/tvm/python/tvm/meta_schedule/runner/local_runner.py", line 360, in default_alloc_argument
    return alloc_argument_common(f_random_fill, device, args_info, alloc_repeat)
  File "/mnt/home/gverma/ceph/opt/tvm/python/tvm/meta_schedule/runner/utils.py", line 74, in alloc_argument_common
    arg: Any = dispatcher.get(arg_type, None)(*arg_info)
  File "/mnt/home/gverma/ceph/opt/tvm/python/tvm/meta_schedule/runner/utils.py", line 56, in alloc_tensor
    arg = ndarray.empty(shape=shape, dtype=dtype, device=device)
  File "/mnt/home/gverma/ceph/opt/tvm/python/tvm/runtime/ndarray.py", line 391, in empty
    arr = _ffi_api.TVMArrayAllocWithScope(shape, dtype, device, mem_scope)
  File "/mnt/home/gverma/ceph/opt/tvm/python/tvm/_ffi/_ctypes/packed_func.py", line 239, in __call__
    raise_last_ffi_error()
  File "/mnt/home/gverma/ceph/opt/tvm/python/tvm/_ffi/base.py", line 481, in raise_last_ffi_error
    raise py_err
tvm.error.InternalError: Traceback (most recent call last):
  5: _ZN3tvm7runtime13PackedFun
  4: tvm::runtime::TypedPackedFunc<tvm::runtime::NDArray (tvm::runtime::ShapeTuple, DLDataType, DLDevice, tvm::runtime::Optional<tvm::runtime::String>)>::AssignTypedLambda<tvm::runtime::NDArray (*)(tvm::runtime::ShapeTuple, DLDataType, DLDevice, tvm::runtime::Optional<tvm::runtime::String>)>(tvm::runtime::NDArray (*)(tvm::runtime::ShapeTuple, DLDataType, DLDevice, tvm::runtime::Optional<tvm::runtime::String>), std::__cxx11::basic_string<char, std::char_traits<char>, std::allocator<char> >)::{lambda(tvm::runtime::TVMArgs const&, tvm::runtime::TVMRetValue*)#1}::operator()(tvm::runtime::TVMArgs const&, tvm::runtime::TVMRetValue*) const
  3: tvm::runtime::NDArray::Empty(tvm::runtime::ShapeTuple, DLDataType, DLDevice, tvm::runtime::Optional<tvm::runtime::String>)
  2: tvm::runtime::DeviceAPI::AllocDataSpace(DLDevice, int, long const*, DLDataType, tvm::runtime::Optional<tvm::runtime::String>)
  1: tvm::runtime::CUDADeviceAPI::AllocDataSpace(DLDevice, unsigned long, unsigned long, DLDataType)
  0: _ZN3tvm7runtime6deta
  File "/mnt/home/gverma/ceph/opt/tvm/src/runtime/cuda/cuda_device_api.cc", line 126
InternalError: Check failed: (e == cudaSuccess || e == cudaErrorCudartUnloading) is false: CUDA: misaligned address

# from tvm.script import ir as I
# from tvm.script import tir as T

@I.ir_module
class Module:
    @T.prim_func
    def main(p0: T.Buffer((T.int64(1), T.int64(896), T.int64(7), T.int64(7)), "float32"), p1: T.Buffer((T.int64(1), T.int64(896), T.int64(1), T.int64(1)), "float32"), p2: T.Buffer((T.int64(1), T.int64(896), T.int64(1), T.int64(1)), "float32"), T_relu: T.Buffer((T.int64(1), T.int64(896), T.int64(7), T.int64(7)), "float32")):
        T.func_attr({"tir.noalias": T.bool(True)})
        # with T.block("root"):
        for ax0_ax1_ax2_ax3_fused_0 in T.thread_binding(T.int64(86), thread="blockIdx.x"):
            for ax0_ax1_ax2_ax3_fused_1 in T.thread_binding(T.int64(512), thread="threadIdx.x"):
                with T.block("T_concat"):
                    v_ax0 = T.axis.spatial(T.int64(1), T.int64(0))
                    v_ax1 = T.axis.spatial(T.int64(896), (ax0_ax1_ax2_ax3_fused_0 * T.int64(512) + ax0_ax1_ax2_ax3_fused_1) // T.int64(49))
                    v_ax2 = T.axis.spatial(T.int64(7), (ax0_ax1_ax2_ax3_fused_0 * T.int64(512) + ax0_ax1_ax2_ax3_fused_1) % T.int64(49) // T.int64(7))
                    v_ax3 = T.axis.spatial(T.int64(7), (ax0_ax1_ax2_ax3_fused_0 * T.int64(512) + ax0_ax1_ax2_ax3_fused_1) % T.int64(7))
                    T.where(ax0_ax1_ax2_ax3_fused_0 * T.int64(512) + ax0_ax1_ax2_ax3_fused_1 < T.int64(43904))
                    T.reads(p0[v_ax0, v_ax1, v_ax2, v_ax3], p1[v_ax0, v_ax1, T.int64(0), T.int64(0)], p2[v_ax0, v_ax1, T.int64(0), T.int64(0)])
                    T.writes(T_relu[v_ax0, v_ax1, v_ax2, v_ax3])
                    T_relu[v_ax0, v_ax1, v_ax2, v_ax3] = T.max(p0[v_ax0, v_ax1, v_ax2, v_ax3] * p1[v_ax0, v_ax1, T.int64(0), T.int64(0)] + p2[v_ax0, v_ax1, T.int64(0), T.int64(0)], T.float32(0))
b0 = sch.get_block(name="T_concat", func_name="main")
b1 = sch.get_block(name="T_multiply", func_name="main")
b2 = sch.get_block(name="T_add", func_name="main")
b3 = sch.get_block(name="T_relu", func_name="main")
sch.reverse_compute_inline(block=b3)
sch.reverse_compute_inline(block=b2)
sch.reverse_compute_inline(block=b1)
l4, l5, l6, l7 = sch.get_loops(block=b0)
l8 = sch.fuse(l4, l5, l6, l7, preserve_unit_iters=True)
v9 = sch.sample_categorical(candidates=[32, 64, 128, 256, 512, 1024], probs=[0.16666666666666666, 0.16666666666666666, 0.16666666666666666, 0.16666666666666666, 0.16666666666666666, 0.16666666666666666], decision=4)
l10, l11 = sch.split(loop=l8, factors=[None, v9], preserve_unit_iters=True)
sch.bind(loop=l10, thread_axis="blockIdx.x")
sch.bind(loop=l11, thread_axis="threadIdx.x")
sch.enter_postproc()
2024-04-29 20:22:43 [INFO] [task_scheduler.cc:121] [Task #62: fused_concatenate_multiply_add_nn_relu_31] Trial #6: Error in running:
LocalRunner: An exception occurred
Traceback (most recent call last):
  File "/mnt/home/gverma/ceph/opt/tvm/python/tvm/exec/popen_worker.py", line 87, in main
    result = fn(*args, **kwargs)
  File "/mnt/home/gverma/ceph/opt/tvm/python/tvm/meta_schedule/runner/local_runner.py", line 152, in _worker_func
    repeated_args: List[T_ARGUMENT_LIST] = f_alloc_argument(
  File "/mnt/home/gverma/ceph/opt/tvm/python/tvm/meta_schedule/runner/local_runner.py", line 360, in default_alloc_argument
    return alloc_argument_common(f_random_fill, device, args_info, alloc_repeat)
  File "/mnt/home/gverma/ceph/opt/tvm/python/tvm/meta_schedule/runner/utils.py", line 74, in alloc_argument_common
    arg: Any = dispatcher.get(arg_type, None)(*arg_info)
  File "/mnt/home/gverma/ceph/opt/tvm/python/tvm/meta_schedule/runner/utils.py", line 56, in alloc_tensor
    arg = ndarray.empty(shape=shape, dtype=dtype, device=device)
  File "/mnt/home/gverma/ceph/opt/tvm/python/tvm/runtime/ndarray.py", line 391, in empty
    arr = _ffi_api.TVMArrayAllocWithScope(shape, dtype, device, mem_scope)
  File "/mnt/home/gverma/ceph/opt/tvm/python/tvm/_ffi/_ctypes/packed_func.py", line 239, in __call__
    raise_last_ffi_error()
  File "/mnt/home/gverma/ceph/opt/tvm/python/tvm/_ffi/base.py", line 481, in raise_last_ffi_error
    raise py_err
tvm.error.InternalError: Traceback (most recent call last):
  5: _ZN3tvm7runtime13PackedFun
  4: tvm::runtime::TypedPackedFunc<tvm::runtime::NDArray (tvm::runtime::ShapeTuple, DLDataType, DLDevice, tvm::runtime::Optional<tvm::runtime::String>)>::AssignTypedLambda<tvm::runtime::NDArray (*)(tvm::runtime::ShapeTuple, DLDataType, DLDevice, tvm::runtime::Optional<tvm::runtime::String>)>(tvm::runtime::NDArray (*)(tvm::runtime::ShapeTuple, DLDataType, DLDevice, tvm::runtime::Optional<tvm::runtime::String>), std::__cxx11::basic_string<char, std::char_traits<char>, std::allocator<char> >)::{lambda(tvm::runtime::TVMArgs const&, tvm::runtime::TVMRetValue*)#1}::operator()(tvm::runtime::TVMArgs const&, tvm::runtime::TVMRetValue*) const
  3: tvm::runtime::NDArray::Empty(tvm::runtime::ShapeTuple, DLDataType, DLDevice, tvm::runtime::Optional<tvm::runtime::String>)
  2: tvm::runtime::DeviceAPI::AllocDataSpace(DLDevice, int, long const*, DLDataType, tvm::runtime::Optional<tvm::runtime::String>)
  1: tvm::runtime::CUDADeviceAPI::AllocDataSpace(DLDevice, unsigned long, unsigned long, DLDataType)
  0: _ZN3tvm7runtime6deta
  File "/mnt/home/gverma/ceph/opt/tvm/src/runtime/cuda/cuda_device_api.cc", line 126
InternalError: Check failed: (e == cudaSuccess || e == cudaErrorCudartUnloading) is false: CUDA: misaligned address

# from tvm.script import ir as I
# from tvm.script import tir as T

@I.ir_module
class Module:
    @T.prim_func
    def main(p0: T.Buffer((T.int64(1), T.int64(896), T.int64(7), T.int64(7)), "float32"), p1: T.Buffer((T.int64(1), T.int64(896), T.int64(1), T.int64(1)), "float32"), p2: T.Buffer((T.int64(1), T.int64(896), T.int64(1), T.int64(1)), "float32"), T_relu: T.Buffer((T.int64(1), T.int64(896), T.int64(7), T.int64(7)), "float32")):
        T.func_attr({"tir.noalias": T.bool(True)})
        # with T.block("root"):
        for ax0_ax1_ax2_ax3_fused_0 in T.thread_binding(T.int64(686), thread="blockIdx.x"):
            for ax0_ax1_ax2_ax3_fused_1 in T.thread_binding(T.int64(64), thread="threadIdx.x"):
                with T.block("T_concat"):
                    v_ax0 = T.axis.spatial(T.int64(1), T.int64(0))
                    v_ax1 = T.axis.spatial(T.int64(896), (ax0_ax1_ax2_ax3_fused_0 * T.int64(64) + ax0_ax1_ax2_ax3_fused_1) // T.int64(49))
                    v_ax2 = T.axis.spatial(T.int64(7), (ax0_ax1_ax2_ax3_fused_0 * T.int64(64) + ax0_ax1_ax2_ax3_fused_1) % T.int64(49) // T.int64(7))
                    v_ax3 = T.axis.spatial(T.int64(7), (ax0_ax1_ax2_ax3_fused_0 * T.int64(64) + ax0_ax1_ax2_ax3_fused_1) % T.int64(7))
                    T.reads(p0[v_ax0, v_ax1, v_ax2, v_ax3], p1[v_ax0, v_ax1, T.int64(0), T.int64(0)], p2[v_ax0, v_ax1, T.int64(0), T.int64(0)])
                    T.writes(T_relu[v_ax0, v_ax1, v_ax2, v_ax3])
                    T_relu[v_ax0, v_ax1, v_ax2, v_ax3] = T.max(p0[v_ax0, v_ax1, v_ax2, v_ax3] * p1[v_ax0, v_ax1, T.int64(0), T.int64(0)] + p2[v_ax0, v_ax1, T.int64(0), T.int64(0)], T.float32(0))
b0 = sch.get_block(name="T_concat", func_name="main")
b1 = sch.get_block(name="T_multiply", func_name="main")
b2 = sch.get_block(name="T_add", func_name="main")
b3 = sch.get_block(name="T_relu", func_name="main")
sch.reverse_compute_inline(block=b3)
sch.reverse_compute_inline(block=b2)
sch.reverse_compute_inline(block=b1)
l4, l5, l6, l7 = sch.get_loops(block=b0)
l8 = sch.fuse(l4, l5, l6, l7, preserve_unit_iters=True)
v9 = sch.sample_categorical(candidates=[32, 64, 128, 256, 512, 1024], probs=[0.16666666666666666, 0.16666666666666666, 0.16666666666666666, 0.16666666666666666, 0.16666666666666666, 0.16666666666666666], decision=1)
l10, l11 = sch.split(loop=l8, factors=[None, v9], preserve_unit_iters=True)
sch.bind(loop=l10, thread_axis="blockIdx.x")
sch.bind(loop=l11, thread_axis="threadIdx.x")
sch.enter_postproc()
2024-05-01 15:05:10 [INFO] [task_scheduler.cc:160] Initializing Task #62: "fused_concatenate_multiply_add_nn_relu_31"
2024-05-01 15:05:10 [INFO] [task_scheduler.cc:35] 
# from tvm.script import ir as I
# from tvm.script import tir as T

@I.ir_module
class Module:
    @T.prim_func
    def main(p0: T.Buffer((T.int64(1), T.int64(896), T.int64(7), T.int64(7)), "float32"), p1: T.Buffer((T.int64(1), T.int64(896), T.int64(1), T.int64(1)), "float32"), p2: T.Buffer((T.int64(1), T.int64(896), T.int64(1), T.int64(1)), "float32"), T_relu: T.Buffer((T.int64(1), T.int64(896), T.int64(7), T.int64(7)), "float32")):
        T.func_attr({"tir.noalias": T.bool(True)})
        # with T.block("root"):
        T_concat = T.alloc_buffer((T.int64(1), T.int64(896), T.int64(7), T.int64(7)))
        T_multiply = T.alloc_buffer((T.int64(1), T.int64(896), T.int64(7), T.int64(7)))
        T_add = T.alloc_buffer((T.int64(1), T.int64(896), T.int64(7), T.int64(7)))
        for ax0, ax1, ax2, ax3 in T.grid(T.int64(1), T.int64(896), T.int64(7), T.int64(7)):
            with T.block("T_concat"):
                v_ax0, v_ax1, v_ax2, v_ax3 = T.axis.remap("SSSS", [ax0, ax1, ax2, ax3])
                T.reads(p0[v_ax0, v_ax1, v_ax2, v_ax3])
                T.writes(T_concat[v_ax0, v_ax1, v_ax2, v_ax3])
                T_concat[v_ax0, v_ax1, v_ax2, v_ax3] = p0[v_ax0, v_ax1, v_ax2, v_ax3]
        for ax0, ax1, ax2, ax3 in T.grid(T.int64(1), T.int64(896), T.int64(7), T.int64(7)):
            with T.block("T_multiply"):
                v_ax0, v_ax1, v_ax2, v_ax3 = T.axis.remap("SSSS", [ax0, ax1, ax2, ax3])
                T.reads(T_concat[v_ax0, v_ax1, v_ax2, v_ax3], p1[v_ax0, v_ax1, T.int64(0), T.int64(0)])
                T.writes(T_multiply[v_ax0, v_ax1, v_ax2, v_ax3])
                T_multiply[v_ax0, v_ax1, v_ax2, v_ax3] = T_concat[v_ax0, v_ax1, v_ax2, v_ax3] * p1[v_ax0, v_ax1, T.int64(0), T.int64(0)]
        for ax0, ax1, ax2, ax3 in T.grid(T.int64(1), T.int64(896), T.int64(7), T.int64(7)):
            with T.block("T_add"):
                v_ax0, v_ax1, v_ax2, v_ax3 = T.axis.remap("SSSS", [ax0, ax1, ax2, ax3])
                T.reads(T_multiply[v_ax0, v_ax1, v_ax2, v_ax3], p2[v_ax0, v_ax1, T.int64(0), T.int64(0)])
                T.writes(T_add[v_ax0, v_ax1, v_ax2, v_ax3])
                T_add[v_ax0, v_ax1, v_ax2, v_ax3] = T_multiply[v_ax0, v_ax1, v_ax2, v_ax3] + p2[v_ax0, v_ax1, T.int64(0), T.int64(0)]
        for ax0, ax1, ax2, ax3 in T.grid(T.int64(1), T.int64(896), T.int64(7), T.int64(7)):
            with T.block("T_relu"):
                v_ax0, v_ax1, v_ax2, v_ax3 = T.axis.remap("SSSS", [ax0, ax1, ax2, ax3])
                T.reads(T_add[v_ax0, v_ax1, v_ax2, v_ax3])
                T.writes(T_relu[v_ax0, v_ax1, v_ax2, v_ax3])
                T_relu[v_ax0, v_ax1, v_ax2, v_ax3] = T.max(T_add[v_ax0, v_ax1, v_ax2, v_ax3], T.float32(0))
2024-05-01 15:05:10 [INFO] [task_scheduler.cc:164] Total 1 design space(s) generated
2024-05-01 15:05:10 [INFO] [task_scheduler.cc:170] Design space #0:
# from tvm.script import ir as I
# from tvm.script import tir as T

@I.ir_module
class Module:
    @T.prim_func
    def main(p0: T.Buffer((T.int64(1), T.int64(896), T.int64(7), T.int64(7)), "float32"), p1: T.Buffer((T.int64(1), T.int64(896), T.int64(1), T.int64(1)), "float32"), p2: T.Buffer((T.int64(1), T.int64(896), T.int64(1), T.int64(1)), "float32"), T_relu: T.Buffer((T.int64(1), T.int64(896), T.int64(7), T.int64(7)), "float32")):
        T.func_attr({"tir.noalias": T.bool(True)})
        # with T.block("root"):
        for ax0_ax1_ax2_ax3_fused_0 in T.thread_binding(T.int64(43), thread="blockIdx.x"):
            for ax0_ax1_ax2_ax3_fused_1 in T.thread_binding(T.int64(1024), thread="threadIdx.x"):
                with T.block("T_concat"):
                    v_ax0 = T.axis.spatial(T.int64(1), T.int64(0))
                    v_ax1 = T.axis.spatial(T.int64(896), (ax0_ax1_ax2_ax3_fused_0 * T.int64(1024) + ax0_ax1_ax2_ax3_fused_1) // T.int64(49))
                    v_ax2 = T.axis.spatial(T.int64(7), (ax0_ax1_ax2_ax3_fused_0 * T.int64(1024) + ax0_ax1_ax2_ax3_fused_1) % T.int64(49) // T.int64(7))
                    v_ax3 = T.axis.spatial(T.int64(7), (ax0_ax1_ax2_ax3_fused_0 * T.int64(1024) + ax0_ax1_ax2_ax3_fused_1) % T.int64(7))
                    T.where(ax0_ax1_ax2_ax3_fused_0 * T.int64(1024) + ax0_ax1_ax2_ax3_fused_1 < T.int64(43904))
                    T.reads(p0[v_ax0, v_ax1, v_ax2, v_ax3], p1[v_ax0, v_ax1, T.int64(0), T.int64(0)], p2[v_ax0, v_ax1, T.int64(0), T.int64(0)])
                    T.writes(T_relu[v_ax0, v_ax1, v_ax2, v_ax3])
                    T_relu[v_ax0, v_ax1, v_ax2, v_ax3] = T.max(p0[v_ax0, v_ax1, v_ax2, v_ax3] * p1[v_ax0, v_ax1, T.int64(0), T.int64(0)] + p2[v_ax0, v_ax1, T.int64(0), T.int64(0)], T.float32(0))
b0 = sch.get_block(name="T_concat", func_name="main")
b1 = sch.get_block(name="T_multiply", func_name="main")
b2 = sch.get_block(name="T_add", func_name="main")
b3 = sch.get_block(name="T_relu", func_name="main")
sch.reverse_compute_inline(block=b3)
sch.reverse_compute_inline(block=b2)
sch.reverse_compute_inline(block=b1)
l4, l5, l6, l7 = sch.get_loops(block=b0)
l8 = sch.fuse(l4, l5, l6, l7, preserve_unit_iters=True)
v9 = sch.sample_categorical(candidates=[32, 64, 128, 256, 512, 1024], probs=[0.16666666666666666, 0.16666666666666666, 0.16666666666666666, 0.16666666666666666, 0.16666666666666666, 0.16666666666666666], decision=5)
l10, l11 = sch.split(loop=l8, factors=[None, v9], preserve_unit_iters=True)
sch.bind(loop=l10, thread_axis="blockIdx.x")
sch.bind(loop=l11, thread_axis="threadIdx.x")
2024-05-01 15:58:52 [INFO] [evolutionary_search.cc:713] Generating candidates......
2024-05-01 15:58:52 [INFO] [evolutionary_search.cc:715] Picked top 0 candidate(s) from database
2024-05-01 15:58:53 [INFO] [evolutionary_search.cc:533] Sample-Init-Population summary:
Postproc #0 [meta_schedule.DisallowDynamicLoop(0x1140fc88)]: 0 failure(s)
Postproc #1 [meta_schedule.RewriteCooperativeFetch(0x14fba458)]: 0 failure(s)
Postproc #2 [meta_schedule.RewriteUnboundBlock(0xa56a8c8)]: 0 failure(s)
Postproc #3 [meta_schedule.RewriteParallelVectorizeUnroll(0xb734578)]: 0 failure(s)
Postproc #4 [meta_schedule.RewriteReductionBlock(0xff002a8)]: 0 failure(s)
Postproc #5 [meta_schedule.VerifyGPUCode(0x14e18ee8)]: 0 failure(s)
Postproc #6 [meta_schedule.RewriteTensorize(0xade11c8)]: 0 failure(s)
2024-05-01 15:58:53 [INFO] [evolutionary_search.cc:723] Sampled 512 candidate(s)
2024-05-01 15:58:53 [INFO] [evolutionary_search.cc:621] Evolve iter #0 done. Summary:
Postproc #0 [meta_schedule.DisallowDynamicLoop(0x1140fc88)]: 0 failure(s)
Postproc #1 [meta_schedule.RewriteCooperativeFetch(0x14fba458)]: 0 failure(s)
Postproc #2 [meta_schedule.RewriteUnboundBlock(0xa56a8c8)]: 0 failure(s)
Postproc #3 [meta_schedule.RewriteParallelVectorizeUnroll(0xb734578)]: 0 failure(s)
Postproc #4 [meta_schedule.RewriteReductionBlock(0xff002a8)]: 0 failure(s)
Postproc #5 [meta_schedule.VerifyGPUCode(0x14e18ee8)]: 0 failure(s)
Postproc #6 [meta_schedule.RewriteTensorize(0xade11c8)]: 0 failure(s)
2024-05-01 15:58:53 [INFO] [evolutionary_search.cc:621] Evolve iter #1 done. Summary:
Postproc #0 [meta_schedule.DisallowDynamicLoop(0x1140fc88)]: 0 failure(s)
Postproc #1 [meta_schedule.RewriteCooperativeFetch(0x14fba458)]: 0 failure(s)
Postproc #2 [meta_schedule.RewriteUnboundBlock(0xa56a8c8)]: 0 failure(s)
Postproc #3 [meta_schedule.RewriteParallelVectorizeUnroll(0xb734578)]: 0 failure(s)
Postproc #4 [meta_schedule.RewriteReductionBlock(0xff002a8)]: 0 failure(s)
Postproc #5 [meta_schedule.VerifyGPUCode(0x14e18ee8)]: 0 failure(s)
Postproc #6 [meta_schedule.RewriteTensorize(0xade11c8)]: 0 failure(s)
2024-05-01 15:58:53 [INFO] [evolutionary_search.cc:621] Evolve iter #2 done. Summary:
Postproc #0 [meta_schedule.DisallowDynamicLoop(0x1140fc88)]: 0 failure(s)
Postproc #1 [meta_schedule.RewriteCooperativeFetch(0x14fba458)]: 0 failure(s)
Postproc #2 [meta_schedule.RewriteUnboundBlock(0xa56a8c8)]: 0 failure(s)
Postproc #3 [meta_schedule.RewriteParallelVectorizeUnroll(0xb734578)]: 0 failure(s)
Postproc #4 [meta_schedule.RewriteReductionBlock(0xff002a8)]: 0 failure(s)
Postproc #5 [meta_schedule.VerifyGPUCode(0x14e18ee8)]: 0 failure(s)
Postproc #6 [meta_schedule.RewriteTensorize(0xade11c8)]: 0 failure(s)
2024-05-01 15:58:53 [INFO] [evolutionary_search.cc:621] Evolve iter #3 done. Summary:
Postproc #0 [meta_schedule.DisallowDynamicLoop(0x1140fc88)]: 0 failure(s)
Postproc #1 [meta_schedule.RewriteCooperativeFetch(0x14fba458)]: 0 failure(s)
Postproc #2 [meta_schedule.RewriteUnboundBlock(0xa56a8c8)]: 0 failure(s)
Postproc #3 [meta_schedule.RewriteParallelVectorizeUnroll(0xb734578)]: 0 failure(s)
Postproc #4 [meta_schedule.RewriteReductionBlock(0xff002a8)]: 0 failure(s)
Postproc #5 [meta_schedule.VerifyGPUCode(0x14e18ee8)]: 0 failure(s)
Postproc #6 [meta_schedule.RewriteTensorize(0xade11c8)]: 0 failure(s)
2024-05-01 15:58:53 [INFO] [evolutionary_search.cc:649] Scores of the best 6 candidates:
[1 : 6]:	0.8057  0.5839  0.5530  0.4814  0.2861  0.0997
2024-05-01 15:58:53 [INFO] [evolutionary_search.cc:727] Got 6 candidate(s) with evolutionary search
2024-05-01 15:58:53 [INFO] [evolutionary_search.cc:730] Sending 6 candidates(s) for measurement
2024-05-01 18:33:06 [INFO] [task_scheduler.cc:121] [Task #62: fused_concatenate_multiply_add_nn_relu_31] Trial #1: Error in running:
LocalRunner: An exception occurred
Traceback (most recent call last):
  File "/mnt/home/gverma/ceph/opt/tvm/python/tvm/exec/popen_worker.py", line 87, in main
    result = fn(*args, **kwargs)
  File "/mnt/home/gverma/ceph/opt/tvm/python/tvm/meta_schedule/runner/local_runner.py", line 152, in _worker_func
    repeated_args: List[T_ARGUMENT_LIST] = f_alloc_argument(
  File "/mnt/home/gverma/ceph/opt/tvm/python/tvm/meta_schedule/runner/local_runner.py", line 360, in default_alloc_argument
    return alloc_argument_common(f_random_fill, device, args_info, alloc_repeat)
  File "/mnt/home/gverma/ceph/opt/tvm/python/tvm/meta_schedule/runner/utils.py", line 74, in alloc_argument_common
    arg: Any = dispatcher.get(arg_type, None)(*arg_info)
  File "/mnt/home/gverma/ceph/opt/tvm/python/tvm/meta_schedule/runner/utils.py", line 56, in alloc_tensor
    arg = ndarray.empty(shape=shape, dtype=dtype, device=device)
  File "/mnt/home/gverma/ceph/opt/tvm/python/tvm/runtime/ndarray.py", line 391, in empty
    arr = _ffi_api.TVMArrayAllocWithScope(shape, dtype, device, mem_scope)
  File "/mnt/home/gverma/ceph/opt/tvm/python/tvm/_ffi/_ctypes/packed_func.py", line 239, in __call__
    raise_last_ffi_error()
  File "/mnt/home/gverma/ceph/opt/tvm/python/tvm/_ffi/base.py", line 481, in raise_last_ffi_error
    raise py_err
tvm.error.InternalError: Traceback (most recent call last):
  5: _ZN3tvm7runtime13PackedFun
  4: tvm::runtime::TypedPackedFunc<tvm::runtime::NDArray (tvm::runtime::ShapeTuple, DLDataType, DLDevice, tvm::runtime::Optional<tvm::runtime::String>)>::AssignTypedLambda<tvm::runtime::NDArray (*)(tvm::runtime::ShapeTuple, DLDataType, DLDevice, tvm::runtime::Optional<tvm::runtime::String>)>(tvm::runtime::NDArray (*)(tvm::runtime::ShapeTuple, DLDataType, DLDevice, tvm::runtime::Optional<tvm::runtime::String>), std::__cxx11::basic_string<char, std::char_traits<char>, std::allocator<char> >)::{lambda(tvm::runtime::TVMArgs const&, tvm::runtime::TVMRetValue*)#1}::operator()(tvm::runtime::TVMArgs const&, tvm::runtime::TVMRetValue*) const
  3: tvm::runtime::NDArray::Empty(tvm::runtime::ShapeTuple, DLDataType, DLDevice, tvm::runtime::Optional<tvm::runtime::String>)
  2: tvm::runtime::DeviceAPI::AllocDataSpace(DLDevice, int, long const*, DLDataType, tvm::runtime::Optional<tvm::runtime::String>)
  1: tvm::runtime::CUDADeviceAPI::AllocDataSpace(DLDevice, unsigned long, unsigned long, DLDataType)
  0: _ZN3tvm7runtime6deta
  File "/mnt/home/gverma/ceph/opt/tvm/src/runtime/cuda/cuda_device_api.cc", line 126
InternalError: Check failed: (e == cudaSuccess || e == cudaErrorCudartUnloading) is false: CUDA: misaligned address

# from tvm.script import ir as I
# from tvm.script import tir as T

@I.ir_module
class Module:
    @T.prim_func
    def main(p0: T.Buffer((T.int64(1), T.int64(896), T.int64(7), T.int64(7)), "float32"), p1: T.Buffer((T.int64(1), T.int64(896), T.int64(1), T.int64(1)), "float32"), p2: T.Buffer((T.int64(1), T.int64(896), T.int64(1), T.int64(1)), "float32"), T_relu: T.Buffer((T.int64(1), T.int64(896), T.int64(7), T.int64(7)), "float32")):
        T.func_attr({"tir.noalias": T.bool(True)})
        # with T.block("root"):
        for ax0_ax1_ax2_ax3_fused_0 in T.thread_binding(T.int64(686), thread="blockIdx.x"):
            for ax0_ax1_ax2_ax3_fused_1 in T.thread_binding(T.int64(64), thread="threadIdx.x"):
                with T.block("T_concat"):
                    v_ax0 = T.axis.spatial(T.int64(1), T.int64(0))
                    v_ax1 = T.axis.spatial(T.int64(896), (ax0_ax1_ax2_ax3_fused_0 * T.int64(64) + ax0_ax1_ax2_ax3_fused_1) // T.int64(49))
                    v_ax2 = T.axis.spatial(T.int64(7), (ax0_ax1_ax2_ax3_fused_0 * T.int64(64) + ax0_ax1_ax2_ax3_fused_1) % T.int64(49) // T.int64(7))
                    v_ax3 = T.axis.spatial(T.int64(7), (ax0_ax1_ax2_ax3_fused_0 * T.int64(64) + ax0_ax1_ax2_ax3_fused_1) % T.int64(7))
                    T.reads(p0[v_ax0, v_ax1, v_ax2, v_ax3], p1[v_ax0, v_ax1, T.int64(0), T.int64(0)], p2[v_ax0, v_ax1, T.int64(0), T.int64(0)])
                    T.writes(T_relu[v_ax0, v_ax1, v_ax2, v_ax3])
                    T_relu[v_ax0, v_ax1, v_ax2, v_ax3] = T.max(p0[v_ax0, v_ax1, v_ax2, v_ax3] * p1[v_ax0, v_ax1, T.int64(0), T.int64(0)] + p2[v_ax0, v_ax1, T.int64(0), T.int64(0)], T.float32(0))
b0 = sch.get_block(name="T_concat", func_name="main")
b1 = sch.get_block(name="T_multiply", func_name="main")
b2 = sch.get_block(name="T_add", func_name="main")
b3 = sch.get_block(name="T_relu", func_name="main")
sch.reverse_compute_inline(block=b3)
sch.reverse_compute_inline(block=b2)
sch.reverse_compute_inline(block=b1)
l4, l5, l6, l7 = sch.get_loops(block=b0)
l8 = sch.fuse(l4, l5, l6, l7, preserve_unit_iters=True)
v9 = sch.sample_categorical(candidates=[32, 64, 128, 256, 512, 1024], probs=[0.16666666666666666, 0.16666666666666666, 0.16666666666666666, 0.16666666666666666, 0.16666666666666666, 0.16666666666666666], decision=1)
l10, l11 = sch.split(loop=l8, factors=[None, v9], preserve_unit_iters=True)
sch.bind(loop=l10, thread_axis="blockIdx.x")
sch.bind(loop=l11, thread_axis="threadIdx.x")
sch.enter_postproc()
2024-05-01 18:33:06 [INFO] [task_scheduler.cc:121] [Task #62: fused_concatenate_multiply_add_nn_relu_31] Trial #2: Error in running:
LocalRunner: An exception occurred
Subprocess terminated
# from tvm.script import ir as I
# from tvm.script import tir as T

@I.ir_module
class Module:
    @T.prim_func
    def main(p0: T.Buffer((T.int64(1), T.int64(896), T.int64(7), T.int64(7)), "float32"), p1: T.Buffer((T.int64(1), T.int64(896), T.int64(1), T.int64(1)), "float32"), p2: T.Buffer((T.int64(1), T.int64(896), T.int64(1), T.int64(1)), "float32"), T_relu: T.Buffer((T.int64(1), T.int64(896), T.int64(7), T.int64(7)), "float32")):
        T.func_attr({"tir.noalias": T.bool(True)})
        # with T.block("root"):
        for ax0_ax1_ax2_ax3_fused_0 in T.thread_binding(T.int64(343), thread="blockIdx.x"):
            for ax0_ax1_ax2_ax3_fused_1 in T.thread_binding(T.int64(128), thread="threadIdx.x"):
                with T.block("T_concat"):
                    v_ax0 = T.axis.spatial(T.int64(1), T.int64(0))
                    v_ax1 = T.axis.spatial(T.int64(896), (ax0_ax1_ax2_ax3_fused_0 * T.int64(128) + ax0_ax1_ax2_ax3_fused_1) // T.int64(49))
                    v_ax2 = T.axis.spatial(T.int64(7), (ax0_ax1_ax2_ax3_fused_0 * T.int64(128) + ax0_ax1_ax2_ax3_fused_1) % T.int64(49) // T.int64(7))
                    v_ax3 = T.axis.spatial(T.int64(7), (ax0_ax1_ax2_ax3_fused_0 * T.int64(128) + ax0_ax1_ax2_ax3_fused_1) % T.int64(7))
                    T.reads(p0[v_ax0, v_ax1, v_ax2, v_ax3], p1[v_ax0, v_ax1, T.int64(0), T.int64(0)], p2[v_ax0, v_ax1, T.int64(0), T.int64(0)])
                    T.writes(T_relu[v_ax0, v_ax1, v_ax2, v_ax3])
                    T_relu[v_ax0, v_ax1, v_ax2, v_ax3] = T.max(p0[v_ax0, v_ax1, v_ax2, v_ax3] * p1[v_ax0, v_ax1, T.int64(0), T.int64(0)] + p2[v_ax0, v_ax1, T.int64(0), T.int64(0)], T.float32(0))
b0 = sch.get_block(name="T_concat", func_name="main")
b1 = sch.get_block(name="T_multiply", func_name="main")
b2 = sch.get_block(name="T_add", func_name="main")
b3 = sch.get_block(name="T_relu", func_name="main")
sch.reverse_compute_inline(block=b3)
sch.reverse_compute_inline(block=b2)
sch.reverse_compute_inline(block=b1)
l4, l5, l6, l7 = sch.get_loops(block=b0)
l8 = sch.fuse(l4, l5, l6, l7, preserve_unit_iters=True)
v9 = sch.sample_categorical(candidates=[32, 64, 128, 256, 512, 1024], probs=[0.16666666666666666, 0.16666666666666666, 0.16666666666666666, 0.16666666666666666, 0.16666666666666666, 0.16666666666666666], decision=2)
l10, l11 = sch.split(loop=l8, factors=[None, v9], preserve_unit_iters=True)
sch.bind(loop=l10, thread_axis="blockIdx.x")
sch.bind(loop=l11, thread_axis="threadIdx.x")
sch.enter_postproc()
2024-05-01 18:33:06 [INFO] [task_scheduler.cc:131] [Task #62: fused_concatenate_multiply_add_nn_relu_31] Trial #3: GFLOPs: 41.0364. Time: 3.2096 us. Best GFLOPs: 41.0364
2024-05-01 18:33:06 [INFO] [task_scheduler.cc:131] [Task #62: fused_concatenate_multiply_add_nn_relu_31] Trial #4: GFLOPs: 44.4891. Time: 2.9605 us. Best GFLOPs: 44.4891
2024-05-01 18:33:06 [INFO] [task_scheduler.cc:131] [Task #62: fused_concatenate_multiply_add_nn_relu_31] Trial #5: GFLOPs: 44.4611. Time: 2.9624 us. Best GFLOPs: 44.4891
2024-05-01 18:33:06 [INFO] [task_scheduler.cc:131] [Task #62: fused_concatenate_multiply_add_nn_relu_31] Trial #6: GFLOPs: 35.5916. Time: 3.7006 us. Best GFLOPs: 44.4891
