2024-04-29 16:32:26 [INFO] [task_scheduler.cc:160] Initializing Task #178: "fused_concatenate_multiply_add_nn_relu_86"
2024-04-29 16:32:26 [INFO] [task_scheduler.cc:35] 
# from tvm.script import ir as I
# from tvm.script import tir as T

@I.ir_module
class Module:
    @T.prim_func
    def main(p0: T.Buffer((T.int64(1), T.int64(128), T.int64(28), T.int64(28)), "float32"), p1: T.Buffer((T.int64(1), T.int64(32), T.int64(28), T.int64(28)), "float32"), p2: T.Buffer((T.int64(1), T.int64(32), T.int64(28), T.int64(28)), "float32"), p3: T.Buffer((T.int64(1), T.int64(32), T.int64(28), T.int64(28)), "float32"), p4: T.Buffer((T.int64(1), T.int64(224), T.int64(1), T.int64(1)), "float32"), p5: T.Buffer((T.int64(1), T.int64(224), T.int64(1), T.int64(1)), "float32"), T_relu: T.Buffer((T.int64(1), T.int64(224), T.int64(28), T.int64(28)), "float32")):
        T.func_attr({"tir.noalias": T.bool(True)})
        # with T.block("root"):
        T_concat = T.alloc_buffer((T.int64(1), T.int64(224), T.int64(28), T.int64(28)))
        T_multiply = T.alloc_buffer((T.int64(1), T.int64(224), T.int64(28), T.int64(28)))
        T_add = T.alloc_buffer((T.int64(1), T.int64(224), T.int64(28), T.int64(28)))
        for ax0, ax1, ax2, ax3 in T.grid(T.int64(1), T.int64(224), T.int64(28), T.int64(28)):
            with T.block("T_concat"):
                v_ax0, v_ax1, v_ax2, v_ax3 = T.axis.remap("SSSS", [ax0, ax1, ax2, ax3])
                T.reads(p3[v_ax0, v_ax1 - T.int64(192), v_ax2, v_ax3], p2[v_ax0, v_ax1 - T.int64(160), v_ax2, v_ax3], p1[v_ax0, v_ax1 - T.int64(128), v_ax2, v_ax3], p0[v_ax0, v_ax1, v_ax2, v_ax3])
                T.writes(T_concat[v_ax0, v_ax1, v_ax2, v_ax3])
                T_concat[v_ax0, v_ax1, v_ax2, v_ax3] = T.if_then_else(T.int64(192) <= v_ax1, p3[v_ax0, v_ax1 - T.int64(192), v_ax2, v_ax3], T.if_then_else(T.int64(160) <= v_ax1, p2[v_ax0, v_ax1 - T.int64(160), v_ax2, v_ax3], T.if_then_else(T.int64(128) <= v_ax1, p1[v_ax0, v_ax1 - T.int64(128), v_ax2, v_ax3], p0[v_ax0, v_ax1, v_ax2, v_ax3])))
        for ax0, ax1, ax2, ax3 in T.grid(T.int64(1), T.int64(224), T.int64(28), T.int64(28)):
            with T.block("T_multiply"):
                v_ax0, v_ax1, v_ax2, v_ax3 = T.axis.remap("SSSS", [ax0, ax1, ax2, ax3])
                T.reads(T_concat[v_ax0, v_ax1, v_ax2, v_ax3], p4[v_ax0, v_ax1, T.int64(0), T.int64(0)])
                T.writes(T_multiply[v_ax0, v_ax1, v_ax2, v_ax3])
                T_multiply[v_ax0, v_ax1, v_ax2, v_ax3] = T_concat[v_ax0, v_ax1, v_ax2, v_ax3] * p4[v_ax0, v_ax1, T.int64(0), T.int64(0)]
        for ax0, ax1, ax2, ax3 in T.grid(T.int64(1), T.int64(224), T.int64(28), T.int64(28)):
            with T.block("T_add"):
                v_ax0, v_ax1, v_ax2, v_ax3 = T.axis.remap("SSSS", [ax0, ax1, ax2, ax3])
                T.reads(T_multiply[v_ax0, v_ax1, v_ax2, v_ax3], p5[v_ax0, v_ax1, T.int64(0), T.int64(0)])
                T.writes(T_add[v_ax0, v_ax1, v_ax2, v_ax3])
                T_add[v_ax0, v_ax1, v_ax2, v_ax3] = T_multiply[v_ax0, v_ax1, v_ax2, v_ax3] + p5[v_ax0, v_ax1, T.int64(0), T.int64(0)]
        for ax0, ax1, ax2, ax3 in T.grid(T.int64(1), T.int64(224), T.int64(28), T.int64(28)):
            with T.block("T_relu"):
                v_ax0, v_ax1, v_ax2, v_ax3 = T.axis.remap("SSSS", [ax0, ax1, ax2, ax3])
                T.reads(T_add[v_ax0, v_ax1, v_ax2, v_ax3])
                T.writes(T_relu[v_ax0, v_ax1, v_ax2, v_ax3])
                T_relu[v_ax0, v_ax1, v_ax2, v_ax3] = T.max(T_add[v_ax0, v_ax1, v_ax2, v_ax3], T.float32(0))
2024-04-29 16:32:26 [INFO] [task_scheduler.cc:164] Total 1 design space(s) generated
2024-04-29 16:32:26 [INFO] [task_scheduler.cc:170] Design space #0:
# from tvm.script import ir as I
# from tvm.script import tir as T

@I.ir_module
class Module:
    @T.prim_func
    def main(p0: T.Buffer((T.int64(1), T.int64(128), T.int64(28), T.int64(28)), "float32"), p1: T.Buffer((T.int64(1), T.int64(32), T.int64(28), T.int64(28)), "float32"), p2: T.Buffer((T.int64(1), T.int64(32), T.int64(28), T.int64(28)), "float32"), p3: T.Buffer((T.int64(1), T.int64(32), T.int64(28), T.int64(28)), "float32"), p4: T.Buffer((T.int64(1), T.int64(224), T.int64(1), T.int64(1)), "float32"), p5: T.Buffer((T.int64(1), T.int64(224), T.int64(1), T.int64(1)), "float32"), T_relu: T.Buffer((T.int64(1), T.int64(224), T.int64(28), T.int64(28)), "float32")):
        T.func_attr({"tir.noalias": T.bool(True)})
        # with T.block("root"):
        for ax0_ax1_ax2_ax3_fused_0 in T.thread_binding(T.int64(1372), thread="blockIdx.x"):
            for ax0_ax1_ax2_ax3_fused_1 in T.thread_binding(T.int64(128), thread="threadIdx.x"):
                with T.block("T_concat"):
                    v_ax0 = T.axis.spatial(T.int64(1), T.int64(0))
                    v_ax1 = T.axis.spatial(T.int64(224), (ax0_ax1_ax2_ax3_fused_0 * T.int64(128) + ax0_ax1_ax2_ax3_fused_1) // T.int64(784))
                    v_ax2 = T.axis.spatial(T.int64(28), (ax0_ax1_ax2_ax3_fused_0 * T.int64(128) + ax0_ax1_ax2_ax3_fused_1) % T.int64(784) // T.int64(28))
                    v_ax3 = T.axis.spatial(T.int64(28), (ax0_ax1_ax2_ax3_fused_0 * T.int64(128) + ax0_ax1_ax2_ax3_fused_1) % T.int64(28))
                    T.reads(p3[v_ax0, v_ax1 - T.int64(192), v_ax2, v_ax3], p2[v_ax0, v_ax1 - T.int64(160), v_ax2, v_ax3], p1[v_ax0, v_ax1 - T.int64(128), v_ax2, v_ax3], p0[v_ax0, v_ax1, v_ax2, v_ax3], p4[v_ax0, v_ax1, T.int64(0), T.int64(0)], p5[v_ax0, v_ax1, T.int64(0), T.int64(0)])
                    T.writes(T_relu[v_ax0, v_ax1, v_ax2, v_ax3])
                    T_relu[v_ax0, v_ax1, v_ax2, v_ax3] = T.max(T.if_then_else(T.int64(192) <= v_ax1, p3[v_ax0, v_ax1 - T.int64(192), v_ax2, v_ax3], T.if_then_else(T.int64(160) <= v_ax1, p2[v_ax0, v_ax1 - T.int64(160), v_ax2, v_ax3], T.if_then_else(T.int64(128) <= v_ax1, p1[v_ax0, v_ax1 - T.int64(128), v_ax2, v_ax3], p0[v_ax0, v_ax1, v_ax2, v_ax3]))) * p4[v_ax0, v_ax1, T.int64(0), T.int64(0)] + p5[v_ax0, v_ax1, T.int64(0), T.int64(0)], T.float32(0))
b0 = sch.get_block(name="T_concat", func_name="main")
b1 = sch.get_block(name="T_multiply", func_name="main")
b2 = sch.get_block(name="T_add", func_name="main")
b3 = sch.get_block(name="T_relu", func_name="main")
sch.reverse_compute_inline(block=b3)
sch.reverse_compute_inline(block=b2)
sch.reverse_compute_inline(block=b1)
l4, l5, l6, l7 = sch.get_loops(block=b0)
l8 = sch.fuse(l4, l5, l6, l7, preserve_unit_iters=True)
v9 = sch.sample_categorical(candidates=[32, 64, 128, 256, 512, 1024], probs=[0.16666666666666666, 0.16666666666666666, 0.16666666666666666, 0.16666666666666666, 0.16666666666666666, 0.16666666666666666], decision=2)
l10, l11 = sch.split(loop=l8, factors=[None, v9], preserve_unit_iters=True)
sch.bind(loop=l10, thread_axis="blockIdx.x")
sch.bind(loop=l11, thread_axis="threadIdx.x")
2024-04-29 19:24:43 [INFO] [evolutionary_search.cc:713] Generating candidates......
2024-04-29 19:24:43 [INFO] [evolutionary_search.cc:715] Picked top 0 candidate(s) from database
2024-04-29 19:24:45 [INFO] [evolutionary_search.cc:533] Sample-Init-Population summary:
Postproc #0 [meta_schedule.DisallowDynamicLoop(0x117299e8)]: 0 failure(s)
Postproc #1 [meta_schedule.RewriteCooperativeFetch(0xf6e58c8)]: 0 failure(s)
Postproc #2 [meta_schedule.RewriteUnboundBlock(0x113711f8)]: 0 failure(s)
Postproc #3 [meta_schedule.RewriteParallelVectorizeUnroll(0x3c2b1a8)]: 0 failure(s)
Postproc #4 [meta_schedule.RewriteReductionBlock(0xe2dcec8)]: 0 failure(s)
Postproc #5 [meta_schedule.VerifyGPUCode(0xf9b8a38)]: 0 failure(s)
Postproc #6 [meta_schedule.RewriteTensorize(0x14ce29f8)]: 0 failure(s)
2024-04-29 19:24:45 [INFO] [evolutionary_search.cc:723] Sampled 512 candidate(s)
2024-04-29 19:24:45 [INFO] [evolutionary_search.cc:621] Evolve iter #0 done. Summary:
Postproc #0 [meta_schedule.DisallowDynamicLoop(0x117299e8)]: 0 failure(s)
Postproc #1 [meta_schedule.RewriteCooperativeFetch(0xf6e58c8)]: 0 failure(s)
Postproc #2 [meta_schedule.RewriteUnboundBlock(0x113711f8)]: 0 failure(s)
Postproc #3 [meta_schedule.RewriteParallelVectorizeUnroll(0x3c2b1a8)]: 0 failure(s)
Postproc #4 [meta_schedule.RewriteReductionBlock(0xe2dcec8)]: 0 failure(s)
Postproc #5 [meta_schedule.VerifyGPUCode(0xf9b8a38)]: 0 failure(s)
Postproc #6 [meta_schedule.RewriteTensorize(0x14ce29f8)]: 0 failure(s)
2024-04-29 19:24:46 [INFO] [evolutionary_search.cc:621] Evolve iter #1 done. Summary:
Postproc #0 [meta_schedule.DisallowDynamicLoop(0x117299e8)]: 0 failure(s)
Postproc #1 [meta_schedule.RewriteCooperativeFetch(0xf6e58c8)]: 0 failure(s)
Postproc #2 [meta_schedule.RewriteUnboundBlock(0x113711f8)]: 0 failure(s)
Postproc #3 [meta_schedule.RewriteParallelVectorizeUnroll(0x3c2b1a8)]: 0 failure(s)
Postproc #4 [meta_schedule.RewriteReductionBlock(0xe2dcec8)]: 0 failure(s)
Postproc #5 [meta_schedule.VerifyGPUCode(0xf9b8a38)]: 0 failure(s)
Postproc #6 [meta_schedule.RewriteTensorize(0x14ce29f8)]: 0 failure(s)
2024-04-29 19:24:46 [INFO] [evolutionary_search.cc:621] Evolve iter #2 done. Summary:
Postproc #0 [meta_schedule.DisallowDynamicLoop(0x117299e8)]: 0 failure(s)
Postproc #1 [meta_schedule.RewriteCooperativeFetch(0xf6e58c8)]: 0 failure(s)
Postproc #2 [meta_schedule.RewriteUnboundBlock(0x113711f8)]: 0 failure(s)
Postproc #3 [meta_schedule.RewriteParallelVectorizeUnroll(0x3c2b1a8)]: 0 failure(s)
Postproc #4 [meta_schedule.RewriteReductionBlock(0xe2dcec8)]: 0 failure(s)
Postproc #5 [meta_schedule.VerifyGPUCode(0xf9b8a38)]: 0 failure(s)
Postproc #6 [meta_schedule.RewriteTensorize(0x14ce29f8)]: 0 failure(s)
2024-04-29 19:24:46 [INFO] [evolutionary_search.cc:621] Evolve iter #3 done. Summary:
Postproc #0 [meta_schedule.DisallowDynamicLoop(0x117299e8)]: 0 failure(s)
Postproc #1 [meta_schedule.RewriteCooperativeFetch(0xf6e58c8)]: 0 failure(s)
Postproc #2 [meta_schedule.RewriteUnboundBlock(0x113711f8)]: 0 failure(s)
Postproc #3 [meta_schedule.RewriteParallelVectorizeUnroll(0x3c2b1a8)]: 0 failure(s)
Postproc #4 [meta_schedule.RewriteReductionBlock(0xe2dcec8)]: 0 failure(s)
Postproc #5 [meta_schedule.VerifyGPUCode(0xf9b8a38)]: 0 failure(s)
Postproc #6 [meta_schedule.RewriteTensorize(0x14ce29f8)]: 0 failure(s)
2024-04-29 19:24:46 [INFO] [evolutionary_search.cc:649] Scores of the best 6 candidates:
[1 : 6]:	0.9905  0.8238  0.5207  0.3129  0.1421  0.0286
2024-04-29 19:24:46 [INFO] [evolutionary_search.cc:727] Got 6 candidate(s) with evolutionary search
2024-04-29 19:24:46 [INFO] [evolutionary_search.cc:730] Sending 6 candidates(s) for measurement
2024-04-29 20:32:06 [INFO] [task_scheduler.cc:131] [Task #178: fused_concatenate_multiply_add_nn_relu_86] Trial #1: GFLOPs: 77.7666. Time: 6.7747 us. Best GFLOPs: 77.7666
2024-04-29 20:32:06 [INFO] [task_scheduler.cc:131] [Task #178: fused_concatenate_multiply_add_nn_relu_86] Trial #2: GFLOPs: 158.4309. Time: 3.3254 us. Best GFLOPs: 158.4309
2024-04-29 20:32:06 [INFO] [task_scheduler.cc:131] [Task #178: fused_concatenate_multiply_add_nn_relu_86] Trial #3: GFLOPs: 154.8774. Time: 3.4017 us. Best GFLOPs: 158.4309
2024-04-29 20:32:06 [INFO] [task_scheduler.cc:131] [Task #178: fused_concatenate_multiply_add_nn_relu_86] Trial #4: GFLOPs: 145.7215. Time: 3.6154 us. Best GFLOPs: 158.4309
2024-04-29 20:32:06 [INFO] [task_scheduler.cc:131] [Task #178: fused_concatenate_multiply_add_nn_relu_86] Trial #5: GFLOPs: 112.1979. Time: 4.6957 us. Best GFLOPs: 158.4309
2024-04-29 20:32:06 [INFO] [task_scheduler.cc:131] [Task #178: fused_concatenate_multiply_add_nn_relu_86] Trial #6: GFLOPs: 155.7759. Time: 3.3821 us. Best GFLOPs: 158.4309
2024-05-01 15:06:06 [INFO] [task_scheduler.cc:160] Initializing Task #178: "fused_concatenate_multiply_add_nn_relu_86"
2024-05-01 15:06:06 [INFO] [task_scheduler.cc:35] 
# from tvm.script import ir as I
# from tvm.script import tir as T

@I.ir_module
class Module:
    @T.prim_func
    def main(p0: T.Buffer((T.int64(1), T.int64(128), T.int64(28), T.int64(28)), "float32"), p1: T.Buffer((T.int64(1), T.int64(32), T.int64(28), T.int64(28)), "float32"), p2: T.Buffer((T.int64(1), T.int64(32), T.int64(28), T.int64(28)), "float32"), p3: T.Buffer((T.int64(1), T.int64(32), T.int64(28), T.int64(28)), "float32"), p4: T.Buffer((T.int64(1), T.int64(224), T.int64(1), T.int64(1)), "float32"), p5: T.Buffer((T.int64(1), T.int64(224), T.int64(1), T.int64(1)), "float32"), T_relu: T.Buffer((T.int64(1), T.int64(224), T.int64(28), T.int64(28)), "float32")):
        T.func_attr({"tir.noalias": T.bool(True)})
        # with T.block("root"):
        T_concat = T.alloc_buffer((T.int64(1), T.int64(224), T.int64(28), T.int64(28)))
        T_multiply = T.alloc_buffer((T.int64(1), T.int64(224), T.int64(28), T.int64(28)))
        T_add = T.alloc_buffer((T.int64(1), T.int64(224), T.int64(28), T.int64(28)))
        for ax0, ax1, ax2, ax3 in T.grid(T.int64(1), T.int64(224), T.int64(28), T.int64(28)):
            with T.block("T_concat"):
                v_ax0, v_ax1, v_ax2, v_ax3 = T.axis.remap("SSSS", [ax0, ax1, ax2, ax3])
                T.reads(p3[v_ax0, v_ax1 - T.int64(192), v_ax2, v_ax3], p2[v_ax0, v_ax1 - T.int64(160), v_ax2, v_ax3], p1[v_ax0, v_ax1 - T.int64(128), v_ax2, v_ax3], p0[v_ax0, v_ax1, v_ax2, v_ax3])
                T.writes(T_concat[v_ax0, v_ax1, v_ax2, v_ax3])
                T_concat[v_ax0, v_ax1, v_ax2, v_ax3] = T.if_then_else(T.int64(192) <= v_ax1, p3[v_ax0, v_ax1 - T.int64(192), v_ax2, v_ax3], T.if_then_else(T.int64(160) <= v_ax1, p2[v_ax0, v_ax1 - T.int64(160), v_ax2, v_ax3], T.if_then_else(T.int64(128) <= v_ax1, p1[v_ax0, v_ax1 - T.int64(128), v_ax2, v_ax3], p0[v_ax0, v_ax1, v_ax2, v_ax3])))
        for ax0, ax1, ax2, ax3 in T.grid(T.int64(1), T.int64(224), T.int64(28), T.int64(28)):
            with T.block("T_multiply"):
                v_ax0, v_ax1, v_ax2, v_ax3 = T.axis.remap("SSSS", [ax0, ax1, ax2, ax3])
                T.reads(T_concat[v_ax0, v_ax1, v_ax2, v_ax3], p4[v_ax0, v_ax1, T.int64(0), T.int64(0)])
                T.writes(T_multiply[v_ax0, v_ax1, v_ax2, v_ax3])
                T_multiply[v_ax0, v_ax1, v_ax2, v_ax3] = T_concat[v_ax0, v_ax1, v_ax2, v_ax3] * p4[v_ax0, v_ax1, T.int64(0), T.int64(0)]
        for ax0, ax1, ax2, ax3 in T.grid(T.int64(1), T.int64(224), T.int64(28), T.int64(28)):
            with T.block("T_add"):
                v_ax0, v_ax1, v_ax2, v_ax3 = T.axis.remap("SSSS", [ax0, ax1, ax2, ax3])
                T.reads(T_multiply[v_ax0, v_ax1, v_ax2, v_ax3], p5[v_ax0, v_ax1, T.int64(0), T.int64(0)])
                T.writes(T_add[v_ax0, v_ax1, v_ax2, v_ax3])
                T_add[v_ax0, v_ax1, v_ax2, v_ax3] = T_multiply[v_ax0, v_ax1, v_ax2, v_ax3] + p5[v_ax0, v_ax1, T.int64(0), T.int64(0)]
        for ax0, ax1, ax2, ax3 in T.grid(T.int64(1), T.int64(224), T.int64(28), T.int64(28)):
            with T.block("T_relu"):
                v_ax0, v_ax1, v_ax2, v_ax3 = T.axis.remap("SSSS", [ax0, ax1, ax2, ax3])
                T.reads(T_add[v_ax0, v_ax1, v_ax2, v_ax3])
                T.writes(T_relu[v_ax0, v_ax1, v_ax2, v_ax3])
                T_relu[v_ax0, v_ax1, v_ax2, v_ax3] = T.max(T_add[v_ax0, v_ax1, v_ax2, v_ax3], T.float32(0))
2024-05-01 15:06:06 [INFO] [task_scheduler.cc:164] Total 1 design space(s) generated
2024-05-01 15:06:06 [INFO] [task_scheduler.cc:170] Design space #0:
# from tvm.script import ir as I
# from tvm.script import tir as T

@I.ir_module
class Module:
    @T.prim_func
    def main(p0: T.Buffer((T.int64(1), T.int64(128), T.int64(28), T.int64(28)), "float32"), p1: T.Buffer((T.int64(1), T.int64(32), T.int64(28), T.int64(28)), "float32"), p2: T.Buffer((T.int64(1), T.int64(32), T.int64(28), T.int64(28)), "float32"), p3: T.Buffer((T.int64(1), T.int64(32), T.int64(28), T.int64(28)), "float32"), p4: T.Buffer((T.int64(1), T.int64(224), T.int64(1), T.int64(1)), "float32"), p5: T.Buffer((T.int64(1), T.int64(224), T.int64(1), T.int64(1)), "float32"), T_relu: T.Buffer((T.int64(1), T.int64(224), T.int64(28), T.int64(28)), "float32")):
        T.func_attr({"tir.noalias": T.bool(True)})
        # with T.block("root"):
        for ax0_ax1_ax2_ax3_fused_0 in T.thread_binding(T.int64(686), thread="blockIdx.x"):
            for ax0_ax1_ax2_ax3_fused_1 in T.thread_binding(T.int64(256), thread="threadIdx.x"):
                with T.block("T_concat"):
                    v_ax0 = T.axis.spatial(T.int64(1), T.int64(0))
                    v_ax1 = T.axis.spatial(T.int64(224), (ax0_ax1_ax2_ax3_fused_0 * T.int64(256) + ax0_ax1_ax2_ax3_fused_1) // T.int64(784))
                    v_ax2 = T.axis.spatial(T.int64(28), (ax0_ax1_ax2_ax3_fused_0 * T.int64(256) + ax0_ax1_ax2_ax3_fused_1) % T.int64(784) // T.int64(28))
                    v_ax3 = T.axis.spatial(T.int64(28), (ax0_ax1_ax2_ax3_fused_0 * T.int64(256) + ax0_ax1_ax2_ax3_fused_1) % T.int64(28))
                    T.reads(p3[v_ax0, v_ax1 - T.int64(192), v_ax2, v_ax3], p2[v_ax0, v_ax1 - T.int64(160), v_ax2, v_ax3], p1[v_ax0, v_ax1 - T.int64(128), v_ax2, v_ax3], p0[v_ax0, v_ax1, v_ax2, v_ax3], p4[v_ax0, v_ax1, T.int64(0), T.int64(0)], p5[v_ax0, v_ax1, T.int64(0), T.int64(0)])
                    T.writes(T_relu[v_ax0, v_ax1, v_ax2, v_ax3])
                    T_relu[v_ax0, v_ax1, v_ax2, v_ax3] = T.max(T.if_then_else(T.int64(192) <= v_ax1, p3[v_ax0, v_ax1 - T.int64(192), v_ax2, v_ax3], T.if_then_else(T.int64(160) <= v_ax1, p2[v_ax0, v_ax1 - T.int64(160), v_ax2, v_ax3], T.if_then_else(T.int64(128) <= v_ax1, p1[v_ax0, v_ax1 - T.int64(128), v_ax2, v_ax3], p0[v_ax0, v_ax1, v_ax2, v_ax3]))) * p4[v_ax0, v_ax1, T.int64(0), T.int64(0)] + p5[v_ax0, v_ax1, T.int64(0), T.int64(0)], T.float32(0))
b0 = sch.get_block(name="T_concat", func_name="main")
b1 = sch.get_block(name="T_multiply", func_name="main")
b2 = sch.get_block(name="T_add", func_name="main")
b3 = sch.get_block(name="T_relu", func_name="main")
sch.reverse_compute_inline(block=b3)
sch.reverse_compute_inline(block=b2)
sch.reverse_compute_inline(block=b1)
l4, l5, l6, l7 = sch.get_loops(block=b0)
l8 = sch.fuse(l4, l5, l6, l7, preserve_unit_iters=True)
v9 = sch.sample_categorical(candidates=[32, 64, 128, 256, 512, 1024], probs=[0.16666666666666666, 0.16666666666666666, 0.16666666666666666, 0.16666666666666666, 0.16666666666666666, 0.16666666666666666], decision=3)
l10, l11 = sch.split(loop=l8, factors=[None, v9], preserve_unit_iters=True)
sch.bind(loop=l10, thread_axis="blockIdx.x")
sch.bind(loop=l11, thread_axis="threadIdx.x")
2024-05-01 17:50:15 [INFO] [evolutionary_search.cc:713] Generating candidates......
2024-05-01 17:50:15 [INFO] [evolutionary_search.cc:715] Picked top 6 candidate(s) from database
2024-05-01 17:50:17 [INFO] [evolutionary_search.cc:533] Sample-Init-Population summary:
Postproc #0 [meta_schedule.DisallowDynamicLoop(0x10b247d8)]: 0 failure(s)
Postproc #1 [meta_schedule.RewriteCooperativeFetch(0xe520f88)]: 0 failure(s)
Postproc #2 [meta_schedule.RewriteUnboundBlock(0x1448bcd8)]: 0 failure(s)
Postproc #3 [meta_schedule.RewriteParallelVectorizeUnroll(0x105baa18)]: 0 failure(s)
Postproc #4 [meta_schedule.RewriteReductionBlock(0xde088a8)]: 0 failure(s)
Postproc #5 [meta_schedule.VerifyGPUCode(0x14cbdee8)]: 0 failure(s)
Postproc #6 [meta_schedule.RewriteTensorize(0x10432468)]: 0 failure(s)
2024-05-01 17:50:17 [INFO] [evolutionary_search.cc:723] Sampled 506 candidate(s)
2024-05-01 17:50:17 [INFO] [evolutionary_search.cc:621] Evolve iter #0 done. Summary:
Postproc #0 [meta_schedule.DisallowDynamicLoop(0x10b247d8)]: 0 failure(s)
Postproc #1 [meta_schedule.RewriteCooperativeFetch(0xe520f88)]: 0 failure(s)
Postproc #2 [meta_schedule.RewriteUnboundBlock(0x1448bcd8)]: 0 failure(s)
Postproc #3 [meta_schedule.RewriteParallelVectorizeUnroll(0x105baa18)]: 0 failure(s)
Postproc #4 [meta_schedule.RewriteReductionBlock(0xde088a8)]: 0 failure(s)
Postproc #5 [meta_schedule.VerifyGPUCode(0x14cbdee8)]: 0 failure(s)
Postproc #6 [meta_schedule.RewriteTensorize(0x10432468)]: 0 failure(s)
2024-05-01 17:50:17 [INFO] [evolutionary_search.cc:621] Evolve iter #1 done. Summary:
Postproc #0 [meta_schedule.DisallowDynamicLoop(0x10b247d8)]: 0 failure(s)
Postproc #1 [meta_schedule.RewriteCooperativeFetch(0xe520f88)]: 0 failure(s)
Postproc #2 [meta_schedule.RewriteUnboundBlock(0x1448bcd8)]: 0 failure(s)
Postproc #3 [meta_schedule.RewriteParallelVectorizeUnroll(0x105baa18)]: 0 failure(s)
Postproc #4 [meta_schedule.RewriteReductionBlock(0xde088a8)]: 0 failure(s)
Postproc #5 [meta_schedule.VerifyGPUCode(0x14cbdee8)]: 0 failure(s)
Postproc #6 [meta_schedule.RewriteTensorize(0x10432468)]: 0 failure(s)
2024-05-01 17:50:17 [INFO] [evolutionary_search.cc:621] Evolve iter #2 done. Summary:
Postproc #0 [meta_schedule.DisallowDynamicLoop(0x10b247d8)]: 0 failure(s)
Postproc #1 [meta_schedule.RewriteCooperativeFetch(0xe520f88)]: 0 failure(s)
Postproc #2 [meta_schedule.RewriteUnboundBlock(0x1448bcd8)]: 0 failure(s)
Postproc #3 [meta_schedule.RewriteParallelVectorizeUnroll(0x105baa18)]: 0 failure(s)
Postproc #4 [meta_schedule.RewriteReductionBlock(0xde088a8)]: 0 failure(s)
Postproc #5 [meta_schedule.VerifyGPUCode(0x14cbdee8)]: 0 failure(s)
Postproc #6 [meta_schedule.RewriteTensorize(0x10432468)]: 0 failure(s)
2024-05-01 17:50:17 [INFO] [evolutionary_search.cc:621] Evolve iter #3 done. Summary:
Postproc #0 [meta_schedule.DisallowDynamicLoop(0x10b247d8)]: 0 failure(s)
Postproc #1 [meta_schedule.RewriteCooperativeFetch(0xe520f88)]: 0 failure(s)
Postproc #2 [meta_schedule.RewriteUnboundBlock(0x1448bcd8)]: 0 failure(s)
Postproc #3 [meta_schedule.RewriteParallelVectorizeUnroll(0x105baa18)]: 0 failure(s)
Postproc #4 [meta_schedule.RewriteReductionBlock(0xde088a8)]: 0 failure(s)
Postproc #5 [meta_schedule.VerifyGPUCode(0x14cbdee8)]: 0 failure(s)
Postproc #6 [meta_schedule.RewriteTensorize(0x10432468)]: 0 failure(s)
2024-05-01 17:50:18 [INFO] [evolutionary_search.cc:649] Scores of the best 6 candidates:
[1 : 6]:	0.8066  0.8066  0.5986  0.2386  0.1933  0.1594
2024-05-01 17:50:18 [INFO] [evolutionary_search.cc:727] Got 6 candidate(s) with evolutionary search
2024-05-01 17:50:18 [INFO] [evolutionary_search.cc:730] Sending 6 candidates(s) for measurement
2024-05-01 18:39:27 [INFO] [task_scheduler.cc:131] [Task #178: fused_concatenate_multiply_add_nn_relu_86] Trial #1: GFLOPs: 70.0053. Time: 7.5258 us. Best GFLOPs: 70.0053
2024-05-01 18:39:27 [INFO] [task_scheduler.cc:131] [Task #178: fused_concatenate_multiply_add_nn_relu_86] Trial #2: GFLOPs: 155.2829. Time: 3.3928 us. Best GFLOPs: 155.2829
2024-05-01 18:39:27 [INFO] [task_scheduler.cc:131] [Task #178: fused_concatenate_multiply_add_nn_relu_86] Trial #3: GFLOPs: 155.7504. Time: 3.3826 us. Best GFLOPs: 155.7504
2024-05-01 18:39:27 [INFO] [task_scheduler.cc:131] [Task #178: fused_concatenate_multiply_add_nn_relu_86] Trial #4: GFLOPs: 135.8065. Time: 3.8794 us. Best GFLOPs: 155.7504
2024-05-01 18:39:27 [INFO] [task_scheduler.cc:131] [Task #178: fused_concatenate_multiply_add_nn_relu_86] Trial #5: GFLOPs: 157.0290. Time: 3.3551 us. Best GFLOPs: 157.0290
2024-05-01 18:39:27 [INFO] [task_scheduler.cc:131] [Task #178: fused_concatenate_multiply_add_nn_relu_86] Trial #6: GFLOPs: 109.4128. Time: 4.8152 us. Best GFLOPs: 157.0290
