2024-04-29 16:32:03 [INFO] [task_scheduler.cc:160] Initializing Task #117: "fused_concatenate_multiply_add_nn_relu_58"
2024-04-29 16:32:03 [INFO] [task_scheduler.cc:35] 
# from tvm.script import ir as I
# from tvm.script import tir as T

@I.ir_module
class Module:
    @T.prim_func
    def main(p0: T.Buffer((T.int64(1), T.int64(256), T.int64(14), T.int64(14)), "float32"), p1: T.Buffer((T.int64(1), T.int64(32), T.int64(14), T.int64(14)), "float32"), p2: T.Buffer((T.int64(1), T.int64(32), T.int64(14), T.int64(14)), "float32"), p3: T.Buffer((T.int64(1), T.int64(32), T.int64(14), T.int64(14)), "float32"), p4: T.Buffer((T.int64(1), T.int64(32), T.int64(14), T.int64(14)), "float32"), p5: T.Buffer((T.int64(1), T.int64(32), T.int64(14), T.int64(14)), "float32"), p6: T.Buffer((T.int64(1), T.int64(32), T.int64(14), T.int64(14)), "float32"), p7: T.Buffer((T.int64(1), T.int64(32), T.int64(14), T.int64(14)), "float32"), p8: T.Buffer((T.int64(1), T.int64(32), T.int64(14), T.int64(14)), "float32"), p9: T.Buffer((T.int64(1), T.int64(32), T.int64(14), T.int64(14)), "float32"), p10: T.Buffer((T.int64(1), T.int64(32), T.int64(14), T.int64(14)), "float32"), p11: T.Buffer((T.int64(1), T.int64(32), T.int64(14), T.int64(14)), "float32"), p12: T.Buffer((T.int64(1), T.int64(32), T.int64(14), T.int64(14)), "float32"), p13: T.Buffer((T.int64(1), T.int64(32), T.int64(14), T.int64(14)), "float32"), p14: T.Buffer((T.int64(1), T.int64(32), T.int64(14), T.int64(14)), "float32"), p15: T.Buffer((T.int64(1), T.int64(32), T.int64(14), T.int64(14)), "float32"), p16: T.Buffer((T.int64(1), T.int64(32), T.int64(14), T.int64(14)), "float32"), p17: T.Buffer((T.int64(1), T.int64(32), T.int64(14), T.int64(14)), "float32"), p18: T.Buffer((T.int64(1), T.int64(32), T.int64(14), T.int64(14)), "float32"), p19: T.Buffer((T.int64(1), T.int64(32), T.int64(14), T.int64(14)), "float32"), p20: T.Buffer((T.int64(1), T.int64(32), T.int64(14), T.int64(14)), "float32"), p21: T.Buffer((T.int64(1), T.int64(32), T.int64(14), T.int64(14)), "float32"), p22: T.Buffer((T.int64(1), T.int64(928), T.int64(1), T.int64(1)), "float32"), p23: T.Buffer((T.int64(1), T.int64(928), T.int64(1), T.int64(1)), "float32"), T_relu: T.Buffer((T.int64(1), T.int64(928), T.int64(14), T.int64(14)), "float32")):
        T.func_attr({"tir.noalias": T.bool(True)})
        # with T.block("root"):
        T_concat = T.alloc_buffer((T.int64(1), T.int64(928), T.int64(14), T.int64(14)))
        T_multiply = T.alloc_buffer((T.int64(1), T.int64(928), T.int64(14), T.int64(14)))
        T_add = T.alloc_buffer((T.int64(1), T.int64(928), T.int64(14), T.int64(14)))
        for ax0, ax1, ax2, ax3 in T.grid(T.int64(1), T.int64(928), T.int64(14), T.int64(14)):
            with T.block("T_concat"):
                v_ax0, v_ax1, v_ax2, v_ax3 = T.axis.remap("SSSS", [ax0, ax1, ax2, ax3])
                T.reads(p21[v_ax0, v_ax1 - T.int64(896), v_ax2, v_ax3], p20[v_ax0, v_ax1 - T.int64(864), v_ax2, v_ax3], p19[v_ax0, v_ax1 - T.int64(832), v_ax2, v_ax3], p18[v_ax0, v_ax1 - T.int64(800), v_ax2, v_ax3], p17[v_ax0, v_ax1 - T.int64(768), v_ax2, v_ax3], p16[v_ax0, v_ax1 - T.int64(736), v_ax2, v_ax3], p15[v_ax0, v_ax1 - T.int64(704), v_ax2, v_ax3], p14[v_ax0, v_ax1 - T.int64(672), v_ax2, v_ax3], p13[v_ax0, v_ax1 - T.int64(640), v_ax2, v_ax3], p12[v_ax0, v_ax1 - T.int64(608), v_ax2, v_ax3], p11[v_ax0, v_ax1 - T.int64(576), v_ax2, v_ax3], p10[v_ax0, v_ax1 - T.int64(544), v_ax2, v_ax3], p9[v_ax0, v_ax1 - T.int64(512), v_ax2, v_ax3], p8[v_ax0, v_ax1 - T.int64(480), v_ax2, v_ax3], p7[v_ax0, v_ax1 - T.int64(448), v_ax2, v_ax3], p6[v_ax0, v_ax1 - T.int64(416), v_ax2, v_ax3], p5[v_ax0, v_ax1 - T.int64(384), v_ax2, v_ax3], p4[v_ax0, v_ax1 - T.int64(352), v_ax2, v_ax3], p3[v_ax0, v_ax1 - T.int64(320), v_ax2, v_ax3], p2[v_ax0, v_ax1 - T.int64(288), v_ax2, v_ax3], p1[v_ax0, v_ax1 - T.int64(256), v_ax2, v_ax3], p0[v_ax0, v_ax1, v_ax2, v_ax3])
                T.writes(T_concat[v_ax0, v_ax1, v_ax2, v_ax3])
                T_concat[v_ax0, v_ax1, v_ax2, v_ax3] = T.if_then_else(T.int64(896) <= v_ax1, p21[v_ax0, v_ax1 - T.int64(896), v_ax2, v_ax3], T.if_then_else(T.int64(864) <= v_ax1, p20[v_ax0, v_ax1 - T.int64(864), v_ax2, v_ax3], T.if_then_else(T.int64(832) <= v_ax1, p19[v_ax0, v_ax1 - T.int64(832), v_ax2, v_ax3], T.if_then_else(T.int64(800) <= v_ax1, p18[v_ax0, v_ax1 - T.int64(800), v_ax2, v_ax3], T.if_then_else(T.int64(768) <= v_ax1, p17[v_ax0, v_ax1 - T.int64(768), v_ax2, v_ax3], T.if_then_else(T.int64(736) <= v_ax1, p16[v_ax0, v_ax1 - T.int64(736), v_ax2, v_ax3], T.if_then_else(T.int64(704) <= v_ax1, p15[v_ax0, v_ax1 - T.int64(704), v_ax2, v_ax3], T.if_then_else(T.int64(672) <= v_ax1, p14[v_ax0, v_ax1 - T.int64(672), v_ax2, v_ax3], T.if_then_else(T.int64(640) <= v_ax1, p13[v_ax0, v_ax1 - T.int64(640), v_ax2, v_ax3], T.if_then_else(T.int64(608) <= v_ax1, p12[v_ax0, v_ax1 - T.int64(608), v_ax2, v_ax3], T.if_then_else(T.int64(576) <= v_ax1, p11[v_ax0, v_ax1 - T.int64(576), v_ax2, v_ax3], T.if_then_else(T.int64(544) <= v_ax1, p10[v_ax0, v_ax1 - T.int64(544), v_ax2, v_ax3], T.if_then_else(T.int64(512) <= v_ax1, p9[v_ax0, v_ax1 - T.int64(512), v_ax2, v_ax3], T.if_then_else(T.int64(480) <= v_ax1, p8[v_ax0, v_ax1 - T.int64(480), v_ax2, v_ax3], T.if_then_else(T.int64(448) <= v_ax1, p7[v_ax0, v_ax1 - T.int64(448), v_ax2, v_ax3], T.if_then_else(T.int64(416) <= v_ax1, p6[v_ax0, v_ax1 - T.int64(416), v_ax2, v_ax3], T.if_then_else(T.int64(384) <= v_ax1, p5[v_ax0, v_ax1 - T.int64(384), v_ax2, v_ax3], T.if_then_else(T.int64(352) <= v_ax1, p4[v_ax0, v_ax1 - T.int64(352), v_ax2, v_ax3], T.if_then_else(T.int64(320) <= v_ax1, p3[v_ax0, v_ax1 - T.int64(320), v_ax2, v_ax3], T.if_then_else(T.int64(288) <= v_ax1, p2[v_ax0, v_ax1 - T.int64(288), v_ax2, v_ax3], T.if_then_else(T.int64(256) <= v_ax1, p1[v_ax0, v_ax1 - T.int64(256), v_ax2, v_ax3], p0[v_ax0, v_ax1, v_ax2, v_ax3])))))))))))))))))))))
        for ax0, ax1, ax2, ax3 in T.grid(T.int64(1), T.int64(928), T.int64(14), T.int64(14)):
            with T.block("T_multiply"):
                v_ax0, v_ax1, v_ax2, v_ax3 = T.axis.remap("SSSS", [ax0, ax1, ax2, ax3])
                T.reads(T_concat[v_ax0, v_ax1, v_ax2, v_ax3], p22[v_ax0, v_ax1, T.int64(0), T.int64(0)])
                T.writes(T_multiply[v_ax0, v_ax1, v_ax2, v_ax3])
                T_multiply[v_ax0, v_ax1, v_ax2, v_ax3] = T_concat[v_ax0, v_ax1, v_ax2, v_ax3] * p22[v_ax0, v_ax1, T.int64(0), T.int64(0)]
        for ax0, ax1, ax2, ax3 in T.grid(T.int64(1), T.int64(928), T.int64(14), T.int64(14)):
            with T.block("T_add"):
                v_ax0, v_ax1, v_ax2, v_ax3 = T.axis.remap("SSSS", [ax0, ax1, ax2, ax3])
                T.reads(T_multiply[v_ax0, v_ax1, v_ax2, v_ax3], p23[v_ax0, v_ax1, T.int64(0), T.int64(0)])
                T.writes(T_add[v_ax0, v_ax1, v_ax2, v_ax3])
                T_add[v_ax0, v_ax1, v_ax2, v_ax3] = T_multiply[v_ax0, v_ax1, v_ax2, v_ax3] + p23[v_ax0, v_ax1, T.int64(0), T.int64(0)]
        for ax0, ax1, ax2, ax3 in T.grid(T.int64(1), T.int64(928), T.int64(14), T.int64(14)):
            with T.block("T_relu"):
                v_ax0, v_ax1, v_ax2, v_ax3 = T.axis.remap("SSSS", [ax0, ax1, ax2, ax3])
                T.reads(T_add[v_ax0, v_ax1, v_ax2, v_ax3])
                T.writes(T_relu[v_ax0, v_ax1, v_ax2, v_ax3])
                T_relu[v_ax0, v_ax1, v_ax2, v_ax3] = T.max(T_add[v_ax0, v_ax1, v_ax2, v_ax3], T.float32(0))
2024-04-29 16:32:03 [INFO] [task_scheduler.cc:164] Total 1 design space(s) generated
2024-04-29 16:32:03 [INFO] [task_scheduler.cc:170] Design space #0:
# from tvm.script import ir as I
# from tvm.script import tir as T

@I.ir_module
class Module:
    @T.prim_func
    def main(p0: T.Buffer((T.int64(1), T.int64(256), T.int64(14), T.int64(14)), "float32"), p1: T.Buffer((T.int64(1), T.int64(32), T.int64(14), T.int64(14)), "float32"), p2: T.Buffer((T.int64(1), T.int64(32), T.int64(14), T.int64(14)), "float32"), p3: T.Buffer((T.int64(1), T.int64(32), T.int64(14), T.int64(14)), "float32"), p4: T.Buffer((T.int64(1), T.int64(32), T.int64(14), T.int64(14)), "float32"), p5: T.Buffer((T.int64(1), T.int64(32), T.int64(14), T.int64(14)), "float32"), p6: T.Buffer((T.int64(1), T.int64(32), T.int64(14), T.int64(14)), "float32"), p7: T.Buffer((T.int64(1), T.int64(32), T.int64(14), T.int64(14)), "float32"), p8: T.Buffer((T.int64(1), T.int64(32), T.int64(14), T.int64(14)), "float32"), p9: T.Buffer((T.int64(1), T.int64(32), T.int64(14), T.int64(14)), "float32"), p10: T.Buffer((T.int64(1), T.int64(32), T.int64(14), T.int64(14)), "float32"), p11: T.Buffer((T.int64(1), T.int64(32), T.int64(14), T.int64(14)), "float32"), p12: T.Buffer((T.int64(1), T.int64(32), T.int64(14), T.int64(14)), "float32"), p13: T.Buffer((T.int64(1), T.int64(32), T.int64(14), T.int64(14)), "float32"), p14: T.Buffer((T.int64(1), T.int64(32), T.int64(14), T.int64(14)), "float32"), p15: T.Buffer((T.int64(1), T.int64(32), T.int64(14), T.int64(14)), "float32"), p16: T.Buffer((T.int64(1), T.int64(32), T.int64(14), T.int64(14)), "float32"), p17: T.Buffer((T.int64(1), T.int64(32), T.int64(14), T.int64(14)), "float32"), p18: T.Buffer((T.int64(1), T.int64(32), T.int64(14), T.int64(14)), "float32"), p19: T.Buffer((T.int64(1), T.int64(32), T.int64(14), T.int64(14)), "float32"), p20: T.Buffer((T.int64(1), T.int64(32), T.int64(14), T.int64(14)), "float32"), p21: T.Buffer((T.int64(1), T.int64(32), T.int64(14), T.int64(14)), "float32"), p22: T.Buffer((T.int64(1), T.int64(928), T.int64(1), T.int64(1)), "float32"), p23: T.Buffer((T.int64(1), T.int64(928), T.int64(1), T.int64(1)), "float32"), T_relu: T.Buffer((T.int64(1), T.int64(928), T.int64(14), T.int64(14)), "float32")):
        T.func_attr({"tir.noalias": T.bool(True)})
        # with T.block("root"):
        for ax0_ax1_ax2_ax3_fused_0 in T.thread_binding(T.int64(1421), thread="blockIdx.x"):
            for ax0_ax1_ax2_ax3_fused_1 in T.thread_binding(T.int64(128), thread="threadIdx.x"):
                with T.block("T_concat"):
                    v_ax0 = T.axis.spatial(T.int64(1), T.int64(0))
                    v_ax1 = T.axis.spatial(T.int64(928), (ax0_ax1_ax2_ax3_fused_0 * T.int64(128) + ax0_ax1_ax2_ax3_fused_1) // T.int64(196))
                    v_ax2 = T.axis.spatial(T.int64(14), (ax0_ax1_ax2_ax3_fused_0 * T.int64(128) + ax0_ax1_ax2_ax3_fused_1) % T.int64(196) // T.int64(14))
                    v_ax3 = T.axis.spatial(T.int64(14), (ax0_ax1_ax2_ax3_fused_0 * T.int64(128) + ax0_ax1_ax2_ax3_fused_1) % T.int64(14))
                    T.reads(p21[v_ax0, v_ax1 - T.int64(896), v_ax2, v_ax3], p20[v_ax0, v_ax1 - T.int64(864), v_ax2, v_ax3], p19[v_ax0, v_ax1 - T.int64(832), v_ax2, v_ax3], p18[v_ax0, v_ax1 - T.int64(800), v_ax2, v_ax3], p17[v_ax0, v_ax1 - T.int64(768), v_ax2, v_ax3], p16[v_ax0, v_ax1 - T.int64(736), v_ax2, v_ax3], p15[v_ax0, v_ax1 - T.int64(704), v_ax2, v_ax3], p14[v_ax0, v_ax1 - T.int64(672), v_ax2, v_ax3], p13[v_ax0, v_ax1 - T.int64(640), v_ax2, v_ax3], p12[v_ax0, v_ax1 - T.int64(608), v_ax2, v_ax3], p11[v_ax0, v_ax1 - T.int64(576), v_ax2, v_ax3], p10[v_ax0, v_ax1 - T.int64(544), v_ax2, v_ax3], p9[v_ax0, v_ax1 - T.int64(512), v_ax2, v_ax3], p8[v_ax0, v_ax1 - T.int64(480), v_ax2, v_ax3], p7[v_ax0, v_ax1 - T.int64(448), v_ax2, v_ax3], p6[v_ax0, v_ax1 - T.int64(416), v_ax2, v_ax3], p5[v_ax0, v_ax1 - T.int64(384), v_ax2, v_ax3], p4[v_ax0, v_ax1 - T.int64(352), v_ax2, v_ax3], p3[v_ax0, v_ax1 - T.int64(320), v_ax2, v_ax3], p2[v_ax0, v_ax1 - T.int64(288), v_ax2, v_ax3], p1[v_ax0, v_ax1 - T.int64(256), v_ax2, v_ax3], p0[v_ax0, v_ax1, v_ax2, v_ax3], p22[v_ax0, v_ax1, T.int64(0), T.int64(0)], p23[v_ax0, v_ax1, T.int64(0), T.int64(0)])
                    T.writes(T_relu[v_ax0, v_ax1, v_ax2, v_ax3])
                    T_relu[v_ax0, v_ax1, v_ax2, v_ax3] = T.max(T.if_then_else(T.int64(896) <= v_ax1, p21[v_ax0, v_ax1 - T.int64(896), v_ax2, v_ax3], T.if_then_else(T.int64(864) <= v_ax1, p20[v_ax0, v_ax1 - T.int64(864), v_ax2, v_ax3], T.if_then_else(T.int64(832) <= v_ax1, p19[v_ax0, v_ax1 - T.int64(832), v_ax2, v_ax3], T.if_then_else(T.int64(800) <= v_ax1, p18[v_ax0, v_ax1 - T.int64(800), v_ax2, v_ax3], T.if_then_else(T.int64(768) <= v_ax1, p17[v_ax0, v_ax1 - T.int64(768), v_ax2, v_ax3], T.if_then_else(T.int64(736) <= v_ax1, p16[v_ax0, v_ax1 - T.int64(736), v_ax2, v_ax3], T.if_then_else(T.int64(704) <= v_ax1, p15[v_ax0, v_ax1 - T.int64(704), v_ax2, v_ax3], T.if_then_else(T.int64(672) <= v_ax1, p14[v_ax0, v_ax1 - T.int64(672), v_ax2, v_ax3], T.if_then_else(T.int64(640) <= v_ax1, p13[v_ax0, v_ax1 - T.int64(640), v_ax2, v_ax3], T.if_then_else(T.int64(608) <= v_ax1, p12[v_ax0, v_ax1 - T.int64(608), v_ax2, v_ax3], T.if_then_else(T.int64(576) <= v_ax1, p11[v_ax0, v_ax1 - T.int64(576), v_ax2, v_ax3], T.if_then_else(T.int64(544) <= v_ax1, p10[v_ax0, v_ax1 - T.int64(544), v_ax2, v_ax3], T.if_then_else(T.int64(512) <= v_ax1, p9[v_ax0, v_ax1 - T.int64(512), v_ax2, v_ax3], T.if_then_else(T.int64(480) <= v_ax1, p8[v_ax0, v_ax1 - T.int64(480), v_ax2, v_ax3], T.if_then_else(T.int64(448) <= v_ax1, p7[v_ax0, v_ax1 - T.int64(448), v_ax2, v_ax3], T.if_then_else(T.int64(416) <= v_ax1, p6[v_ax0, v_ax1 - T.int64(416), v_ax2, v_ax3], T.if_then_else(T.int64(384) <= v_ax1, p5[v_ax0, v_ax1 - T.int64(384), v_ax2, v_ax3], T.if_then_else(T.int64(352) <= v_ax1, p4[v_ax0, v_ax1 - T.int64(352), v_ax2, v_ax3], T.if_then_else(T.int64(320) <= v_ax1, p3[v_ax0, v_ax1 - T.int64(320), v_ax2, v_ax3], T.if_then_else(T.int64(288) <= v_ax1, p2[v_ax0, v_ax1 - T.int64(288), v_ax2, v_ax3], T.if_then_else(T.int64(256) <= v_ax1, p1[v_ax0, v_ax1 - T.int64(256), v_ax2, v_ax3], p0[v_ax0, v_ax1, v_ax2, v_ax3]))))))))))))))))))))) * p22[v_ax0, v_ax1, T.int64(0), T.int64(0)] + p23[v_ax0, v_ax1, T.int64(0), T.int64(0)], T.float32(0))
b0 = sch.get_block(name="T_concat", func_name="main")
b1 = sch.get_block(name="T_multiply", func_name="main")
b2 = sch.get_block(name="T_add", func_name="main")
b3 = sch.get_block(name="T_relu", func_name="main")
sch.reverse_compute_inline(block=b3)
sch.reverse_compute_inline(block=b2)
sch.reverse_compute_inline(block=b1)
l4, l5, l6, l7 = sch.get_loops(block=b0)
l8 = sch.fuse(l4, l5, l6, l7, preserve_unit_iters=True)
v9 = sch.sample_categorical(candidates=[32, 64, 128, 256, 512, 1024], probs=[0.16666666666666666, 0.16666666666666666, 0.16666666666666666, 0.16666666666666666, 0.16666666666666666, 0.16666666666666666], decision=2)
l10, l11 = sch.split(loop=l8, factors=[None, v9], preserve_unit_iters=True)
sch.bind(loop=l10, thread_axis="blockIdx.x")
sch.bind(loop=l11, thread_axis="threadIdx.x")
2024-04-29 18:10:13 [INFO] [evolutionary_search.cc:713] Generating candidates......
2024-04-29 18:10:13 [INFO] [evolutionary_search.cc:715] Picked top 0 candidate(s) from database
2024-04-29 18:10:20 [INFO] [evolutionary_search.cc:533] Sample-Init-Population summary:
Postproc #0 [meta_schedule.DisallowDynamicLoop(0xd4423d8)]: 0 failure(s)
Postproc #1 [meta_schedule.RewriteCooperativeFetch(0x10b103c8)]: 0 failure(s)
Postproc #2 [meta_schedule.RewriteUnboundBlock(0x1259d538)]: 0 failure(s)
Postproc #3 [meta_schedule.RewriteParallelVectorizeUnroll(0x881d9b8)]: 0 failure(s)
Postproc #4 [meta_schedule.RewriteReductionBlock(0xa5f0a68)]: 0 failure(s)
Postproc #5 [meta_schedule.VerifyGPUCode(0x14f52068)]: 0 failure(s)
Postproc #6 [meta_schedule.RewriteTensorize(0x14fcc2f8)]: 0 failure(s)
2024-04-29 18:10:20 [INFO] [evolutionary_search.cc:723] Sampled 512 candidate(s)
2024-04-29 18:10:21 [INFO] [evolutionary_search.cc:621] Evolve iter #0 done. Summary:
Postproc #0 [meta_schedule.DisallowDynamicLoop(0xd4423d8)]: 0 failure(s)
Postproc #1 [meta_schedule.RewriteCooperativeFetch(0x10b103c8)]: 0 failure(s)
Postproc #2 [meta_schedule.RewriteUnboundBlock(0x1259d538)]: 0 failure(s)
Postproc #3 [meta_schedule.RewriteParallelVectorizeUnroll(0x881d9b8)]: 0 failure(s)
Postproc #4 [meta_schedule.RewriteReductionBlock(0xa5f0a68)]: 0 failure(s)
Postproc #5 [meta_schedule.VerifyGPUCode(0x14f52068)]: 0 failure(s)
Postproc #6 [meta_schedule.RewriteTensorize(0x14fcc2f8)]: 0 failure(s)
2024-04-29 18:10:22 [INFO] [evolutionary_search.cc:621] Evolve iter #1 done. Summary:
Postproc #0 [meta_schedule.DisallowDynamicLoop(0xd4423d8)]: 0 failure(s)
Postproc #1 [meta_schedule.RewriteCooperativeFetch(0x10b103c8)]: 0 failure(s)
Postproc #2 [meta_schedule.RewriteUnboundBlock(0x1259d538)]: 0 failure(s)
Postproc #3 [meta_schedule.RewriteParallelVectorizeUnroll(0x881d9b8)]: 0 failure(s)
Postproc #4 [meta_schedule.RewriteReductionBlock(0xa5f0a68)]: 0 failure(s)
Postproc #5 [meta_schedule.VerifyGPUCode(0x14f52068)]: 0 failure(s)
Postproc #6 [meta_schedule.RewriteTensorize(0x14fcc2f8)]: 0 failure(s)
2024-04-29 18:10:23 [INFO] [evolutionary_search.cc:621] Evolve iter #2 done. Summary:
Postproc #0 [meta_schedule.DisallowDynamicLoop(0xd4423d8)]: 0 failure(s)
Postproc #1 [meta_schedule.RewriteCooperativeFetch(0x10b103c8)]: 0 failure(s)
Postproc #2 [meta_schedule.RewriteUnboundBlock(0x1259d538)]: 0 failure(s)
Postproc #3 [meta_schedule.RewriteParallelVectorizeUnroll(0x881d9b8)]: 0 failure(s)
Postproc #4 [meta_schedule.RewriteReductionBlock(0xa5f0a68)]: 0 failure(s)
Postproc #5 [meta_schedule.VerifyGPUCode(0x14f52068)]: 0 failure(s)
Postproc #6 [meta_schedule.RewriteTensorize(0x14fcc2f8)]: 0 failure(s)
2024-04-29 18:10:24 [INFO] [evolutionary_search.cc:621] Evolve iter #3 done. Summary:
Postproc #0 [meta_schedule.DisallowDynamicLoop(0xd4423d8)]: 0 failure(s)
Postproc #1 [meta_schedule.RewriteCooperativeFetch(0x10b103c8)]: 0 failure(s)
Postproc #2 [meta_schedule.RewriteUnboundBlock(0x1259d538)]: 0 failure(s)
Postproc #3 [meta_schedule.RewriteParallelVectorizeUnroll(0x881d9b8)]: 0 failure(s)
Postproc #4 [meta_schedule.RewriteReductionBlock(0xa5f0a68)]: 0 failure(s)
Postproc #5 [meta_schedule.VerifyGPUCode(0x14f52068)]: 0 failure(s)
Postproc #6 [meta_schedule.RewriteTensorize(0x14fcc2f8)]: 0 failure(s)
2024-04-29 18:10:24 [INFO] [evolutionary_search.cc:649] Scores of the best 6 candidates:
[1 : 6]:	0.8964  0.7285  0.4643  0.4379  0.2830  0.2564
2024-04-29 18:10:24 [INFO] [evolutionary_search.cc:727] Got 6 candidate(s) with evolutionary search
2024-04-29 18:10:24 [INFO] [evolutionary_search.cc:730] Sending 6 candidates(s) for measurement
2024-04-29 20:26:43 [INFO] [task_scheduler.cc:121] [Task #117: fused_concatenate_multiply_add_nn_relu_58] Trial #1: Error in running:
LocalRunner: An exception occurred
Traceback (most recent call last):
  File "/mnt/home/gverma/ceph/opt/tvm/python/tvm/exec/popen_worker.py", line 87, in main
    result = fn(*args, **kwargs)
  File "/mnt/home/gverma/ceph/opt/tvm/python/tvm/meta_schedule/runner/local_runner.py", line 152, in _worker_func
    repeated_args: List[T_ARGUMENT_LIST] = f_alloc_argument(
  File "/mnt/home/gverma/ceph/opt/tvm/python/tvm/meta_schedule/runner/local_runner.py", line 360, in default_alloc_argument
    return alloc_argument_common(f_random_fill, device, args_info, alloc_repeat)
  File "/mnt/home/gverma/ceph/opt/tvm/python/tvm/meta_schedule/runner/utils.py", line 74, in alloc_argument_common
    arg: Any = dispatcher.get(arg_type, None)(*arg_info)
  File "/mnt/home/gverma/ceph/opt/tvm/python/tvm/meta_schedule/runner/utils.py", line 56, in alloc_tensor
    arg = ndarray.empty(shape=shape, dtype=dtype, device=device)
  File "/mnt/home/gverma/ceph/opt/tvm/python/tvm/runtime/ndarray.py", line 391, in empty
    arr = _ffi_api.TVMArrayAllocWithScope(shape, dtype, device, mem_scope)
  File "/mnt/home/gverma/ceph/opt/tvm/python/tvm/_ffi/_ctypes/packed_func.py", line 239, in __call__
    raise_last_ffi_error()
  File "/mnt/home/gverma/ceph/opt/tvm/python/tvm/_ffi/base.py", line 481, in raise_last_ffi_error
    raise py_err
tvm.error.InternalError: Traceback (most recent call last):
  5: _ZN3tvm7runtime13PackedFun
  4: tvm::runtime::TypedPackedFunc<tvm::runtime::NDArray (tvm::runtime::ShapeTuple, DLDataType, DLDevice, tvm::runtime::Optional<tvm::runtime::String>)>::AssignTypedLambda<tvm::runtime::NDArray (*)(tvm::runtime::ShapeTuple, DLDataType, DLDevice, tvm::runtime::Optional<tvm::runtime::String>)>(tvm::runtime::NDArray (*)(tvm::runtime::ShapeTuple, DLDataType, DLDevice, tvm::runtime::Optional<tvm::runtime::String>), std::__cxx11::basic_string<char, std::char_traits<char>, std::allocator<char> >)::{lambda(tvm::runtime::TVMArgs const&, tvm::runtime::TVMRetValue*)#1}::operator()(tvm::runtime::TVMArgs const&, tvm::runtime::TVMRetValue*) const
  3: tvm::runtime::NDArray::Empty(tvm::runtime::ShapeTuple, DLDataType, DLDevice, tvm::runtime::Optional<tvm::runtime::String>)
  2: tvm::runtime::DeviceAPI::AllocDataSpace(DLDevice, int, long const*, DLDataType, tvm::runtime::Optional<tvm::runtime::String>)
  1: tvm::runtime::CUDADeviceAPI::AllocDataSpace(DLDevice, unsigned long, unsigned long, DLDataType)
  0: _ZN3tvm7runtime6deta
  File "/mnt/home/gverma/ceph/opt/tvm/src/runtime/cuda/cuda_device_api.cc", line 126
InternalError: Check failed: (e == cudaSuccess || e == cudaErrorCudartUnloading) is false: CUDA: misaligned address

# from tvm.script import ir as I
# from tvm.script import tir as T

@I.ir_module
class Module:
    @T.prim_func
    def main(p0: T.Buffer((T.int64(1), T.int64(256), T.int64(14), T.int64(14)), "float32"), p1: T.Buffer((T.int64(1), T.int64(32), T.int64(14), T.int64(14)), "float32"), p2: T.Buffer((T.int64(1), T.int64(32), T.int64(14), T.int64(14)), "float32"), p3: T.Buffer((T.int64(1), T.int64(32), T.int64(14), T.int64(14)), "float32"), p4: T.Buffer((T.int64(1), T.int64(32), T.int64(14), T.int64(14)), "float32"), p5: T.Buffer((T.int64(1), T.int64(32), T.int64(14), T.int64(14)), "float32"), p6: T.Buffer((T.int64(1), T.int64(32), T.int64(14), T.int64(14)), "float32"), p7: T.Buffer((T.int64(1), T.int64(32), T.int64(14), T.int64(14)), "float32"), p8: T.Buffer((T.int64(1), T.int64(32), T.int64(14), T.int64(14)), "float32"), p9: T.Buffer((T.int64(1), T.int64(32), T.int64(14), T.int64(14)), "float32"), p10: T.Buffer((T.int64(1), T.int64(32), T.int64(14), T.int64(14)), "float32"), p11: T.Buffer((T.int64(1), T.int64(32), T.int64(14), T.int64(14)), "float32"), p12: T.Buffer((T.int64(1), T.int64(32), T.int64(14), T.int64(14)), "float32"), p13: T.Buffer((T.int64(1), T.int64(32), T.int64(14), T.int64(14)), "float32"), p14: T.Buffer((T.int64(1), T.int64(32), T.int64(14), T.int64(14)), "float32"), p15: T.Buffer((T.int64(1), T.int64(32), T.int64(14), T.int64(14)), "float32"), p16: T.Buffer((T.int64(1), T.int64(32), T.int64(14), T.int64(14)), "float32"), p17: T.Buffer((T.int64(1), T.int64(32), T.int64(14), T.int64(14)), "float32"), p18: T.Buffer((T.int64(1), T.int64(32), T.int64(14), T.int64(14)), "float32"), p19: T.Buffer((T.int64(1), T.int64(32), T.int64(14), T.int64(14)), "float32"), p20: T.Buffer((T.int64(1), T.int64(32), T.int64(14), T.int64(14)), "float32"), p21: T.Buffer((T.int64(1), T.int64(32), T.int64(14), T.int64(14)), "float32"), p22: T.Buffer((T.int64(1), T.int64(928), T.int64(1), T.int64(1)), "float32"), p23: T.Buffer((T.int64(1), T.int64(928), T.int64(1), T.int64(1)), "float32"), T_relu: T.Buffer((T.int64(1), T.int64(928), T.int64(14), T.int64(14)), "float32")):
        T.func_attr({"tir.noalias": T.bool(True)})
        # with T.block("root"):
        for ax0_ax1_ax2_ax3_fused_0 in T.thread_binding(T.int64(178), thread="blockIdx.x"):
            for ax0_ax1_ax2_ax3_fused_1 in T.thread_binding(T.int64(1024), thread="threadIdx.x"):
                with T.block("T_concat"):
                    v_ax0 = T.axis.spatial(T.int64(1), T.int64(0))
                    v_ax1 = T.axis.spatial(T.int64(928), (ax0_ax1_ax2_ax3_fused_0 * T.int64(1024) + ax0_ax1_ax2_ax3_fused_1) // T.int64(196))
                    v_ax2 = T.axis.spatial(T.int64(14), (ax0_ax1_ax2_ax3_fused_0 * T.int64(1024) + ax0_ax1_ax2_ax3_fused_1) % T.int64(196) // T.int64(14))
                    v_ax3 = T.axis.spatial(T.int64(14), (ax0_ax1_ax2_ax3_fused_0 * T.int64(1024) + ax0_ax1_ax2_ax3_fused_1) % T.int64(14))
                    T.where(ax0_ax1_ax2_ax3_fused_0 * T.int64(1024) + ax0_ax1_ax2_ax3_fused_1 < T.int64(181888))
                    T.reads(p21[v_ax0, v_ax1 - T.int64(896), v_ax2, v_ax3], p20[v_ax0, v_ax1 - T.int64(864), v_ax2, v_ax3], p19[v_ax0, v_ax1 - T.int64(832), v_ax2, v_ax3], p18[v_ax0, v_ax1 - T.int64(800), v_ax2, v_ax3], p17[v_ax0, v_ax1 - T.int64(768), v_ax2, v_ax3], p16[v_ax0, v_ax1 - T.int64(736), v_ax2, v_ax3], p15[v_ax0, v_ax1 - T.int64(704), v_ax2, v_ax3], p14[v_ax0, v_ax1 - T.int64(672), v_ax2, v_ax3], p13[v_ax0, v_ax1 - T.int64(640), v_ax2, v_ax3], p12[v_ax0, v_ax1 - T.int64(608), v_ax2, v_ax3], p11[v_ax0, v_ax1 - T.int64(576), v_ax2, v_ax3], p10[v_ax0, v_ax1 - T.int64(544), v_ax2, v_ax3], p9[v_ax0, v_ax1 - T.int64(512), v_ax2, v_ax3], p8[v_ax0, v_ax1 - T.int64(480), v_ax2, v_ax3], p7[v_ax0, v_ax1 - T.int64(448), v_ax2, v_ax3], p6[v_ax0, v_ax1 - T.int64(416), v_ax2, v_ax3], p5[v_ax0, v_ax1 - T.int64(384), v_ax2, v_ax3], p4[v_ax0, v_ax1 - T.int64(352), v_ax2, v_ax3], p3[v_ax0, v_ax1 - T.int64(320), v_ax2, v_ax3], p2[v_ax0, v_ax1 - T.int64(288), v_ax2, v_ax3], p1[v_ax0, v_ax1 - T.int64(256), v_ax2, v_ax3], p0[v_ax0, v_ax1, v_ax2, v_ax3], p22[v_ax0, v_ax1, T.int64(0), T.int64(0)], p23[v_ax0, v_ax1, T.int64(0), T.int64(0)])
                    T.writes(T_relu[v_ax0, v_ax1, v_ax2, v_ax3])
                    T_relu[v_ax0, v_ax1, v_ax2, v_ax3] = T.max(T.if_then_else(T.int64(896) <= v_ax1, p21[v_ax0, v_ax1 - T.int64(896), v_ax2, v_ax3], T.if_then_else(T.int64(864) <= v_ax1, p20[v_ax0, v_ax1 - T.int64(864), v_ax2, v_ax3], T.if_then_else(T.int64(832) <= v_ax1, p19[v_ax0, v_ax1 - T.int64(832), v_ax2, v_ax3], T.if_then_else(T.int64(800) <= v_ax1, p18[v_ax0, v_ax1 - T.int64(800), v_ax2, v_ax3], T.if_then_else(T.int64(768) <= v_ax1, p17[v_ax0, v_ax1 - T.int64(768), v_ax2, v_ax3], T.if_then_else(T.int64(736) <= v_ax1, p16[v_ax0, v_ax1 - T.int64(736), v_ax2, v_ax3], T.if_then_else(T.int64(704) <= v_ax1, p15[v_ax0, v_ax1 - T.int64(704), v_ax2, v_ax3], T.if_then_else(T.int64(672) <= v_ax1, p14[v_ax0, v_ax1 - T.int64(672), v_ax2, v_ax3], T.if_then_else(T.int64(640) <= v_ax1, p13[v_ax0, v_ax1 - T.int64(640), v_ax2, v_ax3], T.if_then_else(T.int64(608) <= v_ax1, p12[v_ax0, v_ax1 - T.int64(608), v_ax2, v_ax3], T.if_then_else(T.int64(576) <= v_ax1, p11[v_ax0, v_ax1 - T.int64(576), v_ax2, v_ax3], T.if_then_else(T.int64(544) <= v_ax1, p10[v_ax0, v_ax1 - T.int64(544), v_ax2, v_ax3], T.if_then_else(T.int64(512) <= v_ax1, p9[v_ax0, v_ax1 - T.int64(512), v_ax2, v_ax3], T.if_then_else(T.int64(480) <= v_ax1, p8[v_ax0, v_ax1 - T.int64(480), v_ax2, v_ax3], T.if_then_else(T.int64(448) <= v_ax1, p7[v_ax0, v_ax1 - T.int64(448), v_ax2, v_ax3], T.if_then_else(T.int64(416) <= v_ax1, p6[v_ax0, v_ax1 - T.int64(416), v_ax2, v_ax3], T.if_then_else(T.int64(384) <= v_ax1, p5[v_ax0, v_ax1 - T.int64(384), v_ax2, v_ax3], T.if_then_else(T.int64(352) <= v_ax1, p4[v_ax0, v_ax1 - T.int64(352), v_ax2, v_ax3], T.if_then_else(T.int64(320) <= v_ax1, p3[v_ax0, v_ax1 - T.int64(320), v_ax2, v_ax3], T.if_then_else(T.int64(288) <= v_ax1, p2[v_ax0, v_ax1 - T.int64(288), v_ax2, v_ax3], T.if_then_else(T.int64(256) <= v_ax1, p1[v_ax0, v_ax1 - T.int64(256), v_ax2, v_ax3], p0[v_ax0, v_ax1, v_ax2, v_ax3]))))))))))))))))))))) * p22[v_ax0, v_ax1, T.int64(0), T.int64(0)] + p23[v_ax0, v_ax1, T.int64(0), T.int64(0)], T.float32(0))
b0 = sch.get_block(name="T_concat", func_name="main")
b1 = sch.get_block(name="T_multiply", func_name="main")
b2 = sch.get_block(name="T_add", func_name="main")
b3 = sch.get_block(name="T_relu", func_name="main")
sch.reverse_compute_inline(block=b3)
sch.reverse_compute_inline(block=b2)
sch.reverse_compute_inline(block=b1)
l4, l5, l6, l7 = sch.get_loops(block=b0)
l8 = sch.fuse(l4, l5, l6, l7, preserve_unit_iters=True)
v9 = sch.sample_categorical(candidates=[32, 64, 128, 256, 512, 1024], probs=[0.16666666666666666, 0.16666666666666666, 0.16666666666666666, 0.16666666666666666, 0.16666666666666666, 0.16666666666666666], decision=5)
l10, l11 = sch.split(loop=l8, factors=[None, v9], preserve_unit_iters=True)
sch.bind(loop=l10, thread_axis="blockIdx.x")
sch.bind(loop=l11, thread_axis="threadIdx.x")
sch.enter_postproc()
2024-04-29 20:26:43 [INFO] [task_scheduler.cc:121] [Task #117: fused_concatenate_multiply_add_nn_relu_58] Trial #2: Error in running:
LocalRunner: An exception occurred
Traceback (most recent call last):
  File "/mnt/home/gverma/ceph/opt/tvm/python/tvm/exec/popen_worker.py", line 87, in main
    result = fn(*args, **kwargs)
  File "/mnt/home/gverma/ceph/opt/tvm/python/tvm/meta_schedule/runner/local_runner.py", line 152, in _worker_func
    repeated_args: List[T_ARGUMENT_LIST] = f_alloc_argument(
  File "/mnt/home/gverma/ceph/opt/tvm/python/tvm/meta_schedule/runner/local_runner.py", line 360, in default_alloc_argument
    return alloc_argument_common(f_random_fill, device, args_info, alloc_repeat)
  File "/mnt/home/gverma/ceph/opt/tvm/python/tvm/meta_schedule/runner/utils.py", line 74, in alloc_argument_common
    arg: Any = dispatcher.get(arg_type, None)(*arg_info)
  File "/mnt/home/gverma/ceph/opt/tvm/python/tvm/meta_schedule/runner/utils.py", line 56, in alloc_tensor
    arg = ndarray.empty(shape=shape, dtype=dtype, device=device)
  File "/mnt/home/gverma/ceph/opt/tvm/python/tvm/runtime/ndarray.py", line 391, in empty
    arr = _ffi_api.TVMArrayAllocWithScope(shape, dtype, device, mem_scope)
  File "/mnt/home/gverma/ceph/opt/tvm/python/tvm/_ffi/_ctypes/packed_func.py", line 239, in __call__
    raise_last_ffi_error()
  File "/mnt/home/gverma/ceph/opt/tvm/python/tvm/_ffi/base.py", line 481, in raise_last_ffi_error
    raise py_err
tvm.error.InternalError: Traceback (most recent call last):
  5: _ZN3tvm7runtime13PackedFun
  4: tvm::runtime::TypedPackedFunc<tvm::runtime::NDArray (tvm::runtime::ShapeTuple, DLDataType, DLDevice, tvm::runtime::Optional<tvm::runtime::String>)>::AssignTypedLambda<tvm::runtime::NDArray (*)(tvm::runtime::ShapeTuple, DLDataType, DLDevice, tvm::runtime::Optional<tvm::runtime::String>)>(tvm::runtime::NDArray (*)(tvm::runtime::ShapeTuple, DLDataType, DLDevice, tvm::runtime::Optional<tvm::runtime::String>), std::__cxx11::basic_string<char, std::char_traits<char>, std::allocator<char> >)::{lambda(tvm::runtime::TVMArgs const&, tvm::runtime::TVMRetValue*)#1}::operator()(tvm::runtime::TVMArgs const&, tvm::runtime::TVMRetValue*) const
  3: tvm::runtime::NDArray::Empty(tvm::runtime::ShapeTuple, DLDataType, DLDevice, tvm::runtime::Optional<tvm::runtime::String>)
  2: tvm::runtime::DeviceAPI::AllocDataSpace(DLDevice, int, long const*, DLDataType, tvm::runtime::Optional<tvm::runtime::String>)
  1: tvm::runtime::CUDADeviceAPI::AllocDataSpace(DLDevice, unsigned long, unsigned long, DLDataType)
  0: _ZN3tvm7runtime6deta
  File "/mnt/home/gverma/ceph/opt/tvm/src/runtime/cuda/cuda_device_api.cc", line 126
InternalError: Check failed: (e == cudaSuccess || e == cudaErrorCudartUnloading) is false: CUDA: misaligned address

# from tvm.script import ir as I
# from tvm.script import tir as T

@I.ir_module
class Module:
    @T.prim_func
    def main(p0: T.Buffer((T.int64(1), T.int64(256), T.int64(14), T.int64(14)), "float32"), p1: T.Buffer((T.int64(1), T.int64(32), T.int64(14), T.int64(14)), "float32"), p2: T.Buffer((T.int64(1), T.int64(32), T.int64(14), T.int64(14)), "float32"), p3: T.Buffer((T.int64(1), T.int64(32), T.int64(14), T.int64(14)), "float32"), p4: T.Buffer((T.int64(1), T.int64(32), T.int64(14), T.int64(14)), "float32"), p5: T.Buffer((T.int64(1), T.int64(32), T.int64(14), T.int64(14)), "float32"), p6: T.Buffer((T.int64(1), T.int64(32), T.int64(14), T.int64(14)), "float32"), p7: T.Buffer((T.int64(1), T.int64(32), T.int64(14), T.int64(14)), "float32"), p8: T.Buffer((T.int64(1), T.int64(32), T.int64(14), T.int64(14)), "float32"), p9: T.Buffer((T.int64(1), T.int64(32), T.int64(14), T.int64(14)), "float32"), p10: T.Buffer((T.int64(1), T.int64(32), T.int64(14), T.int64(14)), "float32"), p11: T.Buffer((T.int64(1), T.int64(32), T.int64(14), T.int64(14)), "float32"), p12: T.Buffer((T.int64(1), T.int64(32), T.int64(14), T.int64(14)), "float32"), p13: T.Buffer((T.int64(1), T.int64(32), T.int64(14), T.int64(14)), "float32"), p14: T.Buffer((T.int64(1), T.int64(32), T.int64(14), T.int64(14)), "float32"), p15: T.Buffer((T.int64(1), T.int64(32), T.int64(14), T.int64(14)), "float32"), p16: T.Buffer((T.int64(1), T.int64(32), T.int64(14), T.int64(14)), "float32"), p17: T.Buffer((T.int64(1), T.int64(32), T.int64(14), T.int64(14)), "float32"), p18: T.Buffer((T.int64(1), T.int64(32), T.int64(14), T.int64(14)), "float32"), p19: T.Buffer((T.int64(1), T.int64(32), T.int64(14), T.int64(14)), "float32"), p20: T.Buffer((T.int64(1), T.int64(32), T.int64(14), T.int64(14)), "float32"), p21: T.Buffer((T.int64(1), T.int64(32), T.int64(14), T.int64(14)), "float32"), p22: T.Buffer((T.int64(1), T.int64(928), T.int64(1), T.int64(1)), "float32"), p23: T.Buffer((T.int64(1), T.int64(928), T.int64(1), T.int64(1)), "float32"), T_relu: T.Buffer((T.int64(1), T.int64(928), T.int64(14), T.int64(14)), "float32")):
        T.func_attr({"tir.noalias": T.bool(True)})
        # with T.block("root"):
        for ax0_ax1_ax2_ax3_fused_0 in T.thread_binding(T.int64(1421), thread="blockIdx.x"):
            for ax0_ax1_ax2_ax3_fused_1 in T.thread_binding(T.int64(128), thread="threadIdx.x"):
                with T.block("T_concat"):
                    v_ax0 = T.axis.spatial(T.int64(1), T.int64(0))
                    v_ax1 = T.axis.spatial(T.int64(928), (ax0_ax1_ax2_ax3_fused_0 * T.int64(128) + ax0_ax1_ax2_ax3_fused_1) // T.int64(196))
                    v_ax2 = T.axis.spatial(T.int64(14), (ax0_ax1_ax2_ax3_fused_0 * T.int64(128) + ax0_ax1_ax2_ax3_fused_1) % T.int64(196) // T.int64(14))
                    v_ax3 = T.axis.spatial(T.int64(14), (ax0_ax1_ax2_ax3_fused_0 * T.int64(128) + ax0_ax1_ax2_ax3_fused_1) % T.int64(14))
                    T.reads(p21[v_ax0, v_ax1 - T.int64(896), v_ax2, v_ax3], p20[v_ax0, v_ax1 - T.int64(864), v_ax2, v_ax3], p19[v_ax0, v_ax1 - T.int64(832), v_ax2, v_ax3], p18[v_ax0, v_ax1 - T.int64(800), v_ax2, v_ax3], p17[v_ax0, v_ax1 - T.int64(768), v_ax2, v_ax3], p16[v_ax0, v_ax1 - T.int64(736), v_ax2, v_ax3], p15[v_ax0, v_ax1 - T.int64(704), v_ax2, v_ax3], p14[v_ax0, v_ax1 - T.int64(672), v_ax2, v_ax3], p13[v_ax0, v_ax1 - T.int64(640), v_ax2, v_ax3], p12[v_ax0, v_ax1 - T.int64(608), v_ax2, v_ax3], p11[v_ax0, v_ax1 - T.int64(576), v_ax2, v_ax3], p10[v_ax0, v_ax1 - T.int64(544), v_ax2, v_ax3], p9[v_ax0, v_ax1 - T.int64(512), v_ax2, v_ax3], p8[v_ax0, v_ax1 - T.int64(480), v_ax2, v_ax3], p7[v_ax0, v_ax1 - T.int64(448), v_ax2, v_ax3], p6[v_ax0, v_ax1 - T.int64(416), v_ax2, v_ax3], p5[v_ax0, v_ax1 - T.int64(384), v_ax2, v_ax3], p4[v_ax0, v_ax1 - T.int64(352), v_ax2, v_ax3], p3[v_ax0, v_ax1 - T.int64(320), v_ax2, v_ax3], p2[v_ax0, v_ax1 - T.int64(288), v_ax2, v_ax3], p1[v_ax0, v_ax1 - T.int64(256), v_ax2, v_ax3], p0[v_ax0, v_ax1, v_ax2, v_ax3], p22[v_ax0, v_ax1, T.int64(0), T.int64(0)], p23[v_ax0, v_ax1, T.int64(0), T.int64(0)])
                    T.writes(T_relu[v_ax0, v_ax1, v_ax2, v_ax3])
                    T_relu[v_ax0, v_ax1, v_ax2, v_ax3] = T.max(T.if_then_else(T.int64(896) <= v_ax1, p21[v_ax0, v_ax1 - T.int64(896), v_ax2, v_ax3], T.if_then_else(T.int64(864) <= v_ax1, p20[v_ax0, v_ax1 - T.int64(864), v_ax2, v_ax3], T.if_then_else(T.int64(832) <= v_ax1, p19[v_ax0, v_ax1 - T.int64(832), v_ax2, v_ax3], T.if_then_else(T.int64(800) <= v_ax1, p18[v_ax0, v_ax1 - T.int64(800), v_ax2, v_ax3], T.if_then_else(T.int64(768) <= v_ax1, p17[v_ax0, v_ax1 - T.int64(768), v_ax2, v_ax3], T.if_then_else(T.int64(736) <= v_ax1, p16[v_ax0, v_ax1 - T.int64(736), v_ax2, v_ax3], T.if_then_else(T.int64(704) <= v_ax1, p15[v_ax0, v_ax1 - T.int64(704), v_ax2, v_ax3], T.if_then_else(T.int64(672) <= v_ax1, p14[v_ax0, v_ax1 - T.int64(672), v_ax2, v_ax3], T.if_then_else(T.int64(640) <= v_ax1, p13[v_ax0, v_ax1 - T.int64(640), v_ax2, v_ax3], T.if_then_else(T.int64(608) <= v_ax1, p12[v_ax0, v_ax1 - T.int64(608), v_ax2, v_ax3], T.if_then_else(T.int64(576) <= v_ax1, p11[v_ax0, v_ax1 - T.int64(576), v_ax2, v_ax3], T.if_then_else(T.int64(544) <= v_ax1, p10[v_ax0, v_ax1 - T.int64(544), v_ax2, v_ax3], T.if_then_else(T.int64(512) <= v_ax1, p9[v_ax0, v_ax1 - T.int64(512), v_ax2, v_ax3], T.if_then_else(T.int64(480) <= v_ax1, p8[v_ax0, v_ax1 - T.int64(480), v_ax2, v_ax3], T.if_then_else(T.int64(448) <= v_ax1, p7[v_ax0, v_ax1 - T.int64(448), v_ax2, v_ax3], T.if_then_else(T.int64(416) <= v_ax1, p6[v_ax0, v_ax1 - T.int64(416), v_ax2, v_ax3], T.if_then_else(T.int64(384) <= v_ax1, p5[v_ax0, v_ax1 - T.int64(384), v_ax2, v_ax3], T.if_then_else(T.int64(352) <= v_ax1, p4[v_ax0, v_ax1 - T.int64(352), v_ax2, v_ax3], T.if_then_else(T.int64(320) <= v_ax1, p3[v_ax0, v_ax1 - T.int64(320), v_ax2, v_ax3], T.if_then_else(T.int64(288) <= v_ax1, p2[v_ax0, v_ax1 - T.int64(288), v_ax2, v_ax3], T.if_then_else(T.int64(256) <= v_ax1, p1[v_ax0, v_ax1 - T.int64(256), v_ax2, v_ax3], p0[v_ax0, v_ax1, v_ax2, v_ax3]))))))))))))))))))))) * p22[v_ax0, v_ax1, T.int64(0), T.int64(0)] + p23[v_ax0, v_ax1, T.int64(0), T.int64(0)], T.float32(0))
b0 = sch.get_block(name="T_concat", func_name="main")
b1 = sch.get_block(name="T_multiply", func_name="main")
b2 = sch.get_block(name="T_add", func_name="main")
b3 = sch.get_block(name="T_relu", func_name="main")
sch.reverse_compute_inline(block=b3)
sch.reverse_compute_inline(block=b2)
sch.reverse_compute_inline(block=b1)
l4, l5, l6, l7 = sch.get_loops(block=b0)
l8 = sch.fuse(l4, l5, l6, l7, preserve_unit_iters=True)
v9 = sch.sample_categorical(candidates=[32, 64, 128, 256, 512, 1024], probs=[0.16666666666666666, 0.16666666666666666, 0.16666666666666666, 0.16666666666666666, 0.16666666666666666, 0.16666666666666666], decision=2)
l10, l11 = sch.split(loop=l8, factors=[None, v9], preserve_unit_iters=True)
sch.bind(loop=l10, thread_axis="blockIdx.x")
sch.bind(loop=l11, thread_axis="threadIdx.x")
sch.enter_postproc()
2024-04-29 20:26:43 [INFO] [task_scheduler.cc:121] [Task #117: fused_concatenate_multiply_add_nn_relu_58] Trial #3: Error in running:
LocalRunner: An exception occurred
Traceback (most recent call last):
  File "/mnt/home/gverma/ceph/opt/tvm/python/tvm/exec/popen_worker.py", line 87, in main
    result = fn(*args, **kwargs)
  File "/mnt/home/gverma/ceph/opt/tvm/python/tvm/meta_schedule/runner/local_runner.py", line 152, in _worker_func
    repeated_args: List[T_ARGUMENT_LIST] = f_alloc_argument(
  File "/mnt/home/gverma/ceph/opt/tvm/python/tvm/meta_schedule/runner/local_runner.py", line 360, in default_alloc_argument
    return alloc_argument_common(f_random_fill, device, args_info, alloc_repeat)
  File "/mnt/home/gverma/ceph/opt/tvm/python/tvm/meta_schedule/runner/utils.py", line 74, in alloc_argument_common
    arg: Any = dispatcher.get(arg_type, None)(*arg_info)
  File "/mnt/home/gverma/ceph/opt/tvm/python/tvm/meta_schedule/runner/utils.py", line 56, in alloc_tensor
    arg = ndarray.empty(shape=shape, dtype=dtype, device=device)
  File "/mnt/home/gverma/ceph/opt/tvm/python/tvm/runtime/ndarray.py", line 391, in empty
    arr = _ffi_api.TVMArrayAllocWithScope(shape, dtype, device, mem_scope)
  File "/mnt/home/gverma/ceph/opt/tvm/python/tvm/_ffi/_ctypes/packed_func.py", line 239, in __call__
    raise_last_ffi_error()
  File "/mnt/home/gverma/ceph/opt/tvm/python/tvm/_ffi/base.py", line 481, in raise_last_ffi_error
    raise py_err
tvm.error.InternalError: Traceback (most recent call last):
  5: _ZN3tvm7runtime13PackedFun
  4: tvm::runtime::TypedPackedFunc<tvm::runtime::NDArray (tvm::runtime::ShapeTuple, DLDataType, DLDevice, tvm::runtime::Optional<tvm::runtime::String>)>::AssignTypedLambda<tvm::runtime::NDArray (*)(tvm::runtime::ShapeTuple, DLDataType, DLDevice, tvm::runtime::Optional<tvm::runtime::String>)>(tvm::runtime::NDArray (*)(tvm::runtime::ShapeTuple, DLDataType, DLDevice, tvm::runtime::Optional<tvm::runtime::String>), std::__cxx11::basic_string<char, std::char_traits<char>, std::allocator<char> >)::{lambda(tvm::runtime::TVMArgs const&, tvm::runtime::TVMRetValue*)#1}::operator()(tvm::runtime::TVMArgs const&, tvm::runtime::TVMRetValue*) const
  3: tvm::runtime::NDArray::Empty(tvm::runtime::ShapeTuple, DLDataType, DLDevice, tvm::runtime::Optional<tvm::runtime::String>)
  2: tvm::runtime::DeviceAPI::AllocDataSpace(DLDevice, int, long const*, DLDataType, tvm::runtime::Optional<tvm::runtime::String>)
  1: tvm::runtime::CUDADeviceAPI::AllocDataSpace(DLDevice, unsigned long, unsigned long, DLDataType)
  0: _ZN3tvm7runtime6deta
  File "/mnt/home/gverma/ceph/opt/tvm/src/runtime/cuda/cuda_device_api.cc", line 126
InternalError: Check failed: (e == cudaSuccess || e == cudaErrorCudartUnloading) is false: CUDA: misaligned address

# from tvm.script import ir as I
# from tvm.script import tir as T

@I.ir_module
class Module:
    @T.prim_func
    def main(p0: T.Buffer((T.int64(1), T.int64(256), T.int64(14), T.int64(14)), "float32"), p1: T.Buffer((T.int64(1), T.int64(32), T.int64(14), T.int64(14)), "float32"), p2: T.Buffer((T.int64(1), T.int64(32), T.int64(14), T.int64(14)), "float32"), p3: T.Buffer((T.int64(1), T.int64(32), T.int64(14), T.int64(14)), "float32"), p4: T.Buffer((T.int64(1), T.int64(32), T.int64(14), T.int64(14)), "float32"), p5: T.Buffer((T.int64(1), T.int64(32), T.int64(14), T.int64(14)), "float32"), p6: T.Buffer((T.int64(1), T.int64(32), T.int64(14), T.int64(14)), "float32"), p7: T.Buffer((T.int64(1), T.int64(32), T.int64(14), T.int64(14)), "float32"), p8: T.Buffer((T.int64(1), T.int64(32), T.int64(14), T.int64(14)), "float32"), p9: T.Buffer((T.int64(1), T.int64(32), T.int64(14), T.int64(14)), "float32"), p10: T.Buffer((T.int64(1), T.int64(32), T.int64(14), T.int64(14)), "float32"), p11: T.Buffer((T.int64(1), T.int64(32), T.int64(14), T.int64(14)), "float32"), p12: T.Buffer((T.int64(1), T.int64(32), T.int64(14), T.int64(14)), "float32"), p13: T.Buffer((T.int64(1), T.int64(32), T.int64(14), T.int64(14)), "float32"), p14: T.Buffer((T.int64(1), T.int64(32), T.int64(14), T.int64(14)), "float32"), p15: T.Buffer((T.int64(1), T.int64(32), T.int64(14), T.int64(14)), "float32"), p16: T.Buffer((T.int64(1), T.int64(32), T.int64(14), T.int64(14)), "float32"), p17: T.Buffer((T.int64(1), T.int64(32), T.int64(14), T.int64(14)), "float32"), p18: T.Buffer((T.int64(1), T.int64(32), T.int64(14), T.int64(14)), "float32"), p19: T.Buffer((T.int64(1), T.int64(32), T.int64(14), T.int64(14)), "float32"), p20: T.Buffer((T.int64(1), T.int64(32), T.int64(14), T.int64(14)), "float32"), p21: T.Buffer((T.int64(1), T.int64(32), T.int64(14), T.int64(14)), "float32"), p22: T.Buffer((T.int64(1), T.int64(928), T.int64(1), T.int64(1)), "float32"), p23: T.Buffer((T.int64(1), T.int64(928), T.int64(1), T.int64(1)), "float32"), T_relu: T.Buffer((T.int64(1), T.int64(928), T.int64(14), T.int64(14)), "float32")):
        T.func_attr({"tir.noalias": T.bool(True)})
        # with T.block("root"):
        for ax0_ax1_ax2_ax3_fused_0 in T.thread_binding(T.int64(5684), thread="blockIdx.x"):
            for ax0_ax1_ax2_ax3_fused_1 in T.thread_binding(T.int64(32), thread="threadIdx.x"):
                with T.block("T_concat"):
                    v_ax0 = T.axis.spatial(T.int64(1), T.int64(0))
                    v_ax1 = T.axis.spatial(T.int64(928), (ax0_ax1_ax2_ax3_fused_0 * T.int64(32) + ax0_ax1_ax2_ax3_fused_1) // T.int64(196))
                    v_ax2 = T.axis.spatial(T.int64(14), (ax0_ax1_ax2_ax3_fused_0 * T.int64(32) + ax0_ax1_ax2_ax3_fused_1) % T.int64(196) // T.int64(14))
                    v_ax3 = T.axis.spatial(T.int64(14), (ax0_ax1_ax2_ax3_fused_0 * T.int64(32) + ax0_ax1_ax2_ax3_fused_1) % T.int64(14))
                    T.reads(p21[v_ax0, v_ax1 - T.int64(896), v_ax2, v_ax3], p20[v_ax0, v_ax1 - T.int64(864), v_ax2, v_ax3], p19[v_ax0, v_ax1 - T.int64(832), v_ax2, v_ax3], p18[v_ax0, v_ax1 - T.int64(800), v_ax2, v_ax3], p17[v_ax0, v_ax1 - T.int64(768), v_ax2, v_ax3], p16[v_ax0, v_ax1 - T.int64(736), v_ax2, v_ax3], p15[v_ax0, v_ax1 - T.int64(704), v_ax2, v_ax3], p14[v_ax0, v_ax1 - T.int64(672), v_ax2, v_ax3], p13[v_ax0, v_ax1 - T.int64(640), v_ax2, v_ax3], p12[v_ax0, v_ax1 - T.int64(608), v_ax2, v_ax3], p11[v_ax0, v_ax1 - T.int64(576), v_ax2, v_ax3], p10[v_ax0, v_ax1 - T.int64(544), v_ax2, v_ax3], p9[v_ax0, v_ax1 - T.int64(512), v_ax2, v_ax3], p8[v_ax0, v_ax1 - T.int64(480), v_ax2, v_ax3], p7[v_ax0, v_ax1 - T.int64(448), v_ax2, v_ax3], p6[v_ax0, v_ax1 - T.int64(416), v_ax2, v_ax3], p5[v_ax0, v_ax1 - T.int64(384), v_ax2, v_ax3], p4[v_ax0, v_ax1 - T.int64(352), v_ax2, v_ax3], p3[v_ax0, v_ax1 - T.int64(320), v_ax2, v_ax3], p2[v_ax0, v_ax1 - T.int64(288), v_ax2, v_ax3], p1[v_ax0, v_ax1 - T.int64(256), v_ax2, v_ax3], p0[v_ax0, v_ax1, v_ax2, v_ax3], p22[v_ax0, v_ax1, T.int64(0), T.int64(0)], p23[v_ax0, v_ax1, T.int64(0), T.int64(0)])
                    T.writes(T_relu[v_ax0, v_ax1, v_ax2, v_ax3])
                    T_relu[v_ax0, v_ax1, v_ax2, v_ax3] = T.max(T.if_then_else(T.int64(896) <= v_ax1, p21[v_ax0, v_ax1 - T.int64(896), v_ax2, v_ax3], T.if_then_else(T.int64(864) <= v_ax1, p20[v_ax0, v_ax1 - T.int64(864), v_ax2, v_ax3], T.if_then_else(T.int64(832) <= v_ax1, p19[v_ax0, v_ax1 - T.int64(832), v_ax2, v_ax3], T.if_then_else(T.int64(800) <= v_ax1, p18[v_ax0, v_ax1 - T.int64(800), v_ax2, v_ax3], T.if_then_else(T.int64(768) <= v_ax1, p17[v_ax0, v_ax1 - T.int64(768), v_ax2, v_ax3], T.if_then_else(T.int64(736) <= v_ax1, p16[v_ax0, v_ax1 - T.int64(736), v_ax2, v_ax3], T.if_then_else(T.int64(704) <= v_ax1, p15[v_ax0, v_ax1 - T.int64(704), v_ax2, v_ax3], T.if_then_else(T.int64(672) <= v_ax1, p14[v_ax0, v_ax1 - T.int64(672), v_ax2, v_ax3], T.if_then_else(T.int64(640) <= v_ax1, p13[v_ax0, v_ax1 - T.int64(640), v_ax2, v_ax3], T.if_then_else(T.int64(608) <= v_ax1, p12[v_ax0, v_ax1 - T.int64(608), v_ax2, v_ax3], T.if_then_else(T.int64(576) <= v_ax1, p11[v_ax0, v_ax1 - T.int64(576), v_ax2, v_ax3], T.if_then_else(T.int64(544) <= v_ax1, p10[v_ax0, v_ax1 - T.int64(544), v_ax2, v_ax3], T.if_then_else(T.int64(512) <= v_ax1, p9[v_ax0, v_ax1 - T.int64(512), v_ax2, v_ax3], T.if_then_else(T.int64(480) <= v_ax1, p8[v_ax0, v_ax1 - T.int64(480), v_ax2, v_ax3], T.if_then_else(T.int64(448) <= v_ax1, p7[v_ax0, v_ax1 - T.int64(448), v_ax2, v_ax3], T.if_then_else(T.int64(416) <= v_ax1, p6[v_ax0, v_ax1 - T.int64(416), v_ax2, v_ax3], T.if_then_else(T.int64(384) <= v_ax1, p5[v_ax0, v_ax1 - T.int64(384), v_ax2, v_ax3], T.if_then_else(T.int64(352) <= v_ax1, p4[v_ax0, v_ax1 - T.int64(352), v_ax2, v_ax3], T.if_then_else(T.int64(320) <= v_ax1, p3[v_ax0, v_ax1 - T.int64(320), v_ax2, v_ax3], T.if_then_else(T.int64(288) <= v_ax1, p2[v_ax0, v_ax1 - T.int64(288), v_ax2, v_ax3], T.if_then_else(T.int64(256) <= v_ax1, p1[v_ax0, v_ax1 - T.int64(256), v_ax2, v_ax3], p0[v_ax0, v_ax1, v_ax2, v_ax3]))))))))))))))))))))) * p22[v_ax0, v_ax1, T.int64(0), T.int64(0)] + p23[v_ax0, v_ax1, T.int64(0), T.int64(0)], T.float32(0))
b0 = sch.get_block(name="T_concat", func_name="main")
b1 = sch.get_block(name="T_multiply", func_name="main")
b2 = sch.get_block(name="T_add", func_name="main")
b3 = sch.get_block(name="T_relu", func_name="main")
sch.reverse_compute_inline(block=b3)
sch.reverse_compute_inline(block=b2)
sch.reverse_compute_inline(block=b1)
l4, l5, l6, l7 = sch.get_loops(block=b0)
l8 = sch.fuse(l4, l5, l6, l7, preserve_unit_iters=True)
v9 = sch.sample_categorical(candidates=[32, 64, 128, 256, 512, 1024], probs=[0.16666666666666666, 0.16666666666666666, 0.16666666666666666, 0.16666666666666666, 0.16666666666666666, 0.16666666666666666], decision=0)
l10, l11 = sch.split(loop=l8, factors=[None, v9], preserve_unit_iters=True)
sch.bind(loop=l10, thread_axis="blockIdx.x")
sch.bind(loop=l11, thread_axis="threadIdx.x")
sch.enter_postproc()
2024-04-29 20:26:43 [INFO] [task_scheduler.cc:121] [Task #117: fused_concatenate_multiply_add_nn_relu_58] Trial #4: Error in running:
LocalRunner: An exception occurred
Traceback (most recent call last):
  File "/mnt/home/gverma/ceph/opt/tvm/python/tvm/exec/popen_worker.py", line 87, in main
    result = fn(*args, **kwargs)
  File "/mnt/home/gverma/ceph/opt/tvm/python/tvm/meta_schedule/runner/local_runner.py", line 152, in _worker_func
    repeated_args: List[T_ARGUMENT_LIST] = f_alloc_argument(
  File "/mnt/home/gverma/ceph/opt/tvm/python/tvm/meta_schedule/runner/local_runner.py", line 360, in default_alloc_argument
    return alloc_argument_common(f_random_fill, device, args_info, alloc_repeat)
  File "/mnt/home/gverma/ceph/opt/tvm/python/tvm/meta_schedule/runner/utils.py", line 74, in alloc_argument_common
    arg: Any = dispatcher.get(arg_type, None)(*arg_info)
  File "/mnt/home/gverma/ceph/opt/tvm/python/tvm/meta_schedule/runner/utils.py", line 56, in alloc_tensor
    arg = ndarray.empty(shape=shape, dtype=dtype, device=device)
  File "/mnt/home/gverma/ceph/opt/tvm/python/tvm/runtime/ndarray.py", line 391, in empty
    arr = _ffi_api.TVMArrayAllocWithScope(shape, dtype, device, mem_scope)
  File "/mnt/home/gverma/ceph/opt/tvm/python/tvm/_ffi/_ctypes/packed_func.py", line 239, in __call__
    raise_last_ffi_error()
  File "/mnt/home/gverma/ceph/opt/tvm/python/tvm/_ffi/base.py", line 481, in raise_last_ffi_error
    raise py_err
tvm.error.InternalError: Traceback (most recent call last):
  5: _ZN3tvm7runtime13PackedFun
  4: tvm::runtime::TypedPackedFunc<tvm::runtime::NDArray (tvm::runtime::ShapeTuple, DLDataType, DLDevice, tvm::runtime::Optional<tvm::runtime::String>)>::AssignTypedLambda<tvm::runtime::NDArray (*)(tvm::runtime::ShapeTuple, DLDataType, DLDevice, tvm::runtime::Optional<tvm::runtime::String>)>(tvm::runtime::NDArray (*)(tvm::runtime::ShapeTuple, DLDataType, DLDevice, tvm::runtime::Optional<tvm::runtime::String>), std::__cxx11::basic_string<char, std::char_traits<char>, std::allocator<char> >)::{lambda(tvm::runtime::TVMArgs const&, tvm::runtime::TVMRetValue*)#1}::operator()(tvm::runtime::TVMArgs const&, tvm::runtime::TVMRetValue*) const
  3: tvm::runtime::NDArray::Empty(tvm::runtime::ShapeTuple, DLDataType, DLDevice, tvm::runtime::Optional<tvm::runtime::String>)
  2: tvm::runtime::DeviceAPI::AllocDataSpace(DLDevice, int, long const*, DLDataType, tvm::runtime::Optional<tvm::runtime::String>)
  1: tvm::runtime::CUDADeviceAPI::AllocDataSpace(DLDevice, unsigned long, unsigned long, DLDataType)
  0: _ZN3tvm7runtime6deta
  File "/mnt/home/gverma/ceph/opt/tvm/src/runtime/cuda/cuda_device_api.cc", line 126
InternalError: Check failed: (e == cudaSuccess || e == cudaErrorCudartUnloading) is false: CUDA: misaligned address

# from tvm.script import ir as I
# from tvm.script import tir as T

@I.ir_module
class Module:
    @T.prim_func
    def main(p0: T.Buffer((T.int64(1), T.int64(256), T.int64(14), T.int64(14)), "float32"), p1: T.Buffer((T.int64(1), T.int64(32), T.int64(14), T.int64(14)), "float32"), p2: T.Buffer((T.int64(1), T.int64(32), T.int64(14), T.int64(14)), "float32"), p3: T.Buffer((T.int64(1), T.int64(32), T.int64(14), T.int64(14)), "float32"), p4: T.Buffer((T.int64(1), T.int64(32), T.int64(14), T.int64(14)), "float32"), p5: T.Buffer((T.int64(1), T.int64(32), T.int64(14), T.int64(14)), "float32"), p6: T.Buffer((T.int64(1), T.int64(32), T.int64(14), T.int64(14)), "float32"), p7: T.Buffer((T.int64(1), T.int64(32), T.int64(14), T.int64(14)), "float32"), p8: T.Buffer((T.int64(1), T.int64(32), T.int64(14), T.int64(14)), "float32"), p9: T.Buffer((T.int64(1), T.int64(32), T.int64(14), T.int64(14)), "float32"), p10: T.Buffer((T.int64(1), T.int64(32), T.int64(14), T.int64(14)), "float32"), p11: T.Buffer((T.int64(1), T.int64(32), T.int64(14), T.int64(14)), "float32"), p12: T.Buffer((T.int64(1), T.int64(32), T.int64(14), T.int64(14)), "float32"), p13: T.Buffer((T.int64(1), T.int64(32), T.int64(14), T.int64(14)), "float32"), p14: T.Buffer((T.int64(1), T.int64(32), T.int64(14), T.int64(14)), "float32"), p15: T.Buffer((T.int64(1), T.int64(32), T.int64(14), T.int64(14)), "float32"), p16: T.Buffer((T.int64(1), T.int64(32), T.int64(14), T.int64(14)), "float32"), p17: T.Buffer((T.int64(1), T.int64(32), T.int64(14), T.int64(14)), "float32"), p18: T.Buffer((T.int64(1), T.int64(32), T.int64(14), T.int64(14)), "float32"), p19: T.Buffer((T.int64(1), T.int64(32), T.int64(14), T.int64(14)), "float32"), p20: T.Buffer((T.int64(1), T.int64(32), T.int64(14), T.int64(14)), "float32"), p21: T.Buffer((T.int64(1), T.int64(32), T.int64(14), T.int64(14)), "float32"), p22: T.Buffer((T.int64(1), T.int64(928), T.int64(1), T.int64(1)), "float32"), p23: T.Buffer((T.int64(1), T.int64(928), T.int64(1), T.int64(1)), "float32"), T_relu: T.Buffer((T.int64(1), T.int64(928), T.int64(14), T.int64(14)), "float32")):
        T.func_attr({"tir.noalias": T.bool(True)})
        # with T.block("root"):
        for ax0_ax1_ax2_ax3_fused_0 in T.thread_binding(T.int64(356), thread="blockIdx.x"):
            for ax0_ax1_ax2_ax3_fused_1 in T.thread_binding(T.int64(512), thread="threadIdx.x"):
                with T.block("T_concat"):
                    v_ax0 = T.axis.spatial(T.int64(1), T.int64(0))
                    v_ax1 = T.axis.spatial(T.int64(928), (ax0_ax1_ax2_ax3_fused_0 * T.int64(512) + ax0_ax1_ax2_ax3_fused_1) // T.int64(196))
                    v_ax2 = T.axis.spatial(T.int64(14), (ax0_ax1_ax2_ax3_fused_0 * T.int64(512) + ax0_ax1_ax2_ax3_fused_1) % T.int64(196) // T.int64(14))
                    v_ax3 = T.axis.spatial(T.int64(14), (ax0_ax1_ax2_ax3_fused_0 * T.int64(512) + ax0_ax1_ax2_ax3_fused_1) % T.int64(14))
                    T.where(ax0_ax1_ax2_ax3_fused_0 * T.int64(512) + ax0_ax1_ax2_ax3_fused_1 < T.int64(181888))
                    T.reads(p21[v_ax0, v_ax1 - T.int64(896), v_ax2, v_ax3], p20[v_ax0, v_ax1 - T.int64(864), v_ax2, v_ax3], p19[v_ax0, v_ax1 - T.int64(832), v_ax2, v_ax3], p18[v_ax0, v_ax1 - T.int64(800), v_ax2, v_ax3], p17[v_ax0, v_ax1 - T.int64(768), v_ax2, v_ax3], p16[v_ax0, v_ax1 - T.int64(736), v_ax2, v_ax3], p15[v_ax0, v_ax1 - T.int64(704), v_ax2, v_ax3], p14[v_ax0, v_ax1 - T.int64(672), v_ax2, v_ax3], p13[v_ax0, v_ax1 - T.int64(640), v_ax2, v_ax3], p12[v_ax0, v_ax1 - T.int64(608), v_ax2, v_ax3], p11[v_ax0, v_ax1 - T.int64(576), v_ax2, v_ax3], p10[v_ax0, v_ax1 - T.int64(544), v_ax2, v_ax3], p9[v_ax0, v_ax1 - T.int64(512), v_ax2, v_ax3], p8[v_ax0, v_ax1 - T.int64(480), v_ax2, v_ax3], p7[v_ax0, v_ax1 - T.int64(448), v_ax2, v_ax3], p6[v_ax0, v_ax1 - T.int64(416), v_ax2, v_ax3], p5[v_ax0, v_ax1 - T.int64(384), v_ax2, v_ax3], p4[v_ax0, v_ax1 - T.int64(352), v_ax2, v_ax3], p3[v_ax0, v_ax1 - T.int64(320), v_ax2, v_ax3], p2[v_ax0, v_ax1 - T.int64(288), v_ax2, v_ax3], p1[v_ax0, v_ax1 - T.int64(256), v_ax2, v_ax3], p0[v_ax0, v_ax1, v_ax2, v_ax3], p22[v_ax0, v_ax1, T.int64(0), T.int64(0)], p23[v_ax0, v_ax1, T.int64(0), T.int64(0)])
                    T.writes(T_relu[v_ax0, v_ax1, v_ax2, v_ax3])
                    T_relu[v_ax0, v_ax1, v_ax2, v_ax3] = T.max(T.if_then_else(T.int64(896) <= v_ax1, p21[v_ax0, v_ax1 - T.int64(896), v_ax2, v_ax3], T.if_then_else(T.int64(864) <= v_ax1, p20[v_ax0, v_ax1 - T.int64(864), v_ax2, v_ax3], T.if_then_else(T.int64(832) <= v_ax1, p19[v_ax0, v_ax1 - T.int64(832), v_ax2, v_ax3], T.if_then_else(T.int64(800) <= v_ax1, p18[v_ax0, v_ax1 - T.int64(800), v_ax2, v_ax3], T.if_then_else(T.int64(768) <= v_ax1, p17[v_ax0, v_ax1 - T.int64(768), v_ax2, v_ax3], T.if_then_else(T.int64(736) <= v_ax1, p16[v_ax0, v_ax1 - T.int64(736), v_ax2, v_ax3], T.if_then_else(T.int64(704) <= v_ax1, p15[v_ax0, v_ax1 - T.int64(704), v_ax2, v_ax3], T.if_then_else(T.int64(672) <= v_ax1, p14[v_ax0, v_ax1 - T.int64(672), v_ax2, v_ax3], T.if_then_else(T.int64(640) <= v_ax1, p13[v_ax0, v_ax1 - T.int64(640), v_ax2, v_ax3], T.if_then_else(T.int64(608) <= v_ax1, p12[v_ax0, v_ax1 - T.int64(608), v_ax2, v_ax3], T.if_then_else(T.int64(576) <= v_ax1, p11[v_ax0, v_ax1 - T.int64(576), v_ax2, v_ax3], T.if_then_else(T.int64(544) <= v_ax1, p10[v_ax0, v_ax1 - T.int64(544), v_ax2, v_ax3], T.if_then_else(T.int64(512) <= v_ax1, p9[v_ax0, v_ax1 - T.int64(512), v_ax2, v_ax3], T.if_then_else(T.int64(480) <= v_ax1, p8[v_ax0, v_ax1 - T.int64(480), v_ax2, v_ax3], T.if_then_else(T.int64(448) <= v_ax1, p7[v_ax0, v_ax1 - T.int64(448), v_ax2, v_ax3], T.if_then_else(T.int64(416) <= v_ax1, p6[v_ax0, v_ax1 - T.int64(416), v_ax2, v_ax3], T.if_then_else(T.int64(384) <= v_ax1, p5[v_ax0, v_ax1 - T.int64(384), v_ax2, v_ax3], T.if_then_else(T.int64(352) <= v_ax1, p4[v_ax0, v_ax1 - T.int64(352), v_ax2, v_ax3], T.if_then_else(T.int64(320) <= v_ax1, p3[v_ax0, v_ax1 - T.int64(320), v_ax2, v_ax3], T.if_then_else(T.int64(288) <= v_ax1, p2[v_ax0, v_ax1 - T.int64(288), v_ax2, v_ax3], T.if_then_else(T.int64(256) <= v_ax1, p1[v_ax0, v_ax1 - T.int64(256), v_ax2, v_ax3], p0[v_ax0, v_ax1, v_ax2, v_ax3]))))))))))))))))))))) * p22[v_ax0, v_ax1, T.int64(0), T.int64(0)] + p23[v_ax0, v_ax1, T.int64(0), T.int64(0)], T.float32(0))
b0 = sch.get_block(name="T_concat", func_name="main")
b1 = sch.get_block(name="T_multiply", func_name="main")
b2 = sch.get_block(name="T_add", func_name="main")
b3 = sch.get_block(name="T_relu", func_name="main")
sch.reverse_compute_inline(block=b3)
sch.reverse_compute_inline(block=b2)
sch.reverse_compute_inline(block=b1)
l4, l5, l6, l7 = sch.get_loops(block=b0)
l8 = sch.fuse(l4, l5, l6, l7, preserve_unit_iters=True)
v9 = sch.sample_categorical(candidates=[32, 64, 128, 256, 512, 1024], probs=[0.16666666666666666, 0.16666666666666666, 0.16666666666666666, 0.16666666666666666, 0.16666666666666666, 0.16666666666666666], decision=4)
l10, l11 = sch.split(loop=l8, factors=[None, v9], preserve_unit_iters=True)
sch.bind(loop=l10, thread_axis="blockIdx.x")
sch.bind(loop=l11, thread_axis="threadIdx.x")
sch.enter_postproc()
2024-04-29 20:26:43 [INFO] [task_scheduler.cc:121] [Task #117: fused_concatenate_multiply_add_nn_relu_58] Trial #5: Error in running:
LocalRunner: An exception occurred
Traceback (most recent call last):
  File "/mnt/home/gverma/ceph/opt/tvm/python/tvm/exec/popen_worker.py", line 87, in main
    result = fn(*args, **kwargs)
  File "/mnt/home/gverma/ceph/opt/tvm/python/tvm/meta_schedule/runner/local_runner.py", line 152, in _worker_func
    repeated_args: List[T_ARGUMENT_LIST] = f_alloc_argument(
  File "/mnt/home/gverma/ceph/opt/tvm/python/tvm/meta_schedule/runner/local_runner.py", line 360, in default_alloc_argument
    return alloc_argument_common(f_random_fill, device, args_info, alloc_repeat)
  File "/mnt/home/gverma/ceph/opt/tvm/python/tvm/meta_schedule/runner/utils.py", line 74, in alloc_argument_common
    arg: Any = dispatcher.get(arg_type, None)(*arg_info)
  File "/mnt/home/gverma/ceph/opt/tvm/python/tvm/meta_schedule/runner/utils.py", line 56, in alloc_tensor
    arg = ndarray.empty(shape=shape, dtype=dtype, device=device)
  File "/mnt/home/gverma/ceph/opt/tvm/python/tvm/runtime/ndarray.py", line 391, in empty
    arr = _ffi_api.TVMArrayAllocWithScope(shape, dtype, device, mem_scope)
  File "/mnt/home/gverma/ceph/opt/tvm/python/tvm/_ffi/_ctypes/packed_func.py", line 239, in __call__
    raise_last_ffi_error()
  File "/mnt/home/gverma/ceph/opt/tvm/python/tvm/_ffi/base.py", line 481, in raise_last_ffi_error
    raise py_err
tvm.error.InternalError: Traceback (most recent call last):
  5: _ZN3tvm7runtime13PackedFun
  4: tvm::runtime::TypedPackedFunc<tvm::runtime::NDArray (tvm::runtime::ShapeTuple, DLDataType, DLDevice, tvm::runtime::Optional<tvm::runtime::String>)>::AssignTypedLambda<tvm::runtime::NDArray (*)(tvm::runtime::ShapeTuple, DLDataType, DLDevice, tvm::runtime::Optional<tvm::runtime::String>)>(tvm::runtime::NDArray (*)(tvm::runtime::ShapeTuple, DLDataType, DLDevice, tvm::runtime::Optional<tvm::runtime::String>), std::__cxx11::basic_string<char, std::char_traits<char>, std::allocator<char> >)::{lambda(tvm::runtime::TVMArgs const&, tvm::runtime::TVMRetValue*)#1}::operator()(tvm::runtime::TVMArgs const&, tvm::runtime::TVMRetValue*) const
  3: tvm::runtime::NDArray::Empty(tvm::runtime::ShapeTuple, DLDataType, DLDevice, tvm::runtime::Optional<tvm::runtime::String>)
  2: tvm::runtime::DeviceAPI::AllocDataSpace(DLDevice, int, long const*, DLDataType, tvm::runtime::Optional<tvm::runtime::String>)
  1: tvm::runtime::CUDADeviceAPI::AllocDataSpace(DLDevice, unsigned long, unsigned long, DLDataType)
  0: _ZN3tvm7runtime6deta
  File "/mnt/home/gverma/ceph/opt/tvm/src/runtime/cuda/cuda_device_api.cc", line 126
InternalError: Check failed: (e == cudaSuccess || e == cudaErrorCudartUnloading) is false: CUDA: misaligned address

# from tvm.script import ir as I
# from tvm.script import tir as T

@I.ir_module
class Module:
    @T.prim_func
    def main(p0: T.Buffer((T.int64(1), T.int64(256), T.int64(14), T.int64(14)), "float32"), p1: T.Buffer((T.int64(1), T.int64(32), T.int64(14), T.int64(14)), "float32"), p2: T.Buffer((T.int64(1), T.int64(32), T.int64(14), T.int64(14)), "float32"), p3: T.Buffer((T.int64(1), T.int64(32), T.int64(14), T.int64(14)), "float32"), p4: T.Buffer((T.int64(1), T.int64(32), T.int64(14), T.int64(14)), "float32"), p5: T.Buffer((T.int64(1), T.int64(32), T.int64(14), T.int64(14)), "float32"), p6: T.Buffer((T.int64(1), T.int64(32), T.int64(14), T.int64(14)), "float32"), p7: T.Buffer((T.int64(1), T.int64(32), T.int64(14), T.int64(14)), "float32"), p8: T.Buffer((T.int64(1), T.int64(32), T.int64(14), T.int64(14)), "float32"), p9: T.Buffer((T.int64(1), T.int64(32), T.int64(14), T.int64(14)), "float32"), p10: T.Buffer((T.int64(1), T.int64(32), T.int64(14), T.int64(14)), "float32"), p11: T.Buffer((T.int64(1), T.int64(32), T.int64(14), T.int64(14)), "float32"), p12: T.Buffer((T.int64(1), T.int64(32), T.int64(14), T.int64(14)), "float32"), p13: T.Buffer((T.int64(1), T.int64(32), T.int64(14), T.int64(14)), "float32"), p14: T.Buffer((T.int64(1), T.int64(32), T.int64(14), T.int64(14)), "float32"), p15: T.Buffer((T.int64(1), T.int64(32), T.int64(14), T.int64(14)), "float32"), p16: T.Buffer((T.int64(1), T.int64(32), T.int64(14), T.int64(14)), "float32"), p17: T.Buffer((T.int64(1), T.int64(32), T.int64(14), T.int64(14)), "float32"), p18: T.Buffer((T.int64(1), T.int64(32), T.int64(14), T.int64(14)), "float32"), p19: T.Buffer((T.int64(1), T.int64(32), T.int64(14), T.int64(14)), "float32"), p20: T.Buffer((T.int64(1), T.int64(32), T.int64(14), T.int64(14)), "float32"), p21: T.Buffer((T.int64(1), T.int64(32), T.int64(14), T.int64(14)), "float32"), p22: T.Buffer((T.int64(1), T.int64(928), T.int64(1), T.int64(1)), "float32"), p23: T.Buffer((T.int64(1), T.int64(928), T.int64(1), T.int64(1)), "float32"), T_relu: T.Buffer((T.int64(1), T.int64(928), T.int64(14), T.int64(14)), "float32")):
        T.func_attr({"tir.noalias": T.bool(True)})
        # with T.block("root"):
        for ax0_ax1_ax2_ax3_fused_0 in T.thread_binding(T.int64(2842), thread="blockIdx.x"):
            for ax0_ax1_ax2_ax3_fused_1 in T.thread_binding(T.int64(64), thread="threadIdx.x"):
                with T.block("T_concat"):
                    v_ax0 = T.axis.spatial(T.int64(1), T.int64(0))
                    v_ax1 = T.axis.spatial(T.int64(928), (ax0_ax1_ax2_ax3_fused_0 * T.int64(64) + ax0_ax1_ax2_ax3_fused_1) // T.int64(196))
                    v_ax2 = T.axis.spatial(T.int64(14), (ax0_ax1_ax2_ax3_fused_0 * T.int64(64) + ax0_ax1_ax2_ax3_fused_1) % T.int64(196) // T.int64(14))
                    v_ax3 = T.axis.spatial(T.int64(14), (ax0_ax1_ax2_ax3_fused_0 * T.int64(64) + ax0_ax1_ax2_ax3_fused_1) % T.int64(14))
                    T.reads(p21[v_ax0, v_ax1 - T.int64(896), v_ax2, v_ax3], p20[v_ax0, v_ax1 - T.int64(864), v_ax2, v_ax3], p19[v_ax0, v_ax1 - T.int64(832), v_ax2, v_ax3], p18[v_ax0, v_ax1 - T.int64(800), v_ax2, v_ax3], p17[v_ax0, v_ax1 - T.int64(768), v_ax2, v_ax3], p16[v_ax0, v_ax1 - T.int64(736), v_ax2, v_ax3], p15[v_ax0, v_ax1 - T.int64(704), v_ax2, v_ax3], p14[v_ax0, v_ax1 - T.int64(672), v_ax2, v_ax3], p13[v_ax0, v_ax1 - T.int64(640), v_ax2, v_ax3], p12[v_ax0, v_ax1 - T.int64(608), v_ax2, v_ax3], p11[v_ax0, v_ax1 - T.int64(576), v_ax2, v_ax3], p10[v_ax0, v_ax1 - T.int64(544), v_ax2, v_ax3], p9[v_ax0, v_ax1 - T.int64(512), v_ax2, v_ax3], p8[v_ax0, v_ax1 - T.int64(480), v_ax2, v_ax3], p7[v_ax0, v_ax1 - T.int64(448), v_ax2, v_ax3], p6[v_ax0, v_ax1 - T.int64(416), v_ax2, v_ax3], p5[v_ax0, v_ax1 - T.int64(384), v_ax2, v_ax3], p4[v_ax0, v_ax1 - T.int64(352), v_ax2, v_ax3], p3[v_ax0, v_ax1 - T.int64(320), v_ax2, v_ax3], p2[v_ax0, v_ax1 - T.int64(288), v_ax2, v_ax3], p1[v_ax0, v_ax1 - T.int64(256), v_ax2, v_ax3], p0[v_ax0, v_ax1, v_ax2, v_ax3], p22[v_ax0, v_ax1, T.int64(0), T.int64(0)], p23[v_ax0, v_ax1, T.int64(0), T.int64(0)])
                    T.writes(T_relu[v_ax0, v_ax1, v_ax2, v_ax3])
                    T_relu[v_ax0, v_ax1, v_ax2, v_ax3] = T.max(T.if_then_else(T.int64(896) <= v_ax1, p21[v_ax0, v_ax1 - T.int64(896), v_ax2, v_ax3], T.if_then_else(T.int64(864) <= v_ax1, p20[v_ax0, v_ax1 - T.int64(864), v_ax2, v_ax3], T.if_then_else(T.int64(832) <= v_ax1, p19[v_ax0, v_ax1 - T.int64(832), v_ax2, v_ax3], T.if_then_else(T.int64(800) <= v_ax1, p18[v_ax0, v_ax1 - T.int64(800), v_ax2, v_ax3], T.if_then_else(T.int64(768) <= v_ax1, p17[v_ax0, v_ax1 - T.int64(768), v_ax2, v_ax3], T.if_then_else(T.int64(736) <= v_ax1, p16[v_ax0, v_ax1 - T.int64(736), v_ax2, v_ax3], T.if_then_else(T.int64(704) <= v_ax1, p15[v_ax0, v_ax1 - T.int64(704), v_ax2, v_ax3], T.if_then_else(T.int64(672) <= v_ax1, p14[v_ax0, v_ax1 - T.int64(672), v_ax2, v_ax3], T.if_then_else(T.int64(640) <= v_ax1, p13[v_ax0, v_ax1 - T.int64(640), v_ax2, v_ax3], T.if_then_else(T.int64(608) <= v_ax1, p12[v_ax0, v_ax1 - T.int64(608), v_ax2, v_ax3], T.if_then_else(T.int64(576) <= v_ax1, p11[v_ax0, v_ax1 - T.int64(576), v_ax2, v_ax3], T.if_then_else(T.int64(544) <= v_ax1, p10[v_ax0, v_ax1 - T.int64(544), v_ax2, v_ax3], T.if_then_else(T.int64(512) <= v_ax1, p9[v_ax0, v_ax1 - T.int64(512), v_ax2, v_ax3], T.if_then_else(T.int64(480) <= v_ax1, p8[v_ax0, v_ax1 - T.int64(480), v_ax2, v_ax3], T.if_then_else(T.int64(448) <= v_ax1, p7[v_ax0, v_ax1 - T.int64(448), v_ax2, v_ax3], T.if_then_else(T.int64(416) <= v_ax1, p6[v_ax0, v_ax1 - T.int64(416), v_ax2, v_ax3], T.if_then_else(T.int64(384) <= v_ax1, p5[v_ax0, v_ax1 - T.int64(384), v_ax2, v_ax3], T.if_then_else(T.int64(352) <= v_ax1, p4[v_ax0, v_ax1 - T.int64(352), v_ax2, v_ax3], T.if_then_else(T.int64(320) <= v_ax1, p3[v_ax0, v_ax1 - T.int64(320), v_ax2, v_ax3], T.if_then_else(T.int64(288) <= v_ax1, p2[v_ax0, v_ax1 - T.int64(288), v_ax2, v_ax3], T.if_then_else(T.int64(256) <= v_ax1, p1[v_ax0, v_ax1 - T.int64(256), v_ax2, v_ax3], p0[v_ax0, v_ax1, v_ax2, v_ax3]))))))))))))))))))))) * p22[v_ax0, v_ax1, T.int64(0), T.int64(0)] + p23[v_ax0, v_ax1, T.int64(0), T.int64(0)], T.float32(0))
b0 = sch.get_block(name="T_concat", func_name="main")
b1 = sch.get_block(name="T_multiply", func_name="main")
b2 = sch.get_block(name="T_add", func_name="main")
b3 = sch.get_block(name="T_relu", func_name="main")
sch.reverse_compute_inline(block=b3)
sch.reverse_compute_inline(block=b2)
sch.reverse_compute_inline(block=b1)
l4, l5, l6, l7 = sch.get_loops(block=b0)
l8 = sch.fuse(l4, l5, l6, l7, preserve_unit_iters=True)
v9 = sch.sample_categorical(candidates=[32, 64, 128, 256, 512, 1024], probs=[0.16666666666666666, 0.16666666666666666, 0.16666666666666666, 0.16666666666666666, 0.16666666666666666, 0.16666666666666666], decision=1)
l10, l11 = sch.split(loop=l8, factors=[None, v9], preserve_unit_iters=True)
sch.bind(loop=l10, thread_axis="blockIdx.x")
sch.bind(loop=l11, thread_axis="threadIdx.x")
sch.enter_postproc()
2024-04-29 20:26:43 [INFO] [task_scheduler.cc:121] [Task #117: fused_concatenate_multiply_add_nn_relu_58] Trial #6: Error in running:
LocalRunner: An exception occurred
Traceback (most recent call last):
  File "/mnt/home/gverma/ceph/opt/tvm/python/tvm/exec/popen_worker.py", line 87, in main
    result = fn(*args, **kwargs)
  File "/mnt/home/gverma/ceph/opt/tvm/python/tvm/meta_schedule/runner/local_runner.py", line 152, in _worker_func
    repeated_args: List[T_ARGUMENT_LIST] = f_alloc_argument(
  File "/mnt/home/gverma/ceph/opt/tvm/python/tvm/meta_schedule/runner/local_runner.py", line 360, in default_alloc_argument
    return alloc_argument_common(f_random_fill, device, args_info, alloc_repeat)
  File "/mnt/home/gverma/ceph/opt/tvm/python/tvm/meta_schedule/runner/utils.py", line 74, in alloc_argument_common
    arg: Any = dispatcher.get(arg_type, None)(*arg_info)
  File "/mnt/home/gverma/ceph/opt/tvm/python/tvm/meta_schedule/runner/utils.py", line 56, in alloc_tensor
    arg = ndarray.empty(shape=shape, dtype=dtype, device=device)
  File "/mnt/home/gverma/ceph/opt/tvm/python/tvm/runtime/ndarray.py", line 391, in empty
    arr = _ffi_api.TVMArrayAllocWithScope(shape, dtype, device, mem_scope)
  File "/mnt/home/gverma/ceph/opt/tvm/python/tvm/_ffi/_ctypes/packed_func.py", line 239, in __call__
    raise_last_ffi_error()
  File "/mnt/home/gverma/ceph/opt/tvm/python/tvm/_ffi/base.py", line 481, in raise_last_ffi_error
    raise py_err
tvm.error.InternalError: Traceback (most recent call last):
  5: _ZN3tvm7runtime13PackedFun
  4: tvm::runtime::TypedPackedFunc<tvm::runtime::NDArray (tvm::runtime::ShapeTuple, DLDataType, DLDevice, tvm::runtime::Optional<tvm::runtime::String>)>::AssignTypedLambda<tvm::runtime::NDArray (*)(tvm::runtime::ShapeTuple, DLDataType, DLDevice, tvm::runtime::Optional<tvm::runtime::String>)>(tvm::runtime::NDArray (*)(tvm::runtime::ShapeTuple, DLDataType, DLDevice, tvm::runtime::Optional<tvm::runtime::String>), std::__cxx11::basic_string<char, std::char_traits<char>, std::allocator<char> >)::{lambda(tvm::runtime::TVMArgs const&, tvm::runtime::TVMRetValue*)#1}::operator()(tvm::runtime::TVMArgs const&, tvm::runtime::TVMRetValue*) const
  3: tvm::runtime::NDArray::Empty(tvm::runtime::ShapeTuple, DLDataType, DLDevice, tvm::runtime::Optional<tvm::runtime::String>)
  2: tvm::runtime::DeviceAPI::AllocDataSpace(DLDevice, int, long const*, DLDataType, tvm::runtime::Optional<tvm::runtime::String>)
  1: tvm::runtime::CUDADeviceAPI::AllocDataSpace(DLDevice, unsigned long, unsigned long, DLDataType)
  0: _ZN3tvm7runtime6deta
  File "/mnt/home/gverma/ceph/opt/tvm/src/runtime/cuda/cuda_device_api.cc", line 126
InternalError: Check failed: (e == cudaSuccess || e == cudaErrorCudartUnloading) is false: CUDA: misaligned address

# from tvm.script import ir as I
# from tvm.script import tir as T

@I.ir_module
class Module:
    @T.prim_func
    def main(p0: T.Buffer((T.int64(1), T.int64(256), T.int64(14), T.int64(14)), "float32"), p1: T.Buffer((T.int64(1), T.int64(32), T.int64(14), T.int64(14)), "float32"), p2: T.Buffer((T.int64(1), T.int64(32), T.int64(14), T.int64(14)), "float32"), p3: T.Buffer((T.int64(1), T.int64(32), T.int64(14), T.int64(14)), "float32"), p4: T.Buffer((T.int64(1), T.int64(32), T.int64(14), T.int64(14)), "float32"), p5: T.Buffer((T.int64(1), T.int64(32), T.int64(14), T.int64(14)), "float32"), p6: T.Buffer((T.int64(1), T.int64(32), T.int64(14), T.int64(14)), "float32"), p7: T.Buffer((T.int64(1), T.int64(32), T.int64(14), T.int64(14)), "float32"), p8: T.Buffer((T.int64(1), T.int64(32), T.int64(14), T.int64(14)), "float32"), p9: T.Buffer((T.int64(1), T.int64(32), T.int64(14), T.int64(14)), "float32"), p10: T.Buffer((T.int64(1), T.int64(32), T.int64(14), T.int64(14)), "float32"), p11: T.Buffer((T.int64(1), T.int64(32), T.int64(14), T.int64(14)), "float32"), p12: T.Buffer((T.int64(1), T.int64(32), T.int64(14), T.int64(14)), "float32"), p13: T.Buffer((T.int64(1), T.int64(32), T.int64(14), T.int64(14)), "float32"), p14: T.Buffer((T.int64(1), T.int64(32), T.int64(14), T.int64(14)), "float32"), p15: T.Buffer((T.int64(1), T.int64(32), T.int64(14), T.int64(14)), "float32"), p16: T.Buffer((T.int64(1), T.int64(32), T.int64(14), T.int64(14)), "float32"), p17: T.Buffer((T.int64(1), T.int64(32), T.int64(14), T.int64(14)), "float32"), p18: T.Buffer((T.int64(1), T.int64(32), T.int64(14), T.int64(14)), "float32"), p19: T.Buffer((T.int64(1), T.int64(32), T.int64(14), T.int64(14)), "float32"), p20: T.Buffer((T.int64(1), T.int64(32), T.int64(14), T.int64(14)), "float32"), p21: T.Buffer((T.int64(1), T.int64(32), T.int64(14), T.int64(14)), "float32"), p22: T.Buffer((T.int64(1), T.int64(928), T.int64(1), T.int64(1)), "float32"), p23: T.Buffer((T.int64(1), T.int64(928), T.int64(1), T.int64(1)), "float32"), T_relu: T.Buffer((T.int64(1), T.int64(928), T.int64(14), T.int64(14)), "float32")):
        T.func_attr({"tir.noalias": T.bool(True)})
        # with T.block("root"):
        for ax0_ax1_ax2_ax3_fused_0 in T.thread_binding(T.int64(711), thread="blockIdx.x"):
            for ax0_ax1_ax2_ax3_fused_1 in T.thread_binding(T.int64(256), thread="threadIdx.x"):
                with T.block("T_concat"):
                    v_ax0 = T.axis.spatial(T.int64(1), T.int64(0))
                    v_ax1 = T.axis.spatial(T.int64(928), (ax0_ax1_ax2_ax3_fused_0 * T.int64(256) + ax0_ax1_ax2_ax3_fused_1) // T.int64(196))
                    v_ax2 = T.axis.spatial(T.int64(14), (ax0_ax1_ax2_ax3_fused_0 * T.int64(256) + ax0_ax1_ax2_ax3_fused_1) % T.int64(196) // T.int64(14))
                    v_ax3 = T.axis.spatial(T.int64(14), (ax0_ax1_ax2_ax3_fused_0 * T.int64(256) + ax0_ax1_ax2_ax3_fused_1) % T.int64(14))
                    T.where(ax0_ax1_ax2_ax3_fused_0 * T.int64(256) + ax0_ax1_ax2_ax3_fused_1 < T.int64(181888))
                    T.reads(p21[v_ax0, v_ax1 - T.int64(896), v_ax2, v_ax3], p20[v_ax0, v_ax1 - T.int64(864), v_ax2, v_ax3], p19[v_ax0, v_ax1 - T.int64(832), v_ax2, v_ax3], p18[v_ax0, v_ax1 - T.int64(800), v_ax2, v_ax3], p17[v_ax0, v_ax1 - T.int64(768), v_ax2, v_ax3], p16[v_ax0, v_ax1 - T.int64(736), v_ax2, v_ax3], p15[v_ax0, v_ax1 - T.int64(704), v_ax2, v_ax3], p14[v_ax0, v_ax1 - T.int64(672), v_ax2, v_ax3], p13[v_ax0, v_ax1 - T.int64(640), v_ax2, v_ax3], p12[v_ax0, v_ax1 - T.int64(608), v_ax2, v_ax3], p11[v_ax0, v_ax1 - T.int64(576), v_ax2, v_ax3], p10[v_ax0, v_ax1 - T.int64(544), v_ax2, v_ax3], p9[v_ax0, v_ax1 - T.int64(512), v_ax2, v_ax3], p8[v_ax0, v_ax1 - T.int64(480), v_ax2, v_ax3], p7[v_ax0, v_ax1 - T.int64(448), v_ax2, v_ax3], p6[v_ax0, v_ax1 - T.int64(416), v_ax2, v_ax3], p5[v_ax0, v_ax1 - T.int64(384), v_ax2, v_ax3], p4[v_ax0, v_ax1 - T.int64(352), v_ax2, v_ax3], p3[v_ax0, v_ax1 - T.int64(320), v_ax2, v_ax3], p2[v_ax0, v_ax1 - T.int64(288), v_ax2, v_ax3], p1[v_ax0, v_ax1 - T.int64(256), v_ax2, v_ax3], p0[v_ax0, v_ax1, v_ax2, v_ax3], p22[v_ax0, v_ax1, T.int64(0), T.int64(0)], p23[v_ax0, v_ax1, T.int64(0), T.int64(0)])
                    T.writes(T_relu[v_ax0, v_ax1, v_ax2, v_ax3])
                    T_relu[v_ax0, v_ax1, v_ax2, v_ax3] = T.max(T.if_then_else(T.int64(896) <= v_ax1, p21[v_ax0, v_ax1 - T.int64(896), v_ax2, v_ax3], T.if_then_else(T.int64(864) <= v_ax1, p20[v_ax0, v_ax1 - T.int64(864), v_ax2, v_ax3], T.if_then_else(T.int64(832) <= v_ax1, p19[v_ax0, v_ax1 - T.int64(832), v_ax2, v_ax3], T.if_then_else(T.int64(800) <= v_ax1, p18[v_ax0, v_ax1 - T.int64(800), v_ax2, v_ax3], T.if_then_else(T.int64(768) <= v_ax1, p17[v_ax0, v_ax1 - T.int64(768), v_ax2, v_ax3], T.if_then_else(T.int64(736) <= v_ax1, p16[v_ax0, v_ax1 - T.int64(736), v_ax2, v_ax3], T.if_then_else(T.int64(704) <= v_ax1, p15[v_ax0, v_ax1 - T.int64(704), v_ax2, v_ax3], T.if_then_else(T.int64(672) <= v_ax1, p14[v_ax0, v_ax1 - T.int64(672), v_ax2, v_ax3], T.if_then_else(T.int64(640) <= v_ax1, p13[v_ax0, v_ax1 - T.int64(640), v_ax2, v_ax3], T.if_then_else(T.int64(608) <= v_ax1, p12[v_ax0, v_ax1 - T.int64(608), v_ax2, v_ax3], T.if_then_else(T.int64(576) <= v_ax1, p11[v_ax0, v_ax1 - T.int64(576), v_ax2, v_ax3], T.if_then_else(T.int64(544) <= v_ax1, p10[v_ax0, v_ax1 - T.int64(544), v_ax2, v_ax3], T.if_then_else(T.int64(512) <= v_ax1, p9[v_ax0, v_ax1 - T.int64(512), v_ax2, v_ax3], T.if_then_else(T.int64(480) <= v_ax1, p8[v_ax0, v_ax1 - T.int64(480), v_ax2, v_ax3], T.if_then_else(T.int64(448) <= v_ax1, p7[v_ax0, v_ax1 - T.int64(448), v_ax2, v_ax3], T.if_then_else(T.int64(416) <= v_ax1, p6[v_ax0, v_ax1 - T.int64(416), v_ax2, v_ax3], T.if_then_else(T.int64(384) <= v_ax1, p5[v_ax0, v_ax1 - T.int64(384), v_ax2, v_ax3], T.if_then_else(T.int64(352) <= v_ax1, p4[v_ax0, v_ax1 - T.int64(352), v_ax2, v_ax3], T.if_then_else(T.int64(320) <= v_ax1, p3[v_ax0, v_ax1 - T.int64(320), v_ax2, v_ax3], T.if_then_else(T.int64(288) <= v_ax1, p2[v_ax0, v_ax1 - T.int64(288), v_ax2, v_ax3], T.if_then_else(T.int64(256) <= v_ax1, p1[v_ax0, v_ax1 - T.int64(256), v_ax2, v_ax3], p0[v_ax0, v_ax1, v_ax2, v_ax3]))))))))))))))))))))) * p22[v_ax0, v_ax1, T.int64(0), T.int64(0)] + p23[v_ax0, v_ax1, T.int64(0), T.int64(0)], T.float32(0))
b0 = sch.get_block(name="T_concat", func_name="main")
b1 = sch.get_block(name="T_multiply", func_name="main")
b2 = sch.get_block(name="T_add", func_name="main")
b3 = sch.get_block(name="T_relu", func_name="main")
sch.reverse_compute_inline(block=b3)
sch.reverse_compute_inline(block=b2)
sch.reverse_compute_inline(block=b1)
l4, l5, l6, l7 = sch.get_loops(block=b0)
l8 = sch.fuse(l4, l5, l6, l7, preserve_unit_iters=True)
v9 = sch.sample_categorical(candidates=[32, 64, 128, 256, 512, 1024], probs=[0.16666666666666666, 0.16666666666666666, 0.16666666666666666, 0.16666666666666666, 0.16666666666666666, 0.16666666666666666], decision=3)
l10, l11 = sch.split(loop=l8, factors=[None, v9], preserve_unit_iters=True)
sch.bind(loop=l10, thread_axis="blockIdx.x")
sch.bind(loop=l11, thread_axis="threadIdx.x")
sch.enter_postproc()
2024-05-01 15:05:43 [INFO] [task_scheduler.cc:160] Initializing Task #117: "fused_concatenate_multiply_add_nn_relu_58"
2024-05-01 15:05:43 [INFO] [task_scheduler.cc:35] 
# from tvm.script import ir as I
# from tvm.script import tir as T

@I.ir_module
class Module:
    @T.prim_func
    def main(p0: T.Buffer((T.int64(1), T.int64(256), T.int64(14), T.int64(14)), "float32"), p1: T.Buffer((T.int64(1), T.int64(32), T.int64(14), T.int64(14)), "float32"), p2: T.Buffer((T.int64(1), T.int64(32), T.int64(14), T.int64(14)), "float32"), p3: T.Buffer((T.int64(1), T.int64(32), T.int64(14), T.int64(14)), "float32"), p4: T.Buffer((T.int64(1), T.int64(32), T.int64(14), T.int64(14)), "float32"), p5: T.Buffer((T.int64(1), T.int64(32), T.int64(14), T.int64(14)), "float32"), p6: T.Buffer((T.int64(1), T.int64(32), T.int64(14), T.int64(14)), "float32"), p7: T.Buffer((T.int64(1), T.int64(32), T.int64(14), T.int64(14)), "float32"), p8: T.Buffer((T.int64(1), T.int64(32), T.int64(14), T.int64(14)), "float32"), p9: T.Buffer((T.int64(1), T.int64(32), T.int64(14), T.int64(14)), "float32"), p10: T.Buffer((T.int64(1), T.int64(32), T.int64(14), T.int64(14)), "float32"), p11: T.Buffer((T.int64(1), T.int64(32), T.int64(14), T.int64(14)), "float32"), p12: T.Buffer((T.int64(1), T.int64(32), T.int64(14), T.int64(14)), "float32"), p13: T.Buffer((T.int64(1), T.int64(32), T.int64(14), T.int64(14)), "float32"), p14: T.Buffer((T.int64(1), T.int64(32), T.int64(14), T.int64(14)), "float32"), p15: T.Buffer((T.int64(1), T.int64(32), T.int64(14), T.int64(14)), "float32"), p16: T.Buffer((T.int64(1), T.int64(32), T.int64(14), T.int64(14)), "float32"), p17: T.Buffer((T.int64(1), T.int64(32), T.int64(14), T.int64(14)), "float32"), p18: T.Buffer((T.int64(1), T.int64(32), T.int64(14), T.int64(14)), "float32"), p19: T.Buffer((T.int64(1), T.int64(32), T.int64(14), T.int64(14)), "float32"), p20: T.Buffer((T.int64(1), T.int64(32), T.int64(14), T.int64(14)), "float32"), p21: T.Buffer((T.int64(1), T.int64(32), T.int64(14), T.int64(14)), "float32"), p22: T.Buffer((T.int64(1), T.int64(928), T.int64(1), T.int64(1)), "float32"), p23: T.Buffer((T.int64(1), T.int64(928), T.int64(1), T.int64(1)), "float32"), T_relu: T.Buffer((T.int64(1), T.int64(928), T.int64(14), T.int64(14)), "float32")):
        T.func_attr({"tir.noalias": T.bool(True)})
        # with T.block("root"):
        T_concat = T.alloc_buffer((T.int64(1), T.int64(928), T.int64(14), T.int64(14)))
        T_multiply = T.alloc_buffer((T.int64(1), T.int64(928), T.int64(14), T.int64(14)))
        T_add = T.alloc_buffer((T.int64(1), T.int64(928), T.int64(14), T.int64(14)))
        for ax0, ax1, ax2, ax3 in T.grid(T.int64(1), T.int64(928), T.int64(14), T.int64(14)):
            with T.block("T_concat"):
                v_ax0, v_ax1, v_ax2, v_ax3 = T.axis.remap("SSSS", [ax0, ax1, ax2, ax3])
                T.reads(p21[v_ax0, v_ax1 - T.int64(896), v_ax2, v_ax3], p20[v_ax0, v_ax1 - T.int64(864), v_ax2, v_ax3], p19[v_ax0, v_ax1 - T.int64(832), v_ax2, v_ax3], p18[v_ax0, v_ax1 - T.int64(800), v_ax2, v_ax3], p17[v_ax0, v_ax1 - T.int64(768), v_ax2, v_ax3], p16[v_ax0, v_ax1 - T.int64(736), v_ax2, v_ax3], p15[v_ax0, v_ax1 - T.int64(704), v_ax2, v_ax3], p14[v_ax0, v_ax1 - T.int64(672), v_ax2, v_ax3], p13[v_ax0, v_ax1 - T.int64(640), v_ax2, v_ax3], p12[v_ax0, v_ax1 - T.int64(608), v_ax2, v_ax3], p11[v_ax0, v_ax1 - T.int64(576), v_ax2, v_ax3], p10[v_ax0, v_ax1 - T.int64(544), v_ax2, v_ax3], p9[v_ax0, v_ax1 - T.int64(512), v_ax2, v_ax3], p8[v_ax0, v_ax1 - T.int64(480), v_ax2, v_ax3], p7[v_ax0, v_ax1 - T.int64(448), v_ax2, v_ax3], p6[v_ax0, v_ax1 - T.int64(416), v_ax2, v_ax3], p5[v_ax0, v_ax1 - T.int64(384), v_ax2, v_ax3], p4[v_ax0, v_ax1 - T.int64(352), v_ax2, v_ax3], p3[v_ax0, v_ax1 - T.int64(320), v_ax2, v_ax3], p2[v_ax0, v_ax1 - T.int64(288), v_ax2, v_ax3], p1[v_ax0, v_ax1 - T.int64(256), v_ax2, v_ax3], p0[v_ax0, v_ax1, v_ax2, v_ax3])
                T.writes(T_concat[v_ax0, v_ax1, v_ax2, v_ax3])
                T_concat[v_ax0, v_ax1, v_ax2, v_ax3] = T.if_then_else(T.int64(896) <= v_ax1, p21[v_ax0, v_ax1 - T.int64(896), v_ax2, v_ax3], T.if_then_else(T.int64(864) <= v_ax1, p20[v_ax0, v_ax1 - T.int64(864), v_ax2, v_ax3], T.if_then_else(T.int64(832) <= v_ax1, p19[v_ax0, v_ax1 - T.int64(832), v_ax2, v_ax3], T.if_then_else(T.int64(800) <= v_ax1, p18[v_ax0, v_ax1 - T.int64(800), v_ax2, v_ax3], T.if_then_else(T.int64(768) <= v_ax1, p17[v_ax0, v_ax1 - T.int64(768), v_ax2, v_ax3], T.if_then_else(T.int64(736) <= v_ax1, p16[v_ax0, v_ax1 - T.int64(736), v_ax2, v_ax3], T.if_then_else(T.int64(704) <= v_ax1, p15[v_ax0, v_ax1 - T.int64(704), v_ax2, v_ax3], T.if_then_else(T.int64(672) <= v_ax1, p14[v_ax0, v_ax1 - T.int64(672), v_ax2, v_ax3], T.if_then_else(T.int64(640) <= v_ax1, p13[v_ax0, v_ax1 - T.int64(640), v_ax2, v_ax3], T.if_then_else(T.int64(608) <= v_ax1, p12[v_ax0, v_ax1 - T.int64(608), v_ax2, v_ax3], T.if_then_else(T.int64(576) <= v_ax1, p11[v_ax0, v_ax1 - T.int64(576), v_ax2, v_ax3], T.if_then_else(T.int64(544) <= v_ax1, p10[v_ax0, v_ax1 - T.int64(544), v_ax2, v_ax3], T.if_then_else(T.int64(512) <= v_ax1, p9[v_ax0, v_ax1 - T.int64(512), v_ax2, v_ax3], T.if_then_else(T.int64(480) <= v_ax1, p8[v_ax0, v_ax1 - T.int64(480), v_ax2, v_ax3], T.if_then_else(T.int64(448) <= v_ax1, p7[v_ax0, v_ax1 - T.int64(448), v_ax2, v_ax3], T.if_then_else(T.int64(416) <= v_ax1, p6[v_ax0, v_ax1 - T.int64(416), v_ax2, v_ax3], T.if_then_else(T.int64(384) <= v_ax1, p5[v_ax0, v_ax1 - T.int64(384), v_ax2, v_ax3], T.if_then_else(T.int64(352) <= v_ax1, p4[v_ax0, v_ax1 - T.int64(352), v_ax2, v_ax3], T.if_then_else(T.int64(320) <= v_ax1, p3[v_ax0, v_ax1 - T.int64(320), v_ax2, v_ax3], T.if_then_else(T.int64(288) <= v_ax1, p2[v_ax0, v_ax1 - T.int64(288), v_ax2, v_ax3], T.if_then_else(T.int64(256) <= v_ax1, p1[v_ax0, v_ax1 - T.int64(256), v_ax2, v_ax3], p0[v_ax0, v_ax1, v_ax2, v_ax3])))))))))))))))))))))
        for ax0, ax1, ax2, ax3 in T.grid(T.int64(1), T.int64(928), T.int64(14), T.int64(14)):
            with T.block("T_multiply"):
                v_ax0, v_ax1, v_ax2, v_ax3 = T.axis.remap("SSSS", [ax0, ax1, ax2, ax3])
                T.reads(T_concat[v_ax0, v_ax1, v_ax2, v_ax3], p22[v_ax0, v_ax1, T.int64(0), T.int64(0)])
                T.writes(T_multiply[v_ax0, v_ax1, v_ax2, v_ax3])
                T_multiply[v_ax0, v_ax1, v_ax2, v_ax3] = T_concat[v_ax0, v_ax1, v_ax2, v_ax3] * p22[v_ax0, v_ax1, T.int64(0), T.int64(0)]
        for ax0, ax1, ax2, ax3 in T.grid(T.int64(1), T.int64(928), T.int64(14), T.int64(14)):
            with T.block("T_add"):
                v_ax0, v_ax1, v_ax2, v_ax3 = T.axis.remap("SSSS", [ax0, ax1, ax2, ax3])
                T.reads(T_multiply[v_ax0, v_ax1, v_ax2, v_ax3], p23[v_ax0, v_ax1, T.int64(0), T.int64(0)])
                T.writes(T_add[v_ax0, v_ax1, v_ax2, v_ax3])
                T_add[v_ax0, v_ax1, v_ax2, v_ax3] = T_multiply[v_ax0, v_ax1, v_ax2, v_ax3] + p23[v_ax0, v_ax1, T.int64(0), T.int64(0)]
        for ax0, ax1, ax2, ax3 in T.grid(T.int64(1), T.int64(928), T.int64(14), T.int64(14)):
            with T.block("T_relu"):
                v_ax0, v_ax1, v_ax2, v_ax3 = T.axis.remap("SSSS", [ax0, ax1, ax2, ax3])
                T.reads(T_add[v_ax0, v_ax1, v_ax2, v_ax3])
                T.writes(T_relu[v_ax0, v_ax1, v_ax2, v_ax3])
                T_relu[v_ax0, v_ax1, v_ax2, v_ax3] = T.max(T_add[v_ax0, v_ax1, v_ax2, v_ax3], T.float32(0))
2024-05-01 15:05:43 [INFO] [task_scheduler.cc:164] Total 1 design space(s) generated
2024-05-01 15:05:43 [INFO] [task_scheduler.cc:170] Design space #0:
# from tvm.script import ir as I
# from tvm.script import tir as T

@I.ir_module
class Module:
    @T.prim_func
    def main(p0: T.Buffer((T.int64(1), T.int64(256), T.int64(14), T.int64(14)), "float32"), p1: T.Buffer((T.int64(1), T.int64(32), T.int64(14), T.int64(14)), "float32"), p2: T.Buffer((T.int64(1), T.int64(32), T.int64(14), T.int64(14)), "float32"), p3: T.Buffer((T.int64(1), T.int64(32), T.int64(14), T.int64(14)), "float32"), p4: T.Buffer((T.int64(1), T.int64(32), T.int64(14), T.int64(14)), "float32"), p5: T.Buffer((T.int64(1), T.int64(32), T.int64(14), T.int64(14)), "float32"), p6: T.Buffer((T.int64(1), T.int64(32), T.int64(14), T.int64(14)), "float32"), p7: T.Buffer((T.int64(1), T.int64(32), T.int64(14), T.int64(14)), "float32"), p8: T.Buffer((T.int64(1), T.int64(32), T.int64(14), T.int64(14)), "float32"), p9: T.Buffer((T.int64(1), T.int64(32), T.int64(14), T.int64(14)), "float32"), p10: T.Buffer((T.int64(1), T.int64(32), T.int64(14), T.int64(14)), "float32"), p11: T.Buffer((T.int64(1), T.int64(32), T.int64(14), T.int64(14)), "float32"), p12: T.Buffer((T.int64(1), T.int64(32), T.int64(14), T.int64(14)), "float32"), p13: T.Buffer((T.int64(1), T.int64(32), T.int64(14), T.int64(14)), "float32"), p14: T.Buffer((T.int64(1), T.int64(32), T.int64(14), T.int64(14)), "float32"), p15: T.Buffer((T.int64(1), T.int64(32), T.int64(14), T.int64(14)), "float32"), p16: T.Buffer((T.int64(1), T.int64(32), T.int64(14), T.int64(14)), "float32"), p17: T.Buffer((T.int64(1), T.int64(32), T.int64(14), T.int64(14)), "float32"), p18: T.Buffer((T.int64(1), T.int64(32), T.int64(14), T.int64(14)), "float32"), p19: T.Buffer((T.int64(1), T.int64(32), T.int64(14), T.int64(14)), "float32"), p20: T.Buffer((T.int64(1), T.int64(32), T.int64(14), T.int64(14)), "float32"), p21: T.Buffer((T.int64(1), T.int64(32), T.int64(14), T.int64(14)), "float32"), p22: T.Buffer((T.int64(1), T.int64(928), T.int64(1), T.int64(1)), "float32"), p23: T.Buffer((T.int64(1), T.int64(928), T.int64(1), T.int64(1)), "float32"), T_relu: T.Buffer((T.int64(1), T.int64(928), T.int64(14), T.int64(14)), "float32")):
        T.func_attr({"tir.noalias": T.bool(True)})
        # with T.block("root"):
        for ax0_ax1_ax2_ax3_fused_0 in T.thread_binding(T.int64(711), thread="blockIdx.x"):
            for ax0_ax1_ax2_ax3_fused_1 in T.thread_binding(T.int64(256), thread="threadIdx.x"):
                with T.block("T_concat"):
                    v_ax0 = T.axis.spatial(T.int64(1), T.int64(0))
                    v_ax1 = T.axis.spatial(T.int64(928), (ax0_ax1_ax2_ax3_fused_0 * T.int64(256) + ax0_ax1_ax2_ax3_fused_1) // T.int64(196))
                    v_ax2 = T.axis.spatial(T.int64(14), (ax0_ax1_ax2_ax3_fused_0 * T.int64(256) + ax0_ax1_ax2_ax3_fused_1) % T.int64(196) // T.int64(14))
                    v_ax3 = T.axis.spatial(T.int64(14), (ax0_ax1_ax2_ax3_fused_0 * T.int64(256) + ax0_ax1_ax2_ax3_fused_1) % T.int64(14))
                    T.where(ax0_ax1_ax2_ax3_fused_0 * T.int64(256) + ax0_ax1_ax2_ax3_fused_1 < T.int64(181888))
                    T.reads(p21[v_ax0, v_ax1 - T.int64(896), v_ax2, v_ax3], p20[v_ax0, v_ax1 - T.int64(864), v_ax2, v_ax3], p19[v_ax0, v_ax1 - T.int64(832), v_ax2, v_ax3], p18[v_ax0, v_ax1 - T.int64(800), v_ax2, v_ax3], p17[v_ax0, v_ax1 - T.int64(768), v_ax2, v_ax3], p16[v_ax0, v_ax1 - T.int64(736), v_ax2, v_ax3], p15[v_ax0, v_ax1 - T.int64(704), v_ax2, v_ax3], p14[v_ax0, v_ax1 - T.int64(672), v_ax2, v_ax3], p13[v_ax0, v_ax1 - T.int64(640), v_ax2, v_ax3], p12[v_ax0, v_ax1 - T.int64(608), v_ax2, v_ax3], p11[v_ax0, v_ax1 - T.int64(576), v_ax2, v_ax3], p10[v_ax0, v_ax1 - T.int64(544), v_ax2, v_ax3], p9[v_ax0, v_ax1 - T.int64(512), v_ax2, v_ax3], p8[v_ax0, v_ax1 - T.int64(480), v_ax2, v_ax3], p7[v_ax0, v_ax1 - T.int64(448), v_ax2, v_ax3], p6[v_ax0, v_ax1 - T.int64(416), v_ax2, v_ax3], p5[v_ax0, v_ax1 - T.int64(384), v_ax2, v_ax3], p4[v_ax0, v_ax1 - T.int64(352), v_ax2, v_ax3], p3[v_ax0, v_ax1 - T.int64(320), v_ax2, v_ax3], p2[v_ax0, v_ax1 - T.int64(288), v_ax2, v_ax3], p1[v_ax0, v_ax1 - T.int64(256), v_ax2, v_ax3], p0[v_ax0, v_ax1, v_ax2, v_ax3], p22[v_ax0, v_ax1, T.int64(0), T.int64(0)], p23[v_ax0, v_ax1, T.int64(0), T.int64(0)])
                    T.writes(T_relu[v_ax0, v_ax1, v_ax2, v_ax3])
                    T_relu[v_ax0, v_ax1, v_ax2, v_ax3] = T.max(T.if_then_else(T.int64(896) <= v_ax1, p21[v_ax0, v_ax1 - T.int64(896), v_ax2, v_ax3], T.if_then_else(T.int64(864) <= v_ax1, p20[v_ax0, v_ax1 - T.int64(864), v_ax2, v_ax3], T.if_then_else(T.int64(832) <= v_ax1, p19[v_ax0, v_ax1 - T.int64(832), v_ax2, v_ax3], T.if_then_else(T.int64(800) <= v_ax1, p18[v_ax0, v_ax1 - T.int64(800), v_ax2, v_ax3], T.if_then_else(T.int64(768) <= v_ax1, p17[v_ax0, v_ax1 - T.int64(768), v_ax2, v_ax3], T.if_then_else(T.int64(736) <= v_ax1, p16[v_ax0, v_ax1 - T.int64(736), v_ax2, v_ax3], T.if_then_else(T.int64(704) <= v_ax1, p15[v_ax0, v_ax1 - T.int64(704), v_ax2, v_ax3], T.if_then_else(T.int64(672) <= v_ax1, p14[v_ax0, v_ax1 - T.int64(672), v_ax2, v_ax3], T.if_then_else(T.int64(640) <= v_ax1, p13[v_ax0, v_ax1 - T.int64(640), v_ax2, v_ax3], T.if_then_else(T.int64(608) <= v_ax1, p12[v_ax0, v_ax1 - T.int64(608), v_ax2, v_ax3], T.if_then_else(T.int64(576) <= v_ax1, p11[v_ax0, v_ax1 - T.int64(576), v_ax2, v_ax3], T.if_then_else(T.int64(544) <= v_ax1, p10[v_ax0, v_ax1 - T.int64(544), v_ax2, v_ax3], T.if_then_else(T.int64(512) <= v_ax1, p9[v_ax0, v_ax1 - T.int64(512), v_ax2, v_ax3], T.if_then_else(T.int64(480) <= v_ax1, p8[v_ax0, v_ax1 - T.int64(480), v_ax2, v_ax3], T.if_then_else(T.int64(448) <= v_ax1, p7[v_ax0, v_ax1 - T.int64(448), v_ax2, v_ax3], T.if_then_else(T.int64(416) <= v_ax1, p6[v_ax0, v_ax1 - T.int64(416), v_ax2, v_ax3], T.if_then_else(T.int64(384) <= v_ax1, p5[v_ax0, v_ax1 - T.int64(384), v_ax2, v_ax3], T.if_then_else(T.int64(352) <= v_ax1, p4[v_ax0, v_ax1 - T.int64(352), v_ax2, v_ax3], T.if_then_else(T.int64(320) <= v_ax1, p3[v_ax0, v_ax1 - T.int64(320), v_ax2, v_ax3], T.if_then_else(T.int64(288) <= v_ax1, p2[v_ax0, v_ax1 - T.int64(288), v_ax2, v_ax3], T.if_then_else(T.int64(256) <= v_ax1, p1[v_ax0, v_ax1 - T.int64(256), v_ax2, v_ax3], p0[v_ax0, v_ax1, v_ax2, v_ax3]))))))))))))))))))))) * p22[v_ax0, v_ax1, T.int64(0), T.int64(0)] + p23[v_ax0, v_ax1, T.int64(0), T.int64(0)], T.float32(0))
b0 = sch.get_block(name="T_concat", func_name="main")
b1 = sch.get_block(name="T_multiply", func_name="main")
b2 = sch.get_block(name="T_add", func_name="main")
b3 = sch.get_block(name="T_relu", func_name="main")
sch.reverse_compute_inline(block=b3)
sch.reverse_compute_inline(block=b2)
sch.reverse_compute_inline(block=b1)
l4, l5, l6, l7 = sch.get_loops(block=b0)
l8 = sch.fuse(l4, l5, l6, l7, preserve_unit_iters=True)
v9 = sch.sample_categorical(candidates=[32, 64, 128, 256, 512, 1024], probs=[0.16666666666666666, 0.16666666666666666, 0.16666666666666666, 0.16666666666666666, 0.16666666666666666, 0.16666666666666666], decision=3)
l10, l11 = sch.split(loop=l8, factors=[None, v9], preserve_unit_iters=True)
sch.bind(loop=l10, thread_axis="blockIdx.x")
sch.bind(loop=l11, thread_axis="threadIdx.x")
2024-05-01 16:54:35 [INFO] [evolutionary_search.cc:713] Generating candidates......
2024-05-01 16:54:35 [INFO] [evolutionary_search.cc:715] Picked top 0 candidate(s) from database
2024-05-01 16:54:41 [INFO] [evolutionary_search.cc:533] Sample-Init-Population summary:
Postproc #0 [meta_schedule.DisallowDynamicLoop(0x12ca1f18)]: 0 failure(s)
Postproc #1 [meta_schedule.RewriteCooperativeFetch(0x12f29948)]: 0 failure(s)
Postproc #2 [meta_schedule.RewriteUnboundBlock(0xea93b68)]: 0 failure(s)
Postproc #3 [meta_schedule.RewriteParallelVectorizeUnroll(0x93914e8)]: 0 failure(s)
Postproc #4 [meta_schedule.RewriteReductionBlock(0x5f83338)]: 0 failure(s)
Postproc #5 [meta_schedule.VerifyGPUCode(0xd877d58)]: 0 failure(s)
Postproc #6 [meta_schedule.RewriteTensorize(0x150867a8)]: 0 failure(s)
2024-05-01 16:54:41 [INFO] [evolutionary_search.cc:723] Sampled 512 candidate(s)
2024-05-01 16:54:42 [INFO] [evolutionary_search.cc:621] Evolve iter #0 done. Summary:
Postproc #0 [meta_schedule.DisallowDynamicLoop(0x12ca1f18)]: 0 failure(s)
Postproc #1 [meta_schedule.RewriteCooperativeFetch(0x12f29948)]: 0 failure(s)
Postproc #2 [meta_schedule.RewriteUnboundBlock(0xea93b68)]: 0 failure(s)
Postproc #3 [meta_schedule.RewriteParallelVectorizeUnroll(0x93914e8)]: 0 failure(s)
Postproc #4 [meta_schedule.RewriteReductionBlock(0x5f83338)]: 0 failure(s)
Postproc #5 [meta_schedule.VerifyGPUCode(0xd877d58)]: 0 failure(s)
Postproc #6 [meta_schedule.RewriteTensorize(0x150867a8)]: 0 failure(s)
2024-05-01 16:54:43 [INFO] [evolutionary_search.cc:621] Evolve iter #1 done. Summary:
Postproc #0 [meta_schedule.DisallowDynamicLoop(0x12ca1f18)]: 0 failure(s)
Postproc #1 [meta_schedule.RewriteCooperativeFetch(0x12f29948)]: 0 failure(s)
Postproc #2 [meta_schedule.RewriteUnboundBlock(0xea93b68)]: 0 failure(s)
Postproc #3 [meta_schedule.RewriteParallelVectorizeUnroll(0x93914e8)]: 0 failure(s)
Postproc #4 [meta_schedule.RewriteReductionBlock(0x5f83338)]: 0 failure(s)
Postproc #5 [meta_schedule.VerifyGPUCode(0xd877d58)]: 0 failure(s)
Postproc #6 [meta_schedule.RewriteTensorize(0x150867a8)]: 0 failure(s)
2024-05-01 16:54:44 [INFO] [evolutionary_search.cc:621] Evolve iter #2 done. Summary:
Postproc #0 [meta_schedule.DisallowDynamicLoop(0x12ca1f18)]: 0 failure(s)
Postproc #1 [meta_schedule.RewriteCooperativeFetch(0x12f29948)]: 0 failure(s)
Postproc #2 [meta_schedule.RewriteUnboundBlock(0xea93b68)]: 0 failure(s)
Postproc #3 [meta_schedule.RewriteParallelVectorizeUnroll(0x93914e8)]: 0 failure(s)
Postproc #4 [meta_schedule.RewriteReductionBlock(0x5f83338)]: 0 failure(s)
Postproc #5 [meta_schedule.VerifyGPUCode(0xd877d58)]: 0 failure(s)
Postproc #6 [meta_schedule.RewriteTensorize(0x150867a8)]: 0 failure(s)
2024-05-01 16:54:44 [INFO] [evolutionary_search.cc:621] Evolve iter #3 done. Summary:
Postproc #0 [meta_schedule.DisallowDynamicLoop(0x12ca1f18)]: 0 failure(s)
Postproc #1 [meta_schedule.RewriteCooperativeFetch(0x12f29948)]: 0 failure(s)
Postproc #2 [meta_schedule.RewriteUnboundBlock(0xea93b68)]: 0 failure(s)
Postproc #3 [meta_schedule.RewriteParallelVectorizeUnroll(0x93914e8)]: 0 failure(s)
Postproc #4 [meta_schedule.RewriteReductionBlock(0x5f83338)]: 0 failure(s)
Postproc #5 [meta_schedule.VerifyGPUCode(0xd877d58)]: 0 failure(s)
Postproc #6 [meta_schedule.RewriteTensorize(0x150867a8)]: 0 failure(s)
2024-05-01 16:54:45 [INFO] [evolutionary_search.cc:649] Scores of the best 6 candidates:
[1 : 6]:	0.7848  0.6048  0.5833  0.5624  0.4810  0.1109
2024-05-01 16:54:45 [INFO] [evolutionary_search.cc:727] Got 6 candidate(s) with evolutionary search
2024-05-01 16:54:45 [INFO] [evolutionary_search.cc:730] Sending 6 candidates(s) for measurement
2024-05-01 18:35:51 [INFO] [task_scheduler.cc:131] [Task #117: fused_concatenate_multiply_add_nn_relu_58] Trial #1: GFLOPs: 110.0788. Time: 4.9570 us. Best GFLOPs: 110.0788
2024-05-01 18:35:51 [INFO] [task_scheduler.cc:131] [Task #117: fused_concatenate_multiply_add_nn_relu_58] Trial #2: GFLOPs: 75.0851. Time: 7.2673 us. Best GFLOPs: 110.0788
2024-05-01 18:35:51 [INFO] [task_scheduler.cc:131] [Task #117: fused_concatenate_multiply_add_nn_relu_58] Trial #3: GFLOPs: 148.5765. Time: 3.6726 us. Best GFLOPs: 148.5765
2024-05-01 18:35:51 [INFO] [task_scheduler.cc:131] [Task #117: fused_concatenate_multiply_add_nn_relu_58] Trial #4: GFLOPs: 148.5736. Time: 3.6727 us. Best GFLOPs: 148.5765
2024-05-01 18:35:51 [INFO] [task_scheduler.cc:131] [Task #117: fused_concatenate_multiply_add_nn_relu_58] Trial #5: GFLOPs: 128.1655. Time: 4.2575 us. Best GFLOPs: 148.5765
2024-05-01 18:35:51 [INFO] [task_scheduler.cc:131] [Task #117: fused_concatenate_multiply_add_nn_relu_58] Trial #6: GFLOPs: 136.6585. Time: 3.9929 us. Best GFLOPs: 148.5765
