2024-04-29 16:32:29 [INFO] [task_scheduler.cc:160] Initializing Task #187: "fused_concatenate_multiply_add_nn_relu_88"
2024-04-29 16:32:29 [INFO] [task_scheduler.cc:35] 
# from tvm.script import ir as I
# from tvm.script import tir as T

@I.ir_module
class Module:
    @T.prim_func
    def main(p0: T.Buffer((T.int64(1), T.int64(64), T.int64(56), T.int64(56)), "float32"), p1: T.Buffer((T.int64(1), T.int64(32), T.int64(56), T.int64(56)), "float32"), p2: T.Buffer((T.int64(1), T.int64(32), T.int64(56), T.int64(56)), "float32"), p3: T.Buffer((T.int64(1), T.int64(32), T.int64(56), T.int64(56)), "float32"), p4: T.Buffer((T.int64(1), T.int64(32), T.int64(56), T.int64(56)), "float32"), p5: T.Buffer((T.int64(1), T.int64(32), T.int64(56), T.int64(56)), "float32"), p6: T.Buffer((T.int64(1), T.int64(224), T.int64(1), T.int64(1)), "float32"), p7: T.Buffer((T.int64(1), T.int64(224), T.int64(1), T.int64(1)), "float32"), T_relu: T.Buffer((T.int64(1), T.int64(224), T.int64(56), T.int64(56)), "float32")):
        T.func_attr({"tir.noalias": T.bool(True)})
        # with T.block("root"):
        T_concat = T.alloc_buffer((T.int64(1), T.int64(224), T.int64(56), T.int64(56)))
        T_multiply = T.alloc_buffer((T.int64(1), T.int64(224), T.int64(56), T.int64(56)))
        T_add = T.alloc_buffer((T.int64(1), T.int64(224), T.int64(56), T.int64(56)))
        for ax0, ax1, ax2, ax3 in T.grid(T.int64(1), T.int64(224), T.int64(56), T.int64(56)):
            with T.block("T_concat"):
                v_ax0, v_ax1, v_ax2, v_ax3 = T.axis.remap("SSSS", [ax0, ax1, ax2, ax3])
                T.reads(p5[v_ax0, v_ax1 - T.int64(192), v_ax2, v_ax3], p4[v_ax0, v_ax1 - T.int64(160), v_ax2, v_ax3], p3[v_ax0, v_ax1 - T.int64(128), v_ax2, v_ax3], p2[v_ax0, v_ax1 - T.int64(96), v_ax2, v_ax3], p1[v_ax0, v_ax1 - T.int64(64), v_ax2, v_ax3], p0[v_ax0, v_ax1, v_ax2, v_ax3])
                T.writes(T_concat[v_ax0, v_ax1, v_ax2, v_ax3])
                T_concat[v_ax0, v_ax1, v_ax2, v_ax3] = T.if_then_else(T.int64(192) <= v_ax1, p5[v_ax0, v_ax1 - T.int64(192), v_ax2, v_ax3], T.if_then_else(T.int64(160) <= v_ax1, p4[v_ax0, v_ax1 - T.int64(160), v_ax2, v_ax3], T.if_then_else(T.int64(128) <= v_ax1, p3[v_ax0, v_ax1 - T.int64(128), v_ax2, v_ax3], T.if_then_else(T.int64(96) <= v_ax1, p2[v_ax0, v_ax1 - T.int64(96), v_ax2, v_ax3], T.if_then_else(T.int64(64) <= v_ax1, p1[v_ax0, v_ax1 - T.int64(64), v_ax2, v_ax3], p0[v_ax0, v_ax1, v_ax2, v_ax3])))))
        for ax0, ax1, ax2, ax3 in T.grid(T.int64(1), T.int64(224), T.int64(56), T.int64(56)):
            with T.block("T_multiply"):
                v_ax0, v_ax1, v_ax2, v_ax3 = T.axis.remap("SSSS", [ax0, ax1, ax2, ax3])
                T.reads(T_concat[v_ax0, v_ax1, v_ax2, v_ax3], p6[v_ax0, v_ax1, T.int64(0), T.int64(0)])
                T.writes(T_multiply[v_ax0, v_ax1, v_ax2, v_ax3])
                T_multiply[v_ax0, v_ax1, v_ax2, v_ax3] = T_concat[v_ax0, v_ax1, v_ax2, v_ax3] * p6[v_ax0, v_ax1, T.int64(0), T.int64(0)]
        for ax0, ax1, ax2, ax3 in T.grid(T.int64(1), T.int64(224), T.int64(56), T.int64(56)):
            with T.block("T_add"):
                v_ax0, v_ax1, v_ax2, v_ax3 = T.axis.remap("SSSS", [ax0, ax1, ax2, ax3])
                T.reads(T_multiply[v_ax0, v_ax1, v_ax2, v_ax3], p7[v_ax0, v_ax1, T.int64(0), T.int64(0)])
                T.writes(T_add[v_ax0, v_ax1, v_ax2, v_ax3])
                T_add[v_ax0, v_ax1, v_ax2, v_ax3] = T_multiply[v_ax0, v_ax1, v_ax2, v_ax3] + p7[v_ax0, v_ax1, T.int64(0), T.int64(0)]
        for ax0, ax1, ax2, ax3 in T.grid(T.int64(1), T.int64(224), T.int64(56), T.int64(56)):
            with T.block("T_relu"):
                v_ax0, v_ax1, v_ax2, v_ax3 = T.axis.remap("SSSS", [ax0, ax1, ax2, ax3])
                T.reads(T_add[v_ax0, v_ax1, v_ax2, v_ax3])
                T.writes(T_relu[v_ax0, v_ax1, v_ax2, v_ax3])
                T_relu[v_ax0, v_ax1, v_ax2, v_ax3] = T.max(T_add[v_ax0, v_ax1, v_ax2, v_ax3], T.float32(0))
2024-04-29 16:32:29 [INFO] [task_scheduler.cc:164] Total 1 design space(s) generated
2024-04-29 16:32:29 [INFO] [task_scheduler.cc:170] Design space #0:
# from tvm.script import ir as I
# from tvm.script import tir as T

@I.ir_module
class Module:
    @T.prim_func
    def main(p0: T.Buffer((T.int64(1), T.int64(64), T.int64(56), T.int64(56)), "float32"), p1: T.Buffer((T.int64(1), T.int64(32), T.int64(56), T.int64(56)), "float32"), p2: T.Buffer((T.int64(1), T.int64(32), T.int64(56), T.int64(56)), "float32"), p3: T.Buffer((T.int64(1), T.int64(32), T.int64(56), T.int64(56)), "float32"), p4: T.Buffer((T.int64(1), T.int64(32), T.int64(56), T.int64(56)), "float32"), p5: T.Buffer((T.int64(1), T.int64(32), T.int64(56), T.int64(56)), "float32"), p6: T.Buffer((T.int64(1), T.int64(224), T.int64(1), T.int64(1)), "float32"), p7: T.Buffer((T.int64(1), T.int64(224), T.int64(1), T.int64(1)), "float32"), T_relu: T.Buffer((T.int64(1), T.int64(224), T.int64(56), T.int64(56)), "float32")):
        T.func_attr({"tir.noalias": T.bool(True)})
        # with T.block("root"):
        for ax0_ax1_ax2_ax3_fused_1 in T.thread_binding(T.int64(256), thread="blockIdx.x"):
            for ax0_ax1_ax2_ax3_fused_2 in T.thread_binding(T.int64(1024), thread="threadIdx.x"):
                for ax0_ax1_ax2_ax3_fused_0 in range(T.int64(3)):
                    with T.block("T_concat"):
                        v_ax0 = T.axis.spatial(T.int64(1), T.int64(0))
                        v_ax1 = T.axis.spatial(T.int64(224), (ax0_ax1_ax2_ax3_fused_0 * T.int64(262144) + ax0_ax1_ax2_ax3_fused_1 * T.int64(1024) + ax0_ax1_ax2_ax3_fused_2) // T.int64(3136))
                        v_ax2 = T.axis.spatial(T.int64(56), (ax0_ax1_ax2_ax3_fused_0 * T.int64(262144) + ax0_ax1_ax2_ax3_fused_1 * T.int64(1024) + ax0_ax1_ax2_ax3_fused_2) % T.int64(3136) // T.int64(56))
                        v_ax3 = T.axis.spatial(T.int64(56), (ax0_ax1_ax2_ax3_fused_0 * T.int64(262144) + ax0_ax1_ax2_ax3_fused_1 * T.int64(1024) + ax0_ax1_ax2_ax3_fused_2) % T.int64(56))
                        T.where((ax0_ax1_ax2_ax3_fused_0 * T.int64(256) + ax0_ax1_ax2_ax3_fused_1) * T.int64(1024) + ax0_ax1_ax2_ax3_fused_2 < T.int64(702464))
                        T.reads(p5[v_ax0, v_ax1 - T.int64(192), v_ax2, v_ax3], p4[v_ax0, v_ax1 - T.int64(160), v_ax2, v_ax3], p3[v_ax0, v_ax1 - T.int64(128), v_ax2, v_ax3], p2[v_ax0, v_ax1 - T.int64(96), v_ax2, v_ax3], p1[v_ax0, v_ax1 - T.int64(64), v_ax2, v_ax3], p0[v_ax0, v_ax1, v_ax2, v_ax3], p6[v_ax0, v_ax1, T.int64(0), T.int64(0)], p7[v_ax0, v_ax1, T.int64(0), T.int64(0)])
                        T.writes(T_relu[v_ax0, v_ax1, v_ax2, v_ax3])
                        T_relu[v_ax0, v_ax1, v_ax2, v_ax3] = T.max(T.if_then_else(T.int64(192) <= v_ax1, p5[v_ax0, v_ax1 - T.int64(192), v_ax2, v_ax3], T.if_then_else(T.int64(160) <= v_ax1, p4[v_ax0, v_ax1 - T.int64(160), v_ax2, v_ax3], T.if_then_else(T.int64(128) <= v_ax1, p3[v_ax0, v_ax1 - T.int64(128), v_ax2, v_ax3], T.if_then_else(T.int64(96) <= v_ax1, p2[v_ax0, v_ax1 - T.int64(96), v_ax2, v_ax3], T.if_then_else(T.int64(64) <= v_ax1, p1[v_ax0, v_ax1 - T.int64(64), v_ax2, v_ax3], p0[v_ax0, v_ax1, v_ax2, v_ax3]))))) * p6[v_ax0, v_ax1, T.int64(0), T.int64(0)] + p7[v_ax0, v_ax1, T.int64(0), T.int64(0)], T.float32(0))
b0 = sch.get_block(name="T_concat", func_name="main")
b1 = sch.get_block(name="T_multiply", func_name="main")
b2 = sch.get_block(name="T_add", func_name="main")
b3 = sch.get_block(name="T_relu", func_name="main")
sch.reverse_compute_inline(block=b3)
sch.reverse_compute_inline(block=b2)
sch.reverse_compute_inline(block=b1)
l4, l5, l6, l7 = sch.get_loops(block=b0)
l8 = sch.fuse(l4, l5, l6, l7, preserve_unit_iters=True)
l9, l10, l11 = sch.split(loop=l8, factors=[None, 256, 1024], preserve_unit_iters=True)
sch.reorder(l10, l11, l9)
sch.bind(loop=l10, thread_axis="blockIdx.x")
sch.bind(loop=l11, thread_axis="threadIdx.x")
2024-04-29 19:37:48 [INFO] [evolutionary_search.cc:713] Generating candidates......
2024-04-29 19:37:48 [INFO] [evolutionary_search.cc:715] Picked top 0 candidate(s) from database
2024-04-29 19:37:52 [INFO] [evolutionary_search.cc:533] Sample-Init-Population summary:
Postproc #0 [meta_schedule.DisallowDynamicLoop(0xd1dc5a8)]: 0 failure(s)
Postproc #1 [meta_schedule.RewriteCooperativeFetch(0x12411708)]: 0 failure(s)
Postproc #2 [meta_schedule.RewriteUnboundBlock(0x15066988)]: 0 failure(s)
Postproc #3 [meta_schedule.RewriteParallelVectorizeUnroll(0x1199a7f8)]: 0 failure(s)
Postproc #4 [meta_schedule.RewriteReductionBlock(0xe8c9de8)]: 0 failure(s)
Postproc #5 [meta_schedule.VerifyGPUCode(0x41263e8)]: 0 failure(s)
Postproc #6 [meta_schedule.RewriteTensorize(0xdfdacc8)]: 0 failure(s)
2024-04-29 19:37:52 [INFO] [evolutionary_search.cc:723] Sampled 512 candidate(s)
2024-04-29 19:37:52 [INFO] [evolutionary_search.cc:621] Evolve iter #0 done. Summary:
Postproc #0 [meta_schedule.DisallowDynamicLoop(0xd1dc5a8)]: 0 failure(s)
Postproc #1 [meta_schedule.RewriteCooperativeFetch(0x12411708)]: 0 failure(s)
Postproc #2 [meta_schedule.RewriteUnboundBlock(0x15066988)]: 0 failure(s)
Postproc #3 [meta_schedule.RewriteParallelVectorizeUnroll(0x1199a7f8)]: 0 failure(s)
Postproc #4 [meta_schedule.RewriteReductionBlock(0xe8c9de8)]: 0 failure(s)
Postproc #5 [meta_schedule.VerifyGPUCode(0x41263e8)]: 0 failure(s)
Postproc #6 [meta_schedule.RewriteTensorize(0xdfdacc8)]: 0 failure(s)
2024-04-29 19:37:52 [INFO] [evolutionary_search.cc:621] Evolve iter #1 done. Summary:
Postproc #0 [meta_schedule.DisallowDynamicLoop(0xd1dc5a8)]: 0 failure(s)
Postproc #1 [meta_schedule.RewriteCooperativeFetch(0x12411708)]: 0 failure(s)
Postproc #2 [meta_schedule.RewriteUnboundBlock(0x15066988)]: 0 failure(s)
Postproc #3 [meta_schedule.RewriteParallelVectorizeUnroll(0x1199a7f8)]: 0 failure(s)
Postproc #4 [meta_schedule.RewriteReductionBlock(0xe8c9de8)]: 0 failure(s)
Postproc #5 [meta_schedule.VerifyGPUCode(0x41263e8)]: 0 failure(s)
Postproc #6 [meta_schedule.RewriteTensorize(0xdfdacc8)]: 0 failure(s)
2024-04-29 19:37:52 [INFO] [evolutionary_search.cc:621] Evolve iter #2 done. Summary:
Postproc #0 [meta_schedule.DisallowDynamicLoop(0xd1dc5a8)]: 0 failure(s)
Postproc #1 [meta_schedule.RewriteCooperativeFetch(0x12411708)]: 0 failure(s)
Postproc #2 [meta_schedule.RewriteUnboundBlock(0x15066988)]: 0 failure(s)
Postproc #3 [meta_schedule.RewriteParallelVectorizeUnroll(0x1199a7f8)]: 0 failure(s)
Postproc #4 [meta_schedule.RewriteReductionBlock(0xe8c9de8)]: 0 failure(s)
Postproc #5 [meta_schedule.VerifyGPUCode(0x41263e8)]: 0 failure(s)
Postproc #6 [meta_schedule.RewriteTensorize(0xdfdacc8)]: 0 failure(s)
2024-04-29 19:37:52 [INFO] [evolutionary_search.cc:621] Evolve iter #3 done. Summary:
Postproc #0 [meta_schedule.DisallowDynamicLoop(0xd1dc5a8)]: 0 failure(s)
Postproc #1 [meta_schedule.RewriteCooperativeFetch(0x12411708)]: 0 failure(s)
Postproc #2 [meta_schedule.RewriteUnboundBlock(0x15066988)]: 0 failure(s)
Postproc #3 [meta_schedule.RewriteParallelVectorizeUnroll(0x1199a7f8)]: 0 failure(s)
Postproc #4 [meta_schedule.RewriteReductionBlock(0xe8c9de8)]: 0 failure(s)
Postproc #5 [meta_schedule.VerifyGPUCode(0x41263e8)]: 0 failure(s)
Postproc #6 [meta_schedule.RewriteTensorize(0xdfdacc8)]: 0 failure(s)
2024-04-29 19:37:52 [INFO] [evolutionary_search.cc:649] Scores of the best 1 candidates:
[1 : 1]:	0.9819
2024-04-29 19:37:52 [INFO] [evolutionary_search.cc:727] Got 1 candidate(s) with evolutionary search
2024-04-29 19:37:52 [INFO] [evolutionary_search.cc:730] Sending 1 candidates(s) for measurement
2024-04-29 20:33:00 [INFO] [task_scheduler.cc:131] [Task #187: fused_concatenate_multiply_add_nn_relu_88] Trial #1: GFLOPs: 407.9519. Time: 5.1658 us. Best GFLOPs: 407.9519
2024-05-01 15:06:09 [INFO] [task_scheduler.cc:160] Initializing Task #187: "fused_concatenate_multiply_add_nn_relu_88"
2024-05-01 15:06:09 [INFO] [task_scheduler.cc:35] 
# from tvm.script import ir as I
# from tvm.script import tir as T

@I.ir_module
class Module:
    @T.prim_func
    def main(p0: T.Buffer((T.int64(1), T.int64(64), T.int64(56), T.int64(56)), "float32"), p1: T.Buffer((T.int64(1), T.int64(32), T.int64(56), T.int64(56)), "float32"), p2: T.Buffer((T.int64(1), T.int64(32), T.int64(56), T.int64(56)), "float32"), p3: T.Buffer((T.int64(1), T.int64(32), T.int64(56), T.int64(56)), "float32"), p4: T.Buffer((T.int64(1), T.int64(32), T.int64(56), T.int64(56)), "float32"), p5: T.Buffer((T.int64(1), T.int64(32), T.int64(56), T.int64(56)), "float32"), p6: T.Buffer((T.int64(1), T.int64(224), T.int64(1), T.int64(1)), "float32"), p7: T.Buffer((T.int64(1), T.int64(224), T.int64(1), T.int64(1)), "float32"), T_relu: T.Buffer((T.int64(1), T.int64(224), T.int64(56), T.int64(56)), "float32")):
        T.func_attr({"tir.noalias": T.bool(True)})
        # with T.block("root"):
        T_concat = T.alloc_buffer((T.int64(1), T.int64(224), T.int64(56), T.int64(56)))
        T_multiply = T.alloc_buffer((T.int64(1), T.int64(224), T.int64(56), T.int64(56)))
        T_add = T.alloc_buffer((T.int64(1), T.int64(224), T.int64(56), T.int64(56)))
        for ax0, ax1, ax2, ax3 in T.grid(T.int64(1), T.int64(224), T.int64(56), T.int64(56)):
            with T.block("T_concat"):
                v_ax0, v_ax1, v_ax2, v_ax3 = T.axis.remap("SSSS", [ax0, ax1, ax2, ax3])
                T.reads(p5[v_ax0, v_ax1 - T.int64(192), v_ax2, v_ax3], p4[v_ax0, v_ax1 - T.int64(160), v_ax2, v_ax3], p3[v_ax0, v_ax1 - T.int64(128), v_ax2, v_ax3], p2[v_ax0, v_ax1 - T.int64(96), v_ax2, v_ax3], p1[v_ax0, v_ax1 - T.int64(64), v_ax2, v_ax3], p0[v_ax0, v_ax1, v_ax2, v_ax3])
                T.writes(T_concat[v_ax0, v_ax1, v_ax2, v_ax3])
                T_concat[v_ax0, v_ax1, v_ax2, v_ax3] = T.if_then_else(T.int64(192) <= v_ax1, p5[v_ax0, v_ax1 - T.int64(192), v_ax2, v_ax3], T.if_then_else(T.int64(160) <= v_ax1, p4[v_ax0, v_ax1 - T.int64(160), v_ax2, v_ax3], T.if_then_else(T.int64(128) <= v_ax1, p3[v_ax0, v_ax1 - T.int64(128), v_ax2, v_ax3], T.if_then_else(T.int64(96) <= v_ax1, p2[v_ax0, v_ax1 - T.int64(96), v_ax2, v_ax3], T.if_then_else(T.int64(64) <= v_ax1, p1[v_ax0, v_ax1 - T.int64(64), v_ax2, v_ax3], p0[v_ax0, v_ax1, v_ax2, v_ax3])))))
        for ax0, ax1, ax2, ax3 in T.grid(T.int64(1), T.int64(224), T.int64(56), T.int64(56)):
            with T.block("T_multiply"):
                v_ax0, v_ax1, v_ax2, v_ax3 = T.axis.remap("SSSS", [ax0, ax1, ax2, ax3])
                T.reads(T_concat[v_ax0, v_ax1, v_ax2, v_ax3], p6[v_ax0, v_ax1, T.int64(0), T.int64(0)])
                T.writes(T_multiply[v_ax0, v_ax1, v_ax2, v_ax3])
                T_multiply[v_ax0, v_ax1, v_ax2, v_ax3] = T_concat[v_ax0, v_ax1, v_ax2, v_ax3] * p6[v_ax0, v_ax1, T.int64(0), T.int64(0)]
        for ax0, ax1, ax2, ax3 in T.grid(T.int64(1), T.int64(224), T.int64(56), T.int64(56)):
            with T.block("T_add"):
                v_ax0, v_ax1, v_ax2, v_ax3 = T.axis.remap("SSSS", [ax0, ax1, ax2, ax3])
                T.reads(T_multiply[v_ax0, v_ax1, v_ax2, v_ax3], p7[v_ax0, v_ax1, T.int64(0), T.int64(0)])
                T.writes(T_add[v_ax0, v_ax1, v_ax2, v_ax3])
                T_add[v_ax0, v_ax1, v_ax2, v_ax3] = T_multiply[v_ax0, v_ax1, v_ax2, v_ax3] + p7[v_ax0, v_ax1, T.int64(0), T.int64(0)]
        for ax0, ax1, ax2, ax3 in T.grid(T.int64(1), T.int64(224), T.int64(56), T.int64(56)):
            with T.block("T_relu"):
                v_ax0, v_ax1, v_ax2, v_ax3 = T.axis.remap("SSSS", [ax0, ax1, ax2, ax3])
                T.reads(T_add[v_ax0, v_ax1, v_ax2, v_ax3])
                T.writes(T_relu[v_ax0, v_ax1, v_ax2, v_ax3])
                T_relu[v_ax0, v_ax1, v_ax2, v_ax3] = T.max(T_add[v_ax0, v_ax1, v_ax2, v_ax3], T.float32(0))
2024-05-01 15:06:10 [INFO] [task_scheduler.cc:164] Total 1 design space(s) generated
2024-05-01 15:06:10 [INFO] [task_scheduler.cc:170] Design space #0:
# from tvm.script import ir as I
# from tvm.script import tir as T

@I.ir_module
class Module:
    @T.prim_func
    def main(p0: T.Buffer((T.int64(1), T.int64(64), T.int64(56), T.int64(56)), "float32"), p1: T.Buffer((T.int64(1), T.int64(32), T.int64(56), T.int64(56)), "float32"), p2: T.Buffer((T.int64(1), T.int64(32), T.int64(56), T.int64(56)), "float32"), p3: T.Buffer((T.int64(1), T.int64(32), T.int64(56), T.int64(56)), "float32"), p4: T.Buffer((T.int64(1), T.int64(32), T.int64(56), T.int64(56)), "float32"), p5: T.Buffer((T.int64(1), T.int64(32), T.int64(56), T.int64(56)), "float32"), p6: T.Buffer((T.int64(1), T.int64(224), T.int64(1), T.int64(1)), "float32"), p7: T.Buffer((T.int64(1), T.int64(224), T.int64(1), T.int64(1)), "float32"), T_relu: T.Buffer((T.int64(1), T.int64(224), T.int64(56), T.int64(56)), "float32")):
        T.func_attr({"tir.noalias": T.bool(True)})
        # with T.block("root"):
        for ax0_ax1_ax2_ax3_fused_1 in T.thread_binding(T.int64(256), thread="blockIdx.x"):
            for ax0_ax1_ax2_ax3_fused_2 in T.thread_binding(T.int64(1024), thread="threadIdx.x"):
                for ax0_ax1_ax2_ax3_fused_0 in range(T.int64(3)):
                    with T.block("T_concat"):
                        v_ax0 = T.axis.spatial(T.int64(1), T.int64(0))
                        v_ax1 = T.axis.spatial(T.int64(224), (ax0_ax1_ax2_ax3_fused_0 * T.int64(262144) + ax0_ax1_ax2_ax3_fused_1 * T.int64(1024) + ax0_ax1_ax2_ax3_fused_2) // T.int64(3136))
                        v_ax2 = T.axis.spatial(T.int64(56), (ax0_ax1_ax2_ax3_fused_0 * T.int64(262144) + ax0_ax1_ax2_ax3_fused_1 * T.int64(1024) + ax0_ax1_ax2_ax3_fused_2) % T.int64(3136) // T.int64(56))
                        v_ax3 = T.axis.spatial(T.int64(56), (ax0_ax1_ax2_ax3_fused_0 * T.int64(262144) + ax0_ax1_ax2_ax3_fused_1 * T.int64(1024) + ax0_ax1_ax2_ax3_fused_2) % T.int64(56))
                        T.where((ax0_ax1_ax2_ax3_fused_0 * T.int64(256) + ax0_ax1_ax2_ax3_fused_1) * T.int64(1024) + ax0_ax1_ax2_ax3_fused_2 < T.int64(702464))
                        T.reads(p5[v_ax0, v_ax1 - T.int64(192), v_ax2, v_ax3], p4[v_ax0, v_ax1 - T.int64(160), v_ax2, v_ax3], p3[v_ax0, v_ax1 - T.int64(128), v_ax2, v_ax3], p2[v_ax0, v_ax1 - T.int64(96), v_ax2, v_ax3], p1[v_ax0, v_ax1 - T.int64(64), v_ax2, v_ax3], p0[v_ax0, v_ax1, v_ax2, v_ax3], p6[v_ax0, v_ax1, T.int64(0), T.int64(0)], p7[v_ax0, v_ax1, T.int64(0), T.int64(0)])
                        T.writes(T_relu[v_ax0, v_ax1, v_ax2, v_ax3])
                        T_relu[v_ax0, v_ax1, v_ax2, v_ax3] = T.max(T.if_then_else(T.int64(192) <= v_ax1, p5[v_ax0, v_ax1 - T.int64(192), v_ax2, v_ax3], T.if_then_else(T.int64(160) <= v_ax1, p4[v_ax0, v_ax1 - T.int64(160), v_ax2, v_ax3], T.if_then_else(T.int64(128) <= v_ax1, p3[v_ax0, v_ax1 - T.int64(128), v_ax2, v_ax3], T.if_then_else(T.int64(96) <= v_ax1, p2[v_ax0, v_ax1 - T.int64(96), v_ax2, v_ax3], T.if_then_else(T.int64(64) <= v_ax1, p1[v_ax0, v_ax1 - T.int64(64), v_ax2, v_ax3], p0[v_ax0, v_ax1, v_ax2, v_ax3]))))) * p6[v_ax0, v_ax1, T.int64(0), T.int64(0)] + p7[v_ax0, v_ax1, T.int64(0), T.int64(0)], T.float32(0))
b0 = sch.get_block(name="T_concat", func_name="main")
b1 = sch.get_block(name="T_multiply", func_name="main")
b2 = sch.get_block(name="T_add", func_name="main")
b3 = sch.get_block(name="T_relu", func_name="main")
sch.reverse_compute_inline(block=b3)
sch.reverse_compute_inline(block=b2)
sch.reverse_compute_inline(block=b1)
l4, l5, l6, l7 = sch.get_loops(block=b0)
l8 = sch.fuse(l4, l5, l6, l7, preserve_unit_iters=True)
l9, l10, l11 = sch.split(loop=l8, factors=[None, 256, 1024], preserve_unit_iters=True)
sch.reorder(l10, l11, l9)
sch.bind(loop=l10, thread_axis="blockIdx.x")
sch.bind(loop=l11, thread_axis="threadIdx.x")
2024-05-01 18:00:33 [INFO] [evolutionary_search.cc:713] Generating candidates......
2024-05-01 18:00:33 [INFO] [evolutionary_search.cc:715] Picked top 1 candidate(s) from database
2024-05-01 18:00:37 [INFO] [evolutionary_search.cc:533] Sample-Init-Population summary:
Postproc #0 [meta_schedule.DisallowDynamicLoop(0x396e968)]: 0 failure(s)
Postproc #1 [meta_schedule.RewriteCooperativeFetch(0xacd4bf8)]: 0 failure(s)
Postproc #2 [meta_schedule.RewriteUnboundBlock(0xdf662f8)]: 0 failure(s)
Postproc #3 [meta_schedule.RewriteParallelVectorizeUnroll(0x13b99e78)]: 0 failure(s)
Postproc #4 [meta_schedule.RewriteReductionBlock(0x6007e48)]: 0 failure(s)
Postproc #5 [meta_schedule.VerifyGPUCode(0xdf665f8)]: 0 failure(s)
Postproc #6 [meta_schedule.RewriteTensorize(0x137fdf08)]: 0 failure(s)
2024-05-01 18:00:37 [INFO] [evolutionary_search.cc:723] Sampled 511 candidate(s)
2024-05-01 18:00:37 [INFO] [evolutionary_search.cc:621] Evolve iter #0 done. Summary:
Postproc #0 [meta_schedule.DisallowDynamicLoop(0x396e968)]: 0 failure(s)
Postproc #1 [meta_schedule.RewriteCooperativeFetch(0xacd4bf8)]: 0 failure(s)
Postproc #2 [meta_schedule.RewriteUnboundBlock(0xdf662f8)]: 0 failure(s)
Postproc #3 [meta_schedule.RewriteParallelVectorizeUnroll(0x13b99e78)]: 0 failure(s)
Postproc #4 [meta_schedule.RewriteReductionBlock(0x6007e48)]: 0 failure(s)
Postproc #5 [meta_schedule.VerifyGPUCode(0xdf665f8)]: 0 failure(s)
Postproc #6 [meta_schedule.RewriteTensorize(0x137fdf08)]: 0 failure(s)
2024-05-01 18:00:37 [INFO] [evolutionary_search.cc:621] Evolve iter #1 done. Summary:
Postproc #0 [meta_schedule.DisallowDynamicLoop(0x396e968)]: 0 failure(s)
Postproc #1 [meta_schedule.RewriteCooperativeFetch(0xacd4bf8)]: 0 failure(s)
Postproc #2 [meta_schedule.RewriteUnboundBlock(0xdf662f8)]: 0 failure(s)
Postproc #3 [meta_schedule.RewriteParallelVectorizeUnroll(0x13b99e78)]: 0 failure(s)
Postproc #4 [meta_schedule.RewriteReductionBlock(0x6007e48)]: 0 failure(s)
Postproc #5 [meta_schedule.VerifyGPUCode(0xdf665f8)]: 0 failure(s)
Postproc #6 [meta_schedule.RewriteTensorize(0x137fdf08)]: 0 failure(s)
2024-05-01 18:00:38 [INFO] [evolutionary_search.cc:621] Evolve iter #2 done. Summary:
Postproc #0 [meta_schedule.DisallowDynamicLoop(0x396e968)]: 0 failure(s)
Postproc #1 [meta_schedule.RewriteCooperativeFetch(0xacd4bf8)]: 0 failure(s)
Postproc #2 [meta_schedule.RewriteUnboundBlock(0xdf662f8)]: 0 failure(s)
Postproc #3 [meta_schedule.RewriteParallelVectorizeUnroll(0x13b99e78)]: 0 failure(s)
Postproc #4 [meta_schedule.RewriteReductionBlock(0x6007e48)]: 0 failure(s)
Postproc #5 [meta_schedule.VerifyGPUCode(0xdf665f8)]: 0 failure(s)
Postproc #6 [meta_schedule.RewriteTensorize(0x137fdf08)]: 0 failure(s)
2024-05-01 18:00:38 [INFO] [evolutionary_search.cc:621] Evolve iter #3 done. Summary:
Postproc #0 [meta_schedule.DisallowDynamicLoop(0x396e968)]: 0 failure(s)
Postproc #1 [meta_schedule.RewriteCooperativeFetch(0xacd4bf8)]: 0 failure(s)
Postproc #2 [meta_schedule.RewriteUnboundBlock(0xdf662f8)]: 0 failure(s)
Postproc #3 [meta_schedule.RewriteParallelVectorizeUnroll(0x13b99e78)]: 0 failure(s)
Postproc #4 [meta_schedule.RewriteReductionBlock(0x6007e48)]: 0 failure(s)
Postproc #5 [meta_schedule.VerifyGPUCode(0xdf665f8)]: 0 failure(s)
Postproc #6 [meta_schedule.RewriteTensorize(0x137fdf08)]: 0 failure(s)
2024-05-01 18:00:38 [INFO] [evolutionary_search.cc:649] Scores of the best 1 candidates:
[1 : 1]:	0.3526
2024-05-01 18:00:38 [INFO] [evolutionary_search.cc:727] Got 1 candidate(s) with evolutionary search
2024-05-01 18:00:38 [INFO] [evolutionary_search.cc:730] Sending 1 candidates(s) for measurement
2024-05-01 18:40:04 [INFO] [task_scheduler.cc:131] [Task #187: fused_concatenate_multiply_add_nn_relu_88] Trial #1: GFLOPs: 391.7882. Time: 5.3789 us. Best GFLOPs: 391.7882
