2024-04-30 10:10:01 [INFO] [task_scheduler.cc:160] Initializing Task #11: "fused_nn_max_pool2d_3"
2024-04-30 10:10:01 [INFO] [task_scheduler.cc:35] 
# from tvm.script import ir as I
# from tvm.script import tir as T

@I.ir_module
class Module:
    @T.prim_func
    def main(p0: T.Buffer((T.int64(1), T.int64(512), T.int64(28), T.int64(28)), "float32"), pool_max: T.Buffer((T.int64(1), T.int64(512), T.int64(14), T.int64(14)), "float32")):
        T.func_attr({"tir.noalias": T.bool(True)})
        # with T.block("root"):
        for ax0, ax1, ax2, ax3, rv0, rv1 in T.grid(T.int64(1), T.int64(512), T.int64(14), T.int64(14), T.int64(2), T.int64(2)):
            with T.block("pool_max"):
                v_ax0, v_ax1, v_ax2, v_ax3, v_rv0, v_rv1 = T.axis.remap("SSSSRR", [ax0, ax1, ax2, ax3, rv0, rv1])
                T.reads(p0[v_ax0, v_ax1, v_ax2 * T.int64(2) + v_rv0, v_ax3 * T.int64(2) + v_rv1])
                T.writes(pool_max[v_ax0, v_ax1, v_ax2, v_ax3])
                T.block_attr({"schedule_rule": "meta_schedule.pool_max"})
                with T.init():
                    pool_max[v_ax0, v_ax1, v_ax2, v_ax3] = T.float32(-3.4028234663852886e+38)
                pool_max[v_ax0, v_ax1, v_ax2, v_ax3] = T.max(pool_max[v_ax0, v_ax1, v_ax2, v_ax3], p0[v_ax0, v_ax1, v_ax2 * T.int64(2) + v_rv0, v_ax3 * T.int64(2) + v_rv1])
2024-04-30 10:10:01 [INFO] [task_scheduler.cc:164] Total 2 design space(s) generated
2024-04-30 10:10:01 [INFO] [task_scheduler.cc:170] Design space #0:
# from tvm.script import ir as I
# from tvm.script import tir as T

@I.ir_module
class Module:
    @T.prim_func
    def main(p0: T.Buffer((T.int64(1), T.int64(512), T.int64(28), T.int64(28)), "float32"), pool_max: T.Buffer((T.int64(1), T.int64(512), T.int64(14), T.int64(14)), "float32")):
        T.func_attr({"tir.noalias": T.bool(True)})
        with T.block("root"):
            T.reads()
            T.writes()
            T.block_attr({"meta_schedule.unroll_explicit": 0})
            for ax0_ax1_ax2_ax3_fused_0 in T.thread_binding(T.int64(98), thread="blockIdx.x"):
                for ax0_ax1_ax2_ax3_fused_1 in T.thread_binding(T.int64(1024), thread="threadIdx.x"):
                    for rv0, rv1 in T.grid(T.int64(2), T.int64(2)):
                        with T.block("pool_max"):
                            v_ax0 = T.axis.spatial(T.int64(1), T.int64(0))
                            v_ax1 = T.axis.spatial(T.int64(512), (ax0_ax1_ax2_ax3_fused_0 * T.int64(1024) + ax0_ax1_ax2_ax3_fused_1) // T.int64(196))
                            v_ax2 = T.axis.spatial(T.int64(14), (ax0_ax1_ax2_ax3_fused_0 * T.int64(1024) + ax0_ax1_ax2_ax3_fused_1) % T.int64(196) // T.int64(14))
                            v_ax3 = T.axis.spatial(T.int64(14), (ax0_ax1_ax2_ax3_fused_0 * T.int64(1024) + ax0_ax1_ax2_ax3_fused_1) % T.int64(14))
                            v_rv0, v_rv1 = T.axis.remap("RR", [rv0, rv1])
                            T.reads(p0[v_ax0, v_ax1, v_ax2 * T.int64(2) + v_rv0, v_ax3 * T.int64(2) + v_rv1])
                            T.writes(pool_max[v_ax0, v_ax1, v_ax2, v_ax3])
                            with T.init():
                                pool_max[v_ax0, v_ax1, v_ax2, v_ax3] = T.float32(-3.4028234663852886e+38)
                            pool_max[v_ax0, v_ax1, v_ax2, v_ax3] = T.max(pool_max[v_ax0, v_ax1, v_ax2, v_ax3], p0[v_ax0, v_ax1, v_ax2 * T.int64(2) + v_rv0, v_ax3 * T.int64(2) + v_rv1])
b0 = sch.get_block(name="pool_max", func_name="main")
b1 = sch.get_block(name="root", func_name="main")
sch.unannotate(block_or_loop=b0, ann_key="schedule_rule")
v2 = sch.sample_categorical(candidates=[0, 16, 64, 512, 1024], probs=[0.20000000000000001, 0.20000000000000001, 0.20000000000000001, 0.20000000000000001, 0.20000000000000001], decision=0)
sch.annotate(block_or_loop=b1, ann_key="meta_schedule.unroll_explicit", ann_val=v2)
l3, l4, l5, l6, l7, l8 = sch.get_loops(block=b0)
l9 = sch.fuse(l3, l4, l5, l6, preserve_unit_iters=True)
v10 = sch.sample_categorical(candidates=[32, 64, 128, 256, 512, 1024], probs=[0.16666666666666666, 0.16666666666666666, 0.16666666666666666, 0.16666666666666666, 0.16666666666666666, 0.16666666666666666], decision=5)
l11, l12 = sch.split(loop=l9, factors=[None, v10], preserve_unit_iters=True)
sch.bind(loop=l11, thread_axis="blockIdx.x")
sch.bind(loop=l12, thread_axis="threadIdx.x")
2024-04-30 10:10:01 [INFO] [task_scheduler.cc:170] Design space #1:
# from tvm.script import ir as I
# from tvm.script import tir as T

@I.ir_module
class Module:
    @T.prim_func
    def main(p0: T.Buffer((T.int64(1), T.int64(512), T.int64(28), T.int64(28)), "float32"), pool_max: T.Buffer((T.int64(1), T.int64(512), T.int64(14), T.int64(14)), "float32")):
        T.func_attr({"tir.noalias": T.bool(True)})
        with T.block("root"):
            T.reads()
            T.writes()
            T.block_attr({"meta_schedule.unroll_explicit": 0})
            for ax0_ax1_ax2_ax3_fused in T.thread_binding(T.int64(100352), thread="blockIdx.x"):
                for rv0_rv1_fused_0 in range(T.int64(1)):
                    for rv0_rv1_fused_1 in T.thread_binding(T.int64(32), thread="threadIdx.x"):
                        with T.block("pool_max"):
                            v_ax0 = T.axis.spatial(T.int64(1), T.int64(0))
                            v_ax1 = T.axis.spatial(T.int64(512), ax0_ax1_ax2_ax3_fused // T.int64(196))
                            v_ax2 = T.axis.spatial(T.int64(14), ax0_ax1_ax2_ax3_fused % T.int64(196) // T.int64(14))
                            v_ax3 = T.axis.spatial(T.int64(14), ax0_ax1_ax2_ax3_fused % T.int64(14))
                            v_rv0 = T.axis.reduce(T.int64(2), (rv0_rv1_fused_0 * T.int64(32) + rv0_rv1_fused_1) // T.int64(2))
                            v_rv1 = T.axis.reduce(T.int64(2), (rv0_rv1_fused_0 * T.int64(32) + rv0_rv1_fused_1) % T.int64(2))
                            T.where(rv0_rv1_fused_0 * T.int64(32) + rv0_rv1_fused_1 < T.int64(4))
                            T.reads(p0[v_ax0, v_ax1, v_ax2 * T.int64(2) + v_rv0, v_ax3 * T.int64(2) + v_rv1])
                            T.writes(pool_max[v_ax0, v_ax1, v_ax2, v_ax3])
                            with T.init():
                                pool_max[v_ax0, v_ax1, v_ax2, v_ax3] = T.float32(-3.4028234663852886e+38)
                            pool_max[v_ax0, v_ax1, v_ax2, v_ax3] = T.max(pool_max[v_ax0, v_ax1, v_ax2, v_ax3], p0[v_ax0, v_ax1, v_ax2 * T.int64(2) + v_rv0, v_ax3 * T.int64(2) + v_rv1])
b0 = sch.get_block(name="pool_max", func_name="main")
b1 = sch.get_block(name="root", func_name="main")
sch.unannotate(block_or_loop=b0, ann_key="schedule_rule")
v2 = sch.sample_categorical(candidates=[4, 8, 16, 32, 64, 128, 256, 512], probs=[0.125, 0.125, 0.125, 0.125, 0.125, 0.125, 0.125, 0.125], decision=3)
l3, l4, l5, l6, l7, l8 = sch.get_loops(block=b0)
l9 = sch.fuse(l7, l8, preserve_unit_iters=True)
l10, l11 = sch.split(loop=l9, factors=[None, v2], preserve_unit_iters=True)
sch.bind(loop=l11, thread_axis="threadIdx.x")
v12 = sch.sample_categorical(candidates=[0, 16, 64, 512, 1024], probs=[0.20000000000000001, 0.20000000000000001, 0.20000000000000001, 0.20000000000000001, 0.20000000000000001], decision=0)
sch.annotate(block_or_loop=b1, ann_key="meta_schedule.unroll_explicit", ann_val=v12)
l13, l14, l15, l16, l17, l18 = sch.get_loops(block=b0)
l19 = sch.fuse(l13, l14, l15, l16, preserve_unit_iters=True)
sch.bind(loop=l19, thread_axis="blockIdx.x")
2024-04-30 10:40:48 [INFO] [evolutionary_search.cc:713] Generating candidates......
2024-04-30 10:40:48 [INFO] [evolutionary_search.cc:715] Picked top 0 candidate(s) from database
2024-04-30 10:40:48 [INFO] [evolutionary_search.cc:533] Sample-Init-Population summary:
Postproc #0 [meta_schedule.DisallowDynamicLoop(0x533abf8)]: 0 failure(s)
Postproc #1 [meta_schedule.RewriteCooperativeFetch(0xefe9158)]: 0 failure(s)
Postproc #2 [meta_schedule.RewriteUnboundBlock(0x9a2b5d8)]: 0 failure(s)
Postproc #3 [meta_schedule.RewriteParallelVectorizeUnroll(0x5efe618)]: 0 failure(s)
Postproc #4 [meta_schedule.RewriteReductionBlock(0x636d018)]: 0 failure(s)
Postproc #5 [meta_schedule.VerifyGPUCode(0x9a28918)]: 0 failure(s)
Postproc #6 [meta_schedule.RewriteTensorize(0x9a2c028)]: 0 failure(s)
2024-04-30 10:40:48 [INFO] [evolutionary_search.cc:723] Sampled 512 candidate(s)
2024-04-30 10:40:48 [INFO] [evolutionary_search.cc:621] Evolve iter #0 done. Summary:
Postproc #0 [meta_schedule.DisallowDynamicLoop(0x533abf8)]: 0 failure(s)
Postproc #1 [meta_schedule.RewriteCooperativeFetch(0xefe9158)]: 0 failure(s)
Postproc #2 [meta_schedule.RewriteUnboundBlock(0x9a2b5d8)]: 0 failure(s)
Postproc #3 [meta_schedule.RewriteParallelVectorizeUnroll(0x5efe618)]: 0 failure(s)
Postproc #4 [meta_schedule.RewriteReductionBlock(0x636d018)]: 0 failure(s)
Postproc #5 [meta_schedule.VerifyGPUCode(0x9a28918)]: 0 failure(s)
Postproc #6 [meta_schedule.RewriteTensorize(0x9a2c028)]: 0 failure(s)
2024-04-30 10:40:49 [INFO] [evolutionary_search.cc:621] Evolve iter #1 done. Summary:
Postproc #0 [meta_schedule.DisallowDynamicLoop(0x533abf8)]: 0 failure(s)
Postproc #1 [meta_schedule.RewriteCooperativeFetch(0xefe9158)]: 0 failure(s)
Postproc #2 [meta_schedule.RewriteUnboundBlock(0x9a2b5d8)]: 0 failure(s)
Postproc #3 [meta_schedule.RewriteParallelVectorizeUnroll(0x5efe618)]: 0 failure(s)
Postproc #4 [meta_schedule.RewriteReductionBlock(0x636d018)]: 0 failure(s)
Postproc #5 [meta_schedule.VerifyGPUCode(0x9a28918)]: 0 failure(s)
Postproc #6 [meta_schedule.RewriteTensorize(0x9a2c028)]: 0 failure(s)
2024-04-30 10:40:49 [INFO] [evolutionary_search.cc:621] Evolve iter #2 done. Summary:
Postproc #0 [meta_schedule.DisallowDynamicLoop(0x533abf8)]: 0 failure(s)
Postproc #1 [meta_schedule.RewriteCooperativeFetch(0xefe9158)]: 0 failure(s)
Postproc #2 [meta_schedule.RewriteUnboundBlock(0x9a2b5d8)]: 0 failure(s)
Postproc #3 [meta_schedule.RewriteParallelVectorizeUnroll(0x5efe618)]: 0 failure(s)
Postproc #4 [meta_schedule.RewriteReductionBlock(0x636d018)]: 0 failure(s)
Postproc #5 [meta_schedule.VerifyGPUCode(0x9a28918)]: 0 failure(s)
Postproc #6 [meta_schedule.RewriteTensorize(0x9a2c028)]: 0 failure(s)
2024-04-30 10:40:49 [INFO] [evolutionary_search.cc:621] Evolve iter #3 done. Summary:
Postproc #0 [meta_schedule.DisallowDynamicLoop(0x533abf8)]: 0 failure(s)
Postproc #1 [meta_schedule.RewriteCooperativeFetch(0xefe9158)]: 0 failure(s)
Postproc #2 [meta_schedule.RewriteUnboundBlock(0x9a2b5d8)]: 0 failure(s)
Postproc #3 [meta_schedule.RewriteParallelVectorizeUnroll(0x5efe618)]: 0 failure(s)
Postproc #4 [meta_schedule.RewriteReductionBlock(0x636d018)]: 0 failure(s)
Postproc #5 [meta_schedule.VerifyGPUCode(0x9a28918)]: 0 failure(s)
Postproc #6 [meta_schedule.RewriteTensorize(0x9a2c028)]: 0 failure(s)
2024-04-30 10:40:49 [INFO] [evolutionary_search.cc:649] Scores of the best 64 candidates:
[1 : 16]:	0.9972  0.9571  0.9517  0.9444  0.9409  0.9247  0.9089  0.8822  0.8730  0.8552  0.8533  0.8395  0.8276  0.8106  0.8018  0.8013
[17 : 32]:	0.7767  0.7736  0.7677  0.7625  0.7465  0.7279  0.6818  0.6810  0.6725  0.6682  0.6660  0.6054  0.6038  0.5940  0.5687  0.5639
[33 : 48]:	0.5610  0.5565  0.5495  0.5256  0.5002  0.4944  0.4774  0.4269  0.4208  0.4170  0.4000  0.3768  0.3691  0.3651  0.3217  0.2978
[49 : 64]:	0.2509  0.2503  0.2485  0.2404  0.2347  0.2310  0.2089  0.1479  0.1362  0.1334  0.1298  0.1254  0.1220  0.0984  0.0940  0.0720
2024-04-30 10:40:49 [INFO] [evolutionary_search.cc:727] Got 64 candidate(s) with evolutionary search
2024-04-30 10:40:49 [INFO] [evolutionary_search.cc:730] Sending 61 candidates(s) for measurement
2024-04-30 10:51:11 [INFO] [task_scheduler.cc:131] [Task #11: fused_nn_max_pool2d_3] Trial #1: GFLOPs: 5.1734. Time: 77.5910 us. Best GFLOPs: 5.1734
2024-04-30 10:51:11 [INFO] [task_scheduler.cc:131] [Task #11: fused_nn_max_pool2d_3] Trial #2: GFLOPs: 2.0549. Time: 195.3405 us. Best GFLOPs: 5.1734
2024-04-30 10:51:11 [INFO] [task_scheduler.cc:131] [Task #11: fused_nn_max_pool2d_3] Trial #3: GFLOPs: 124.9645. Time: 3.2122 us. Best GFLOPs: 124.9645
2024-04-30 10:51:11 [INFO] [task_scheduler.cc:131] [Task #11: fused_nn_max_pool2d_3] Trial #4: GFLOPs: 5.2221. Time: 76.8675 us. Best GFLOPs: 124.9645
2024-04-30 10:51:11 [INFO] [task_scheduler.cc:131] [Task #11: fused_nn_max_pool2d_3] Trial #5: GFLOPs: 117.4006. Time: 3.4191 us. Best GFLOPs: 124.9645
2024-04-30 10:51:11 [INFO] [task_scheduler.cc:131] [Task #11: fused_nn_max_pool2d_3] Trial #6: GFLOPs: 103.5983. Time: 3.8747 us. Best GFLOPs: 124.9645
2024-04-30 10:51:11 [INFO] [task_scheduler.cc:131] [Task #11: fused_nn_max_pool2d_3] Trial #7: GFLOPs: 125.0103. Time: 3.2110 us. Best GFLOPs: 125.0103
2024-04-30 10:51:11 [INFO] [task_scheduler.cc:131] [Task #11: fused_nn_max_pool2d_3] Trial #8: GFLOPs: 5.1830. Time: 77.4468 us. Best GFLOPs: 125.0103
2024-04-30 10:51:11 [INFO] [task_scheduler.cc:131] [Task #11: fused_nn_max_pool2d_3] Trial #9: GFLOPs: 5.1821. Time: 77.4604 us. Best GFLOPs: 125.0103
2024-04-30 10:51:11 [INFO] [task_scheduler.cc:131] [Task #11: fused_nn_max_pool2d_3] Trial #10: GFLOPs: 5.1964. Time: 77.2479 us. Best GFLOPs: 125.0103
2024-04-30 10:51:11 [INFO] [task_scheduler.cc:131] [Task #11: fused_nn_max_pool2d_3] Trial #11: GFLOPs: 5.1830. Time: 77.4476 us. Best GFLOPs: 125.0103
2024-04-30 10:51:11 [INFO] [task_scheduler.cc:131] [Task #11: fused_nn_max_pool2d_3] Trial #12: GFLOPs: 4.1161. Time: 97.5205 us. Best GFLOPs: 125.0103
2024-04-30 10:51:11 [INFO] [task_scheduler.cc:131] [Task #11: fused_nn_max_pool2d_3] Trial #13: GFLOPs: 5.1829. Time: 77.4479 us. Best GFLOPs: 125.0103
2024-04-30 10:51:11 [INFO] [task_scheduler.cc:131] [Task #11: fused_nn_max_pool2d_3] Trial #14: GFLOPs: 4.1161. Time: 97.5216 us. Best GFLOPs: 125.0103
2024-04-30 10:51:11 [INFO] [task_scheduler.cc:131] [Task #11: fused_nn_max_pool2d_3] Trial #15: GFLOPs: 2.0552. Time: 195.3171 us. Best GFLOPs: 125.0103
2024-04-30 10:51:11 [INFO] [task_scheduler.cc:131] [Task #11: fused_nn_max_pool2d_3] Trial #16: GFLOPs: 2.0551. Time: 195.3274 us. Best GFLOPs: 125.0103
2024-04-30 10:51:11 [INFO] [task_scheduler.cc:131] [Task #11: fused_nn_max_pool2d_3] Trial #17: GFLOPs: 117.6888. Time: 3.4108 us. Best GFLOPs: 125.0103
2024-04-30 10:51:11 [INFO] [task_scheduler.cc:131] [Task #11: fused_nn_max_pool2d_3] Trial #18: GFLOPs: 117.7130. Time: 3.4101 us. Best GFLOPs: 125.0103
2024-04-30 10:51:11 [INFO] [task_scheduler.cc:131] [Task #11: fused_nn_max_pool2d_3] Trial #19: GFLOPs: 124.6652. Time: 3.2199 us. Best GFLOPs: 125.0103
2024-04-30 10:51:11 [INFO] [task_scheduler.cc:131] [Task #11: fused_nn_max_pool2d_3] Trial #20: GFLOPs: 5.2033. Time: 77.1456 us. Best GFLOPs: 125.0103
2024-04-30 10:51:11 [INFO] [task_scheduler.cc:131] [Task #11: fused_nn_max_pool2d_3] Trial #21: GFLOPs: 5.1822. Time: 77.4585 us. Best GFLOPs: 125.0103
2024-04-30 10:51:11 [INFO] [task_scheduler.cc:131] [Task #11: fused_nn_max_pool2d_3] Trial #22: GFLOPs: 5.1828. Time: 77.4499 us. Best GFLOPs: 125.0103
2024-04-30 10:51:11 [INFO] [task_scheduler.cc:131] [Task #11: fused_nn_max_pool2d_3] Trial #23: GFLOPs: 103.5473. Time: 3.8766 us. Best GFLOPs: 125.0103
2024-04-30 10:51:11 [INFO] [task_scheduler.cc:131] [Task #11: fused_nn_max_pool2d_3] Trial #24: GFLOPs: 117.3925. Time: 3.4194 us. Best GFLOPs: 125.0103
2024-04-30 10:51:11 [INFO] [task_scheduler.cc:131] [Task #11: fused_nn_max_pool2d_3] Trial #25: GFLOPs: 125.0102. Time: 3.2110 us. Best GFLOPs: 125.0103
2024-04-30 10:51:11 [INFO] [task_scheduler.cc:131] [Task #11: fused_nn_max_pool2d_3] Trial #26: GFLOPs: 117.7088. Time: 3.4102 us. Best GFLOPs: 125.0103
2024-04-30 10:51:11 [INFO] [task_scheduler.cc:131] [Task #11: fused_nn_max_pool2d_3] Trial #27: GFLOPs: 5.2037. Time: 77.1397 us. Best GFLOPs: 125.0103
2024-04-30 10:51:11 [INFO] [task_scheduler.cc:131] [Task #11: fused_nn_max_pool2d_3] Trial #28: GFLOPs: 5.1967. Time: 77.2429 us. Best GFLOPs: 125.0103
2024-04-30 10:51:11 [INFO] [task_scheduler.cc:131] [Task #11: fused_nn_max_pool2d_3] Trial #29: GFLOPs: 5.1832. Time: 77.4444 us. Best GFLOPs: 125.0103
2024-04-30 10:51:11 [INFO] [task_scheduler.cc:131] [Task #11: fused_nn_max_pool2d_3] Trial #30: GFLOPs: 80.5706. Time: 4.9821 us. Best GFLOPs: 125.0103
2024-04-30 10:51:11 [INFO] [task_scheduler.cc:131] [Task #11: fused_nn_max_pool2d_3] Trial #31: GFLOPs: 5.1824. Time: 77.4553 us. Best GFLOPs: 125.0103
2024-04-30 10:51:11 [INFO] [task_scheduler.cc:131] [Task #11: fused_nn_max_pool2d_3] Trial #32: GFLOPs: 4.1163. Time: 97.5174 us. Best GFLOPs: 125.0103
2024-04-30 10:51:11 [INFO] [task_scheduler.cc:131] [Task #11: fused_nn_max_pool2d_3] Trial #33: GFLOPs: 103.5668. Time: 3.8758 us. Best GFLOPs: 125.0103
2024-04-30 10:51:11 [INFO] [task_scheduler.cc:131] [Task #11: fused_nn_max_pool2d_3] Trial #34: GFLOPs: 80.5702. Time: 4.9821 us. Best GFLOPs: 125.0103
2024-04-30 10:51:11 [INFO] [task_scheduler.cc:131] [Task #11: fused_nn_max_pool2d_3] Trial #35: GFLOPs: 5.1832. Time: 77.4438 us. Best GFLOPs: 125.0103
2024-04-30 10:51:11 [INFO] [task_scheduler.cc:131] [Task #11: fused_nn_max_pool2d_3] Trial #36: GFLOPs: 124.6686. Time: 3.2198 us. Best GFLOPs: 125.0103
2024-04-30 10:51:11 [INFO] [task_scheduler.cc:131] [Task #11: fused_nn_max_pool2d_3] Trial #37: GFLOPs: 5.2219. Time: 76.8707 us. Best GFLOPs: 125.0103
2024-04-30 10:51:11 [INFO] [task_scheduler.cc:131] [Task #11: fused_nn_max_pool2d_3] Trial #38: GFLOPs: 117.4391. Time: 3.4180 us. Best GFLOPs: 125.0103
2024-04-30 10:51:11 [INFO] [task_scheduler.cc:131] [Task #11: fused_nn_max_pool2d_3] Trial #39: GFLOPs: 5.1961. Time: 77.2516 us. Best GFLOPs: 125.0103
2024-04-30 10:51:11 [INFO] [task_scheduler.cc:131] [Task #11: fused_nn_max_pool2d_3] Trial #40: GFLOPs: 80.5653. Time: 4.9824 us. Best GFLOPs: 125.0103
2024-04-30 10:51:11 [INFO] [task_scheduler.cc:131] [Task #11: fused_nn_max_pool2d_3] Trial #41: GFLOPs: 5.1825. Time: 77.4541 us. Best GFLOPs: 125.0103
2024-04-30 10:51:11 [INFO] [task_scheduler.cc:131] [Task #11: fused_nn_max_pool2d_3] Trial #42: GFLOPs: 124.6701. Time: 3.2198 us. Best GFLOPs: 125.0103
2024-04-30 10:51:11 [INFO] [task_scheduler.cc:131] [Task #11: fused_nn_max_pool2d_3] Trial #43: GFLOPs: 103.5833. Time: 3.8752 us. Best GFLOPs: 125.0103
2024-04-30 10:51:11 [INFO] [task_scheduler.cc:131] [Task #11: fused_nn_max_pool2d_3] Trial #44: GFLOPs: 5.2222. Time: 76.8658 us. Best GFLOPs: 125.0103
2024-04-30 10:51:11 [INFO] [task_scheduler.cc:131] [Task #11: fused_nn_max_pool2d_3] Trial #45: GFLOPs: 2.0553. Time: 195.3070 us. Best GFLOPs: 125.0103
2024-04-30 10:51:11 [INFO] [task_scheduler.cc:131] [Task #11: fused_nn_max_pool2d_3] Trial #46: GFLOPs: 124.6657. Time: 3.2199 us. Best GFLOPs: 125.0103
2024-04-30 10:51:11 [INFO] [task_scheduler.cc:131] [Task #11: fused_nn_max_pool2d_3] Trial #47: GFLOPs: 5.1824. Time: 77.4562 us. Best GFLOPs: 125.0103
2024-04-30 10:51:11 [INFO] [task_scheduler.cc:131] [Task #11: fused_nn_max_pool2d_3] Trial #48: GFLOPs: 5.1823. Time: 77.4580 us. Best GFLOPs: 125.0103
2024-04-30 10:51:11 [INFO] [task_scheduler.cc:131] [Task #11: fused_nn_max_pool2d_3] Trial #49: GFLOPs: 124.9798. Time: 3.2118 us. Best GFLOPs: 125.0103
2024-04-30 10:51:11 [INFO] [task_scheduler.cc:131] [Task #11: fused_nn_max_pool2d_3] Trial #50: GFLOPs: 5.1964. Time: 77.2476 us. Best GFLOPs: 125.0103
2024-04-30 10:51:11 [INFO] [task_scheduler.cc:131] [Task #11: fused_nn_max_pool2d_3] Trial #51: GFLOPs: 80.5693. Time: 4.9821 us. Best GFLOPs: 125.0103
2024-04-30 10:51:11 [INFO] [task_scheduler.cc:131] [Task #11: fused_nn_max_pool2d_3] Trial #52: GFLOPs: 4.1162. Time: 97.5202 us. Best GFLOPs: 125.0103
2024-04-30 10:51:11 [INFO] [task_scheduler.cc:131] [Task #11: fused_nn_max_pool2d_3] Trial #53: GFLOPs: 117.6981. Time: 3.4105 us. Best GFLOPs: 125.0103
2024-04-30 10:51:11 [INFO] [task_scheduler.cc:131] [Task #11: fused_nn_max_pool2d_3] Trial #54: GFLOPs: 5.2035. Time: 77.1413 us. Best GFLOPs: 125.0103
2024-04-30 10:51:11 [INFO] [task_scheduler.cc:131] [Task #11: fused_nn_max_pool2d_3] Trial #55: GFLOPs: 5.2216. Time: 76.8752 us. Best GFLOPs: 125.0103
2024-04-30 10:51:11 [INFO] [task_scheduler.cc:131] [Task #11: fused_nn_max_pool2d_3] Trial #56: GFLOPs: 80.5698. Time: 4.9821 us. Best GFLOPs: 125.0103
2024-04-30 10:51:11 [INFO] [task_scheduler.cc:131] [Task #11: fused_nn_max_pool2d_3] Trial #57: GFLOPs: 103.5305. Time: 3.8772 us. Best GFLOPs: 125.0103
2024-04-30 10:51:11 [INFO] [task_scheduler.cc:131] [Task #11: fused_nn_max_pool2d_3] Trial #58: GFLOPs: 124.9498. Time: 3.2126 us. Best GFLOPs: 125.0103
2024-04-30 10:51:11 [INFO] [task_scheduler.cc:131] [Task #11: fused_nn_max_pool2d_3] Trial #59: GFLOPs: 5.1964. Time: 77.2472 us. Best GFLOPs: 125.0103
2024-04-30 10:51:11 [INFO] [task_scheduler.cc:131] [Task #11: fused_nn_max_pool2d_3] Trial #60: GFLOPs: 117.4495. Time: 3.4177 us. Best GFLOPs: 125.0103
2024-04-30 10:51:11 [INFO] [task_scheduler.cc:131] [Task #11: fused_nn_max_pool2d_3] Trial #61: GFLOPs: 5.1825. Time: 77.4545 us. Best GFLOPs: 125.0103
