2024-04-29 02:28:39 [INFO] [task_scheduler.cc:160] Initializing Task #5: "fused_nn_contrib_conv2d_NCHWc_add_nn_relu_5"
2024-04-29 02:28:39 [INFO] [task_scheduler.cc:35] 
# from tvm.script import ir as I
# from tvm.script import tir as T

@I.ir_module
class Module:
    @T.prim_func
    def main(p0: T.Buffer((T.int64(1), T.int64(480), T.int64(7), T.int64(7), T.int64(4)), "float32"), p1: T.Buffer((T.int64(48), T.int64(480), T.int64(1), T.int64(1), T.int64(4), T.int64(4)), "float32"), p2: T.Buffer((T.int64(1), T.int64(48), T.int64(1), T.int64(1), T.int64(4)), "float32"), T_relu: T.Buffer((T.int64(1), T.int64(48), T.int64(7), T.int64(7), T.int64(4)), "float32")):
        T.func_attr({"tir.noalias": T.bool(True)})
        # with T.block("root"):
        conv2d_NCHWc = T.alloc_buffer((T.int64(1), T.int64(48), T.int64(7), T.int64(7), T.int64(4)))
        T_add = T.alloc_buffer((T.int64(1), T.int64(48), T.int64(7), T.int64(7), T.int64(4)))
        for n, oc_chunk, oh, ow, oc_block, ic, kh, kw in T.grid(T.int64(1), T.int64(48), T.int64(7), T.int64(7), T.int64(4), T.int64(1920), T.int64(1), T.int64(1)):
            with T.block("conv2d_NCHWc"):
                v_n, v_oc_chunk, v_oh, v_ow, v_oc_block, v_ic, v_kh, v_kw = T.axis.remap("SSSSSRRR", [n, oc_chunk, oh, ow, oc_block, ic, kh, kw])
                T.reads(p0[v_n, v_ic // T.int64(4), v_oh + v_kh, v_ow + v_kw, v_ic % T.int64(4)], p1[v_oc_chunk, v_ic // T.int64(4), v_kh, v_kw, v_ic % T.int64(4), v_oc_block])
                T.writes(conv2d_NCHWc[v_n, v_oc_chunk, v_oh, v_ow, v_oc_block])
                with T.init():
                    conv2d_NCHWc[v_n, v_oc_chunk, v_oh, v_ow, v_oc_block] = T.float32(0)
                conv2d_NCHWc[v_n, v_oc_chunk, v_oh, v_ow, v_oc_block] = conv2d_NCHWc[v_n, v_oc_chunk, v_oh, v_ow, v_oc_block] + p0[v_n, v_ic // T.int64(4), v_oh + v_kh, v_ow + v_kw, v_ic % T.int64(4)] * p1[v_oc_chunk, v_ic // T.int64(4), v_kh, v_kw, v_ic % T.int64(4), v_oc_block]
        for ax0, ax1, ax2, ax3, ax4 in T.grid(T.int64(1), T.int64(48), T.int64(7), T.int64(7), T.int64(4)):
            with T.block("T_add"):
                v_ax0, v_ax1, v_ax2, v_ax3, v_ax4 = T.axis.remap("SSSSS", [ax0, ax1, ax2, ax3, ax4])
                T.reads(conv2d_NCHWc[v_ax0, v_ax1, v_ax2, v_ax3, v_ax4], p2[v_ax0, v_ax1, T.int64(0), T.int64(0), v_ax4])
                T.writes(T_add[v_ax0, v_ax1, v_ax2, v_ax3, v_ax4])
                T_add[v_ax0, v_ax1, v_ax2, v_ax3, v_ax4] = conv2d_NCHWc[v_ax0, v_ax1, v_ax2, v_ax3, v_ax4] + p2[v_ax0, v_ax1, T.int64(0), T.int64(0), v_ax4]
        for ax0, ax1, ax2, ax3, ax4 in T.grid(T.int64(1), T.int64(48), T.int64(7), T.int64(7), T.int64(4)):
            with T.block("T_relu"):
                v_ax0, v_ax1, v_ax2, v_ax3, v_ax4 = T.axis.remap("SSSSS", [ax0, ax1, ax2, ax3, ax4])
                T.reads(T_add[v_ax0, v_ax1, v_ax2, v_ax3, v_ax4])
                T.writes(T_relu[v_ax0, v_ax1, v_ax2, v_ax3, v_ax4])
                T_relu[v_ax0, v_ax1, v_ax2, v_ax3, v_ax4] = T.max(T_add[v_ax0, v_ax1, v_ax2, v_ax3, v_ax4], T.float32(0))
2024-04-29 02:28:40 [INFO] [task_scheduler.cc:164] Total 3 design space(s) generated
2024-04-29 02:28:40 [INFO] [task_scheduler.cc:170] Design space #0:
# from tvm.script import ir as I
# from tvm.script import tir as T

@I.ir_module
class Module:
    @T.prim_func
    def main(p0: T.Buffer((T.int64(1), T.int64(480), T.int64(7), T.int64(7), T.int64(4)), "float32"), p1: T.Buffer((T.int64(48), T.int64(480), T.int64(1), T.int64(1), T.int64(4), T.int64(4)), "float32"), p2: T.Buffer((T.int64(1), T.int64(48), T.int64(1), T.int64(1), T.int64(4)), "float32"), T_relu: T.Buffer((T.int64(1), T.int64(48), T.int64(7), T.int64(7), T.int64(4)), "float32")):
        T.func_attr({"tir.noalias": T.bool(True)})
        with T.block("root"):
            T.reads()
            T.writes()
            T.block_attr({"meta_schedule.parallel": 768, "meta_schedule.unroll_explicit": 0, "meta_schedule.vectorize": 64})
            conv2d_NCHWc = T.alloc_buffer((T.int64(1), T.int64(48), T.int64(7), T.int64(7), T.int64(4)))
            for n_0, oc_chunk_0, oh_0, ow_0, oc_block_0, n_1, oc_chunk_1, oh_1, ow_1, oc_block_1, ic_0, kh_0, kw_0, n_2, oc_chunk_2, oh_2, ow_2, oc_block_2, ic_1, kh_1, kw_1, n_3, oc_chunk_3, oh_3, ow_3, oc_block_3 in T.grid(T.int64(1), T.int64(4), T.int64(1), T.int64(1), T.int64(1), T.int64(1), T.int64(1), T.int64(1), T.int64(1), T.int64(1), T.int64(80), T.int64(1), T.int64(1), T.int64(1), T.int64(2), T.int64(7), T.int64(7), T.int64(4), T.int64(24), T.int64(1), T.int64(1), T.int64(1), T.int64(6), T.int64(1), T.int64(1), T.int64(1)):
                with T.block("conv2d_NCHWc"):
                    v_n = T.axis.spatial(T.int64(1), n_0 + n_1 + n_2 + n_3)
                    v_oc_chunk = T.axis.spatial(T.int64(48), oc_chunk_0 * T.int64(12) + oc_chunk_1 * T.int64(12) + oc_chunk_2 * T.int64(6) + oc_chunk_3)
                    v_oh = T.axis.spatial(T.int64(7), oh_0 * T.int64(7) + oh_1 * T.int64(7) + oh_2 + oh_3)
                    v_ow = T.axis.spatial(T.int64(7), ow_0 * T.int64(7) + ow_1 * T.int64(7) + ow_2 + ow_3)
                    v_oc_block = T.axis.spatial(T.int64(4), oc_block_0 * T.int64(4) + oc_block_1 * T.int64(4) + oc_block_2 + oc_block_3)
                    v_ic = T.axis.reduce(T.int64(1920), ic_0 * T.int64(24) + ic_1)
                    v_kh = T.axis.reduce(T.int64(1), kh_0 + kh_1)
                    v_kw = T.axis.reduce(T.int64(1), kw_0 + kw_1)
                    T.reads(p0[v_n, v_ic // T.int64(4), v_oh + v_kh, v_ow + v_kw, v_ic % T.int64(4)], p1[v_oc_chunk, v_ic // T.int64(4), v_kh, v_kw, v_ic % T.int64(4), v_oc_block])
                    T.writes(conv2d_NCHWc[v_n, v_oc_chunk, v_oh, v_ow, v_oc_block])
                    T.block_attr({"meta_schedule.tiling_structure": "SSRSRS"})
                    with T.init():
                        conv2d_NCHWc[v_n, v_oc_chunk, v_oh, v_ow, v_oc_block] = T.float32(0)
                    conv2d_NCHWc[v_n, v_oc_chunk, v_oh, v_ow, v_oc_block] = conv2d_NCHWc[v_n, v_oc_chunk, v_oh, v_ow, v_oc_block] + p0[v_n, v_ic // T.int64(4), v_oh + v_kh, v_ow + v_kw, v_ic % T.int64(4)] * p1[v_oc_chunk, v_ic // T.int64(4), v_kh, v_kw, v_ic % T.int64(4), v_oc_block]
            for ax0, ax1, ax2, ax3, ax4 in T.grid(T.int64(1), T.int64(48), T.int64(7), T.int64(7), T.int64(4)):
                with T.block("T_relu"):
                    v_ax0, v_ax1, v_ax2, v_ax3, v_ax4 = T.axis.remap("SSSSS", [ax0, ax1, ax2, ax3, ax4])
                    T.reads(conv2d_NCHWc[v_ax0, v_ax1, v_ax2, v_ax3, v_ax4], p2[v_ax0, v_ax1, T.int64(0), T.int64(0), v_ax4])
                    T.writes(T_relu[v_ax0, v_ax1, v_ax2, v_ax3, v_ax4])
                    T_relu[v_ax0, v_ax1, v_ax2, v_ax3, v_ax4] = T.max(conv2d_NCHWc[v_ax0, v_ax1, v_ax2, v_ax3, v_ax4] + p2[v_ax0, v_ax1, T.int64(0), T.int64(0), v_ax4], T.float32(0))
b0 = sch.get_block(name="conv2d_NCHWc", func_name="main")
b1 = sch.get_block(name="T_add", func_name="main")
b2 = sch.get_block(name="root", func_name="main")
sch.compute_inline(block=b1)
sch.annotate(block_or_loop=b0, ann_key="meta_schedule.tiling_structure", ann_val="SSRSRS")
l3, l4, l5, l6, l7, l8, l9, l10 = sch.get_loops(block=b0)
v11, v12, v13, v14 = sch.sample_perfect_tile(loop=l3, n=4, max_innermost_factor=64, decision=[1, 1, 1, 1])
l15, l16, l17, l18 = sch.split(loop=l3, factors=[v11, v12, v13, v14], preserve_unit_iters=True)
v19, v20, v21, v22 = sch.sample_perfect_tile(loop=l4, n=4, max_innermost_factor=64, decision=[4, 1, 2, 6])
l23, l24, l25, l26 = sch.split(loop=l4, factors=[v19, v20, v21, v22], preserve_unit_iters=True)
v27, v28, v29, v30 = sch.sample_perfect_tile(loop=l5, n=4, max_innermost_factor=64, decision=[1, 1, 7, 1])
l31, l32, l33, l34 = sch.split(loop=l5, factors=[v27, v28, v29, v30], preserve_unit_iters=True)
v35, v36, v37, v38 = sch.sample_perfect_tile(loop=l6, n=4, max_innermost_factor=64, decision=[1, 1, 7, 1])
l39, l40, l41, l42 = sch.split(loop=l6, factors=[v35, v36, v37, v38], preserve_unit_iters=True)
v43, v44, v45, v46 = sch.sample_perfect_tile(loop=l7, n=4, max_innermost_factor=64, decision=[1, 1, 4, 1])
l47, l48, l49, l50 = sch.split(loop=l7, factors=[v43, v44, v45, v46], preserve_unit_iters=True)
v51, v52 = sch.sample_perfect_tile(loop=l8, n=2, max_innermost_factor=64, decision=[80, 24])
l53, l54 = sch.split(loop=l8, factors=[v51, v52], preserve_unit_iters=True)
v55, v56 = sch.sample_perfect_tile(loop=l9, n=2, max_innermost_factor=64, decision=[1, 1])
l57, l58 = sch.split(loop=l9, factors=[v55, v56], preserve_unit_iters=True)
v59, v60 = sch.sample_perfect_tile(loop=l10, n=2, max_innermost_factor=64, decision=[1, 1])
l61, l62 = sch.split(loop=l10, factors=[v59, v60], preserve_unit_iters=True)
sch.reorder(l15, l23, l31, l39, l47, l16, l24, l32, l40, l48, l53, l57, l61, l17, l25, l33, l41, l49, l54, l58, l62, l18, l26, l34, l42, l50)
sch.annotate(block_or_loop=b2, ann_key="meta_schedule.parallel", ann_val=768)
sch.annotate(block_or_loop=b2, ann_key="meta_schedule.vectorize", ann_val=64)
v63 = sch.sample_categorical(candidates=[0, 16, 64, 512], probs=[0.25, 0.25, 0.25, 0.25], decision=0)
sch.annotate(block_or_loop=b2, ann_key="meta_schedule.unroll_explicit", ann_val=v63)
2024-04-29 02:28:40 [INFO] [task_scheduler.cc:170] Design space #1:
# from tvm.script import ir as I
# from tvm.script import tir as T

@I.ir_module
class Module:
    @T.prim_func
    def main(p0: T.Buffer((T.int64(1), T.int64(480), T.int64(7), T.int64(7), T.int64(4)), "float32"), p1: T.Buffer((T.int64(48), T.int64(480), T.int64(1), T.int64(1), T.int64(4), T.int64(4)), "float32"), p2: T.Buffer((T.int64(1), T.int64(48), T.int64(1), T.int64(1), T.int64(4)), "float32"), T_relu: T.Buffer((T.int64(1), T.int64(48), T.int64(7), T.int64(7), T.int64(4)), "float32")):
        T.func_attr({"tir.noalias": T.bool(True)})
        with T.block("root"):
            T.reads()
            T.writes()
            T.block_attr({"meta_schedule.parallel": 768, "meta_schedule.unroll_explicit": 16, "meta_schedule.vectorize": 64})
            conv2d_NCHWc = T.alloc_buffer((T.int64(1), T.int64(48), T.int64(7), T.int64(7), T.int64(4)))
            for n_0, oc_chunk_0, oh_0, ow_0, oc_block_0, n_1, oc_chunk_1, oh_1, ow_1, oc_block_1 in T.grid(T.int64(1), T.int64(4), T.int64(1), T.int64(1), T.int64(1), T.int64(1), T.int64(1), T.int64(1), T.int64(1), T.int64(1)):
                for ic_0, kh_0, kw_0, n_2, oc_chunk_2, oh_2, ow_2, oc_block_2, ic_1, kh_1, kw_1, n_3, oc_chunk_3, oh_3, ow_3, oc_block_3 in T.grid(T.int64(80), T.int64(1), T.int64(1), T.int64(1), T.int64(2), T.int64(7), T.int64(7), T.int64(4), T.int64(24), T.int64(1), T.int64(1), T.int64(1), T.int64(6), T.int64(1), T.int64(1), T.int64(1)):
                    with T.block("conv2d_NCHWc"):
                        v_n = T.axis.spatial(T.int64(1), n_0 + n_1 + n_2 + n_3)
                        v_oc_chunk = T.axis.spatial(T.int64(48), oc_chunk_0 * T.int64(12) + oc_chunk_1 * T.int64(12) + oc_chunk_2 * T.int64(6) + oc_chunk_3)
                        v_oh = T.axis.spatial(T.int64(7), oh_0 * T.int64(7) + oh_1 * T.int64(7) + oh_2 + oh_3)
                        v_ow = T.axis.spatial(T.int64(7), ow_0 * T.int64(7) + ow_1 * T.int64(7) + ow_2 + ow_3)
                        v_oc_block = T.axis.spatial(T.int64(4), oc_block_0 * T.int64(4) + oc_block_1 * T.int64(4) + oc_block_2 + oc_block_3)
                        v_ic = T.axis.reduce(T.int64(1920), ic_0 * T.int64(24) + ic_1)
                        v_kh = T.axis.reduce(T.int64(1), kh_0 + kh_1)
                        v_kw = T.axis.reduce(T.int64(1), kw_0 + kw_1)
                        T.reads(p0[v_n, v_ic // T.int64(4), v_oh + v_kh, v_ow + v_kw, v_ic % T.int64(4)], p1[v_oc_chunk, v_ic // T.int64(4), v_kh, v_kw, v_ic % T.int64(4), v_oc_block])
                        T.writes(conv2d_NCHWc[v_n, v_oc_chunk, v_oh, v_ow, v_oc_block])
                        T.block_attr({"meta_schedule.tiling_structure": "SSRSRS"})
                        with T.init():
                            conv2d_NCHWc[v_n, v_oc_chunk, v_oh, v_ow, v_oc_block] = T.float32(0)
                        conv2d_NCHWc[v_n, v_oc_chunk, v_oh, v_ow, v_oc_block] = conv2d_NCHWc[v_n, v_oc_chunk, v_oh, v_ow, v_oc_block] + p0[v_n, v_ic // T.int64(4), v_oh + v_kh, v_ow + v_kw, v_ic % T.int64(4)] * p1[v_oc_chunk, v_ic // T.int64(4), v_kh, v_kw, v_ic % T.int64(4), v_oc_block]
                for ax0, ax1, ax2, ax3, ax4 in T.grid(T.int64(1), T.int64(12), T.int64(7), T.int64(7), T.int64(4)):
                    with T.block("T_relu"):
                        v_ax0 = T.axis.spatial(T.int64(1), ax0)
                        v_ax1 = T.axis.spatial(T.int64(48), oc_chunk_0 * T.int64(12) + ax1)
                        v_ax2, v_ax3, v_ax4 = T.axis.remap("SSS", [ax2, ax3, ax4])
                        T.reads(conv2d_NCHWc[v_ax0, v_ax1, v_ax2, v_ax3, v_ax4], p2[v_ax0, v_ax1, T.int64(0), T.int64(0), v_ax4])
                        T.writes(T_relu[v_ax0, v_ax1, v_ax2, v_ax3, v_ax4])
                        T_relu[v_ax0, v_ax1, v_ax2, v_ax3, v_ax4] = T.max(conv2d_NCHWc[v_ax0, v_ax1, v_ax2, v_ax3, v_ax4] + p2[v_ax0, v_ax1, T.int64(0), T.int64(0), v_ax4], T.float32(0))
b0 = sch.get_block(name="conv2d_NCHWc", func_name="main")
b1 = sch.get_block(name="T_add", func_name="main")
b2 = sch.get_block(name="root", func_name="main")
sch.compute_inline(block=b1)
sch.annotate(block_or_loop=b0, ann_key="meta_schedule.tiling_structure", ann_val="SSRSRS")
l3, l4, l5, l6, l7, l8, l9, l10 = sch.get_loops(block=b0)
v11, v12, v13, v14 = sch.sample_perfect_tile(loop=l3, n=4, max_innermost_factor=64, decision=[1, 1, 1, 1])
l15, l16, l17, l18 = sch.split(loop=l3, factors=[v11, v12, v13, v14], preserve_unit_iters=True)
v19, v20, v21, v22 = sch.sample_perfect_tile(loop=l4, n=4, max_innermost_factor=64, decision=[4, 1, 2, 6])
l23, l24, l25, l26 = sch.split(loop=l4, factors=[v19, v20, v21, v22], preserve_unit_iters=True)
v27, v28, v29, v30 = sch.sample_perfect_tile(loop=l5, n=4, max_innermost_factor=64, decision=[1, 1, 7, 1])
l31, l32, l33, l34 = sch.split(loop=l5, factors=[v27, v28, v29, v30], preserve_unit_iters=True)
v35, v36, v37, v38 = sch.sample_perfect_tile(loop=l6, n=4, max_innermost_factor=64, decision=[1, 1, 7, 1])
l39, l40, l41, l42 = sch.split(loop=l6, factors=[v35, v36, v37, v38], preserve_unit_iters=True)
v43, v44, v45, v46 = sch.sample_perfect_tile(loop=l7, n=4, max_innermost_factor=64, decision=[1, 1, 4, 1])
l47, l48, l49, l50 = sch.split(loop=l7, factors=[v43, v44, v45, v46], preserve_unit_iters=True)
v51, v52 = sch.sample_perfect_tile(loop=l8, n=2, max_innermost_factor=64, decision=[80, 24])
l53, l54 = sch.split(loop=l8, factors=[v51, v52], preserve_unit_iters=True)
v55, v56 = sch.sample_perfect_tile(loop=l9, n=2, max_innermost_factor=64, decision=[1, 1])
l57, l58 = sch.split(loop=l9, factors=[v55, v56], preserve_unit_iters=True)
v59, v60 = sch.sample_perfect_tile(loop=l10, n=2, max_innermost_factor=64, decision=[1, 1])
l61, l62 = sch.split(loop=l10, factors=[v59, v60], preserve_unit_iters=True)
sch.reorder(l15, l23, l31, l39, l47, l16, l24, l32, l40, l48, l53, l57, l61, l17, l25, l33, l41, l49, l54, l58, l62, l18, l26, l34, l42, l50)
b63, = sch.get_consumers(block=b0)
sch.reverse_compute_at(block=b63, loop=l48, preserve_unit_loops=True, index=-1)
sch.annotate(block_or_loop=b2, ann_key="meta_schedule.parallel", ann_val=768)
sch.annotate(block_or_loop=b2, ann_key="meta_schedule.vectorize", ann_val=64)
v64 = sch.sample_categorical(candidates=[0, 16, 64, 512], probs=[0.25, 0.25, 0.25, 0.25], decision=1)
sch.annotate(block_or_loop=b2, ann_key="meta_schedule.unroll_explicit", ann_val=v64)
2024-04-29 02:28:40 [INFO] [task_scheduler.cc:170] Design space #2:
# from tvm.script import ir as I
# from tvm.script import tir as T

@I.ir_module
class Module:
    @T.prim_func
    def main(p0: T.Buffer((T.int64(1), T.int64(480), T.int64(7), T.int64(7), T.int64(4)), "float32"), p1: T.Buffer((T.int64(48), T.int64(480), T.int64(1), T.int64(1), T.int64(4), T.int64(4)), "float32"), p2: T.Buffer((T.int64(1), T.int64(48), T.int64(1), T.int64(1), T.int64(4)), "float32"), T_relu: T.Buffer((T.int64(1), T.int64(48), T.int64(7), T.int64(7), T.int64(4)), "float32")):
        T.func_attr({"tir.noalias": T.bool(True)})
        with T.block("root"):
            T.reads()
            T.writes()
            T.block_attr({"meta_schedule.parallel": 768, "meta_schedule.unroll_explicit": 0, "meta_schedule.vectorize": 64})
            conv2d_NCHWc = T.alloc_buffer((T.int64(1), T.int64(48), T.int64(7), T.int64(7), T.int64(4)))
            for n_0, oc_chunk_0, oh_0, ow_0, oc_block_0 in T.grid(T.int64(1), T.int64(4), T.int64(1), T.int64(1), T.int64(1)):
                for n_1, oc_chunk_1, oh_1, ow_1, oc_block_1, ic_0, kh_0, kw_0, n_2, oc_chunk_2, oh_2, ow_2, oc_block_2, ic_1, kh_1, kw_1, n_3, oc_chunk_3, oh_3, ow_3, oc_block_3 in T.grid(T.int64(1), T.int64(1), T.int64(1), T.int64(1), T.int64(1), T.int64(80), T.int64(1), T.int64(1), T.int64(1), T.int64(2), T.int64(7), T.int64(7), T.int64(4), T.int64(24), T.int64(1), T.int64(1), T.int64(1), T.int64(6), T.int64(1), T.int64(1), T.int64(1)):
                    with T.block("conv2d_NCHWc"):
                        v_n = T.axis.spatial(T.int64(1), n_0 + n_1 + n_2 + n_3)
                        v_oc_chunk = T.axis.spatial(T.int64(48), oc_chunk_0 * T.int64(12) + oc_chunk_1 * T.int64(12) + oc_chunk_2 * T.int64(6) + oc_chunk_3)
                        v_oh = T.axis.spatial(T.int64(7), oh_0 * T.int64(7) + oh_1 * T.int64(7) + oh_2 + oh_3)
                        v_ow = T.axis.spatial(T.int64(7), ow_0 * T.int64(7) + ow_1 * T.int64(7) + ow_2 + ow_3)
                        v_oc_block = T.axis.spatial(T.int64(4), oc_block_0 * T.int64(4) + oc_block_1 * T.int64(4) + oc_block_2 + oc_block_3)
                        v_ic = T.axis.reduce(T.int64(1920), ic_0 * T.int64(24) + ic_1)
                        v_kh = T.axis.reduce(T.int64(1), kh_0 + kh_1)
                        v_kw = T.axis.reduce(T.int64(1), kw_0 + kw_1)
                        T.reads(p0[v_n, v_ic // T.int64(4), v_oh + v_kh, v_ow + v_kw, v_ic % T.int64(4)], p1[v_oc_chunk, v_ic // T.int64(4), v_kh, v_kw, v_ic % T.int64(4), v_oc_block])
                        T.writes(conv2d_NCHWc[v_n, v_oc_chunk, v_oh, v_ow, v_oc_block])
                        T.block_attr({"meta_schedule.tiling_structure": "SSRSRS"})
                        with T.init():
                            conv2d_NCHWc[v_n, v_oc_chunk, v_oh, v_ow, v_oc_block] = T.float32(0)
                        conv2d_NCHWc[v_n, v_oc_chunk, v_oh, v_ow, v_oc_block] = conv2d_NCHWc[v_n, v_oc_chunk, v_oh, v_ow, v_oc_block] + p0[v_n, v_ic // T.int64(4), v_oh + v_kh, v_ow + v_kw, v_ic % T.int64(4)] * p1[v_oc_chunk, v_ic // T.int64(4), v_kh, v_kw, v_ic % T.int64(4), v_oc_block]
                for ax0, ax1, ax2, ax3, ax4 in T.grid(T.int64(1), T.int64(12), T.int64(7), T.int64(7), T.int64(4)):
                    with T.block("T_relu"):
                        v_ax0 = T.axis.spatial(T.int64(1), ax0)
                        v_ax1 = T.axis.spatial(T.int64(48), oc_chunk_0 * T.int64(12) + ax1)
                        v_ax2, v_ax3, v_ax4 = T.axis.remap("SSS", [ax2, ax3, ax4])
                        T.reads(conv2d_NCHWc[v_ax0, v_ax1, v_ax2, v_ax3, v_ax4], p2[v_ax0, v_ax1, T.int64(0), T.int64(0), v_ax4])
                        T.writes(T_relu[v_ax0, v_ax1, v_ax2, v_ax3, v_ax4])
                        T_relu[v_ax0, v_ax1, v_ax2, v_ax3, v_ax4] = T.max(conv2d_NCHWc[v_ax0, v_ax1, v_ax2, v_ax3, v_ax4] + p2[v_ax0, v_ax1, T.int64(0), T.int64(0), v_ax4], T.float32(0))
b0 = sch.get_block(name="conv2d_NCHWc", func_name="main")
b1 = sch.get_block(name="T_add", func_name="main")
b2 = sch.get_block(name="root", func_name="main")
sch.compute_inline(block=b1)
sch.annotate(block_or_loop=b0, ann_key="meta_schedule.tiling_structure", ann_val="SSRSRS")
l3, l4, l5, l6, l7, l8, l9, l10 = sch.get_loops(block=b0)
v11, v12, v13, v14 = sch.sample_perfect_tile(loop=l3, n=4, max_innermost_factor=64, decision=[1, 1, 1, 1])
l15, l16, l17, l18 = sch.split(loop=l3, factors=[v11, v12, v13, v14], preserve_unit_iters=True)
v19, v20, v21, v22 = sch.sample_perfect_tile(loop=l4, n=4, max_innermost_factor=64, decision=[4, 1, 2, 6])
l23, l24, l25, l26 = sch.split(loop=l4, factors=[v19, v20, v21, v22], preserve_unit_iters=True)
v27, v28, v29, v30 = sch.sample_perfect_tile(loop=l5, n=4, max_innermost_factor=64, decision=[1, 1, 7, 1])
l31, l32, l33, l34 = sch.split(loop=l5, factors=[v27, v28, v29, v30], preserve_unit_iters=True)
v35, v36, v37, v38 = sch.sample_perfect_tile(loop=l6, n=4, max_innermost_factor=64, decision=[1, 1, 7, 1])
l39, l40, l41, l42 = sch.split(loop=l6, factors=[v35, v36, v37, v38], preserve_unit_iters=True)
v43, v44, v45, v46 = sch.sample_perfect_tile(loop=l7, n=4, max_innermost_factor=64, decision=[1, 1, 4, 1])
l47, l48, l49, l50 = sch.split(loop=l7, factors=[v43, v44, v45, v46], preserve_unit_iters=True)
v51, v52 = sch.sample_perfect_tile(loop=l8, n=2, max_innermost_factor=64, decision=[80, 24])
l53, l54 = sch.split(loop=l8, factors=[v51, v52], preserve_unit_iters=True)
v55, v56 = sch.sample_perfect_tile(loop=l9, n=2, max_innermost_factor=64, decision=[1, 1])
l57, l58 = sch.split(loop=l9, factors=[v55, v56], preserve_unit_iters=True)
v59, v60 = sch.sample_perfect_tile(loop=l10, n=2, max_innermost_factor=64, decision=[1, 1])
l61, l62 = sch.split(loop=l10, factors=[v59, v60], preserve_unit_iters=True)
sch.reorder(l15, l23, l31, l39, l47, l16, l24, l32, l40, l48, l53, l57, l61, l17, l25, l33, l41, l49, l54, l58, l62, l18, l26, l34, l42, l50)
b63, = sch.get_consumers(block=b0)
sch.reverse_compute_at(block=b63, loop=l47, preserve_unit_loops=True, index=-1)
sch.annotate(block_or_loop=b2, ann_key="meta_schedule.parallel", ann_val=768)
sch.annotate(block_or_loop=b2, ann_key="meta_schedule.vectorize", ann_val=64)
v64 = sch.sample_categorical(candidates=[0, 16, 64, 512], probs=[0.25, 0.25, 0.25, 0.25], decision=0)
sch.annotate(block_or_loop=b2, ann_key="meta_schedule.unroll_explicit", ann_val=v64)
2024-04-29 02:41:33 [INFO] [evolutionary_search.cc:713] Generating candidates......
2024-04-29 02:41:33 [INFO] [evolutionary_search.cc:715] Picked top 0 candidate(s) from database
2024-04-29 02:41:35 [INFO] [evolutionary_search.cc:533] Sample-Init-Population summary:
Postproc #0 [meta_schedule.DisallowDynamicLoop(0x106016e8)]: 0 failure(s)
Postproc #1 [meta_schedule.RewriteParallelVectorizeUnroll(0x5c58088)]: 0 failure(s)
Postproc #2 [meta_schedule.RewriteReductionBlock(0xc8de418)]: 0 failure(s)
Postproc #3 [meta_schedule.RewriteLayout(0xc242988)]: 0 failure(s)
2024-04-29 02:41:35 [INFO] [evolutionary_search.cc:723] Sampled 512 candidate(s)
2024-04-29 02:41:38 [INFO] [evolutionary_search.cc:621] Evolve iter #0 done. Summary:
Postproc #0 [meta_schedule.DisallowDynamicLoop(0x106016e8)]: 0 failure(s)
Postproc #1 [meta_schedule.RewriteParallelVectorizeUnroll(0x5c58088)]: 0 failure(s)
Postproc #2 [meta_schedule.RewriteReductionBlock(0xc8de418)]: 0 failure(s)
Postproc #3 [meta_schedule.RewriteLayout(0xc242988)]: 0 failure(s)
2024-04-29 02:41:41 [INFO] [evolutionary_search.cc:621] Evolve iter #1 done. Summary:
Postproc #0 [meta_schedule.DisallowDynamicLoop(0x106016e8)]: 0 failure(s)
Postproc #1 [meta_schedule.RewriteParallelVectorizeUnroll(0x5c58088)]: 0 failure(s)
Postproc #2 [meta_schedule.RewriteReductionBlock(0xc8de418)]: 0 failure(s)
Postproc #3 [meta_schedule.RewriteLayout(0xc242988)]: 0 failure(s)
2024-04-29 02:41:44 [INFO] [evolutionary_search.cc:621] Evolve iter #2 done. Summary:
Postproc #0 [meta_schedule.DisallowDynamicLoop(0x106016e8)]: 0 failure(s)
Postproc #1 [meta_schedule.RewriteParallelVectorizeUnroll(0x5c58088)]: 0 failure(s)
Postproc #2 [meta_schedule.RewriteReductionBlock(0xc8de418)]: 0 failure(s)
Postproc #3 [meta_schedule.RewriteLayout(0xc242988)]: 0 failure(s)
2024-04-29 02:41:47 [INFO] [evolutionary_search.cc:621] Evolve iter #3 done. Summary:
Postproc #0 [meta_schedule.DisallowDynamicLoop(0x106016e8)]: 0 failure(s)
Postproc #1 [meta_schedule.RewriteParallelVectorizeUnroll(0x5c58088)]: 0 failure(s)
Postproc #2 [meta_schedule.RewriteReductionBlock(0xc8de418)]: 0 failure(s)
Postproc #3 [meta_schedule.RewriteLayout(0xc242988)]: 0 failure(s)
2024-04-29 02:41:48 [INFO] [evolutionary_search.cc:649] Scores of the best 64 candidates:
[1 : 16]:	0.9993  0.9981  0.9976  0.9972  0.9969  0.9962  0.9959  0.9942  0.9926  0.9923  0.9919  0.9912  0.9910  0.9902  0.9901  0.9888
[17 : 32]:	0.9887  0.9885  0.9881  0.9879  0.9876  0.9873  0.9871  0.9871  0.9870  0.9870  0.9869  0.9868  0.9855  0.9847  0.9845  0.9845
[33 : 48]:	0.9842  0.9836  0.9825  0.9825  0.9819  0.9819  0.9817  0.9815  0.9811  0.9789  0.9789  0.9783  0.9773  0.9771  0.9770  0.9766
[49 : 64]:	0.9762  0.9757  0.9748  0.9742  0.9738  0.9738  0.9738  0.9737  0.9717  0.9715  0.9712  0.9707  0.9704  0.9702  0.9690  0.9687
2024-04-29 02:41:48 [INFO] [evolutionary_search.cc:727] Got 64 candidate(s) with evolutionary search
2024-04-29 02:41:48 [INFO] [evolutionary_search.cc:730] Sending 63 candidates(s) for measurement
2024-04-29 05:03:38 [INFO] [task_scheduler.cc:131] [Task #5: fused_nn_contrib_conv2d_NCHWc_add_nn_relu_5] Trial #1: GFLOPs: 38.4919. Time: 939.0417 us. Best GFLOPs: 38.4919
2024-04-29 05:03:38 [INFO] [task_scheduler.cc:131] [Task #5: fused_nn_contrib_conv2d_NCHWc_add_nn_relu_5] Trial #2: GFLOPs: 22.9484. Time: 1575.0771 us. Best GFLOPs: 38.4919
2024-04-29 05:03:38 [INFO] [task_scheduler.cc:131] [Task #5: fused_nn_contrib_conv2d_NCHWc_add_nn_relu_5] Trial #3: GFLOPs: 22.2435. Time: 1624.9902 us. Best GFLOPs: 38.4919
2024-04-29 05:03:38 [INFO] [task_scheduler.cc:131] [Task #5: fused_nn_contrib_conv2d_NCHWc_add_nn_relu_5] Trial #4: GFLOPs: 80.6297. Time: 448.2907 us. Best GFLOPs: 80.6297
2024-04-29 05:03:38 [INFO] [task_scheduler.cc:131] [Task #5: fused_nn_contrib_conv2d_NCHWc_add_nn_relu_5] Trial #5: GFLOPs: 13.2090. Time: 2736.4303 us. Best GFLOPs: 80.6297
2024-04-29 05:03:38 [INFO] [task_scheduler.cc:131] [Task #5: fused_nn_contrib_conv2d_NCHWc_add_nn_relu_5] Trial #6: GFLOPs: 4.4467. Time: 8128.6188 us. Best GFLOPs: 80.6297
2024-04-29 05:03:38 [INFO] [task_scheduler.cc:131] [Task #5: fused_nn_contrib_conv2d_NCHWc_add_nn_relu_5] Trial #7: GFLOPs: 53.6736. Time: 673.4326 us. Best GFLOPs: 80.6297
2024-04-29 05:03:38 [INFO] [task_scheduler.cc:131] [Task #5: fused_nn_contrib_conv2d_NCHWc_add_nn_relu_5] Trial #8: GFLOPs: 101.3628. Time: 356.5957 us. Best GFLOPs: 101.3628
2024-04-29 05:03:38 [INFO] [task_scheduler.cc:121] [Task #5: fused_nn_contrib_conv2d_NCHWc_add_nn_relu_5] Trial #9: Error in building:
LocalBuilder: Timeout, killed after 30.0 seconds
# from tvm.script import ir as I
# from tvm.script import tir as T

@I.ir_module
class Module:
    @T.prim_func
    def main(p0: T.Buffer((T.int64(1), T.int64(480), T.int64(7), T.int64(7), T.int64(4)), "float32"), p1: T.Buffer((T.int64(48), T.int64(480), T.int64(1), T.int64(1), T.int64(4), T.int64(4)), "float32"), p2: T.Buffer((T.int64(1), T.int64(48), T.int64(1), T.int64(1), T.int64(4)), "float32"), T_relu: T.Buffer((T.int64(1), T.int64(48), T.int64(7), T.int64(7), T.int64(4)), "float32")):
        T.func_attr({"tir.noalias": T.bool(True)})
        # with T.block("root"):
        conv2d_NCHWc = T.alloc_buffer((T.int64(1), T.int64(48), T.int64(7), T.int64(7), T.int64(4)))
        for n_0 in T.serial(T.int64(1), annotations={"pragma_auto_unroll_max_step": 512, "pragma_unroll_explicit": 1}):
            for oc_chunk_0, oh_0, ow_0, oc_block_0 in T.grid(T.int64(1), T.int64(1), T.int64(1), T.int64(1)):
                for n_1, oc_chunk_1, oh_1, ow_1, oc_block_1 in T.grid(T.int64(1), T.int64(1), T.int64(1), T.int64(1), T.int64(2)):
                    for n_2_init, oc_chunk_2_init, oh_2_init, ow_2_init, oc_block_2_init, n_3_init, oc_chunk_3_init, oh_3_init, ow_3_init in T.grid(T.int64(1), T.int64(3), T.int64(7), T.int64(7), T.int64(1), T.int64(1), T.int64(16), T.int64(1), T.int64(1)):
                        for oc_block_3_fused_init in T.vectorized(T.int64(2)):
                            with T.block("conv2d_NCHWc_init"):
                                v_n = T.axis.spatial(T.int64(1), n_0 + n_1 + n_2_init + n_3_init)
                                v_oc_chunk = T.axis.spatial(T.int64(48), oc_chunk_0 * T.int64(48) + oc_chunk_1 * T.int64(48) + oc_chunk_2_init * T.int64(16) + oc_chunk_3_init)
                                v_oh = T.axis.spatial(T.int64(7), oh_0 * T.int64(7) + oh_1 * T.int64(7) + oh_2_init + oh_3_init)
                                v_ow = T.axis.spatial(T.int64(7), ow_0 * T.int64(7) + ow_1 * T.int64(7) + ow_2_init + ow_3_init)
                                v_oc_block = T.axis.spatial(T.int64(4), oc_block_0 * T.int64(4) + oc_block_1 * T.int64(2) + oc_block_2_init * T.int64(2) + oc_block_3_fused_init)
                                T.reads()
                                T.writes(conv2d_NCHWc[v_n, v_oc_chunk, v_oh, v_ow, v_oc_block])
                                T.block_attr({"meta_schedule.tiling_structure": "SSRSRS"})
                                conv2d_NCHWc[v_n, v_oc_chunk, v_oh, v_ow, v_oc_block] = T.float32(0)
                    for ic_0, kh_0, kw_0, n_2, oc_chunk_2, oh_2, ow_2, oc_block_2, ic_1, kh_1, kw_1, n_3, oc_chunk_3, oh_3, ow_3 in T.grid(T.int64(640), T.int64(1), T.int64(1), T.int64(1), T.int64(3), T.int64(7), T.int64(7), T.int64(1), T.int64(3), T.int64(1), T.int64(1), T.int64(1), T.int64(16), T.int64(1), T.int64(1)):
                        for oc_block_3_fused in T.vectorized(T.int64(2)):
                            with T.block("conv2d_NCHWc_update"):
                                v_n = T.axis.spatial(T.int64(1), n_0 + n_1 + n_2 + n_3)
                                v_oc_chunk = T.axis.spatial(T.int64(48), oc_chunk_0 * T.int64(48) + oc_chunk_1 * T.int64(48) + oc_chunk_2 * T.int64(16) + oc_chunk_3)
                                v_oh = T.axis.spatial(T.int64(7), oh_0 * T.int64(7) + oh_1 * T.int64(7) + oh_2 + oh_3)
                                v_ow = T.axis.spatial(T.int64(7), ow_0 * T.int64(7) + ow_1 * T.int64(7) + ow_2 + ow_3)
                                v_oc_block = T.axis.spatial(T.int64(4), oc_block_0 * T.int64(4) + oc_block_1 * T.int64(2) + oc_block_2 * T.int64(2) + oc_block_3_fused)
                                v_ic = T.axis.reduce(T.int64(1920), ic_0 * T.int64(3) + ic_1)
                                v_kh = T.axis.reduce(T.int64(1), kh_0 + kh_1)
                                v_kw = T.axis.reduce(T.int64(1), kw_0 + kw_1)
                                T.reads(conv2d_NCHWc[v_n, v_oc_chunk, v_oh, v_ow, v_oc_block], p0[v_n, v_ic // T.int64(4), v_oh + v_kh, v_ow + v_kw, v_ic % T.int64(4)], p1[v_oc_chunk, v_ic // T.int64(4), v_kh, v_kw, v_ic % T.int64(4), v_oc_block])
                                T.writes(conv2d_NCHWc[v_n, v_oc_chunk, v_oh, v_ow, v_oc_block])
                                T.block_attr({"meta_schedule.tiling_structure": "SSRSRS"})
                                conv2d_NCHWc[v_n, v_oc_chunk, v_oh, v_ow, v_oc_block] = conv2d_NCHWc[v_n, v_oc_chunk, v_oh, v_ow, v_oc_block] + p0[v_n, v_ic // T.int64(4), v_oh + v_kh, v_ow + v_kw, v_ic % T.int64(4)] * p1[v_oc_chunk, v_ic // T.int64(4), v_kh, v_kw, v_ic % T.int64(4), v_oc_block]
                for ax0, ax1, ax2 in T.grid(T.int64(1), T.int64(48), T.int64(7)):
                    for ax3_ax4_fused in T.vectorized(T.int64(28)):
                        with T.block("T_relu"):
                            v_ax0, v_ax1, v_ax2 = T.axis.remap("SSS", [ax0, ax1, ax2])
                            v_ax3 = T.axis.spatial(T.int64(7), ax3_ax4_fused // T.int64(4))
                            v_ax4 = T.axis.spatial(T.int64(4), ax3_ax4_fused % T.int64(4))
                            T.reads(conv2d_NCHWc[v_ax0, v_ax1, v_ax2, v_ax3, v_ax4], p2[v_ax0, v_ax1, T.int64(0), T.int64(0), v_ax4])
                            T.writes(T_relu[v_ax0, v_ax1, v_ax2, v_ax3, v_ax4])
                            T_relu[v_ax0, v_ax1, v_ax2, v_ax3, v_ax4] = T.max(conv2d_NCHWc[v_ax0, v_ax1, v_ax2, v_ax3, v_ax4] + p2[v_ax0, v_ax1, T.int64(0), T.int64(0), v_ax4], T.float32(0))
b0 = sch.get_block(name="conv2d_NCHWc", func_name="main")
b1 = sch.get_block(name="T_add", func_name="main")
b2 = sch.get_block(name="root", func_name="main")
sch.compute_inline(block=b1)
sch.annotate(block_or_loop=b0, ann_key="meta_schedule.tiling_structure", ann_val="SSRSRS")
l3, l4, l5, l6, l7, l8, l9, l10 = sch.get_loops(block=b0)
v11, v12, v13, v14 = sch.sample_perfect_tile(loop=l3, n=4, max_innermost_factor=64, decision=[1, 1, 1, 1])
l15, l16, l17, l18 = sch.split(loop=l3, factors=[v11, v12, v13, v14], preserve_unit_iters=True)
v19, v20, v21, v22 = sch.sample_perfect_tile(loop=l4, n=4, max_innermost_factor=64, decision=[1, 1, 3, 16])
l23, l24, l25, l26 = sch.split(loop=l4, factors=[v19, v20, v21, v22], preserve_unit_iters=True)
v27, v28, v29, v30 = sch.sample_perfect_tile(loop=l5, n=4, max_innermost_factor=64, decision=[1, 1, 7, 1])
l31, l32, l33, l34 = sch.split(loop=l5, factors=[v27, v28, v29, v30], preserve_unit_iters=True)
v35, v36, v37, v38 = sch.sample_perfect_tile(loop=l6, n=4, max_innermost_factor=64, decision=[1, 1, 7, 1])
l39, l40, l41, l42 = sch.split(loop=l6, factors=[v35, v36, v37, v38], preserve_unit_iters=True)
v43, v44, v45, v46 = sch.sample_perfect_tile(loop=l7, n=4, max_innermost_factor=64, decision=[1, 2, 1, 2])
l47, l48, l49, l50 = sch.split(loop=l7, factors=[v43, v44, v45, v46], preserve_unit_iters=True)
v51, v52 = sch.sample_perfect_tile(loop=l8, n=2, max_innermost_factor=64, decision=[640, 3])
l53, l54 = sch.split(loop=l8, factors=[v51, v52], preserve_unit_iters=True)
v55, v56 = sch.sample_perfect_tile(loop=l9, n=2, max_innermost_factor=64, decision=[1, 1])
l57, l58 = sch.split(loop=l9, factors=[v55, v56], preserve_unit_iters=True)
v59, v60 = sch.sample_perfect_tile(loop=l10, n=2, max_innermost_factor=64, decision=[1, 1])
l61, l62 = sch.split(loop=l10, factors=[v59, v60], preserve_unit_iters=True)
sch.reorder(l15, l23, l31, l39, l47, l16, l24, l32, l40, l48, l53, l57, l61, l17, l25, l33, l41, l49, l54, l58, l62, l18, l26, l34, l42, l50)
b63, = sch.get_consumers(block=b0)
sch.reverse_compute_at(block=b63, loop=l47, preserve_unit_loops=True, index=-1)
sch.annotate(block_or_loop=b2, ann_key="meta_schedule.parallel", ann_val=768)
sch.annotate(block_or_loop=b2, ann_key="meta_schedule.vectorize", ann_val=64)
v64 = sch.sample_categorical(candidates=[0, 16, 64, 512], probs=[0.25, 0.25, 0.25, 0.25], decision=3)
sch.annotate(block_or_loop=b2, ann_key="meta_schedule.unroll_explicit", ann_val=v64)
sch.enter_postproc()
b65 = sch.get_block(name="root", func_name="main")
sch.unannotate(block_or_loop=b65, ann_key="meta_schedule.parallel")
sch.unannotate(block_or_loop=b65, ann_key="meta_schedule.vectorize")
sch.unannotate(block_or_loop=b65, ann_key="meta_schedule.unroll_explicit")
b66, b67 = sch.get_child_blocks(b65)
l68, l69, l70, l71, l72, l73, l74, l75, l76, l77, l78, l79, l80, l81, l82, l83, l84, l85, l86, l87, l88, l89, l90, l91, l92, l93 = sch.get_loops(block=b66)
l94 = sch.fuse(l93, preserve_unit_iters=True)
sch.vectorize(loop=l94)
sch.annotate(block_or_loop=l68, ann_key="pragma_auto_unroll_max_step", ann_val=512)
sch.annotate(block_or_loop=l68, ann_key="pragma_unroll_explicit", ann_val=1)
l95, l96, l97, l98, l99, l100, l101, l102, l103, l104 = sch.get_loops(block=b67)
l105 = sch.fuse(l103, l104, preserve_unit_iters=True)
sch.vectorize(loop=l105)
b106 = sch.get_block(name="conv2d_NCHWc", func_name="main")
l107, l108, l109, l110, l111, l112, l113, l114, l115, l116, l117, l118, l119, l120, l121, l122, l123, l124, l125, l126, l127, l128, l129, l130, l131, l132 = sch.get_loops(block=b106)
b133 = sch.decompose_reduction(block=b106, loop=l117)
2024-04-29 05:03:38 [INFO] [task_scheduler.cc:131] [Task #5: fused_nn_contrib_conv2d_NCHWc_add_nn_relu_5] Trial #10: GFLOPs: 84.1526. Time: 429.5235 us. Best GFLOPs: 101.3628
2024-04-29 05:03:38 [INFO] [task_scheduler.cc:131] [Task #5: fused_nn_contrib_conv2d_NCHWc_add_nn_relu_5] Trial #11: GFLOPs: 70.4892. Time: 512.7808 us. Best GFLOPs: 101.3628
2024-04-29 05:03:38 [INFO] [task_scheduler.cc:131] [Task #5: fused_nn_contrib_conv2d_NCHWc_add_nn_relu_5] Trial #12: GFLOPs: 20.8865. Time: 1730.5729 us. Best GFLOPs: 101.3628
2024-04-29 05:03:38 [INFO] [task_scheduler.cc:131] [Task #5: fused_nn_contrib_conv2d_NCHWc_add_nn_relu_5] Trial #13: GFLOPs: 118.4876. Time: 305.0577 us. Best GFLOPs: 118.4876
2024-04-29 05:03:38 [INFO] [task_scheduler.cc:131] [Task #5: fused_nn_contrib_conv2d_NCHWc_add_nn_relu_5] Trial #14: GFLOPs: 5.3972. Time: 6697.0727 us. Best GFLOPs: 118.4876
2024-04-29 05:03:38 [INFO] [task_scheduler.cc:131] [Task #5: fused_nn_contrib_conv2d_NCHWc_add_nn_relu_5] Trial #15: GFLOPs: 81.1910. Time: 445.1913 us. Best GFLOPs: 118.4876
2024-04-29 05:03:38 [INFO] [task_scheduler.cc:131] [Task #5: fused_nn_contrib_conv2d_NCHWc_add_nn_relu_5] Trial #16: GFLOPs: 42.0709. Time: 859.1586 us. Best GFLOPs: 118.4876
2024-04-29 05:03:38 [INFO] [task_scheduler.cc:131] [Task #5: fused_nn_contrib_conv2d_NCHWc_add_nn_relu_5] Trial #17: GFLOPs: 119.7303. Time: 301.8913 us. Best GFLOPs: 119.7303
2024-04-29 05:03:38 [INFO] [task_scheduler.cc:131] [Task #5: fused_nn_contrib_conv2d_NCHWc_add_nn_relu_5] Trial #18: GFLOPs: 38.8431. Time: 930.5516 us. Best GFLOPs: 119.7303
2024-04-29 05:03:38 [INFO] [task_scheduler.cc:131] [Task #5: fused_nn_contrib_conv2d_NCHWc_add_nn_relu_5] Trial #19: GFLOPs: 52.4123. Time: 689.6379 us. Best GFLOPs: 119.7303
2024-04-29 05:03:38 [INFO] [task_scheduler.cc:131] [Task #5: fused_nn_contrib_conv2d_NCHWc_add_nn_relu_5] Trial #20: GFLOPs: 73.2635. Time: 493.3632 us. Best GFLOPs: 119.7303
2024-04-29 05:03:38 [INFO] [task_scheduler.cc:131] [Task #5: fused_nn_contrib_conv2d_NCHWc_add_nn_relu_5] Trial #21: GFLOPs: 0.1946. Time: 185700.7990 us. Best GFLOPs: 119.7303
2024-04-29 05:03:38 [INFO] [task_scheduler.cc:131] [Task #5: fused_nn_contrib_conv2d_NCHWc_add_nn_relu_5] Trial #22: GFLOPs: 34.1115. Time: 1059.6285 us. Best GFLOPs: 119.7303
2024-04-29 05:03:38 [INFO] [task_scheduler.cc:131] [Task #5: fused_nn_contrib_conv2d_NCHWc_add_nn_relu_5] Trial #23: GFLOPs: 47.0109. Time: 768.8758 us. Best GFLOPs: 119.7303
2024-04-29 05:03:38 [INFO] [task_scheduler.cc:131] [Task #5: fused_nn_contrib_conv2d_NCHWc_add_nn_relu_5] Trial #24: GFLOPs: 54.4904. Time: 663.3383 us. Best GFLOPs: 119.7303
2024-04-29 05:03:38 [INFO] [task_scheduler.cc:131] [Task #5: fused_nn_contrib_conv2d_NCHWc_add_nn_relu_5] Trial #25: GFLOPs: 53.6498. Time: 673.7313 us. Best GFLOPs: 119.7303
2024-04-29 05:03:38 [INFO] [task_scheduler.cc:131] [Task #5: fused_nn_contrib_conv2d_NCHWc_add_nn_relu_5] Trial #26: GFLOPs: 9.3843. Time: 3851.7214 us. Best GFLOPs: 119.7303
2024-04-29 05:03:38 [INFO] [task_scheduler.cc:131] [Task #5: fused_nn_contrib_conv2d_NCHWc_add_nn_relu_5] Trial #27: GFLOPs: 135.7681. Time: 266.2299 us. Best GFLOPs: 135.7681
2024-04-29 05:03:38 [INFO] [task_scheduler.cc:131] [Task #5: fused_nn_contrib_conv2d_NCHWc_add_nn_relu_5] Trial #28: GFLOPs: 3.4284. Time: 10542.8829 us. Best GFLOPs: 135.7681
2024-04-29 05:03:38 [INFO] [task_scheduler.cc:131] [Task #5: fused_nn_contrib_conv2d_NCHWc_add_nn_relu_5] Trial #29: GFLOPs: 22.3070. Time: 1620.3650 us. Best GFLOPs: 135.7681
2024-04-29 05:03:38 [INFO] [task_scheduler.cc:131] [Task #5: fused_nn_contrib_conv2d_NCHWc_add_nn_relu_5] Trial #30: GFLOPs: 34.6105. Time: 1044.3505 us. Best GFLOPs: 135.7681
2024-04-29 05:03:38 [INFO] [task_scheduler.cc:131] [Task #5: fused_nn_contrib_conv2d_NCHWc_add_nn_relu_5] Trial #31: GFLOPs: 83.9491. Time: 430.5647 us. Best GFLOPs: 135.7681
2024-04-29 05:03:38 [INFO] [task_scheduler.cc:131] [Task #5: fused_nn_contrib_conv2d_NCHWc_add_nn_relu_5] Trial #32: GFLOPs: 42.0349. Time: 859.8930 us. Best GFLOPs: 135.7681
2024-04-29 05:03:38 [INFO] [task_scheduler.cc:131] [Task #5: fused_nn_contrib_conv2d_NCHWc_add_nn_relu_5] Trial #33: GFLOPs: 30.3487. Time: 1191.0092 us. Best GFLOPs: 135.7681
2024-04-29 05:03:38 [INFO] [task_scheduler.cc:131] [Task #5: fused_nn_contrib_conv2d_NCHWc_add_nn_relu_5] Trial #34: GFLOPs: 32.2203. Time: 1121.8262 us. Best GFLOPs: 135.7681
2024-04-29 05:03:38 [INFO] [task_scheduler.cc:131] [Task #5: fused_nn_contrib_conv2d_NCHWc_add_nn_relu_5] Trial #35: GFLOPs: 21.9799. Time: 1644.4850 us. Best GFLOPs: 135.7681
2024-04-29 05:03:38 [INFO] [task_scheduler.cc:131] [Task #5: fused_nn_contrib_conv2d_NCHWc_add_nn_relu_5] Trial #36: GFLOPs: 141.1688. Time: 256.0448 us. Best GFLOPs: 141.1688
2024-04-29 05:03:38 [INFO] [task_scheduler.cc:131] [Task #5: fused_nn_contrib_conv2d_NCHWc_add_nn_relu_5] Trial #37: GFLOPs: 6.7776. Time: 5333.0916 us. Best GFLOPs: 141.1688
2024-04-29 05:03:38 [INFO] [task_scheduler.cc:131] [Task #5: fused_nn_contrib_conv2d_NCHWc_add_nn_relu_5] Trial #38: GFLOPs: 2.8351. Time: 12749.2049 us. Best GFLOPs: 141.1688
2024-04-29 05:03:38 [INFO] [task_scheduler.cc:131] [Task #5: fused_nn_contrib_conv2d_NCHWc_add_nn_relu_5] Trial #39: GFLOPs: 4.8032. Time: 7525.2901 us. Best GFLOPs: 141.1688
2024-04-29 05:03:38 [INFO] [task_scheduler.cc:131] [Task #5: fused_nn_contrib_conv2d_NCHWc_add_nn_relu_5] Trial #40: GFLOPs: 62.9364. Time: 574.3188 us. Best GFLOPs: 141.1688
2024-04-29 05:03:38 [INFO] [task_scheduler.cc:131] [Task #5: fused_nn_contrib_conv2d_NCHWc_add_nn_relu_5] Trial #41: GFLOPs: 24.3630. Time: 1483.6226 us. Best GFLOPs: 141.1688
2024-04-29 05:03:38 [INFO] [task_scheduler.cc:131] [Task #5: fused_nn_contrib_conv2d_NCHWc_add_nn_relu_5] Trial #42: GFLOPs: 96.9511. Time: 372.8225 us. Best GFLOPs: 141.1688
2024-04-29 05:03:38 [INFO] [task_scheduler.cc:131] [Task #5: fused_nn_contrib_conv2d_NCHWc_add_nn_relu_5] Trial #43: GFLOPs: 13.7504. Time: 2628.6954 us. Best GFLOPs: 141.1688
2024-04-29 05:03:38 [INFO] [task_scheduler.cc:131] [Task #5: fused_nn_contrib_conv2d_NCHWc_add_nn_relu_5] Trial #44: GFLOPs: 49.7533. Time: 726.4953 us. Best GFLOPs: 141.1688
2024-04-29 05:03:38 [INFO] [task_scheduler.cc:131] [Task #5: fused_nn_contrib_conv2d_NCHWc_add_nn_relu_5] Trial #45: GFLOPs: 71.4897. Time: 505.6048 us. Best GFLOPs: 141.1688
2024-04-29 05:03:38 [INFO] [task_scheduler.cc:131] [Task #5: fused_nn_contrib_conv2d_NCHWc_add_nn_relu_5] Trial #46: GFLOPs: 111.7066. Time: 323.5755 us. Best GFLOPs: 141.1688
2024-04-29 05:03:38 [INFO] [task_scheduler.cc:131] [Task #5: fused_nn_contrib_conv2d_NCHWc_add_nn_relu_5] Trial #47: GFLOPs: 115.1251. Time: 313.9674 us. Best GFLOPs: 141.1688
2024-04-29 05:03:38 [INFO] [task_scheduler.cc:131] [Task #5: fused_nn_contrib_conv2d_NCHWc_add_nn_relu_5] Trial #48: GFLOPs: 17.7159. Time: 2040.2910 us. Best GFLOPs: 141.1688
2024-04-29 05:03:38 [INFO] [task_scheduler.cc:131] [Task #5: fused_nn_contrib_conv2d_NCHWc_add_nn_relu_5] Trial #49: GFLOPs: 22.6610. Time: 1595.0567 us. Best GFLOPs: 141.1688
2024-04-29 05:03:38 [INFO] [task_scheduler.cc:131] [Task #5: fused_nn_contrib_conv2d_NCHWc_add_nn_relu_5] Trial #50: GFLOPs: 27.7152. Time: 1304.1755 us. Best GFLOPs: 141.1688
2024-04-29 05:03:38 [INFO] [task_scheduler.cc:131] [Task #5: fused_nn_contrib_conv2d_NCHWc_add_nn_relu_5] Trial #51: GFLOPs: 5.1815. Time: 6975.8955 us. Best GFLOPs: 141.1688
2024-04-29 05:03:38 [INFO] [task_scheduler.cc:131] [Task #5: fused_nn_contrib_conv2d_NCHWc_add_nn_relu_5] Trial #52: GFLOPs: 13.9865. Time: 2584.3082 us. Best GFLOPs: 141.1688
2024-04-29 05:03:38 [INFO] [task_scheduler.cc:131] [Task #5: fused_nn_contrib_conv2d_NCHWc_add_nn_relu_5] Trial #53: GFLOPs: 90.9412. Time: 397.4604 us. Best GFLOPs: 141.1688
2024-04-29 05:03:38 [INFO] [task_scheduler.cc:131] [Task #5: fused_nn_contrib_conv2d_NCHWc_add_nn_relu_5] Trial #54: GFLOPs: 3.6977. Time: 9775.1308 us. Best GFLOPs: 141.1688
2024-04-29 05:03:38 [INFO] [task_scheduler.cc:131] [Task #5: fused_nn_contrib_conv2d_NCHWc_add_nn_relu_5] Trial #55: GFLOPs: 6.9405. Time: 5207.9169 us. Best GFLOPs: 141.1688
2024-04-29 05:03:38 [INFO] [task_scheduler.cc:131] [Task #5: fused_nn_contrib_conv2d_NCHWc_add_nn_relu_5] Trial #56: GFLOPs: 119.0816. Time: 303.5360 us. Best GFLOPs: 141.1688
2024-04-29 05:03:38 [INFO] [task_scheduler.cc:131] [Task #5: fused_nn_contrib_conv2d_NCHWc_add_nn_relu_5] Trial #57: GFLOPs: 2.1471. Time: 16834.9600 us. Best GFLOPs: 141.1688
2024-04-29 05:03:38 [INFO] [task_scheduler.cc:131] [Task #5: fused_nn_contrib_conv2d_NCHWc_add_nn_relu_5] Trial #58: GFLOPs: 103.7184. Time: 348.4968 us. Best GFLOPs: 141.1688
2024-04-29 05:03:38 [INFO] [task_scheduler.cc:131] [Task #5: fused_nn_contrib_conv2d_NCHWc_add_nn_relu_5] Trial #59: GFLOPs: 29.2619. Time: 1235.2404 us. Best GFLOPs: 141.1688
2024-04-29 05:03:38 [INFO] [task_scheduler.cc:131] [Task #5: fused_nn_contrib_conv2d_NCHWc_add_nn_relu_5] Trial #60: GFLOPs: 26.9255. Time: 1342.4282 us. Best GFLOPs: 141.1688
2024-04-29 05:03:38 [INFO] [task_scheduler.cc:131] [Task #5: fused_nn_contrib_conv2d_NCHWc_add_nn_relu_5] Trial #61: GFLOPs: 3.9051. Time: 9255.9934 us. Best GFLOPs: 141.1688
2024-04-29 05:03:38 [INFO] [task_scheduler.cc:131] [Task #5: fused_nn_contrib_conv2d_NCHWc_add_nn_relu_5] Trial #62: GFLOPs: 6.9634. Time: 5190.8087 us. Best GFLOPs: 141.1688
2024-04-29 05:03:38 [INFO] [task_scheduler.cc:131] [Task #5: fused_nn_contrib_conv2d_NCHWc_add_nn_relu_5] Trial #63: GFLOPs: 94.4069. Time: 382.8698 us. Best GFLOPs: 141.1688
