2024-04-29 02:31:28 [INFO] [task_scheduler.cc:160] Initializing Task #48: "fused_nn_contrib_conv2d_NCHWc_add_nn_relu_47"
2024-04-29 02:31:28 [INFO] [task_scheduler.cc:35] 
# from tvm.script import ir as I
# from tvm.script import tir as T

@I.ir_module
class Module:
    @T.prim_func
    def main(p0: T.Buffer((T.int64(1), T.int64(240), T.int64(14), T.int64(14), T.int64(4)), "float32"), p1: T.Buffer((T.int64(48), T.int64(240), T.int64(1), T.int64(1), T.int64(4), T.int64(4)), "float32"), p2: T.Buffer((T.int64(1), T.int64(48), T.int64(1), T.int64(1), T.int64(4)), "float32"), T_relu: T.Buffer((T.int64(1), T.int64(48), T.int64(14), T.int64(14), T.int64(4)), "float32")):
        T.func_attr({"tir.noalias": T.bool(True)})
        # with T.block("root"):
        conv2d_NCHWc = T.alloc_buffer((T.int64(1), T.int64(48), T.int64(14), T.int64(14), T.int64(4)))
        T_add = T.alloc_buffer((T.int64(1), T.int64(48), T.int64(14), T.int64(14), T.int64(4)))
        for n, oc_chunk, oh, ow, oc_block, ic, kh, kw in T.grid(T.int64(1), T.int64(48), T.int64(14), T.int64(14), T.int64(4), T.int64(960), T.int64(1), T.int64(1)):
            with T.block("conv2d_NCHWc"):
                v_n, v_oc_chunk, v_oh, v_ow, v_oc_block, v_ic, v_kh, v_kw = T.axis.remap("SSSSSRRR", [n, oc_chunk, oh, ow, oc_block, ic, kh, kw])
                T.reads(p0[v_n, v_ic // T.int64(4), v_oh + v_kh, v_ow + v_kw, v_ic % T.int64(4)], p1[v_oc_chunk, v_ic // T.int64(4), v_kh, v_kw, v_ic % T.int64(4), v_oc_block])
                T.writes(conv2d_NCHWc[v_n, v_oc_chunk, v_oh, v_ow, v_oc_block])
                with T.init():
                    conv2d_NCHWc[v_n, v_oc_chunk, v_oh, v_ow, v_oc_block] = T.float32(0)
                conv2d_NCHWc[v_n, v_oc_chunk, v_oh, v_ow, v_oc_block] = conv2d_NCHWc[v_n, v_oc_chunk, v_oh, v_ow, v_oc_block] + p0[v_n, v_ic // T.int64(4), v_oh + v_kh, v_ow + v_kw, v_ic % T.int64(4)] * p1[v_oc_chunk, v_ic // T.int64(4), v_kh, v_kw, v_ic % T.int64(4), v_oc_block]
        for ax0, ax1, ax2, ax3, ax4 in T.grid(T.int64(1), T.int64(48), T.int64(14), T.int64(14), T.int64(4)):
            with T.block("T_add"):
                v_ax0, v_ax1, v_ax2, v_ax3, v_ax4 = T.axis.remap("SSSSS", [ax0, ax1, ax2, ax3, ax4])
                T.reads(conv2d_NCHWc[v_ax0, v_ax1, v_ax2, v_ax3, v_ax4], p2[v_ax0, v_ax1, T.int64(0), T.int64(0), v_ax4])
                T.writes(T_add[v_ax0, v_ax1, v_ax2, v_ax3, v_ax4])
                T_add[v_ax0, v_ax1, v_ax2, v_ax3, v_ax4] = conv2d_NCHWc[v_ax0, v_ax1, v_ax2, v_ax3, v_ax4] + p2[v_ax0, v_ax1, T.int64(0), T.int64(0), v_ax4]
        for ax0, ax1, ax2, ax3, ax4 in T.grid(T.int64(1), T.int64(48), T.int64(14), T.int64(14), T.int64(4)):
            with T.block("T_relu"):
                v_ax0, v_ax1, v_ax2, v_ax3, v_ax4 = T.axis.remap("SSSSS", [ax0, ax1, ax2, ax3, ax4])
                T.reads(T_add[v_ax0, v_ax1, v_ax2, v_ax3, v_ax4])
                T.writes(T_relu[v_ax0, v_ax1, v_ax2, v_ax3, v_ax4])
                T_relu[v_ax0, v_ax1, v_ax2, v_ax3, v_ax4] = T.max(T_add[v_ax0, v_ax1, v_ax2, v_ax3, v_ax4], T.float32(0))
2024-04-29 02:31:28 [INFO] [task_scheduler.cc:164] Total 3 design space(s) generated
2024-04-29 02:31:28 [INFO] [task_scheduler.cc:170] Design space #0:
# from tvm.script import ir as I
# from tvm.script import tir as T

@I.ir_module
class Module:
    @T.prim_func
    def main(p0: T.Buffer((T.int64(1), T.int64(240), T.int64(14), T.int64(14), T.int64(4)), "float32"), p1: T.Buffer((T.int64(48), T.int64(240), T.int64(1), T.int64(1), T.int64(4), T.int64(4)), "float32"), p2: T.Buffer((T.int64(1), T.int64(48), T.int64(1), T.int64(1), T.int64(4)), "float32"), T_relu: T.Buffer((T.int64(1), T.int64(48), T.int64(14), T.int64(14), T.int64(4)), "float32")):
        T.func_attr({"tir.noalias": T.bool(True)})
        with T.block("root"):
            T.reads()
            T.writes()
            T.block_attr({"meta_schedule.parallel": 768, "meta_schedule.unroll_explicit": 512, "meta_schedule.vectorize": 64})
            conv2d_NCHWc = T.alloc_buffer((T.int64(1), T.int64(48), T.int64(14), T.int64(14), T.int64(4)))
            for n_0, oc_chunk_0, oh_0, ow_0, oc_block_0, n_1, oc_chunk_1, oh_1, ow_1, oc_block_1, ic_0, kh_0, kw_0, n_2, oc_chunk_2, oh_2, ow_2, oc_block_2, ic_1, kh_1, kw_1, n_3, oc_chunk_3, oh_3, ow_3, oc_block_3 in T.grid(T.int64(1), T.int64(1), T.int64(2), T.int64(1), T.int64(2), T.int64(1), T.int64(1), T.int64(1), T.int64(1), T.int64(1), T.int64(320), T.int64(1), T.int64(1), T.int64(1), T.int64(24), T.int64(1), T.int64(1), T.int64(2), T.int64(3), T.int64(1), T.int64(1), T.int64(1), T.int64(2), T.int64(7), T.int64(14), T.int64(1)):
                with T.block("conv2d_NCHWc"):
                    v_n = T.axis.spatial(T.int64(1), n_0 + n_1 + n_2 + n_3)
                    v_oc_chunk = T.axis.spatial(T.int64(48), oc_chunk_0 * T.int64(48) + oc_chunk_1 * T.int64(48) + oc_chunk_2 * T.int64(2) + oc_chunk_3)
                    v_oh = T.axis.spatial(T.int64(14), oh_0 * T.int64(7) + oh_1 * T.int64(7) + oh_2 * T.int64(7) + oh_3)
                    v_ow = T.axis.spatial(T.int64(14), ow_0 * T.int64(14) + ow_1 * T.int64(14) + ow_2 * T.int64(14) + ow_3)
                    v_oc_block = T.axis.spatial(T.int64(4), oc_block_0 * T.int64(2) + oc_block_1 * T.int64(2) + oc_block_2 + oc_block_3)
                    v_ic = T.axis.reduce(T.int64(960), ic_0 * T.int64(3) + ic_1)
                    v_kh = T.axis.reduce(T.int64(1), kh_0 + kh_1)
                    v_kw = T.axis.reduce(T.int64(1), kw_0 + kw_1)
                    T.reads(p0[v_n, v_ic // T.int64(4), v_oh + v_kh, v_ow + v_kw, v_ic % T.int64(4)], p1[v_oc_chunk, v_ic // T.int64(4), v_kh, v_kw, v_ic % T.int64(4), v_oc_block])
                    T.writes(conv2d_NCHWc[v_n, v_oc_chunk, v_oh, v_ow, v_oc_block])
                    T.block_attr({"meta_schedule.tiling_structure": "SSRSRS"})
                    with T.init():
                        conv2d_NCHWc[v_n, v_oc_chunk, v_oh, v_ow, v_oc_block] = T.float32(0)
                    conv2d_NCHWc[v_n, v_oc_chunk, v_oh, v_ow, v_oc_block] = conv2d_NCHWc[v_n, v_oc_chunk, v_oh, v_ow, v_oc_block] + p0[v_n, v_ic // T.int64(4), v_oh + v_kh, v_ow + v_kw, v_ic % T.int64(4)] * p1[v_oc_chunk, v_ic // T.int64(4), v_kh, v_kw, v_ic % T.int64(4), v_oc_block]
            for ax0, ax1, ax2, ax3, ax4 in T.grid(T.int64(1), T.int64(48), T.int64(14), T.int64(14), T.int64(4)):
                with T.block("T_relu"):
                    v_ax0, v_ax1, v_ax2, v_ax3, v_ax4 = T.axis.remap("SSSSS", [ax0, ax1, ax2, ax3, ax4])
                    T.reads(conv2d_NCHWc[v_ax0, v_ax1, v_ax2, v_ax3, v_ax4], p2[v_ax0, v_ax1, T.int64(0), T.int64(0), v_ax4])
                    T.writes(T_relu[v_ax0, v_ax1, v_ax2, v_ax3, v_ax4])
                    T_relu[v_ax0, v_ax1, v_ax2, v_ax3, v_ax4] = T.max(conv2d_NCHWc[v_ax0, v_ax1, v_ax2, v_ax3, v_ax4] + p2[v_ax0, v_ax1, T.int64(0), T.int64(0), v_ax4], T.float32(0))
b0 = sch.get_block(name="conv2d_NCHWc", func_name="main")
b1 = sch.get_block(name="T_add", func_name="main")
b2 = sch.get_block(name="root", func_name="main")
sch.compute_inline(block=b1)
sch.annotate(block_or_loop=b0, ann_key="meta_schedule.tiling_structure", ann_val="SSRSRS")
l3, l4, l5, l6, l7, l8, l9, l10 = sch.get_loops(block=b0)
v11, v12, v13, v14 = sch.sample_perfect_tile(loop=l3, n=4, max_innermost_factor=64, decision=[1, 1, 1, 1])
l15, l16, l17, l18 = sch.split(loop=l3, factors=[v11, v12, v13, v14], preserve_unit_iters=True)
v19, v20, v21, v22 = sch.sample_perfect_tile(loop=l4, n=4, max_innermost_factor=64, decision=[1, 1, 24, 2])
l23, l24, l25, l26 = sch.split(loop=l4, factors=[v19, v20, v21, v22], preserve_unit_iters=True)
v27, v28, v29, v30 = sch.sample_perfect_tile(loop=l5, n=4, max_innermost_factor=64, decision=[2, 1, 1, 7])
l31, l32, l33, l34 = sch.split(loop=l5, factors=[v27, v28, v29, v30], preserve_unit_iters=True)
v35, v36, v37, v38 = sch.sample_perfect_tile(loop=l6, n=4, max_innermost_factor=64, decision=[1, 1, 1, 14])
l39, l40, l41, l42 = sch.split(loop=l6, factors=[v35, v36, v37, v38], preserve_unit_iters=True)
v43, v44, v45, v46 = sch.sample_perfect_tile(loop=l7, n=4, max_innermost_factor=64, decision=[2, 1, 2, 1])
l47, l48, l49, l50 = sch.split(loop=l7, factors=[v43, v44, v45, v46], preserve_unit_iters=True)
v51, v52 = sch.sample_perfect_tile(loop=l8, n=2, max_innermost_factor=64, decision=[320, 3])
l53, l54 = sch.split(loop=l8, factors=[v51, v52], preserve_unit_iters=True)
v55, v56 = sch.sample_perfect_tile(loop=l9, n=2, max_innermost_factor=64, decision=[1, 1])
l57, l58 = sch.split(loop=l9, factors=[v55, v56], preserve_unit_iters=True)
v59, v60 = sch.sample_perfect_tile(loop=l10, n=2, max_innermost_factor=64, decision=[1, 1])
l61, l62 = sch.split(loop=l10, factors=[v59, v60], preserve_unit_iters=True)
sch.reorder(l15, l23, l31, l39, l47, l16, l24, l32, l40, l48, l53, l57, l61, l17, l25, l33, l41, l49, l54, l58, l62, l18, l26, l34, l42, l50)
sch.annotate(block_or_loop=b2, ann_key="meta_schedule.parallel", ann_val=768)
sch.annotate(block_or_loop=b2, ann_key="meta_schedule.vectorize", ann_val=64)
v63 = sch.sample_categorical(candidates=[0, 16, 64, 512], probs=[0.25, 0.25, 0.25, 0.25], decision=3)
sch.annotate(block_or_loop=b2, ann_key="meta_schedule.unroll_explicit", ann_val=v63)
2024-04-29 02:31:28 [INFO] [task_scheduler.cc:170] Design space #1:
# from tvm.script import ir as I
# from tvm.script import tir as T

@I.ir_module
class Module:
    @T.prim_func
    def main(p0: T.Buffer((T.int64(1), T.int64(240), T.int64(14), T.int64(14), T.int64(4)), "float32"), p1: T.Buffer((T.int64(48), T.int64(240), T.int64(1), T.int64(1), T.int64(4), T.int64(4)), "float32"), p2: T.Buffer((T.int64(1), T.int64(48), T.int64(1), T.int64(1), T.int64(4)), "float32"), T_relu: T.Buffer((T.int64(1), T.int64(48), T.int64(14), T.int64(14), T.int64(4)), "float32")):
        T.func_attr({"tir.noalias": T.bool(True)})
        with T.block("root"):
            T.reads()
            T.writes()
            T.block_attr({"meta_schedule.parallel": 768, "meta_schedule.unroll_explicit": 16, "meta_schedule.vectorize": 64})
            conv2d_NCHWc = T.alloc_buffer((T.int64(1), T.int64(48), T.int64(14), T.int64(14), T.int64(4)))
            for n_0, oc_chunk_0, oh_0, ow_0, oc_block_0, n_1, oc_chunk_1, oh_1, ow_1, oc_block_1 in T.grid(T.int64(1), T.int64(1), T.int64(2), T.int64(1), T.int64(2), T.int64(1), T.int64(1), T.int64(1), T.int64(1), T.int64(1)):
                for ic_0, kh_0, kw_0, n_2, oc_chunk_2, oh_2, ow_2, oc_block_2, ic_1, kh_1, kw_1, n_3, oc_chunk_3, oh_3, ow_3, oc_block_3 in T.grid(T.int64(320), T.int64(1), T.int64(1), T.int64(1), T.int64(24), T.int64(1), T.int64(1), T.int64(2), T.int64(3), T.int64(1), T.int64(1), T.int64(1), T.int64(2), T.int64(7), T.int64(14), T.int64(1)):
                    with T.block("conv2d_NCHWc"):
                        v_n = T.axis.spatial(T.int64(1), n_0 + n_1 + n_2 + n_3)
                        v_oc_chunk = T.axis.spatial(T.int64(48), oc_chunk_0 * T.int64(48) + oc_chunk_1 * T.int64(48) + oc_chunk_2 * T.int64(2) + oc_chunk_3)
                        v_oh = T.axis.spatial(T.int64(14), oh_0 * T.int64(7) + oh_1 * T.int64(7) + oh_2 * T.int64(7) + oh_3)
                        v_ow = T.axis.spatial(T.int64(14), ow_0 * T.int64(14) + ow_1 * T.int64(14) + ow_2 * T.int64(14) + ow_3)
                        v_oc_block = T.axis.spatial(T.int64(4), oc_block_0 * T.int64(2) + oc_block_1 * T.int64(2) + oc_block_2 + oc_block_3)
                        v_ic = T.axis.reduce(T.int64(960), ic_0 * T.int64(3) + ic_1)
                        v_kh = T.axis.reduce(T.int64(1), kh_0 + kh_1)
                        v_kw = T.axis.reduce(T.int64(1), kw_0 + kw_1)
                        T.reads(p0[v_n, v_ic // T.int64(4), v_oh + v_kh, v_ow + v_kw, v_ic % T.int64(4)], p1[v_oc_chunk, v_ic // T.int64(4), v_kh, v_kw, v_ic % T.int64(4), v_oc_block])
                        T.writes(conv2d_NCHWc[v_n, v_oc_chunk, v_oh, v_ow, v_oc_block])
                        T.block_attr({"meta_schedule.tiling_structure": "SSRSRS"})
                        with T.init():
                            conv2d_NCHWc[v_n, v_oc_chunk, v_oh, v_ow, v_oc_block] = T.float32(0)
                        conv2d_NCHWc[v_n, v_oc_chunk, v_oh, v_ow, v_oc_block] = conv2d_NCHWc[v_n, v_oc_chunk, v_oh, v_ow, v_oc_block] + p0[v_n, v_ic // T.int64(4), v_oh + v_kh, v_ow + v_kw, v_ic % T.int64(4)] * p1[v_oc_chunk, v_ic // T.int64(4), v_kh, v_kw, v_ic % T.int64(4), v_oc_block]
                for ax0, ax1, ax2, ax3, ax4 in T.grid(T.int64(1), T.int64(48), T.int64(7), T.int64(14), T.int64(2)):
                    with T.block("T_relu"):
                        v_ax0, v_ax1 = T.axis.remap("SS", [ax0, ax1])
                        v_ax2 = T.axis.spatial(T.int64(14), oh_0 * T.int64(7) + ax2)
                        v_ax3 = T.axis.spatial(T.int64(14), ax3)
                        v_ax4 = T.axis.spatial(T.int64(4), oc_block_0 * T.int64(2) + ax4)
                        T.reads(conv2d_NCHWc[v_ax0, v_ax1, v_ax2, v_ax3, v_ax4], p2[v_ax0, v_ax1, T.int64(0), T.int64(0), v_ax4])
                        T.writes(T_relu[v_ax0, v_ax1, v_ax2, v_ax3, v_ax4])
                        T_relu[v_ax0, v_ax1, v_ax2, v_ax3, v_ax4] = T.max(conv2d_NCHWc[v_ax0, v_ax1, v_ax2, v_ax3, v_ax4] + p2[v_ax0, v_ax1, T.int64(0), T.int64(0), v_ax4], T.float32(0))
b0 = sch.get_block(name="conv2d_NCHWc", func_name="main")
b1 = sch.get_block(name="T_add", func_name="main")
b2 = sch.get_block(name="root", func_name="main")
sch.compute_inline(block=b1)
sch.annotate(block_or_loop=b0, ann_key="meta_schedule.tiling_structure", ann_val="SSRSRS")
l3, l4, l5, l6, l7, l8, l9, l10 = sch.get_loops(block=b0)
v11, v12, v13, v14 = sch.sample_perfect_tile(loop=l3, n=4, max_innermost_factor=64, decision=[1, 1, 1, 1])
l15, l16, l17, l18 = sch.split(loop=l3, factors=[v11, v12, v13, v14], preserve_unit_iters=True)
v19, v20, v21, v22 = sch.sample_perfect_tile(loop=l4, n=4, max_innermost_factor=64, decision=[1, 1, 24, 2])
l23, l24, l25, l26 = sch.split(loop=l4, factors=[v19, v20, v21, v22], preserve_unit_iters=True)
v27, v28, v29, v30 = sch.sample_perfect_tile(loop=l5, n=4, max_innermost_factor=64, decision=[2, 1, 1, 7])
l31, l32, l33, l34 = sch.split(loop=l5, factors=[v27, v28, v29, v30], preserve_unit_iters=True)
v35, v36, v37, v38 = sch.sample_perfect_tile(loop=l6, n=4, max_innermost_factor=64, decision=[1, 1, 1, 14])
l39, l40, l41, l42 = sch.split(loop=l6, factors=[v35, v36, v37, v38], preserve_unit_iters=True)
v43, v44, v45, v46 = sch.sample_perfect_tile(loop=l7, n=4, max_innermost_factor=64, decision=[2, 1, 2, 1])
l47, l48, l49, l50 = sch.split(loop=l7, factors=[v43, v44, v45, v46], preserve_unit_iters=True)
v51, v52 = sch.sample_perfect_tile(loop=l8, n=2, max_innermost_factor=64, decision=[320, 3])
l53, l54 = sch.split(loop=l8, factors=[v51, v52], preserve_unit_iters=True)
v55, v56 = sch.sample_perfect_tile(loop=l9, n=2, max_innermost_factor=64, decision=[1, 1])
l57, l58 = sch.split(loop=l9, factors=[v55, v56], preserve_unit_iters=True)
v59, v60 = sch.sample_perfect_tile(loop=l10, n=2, max_innermost_factor=64, decision=[1, 1])
l61, l62 = sch.split(loop=l10, factors=[v59, v60], preserve_unit_iters=True)
sch.reorder(l15, l23, l31, l39, l47, l16, l24, l32, l40, l48, l53, l57, l61, l17, l25, l33, l41, l49, l54, l58, l62, l18, l26, l34, l42, l50)
b63, = sch.get_consumers(block=b0)
sch.reverse_compute_at(block=b63, loop=l48, preserve_unit_loops=True, index=-1)
sch.annotate(block_or_loop=b2, ann_key="meta_schedule.parallel", ann_val=768)
sch.annotate(block_or_loop=b2, ann_key="meta_schedule.vectorize", ann_val=64)
v64 = sch.sample_categorical(candidates=[0, 16, 64, 512], probs=[0.25, 0.25, 0.25, 0.25], decision=1)
sch.annotate(block_or_loop=b2, ann_key="meta_schedule.unroll_explicit", ann_val=v64)
2024-04-29 02:31:28 [INFO] [task_scheduler.cc:170] Design space #2:
# from tvm.script import ir as I
# from tvm.script import tir as T

@I.ir_module
class Module:
    @T.prim_func
    def main(p0: T.Buffer((T.int64(1), T.int64(240), T.int64(14), T.int64(14), T.int64(4)), "float32"), p1: T.Buffer((T.int64(48), T.int64(240), T.int64(1), T.int64(1), T.int64(4), T.int64(4)), "float32"), p2: T.Buffer((T.int64(1), T.int64(48), T.int64(1), T.int64(1), T.int64(4)), "float32"), T_relu: T.Buffer((T.int64(1), T.int64(48), T.int64(14), T.int64(14), T.int64(4)), "float32")):
        T.func_attr({"tir.noalias": T.bool(True)})
        with T.block("root"):
            T.reads()
            T.writes()
            T.block_attr({"meta_schedule.parallel": 768, "meta_schedule.unroll_explicit": 16, "meta_schedule.vectorize": 64})
            conv2d_NCHWc = T.alloc_buffer((T.int64(1), T.int64(48), T.int64(14), T.int64(14), T.int64(4)))
            for n_0, oc_chunk_0, oh_0, ow_0, oc_block_0 in T.grid(T.int64(1), T.int64(1), T.int64(2), T.int64(1), T.int64(2)):
                for n_1, oc_chunk_1, oh_1, ow_1, oc_block_1, ic_0, kh_0, kw_0, n_2, oc_chunk_2, oh_2, ow_2, oc_block_2, ic_1, kh_1, kw_1, n_3, oc_chunk_3, oh_3, ow_3, oc_block_3 in T.grid(T.int64(1), T.int64(1), T.int64(1), T.int64(1), T.int64(1), T.int64(320), T.int64(1), T.int64(1), T.int64(1), T.int64(24), T.int64(1), T.int64(1), T.int64(2), T.int64(3), T.int64(1), T.int64(1), T.int64(1), T.int64(2), T.int64(7), T.int64(14), T.int64(1)):
                    with T.block("conv2d_NCHWc"):
                        v_n = T.axis.spatial(T.int64(1), n_0 + n_1 + n_2 + n_3)
                        v_oc_chunk = T.axis.spatial(T.int64(48), oc_chunk_0 * T.int64(48) + oc_chunk_1 * T.int64(48) + oc_chunk_2 * T.int64(2) + oc_chunk_3)
                        v_oh = T.axis.spatial(T.int64(14), oh_0 * T.int64(7) + oh_1 * T.int64(7) + oh_2 * T.int64(7) + oh_3)
                        v_ow = T.axis.spatial(T.int64(14), ow_0 * T.int64(14) + ow_1 * T.int64(14) + ow_2 * T.int64(14) + ow_3)
                        v_oc_block = T.axis.spatial(T.int64(4), oc_block_0 * T.int64(2) + oc_block_1 * T.int64(2) + oc_block_2 + oc_block_3)
                        v_ic = T.axis.reduce(T.int64(960), ic_0 * T.int64(3) + ic_1)
                        v_kh = T.axis.reduce(T.int64(1), kh_0 + kh_1)
                        v_kw = T.axis.reduce(T.int64(1), kw_0 + kw_1)
                        T.reads(p0[v_n, v_ic // T.int64(4), v_oh + v_kh, v_ow + v_kw, v_ic % T.int64(4)], p1[v_oc_chunk, v_ic // T.int64(4), v_kh, v_kw, v_ic % T.int64(4), v_oc_block])
                        T.writes(conv2d_NCHWc[v_n, v_oc_chunk, v_oh, v_ow, v_oc_block])
                        T.block_attr({"meta_schedule.tiling_structure": "SSRSRS"})
                        with T.init():
                            conv2d_NCHWc[v_n, v_oc_chunk, v_oh, v_ow, v_oc_block] = T.float32(0)
                        conv2d_NCHWc[v_n, v_oc_chunk, v_oh, v_ow, v_oc_block] = conv2d_NCHWc[v_n, v_oc_chunk, v_oh, v_ow, v_oc_block] + p0[v_n, v_ic // T.int64(4), v_oh + v_kh, v_ow + v_kw, v_ic % T.int64(4)] * p1[v_oc_chunk, v_ic // T.int64(4), v_kh, v_kw, v_ic % T.int64(4), v_oc_block]
                for ax0, ax1, ax2, ax3, ax4 in T.grid(T.int64(1), T.int64(48), T.int64(7), T.int64(14), T.int64(2)):
                    with T.block("T_relu"):
                        v_ax0, v_ax1 = T.axis.remap("SS", [ax0, ax1])
                        v_ax2 = T.axis.spatial(T.int64(14), oh_0 * T.int64(7) + ax2)
                        v_ax3 = T.axis.spatial(T.int64(14), ax3)
                        v_ax4 = T.axis.spatial(T.int64(4), oc_block_0 * T.int64(2) + ax4)
                        T.reads(conv2d_NCHWc[v_ax0, v_ax1, v_ax2, v_ax3, v_ax4], p2[v_ax0, v_ax1, T.int64(0), T.int64(0), v_ax4])
                        T.writes(T_relu[v_ax0, v_ax1, v_ax2, v_ax3, v_ax4])
                        T_relu[v_ax0, v_ax1, v_ax2, v_ax3, v_ax4] = T.max(conv2d_NCHWc[v_ax0, v_ax1, v_ax2, v_ax3, v_ax4] + p2[v_ax0, v_ax1, T.int64(0), T.int64(0), v_ax4], T.float32(0))
b0 = sch.get_block(name="conv2d_NCHWc", func_name="main")
b1 = sch.get_block(name="T_add", func_name="main")
b2 = sch.get_block(name="root", func_name="main")
sch.compute_inline(block=b1)
sch.annotate(block_or_loop=b0, ann_key="meta_schedule.tiling_structure", ann_val="SSRSRS")
l3, l4, l5, l6, l7, l8, l9, l10 = sch.get_loops(block=b0)
v11, v12, v13, v14 = sch.sample_perfect_tile(loop=l3, n=4, max_innermost_factor=64, decision=[1, 1, 1, 1])
l15, l16, l17, l18 = sch.split(loop=l3, factors=[v11, v12, v13, v14], preserve_unit_iters=True)
v19, v20, v21, v22 = sch.sample_perfect_tile(loop=l4, n=4, max_innermost_factor=64, decision=[1, 1, 24, 2])
l23, l24, l25, l26 = sch.split(loop=l4, factors=[v19, v20, v21, v22], preserve_unit_iters=True)
v27, v28, v29, v30 = sch.sample_perfect_tile(loop=l5, n=4, max_innermost_factor=64, decision=[2, 1, 1, 7])
l31, l32, l33, l34 = sch.split(loop=l5, factors=[v27, v28, v29, v30], preserve_unit_iters=True)
v35, v36, v37, v38 = sch.sample_perfect_tile(loop=l6, n=4, max_innermost_factor=64, decision=[1, 1, 1, 14])
l39, l40, l41, l42 = sch.split(loop=l6, factors=[v35, v36, v37, v38], preserve_unit_iters=True)
v43, v44, v45, v46 = sch.sample_perfect_tile(loop=l7, n=4, max_innermost_factor=64, decision=[2, 1, 2, 1])
l47, l48, l49, l50 = sch.split(loop=l7, factors=[v43, v44, v45, v46], preserve_unit_iters=True)
v51, v52 = sch.sample_perfect_tile(loop=l8, n=2, max_innermost_factor=64, decision=[320, 3])
l53, l54 = sch.split(loop=l8, factors=[v51, v52], preserve_unit_iters=True)
v55, v56 = sch.sample_perfect_tile(loop=l9, n=2, max_innermost_factor=64, decision=[1, 1])
l57, l58 = sch.split(loop=l9, factors=[v55, v56], preserve_unit_iters=True)
v59, v60 = sch.sample_perfect_tile(loop=l10, n=2, max_innermost_factor=64, decision=[1, 1])
l61, l62 = sch.split(loop=l10, factors=[v59, v60], preserve_unit_iters=True)
sch.reorder(l15, l23, l31, l39, l47, l16, l24, l32, l40, l48, l53, l57, l61, l17, l25, l33, l41, l49, l54, l58, l62, l18, l26, l34, l42, l50)
b63, = sch.get_consumers(block=b0)
sch.reverse_compute_at(block=b63, loop=l47, preserve_unit_loops=True, index=-1)
sch.annotate(block_or_loop=b2, ann_key="meta_schedule.parallel", ann_val=768)
sch.annotate(block_or_loop=b2, ann_key="meta_schedule.vectorize", ann_val=64)
v64 = sch.sample_categorical(candidates=[0, 16, 64, 512], probs=[0.25, 0.25, 0.25, 0.25], decision=1)
sch.annotate(block_or_loop=b2, ann_key="meta_schedule.unroll_explicit", ann_val=v64)
2024-04-29 03:49:08 [INFO] [evolutionary_search.cc:713] Generating candidates......
2024-04-29 03:49:08 [INFO] [evolutionary_search.cc:715] Picked top 0 candidate(s) from database
2024-04-29 03:49:10 [INFO] [evolutionary_search.cc:533] Sample-Init-Population summary:
Postproc #0 [meta_schedule.DisallowDynamicLoop(0x13730f88)]: 0 failure(s)
Postproc #1 [meta_schedule.RewriteParallelVectorizeUnroll(0xf5bf5a8)]: 0 failure(s)
Postproc #2 [meta_schedule.RewriteReductionBlock(0x16403528)]: 0 failure(s)
Postproc #3 [meta_schedule.RewriteLayout(0x137081c8)]: 0 failure(s)
2024-04-29 03:49:10 [INFO] [evolutionary_search.cc:723] Sampled 512 candidate(s)
2024-04-29 03:49:13 [INFO] [evolutionary_search.cc:621] Evolve iter #0 done. Summary:
Postproc #0 [meta_schedule.DisallowDynamicLoop(0x13730f88)]: 0 failure(s)
Postproc #1 [meta_schedule.RewriteParallelVectorizeUnroll(0xf5bf5a8)]: 0 failure(s)
Postproc #2 [meta_schedule.RewriteReductionBlock(0x16403528)]: 0 failure(s)
Postproc #3 [meta_schedule.RewriteLayout(0x137081c8)]: 0 failure(s)
2024-04-29 03:49:16 [INFO] [evolutionary_search.cc:621] Evolve iter #1 done. Summary:
Postproc #0 [meta_schedule.DisallowDynamicLoop(0x13730f88)]: 0 failure(s)
Postproc #1 [meta_schedule.RewriteParallelVectorizeUnroll(0xf5bf5a8)]: 0 failure(s)
Postproc #2 [meta_schedule.RewriteReductionBlock(0x16403528)]: 0 failure(s)
Postproc #3 [meta_schedule.RewriteLayout(0x137081c8)]: 0 failure(s)
2024-04-29 03:49:19 [INFO] [evolutionary_search.cc:621] Evolve iter #2 done. Summary:
Postproc #0 [meta_schedule.DisallowDynamicLoop(0x13730f88)]: 0 failure(s)
Postproc #1 [meta_schedule.RewriteParallelVectorizeUnroll(0xf5bf5a8)]: 0 failure(s)
Postproc #2 [meta_schedule.RewriteReductionBlock(0x16403528)]: 0 failure(s)
Postproc #3 [meta_schedule.RewriteLayout(0x137081c8)]: 0 failure(s)
2024-04-29 03:49:22 [INFO] [evolutionary_search.cc:621] Evolve iter #3 done. Summary:
Postproc #0 [meta_schedule.DisallowDynamicLoop(0x13730f88)]: 0 failure(s)
Postproc #1 [meta_schedule.RewriteParallelVectorizeUnroll(0xf5bf5a8)]: 0 failure(s)
Postproc #2 [meta_schedule.RewriteReductionBlock(0x16403528)]: 0 failure(s)
Postproc #3 [meta_schedule.RewriteLayout(0x137081c8)]: 0 failure(s)
2024-04-29 03:49:23 [INFO] [evolutionary_search.cc:649] Scores of the best 64 candidates:
[1 : 16]:	1.0000  0.9997  0.9997  0.9995  0.9983  0.9972  0.9967  0.9962  0.9958  0.9952  0.9949  0.9944  0.9943  0.9942  0.9929  0.9928
[17 : 32]:	0.9922  0.9915  0.9913  0.9912  0.9911  0.9911  0.9910  0.9906  0.9899  0.9898  0.9898  0.9897  0.9895  0.9886  0.9886  0.9879
[33 : 48]:	0.9865  0.9863  0.9853  0.9853  0.9852  0.9852  0.9851  0.9850  0.9834  0.9829  0.9817  0.9808  0.9806  0.9802  0.9779  0.9775
[49 : 64]:	0.9774  0.9770  0.9765  0.9759  0.9758  0.9755  0.9751  0.9751  0.9749  0.9748  0.9747  0.9746  0.9745  0.9741  0.9735  0.9732
2024-04-29 03:49:24 [INFO] [evolutionary_search.cc:727] Got 64 candidate(s) with evolutionary search
2024-04-29 03:49:24 [INFO] [evolutionary_search.cc:730] Sending 64 candidates(s) for measurement
2024-04-29 05:06:55 [INFO] [task_scheduler.cc:131] [Task #48: fused_nn_contrib_conv2d_NCHWc_add_nn_relu_47] Trial #1: GFLOPs: 31.7190. Time: 2280.2993 us. Best GFLOPs: 31.7190
2024-04-29 05:06:55 [INFO] [task_scheduler.cc:131] [Task #48: fused_nn_contrib_conv2d_NCHWc_add_nn_relu_47] Trial #2: GFLOPs: 32.1551. Time: 2249.3675 us. Best GFLOPs: 32.1551
2024-04-29 05:06:55 [INFO] [task_scheduler.cc:131] [Task #48: fused_nn_contrib_conv2d_NCHWc_add_nn_relu_47] Trial #3: GFLOPs: 32.5355. Time: 2223.0714 us. Best GFLOPs: 32.5355
2024-04-29 05:06:55 [INFO] [task_scheduler.cc:131] [Task #48: fused_nn_contrib_conv2d_NCHWc_add_nn_relu_47] Trial #4: GFLOPs: 47.0899. Time: 1535.9700 us. Best GFLOPs: 47.0899
2024-04-29 05:06:55 [INFO] [task_scheduler.cc:131] [Task #48: fused_nn_contrib_conv2d_NCHWc_add_nn_relu_47] Trial #5: GFLOPs: 44.8320. Time: 1613.3260 us. Best GFLOPs: 47.0899
2024-04-29 05:06:55 [INFO] [task_scheduler.cc:131] [Task #48: fused_nn_contrib_conv2d_NCHWc_add_nn_relu_47] Trial #6: GFLOPs: 43.5207. Time: 1661.9367 us. Best GFLOPs: 47.0899
2024-04-29 05:06:55 [INFO] [task_scheduler.cc:131] [Task #48: fused_nn_contrib_conv2d_NCHWc_add_nn_relu_47] Trial #7: GFLOPs: 28.8421. Time: 2507.7462 us. Best GFLOPs: 47.0899
2024-04-29 05:06:55 [INFO] [task_scheduler.cc:131] [Task #48: fused_nn_contrib_conv2d_NCHWc_add_nn_relu_47] Trial #8: GFLOPs: 3.5234. Time: 20528.1455 us. Best GFLOPs: 47.0899
2024-04-29 05:06:55 [INFO] [task_scheduler.cc:131] [Task #48: fused_nn_contrib_conv2d_NCHWc_add_nn_relu_47] Trial #9: GFLOPs: 72.2510. Time: 1001.0754 us. Best GFLOPs: 72.2510
2024-04-29 05:06:55 [INFO] [task_scheduler.cc:131] [Task #48: fused_nn_contrib_conv2d_NCHWc_add_nn_relu_47] Trial #10: GFLOPs: 91.6540. Time: 789.1495 us. Best GFLOPs: 91.6540
2024-04-29 05:06:55 [INFO] [task_scheduler.cc:131] [Task #48: fused_nn_contrib_conv2d_NCHWc_add_nn_relu_47] Trial #11: GFLOPs: 3.0136. Time: 24000.8026 us. Best GFLOPs: 91.6540
2024-04-29 05:06:55 [INFO] [task_scheduler.cc:131] [Task #48: fused_nn_contrib_conv2d_NCHWc_add_nn_relu_47] Trial #12: GFLOPs: 33.3363. Time: 2169.6710 us. Best GFLOPs: 91.6540
2024-04-29 05:06:55 [INFO] [task_scheduler.cc:131] [Task #48: fused_nn_contrib_conv2d_NCHWc_add_nn_relu_47] Trial #13: GFLOPs: 1.3827. Time: 52309.5673 us. Best GFLOPs: 91.6540
2024-04-29 05:06:55 [INFO] [task_scheduler.cc:131] [Task #48: fused_nn_contrib_conv2d_NCHWc_add_nn_relu_47] Trial #14: GFLOPs: 5.9769. Time: 12101.2788 us. Best GFLOPs: 91.6540
2024-04-29 05:06:55 [INFO] [task_scheduler.cc:131] [Task #48: fused_nn_contrib_conv2d_NCHWc_add_nn_relu_47] Trial #15: GFLOPs: 42.4880. Time: 1702.3330 us. Best GFLOPs: 91.6540
2024-04-29 05:06:55 [INFO] [task_scheduler.cc:131] [Task #48: fused_nn_contrib_conv2d_NCHWc_add_nn_relu_47] Trial #16: GFLOPs: 2.8412. Time: 25457.2955 us. Best GFLOPs: 91.6540
2024-04-29 05:06:55 [INFO] [task_scheduler.cc:131] [Task #48: fused_nn_contrib_conv2d_NCHWc_add_nn_relu_47] Trial #17: GFLOPs: 3.8929. Time: 18579.4953 us. Best GFLOPs: 91.6540
2024-04-29 05:06:55 [INFO] [task_scheduler.cc:131] [Task #48: fused_nn_contrib_conv2d_NCHWc_add_nn_relu_47] Trial #18: GFLOPs: 120.7598. Time: 598.9469 us. Best GFLOPs: 120.7598
2024-04-29 05:06:55 [INFO] [task_scheduler.cc:121] [Task #48: fused_nn_contrib_conv2d_NCHWc_add_nn_relu_47] Trial #19: Error in building:
LocalBuilder: Timeout, killed after 30.0 seconds
# from tvm.script import ir as I
# from tvm.script import tir as T

@I.ir_module
class Module:
    @T.prim_func
    def main(p0: T.Buffer((T.int64(1), T.int64(240), T.int64(14), T.int64(14), T.int64(4)), "float32"), p1: T.Buffer((T.int64(48), T.int64(240), T.int64(1), T.int64(1), T.int64(4), T.int64(4)), "float32"), p2: T.Buffer((T.int64(1), T.int64(48), T.int64(1), T.int64(1), T.int64(4)), "float32"), T_relu: T.Buffer((T.int64(1), T.int64(48), T.int64(14), T.int64(14), T.int64(4)), "float32")):
        T.func_attr({"tir.noalias": T.bool(True)})
        # with T.block("root"):
        conv2d_NCHWc = T.alloc_buffer((T.int64(1), T.int64(48), T.int64(14), T.int64(14), T.int64(4)))
        for n_0_oc_chunk_0_oh_0_ow_0_oc_block_0_fused in T.parallel(T.int64(2), annotations={"pragma_auto_unroll_max_step": 512, "pragma_unroll_explicit": 1}):
            for n_1, oc_chunk_1, oh_1, ow_1, oc_block_1 in T.grid(T.int64(1), T.int64(2), T.int64(7), T.int64(1), T.int64(1)):
                for n_2_init, oc_chunk_2_init, oh_2_init, ow_2_init, oc_block_2_init, n_3_init, oc_chunk_3_init, oh_3_init, ow_3_init in T.grid(T.int64(1), T.int64(1), T.int64(1), T.int64(1), T.int64(1), T.int64(1), T.int64(24), T.int64(1), T.int64(14)):
                    for oc_block_3_fused_init in T.vectorized(T.int64(4)):
                        with T.block("conv2d_NCHWc_init"):
                            v_n = T.axis.spatial(T.int64(1), n_1 + n_2_init + n_3_init)
                            v_oc_chunk = T.axis.spatial(T.int64(48), oc_chunk_1 * T.int64(24) + oc_chunk_2_init * T.int64(24) + oc_chunk_3_init)
                            v_oh = T.axis.spatial(T.int64(14), n_0_oc_chunk_0_oh_0_ow_0_oc_block_0_fused * T.int64(7) + oh_1 + oh_2_init + oh_3_init)
                            v_ow = T.axis.spatial(T.int64(14), ow_1 * T.int64(14) + ow_2_init * T.int64(14) + ow_3_init)
                            v_oc_block = T.axis.spatial(T.int64(4), oc_block_1 * T.int64(4) + oc_block_2_init * T.int64(4) + oc_block_3_fused_init)
                            T.reads()
                            T.writes(conv2d_NCHWc[v_n, v_oc_chunk, v_oh, v_ow, v_oc_block])
                            T.block_attr({"meta_schedule.tiling_structure": "SSRSRS"})
                            conv2d_NCHWc[v_n, v_oc_chunk, v_oh, v_ow, v_oc_block] = T.float32(0)
                for ic_0, kh_0, kw_0, n_2, oc_chunk_2, oh_2, ow_2, oc_block_2, ic_1, kh_1, kw_1, n_3, oc_chunk_3, oh_3, ow_3 in T.grid(T.int64(480), T.int64(1), T.int64(1), T.int64(1), T.int64(1), T.int64(1), T.int64(1), T.int64(1), T.int64(2), T.int64(1), T.int64(1), T.int64(1), T.int64(24), T.int64(1), T.int64(14)):
                    for oc_block_3_fused in T.vectorized(T.int64(4)):
                        with T.block("conv2d_NCHWc_update"):
                            v_n = T.axis.spatial(T.int64(1), n_1 + n_2 + n_3)
                            v_oc_chunk = T.axis.spatial(T.int64(48), oc_chunk_1 * T.int64(24) + oc_chunk_2 * T.int64(24) + oc_chunk_3)
                            v_oh = T.axis.spatial(T.int64(14), n_0_oc_chunk_0_oh_0_ow_0_oc_block_0_fused * T.int64(7) + oh_1 + oh_2 + oh_3)
                            v_ow = T.axis.spatial(T.int64(14), ow_1 * T.int64(14) + ow_2 * T.int64(14) + ow_3)
                            v_oc_block = T.axis.spatial(T.int64(4), oc_block_1 * T.int64(4) + oc_block_2 * T.int64(4) + oc_block_3_fused)
                            v_ic = T.axis.reduce(T.int64(960), ic_0 * T.int64(2) + ic_1)
                            v_kh = T.axis.reduce(T.int64(1), kh_0 + kh_1)
                            v_kw = T.axis.reduce(T.int64(1), kw_0 + kw_1)
                            T.reads(conv2d_NCHWc[v_n, v_oc_chunk, v_oh, v_ow, v_oc_block], p0[v_n, v_ic // T.int64(4), v_oh + v_kh, v_ow + v_kw, v_ic % T.int64(4)], p1[v_oc_chunk, v_ic // T.int64(4), v_kh, v_kw, v_ic % T.int64(4), v_oc_block])
                            T.writes(conv2d_NCHWc[v_n, v_oc_chunk, v_oh, v_ow, v_oc_block])
                            T.block_attr({"meta_schedule.tiling_structure": "SSRSRS"})
                            conv2d_NCHWc[v_n, v_oc_chunk, v_oh, v_ow, v_oc_block] = conv2d_NCHWc[v_n, v_oc_chunk, v_oh, v_ow, v_oc_block] + p0[v_n, v_ic // T.int64(4), v_oh + v_kh, v_ow + v_kw, v_ic % T.int64(4)] * p1[v_oc_chunk, v_ic // T.int64(4), v_kh, v_kw, v_ic % T.int64(4), v_oc_block]
            for ax0, ax1, ax2 in T.grid(T.int64(1), T.int64(48), T.int64(7)):
                for ax3_ax4_fused in T.vectorized(T.int64(56)):
                    with T.block("T_relu"):
                        v_ax0, v_ax1 = T.axis.remap("SS", [ax0, ax1])
                        v_ax2 = T.axis.spatial(T.int64(14), n_0_oc_chunk_0_oh_0_ow_0_oc_block_0_fused * T.int64(7) + ax2)
                        v_ax3 = T.axis.spatial(T.int64(14), ax3_ax4_fused // T.int64(4))
                        v_ax4 = T.axis.spatial(T.int64(4), ax3_ax4_fused % T.int64(4))
                        T.reads(conv2d_NCHWc[v_ax0, v_ax1, v_ax2, v_ax3, v_ax4], p2[v_ax0, v_ax1, T.int64(0), T.int64(0), v_ax4])
                        T.writes(T_relu[v_ax0, v_ax1, v_ax2, v_ax3, v_ax4])
                        T_relu[v_ax0, v_ax1, v_ax2, v_ax3, v_ax4] = T.max(conv2d_NCHWc[v_ax0, v_ax1, v_ax2, v_ax3, v_ax4] + p2[v_ax0, v_ax1, T.int64(0), T.int64(0), v_ax4], T.float32(0))
b0 = sch.get_block(name="conv2d_NCHWc", func_name="main")
b1 = sch.get_block(name="T_add", func_name="main")
b2 = sch.get_block(name="root", func_name="main")
sch.compute_inline(block=b1)
sch.annotate(block_or_loop=b0, ann_key="meta_schedule.tiling_structure", ann_val="SSRSRS")
l3, l4, l5, l6, l7, l8, l9, l10 = sch.get_loops(block=b0)
v11, v12, v13, v14 = sch.sample_perfect_tile(loop=l3, n=4, max_innermost_factor=64, decision=[1, 1, 1, 1])
l15, l16, l17, l18 = sch.split(loop=l3, factors=[v11, v12, v13, v14], preserve_unit_iters=True)
v19, v20, v21, v22 = sch.sample_perfect_tile(loop=l4, n=4, max_innermost_factor=64, decision=[1, 2, 1, 24])
l23, l24, l25, l26 = sch.split(loop=l4, factors=[v19, v20, v21, v22], preserve_unit_iters=True)
v27, v28, v29, v30 = sch.sample_perfect_tile(loop=l5, n=4, max_innermost_factor=64, decision=[2, 7, 1, 1])
l31, l32, l33, l34 = sch.split(loop=l5, factors=[v27, v28, v29, v30], preserve_unit_iters=True)
v35, v36, v37, v38 = sch.sample_perfect_tile(loop=l6, n=4, max_innermost_factor=64, decision=[1, 1, 1, 14])
l39, l40, l41, l42 = sch.split(loop=l6, factors=[v35, v36, v37, v38], preserve_unit_iters=True)
v43, v44, v45, v46 = sch.sample_perfect_tile(loop=l7, n=4, max_innermost_factor=64, decision=[1, 1, 1, 4])
l47, l48, l49, l50 = sch.split(loop=l7, factors=[v43, v44, v45, v46], preserve_unit_iters=True)
v51, v52 = sch.sample_perfect_tile(loop=l8, n=2, max_innermost_factor=64, decision=[480, 2])
l53, l54 = sch.split(loop=l8, factors=[v51, v52], preserve_unit_iters=True)
v55, v56 = sch.sample_perfect_tile(loop=l9, n=2, max_innermost_factor=64, decision=[1, 1])
l57, l58 = sch.split(loop=l9, factors=[v55, v56], preserve_unit_iters=True)
v59, v60 = sch.sample_perfect_tile(loop=l10, n=2, max_innermost_factor=64, decision=[1, 1])
l61, l62 = sch.split(loop=l10, factors=[v59, v60], preserve_unit_iters=True)
sch.reorder(l15, l23, l31, l39, l47, l16, l24, l32, l40, l48, l53, l57, l61, l17, l25, l33, l41, l49, l54, l58, l62, l18, l26, l34, l42, l50)
b63, = sch.get_consumers(block=b0)
sch.reverse_compute_at(block=b63, loop=l47, preserve_unit_loops=True, index=-1)
sch.annotate(block_or_loop=b2, ann_key="meta_schedule.parallel", ann_val=768)
sch.annotate(block_or_loop=b2, ann_key="meta_schedule.vectorize", ann_val=64)
v64 = sch.sample_categorical(candidates=[0, 16, 64, 512], probs=[0.25, 0.25, 0.25, 0.25], decision=3)
sch.annotate(block_or_loop=b2, ann_key="meta_schedule.unroll_explicit", ann_val=v64)
sch.enter_postproc()
b65 = sch.get_block(name="root", func_name="main")
sch.unannotate(block_or_loop=b65, ann_key="meta_schedule.parallel")
sch.unannotate(block_or_loop=b65, ann_key="meta_schedule.vectorize")
sch.unannotate(block_or_loop=b65, ann_key="meta_schedule.unroll_explicit")
b66, b67 = sch.get_child_blocks(b65)
l68, l69, l70, l71, l72, l73, l74, l75, l76, l77, l78, l79, l80, l81, l82, l83, l84, l85, l86, l87, l88, l89, l90, l91, l92, l93 = sch.get_loops(block=b66)
l94 = sch.fuse(l68, l69, l70, l71, l72, preserve_unit_iters=True)
sch.parallel(loop=l94)
l95 = sch.fuse(l93, preserve_unit_iters=True)
sch.vectorize(loop=l95)
sch.annotate(block_or_loop=l94, ann_key="pragma_auto_unroll_max_step", ann_val=512)
sch.annotate(block_or_loop=l94, ann_key="pragma_unroll_explicit", ann_val=1)
l96, l97, l98, l99, l100, l101 = sch.get_loops(block=b67)
l102 = sch.fuse(l100, l101, preserve_unit_iters=True)
sch.vectorize(loop=l102)
b103 = sch.get_block(name="conv2d_NCHWc", func_name="main")
l104, l105, l106, l107, l108, l109, l110, l111, l112, l113, l114, l115, l116, l117, l118, l119, l120, l121, l122, l123, l124, l125 = sch.get_loops(block=b103)
b126 = sch.decompose_reduction(block=b103, loop=l110)
2024-04-29 05:06:55 [INFO] [task_scheduler.cc:131] [Task #48: fused_nn_contrib_conv2d_NCHWc_add_nn_relu_47] Trial #20: GFLOPs: 60.9849. Time: 1186.0091 us. Best GFLOPs: 120.7598
2024-04-29 05:06:55 [INFO] [task_scheduler.cc:131] [Task #48: fused_nn_contrib_conv2d_NCHWc_add_nn_relu_47] Trial #21: GFLOPs: 3.1275. Time: 23126.8376 us. Best GFLOPs: 120.7598
2024-04-29 05:06:55 [INFO] [task_scheduler.cc:131] [Task #48: fused_nn_contrib_conv2d_NCHWc_add_nn_relu_47] Trial #22: GFLOPs: 75.4125. Time: 959.1082 us. Best GFLOPs: 120.7598
2024-04-29 05:06:55 [INFO] [task_scheduler.cc:131] [Task #48: fused_nn_contrib_conv2d_NCHWc_add_nn_relu_47] Trial #23: GFLOPs: 60.0893. Time: 1203.6871 us. Best GFLOPs: 120.7598
2024-04-29 05:06:55 [INFO] [task_scheduler.cc:131] [Task #48: fused_nn_contrib_conv2d_NCHWc_add_nn_relu_47] Trial #24: GFLOPs: 28.7664. Time: 2514.3464 us. Best GFLOPs: 120.7598
2024-04-29 05:06:55 [INFO] [task_scheduler.cc:131] [Task #48: fused_nn_contrib_conv2d_NCHWc_add_nn_relu_47] Trial #25: GFLOPs: 69.0108. Time: 1048.0786 us. Best GFLOPs: 120.7598
2024-04-29 05:06:55 [INFO] [task_scheduler.cc:131] [Task #48: fused_nn_contrib_conv2d_NCHWc_add_nn_relu_47] Trial #26: GFLOPs: 74.5823. Time: 969.7843 us. Best GFLOPs: 120.7598
2024-04-29 05:06:55 [INFO] [task_scheduler.cc:131] [Task #48: fused_nn_contrib_conv2d_NCHWc_add_nn_relu_47] Trial #27: GFLOPs: 61.6444. Time: 1173.3222 us. Best GFLOPs: 120.7598
2024-04-29 05:06:55 [INFO] [task_scheduler.cc:131] [Task #48: fused_nn_contrib_conv2d_NCHWc_add_nn_relu_47] Trial #28: GFLOPs: 54.2148. Time: 1334.1144 us. Best GFLOPs: 120.7598
2024-04-29 05:06:55 [INFO] [task_scheduler.cc:131] [Task #48: fused_nn_contrib_conv2d_NCHWc_add_nn_relu_47] Trial #29: GFLOPs: 57.9697. Time: 1247.6976 us. Best GFLOPs: 120.7598
2024-04-29 05:06:55 [INFO] [task_scheduler.cc:131] [Task #48: fused_nn_contrib_conv2d_NCHWc_add_nn_relu_47] Trial #30: GFLOPs: 17.3729. Time: 4163.3038 us. Best GFLOPs: 120.7598
2024-04-29 05:06:55 [INFO] [task_scheduler.cc:131] [Task #48: fused_nn_contrib_conv2d_NCHWc_add_nn_relu_47] Trial #31: GFLOPs: 33.6279. Time: 2150.8544 us. Best GFLOPs: 120.7598
2024-04-29 05:06:55 [INFO] [task_scheduler.cc:131] [Task #48: fused_nn_contrib_conv2d_NCHWc_add_nn_relu_47] Trial #32: GFLOPs: 11.9195. Time: 6068.0803 us. Best GFLOPs: 120.7598
2024-04-29 05:06:55 [INFO] [task_scheduler.cc:131] [Task #48: fused_nn_contrib_conv2d_NCHWc_add_nn_relu_47] Trial #33: GFLOPs: 19.8450. Time: 3644.6734 us. Best GFLOPs: 120.7598
2024-04-29 05:06:55 [INFO] [task_scheduler.cc:131] [Task #48: fused_nn_contrib_conv2d_NCHWc_add_nn_relu_47] Trial #34: GFLOPs: 4.5383. Time: 15937.4241 us. Best GFLOPs: 120.7598
2024-04-29 05:06:55 [INFO] [task_scheduler.cc:131] [Task #48: fused_nn_contrib_conv2d_NCHWc_add_nn_relu_47] Trial #35: GFLOPs: 43.4105. Time: 1666.1569 us. Best GFLOPs: 120.7598
2024-04-29 05:06:55 [INFO] [task_scheduler.cc:131] [Task #48: fused_nn_contrib_conv2d_NCHWc_add_nn_relu_47] Trial #36: GFLOPs: 12.3589. Time: 5852.3527 us. Best GFLOPs: 120.7598
2024-04-29 05:06:55 [INFO] [task_scheduler.cc:131] [Task #48: fused_nn_contrib_conv2d_NCHWc_add_nn_relu_47] Trial #37: GFLOPs: 90.1622. Time: 802.2062 us. Best GFLOPs: 120.7598
2024-04-29 05:06:55 [INFO] [task_scheduler.cc:131] [Task #48: fused_nn_contrib_conv2d_NCHWc_add_nn_relu_47] Trial #38: GFLOPs: 116.0272. Time: 623.3771 us. Best GFLOPs: 120.7598
2024-04-29 05:06:55 [INFO] [task_scheduler.cc:131] [Task #48: fused_nn_contrib_conv2d_NCHWc_add_nn_relu_47] Trial #39: GFLOPs: 28.1893. Time: 2565.8222 us. Best GFLOPs: 120.7598
2024-04-29 05:06:55 [INFO] [task_scheduler.cc:131] [Task #48: fused_nn_contrib_conv2d_NCHWc_add_nn_relu_47] Trial #40: GFLOPs: 36.5366. Time: 1979.6250 us. Best GFLOPs: 120.7598
2024-04-29 05:06:55 [INFO] [task_scheduler.cc:131] [Task #48: fused_nn_contrib_conv2d_NCHWc_add_nn_relu_47] Trial #41: GFLOPs: 8.4448. Time: 8564.8519 us. Best GFLOPs: 120.7598
2024-04-29 05:06:55 [INFO] [task_scheduler.cc:131] [Task #48: fused_nn_contrib_conv2d_NCHWc_add_nn_relu_47] Trial #42: GFLOPs: 27.1408. Time: 2664.9394 us. Best GFLOPs: 120.7598
2024-04-29 05:06:55 [INFO] [task_scheduler.cc:131] [Task #48: fused_nn_contrib_conv2d_NCHWc_add_nn_relu_47] Trial #43: GFLOPs: 106.3276. Time: 680.2442 us. Best GFLOPs: 120.7598
2024-04-29 05:06:55 [INFO] [task_scheduler.cc:131] [Task #48: fused_nn_contrib_conv2d_NCHWc_add_nn_relu_47] Trial #44: GFLOPs: 24.0697. Time: 3004.9705 us. Best GFLOPs: 120.7598
2024-04-29 05:06:55 [INFO] [task_scheduler.cc:131] [Task #48: fused_nn_contrib_conv2d_NCHWc_add_nn_relu_47] Trial #45: GFLOPs: 27.5133. Time: 2628.8649 us. Best GFLOPs: 120.7598
2024-04-29 05:06:55 [INFO] [task_scheduler.cc:121] [Task #48: fused_nn_contrib_conv2d_NCHWc_add_nn_relu_47] Trial #46: Error in building:
LocalBuilder: Timeout, killed after 30.0 seconds
# from tvm.script import ir as I
# from tvm.script import tir as T

@I.ir_module
class Module:
    @T.prim_func
    def main(p0: T.Buffer((T.int64(1), T.int64(240), T.int64(14), T.int64(14), T.int64(4)), "float32"), p1: T.Buffer((T.int64(48), T.int64(240), T.int64(1), T.int64(1), T.int64(4), T.int64(4)), "float32"), p2: T.Buffer((T.int64(1), T.int64(48), T.int64(1), T.int64(1), T.int64(4)), "float32"), T_relu: T.Buffer((T.int64(1), T.int64(48), T.int64(14), T.int64(14), T.int64(4)), "float32")):
        T.func_attr({"tir.noalias": T.bool(True)})
        # with T.block("root"):
        conv2d_NCHWc = T.alloc_buffer((T.int64(1), T.int64(48), T.int64(14), T.int64(14), T.int64(4)))
        for n_0_oc_chunk_0_oh_0_ow_0_oc_block_0_fused in T.parallel(T.int64(56), annotations={"pragma_auto_unroll_max_step": 512, "pragma_unroll_explicit": 1}):
            for n_1, oc_chunk_1, oh_1, ow_1, oc_block_1 in T.grid(T.int64(1), T.int64(3), T.int64(1), T.int64(7), T.int64(2)):
                for n_2_init, oc_chunk_2_init, oh_2_init, ow_2_init, oc_block_2_init, n_3_init, oc_chunk_3_init, oh_3_init, ow_3_init, oc_block_3_init in T.grid(T.int64(1), T.int64(2), T.int64(1), T.int64(1), T.int64(1), T.int64(1), T.int64(8), T.int64(1), T.int64(1), T.int64(1)):
                    with T.block("conv2d_NCHWc_init"):
                        v_n = T.axis.spatial(T.int64(1), n_1 + n_2_init + n_3_init)
                        v_oc_chunk = T.axis.spatial(T.int64(48), oc_chunk_1 * T.int64(16) + oc_chunk_2_init * T.int64(8) + oc_chunk_3_init)
                        v_oh = T.axis.spatial(T.int64(14), n_0_oc_chunk_0_oh_0_ow_0_oc_block_0_fused // T.int64(4) + oh_1 + oh_2_init + oh_3_init)
                        v_ow = T.axis.spatial(T.int64(14), n_0_oc_chunk_0_oh_0_ow_0_oc_block_0_fused % T.int64(4) // T.int64(2) * T.int64(7) + ow_1 + ow_2_init + ow_3_init)
                        v_oc_block = T.axis.spatial(T.int64(4), n_0_oc_chunk_0_oh_0_ow_0_oc_block_0_fused % T.int64(2) * T.int64(2) + oc_block_1 + oc_block_2_init + oc_block_3_init)
                        T.reads()
                        T.writes(conv2d_NCHWc[v_n, v_oc_chunk, v_oh, v_ow, v_oc_block])
                        T.block_attr({"meta_schedule.tiling_structure": "SSRSRS"})
                        conv2d_NCHWc[v_n, v_oc_chunk, v_oh, v_ow, v_oc_block] = T.float32(0)
                for ic_0, kh_0, kw_0, n_2, oc_chunk_2, oh_2, ow_2, oc_block_2, ic_1, kh_1, kw_1, n_3, oc_chunk_3, oh_3, ow_3, oc_block_3 in T.grid(T.int64(32), T.int64(1), T.int64(1), T.int64(1), T.int64(2), T.int64(1), T.int64(1), T.int64(1), T.int64(30), T.int64(1), T.int64(1), T.int64(1), T.int64(8), T.int64(1), T.int64(1), T.int64(1)):
                    with T.block("conv2d_NCHWc_update"):
                        v_n = T.axis.spatial(T.int64(1), n_1 + n_2 + n_3)
                        v_oc_chunk = T.axis.spatial(T.int64(48), oc_chunk_1 * T.int64(16) + oc_chunk_2 * T.int64(8) + oc_chunk_3)
                        v_oh = T.axis.spatial(T.int64(14), n_0_oc_chunk_0_oh_0_ow_0_oc_block_0_fused // T.int64(4) + oh_1 + oh_2 + oh_3)
                        v_ow = T.axis.spatial(T.int64(14), n_0_oc_chunk_0_oh_0_ow_0_oc_block_0_fused % T.int64(4) // T.int64(2) * T.int64(7) + ow_1 + ow_2 + ow_3)
                        v_oc_block = T.axis.spatial(T.int64(4), n_0_oc_chunk_0_oh_0_ow_0_oc_block_0_fused % T.int64(2) * T.int64(2) + oc_block_1 + oc_block_2 + oc_block_3)
                        v_ic = T.axis.reduce(T.int64(960), ic_0 * T.int64(30) + ic_1)
                        v_kh = T.axis.reduce(T.int64(1), kh_0 + kh_1)
                        v_kw = T.axis.reduce(T.int64(1), kw_0 + kw_1)
                        T.reads(conv2d_NCHWc[v_n, v_oc_chunk, v_oh, v_ow, v_oc_block], p0[v_n, v_ic // T.int64(4), v_oh + v_kh, v_ow + v_kw, v_ic % T.int64(4)], p1[v_oc_chunk, v_ic // T.int64(4), v_kh, v_kw, v_ic % T.int64(4), v_oc_block])
                        T.writes(conv2d_NCHWc[v_n, v_oc_chunk, v_oh, v_ow, v_oc_block])
                        T.block_attr({"meta_schedule.tiling_structure": "SSRSRS"})
                        conv2d_NCHWc[v_n, v_oc_chunk, v_oh, v_ow, v_oc_block] = conv2d_NCHWc[v_n, v_oc_chunk, v_oh, v_ow, v_oc_block] + p0[v_n, v_ic // T.int64(4), v_oh + v_kh, v_ow + v_kw, v_ic % T.int64(4)] * p1[v_oc_chunk, v_ic // T.int64(4), v_kh, v_kw, v_ic % T.int64(4), v_oc_block]
            for ax0, ax1, ax2, ax3 in T.grid(T.int64(1), T.int64(48), T.int64(1), T.int64(7)):
                for ax4_fused in T.vectorized(T.int64(2)):
                    with T.block("T_relu"):
                        v_ax0, v_ax1 = T.axis.remap("SS", [ax0, ax1])
                        v_ax2 = T.axis.spatial(T.int64(14), n_0_oc_chunk_0_oh_0_ow_0_oc_block_0_fused // T.int64(4) + ax2)
                        v_ax3 = T.axis.spatial(T.int64(14), n_0_oc_chunk_0_oh_0_ow_0_oc_block_0_fused % T.int64(4) // T.int64(2) * T.int64(7) + ax3)
                        v_ax4 = T.axis.spatial(T.int64(4), n_0_oc_chunk_0_oh_0_ow_0_oc_block_0_fused % T.int64(2) * T.int64(2) + ax4_fused)
                        T.reads(conv2d_NCHWc[v_ax0, v_ax1, v_ax2, v_ax3, v_ax4], p2[v_ax0, v_ax1, T.int64(0), T.int64(0), v_ax4])
                        T.writes(T_relu[v_ax0, v_ax1, v_ax2, v_ax3, v_ax4])
                        T_relu[v_ax0, v_ax1, v_ax2, v_ax3, v_ax4] = T.max(conv2d_NCHWc[v_ax0, v_ax1, v_ax2, v_ax3, v_ax4] + p2[v_ax0, v_ax1, T.int64(0), T.int64(0), v_ax4], T.float32(0))
b0 = sch.get_block(name="conv2d_NCHWc", func_name="main")
b1 = sch.get_block(name="T_add", func_name="main")
b2 = sch.get_block(name="root", func_name="main")
sch.compute_inline(block=b1)
sch.annotate(block_or_loop=b0, ann_key="meta_schedule.tiling_structure", ann_val="SSRSRS")
l3, l4, l5, l6, l7, l8, l9, l10 = sch.get_loops(block=b0)
v11, v12, v13, v14 = sch.sample_perfect_tile(loop=l3, n=4, max_innermost_factor=64, decision=[1, 1, 1, 1])
l15, l16, l17, l18 = sch.split(loop=l3, factors=[v11, v12, v13, v14], preserve_unit_iters=True)
v19, v20, v21, v22 = sch.sample_perfect_tile(loop=l4, n=4, max_innermost_factor=64, decision=[1, 3, 2, 8])
l23, l24, l25, l26 = sch.split(loop=l4, factors=[v19, v20, v21, v22], preserve_unit_iters=True)
v27, v28, v29, v30 = sch.sample_perfect_tile(loop=l5, n=4, max_innermost_factor=64, decision=[14, 1, 1, 1])
l31, l32, l33, l34 = sch.split(loop=l5, factors=[v27, v28, v29, v30], preserve_unit_iters=True)
v35, v36, v37, v38 = sch.sample_perfect_tile(loop=l6, n=4, max_innermost_factor=64, decision=[2, 7, 1, 1])
l39, l40, l41, l42 = sch.split(loop=l6, factors=[v35, v36, v37, v38], preserve_unit_iters=True)
v43, v44, v45, v46 = sch.sample_perfect_tile(loop=l7, n=4, max_innermost_factor=64, decision=[2, 2, 1, 1])
l47, l48, l49, l50 = sch.split(loop=l7, factors=[v43, v44, v45, v46], preserve_unit_iters=True)
v51, v52 = sch.sample_perfect_tile(loop=l8, n=2, max_innermost_factor=64, decision=[32, 30])
l53, l54 = sch.split(loop=l8, factors=[v51, v52], preserve_unit_iters=True)
v55, v56 = sch.sample_perfect_tile(loop=l9, n=2, max_innermost_factor=64, decision=[1, 1])
l57, l58 = sch.split(loop=l9, factors=[v55, v56], preserve_unit_iters=True)
v59, v60 = sch.sample_perfect_tile(loop=l10, n=2, max_innermost_factor=64, decision=[1, 1])
l61, l62 = sch.split(loop=l10, factors=[v59, v60], preserve_unit_iters=True)
sch.reorder(l15, l23, l31, l39, l47, l16, l24, l32, l40, l48, l53, l57, l61, l17, l25, l33, l41, l49, l54, l58, l62, l18, l26, l34, l42, l50)
b63, = sch.get_consumers(block=b0)
sch.reverse_compute_at(block=b63, loop=l47, preserve_unit_loops=True, index=-1)
sch.annotate(block_or_loop=b2, ann_key="meta_schedule.parallel", ann_val=768)
sch.annotate(block_or_loop=b2, ann_key="meta_schedule.vectorize", ann_val=64)
v64 = sch.sample_categorical(candidates=[0, 16, 64, 512], probs=[0.25, 0.25, 0.25, 0.25], decision=3)
sch.annotate(block_or_loop=b2, ann_key="meta_schedule.unroll_explicit", ann_val=v64)
sch.enter_postproc()
b65 = sch.get_block(name="root", func_name="main")
sch.unannotate(block_or_loop=b65, ann_key="meta_schedule.parallel")
sch.unannotate(block_or_loop=b65, ann_key="meta_schedule.vectorize")
sch.unannotate(block_or_loop=b65, ann_key="meta_schedule.unroll_explicit")
b66, b67 = sch.get_child_blocks(b65)
l68, l69, l70, l71, l72, l73, l74, l75, l76, l77, l78, l79, l80, l81, l82, l83, l84, l85, l86, l87, l88, l89, l90, l91, l92, l93 = sch.get_loops(block=b66)
l94 = sch.fuse(l68, l69, l70, l71, l72, preserve_unit_iters=True)
sch.parallel(loop=l94)
sch.annotate(block_or_loop=l94, ann_key="pragma_auto_unroll_max_step", ann_val=512)
sch.annotate(block_or_loop=l94, ann_key="pragma_unroll_explicit", ann_val=1)
l95, l96, l97, l98, l99, l100 = sch.get_loops(block=b67)
l101 = sch.fuse(l100, preserve_unit_iters=True)
sch.vectorize(loop=l101)
b102 = sch.get_block(name="conv2d_NCHWc", func_name="main")
l103, l104, l105, l106, l107, l108, l109, l110, l111, l112, l113, l114, l115, l116, l117, l118, l119, l120, l121, l122, l123, l124 = sch.get_loops(block=b102)
b125 = sch.decompose_reduction(block=b102, loop=l109)
2024-04-29 05:06:55 [INFO] [task_scheduler.cc:131] [Task #48: fused_nn_contrib_conv2d_NCHWc_add_nn_relu_47] Trial #47: GFLOPs: 7.0305. Time: 10287.8354 us. Best GFLOPs: 120.7598
2024-04-29 05:06:55 [INFO] [task_scheduler.cc:131] [Task #48: fused_nn_contrib_conv2d_NCHWc_add_nn_relu_47] Trial #48: GFLOPs: 41.6762. Time: 1735.4908 us. Best GFLOPs: 120.7598
2024-04-29 05:06:55 [INFO] [task_scheduler.cc:131] [Task #48: fused_nn_contrib_conv2d_NCHWc_add_nn_relu_47] Trial #49: GFLOPs: 43.3301. Time: 1669.2499 us. Best GFLOPs: 120.7598
2024-04-29 05:06:55 [INFO] [task_scheduler.cc:131] [Task #48: fused_nn_contrib_conv2d_NCHWc_add_nn_relu_47] Trial #50: GFLOPs: 2.9947. Time: 24151.9894 us. Best GFLOPs: 120.7598
2024-04-29 05:06:55 [INFO] [task_scheduler.cc:131] [Task #48: fused_nn_contrib_conv2d_NCHWc_add_nn_relu_47] Trial #51: GFLOPs: 89.7096. Time: 806.2535 us. Best GFLOPs: 120.7598
2024-04-29 05:06:55 [INFO] [task_scheduler.cc:131] [Task #48: fused_nn_contrib_conv2d_NCHWc_add_nn_relu_47] Trial #52: GFLOPs: 28.9566. Time: 2497.8312 us. Best GFLOPs: 120.7598
2024-04-29 05:06:55 [INFO] [task_scheduler.cc:131] [Task #48: fused_nn_contrib_conv2d_NCHWc_add_nn_relu_47] Trial #53: GFLOPs: 47.6989. Time: 1516.3603 us. Best GFLOPs: 120.7598
2024-04-29 05:06:55 [INFO] [task_scheduler.cc:131] [Task #48: fused_nn_contrib_conv2d_NCHWc_add_nn_relu_47] Trial #54: GFLOPs: 16.4807. Time: 4388.7011 us. Best GFLOPs: 120.7598
2024-04-29 05:06:55 [INFO] [task_scheduler.cc:131] [Task #48: fused_nn_contrib_conv2d_NCHWc_add_nn_relu_47] Trial #55: GFLOPs: 27.4121. Time: 2638.5731 us. Best GFLOPs: 120.7598
2024-04-29 05:06:55 [INFO] [task_scheduler.cc:131] [Task #48: fused_nn_contrib_conv2d_NCHWc_add_nn_relu_47] Trial #56: GFLOPs: 17.1413. Time: 4219.5458 us. Best GFLOPs: 120.7598
2024-04-29 05:06:55 [INFO] [task_scheduler.cc:131] [Task #48: fused_nn_contrib_conv2d_NCHWc_add_nn_relu_47] Trial #57: GFLOPs: 26.9607. Time: 2682.7417 us. Best GFLOPs: 120.7598
2024-04-29 05:06:55 [INFO] [task_scheduler.cc:121] [Task #48: fused_nn_contrib_conv2d_NCHWc_add_nn_relu_47] Trial #58: Error in building:
LocalBuilder: Timeout, killed after 30.0 seconds
# from tvm.script import ir as I
# from tvm.script import tir as T

@I.ir_module
class Module:
    @T.prim_func
    def main(p0: T.Buffer((T.int64(1), T.int64(240), T.int64(14), T.int64(14), T.int64(4)), "float32"), p1: T.Buffer((T.int64(48), T.int64(240), T.int64(1), T.int64(1), T.int64(4), T.int64(4)), "float32"), p2: T.Buffer((T.int64(1), T.int64(48), T.int64(1), T.int64(1), T.int64(4)), "float32"), T_relu: T.Buffer((T.int64(1), T.int64(48), T.int64(14), T.int64(14), T.int64(4)), "float32")):
        T.func_attr({"tir.noalias": T.bool(True)})
        # with T.block("root"):
        conv2d_NCHWc = T.alloc_buffer((T.int64(1), T.int64(48), T.int64(14), T.int64(14), T.int64(4)))
        for n_0_oc_chunk_0_oh_0_ow_0_oc_block_0_n_1_oc_chunk_1_oh_1_ow_1_oc_block_1_fused in T.parallel(T.int64(24), annotations={"pragma_auto_unroll_max_step": 512, "pragma_unroll_explicit": 1}):
            for n_2_init, oc_chunk_2_init, oh_2_init, ow_2_init, oc_block_2_init, n_3_init, oc_chunk_3_init, oh_3_init, ow_3_init in T.grid(T.int64(1), T.int64(2), T.int64(1), T.int64(1), T.int64(1), T.int64(1), T.int64(8), T.int64(7), T.int64(7)):
                for oc_block_3_fused_init in T.vectorized(T.int64(2)):
                    with T.block("conv2d_NCHWc_init"):
                        v_n = T.axis.spatial(T.int64(1), n_2_init + n_3_init)
                        v_oc_chunk = T.axis.spatial(T.int64(48), n_0_oc_chunk_0_oh_0_ow_0_oc_block_0_n_1_oc_chunk_1_oh_1_ow_1_oc_block_1_fused // T.int64(8) * T.int64(16) + oc_chunk_2_init * T.int64(8) + oc_chunk_3_init)
                        v_oh = T.axis.spatial(T.int64(14), n_0_oc_chunk_0_oh_0_ow_0_oc_block_0_n_1_oc_chunk_1_oh_1_ow_1_oc_block_1_fused % T.int64(8) // T.int64(4) * T.int64(7) + oh_2_init * T.int64(7) + oh_3_init)
                        v_ow = T.axis.spatial(T.int64(14), n_0_oc_chunk_0_oh_0_ow_0_oc_block_0_n_1_oc_chunk_1_oh_1_ow_1_oc_block_1_fused % T.int64(2) * T.int64(7) + ow_2_init * T.int64(7) + ow_3_init)
                        v_oc_block = T.axis.spatial(T.int64(4), n_0_oc_chunk_0_oh_0_ow_0_oc_block_0_n_1_oc_chunk_1_oh_1_ow_1_oc_block_1_fused % T.int64(4) // T.int64(2) * T.int64(2) + oc_block_2_init * T.int64(2) + oc_block_3_fused_init)
                        T.reads()
                        T.writes(conv2d_NCHWc[v_n, v_oc_chunk, v_oh, v_ow, v_oc_block])
                        T.block_attr({"meta_schedule.tiling_structure": "SSRSRS"})
                        conv2d_NCHWc[v_n, v_oc_chunk, v_oh, v_ow, v_oc_block] = T.float32(0)
            for ic_0, kh_0, kw_0, n_2, oc_chunk_2, oh_2, ow_2, oc_block_2, ic_1, kh_1, kw_1, n_3, oc_chunk_3, oh_3, ow_3 in T.grid(T.int64(20), T.int64(1), T.int64(1), T.int64(1), T.int64(2), T.int64(1), T.int64(1), T.int64(1), T.int64(48), T.int64(1), T.int64(1), T.int64(1), T.int64(8), T.int64(7), T.int64(7)):
                for oc_block_3_fused in T.vectorized(T.int64(2)):
                    with T.block("conv2d_NCHWc_update"):
                        v_n = T.axis.spatial(T.int64(1), n_2 + n_3)
                        v_oc_chunk = T.axis.spatial(T.int64(48), n_0_oc_chunk_0_oh_0_ow_0_oc_block_0_n_1_oc_chunk_1_oh_1_ow_1_oc_block_1_fused // T.int64(8) * T.int64(16) + oc_chunk_2 * T.int64(8) + oc_chunk_3)
                        v_oh = T.axis.spatial(T.int64(14), n_0_oc_chunk_0_oh_0_ow_0_oc_block_0_n_1_oc_chunk_1_oh_1_ow_1_oc_block_1_fused % T.int64(8) // T.int64(4) * T.int64(7) + oh_2 * T.int64(7) + oh_3)
                        v_ow = T.axis.spatial(T.int64(14), n_0_oc_chunk_0_oh_0_ow_0_oc_block_0_n_1_oc_chunk_1_oh_1_ow_1_oc_block_1_fused % T.int64(2) * T.int64(7) + ow_2 * T.int64(7) + ow_3)
                        v_oc_block = T.axis.spatial(T.int64(4), n_0_oc_chunk_0_oh_0_ow_0_oc_block_0_n_1_oc_chunk_1_oh_1_ow_1_oc_block_1_fused % T.int64(4) // T.int64(2) * T.int64(2) + oc_block_2 * T.int64(2) + oc_block_3_fused)
                        v_ic = T.axis.reduce(T.int64(960), ic_0 * T.int64(48) + ic_1)
                        v_kh = T.axis.reduce(T.int64(1), kh_0 + kh_1)
                        v_kw = T.axis.reduce(T.int64(1), kw_0 + kw_1)
                        T.reads(conv2d_NCHWc[v_n, v_oc_chunk, v_oh, v_ow, v_oc_block], p0[v_n, v_ic // T.int64(4), v_oh + v_kh, v_ow + v_kw, v_ic % T.int64(4)], p1[v_oc_chunk, v_ic // T.int64(4), v_kh, v_kw, v_ic % T.int64(4), v_oc_block])
                        T.writes(conv2d_NCHWc[v_n, v_oc_chunk, v_oh, v_ow, v_oc_block])
                        T.block_attr({"meta_schedule.tiling_structure": "SSRSRS"})
                        conv2d_NCHWc[v_n, v_oc_chunk, v_oh, v_ow, v_oc_block] = conv2d_NCHWc[v_n, v_oc_chunk, v_oh, v_ow, v_oc_block] + p0[v_n, v_ic // T.int64(4), v_oh + v_kh, v_ow + v_kw, v_ic % T.int64(4)] * p1[v_oc_chunk, v_ic // T.int64(4), v_kh, v_kw, v_ic % T.int64(4), v_oc_block]
        for ax0_ax1_ax2_ax3_ax4_fused_0 in T.parallel(T.int64(588)):
            for ax0_ax1_ax2_ax3_ax4_fused_1 in T.vectorized(T.int64(64)):
                with T.block("T_relu"):
                    v_ax0 = T.axis.spatial(T.int64(1), T.int64(0))
                    v_ax1 = T.axis.spatial(T.int64(48), (ax0_ax1_ax2_ax3_ax4_fused_0 * T.int64(64) + ax0_ax1_ax2_ax3_ax4_fused_1) // T.int64(784))
                    v_ax2 = T.axis.spatial(T.int64(14), (ax0_ax1_ax2_ax3_ax4_fused_0 * T.int64(64) + ax0_ax1_ax2_ax3_ax4_fused_1) % T.int64(784) // T.int64(56))
                    v_ax3 = T.axis.spatial(T.int64(14), (ax0_ax1_ax2_ax3_ax4_fused_0 * T.int64(64) + ax0_ax1_ax2_ax3_ax4_fused_1) % T.int64(56) // T.int64(4))
                    v_ax4 = T.axis.spatial(T.int64(4), (ax0_ax1_ax2_ax3_ax4_fused_0 * T.int64(64) + ax0_ax1_ax2_ax3_ax4_fused_1) % T.int64(4))
                    T.reads(conv2d_NCHWc[v_ax0, v_ax1, v_ax2, v_ax3, v_ax4], p2[v_ax0, v_ax1, T.int64(0), T.int64(0), v_ax4])
                    T.writes(T_relu[v_ax0, v_ax1, v_ax2, v_ax3, v_ax4])
                    T_relu[v_ax0, v_ax1, v_ax2, v_ax3, v_ax4] = T.max(conv2d_NCHWc[v_ax0, v_ax1, v_ax2, v_ax3, v_ax4] + p2[v_ax0, v_ax1, T.int64(0), T.int64(0), v_ax4], T.float32(0))
b0 = sch.get_block(name="conv2d_NCHWc", func_name="main")
b1 = sch.get_block(name="T_add", func_name="main")
b2 = sch.get_block(name="root", func_name="main")
sch.compute_inline(block=b1)
sch.annotate(block_or_loop=b0, ann_key="meta_schedule.tiling_structure", ann_val="SSRSRS")
l3, l4, l5, l6, l7, l8, l9, l10 = sch.get_loops(block=b0)
v11, v12, v13, v14 = sch.sample_perfect_tile(loop=l3, n=4, max_innermost_factor=64, decision=[1, 1, 1, 1])
l15, l16, l17, l18 = sch.split(loop=l3, factors=[v11, v12, v13, v14], preserve_unit_iters=True)
v19, v20, v21, v22 = sch.sample_perfect_tile(loop=l4, n=4, max_innermost_factor=64, decision=[3, 1, 2, 8])
l23, l24, l25, l26 = sch.split(loop=l4, factors=[v19, v20, v21, v22], preserve_unit_iters=True)
v27, v28, v29, v30 = sch.sample_perfect_tile(loop=l5, n=4, max_innermost_factor=64, decision=[2, 1, 1, 7])
l31, l32, l33, l34 = sch.split(loop=l5, factors=[v27, v28, v29, v30], preserve_unit_iters=True)
v35, v36, v37, v38 = sch.sample_perfect_tile(loop=l6, n=4, max_innermost_factor=64, decision=[1, 2, 1, 7])
l39, l40, l41, l42 = sch.split(loop=l6, factors=[v35, v36, v37, v38], preserve_unit_iters=True)
v43, v44, v45, v46 = sch.sample_perfect_tile(loop=l7, n=4, max_innermost_factor=64, decision=[2, 1, 1, 2])
l47, l48, l49, l50 = sch.split(loop=l7, factors=[v43, v44, v45, v46], preserve_unit_iters=True)
v51, v52 = sch.sample_perfect_tile(loop=l8, n=2, max_innermost_factor=64, decision=[20, 48])
l53, l54 = sch.split(loop=l8, factors=[v51, v52], preserve_unit_iters=True)
v55, v56 = sch.sample_perfect_tile(loop=l9, n=2, max_innermost_factor=64, decision=[1, 1])
l57, l58 = sch.split(loop=l9, factors=[v55, v56], preserve_unit_iters=True)
v59, v60 = sch.sample_perfect_tile(loop=l10, n=2, max_innermost_factor=64, decision=[1, 1])
l61, l62 = sch.split(loop=l10, factors=[v59, v60], preserve_unit_iters=True)
sch.reorder(l15, l23, l31, l39, l47, l16, l24, l32, l40, l48, l53, l57, l61, l17, l25, l33, l41, l49, l54, l58, l62, l18, l26, l34, l42, l50)
sch.annotate(block_or_loop=b2, ann_key="meta_schedule.parallel", ann_val=768)
sch.annotate(block_or_loop=b2, ann_key="meta_schedule.vectorize", ann_val=64)
v63 = sch.sample_categorical(candidates=[0, 16, 64, 512], probs=[0.25, 0.25, 0.25, 0.25], decision=3)
sch.annotate(block_or_loop=b2, ann_key="meta_schedule.unroll_explicit", ann_val=v63)
sch.enter_postproc()
b64 = sch.get_block(name="root", func_name="main")
sch.unannotate(block_or_loop=b64, ann_key="meta_schedule.parallel")
sch.unannotate(block_or_loop=b64, ann_key="meta_schedule.vectorize")
sch.unannotate(block_or_loop=b64, ann_key="meta_schedule.unroll_explicit")
b65, b66 = sch.get_child_blocks(b64)
l67, l68, l69, l70, l71, l72, l73, l74, l75, l76, l77, l78, l79, l80, l81, l82, l83, l84, l85, l86, l87, l88, l89, l90, l91, l92 = sch.get_loops(block=b65)
l93 = sch.fuse(l67, l68, l69, l70, l71, l72, l73, l74, l75, l76, preserve_unit_iters=True)
sch.parallel(loop=l93)
l94 = sch.fuse(l92, preserve_unit_iters=True)
sch.vectorize(loop=l94)
sch.annotate(block_or_loop=l93, ann_key="pragma_auto_unroll_max_step", ann_val=512)
sch.annotate(block_or_loop=l93, ann_key="pragma_unroll_explicit", ann_val=1)
l95, l96, l97, l98, l99 = sch.get_loops(block=b66)
l100 = sch.fuse(l95, l96, l97, l98, l99, preserve_unit_iters=True)
l101, l102 = sch.split(loop=l100, factors=[None, 64], preserve_unit_iters=True)
sch.parallel(loop=l101)
sch.vectorize(loop=l102)
b103 = sch.get_block(name="conv2d_NCHWc", func_name="main")
l104, l105, l106, l107, l108, l109, l110, l111, l112, l113, l114, l115, l116, l117, l118, l119, l120 = sch.get_loops(block=b103)
b121 = sch.decompose_reduction(block=b103, loop=l105)
2024-04-29 05:06:55 [INFO] [task_scheduler.cc:131] [Task #48: fused_nn_contrib_conv2d_NCHWc_add_nn_relu_47] Trial #59: GFLOPs: 89.9193. Time: 804.3734 us. Best GFLOPs: 120.7598
2024-04-29 05:06:55 [INFO] [task_scheduler.cc:131] [Task #48: fused_nn_contrib_conv2d_NCHWc_add_nn_relu_47] Trial #60: GFLOPs: 11.2128. Time: 6450.5573 us. Best GFLOPs: 120.7598
2024-04-29 05:06:55 [INFO] [task_scheduler.cc:131] [Task #48: fused_nn_contrib_conv2d_NCHWc_add_nn_relu_47] Trial #61: GFLOPs: 1.3692. Time: 52827.0207 us. Best GFLOPs: 120.7598
2024-04-29 05:06:55 [INFO] [task_scheduler.cc:131] [Task #48: fused_nn_contrib_conv2d_NCHWc_add_nn_relu_47] Trial #62: GFLOPs: 156.1029. Time: 463.3400 us. Best GFLOPs: 156.1029
2024-04-29 05:06:55 [INFO] [task_scheduler.cc:131] [Task #48: fused_nn_contrib_conv2d_NCHWc_add_nn_relu_47] Trial #63: GFLOPs: 79.7166. Time: 907.3235 us. Best GFLOPs: 156.1029
2024-04-29 05:06:55 [INFO] [task_scheduler.cc:131] [Task #48: fused_nn_contrib_conv2d_NCHWc_add_nn_relu_47] Trial #64: GFLOPs: 3.1671. Time: 22837.2206 us. Best GFLOPs: 156.1029
