2024-04-29 13:31:46 [INFO] [task_scheduler.cc:160] Initializing Task #0: "fused_layout_transform"
2024-04-29 13:31:46 [INFO] [task_scheduler.cc:35] 
# from tvm.script import ir as I
# from tvm.script import tir as T

@I.ir_module
class Module:
    @T.prim_func
    def main(p0: T.Buffer((T.int64(1), T.int64(16), T.int64(14), T.int64(14), T.int64(64)), "float32"), T_layout_trans: T.Buffer((T.int64(1), T.int64(1), T.int64(14), T.int64(14), T.int64(1024)), "float32")):
        T.func_attr({"tir.noalias": T.bool(True)})
        # with T.block("root"):
        for ax0, ax1, ax2, ax3, ax4 in T.grid(T.int64(1), T.int64(1), T.int64(14), T.int64(14), T.int64(1024)):
            with T.block("T_layout_trans"):
                v_ax0, v_ax1, v_ax2, v_ax3, v_ax4 = T.axis.remap("SSSSS", [ax0, ax1, ax2, ax3, ax4])
                T.reads(p0[v_ax0, v_ax1 * T.int64(16) + v_ax4 // T.int64(64), v_ax2, v_ax3, v_ax4 % T.int64(64)])
                T.writes(T_layout_trans[v_ax0, v_ax1, v_ax2, v_ax3, v_ax4])
                T.block_attr({"dst_layout": "NCHW1024c", "input_shape": [1, 16, 14, 14, 64], "schedule_rule": "None", "src_layout": "NCHW64c"})
                T_layout_trans[v_ax0, v_ax1, v_ax2, v_ax3, v_ax4] = T.if_then_else(v_ax0 < T.int64(1) and v_ax1 * T.int64(16) + v_ax4 // T.int64(64) < T.int64(16) and v_ax2 < T.int64(14) and v_ax3 < T.int64(14), p0[v_ax0, v_ax1 * T.int64(16) + v_ax4 // T.int64(64), v_ax2, v_ax3, v_ax4 % T.int64(64)], T.float32(0))
2024-04-29 13:31:46 [INFO] [task_scheduler.cc:164] Total 1 design space(s) generated
2024-04-29 13:31:46 [INFO] [task_scheduler.cc:170] Design space #0:
# from tvm.script import ir as I
# from tvm.script import tir as T

@I.ir_module
class Module:
    @T.prim_func
    def main(p0: T.Buffer((T.int64(1), T.int64(16), T.int64(14), T.int64(14), T.int64(64)), "float32"), T_layout_trans: T.Buffer((T.int64(1), T.int64(1), T.int64(14), T.int64(14), T.int64(1024)), "float32")):
        T.func_attr({"tir.noalias": T.bool(True)})
        with T.block("root"):
            T.reads()
            T.writes()
            T.block_attr({"meta_schedule.parallel": 768, "meta_schedule.vectorize": 64})
            for ax0, ax1, ax2, ax3, ax4 in T.grid(T.int64(1), T.int64(1), T.int64(14), T.int64(14), T.int64(1024)):
                with T.block("T_layout_trans"):
                    v_ax0, v_ax1, v_ax2, v_ax3, v_ax4 = T.axis.remap("SSSSS", [ax0, ax1, ax2, ax3, ax4])
                    T.reads(p0[v_ax0, v_ax1 * T.int64(16) + v_ax4 // T.int64(64), v_ax2, v_ax3, v_ax4 % T.int64(64)])
                    T.writes(T_layout_trans[v_ax0, v_ax1, v_ax2, v_ax3, v_ax4])
                    T.block_attr({"dst_layout": "NCHW1024c", "input_shape": [1, 16, 14, 14, 64], "schedule_rule": "None", "src_layout": "NCHW64c"})
                    T_layout_trans[v_ax0, v_ax1, v_ax2, v_ax3, v_ax4] = T.if_then_else(v_ax0 < T.int64(1) and v_ax1 * T.int64(16) + v_ax4 // T.int64(64) < T.int64(16) and v_ax2 < T.int64(14) and v_ax3 < T.int64(14), p0[v_ax0, v_ax1 * T.int64(16) + v_ax4 // T.int64(64), v_ax2, v_ax3, v_ax4 % T.int64(64)], T.float32(0))
b0 = sch.get_block(name="root", func_name="main")
sch.annotate(block_or_loop=b0, ann_key="meta_schedule.parallel", ann_val=768)
sch.annotate(block_or_loop=b0, ann_key="meta_schedule.vectorize", ann_val=64)
2024-04-29 13:34:14 [INFO] [evolutionary_search.cc:713] Generating candidates......
2024-04-29 13:34:14 [INFO] [evolutionary_search.cc:715] Picked top 0 candidate(s) from database
2024-04-29 13:34:14 [INFO] [evolutionary_search.cc:533] Sample-Init-Population summary:
Postproc #0 [meta_schedule.DisallowDynamicLoop(0x17304728)]: 0 failure(s)
Postproc #1 [meta_schedule.RewriteParallelVectorizeUnroll(0x45c3ad8)]: 0 failure(s)
Postproc #2 [meta_schedule.RewriteReductionBlock(0x53b2f18)]: 0 failure(s)
Postproc #3 [meta_schedule.RewriteLayout(0x9bb20f8)]: 0 failure(s)
2024-04-29 13:34:14 [INFO] [evolutionary_search.cc:723] Sampled 512 candidate(s)
2024-04-29 13:34:14 [INFO] [evolutionary_search.cc:621] Evolve iter #0 done. Summary:
Postproc #0 [meta_schedule.DisallowDynamicLoop(0x17304728)]: 0 failure(s)
Postproc #1 [meta_schedule.RewriteParallelVectorizeUnroll(0x45c3ad8)]: 0 failure(s)
Postproc #2 [meta_schedule.RewriteReductionBlock(0x53b2f18)]: 0 failure(s)
Postproc #3 [meta_schedule.RewriteLayout(0x9bb20f8)]: 0 failure(s)
2024-04-29 13:34:15 [INFO] [evolutionary_search.cc:621] Evolve iter #1 done. Summary:
Postproc #0 [meta_schedule.DisallowDynamicLoop(0x17304728)]: 0 failure(s)
Postproc #1 [meta_schedule.RewriteParallelVectorizeUnroll(0x45c3ad8)]: 0 failure(s)
Postproc #2 [meta_schedule.RewriteReductionBlock(0x53b2f18)]: 0 failure(s)
Postproc #3 [meta_schedule.RewriteLayout(0x9bb20f8)]: 0 failure(s)
2024-04-29 13:34:15 [INFO] [evolutionary_search.cc:621] Evolve iter #2 done. Summary:
Postproc #0 [meta_schedule.DisallowDynamicLoop(0x17304728)]: 0 failure(s)
Postproc #1 [meta_schedule.RewriteParallelVectorizeUnroll(0x45c3ad8)]: 0 failure(s)
Postproc #2 [meta_schedule.RewriteReductionBlock(0x53b2f18)]: 0 failure(s)
Postproc #3 [meta_schedule.RewriteLayout(0x9bb20f8)]: 0 failure(s)
2024-04-29 13:34:16 [INFO] [evolutionary_search.cc:621] Evolve iter #3 done. Summary:
Postproc #0 [meta_schedule.DisallowDynamicLoop(0x17304728)]: 0 failure(s)
Postproc #1 [meta_schedule.RewriteParallelVectorizeUnroll(0x45c3ad8)]: 0 failure(s)
Postproc #2 [meta_schedule.RewriteReductionBlock(0x53b2f18)]: 0 failure(s)
Postproc #3 [meta_schedule.RewriteLayout(0x9bb20f8)]: 0 failure(s)
2024-04-29 13:34:16 [INFO] [evolutionary_search.cc:649] Scores of the best 3 candidates:
[1 : 3]:	0.9852  0.4396  0.2452
2024-04-29 13:34:16 [INFO] [evolutionary_search.cc:727] Got 3 candidate(s) with evolutionary search
2024-04-29 13:34:16 [INFO] [evolutionary_search.cc:730] Sending 3 candidates(s) for measurement
2024-04-29 14:25:25 [INFO] [task_scheduler.cc:131] [Task #0: fused_layout_transform] Trial #1: GFLOPs: 0.0000. Time: 42.6577 us. Best GFLOPs: 0.0000
2024-04-29 14:25:25 [INFO] [task_scheduler.cc:131] [Task #0: fused_layout_transform] Trial #2: GFLOPs: 0.0001. Time: 15.7816 us. Best GFLOPs: 0.0001
2024-04-29 14:25:25 [INFO] [task_scheduler.cc:131] [Task #0: fused_layout_transform] Trial #3: GFLOPs: 0.0001. Time: 14.1958 us. Best GFLOPs: 0.0001
