2024-04-28 19:55:31 [INFO] [task_scheduler.cc:160] Initializing Task #100: "fused_concatenate_multiply_add_nn_relu_30"
2024-04-28 19:55:31 [INFO] [task_scheduler.cc:35] 
# from tvm.script import ir as I
# from tvm.script import tir as T

@I.ir_module
class Module:
    @T.prim_func
    def main(p0: T.Buffer((T.int64(1), T.int64(128), T.int64(28), T.int64(28)), "float32"), p1: T.Buffer((T.int64(1), T.int64(32), T.int64(28), T.int64(28)), "float32"), p2: T.Buffer((T.int64(1), T.int64(32), T.int64(28), T.int64(28)), "float32"), p3: T.Buffer((T.int64(1), T.int64(192), T.int64(1), T.int64(1)), "float32"), p4: T.Buffer((T.int64(1), T.int64(192), T.int64(1), T.int64(1)), "float32"), T_relu: T.Buffer((T.int64(1), T.int64(192), T.int64(28), T.int64(28)), "float32")):
        T.func_attr({"tir.noalias": T.bool(True)})
        # with T.block("root"):
        T_concat = T.alloc_buffer((T.int64(1), T.int64(192), T.int64(28), T.int64(28)))
        T_multiply = T.alloc_buffer((T.int64(1), T.int64(192), T.int64(28), T.int64(28)))
        T_add = T.alloc_buffer((T.int64(1), T.int64(192), T.int64(28), T.int64(28)))
        for ax0, ax1, ax2, ax3 in T.grid(T.int64(1), T.int64(192), T.int64(28), T.int64(28)):
            with T.block("T_concat"):
                v_ax0, v_ax1, v_ax2, v_ax3 = T.axis.remap("SSSS", [ax0, ax1, ax2, ax3])
                T.reads(p2[v_ax0, v_ax1 - T.int64(160), v_ax2, v_ax3], p1[v_ax0, v_ax1 - T.int64(128), v_ax2, v_ax3], p0[v_ax0, v_ax1, v_ax2, v_ax3])
                T.writes(T_concat[v_ax0, v_ax1, v_ax2, v_ax3])
                T_concat[v_ax0, v_ax1, v_ax2, v_ax3] = T.if_then_else(T.int64(160) <= v_ax1, p2[v_ax0, v_ax1 - T.int64(160), v_ax2, v_ax3], T.if_then_else(T.int64(128) <= v_ax1, p1[v_ax0, v_ax1 - T.int64(128), v_ax2, v_ax3], p0[v_ax0, v_ax1, v_ax2, v_ax3]))
        for ax0, ax1, ax2, ax3 in T.grid(T.int64(1), T.int64(192), T.int64(28), T.int64(28)):
            with T.block("T_multiply"):
                v_ax0, v_ax1, v_ax2, v_ax3 = T.axis.remap("SSSS", [ax0, ax1, ax2, ax3])
                T.reads(T_concat[v_ax0, v_ax1, v_ax2, v_ax3], p3[v_ax0, v_ax1, T.int64(0), T.int64(0)])
                T.writes(T_multiply[v_ax0, v_ax1, v_ax2, v_ax3])
                T_multiply[v_ax0, v_ax1, v_ax2, v_ax3] = T_concat[v_ax0, v_ax1, v_ax2, v_ax3] * p3[v_ax0, v_ax1, T.int64(0), T.int64(0)]
        for ax0, ax1, ax2, ax3 in T.grid(T.int64(1), T.int64(192), T.int64(28), T.int64(28)):
            with T.block("T_add"):
                v_ax0, v_ax1, v_ax2, v_ax3 = T.axis.remap("SSSS", [ax0, ax1, ax2, ax3])
                T.reads(T_multiply[v_ax0, v_ax1, v_ax2, v_ax3], p4[v_ax0, v_ax1, T.int64(0), T.int64(0)])
                T.writes(T_add[v_ax0, v_ax1, v_ax2, v_ax3])
                T_add[v_ax0, v_ax1, v_ax2, v_ax3] = T_multiply[v_ax0, v_ax1, v_ax2, v_ax3] + p4[v_ax0, v_ax1, T.int64(0), T.int64(0)]
        for ax0, ax1, ax2, ax3 in T.grid(T.int64(1), T.int64(192), T.int64(28), T.int64(28)):
            with T.block("T_relu"):
                v_ax0, v_ax1, v_ax2, v_ax3 = T.axis.remap("SSSS", [ax0, ax1, ax2, ax3])
                T.reads(T_add[v_ax0, v_ax1, v_ax2, v_ax3])
                T.writes(T_relu[v_ax0, v_ax1, v_ax2, v_ax3])
                T_relu[v_ax0, v_ax1, v_ax2, v_ax3] = T.max(T_add[v_ax0, v_ax1, v_ax2, v_ax3], T.float32(0))
2024-04-28 19:55:31 [INFO] [task_scheduler.cc:164] Total 1 design space(s) generated
2024-04-28 19:55:31 [INFO] [task_scheduler.cc:170] Design space #0:
# from tvm.script import ir as I
# from tvm.script import tir as T

@I.ir_module
class Module:
    @T.prim_func
    def main(p0: T.Buffer((T.int64(1), T.int64(128), T.int64(28), T.int64(28)), "float32"), p1: T.Buffer((T.int64(1), T.int64(32), T.int64(28), T.int64(28)), "float32"), p2: T.Buffer((T.int64(1), T.int64(32), T.int64(28), T.int64(28)), "float32"), p3: T.Buffer((T.int64(1), T.int64(192), T.int64(1), T.int64(1)), "float32"), p4: T.Buffer((T.int64(1), T.int64(192), T.int64(1), T.int64(1)), "float32"), T_relu: T.Buffer((T.int64(1), T.int64(192), T.int64(28), T.int64(28)), "float32")):
        T.func_attr({"tir.noalias": T.bool(True)})
        # with T.block("root"):
        for ax0_ax1_ax2_ax3_fused_0 in T.thread_binding(T.int64(2352), thread="blockIdx.x"):
            for ax0_ax1_ax2_ax3_fused_1 in T.thread_binding(T.int64(64), thread="threadIdx.x"):
                with T.block("T_concat"):
                    v_ax0 = T.axis.spatial(T.int64(1), T.int64(0))
                    v_ax1 = T.axis.spatial(T.int64(192), (ax0_ax1_ax2_ax3_fused_0 * T.int64(64) + ax0_ax1_ax2_ax3_fused_1) // T.int64(784))
                    v_ax2 = T.axis.spatial(T.int64(28), (ax0_ax1_ax2_ax3_fused_0 * T.int64(64) + ax0_ax1_ax2_ax3_fused_1) % T.int64(784) // T.int64(28))
                    v_ax3 = T.axis.spatial(T.int64(28), (ax0_ax1_ax2_ax3_fused_0 * T.int64(64) + ax0_ax1_ax2_ax3_fused_1) % T.int64(28))
                    T.reads(p2[v_ax0, v_ax1 - T.int64(160), v_ax2, v_ax3], p1[v_ax0, v_ax1 - T.int64(128), v_ax2, v_ax3], p0[v_ax0, v_ax1, v_ax2, v_ax3], p3[v_ax0, v_ax1, T.int64(0), T.int64(0)], p4[v_ax0, v_ax1, T.int64(0), T.int64(0)])
                    T.writes(T_relu[v_ax0, v_ax1, v_ax2, v_ax3])
                    T_relu[v_ax0, v_ax1, v_ax2, v_ax3] = T.max(T.if_then_else(T.int64(160) <= v_ax1, p2[v_ax0, v_ax1 - T.int64(160), v_ax2, v_ax3], T.if_then_else(T.int64(128) <= v_ax1, p1[v_ax0, v_ax1 - T.int64(128), v_ax2, v_ax3], p0[v_ax0, v_ax1, v_ax2, v_ax3])) * p3[v_ax0, v_ax1, T.int64(0), T.int64(0)] + p4[v_ax0, v_ax1, T.int64(0), T.int64(0)], T.float32(0))
b0 = sch.get_block(name="T_concat", func_name="main")
b1 = sch.get_block(name="T_multiply", func_name="main")
b2 = sch.get_block(name="T_add", func_name="main")
b3 = sch.get_block(name="T_relu", func_name="main")
sch.reverse_compute_inline(block=b3)
sch.reverse_compute_inline(block=b2)
sch.reverse_compute_inline(block=b1)
l4, l5, l6, l7 = sch.get_loops(block=b0)
l8 = sch.fuse(l4, l5, l6, l7, preserve_unit_iters=True)
v9 = sch.sample_categorical(candidates=[32, 64, 128, 256, 512, 1024], probs=[0.16666666666666666, 0.16666666666666666, 0.16666666666666666, 0.16666666666666666, 0.16666666666666666, 0.16666666666666666], decision=1)
l10, l11 = sch.split(loop=l8, factors=[None, v9], preserve_unit_iters=True)
sch.bind(loop=l10, thread_axis="blockIdx.x")
sch.bind(loop=l11, thread_axis="threadIdx.x")
2024-04-28 22:10:38 [INFO] [evolutionary_search.cc:713] Generating candidates......
2024-04-28 22:10:38 [INFO] [evolutionary_search.cc:715] Picked top 0 candidate(s) from database
2024-04-28 22:10:39 [INFO] [evolutionary_search.cc:533] Sample-Init-Population summary:
Postproc #0 [meta_schedule.DisallowDynamicLoop(0xc8797d8)]: 0 failure(s)
Postproc #1 [meta_schedule.RewriteCooperativeFetch(0x9e948a8)]: 0 failure(s)
Postproc #2 [meta_schedule.RewriteUnboundBlock(0x9797338)]: 0 failure(s)
Postproc #3 [meta_schedule.RewriteParallelVectorizeUnroll(0x634d3e8)]: 0 failure(s)
Postproc #4 [meta_schedule.RewriteReductionBlock(0xd043208)]: 0 failure(s)
Postproc #5 [meta_schedule.VerifyGPUCode(0x9e95698)]: 0 failure(s)
Postproc #6 [meta_schedule.RewriteTensorize(0x9797e38)]: 0 failure(s)
2024-04-28 22:10:39 [INFO] [evolutionary_search.cc:723] Sampled 512 candidate(s)
2024-04-28 22:10:39 [INFO] [evolutionary_search.cc:621] Evolve iter #0 done. Summary:
Postproc #0 [meta_schedule.DisallowDynamicLoop(0xc8797d8)]: 0 failure(s)
Postproc #1 [meta_schedule.RewriteCooperativeFetch(0x9e948a8)]: 0 failure(s)
Postproc #2 [meta_schedule.RewriteUnboundBlock(0x9797338)]: 0 failure(s)
Postproc #3 [meta_schedule.RewriteParallelVectorizeUnroll(0x634d3e8)]: 0 failure(s)
Postproc #4 [meta_schedule.RewriteReductionBlock(0xd043208)]: 0 failure(s)
Postproc #5 [meta_schedule.VerifyGPUCode(0x9e95698)]: 0 failure(s)
Postproc #6 [meta_schedule.RewriteTensorize(0x9797e38)]: 0 failure(s)
2024-04-28 22:10:39 [INFO] [evolutionary_search.cc:621] Evolve iter #1 done. Summary:
Postproc #0 [meta_schedule.DisallowDynamicLoop(0xc8797d8)]: 0 failure(s)
Postproc #1 [meta_schedule.RewriteCooperativeFetch(0x9e948a8)]: 0 failure(s)
Postproc #2 [meta_schedule.RewriteUnboundBlock(0x9797338)]: 0 failure(s)
Postproc #3 [meta_schedule.RewriteParallelVectorizeUnroll(0x634d3e8)]: 0 failure(s)
Postproc #4 [meta_schedule.RewriteReductionBlock(0xd043208)]: 0 failure(s)
Postproc #5 [meta_schedule.VerifyGPUCode(0x9e95698)]: 0 failure(s)
Postproc #6 [meta_schedule.RewriteTensorize(0x9797e38)]: 0 failure(s)
2024-04-28 22:10:40 [INFO] [evolutionary_search.cc:621] Evolve iter #2 done. Summary:
Postproc #0 [meta_schedule.DisallowDynamicLoop(0xc8797d8)]: 0 failure(s)
Postproc #1 [meta_schedule.RewriteCooperativeFetch(0x9e948a8)]: 0 failure(s)
Postproc #2 [meta_schedule.RewriteUnboundBlock(0x9797338)]: 0 failure(s)
Postproc #3 [meta_schedule.RewriteParallelVectorizeUnroll(0x634d3e8)]: 0 failure(s)
Postproc #4 [meta_schedule.RewriteReductionBlock(0xd043208)]: 0 failure(s)
Postproc #5 [meta_schedule.VerifyGPUCode(0x9e95698)]: 0 failure(s)
Postproc #6 [meta_schedule.RewriteTensorize(0x9797e38)]: 0 failure(s)
2024-04-28 22:10:40 [INFO] [evolutionary_search.cc:621] Evolve iter #3 done. Summary:
Postproc #0 [meta_schedule.DisallowDynamicLoop(0xc8797d8)]: 0 failure(s)
Postproc #1 [meta_schedule.RewriteCooperativeFetch(0x9e948a8)]: 0 failure(s)
Postproc #2 [meta_schedule.RewriteUnboundBlock(0x9797338)]: 0 failure(s)
Postproc #3 [meta_schedule.RewriteParallelVectorizeUnroll(0x634d3e8)]: 0 failure(s)
Postproc #4 [meta_schedule.RewriteReductionBlock(0xd043208)]: 0 failure(s)
Postproc #5 [meta_schedule.VerifyGPUCode(0x9e95698)]: 0 failure(s)
Postproc #6 [meta_schedule.RewriteTensorize(0x9797e38)]: 0 failure(s)
2024-04-28 22:10:40 [INFO] [evolutionary_search.cc:649] Scores of the best 6 candidates:
[1 : 6]:	0.9754  0.7844  0.7767  0.5936  0.0677  0.0260
2024-04-28 22:10:40 [INFO] [evolutionary_search.cc:727] Got 6 candidate(s) with evolutionary search
2024-04-28 22:10:40 [INFO] [evolutionary_search.cc:730] Sending 6 candidates(s) for measurement
2024-04-28 23:06:28 [INFO] [task_scheduler.cc:131] [Task #100: fused_concatenate_multiply_add_nn_relu_30] Trial #1: GFLOPs: 127.1601. Time: 3.5513 us. Best GFLOPs: 127.1601
2024-04-28 23:06:28 [INFO] [task_scheduler.cc:131] [Task #100: fused_concatenate_multiply_add_nn_relu_30] Trial #2: GFLOPs: 123.7518. Time: 3.6491 us. Best GFLOPs: 127.1601
2024-04-28 23:06:28 [INFO] [task_scheduler.cc:131] [Task #100: fused_concatenate_multiply_add_nn_relu_30] Trial #3: GFLOPs: 72.3914. Time: 6.2381 us. Best GFLOPs: 127.1601
2024-04-28 23:06:28 [INFO] [task_scheduler.cc:131] [Task #100: fused_concatenate_multiply_add_nn_relu_30] Trial #4: GFLOPs: 99.7146. Time: 4.5288 us. Best GFLOPs: 127.1601
2024-04-28 23:06:28 [INFO] [task_scheduler.cc:131] [Task #100: fused_concatenate_multiply_add_nn_relu_30] Trial #5: GFLOPs: 135.0100. Time: 3.3448 us. Best GFLOPs: 135.0100
2024-04-28 23:06:28 [INFO] [task_scheduler.cc:131] [Task #100: fused_concatenate_multiply_add_nn_relu_30] Trial #6: GFLOPs: 138.9258. Time: 3.2505 us. Best GFLOPs: 138.9258
