2024-03-21 13:42:29 [INFO] [task_scheduler.cc:160] Initializing Task #132: "fused_nn_conv2d_add_nn_relu_65"
2024-03-21 13:42:29 [INFO] [task_scheduler.cc:35] 
# from tvm.script import ir as I
# from tvm.script import tir as T

@I.ir_module
class Module:
    @T.prim_func
    def main(p0: T.Buffer((T.int64(1), T.int64(704), T.int64(14), T.int64(14)), "float32"), p1: T.Buffer((T.int64(128), T.int64(704), T.int64(1), T.int64(1)), "float32"), p2: T.Buffer((T.int64(1), T.int64(128), T.int64(1), T.int64(1)), "float32"), T_relu: T.Buffer((T.int64(1), T.int64(128), T.int64(14), T.int64(14)), "float32")):
        T.func_attr({"tir.noalias": T.bool(True)})
        # with T.block("root"):
        pad_temp = T.alloc_buffer((T.int64(1), T.int64(704), T.int64(14), T.int64(14)))
        conv2d_nchw = T.alloc_buffer((T.int64(1), T.int64(128), T.int64(14), T.int64(14)))
        T_add = T.alloc_buffer((T.int64(1), T.int64(128), T.int64(14), T.int64(14)))
        for i0, i1, i2, i3 in T.grid(T.int64(1), T.int64(704), T.int64(14), T.int64(14)):
            with T.block("pad_temp"):
                v_i0, v_i1, v_i2, v_i3 = T.axis.remap("SSSS", [i0, i1, i2, i3])
                T.reads(p0[v_i0, v_i1, v_i2, v_i3])
                T.writes(pad_temp[v_i0, v_i1, v_i2, v_i3])
                pad_temp[v_i0, v_i1, v_i2, v_i3] = p0[v_i0, v_i1, v_i2, v_i3]
        for nn, ff, yy, xx, rc, ry, rx in T.grid(T.int64(1), T.int64(128), T.int64(14), T.int64(14), T.int64(704), T.int64(1), T.int64(1)):
            with T.block("conv2d_nchw"):
                v_nn, v_ff, v_yy, v_xx, v_rc, v_ry, v_rx = T.axis.remap("SSSSRRR", [nn, ff, yy, xx, rc, ry, rx])
                T.reads(pad_temp[v_nn, v_rc, v_yy + v_ry, v_xx + v_rx], p1[v_ff, v_rc, v_ry, v_rx])
                T.writes(conv2d_nchw[v_nn, v_ff, v_yy, v_xx])
                with T.init():
                    conv2d_nchw[v_nn, v_ff, v_yy, v_xx] = T.float32(0)
                conv2d_nchw[v_nn, v_ff, v_yy, v_xx] = conv2d_nchw[v_nn, v_ff, v_yy, v_xx] + pad_temp[v_nn, v_rc, v_yy + v_ry, v_xx + v_rx] * p1[v_ff, v_rc, v_ry, v_rx]
        for ax0, ax1, ax2, ax3 in T.grid(T.int64(1), T.int64(128), T.int64(14), T.int64(14)):
            with T.block("T_add"):
                v_ax0, v_ax1, v_ax2, v_ax3 = T.axis.remap("SSSS", [ax0, ax1, ax2, ax3])
                T.reads(conv2d_nchw[v_ax0, v_ax1, v_ax2, v_ax3], p2[v_ax0, v_ax1, T.int64(0), T.int64(0)])
                T.writes(T_add[v_ax0, v_ax1, v_ax2, v_ax3])
                T_add[v_ax0, v_ax1, v_ax2, v_ax3] = conv2d_nchw[v_ax0, v_ax1, v_ax2, v_ax3] + p2[v_ax0, v_ax1, T.int64(0), T.int64(0)]
        for ax0, ax1, ax2, ax3 in T.grid(T.int64(1), T.int64(128), T.int64(14), T.int64(14)):
            with T.block("T_relu"):
                v_ax0, v_ax1, v_ax2, v_ax3 = T.axis.remap("SSSS", [ax0, ax1, ax2, ax3])
                T.reads(T_add[v_ax0, v_ax1, v_ax2, v_ax3])
                T.writes(T_relu[v_ax0, v_ax1, v_ax2, v_ax3])
                T_relu[v_ax0, v_ax1, v_ax2, v_ax3] = T.max(T_add[v_ax0, v_ax1, v_ax2, v_ax3], T.float32(0))
2024-03-21 13:42:29 [INFO] [task_scheduler.cc:164] Total 3 design space(s) generated
2024-03-21 13:42:29 [INFO] [task_scheduler.cc:170] Design space #0:
# from tvm.script import ir as I
# from tvm.script import tir as T

@I.ir_module
class Module:
    @T.prim_func
    def main(p0: T.Buffer((T.int64(1), T.int64(704), T.int64(14), T.int64(14)), "float32"), p1: T.Buffer((T.int64(128), T.int64(704), T.int64(1), T.int64(1)), "float32"), p2: T.Buffer((T.int64(1), T.int64(128), T.int64(1), T.int64(1)), "float32"), T_relu: T.Buffer((T.int64(1), T.int64(128), T.int64(14), T.int64(14)), "float32")):
        T.func_attr({"tir.noalias": T.bool(True)})
        with T.block("root"):
            T.reads()
            T.writes()
            T.block_attr({"meta_schedule.unroll_explicit": 64})
            conv2d_nchw_local = T.alloc_buffer((T.int64(1), T.int64(128), T.int64(14), T.int64(14)), scope="local")
            pad_temp_shared = T.alloc_buffer((T.int64(1), T.int64(704), T.int64(14), T.int64(14)), scope="shared")
            p1_shared = T.alloc_buffer((T.int64(128), T.int64(704), T.int64(1), T.int64(1)), scope="shared")
            for nn_0_ff_0_yy_0_xx_0_fused in T.thread_binding(T.int64(14), thread="blockIdx.x"):
                for nn_1_ff_1_yy_1_xx_1_fused in T.thread_binding(T.int64(14), thread="vthread.x"):
                    for nn_2_ff_2_yy_2_xx_2_fused in T.thread_binding(T.int64(2), thread="threadIdx.x"):
                        for rc_0, ry_0, rx_0 in T.grid(T.int64(44), T.int64(1), T.int64(1)):
                            for ax0_ax1_ax2_ax3_fused in range(T.int64(448)):
                                with T.block("pad_temp_shared"):
                                    v0 = T.axis.spatial(T.int64(1), T.int64(0))
                                    v1 = T.axis.spatial(T.int64(704), rc_0 * T.int64(16) + ax0_ax1_ax2_ax3_fused // T.int64(28))
                                    v2 = T.axis.spatial(T.int64(14), nn_0_ff_0_yy_0_xx_0_fused % T.int64(7) * T.int64(2) + ax0_ax1_ax2_ax3_fused % T.int64(28) // T.int64(14))
                                    v3 = T.axis.spatial(T.int64(14), ax0_ax1_ax2_ax3_fused % T.int64(14))
                                    T.reads(p0[v0, v1, v2, v3])
                                    T.writes(pad_temp_shared[v0, v1, v2, v3])
                                    T.block_attr({"meta_schedule.cooperative_fetch": 4})
                                    pad_temp_shared[v0, v1, v2, v3] = p0[v0, v1, v2, v3]
                            for ax0_ax1_ax2_ax3_fused in range(T.int64(1024)):
                                with T.block("p1_shared"):
                                    v0 = T.axis.spatial(T.int64(128), nn_0_ff_0_yy_0_xx_0_fused // T.int64(7) * T.int64(64) + ax0_ax1_ax2_ax3_fused // T.int64(16))
                                    v1 = T.axis.spatial(T.int64(704), rc_0 * T.int64(16) + ax0_ax1_ax2_ax3_fused % T.int64(16))
                                    v2 = T.axis.spatial(T.int64(1), T.int64(0))
                                    v3 = T.axis.spatial(T.int64(1), T.int64(0))
                                    T.reads(p1[v0, v1, v2, v3])
                                    T.writes(p1_shared[v0, v1, v2, v3])
                                    T.block_attr({"meta_schedule.cooperative_fetch": 2})
                                    p1_shared[v0, v1, v2, v3] = p1[v0, v1, v2, v3]
                            for rc_1, ry_1, rx_1, nn_3, ff_3, yy_3, xx_3, rc_2, ry_2, rx_2, nn_4, ff_4, yy_4, xx_4 in T.grid(T.int64(2), T.int64(1), T.int64(1), T.int64(1), T.int64(16), T.int64(1), T.int64(1), T.int64(8), T.int64(1), T.int64(1), T.int64(1), T.int64(2), T.int64(1), T.int64(2)):
                                with T.block("conv2d_nchw"):
                                    v_nn = T.axis.spatial(T.int64(1), nn_3 + nn_4)
                                    v_ff = T.axis.spatial(T.int64(128), nn_0_ff_0_yy_0_xx_0_fused // T.int64(7) * T.int64(64) + nn_2_ff_2_yy_2_xx_2_fused * T.int64(32) + ff_3 * T.int64(2) + ff_4)
                                    v_yy = T.axis.spatial(T.int64(14), nn_0_ff_0_yy_0_xx_0_fused % T.int64(7) * T.int64(2) + nn_1_ff_1_yy_1_xx_1_fused // T.int64(7) + yy_3 + yy_4)
                                    v_xx = T.axis.spatial(T.int64(14), nn_1_ff_1_yy_1_xx_1_fused % T.int64(7) * T.int64(2) + xx_3 * T.int64(2) + xx_4)
                                    v_rc = T.axis.reduce(T.int64(704), rc_0 * T.int64(16) + rc_1 * T.int64(8) + rc_2)
                                    v_ry = T.axis.reduce(T.int64(1), ry_0 + ry_1 + ry_2)
                                    v_rx = T.axis.reduce(T.int64(1), rx_0 + rx_1 + rx_2)
                                    T.reads(pad_temp_shared[v_nn, v_rc, v_yy + v_ry, v_xx + v_rx], p1_shared[v_ff, v_rc, v_ry, v_rx])
                                    T.writes(conv2d_nchw_local[v_nn, v_ff, v_yy, v_xx])
                                    T.block_attr({"meta_schedule.thread_extent_high_inclusive": 1024, "meta_schedule.thread_extent_low_inclusive": 32, "meta_schedule.tiling_structure": "SSSRRSRS"})
                                    with T.init():
                                        conv2d_nchw_local[v_nn, v_ff, v_yy, v_xx] = T.float32(0)
                                    conv2d_nchw_local[v_nn, v_ff, v_yy, v_xx] = conv2d_nchw_local[v_nn, v_ff, v_yy, v_xx] + pad_temp_shared[v_nn, v_rc, v_yy + v_ry, v_xx + v_rx] * p1_shared[v_ff, v_rc, v_ry, v_rx]
                        for ax0, ax1, ax2, ax3 in T.grid(T.int64(1), T.int64(32), T.int64(1), T.int64(2)):
                            with T.block("conv2d_nchw_local"):
                                v0 = T.axis.spatial(T.int64(1), ax0)
                                v1 = T.axis.spatial(T.int64(128), nn_0_ff_0_yy_0_xx_0_fused // T.int64(7) * T.int64(64) + nn_2_ff_2_yy_2_xx_2_fused * T.int64(32) + ax1)
                                v2 = T.axis.spatial(T.int64(14), nn_0_ff_0_yy_0_xx_0_fused % T.int64(7) * T.int64(2) + nn_1_ff_1_yy_1_xx_1_fused // T.int64(7) + ax2)
                                v3 = T.axis.spatial(T.int64(14), nn_1_ff_1_yy_1_xx_1_fused % T.int64(7) * T.int64(2) + ax3)
                                T.reads(conv2d_nchw_local[v0, v1, v2, v3], p2[v0, v1, T.int64(0), T.int64(0)])
                                T.writes(T_relu[v0, v1, v2, v3])
                                T_relu[v0, v1, v2, v3] = T.max(conv2d_nchw_local[v0, v1, v2, v3] + p2[v0, v1, T.int64(0), T.int64(0)], T.float32(0))
b0 = sch.get_block(name="pad_temp", func_name="main")
b1 = sch.get_block(name="conv2d_nchw", func_name="main")
b2 = sch.get_block(name="T_add", func_name="main")
b3 = sch.get_block(name="T_relu", func_name="main")
b4 = sch.get_block(name="root", func_name="main")
sch.annotate(block_or_loop=b1, ann_key="meta_schedule.tiling_structure", ann_val="SSSRRSRS")
l5, l6, l7, l8, l9, l10, l11 = sch.get_loops(block=b1)
v12, v13, v14, v15, v16 = sch.sample_perfect_tile(loop=l5, n=5, max_innermost_factor=64, decision=[1, 1, 1, 1, 1])
l17, l18, l19, l20, l21 = sch.split(loop=l5, factors=[v12, v13, v14, v15, v16], preserve_unit_iters=True)
v22, v23, v24, v25, v26 = sch.sample_perfect_tile(loop=l6, n=5, max_innermost_factor=64, decision=[2, 1, 2, 16, 2])
l27, l28, l29, l30, l31 = sch.split(loop=l6, factors=[v22, v23, v24, v25, v26], preserve_unit_iters=True)
v32, v33, v34, v35, v36 = sch.sample_perfect_tile(loop=l7, n=5, max_innermost_factor=64, decision=[7, 2, 1, 1, 1])
l37, l38, l39, l40, l41 = sch.split(loop=l7, factors=[v32, v33, v34, v35, v36], preserve_unit_iters=True)
v42, v43, v44, v45, v46 = sch.sample_perfect_tile(loop=l8, n=5, max_innermost_factor=64, decision=[1, 7, 1, 1, 2])
l47, l48, l49, l50, l51 = sch.split(loop=l8, factors=[v42, v43, v44, v45, v46], preserve_unit_iters=True)
v52, v53, v54 = sch.sample_perfect_tile(loop=l9, n=3, max_innermost_factor=64, decision=[44, 2, 8])
l55, l56, l57 = sch.split(loop=l9, factors=[v52, v53, v54], preserve_unit_iters=True)
v58, v59, v60 = sch.sample_perfect_tile(loop=l10, n=3, max_innermost_factor=64, decision=[1, 1, 1])
l61, l62, l63 = sch.split(loop=l10, factors=[v58, v59, v60], preserve_unit_iters=True)
v64, v65, v66 = sch.sample_perfect_tile(loop=l11, n=3, max_innermost_factor=64, decision=[1, 1, 1])
l67, l68, l69 = sch.split(loop=l11, factors=[v64, v65, v66], preserve_unit_iters=True)
sch.reorder(l17, l27, l37, l47, l18, l28, l38, l48, l19, l29, l39, l49, l55, l61, l67, l56, l62, l68, l20, l30, l40, l50, l57, l63, l69, l21, l31, l41, l51)
l70 = sch.fuse(l17, l27, l37, l47, preserve_unit_iters=True)
sch.bind(loop=l70, thread_axis="blockIdx.x")
l71 = sch.fuse(l18, l28, l38, l48, preserve_unit_iters=True)
sch.bind(loop=l71, thread_axis="vthread.x")
l72 = sch.fuse(l19, l29, l39, l49, preserve_unit_iters=True)
sch.bind(loop=l72, thread_axis="threadIdx.x")
sch.annotate(block_or_loop=b1, ann_key="meta_schedule.thread_extent_low_inclusive", ann_val=32)
sch.annotate(block_or_loop=b1, ann_key="meta_schedule.thread_extent_high_inclusive", ann_val=1024)
b73 = sch.cache_write(block=b1, write_buffer_index=0, storage_scope="local")
sch.reverse_compute_at(block=b73, loop=l72, preserve_unit_loops=True, index=-1)
b74 = sch.cache_read(block=b1, read_buffer_index=0, storage_scope="shared", consumer_blocks=[b1])
sch.compute_at(block=b74, loop=l67, preserve_unit_loops=True, index=-1)
l75, l76, l77, l78, l79, l80, l81, l82, l83, l84 = sch.get_loops(block=b74)
l85 = sch.fuse(l81, l82, l83, l84, preserve_unit_iters=True)
v86 = sch.sample_categorical(candidates=[1, 2, 3, 4], probs=[0.25, 0.25, 0.25, 0.25], decision=3)
sch.annotate(block_or_loop=b74, ann_key="meta_schedule.cooperative_fetch", ann_val=v86)
b87 = sch.cache_read(block=b1, read_buffer_index=1, storage_scope="shared", consumer_blocks=[b1])
sch.compute_at(block=b87, loop=l67, preserve_unit_loops=True, index=-1)
l88, l89, l90, l91, l92, l93, l94, l95, l96, l97 = sch.get_loops(block=b87)
l98 = sch.fuse(l94, l95, l96, l97, preserve_unit_iters=True)
v99 = sch.sample_categorical(candidates=[1, 2, 3, 4], probs=[0.25, 0.25, 0.25, 0.25], decision=1)
sch.annotate(block_or_loop=b87, ann_key="meta_schedule.cooperative_fetch", ann_val=v99)
sch.reverse_compute_inline(block=b3)
sch.reverse_compute_inline(block=b2)
sch.compute_inline(block=b0)
v100 = sch.sample_categorical(candidates=[0, 16, 64, 512, 1024], probs=[0.20000000000000001, 0.20000000000000001, 0.20000000000000001, 0.20000000000000001, 0.20000000000000001], decision=2)
sch.annotate(block_or_loop=b4, ann_key="meta_schedule.unroll_explicit", ann_val=v100)
2024-03-21 13:42:29 [INFO] [task_scheduler.cc:170] Design space #1:
# from tvm.script import ir as I
# from tvm.script import tir as T

@I.ir_module
class Module:
    @T.prim_func
    def main(p0: T.Buffer((T.int64(1), T.int64(704), T.int64(14), T.int64(14)), "float32"), p1: T.Buffer((T.int64(128), T.int64(704), T.int64(1), T.int64(1)), "float32"), p2: T.Buffer((T.int64(1), T.int64(128), T.int64(1), T.int64(1)), "float32"), T_relu: T.Buffer((T.int64(1), T.int64(128), T.int64(14), T.int64(14)), "float32")):
        T.func_attr({"tir.noalias": T.bool(True)})
        with T.block("root"):
            T.reads()
            T.writes()
            T.block_attr({"meta_schedule.unroll_explicit": 512})
            conv2d_nchw_local = T.alloc_buffer((T.int64(1), T.int64(128), T.int64(14), T.int64(14)), scope="local")
            pad_temp_shared = T.alloc_buffer((T.int64(1), T.int64(704), T.int64(14), T.int64(14)), scope="shared")
            p1_shared = T.alloc_buffer((T.int64(128), T.int64(704), T.int64(1), T.int64(1)), scope="shared")
            for nn_0_ff_0_yy_0_xx_0_fused in T.thread_binding(T.int64(14), thread="blockIdx.x"):
                for nn_1_ff_1_yy_1_xx_1_fused in T.thread_binding(T.int64(14), thread="vthread.x"):
                    for nn_2_ff_2_yy_2_xx_2_fused in T.thread_binding(T.int64(2), thread="threadIdx.x"):
                        for rc_0_ry_0_rx_0_fused in T.serial(T.int64(44), annotations={"software_pipeline_async_stages": [0], "software_pipeline_order": [0, 1, 2], "software_pipeline_stage": [0, 0, 2]}):
                            for ax0_ax1_ax2_ax3_fused in range(T.int64(448)):
                                with T.block("pad_temp_shared"):
                                    v0 = T.axis.spatial(T.int64(1), T.int64(0))
                                    v1 = T.axis.spatial(T.int64(704), rc_0_ry_0_rx_0_fused * T.int64(16) + ax0_ax1_ax2_ax3_fused // T.int64(28))
                                    v2 = T.axis.spatial(T.int64(14), nn_0_ff_0_yy_0_xx_0_fused % T.int64(7) * T.int64(2) + ax0_ax1_ax2_ax3_fused % T.int64(28) // T.int64(14))
                                    v3 = T.axis.spatial(T.int64(14), ax0_ax1_ax2_ax3_fused % T.int64(14))
                                    T.reads(p0[v0, v1, v2, v3])
                                    T.writes(pad_temp_shared[v0, v1, v2, v3])
                                    T.block_attr({"meta_schedule.cooperative_fetch": 4})
                                    pad_temp_shared[v0, v1, v2, v3] = p0[v0, v1, v2, v3]
                            for ax0_ax1_ax2_ax3_fused in range(T.int64(1024)):
                                with T.block("p1_shared"):
                                    v0 = T.axis.spatial(T.int64(128), nn_0_ff_0_yy_0_xx_0_fused // T.int64(7) * T.int64(64) + ax0_ax1_ax2_ax3_fused // T.int64(16))
                                    v1 = T.axis.spatial(T.int64(704), rc_0_ry_0_rx_0_fused * T.int64(16) + ax0_ax1_ax2_ax3_fused % T.int64(16))
                                    v2 = T.axis.spatial(T.int64(1), T.int64(0))
                                    v3 = T.axis.spatial(T.int64(1), T.int64(0))
                                    T.reads(p1[v0, v1, v2, v3])
                                    T.writes(p1_shared[v0, v1, v2, v3])
                                    T.block_attr({"meta_schedule.cooperative_fetch": 2})
                                    p1_shared[v0, v1, v2, v3] = p1[v0, v1, v2, v3]
                            for rc_1, ry_1, rx_1, nn_3, ff_3, yy_3, xx_3, rc_2, ry_2, rx_2, nn_4, ff_4, yy_4, xx_4 in T.grid(T.int64(2), T.int64(1), T.int64(1), T.int64(1), T.int64(16), T.int64(1), T.int64(1), T.int64(8), T.int64(1), T.int64(1), T.int64(1), T.int64(2), T.int64(1), T.int64(2)):
                                with T.block("conv2d_nchw"):
                                    v_nn = T.axis.spatial(T.int64(1), nn_3 + nn_4)
                                    v_ff = T.axis.spatial(T.int64(128), nn_0_ff_0_yy_0_xx_0_fused // T.int64(7) * T.int64(64) + nn_2_ff_2_yy_2_xx_2_fused * T.int64(32) + ff_3 * T.int64(2) + ff_4)
                                    v_yy = T.axis.spatial(T.int64(14), nn_0_ff_0_yy_0_xx_0_fused % T.int64(7) * T.int64(2) + nn_1_ff_1_yy_1_xx_1_fused // T.int64(7) + yy_3 + yy_4)
                                    v_xx = T.axis.spatial(T.int64(14), nn_1_ff_1_yy_1_xx_1_fused % T.int64(7) * T.int64(2) + xx_3 * T.int64(2) + xx_4)
                                    v_rc = T.axis.reduce(T.int64(704), rc_0_ry_0_rx_0_fused * T.int64(16) + rc_1 * T.int64(8) + rc_2)
                                    v_ry = T.axis.reduce(T.int64(1), ry_1 + ry_2)
                                    v_rx = T.axis.reduce(T.int64(1), rx_1 + rx_2)
                                    T.reads(pad_temp_shared[v_nn, v_rc, v_yy + v_ry, v_xx + v_rx], p1_shared[v_ff, v_rc, v_ry, v_rx])
                                    T.writes(conv2d_nchw_local[v_nn, v_ff, v_yy, v_xx])
                                    T.block_attr({"meta_schedule.thread_extent_high_inclusive": 1024, "meta_schedule.thread_extent_low_inclusive": 32, "meta_schedule.tiling_structure": "SSSRRSRS"})
                                    with T.init():
                                        conv2d_nchw_local[v_nn, v_ff, v_yy, v_xx] = T.float32(0)
                                    conv2d_nchw_local[v_nn, v_ff, v_yy, v_xx] = conv2d_nchw_local[v_nn, v_ff, v_yy, v_xx] + pad_temp_shared[v_nn, v_rc, v_yy + v_ry, v_xx + v_rx] * p1_shared[v_ff, v_rc, v_ry, v_rx]
                        for ax0, ax1, ax2, ax3 in T.grid(T.int64(1), T.int64(32), T.int64(1), T.int64(2)):
                            with T.block("conv2d_nchw_local"):
                                v0 = T.axis.spatial(T.int64(1), ax0)
                                v1 = T.axis.spatial(T.int64(128), nn_0_ff_0_yy_0_xx_0_fused // T.int64(7) * T.int64(64) + nn_2_ff_2_yy_2_xx_2_fused * T.int64(32) + ax1)
                                v2 = T.axis.spatial(T.int64(14), nn_0_ff_0_yy_0_xx_0_fused % T.int64(7) * T.int64(2) + nn_1_ff_1_yy_1_xx_1_fused // T.int64(7) + ax2)
                                v3 = T.axis.spatial(T.int64(14), nn_1_ff_1_yy_1_xx_1_fused % T.int64(7) * T.int64(2) + ax3)
                                T.reads(conv2d_nchw_local[v0, v1, v2, v3], p2[v0, v1, T.int64(0), T.int64(0)])
                                T.writes(T_relu[v0, v1, v2, v3])
                                T_relu[v0, v1, v2, v3] = T.max(conv2d_nchw_local[v0, v1, v2, v3] + p2[v0, v1, T.int64(0), T.int64(0)], T.float32(0))
b0 = sch.get_block(name="pad_temp", func_name="main")
b1 = sch.get_block(name="conv2d_nchw", func_name="main")
b2 = sch.get_block(name="T_add", func_name="main")
b3 = sch.get_block(name="T_relu", func_name="main")
b4 = sch.get_block(name="root", func_name="main")
sch.annotate(block_or_loop=b1, ann_key="meta_schedule.tiling_structure", ann_val="SSSRRSRS")
l5, l6, l7, l8, l9, l10, l11 = sch.get_loops(block=b1)
v12, v13, v14, v15, v16 = sch.sample_perfect_tile(loop=l5, n=5, max_innermost_factor=64, decision=[1, 1, 1, 1, 1])
l17, l18, l19, l20, l21 = sch.split(loop=l5, factors=[v12, v13, v14, v15, v16], preserve_unit_iters=True)
v22, v23, v24, v25, v26 = sch.sample_perfect_tile(loop=l6, n=5, max_innermost_factor=64, decision=[2, 1, 2, 16, 2])
l27, l28, l29, l30, l31 = sch.split(loop=l6, factors=[v22, v23, v24, v25, v26], preserve_unit_iters=True)
v32, v33, v34, v35, v36 = sch.sample_perfect_tile(loop=l7, n=5, max_innermost_factor=64, decision=[7, 2, 1, 1, 1])
l37, l38, l39, l40, l41 = sch.split(loop=l7, factors=[v32, v33, v34, v35, v36], preserve_unit_iters=True)
v42, v43, v44, v45, v46 = sch.sample_perfect_tile(loop=l8, n=5, max_innermost_factor=64, decision=[1, 7, 1, 1, 2])
l47, l48, l49, l50, l51 = sch.split(loop=l8, factors=[v42, v43, v44, v45, v46], preserve_unit_iters=True)
v52, v53, v54 = sch.sample_perfect_tile(loop=l9, n=3, max_innermost_factor=64, decision=[44, 2, 8])
l55, l56, l57 = sch.split(loop=l9, factors=[v52, v53, v54], preserve_unit_iters=True)
v58, v59, v60 = sch.sample_perfect_tile(loop=l10, n=3, max_innermost_factor=64, decision=[1, 1, 1])
l61, l62, l63 = sch.split(loop=l10, factors=[v58, v59, v60], preserve_unit_iters=True)
v64, v65, v66 = sch.sample_perfect_tile(loop=l11, n=3, max_innermost_factor=64, decision=[1, 1, 1])
l67, l68, l69 = sch.split(loop=l11, factors=[v64, v65, v66], preserve_unit_iters=True)
sch.reorder(l17, l27, l37, l47, l18, l28, l38, l48, l19, l29, l39, l49, l55, l61, l67, l56, l62, l68, l20, l30, l40, l50, l57, l63, l69, l21, l31, l41, l51)
l70 = sch.fuse(l17, l27, l37, l47, preserve_unit_iters=True)
sch.bind(loop=l70, thread_axis="blockIdx.x")
l71 = sch.fuse(l18, l28, l38, l48, preserve_unit_iters=True)
sch.bind(loop=l71, thread_axis="vthread.x")
l72 = sch.fuse(l19, l29, l39, l49, preserve_unit_iters=True)
sch.bind(loop=l72, thread_axis="threadIdx.x")
sch.annotate(block_or_loop=b1, ann_key="meta_schedule.thread_extent_low_inclusive", ann_val=32)
sch.annotate(block_or_loop=b1, ann_key="meta_schedule.thread_extent_high_inclusive", ann_val=1024)
b73 = sch.cache_write(block=b1, write_buffer_index=0, storage_scope="local")
sch.reverse_compute_at(block=b73, loop=l72, preserve_unit_loops=True, index=-1)
b74 = sch.cache_read(block=b1, read_buffer_index=0, storage_scope="shared", consumer_blocks=[b1])
sch.compute_at(block=b74, loop=l67, preserve_unit_loops=True, index=-1)
l75, l76, l77, l78, l79, l80, l81, l82, l83, l84 = sch.get_loops(block=b74)
l85 = sch.fuse(l81, l82, l83, l84, preserve_unit_iters=True)
v86 = sch.sample_categorical(candidates=[1, 2, 3, 4], probs=[0.25, 0.25, 0.25, 0.25], decision=3)
sch.annotate(block_or_loop=b74, ann_key="meta_schedule.cooperative_fetch", ann_val=v86)
b87 = sch.cache_read(block=b1, read_buffer_index=1, storage_scope="shared", consumer_blocks=[b1])
sch.compute_at(block=b87, loop=l67, preserve_unit_loops=True, index=-1)
l88, l89, l90, l91, l92, l93, l94, l95, l96, l97 = sch.get_loops(block=b87)
l98 = sch.fuse(l94, l95, l96, l97, preserve_unit_iters=True)
v99 = sch.sample_categorical(candidates=[1, 2, 3, 4], probs=[0.25, 0.25, 0.25, 0.25], decision=1)
sch.annotate(block_or_loop=b87, ann_key="meta_schedule.cooperative_fetch", ann_val=v99)
l100 = sch.fuse(l55, l61, l67, preserve_unit_iters=True)
sch.annotate(block_or_loop=l100, ann_key="software_pipeline_stage", ann_val=[0, 0, 2])
sch.annotate(block_or_loop=l100, ann_key="software_pipeline_order", ann_val=[0, 1, 2])
sch.annotate(block_or_loop=l100, ann_key="software_pipeline_async_stages", ann_val=[0])
sch.reverse_compute_inline(block=b3)
sch.reverse_compute_inline(block=b2)
sch.compute_inline(block=b0)
v101 = sch.sample_categorical(candidates=[0, 16, 64, 512, 1024], probs=[0.20000000000000001, 0.20000000000000001, 0.20000000000000001, 0.20000000000000001, 0.20000000000000001], decision=3)
sch.annotate(block_or_loop=b4, ann_key="meta_schedule.unroll_explicit", ann_val=v101)
2024-03-21 13:42:29 [INFO] [task_scheduler.cc:170] Design space #2:
# from tvm.script import ir as I
# from tvm.script import tir as T

@I.ir_module
class Module:
    @T.prim_func
    def main(p0: T.Buffer((T.int64(1), T.int64(704), T.int64(14), T.int64(14)), "float32"), p1: T.Buffer((T.int64(128), T.int64(704), T.int64(1), T.int64(1)), "float32"), p2: T.Buffer((T.int64(1), T.int64(128), T.int64(1), T.int64(1)), "float32"), T_relu: T.Buffer((T.int64(1), T.int64(128), T.int64(14), T.int64(14)), "float32")):
        T.func_attr({"tir.noalias": T.bool(True)})
        with T.block("root"):
            T.reads()
            T.writes()
            T.block_attr({"meta_schedule.unroll_explicit": 16})
            conv2d_nchw_local = T.alloc_buffer((T.int64(1), T.int64(128), T.int64(14), T.int64(14)), scope="local")
            pad_temp_shared = T.alloc_buffer((T.int64(1), T.int64(704), T.int64(14), T.int64(14)), scope="shared")
            p1_shared = T.alloc_buffer((T.int64(128), T.int64(704), T.int64(1), T.int64(1)), scope="shared")
            for nn_0_ff_0_yy_0_xx_0_fused in T.thread_binding(T.int64(14), thread="blockIdx.x"):
                for nn_1_ff_1_yy_1_xx_1_fused in T.thread_binding(T.int64(14), thread="vthread.x"):
                    for nn_2_ff_2_yy_2_xx_2_fused in T.thread_binding(T.int64(2), thread="threadIdx.x"):
                        for rc_0_ry_0_rx_0_fused in T.serial(T.int64(44), annotations={"software_pipeline_async_stages": [0], "software_pipeline_order": [0, 1, 2], "software_pipeline_stage": [0, 0, 3]}):
                            for ax0_ax1_ax2_ax3_fused in range(T.int64(448)):
                                with T.block("pad_temp_shared"):
                                    v0 = T.axis.spatial(T.int64(1), T.int64(0))
                                    v1 = T.axis.spatial(T.int64(704), rc_0_ry_0_rx_0_fused * T.int64(16) + ax0_ax1_ax2_ax3_fused // T.int64(28))
                                    v2 = T.axis.spatial(T.int64(14), nn_0_ff_0_yy_0_xx_0_fused % T.int64(7) * T.int64(2) + ax0_ax1_ax2_ax3_fused % T.int64(28) // T.int64(14))
                                    v3 = T.axis.spatial(T.int64(14), ax0_ax1_ax2_ax3_fused % T.int64(14))
                                    T.reads(p0[v0, v1, v2, v3])
                                    T.writes(pad_temp_shared[v0, v1, v2, v3])
                                    T.block_attr({"meta_schedule.cooperative_fetch": 4})
                                    pad_temp_shared[v0, v1, v2, v3] = p0[v0, v1, v2, v3]
                            for ax0_ax1_ax2_ax3_fused in range(T.int64(1024)):
                                with T.block("p1_shared"):
                                    v0 = T.axis.spatial(T.int64(128), nn_0_ff_0_yy_0_xx_0_fused // T.int64(7) * T.int64(64) + ax0_ax1_ax2_ax3_fused // T.int64(16))
                                    v1 = T.axis.spatial(T.int64(704), rc_0_ry_0_rx_0_fused * T.int64(16) + ax0_ax1_ax2_ax3_fused % T.int64(16))
                                    v2 = T.axis.spatial(T.int64(1), T.int64(0))
                                    v3 = T.axis.spatial(T.int64(1), T.int64(0))
                                    T.reads(p1[v0, v1, v2, v3])
                                    T.writes(p1_shared[v0, v1, v2, v3])
                                    T.block_attr({"meta_schedule.cooperative_fetch": 2})
                                    p1_shared[v0, v1, v2, v3] = p1[v0, v1, v2, v3]
                            for rc_1, ry_1, rx_1, nn_3, ff_3, yy_3, xx_3, rc_2, ry_2, rx_2, nn_4, ff_4, yy_4, xx_4 in T.grid(T.int64(2), T.int64(1), T.int64(1), T.int64(1), T.int64(16), T.int64(1), T.int64(1), T.int64(8), T.int64(1), T.int64(1), T.int64(1), T.int64(2), T.int64(1), T.int64(2)):
                                with T.block("conv2d_nchw"):
                                    v_nn = T.axis.spatial(T.int64(1), nn_3 + nn_4)
                                    v_ff = T.axis.spatial(T.int64(128), nn_0_ff_0_yy_0_xx_0_fused // T.int64(7) * T.int64(64) + nn_2_ff_2_yy_2_xx_2_fused * T.int64(32) + ff_3 * T.int64(2) + ff_4)
                                    v_yy = T.axis.spatial(T.int64(14), nn_0_ff_0_yy_0_xx_0_fused % T.int64(7) * T.int64(2) + nn_1_ff_1_yy_1_xx_1_fused // T.int64(7) + yy_3 + yy_4)
                                    v_xx = T.axis.spatial(T.int64(14), nn_1_ff_1_yy_1_xx_1_fused % T.int64(7) * T.int64(2) + xx_3 * T.int64(2) + xx_4)
                                    v_rc = T.axis.reduce(T.int64(704), rc_0_ry_0_rx_0_fused * T.int64(16) + rc_1 * T.int64(8) + rc_2)
                                    v_ry = T.axis.reduce(T.int64(1), ry_1 + ry_2)
                                    v_rx = T.axis.reduce(T.int64(1), rx_1 + rx_2)
                                    T.reads(pad_temp_shared[v_nn, v_rc, v_yy + v_ry, v_xx + v_rx], p1_shared[v_ff, v_rc, v_ry, v_rx])
                                    T.writes(conv2d_nchw_local[v_nn, v_ff, v_yy, v_xx])
                                    T.block_attr({"meta_schedule.thread_extent_high_inclusive": 1024, "meta_schedule.thread_extent_low_inclusive": 32, "meta_schedule.tiling_structure": "SSSRRSRS"})
                                    with T.init():
                                        conv2d_nchw_local[v_nn, v_ff, v_yy, v_xx] = T.float32(0)
                                    conv2d_nchw_local[v_nn, v_ff, v_yy, v_xx] = conv2d_nchw_local[v_nn, v_ff, v_yy, v_xx] + pad_temp_shared[v_nn, v_rc, v_yy + v_ry, v_xx + v_rx] * p1_shared[v_ff, v_rc, v_ry, v_rx]
                        for ax0, ax1, ax2, ax3 in T.grid(T.int64(1), T.int64(32), T.int64(1), T.int64(2)):
                            with T.block("conv2d_nchw_local"):
                                v0 = T.axis.spatial(T.int64(1), ax0)
                                v1 = T.axis.spatial(T.int64(128), nn_0_ff_0_yy_0_xx_0_fused // T.int64(7) * T.int64(64) + nn_2_ff_2_yy_2_xx_2_fused * T.int64(32) + ax1)
                                v2 = T.axis.spatial(T.int64(14), nn_0_ff_0_yy_0_xx_0_fused % T.int64(7) * T.int64(2) + nn_1_ff_1_yy_1_xx_1_fused // T.int64(7) + ax2)
                                v3 = T.axis.spatial(T.int64(14), nn_1_ff_1_yy_1_xx_1_fused % T.int64(7) * T.int64(2) + ax3)
                                T.reads(conv2d_nchw_local[v0, v1, v2, v3], p2[v0, v1, T.int64(0), T.int64(0)])
                                T.writes(T_relu[v0, v1, v2, v3])
                                T_relu[v0, v1, v2, v3] = T.max(conv2d_nchw_local[v0, v1, v2, v3] + p2[v0, v1, T.int64(0), T.int64(0)], T.float32(0))
b0 = sch.get_block(name="pad_temp", func_name="main")
b1 = sch.get_block(name="conv2d_nchw", func_name="main")
b2 = sch.get_block(name="T_add", func_name="main")
b3 = sch.get_block(name="T_relu", func_name="main")
b4 = sch.get_block(name="root", func_name="main")
sch.annotate(block_or_loop=b1, ann_key="meta_schedule.tiling_structure", ann_val="SSSRRSRS")
l5, l6, l7, l8, l9, l10, l11 = sch.get_loops(block=b1)
v12, v13, v14, v15, v16 = sch.sample_perfect_tile(loop=l5, n=5, max_innermost_factor=64, decision=[1, 1, 1, 1, 1])
l17, l18, l19, l20, l21 = sch.split(loop=l5, factors=[v12, v13, v14, v15, v16], preserve_unit_iters=True)
v22, v23, v24, v25, v26 = sch.sample_perfect_tile(loop=l6, n=5, max_innermost_factor=64, decision=[2, 1, 2, 16, 2])
l27, l28, l29, l30, l31 = sch.split(loop=l6, factors=[v22, v23, v24, v25, v26], preserve_unit_iters=True)
v32, v33, v34, v35, v36 = sch.sample_perfect_tile(loop=l7, n=5, max_innermost_factor=64, decision=[7, 2, 1, 1, 1])
l37, l38, l39, l40, l41 = sch.split(loop=l7, factors=[v32, v33, v34, v35, v36], preserve_unit_iters=True)
v42, v43, v44, v45, v46 = sch.sample_perfect_tile(loop=l8, n=5, max_innermost_factor=64, decision=[1, 7, 1, 1, 2])
l47, l48, l49, l50, l51 = sch.split(loop=l8, factors=[v42, v43, v44, v45, v46], preserve_unit_iters=True)
v52, v53, v54 = sch.sample_perfect_tile(loop=l9, n=3, max_innermost_factor=64, decision=[44, 2, 8])
l55, l56, l57 = sch.split(loop=l9, factors=[v52, v53, v54], preserve_unit_iters=True)
v58, v59, v60 = sch.sample_perfect_tile(loop=l10, n=3, max_innermost_factor=64, decision=[1, 1, 1])
l61, l62, l63 = sch.split(loop=l10, factors=[v58, v59, v60], preserve_unit_iters=True)
v64, v65, v66 = sch.sample_perfect_tile(loop=l11, n=3, max_innermost_factor=64, decision=[1, 1, 1])
l67, l68, l69 = sch.split(loop=l11, factors=[v64, v65, v66], preserve_unit_iters=True)
sch.reorder(l17, l27, l37, l47, l18, l28, l38, l48, l19, l29, l39, l49, l55, l61, l67, l56, l62, l68, l20, l30, l40, l50, l57, l63, l69, l21, l31, l41, l51)
l70 = sch.fuse(l17, l27, l37, l47, preserve_unit_iters=True)
sch.bind(loop=l70, thread_axis="blockIdx.x")
l71 = sch.fuse(l18, l28, l38, l48, preserve_unit_iters=True)
sch.bind(loop=l71, thread_axis="vthread.x")
l72 = sch.fuse(l19, l29, l39, l49, preserve_unit_iters=True)
sch.bind(loop=l72, thread_axis="threadIdx.x")
sch.annotate(block_or_loop=b1, ann_key="meta_schedule.thread_extent_low_inclusive", ann_val=32)
sch.annotate(block_or_loop=b1, ann_key="meta_schedule.thread_extent_high_inclusive", ann_val=1024)
b73 = sch.cache_write(block=b1, write_buffer_index=0, storage_scope="local")
sch.reverse_compute_at(block=b73, loop=l72, preserve_unit_loops=True, index=-1)
b74 = sch.cache_read(block=b1, read_buffer_index=0, storage_scope="shared", consumer_blocks=[b1])
sch.compute_at(block=b74, loop=l67, preserve_unit_loops=True, index=-1)
l75, l76, l77, l78, l79, l80, l81, l82, l83, l84 = sch.get_loops(block=b74)
l85 = sch.fuse(l81, l82, l83, l84, preserve_unit_iters=True)
v86 = sch.sample_categorical(candidates=[1, 2, 3, 4], probs=[0.25, 0.25, 0.25, 0.25], decision=3)
sch.annotate(block_or_loop=b74, ann_key="meta_schedule.cooperative_fetch", ann_val=v86)
b87 = sch.cache_read(block=b1, read_buffer_index=1, storage_scope="shared", consumer_blocks=[b1])
sch.compute_at(block=b87, loop=l67, preserve_unit_loops=True, index=-1)
l88, l89, l90, l91, l92, l93, l94, l95, l96, l97 = sch.get_loops(block=b87)
l98 = sch.fuse(l94, l95, l96, l97, preserve_unit_iters=True)
v99 = sch.sample_categorical(candidates=[1, 2, 3, 4], probs=[0.25, 0.25, 0.25, 0.25], decision=1)
sch.annotate(block_or_loop=b87, ann_key="meta_schedule.cooperative_fetch", ann_val=v99)
l100 = sch.fuse(l55, l61, l67, preserve_unit_iters=True)
sch.annotate(block_or_loop=l100, ann_key="software_pipeline_stage", ann_val=[0, 0, 3])
sch.annotate(block_or_loop=l100, ann_key="software_pipeline_order", ann_val=[0, 1, 2])
sch.annotate(block_or_loop=l100, ann_key="software_pipeline_async_stages", ann_val=[0])
sch.reverse_compute_inline(block=b3)
sch.reverse_compute_inline(block=b2)
sch.compute_inline(block=b0)
v101 = sch.sample_categorical(candidates=[0, 16, 64, 512, 1024], probs=[0.20000000000000001, 0.20000000000000001, 0.20000000000000001, 0.20000000000000001, 0.20000000000000001], decision=1)
sch.annotate(block_or_loop=b4, ann_key="meta_schedule.unroll_explicit", ann_val=v101)
2024-03-21 14:53:48 [INFO] [evolutionary_search.cc:713] Generating candidates......
2024-03-21 14:53:48 [INFO] [evolutionary_search.cc:715] Picked top 0 candidate(s) from database
2024-03-21 14:53:49 [INFO] [evolutionary_search.cc:533] Sample-Init-Population summary:
Postproc #0 [meta_schedule.DisallowDynamicLoop(0x5ac2f6dfe158)]: 0 failure(s)
Postproc #1 [meta_schedule.RewriteCooperativeFetch(0x5ac2f3142f38)]: 0 failure(s)
Postproc #2 [meta_schedule.RewriteUnboundBlock(0x5ac2f831c0b8)]: 0 failure(s)
Postproc #3 [meta_schedule.RewriteParallelVectorizeUnroll(0x5ac2f729e508)]: 0 failure(s)
Postproc #4 [meta_schedule.RewriteReductionBlock(0x5ac2e7506628)]: 0 failure(s)
Postproc #5 [meta_schedule.VerifyGPUCode(0x5ac2f2fcc148)]: 481 failure(s)
Postproc #6 [meta_schedule.RewriteTensorize(0x5ac2f3e4c9a8)]: 0 failure(s)
2024-03-21 14:53:49 [INFO] [evolutionary_search.cc:533] Sample-Init-Population summary:
Postproc #0 [meta_schedule.DisallowDynamicLoop(0x5ac2f6dfe158)]: 0 failure(s)
Postproc #1 [meta_schedule.RewriteCooperativeFetch(0x5ac2f3142f38)]: 0 failure(s)
Postproc #2 [meta_schedule.RewriteUnboundBlock(0x5ac2f831c0b8)]: 0 failure(s)
Postproc #3 [meta_schedule.RewriteParallelVectorizeUnroll(0x5ac2f729e508)]: 0 failure(s)
Postproc #4 [meta_schedule.RewriteReductionBlock(0x5ac2e7506628)]: 0 failure(s)
Postproc #5 [meta_schedule.VerifyGPUCode(0x5ac2f2fcc148)]: 972 failure(s)
Postproc #6 [meta_schedule.RewriteTensorize(0x5ac2f3e4c9a8)]: 0 failure(s)
2024-03-21 14:53:49 [INFO] [evolutionary_search.cc:723] Sampled 52 candidate(s)
2024-03-21 14:53:51 [INFO] [evolutionary_search.cc:621] Evolve iter #0 done. Summary:
Postproc #0 [meta_schedule.DisallowDynamicLoop(0x5ac2f6dfe158)]: 0 failure(s)
Postproc #1 [meta_schedule.RewriteCooperativeFetch(0x5ac2f3142f38)]: 0 failure(s)
Postproc #2 [meta_schedule.RewriteUnboundBlock(0x5ac2f831c0b8)]: 0 failure(s)
Postproc #3 [meta_schedule.RewriteParallelVectorizeUnroll(0x5ac2f729e508)]: 0 failure(s)
Postproc #4 [meta_schedule.RewriteReductionBlock(0x5ac2e7506628)]: 0 failure(s)
Postproc #5 [meta_schedule.VerifyGPUCode(0x5ac2f2fcc148)]: 119 failure(s)
Postproc #6 [meta_schedule.RewriteTensorize(0x5ac2f3e4c9a8)]: 0 failure(s)
2024-03-21 14:53:52 [INFO] [evolutionary_search.cc:621] Evolve iter #1 done. Summary:
Postproc #0 [meta_schedule.DisallowDynamicLoop(0x5ac2f6dfe158)]: 0 failure(s)
Postproc #1 [meta_schedule.RewriteCooperativeFetch(0x5ac2f3142f38)]: 0 failure(s)
Postproc #2 [meta_schedule.RewriteUnboundBlock(0x5ac2f831c0b8)]: 0 failure(s)
Postproc #3 [meta_schedule.RewriteParallelVectorizeUnroll(0x5ac2f729e508)]: 0 failure(s)
Postproc #4 [meta_schedule.RewriteReductionBlock(0x5ac2e7506628)]: 0 failure(s)
Postproc #5 [meta_schedule.VerifyGPUCode(0x5ac2f2fcc148)]: 108 failure(s)
Postproc #6 [meta_schedule.RewriteTensorize(0x5ac2f3e4c9a8)]: 0 failure(s)
2024-03-21 14:53:53 [INFO] [evolutionary_search.cc:621] Evolve iter #2 done. Summary:
Postproc #0 [meta_schedule.DisallowDynamicLoop(0x5ac2f6dfe158)]: 0 failure(s)
Postproc #1 [meta_schedule.RewriteCooperativeFetch(0x5ac2f3142f38)]: 0 failure(s)
Postproc #2 [meta_schedule.RewriteUnboundBlock(0x5ac2f831c0b8)]: 0 failure(s)
Postproc #3 [meta_schedule.RewriteParallelVectorizeUnroll(0x5ac2f729e508)]: 0 failure(s)
Postproc #4 [meta_schedule.RewriteReductionBlock(0x5ac2e7506628)]: 0 failure(s)
Postproc #5 [meta_schedule.VerifyGPUCode(0x5ac2f2fcc148)]: 98 failure(s)
Postproc #6 [meta_schedule.RewriteTensorize(0x5ac2f3e4c9a8)]: 0 failure(s)
2024-03-21 14:53:55 [INFO] [evolutionary_search.cc:621] Evolve iter #3 done. Summary:
Postproc #0 [meta_schedule.DisallowDynamicLoop(0x5ac2f6dfe158)]: 0 failure(s)
Postproc #1 [meta_schedule.RewriteCooperativeFetch(0x5ac2f3142f38)]: 0 failure(s)
Postproc #2 [meta_schedule.RewriteUnboundBlock(0x5ac2f831c0b8)]: 0 failure(s)
Postproc #3 [meta_schedule.RewriteParallelVectorizeUnroll(0x5ac2f729e508)]: 0 failure(s)
Postproc #4 [meta_schedule.RewriteReductionBlock(0x5ac2e7506628)]: 0 failure(s)
Postproc #5 [meta_schedule.VerifyGPUCode(0x5ac2f2fcc148)]: 108 failure(s)
Postproc #6 [meta_schedule.RewriteTensorize(0x5ac2f3e4c9a8)]: 0 failure(s)
2024-03-21 14:53:55 [INFO] [evolutionary_search.cc:649] Scores of the best 64 candidates:
[1 : 16]:	0.9999  0.9998  0.9991  0.9981  0.9951  0.9943  0.9941  0.9933  0.9933  0.9918  0.9913  0.9903  0.9901  0.9896  0.9894  0.9889
[17 : 32]:	0.9877  0.9876  0.9871  0.9862  0.9861  0.9860  0.9854  0.9848  0.9845  0.9829  0.9809  0.9806  0.9805  0.9794  0.9794  0.9778
[33 : 48]:	0.9778  0.9775  0.9773  0.9768  0.9766  0.9759  0.9756  0.9745  0.9734  0.9721  0.9704  0.9686  0.9678  0.9660  0.9659  0.9641
[49 : 64]:	0.9633  0.9624  0.9619  0.9604  0.9599  0.9590  0.9587  0.9584  0.9580  0.9578  0.9565  0.9563  0.9562  0.9552  0.9539  0.9527
2024-03-21 14:53:55 [INFO] [evolutionary_search.cc:727] Got 64 candidate(s) with evolutionary search
2024-03-21 14:53:55 [INFO] [evolutionary_search.cc:730] Sending 64 candidates(s) for measurement
2024-03-21 15:49:02 [INFO] [task_scheduler.cc:131] [Task #132: fused_nn_conv2d_add_nn_relu_65] Trial #1: GFLOPs: 644.9313. Time: 54.8494 us. Best GFLOPs: 644.9313
2024-03-21 15:49:02 [INFO] [task_scheduler.cc:131] [Task #132: fused_nn_conv2d_add_nn_relu_65] Trial #2: GFLOPs: 362.6539. Time: 97.5422 us. Best GFLOPs: 644.9313
2024-03-21 15:49:02 [INFO] [task_scheduler.cc:131] [Task #132: fused_nn_conv2d_add_nn_relu_65] Trial #3: GFLOPs: 525.4102. Time: 67.3266 us. Best GFLOPs: 644.9313
2024-03-21 15:49:02 [INFO] [task_scheduler.cc:131] [Task #132: fused_nn_conv2d_add_nn_relu_65] Trial #4: GFLOPs: 340.6564. Time: 103.8409 us. Best GFLOPs: 644.9313
2024-03-21 15:49:02 [INFO] [task_scheduler.cc:131] [Task #132: fused_nn_conv2d_add_nn_relu_65] Trial #5: GFLOPs: 36.0326. Time: 981.7248 us. Best GFLOPs: 644.9313
2024-03-21 15:49:02 [INFO] [task_scheduler.cc:131] [Task #132: fused_nn_conv2d_add_nn_relu_65] Trial #6: GFLOPs: 465.6336. Time: 75.9698 us. Best GFLOPs: 644.9313
2024-03-21 15:49:02 [INFO] [task_scheduler.cc:131] [Task #132: fused_nn_conv2d_add_nn_relu_65] Trial #7: GFLOPs: 371.4737. Time: 95.2263 us. Best GFLOPs: 644.9313
2024-03-21 15:49:02 [INFO] [task_scheduler.cc:131] [Task #132: fused_nn_conv2d_add_nn_relu_65] Trial #8: GFLOPs: 380.4501. Time: 92.9796 us. Best GFLOPs: 644.9313
2024-03-21 15:49:02 [INFO] [task_scheduler.cc:131] [Task #132: fused_nn_conv2d_add_nn_relu_65] Trial #9: GFLOPs: 167.7934. Time: 210.8193 us. Best GFLOPs: 644.9313
2024-03-21 15:49:02 [INFO] [task_scheduler.cc:131] [Task #132: fused_nn_conv2d_add_nn_relu_65] Trial #10: GFLOPs: 136.6683. Time: 258.8316 us. Best GFLOPs: 644.9313
2024-03-21 15:49:02 [INFO] [task_scheduler.cc:131] [Task #132: fused_nn_conv2d_add_nn_relu_65] Trial #11: GFLOPs: 427.4262. Time: 82.7607 us. Best GFLOPs: 644.9313
2024-03-21 15:49:02 [INFO] [task_scheduler.cc:131] [Task #132: fused_nn_conv2d_add_nn_relu_65] Trial #12: GFLOPs: 393.0817. Time: 89.9917 us. Best GFLOPs: 644.9313
2024-03-21 15:49:02 [INFO] [task_scheduler.cc:131] [Task #132: fused_nn_conv2d_add_nn_relu_65] Trial #13: GFLOPs: 557.9893. Time: 63.3956 us. Best GFLOPs: 644.9313
2024-03-21 15:49:02 [INFO] [task_scheduler.cc:131] [Task #132: fused_nn_conv2d_add_nn_relu_65] Trial #14: GFLOPs: 525.3154. Time: 67.3387 us. Best GFLOPs: 644.9313
2024-03-21 15:49:02 [INFO] [task_scheduler.cc:131] [Task #132: fused_nn_conv2d_add_nn_relu_65] Trial #15: GFLOPs: 109.2660. Time: 323.7427 us. Best GFLOPs: 644.9313
2024-03-21 15:49:02 [INFO] [task_scheduler.cc:131] [Task #132: fused_nn_conv2d_add_nn_relu_65] Trial #16: GFLOPs: 188.4353. Time: 187.7254 us. Best GFLOPs: 644.9313
2024-03-21 15:49:02 [INFO] [task_scheduler.cc:131] [Task #132: fused_nn_conv2d_add_nn_relu_65] Trial #17: GFLOPs: 169.6133. Time: 208.5572 us. Best GFLOPs: 644.9313
2024-03-21 15:49:02 [INFO] [task_scheduler.cc:131] [Task #132: fused_nn_conv2d_add_nn_relu_65] Trial #18: GFLOPs: 1679.1106. Time: 21.0672 us. Best GFLOPs: 1679.1106
2024-03-21 15:49:02 [INFO] [task_scheduler.cc:131] [Task #132: fused_nn_conv2d_add_nn_relu_65] Trial #19: GFLOPs: 391.7864. Time: 90.2892 us. Best GFLOPs: 1679.1106
2024-03-21 15:49:02 [INFO] [task_scheduler.cc:131] [Task #132: fused_nn_conv2d_add_nn_relu_65] Trial #20: GFLOPs: 146.4545. Time: 241.5364 us. Best GFLOPs: 1679.1106
2024-03-21 15:49:02 [INFO] [task_scheduler.cc:131] [Task #132: fused_nn_conv2d_add_nn_relu_65] Trial #21: GFLOPs: 114.9168. Time: 307.8234 us. Best GFLOPs: 1679.1106
2024-03-21 15:49:02 [INFO] [task_scheduler.cc:131] [Task #132: fused_nn_conv2d_add_nn_relu_65] Trial #22: GFLOPs: 1030.4768. Time: 34.3279 us. Best GFLOPs: 1679.1106
2024-03-21 15:49:02 [INFO] [task_scheduler.cc:131] [Task #132: fused_nn_conv2d_add_nn_relu_65] Trial #23: GFLOPs: 850.2599. Time: 41.6038 us. Best GFLOPs: 1679.1106
2024-03-21 15:49:02 [INFO] [task_scheduler.cc:131] [Task #132: fused_nn_conv2d_add_nn_relu_65] Trial #24: GFLOPs: 292.6030. Time: 120.8945 us. Best GFLOPs: 1679.1106
2024-03-21 15:49:02 [INFO] [task_scheduler.cc:131] [Task #132: fused_nn_conv2d_add_nn_relu_65] Trial #25: GFLOPs: 13.6576. Time: 2590.0611 us. Best GFLOPs: 1679.1106
2024-03-21 15:49:02 [INFO] [task_scheduler.cc:131] [Task #132: fused_nn_conv2d_add_nn_relu_65] Trial #26: GFLOPs: 376.0229. Time: 94.0743 us. Best GFLOPs: 1679.1106
2024-03-21 15:49:02 [INFO] [task_scheduler.cc:131] [Task #132: fused_nn_conv2d_add_nn_relu_65] Trial #27: GFLOPs: 198.8126. Time: 177.9268 us. Best GFLOPs: 1679.1106
2024-03-21 15:49:02 [INFO] [task_scheduler.cc:131] [Task #132: fused_nn_conv2d_add_nn_relu_65] Trial #28: GFLOPs: 505.0699. Time: 70.0380 us. Best GFLOPs: 1679.1106
2024-03-21 15:49:02 [INFO] [task_scheduler.cc:131] [Task #132: fused_nn_conv2d_add_nn_relu_65] Trial #29: GFLOPs: 327.1392. Time: 108.1316 us. Best GFLOPs: 1679.1106
2024-03-21 15:49:02 [INFO] [task_scheduler.cc:131] [Task #132: fused_nn_conv2d_add_nn_relu_65] Trial #30: GFLOPs: 107.7879. Time: 328.1822 us. Best GFLOPs: 1679.1106
2024-03-21 15:49:02 [INFO] [task_scheduler.cc:131] [Task #132: fused_nn_conv2d_add_nn_relu_65] Trial #31: GFLOPs: 326.1524. Time: 108.4587 us. Best GFLOPs: 1679.1106
2024-03-21 15:49:02 [INFO] [task_scheduler.cc:131] [Task #132: fused_nn_conv2d_add_nn_relu_65] Trial #32: GFLOPs: 944.0956. Time: 37.4687 us. Best GFLOPs: 1679.1106
2024-03-21 15:49:02 [INFO] [task_scheduler.cc:131] [Task #132: fused_nn_conv2d_add_nn_relu_65] Trial #33: GFLOPs: 46.2407. Time: 764.9983 us. Best GFLOPs: 1679.1106
2024-03-21 15:49:02 [INFO] [task_scheduler.cc:131] [Task #132: fused_nn_conv2d_add_nn_relu_65] Trial #34: GFLOPs: 243.5072. Time: 145.2691 us. Best GFLOPs: 1679.1106
2024-03-21 15:49:02 [INFO] [task_scheduler.cc:131] [Task #132: fused_nn_conv2d_add_nn_relu_65] Trial #35: GFLOPs: 38.2295. Time: 925.3076 us. Best GFLOPs: 1679.1106
2024-03-21 15:49:02 [INFO] [task_scheduler.cc:131] [Task #132: fused_nn_conv2d_add_nn_relu_65] Trial #36: GFLOPs: 1189.5458. Time: 29.7375 us. Best GFLOPs: 1679.1106
2024-03-21 15:49:02 [INFO] [task_scheduler.cc:131] [Task #132: fused_nn_conv2d_add_nn_relu_65] Trial #37: GFLOPs: 147.2409. Time: 240.2463 us. Best GFLOPs: 1679.1106
2024-03-21 15:49:02 [INFO] [task_scheduler.cc:131] [Task #132: fused_nn_conv2d_add_nn_relu_65] Trial #38: GFLOPs: 22.8572. Time: 1547.6106 us. Best GFLOPs: 1679.1106
2024-03-21 15:49:02 [INFO] [task_scheduler.cc:131] [Task #132: fused_nn_conv2d_add_nn_relu_65] Trial #39: GFLOPs: 206.2428. Time: 171.5167 us. Best GFLOPs: 1679.1106
2024-03-21 15:49:02 [INFO] [task_scheduler.cc:131] [Task #132: fused_nn_conv2d_add_nn_relu_65] Trial #40: GFLOPs: 135.9910. Time: 260.1208 us. Best GFLOPs: 1679.1106
2024-03-21 15:49:02 [INFO] [task_scheduler.cc:131] [Task #132: fused_nn_conv2d_add_nn_relu_65] Trial #41: GFLOPs: 508.5860. Time: 69.5538 us. Best GFLOPs: 1679.1106
2024-03-21 15:49:02 [INFO] [task_scheduler.cc:131] [Task #132: fused_nn_conv2d_add_nn_relu_65] Trial #42: GFLOPs: 109.9426. Time: 321.7505 us. Best GFLOPs: 1679.1106
2024-03-21 15:49:02 [INFO] [task_scheduler.cc:131] [Task #132: fused_nn_conv2d_add_nn_relu_65] Trial #43: GFLOPs: 33.8328. Time: 1045.5570 us. Best GFLOPs: 1679.1106
2024-03-21 15:49:02 [INFO] [task_scheduler.cc:131] [Task #132: fused_nn_conv2d_add_nn_relu_65] Trial #44: GFLOPs: 47.8487. Time: 739.2896 us. Best GFLOPs: 1679.1106
2024-03-21 15:49:02 [INFO] [task_scheduler.cc:131] [Task #132: fused_nn_conv2d_add_nn_relu_65] Trial #45: GFLOPs: 743.5713. Time: 47.5732 us. Best GFLOPs: 1679.1106
2024-03-21 15:49:02 [INFO] [task_scheduler.cc:131] [Task #132: fused_nn_conv2d_add_nn_relu_65] Trial #46: GFLOPs: 483.6603. Time: 73.1383 us. Best GFLOPs: 1679.1106
2024-03-21 15:49:02 [INFO] [task_scheduler.cc:131] [Task #132: fused_nn_conv2d_add_nn_relu_65] Trial #47: GFLOPs: 1210.4766. Time: 29.2233 us. Best GFLOPs: 1679.1106
2024-03-21 15:49:02 [INFO] [task_scheduler.cc:131] [Task #132: fused_nn_conv2d_add_nn_relu_65] Trial #48: GFLOPs: 24.1730. Time: 1463.3702 us. Best GFLOPs: 1679.1106
2024-03-21 15:49:02 [INFO] [task_scheduler.cc:131] [Task #132: fused_nn_conv2d_add_nn_relu_65] Trial #49: GFLOPs: 338.7436. Time: 104.4273 us. Best GFLOPs: 1679.1106
2024-03-21 15:49:02 [INFO] [task_scheduler.cc:131] [Task #132: fused_nn_conv2d_add_nn_relu_65] Trial #50: GFLOPs: 231.8190. Time: 152.5935 us. Best GFLOPs: 1679.1106
2024-03-21 15:49:02 [INFO] [task_scheduler.cc:131] [Task #132: fused_nn_conv2d_add_nn_relu_65] Trial #51: GFLOPs: 47.2958. Time: 747.9327 us. Best GFLOPs: 1679.1106
2024-03-21 15:49:02 [INFO] [task_scheduler.cc:131] [Task #132: fused_nn_conv2d_add_nn_relu_65] Trial #52: GFLOPs: 196.9287. Time: 179.6289 us. Best GFLOPs: 1679.1106
2024-03-21 15:49:02 [INFO] [task_scheduler.cc:131] [Task #132: fused_nn_conv2d_add_nn_relu_65] Trial #53: GFLOPs: 1504.8066. Time: 23.5074 us. Best GFLOPs: 1679.1106
2024-03-21 15:49:02 [INFO] [task_scheduler.cc:131] [Task #132: fused_nn_conv2d_add_nn_relu_65] Trial #54: GFLOPs: 18.5784. Time: 1904.0427 us. Best GFLOPs: 1679.1106
2024-03-21 15:49:02 [INFO] [task_scheduler.cc:131] [Task #132: fused_nn_conv2d_add_nn_relu_65] Trial #55: GFLOPs: 452.1044. Time: 78.2432 us. Best GFLOPs: 1679.1106
2024-03-21 15:49:02 [INFO] [task_scheduler.cc:131] [Task #132: fused_nn_conv2d_add_nn_relu_65] Trial #56: GFLOPs: 2537.6222. Time: 13.9399 us. Best GFLOPs: 2537.6222
2024-03-21 15:49:02 [INFO] [task_scheduler.cc:131] [Task #132: fused_nn_conv2d_add_nn_relu_65] Trial #57: GFLOPs: 36.3075. Time: 974.2912 us. Best GFLOPs: 2537.6222
2024-03-21 15:49:02 [INFO] [task_scheduler.cc:131] [Task #132: fused_nn_conv2d_add_nn_relu_65] Trial #58: GFLOPs: 43.5584. Time: 812.1060 us. Best GFLOPs: 2537.6222
2024-03-21 15:49:02 [INFO] [task_scheduler.cc:131] [Task #132: fused_nn_conv2d_add_nn_relu_65] Trial #59: GFLOPs: 406.9118. Time: 86.9330 us. Best GFLOPs: 2537.6222
2024-03-21 15:49:02 [INFO] [task_scheduler.cc:131] [Task #132: fused_nn_conv2d_add_nn_relu_65] Trial #60: GFLOPs: 27.4773. Time: 1287.3912 us. Best GFLOPs: 2537.6222
2024-03-21 15:49:02 [INFO] [task_scheduler.cc:131] [Task #132: fused_nn_conv2d_add_nn_relu_65] Trial #61: GFLOPs: 719.0001. Time: 49.1990 us. Best GFLOPs: 2537.6222
2024-03-21 15:49:02 [INFO] [task_scheduler.cc:131] [Task #132: fused_nn_conv2d_add_nn_relu_65] Trial #62: GFLOPs: 261.9567. Time: 135.0379 us. Best GFLOPs: 2537.6222
2024-03-21 15:49:02 [INFO] [task_scheduler.cc:131] [Task #132: fused_nn_conv2d_add_nn_relu_65] Trial #63: GFLOPs: 193.5061. Time: 182.8061 us. Best GFLOPs: 2537.6222
2024-03-21 15:49:02 [INFO] [task_scheduler.cc:131] [Task #132: fused_nn_conv2d_add_nn_relu_65] Trial #64: GFLOPs: 389.1611. Time: 90.8983 us. Best GFLOPs: 2537.6222
