2024-04-29 14:05:20 [INFO] [task_scheduler.cc:160] Initializing Task #68: "fused_nn_contrib_conv2d_NCHWc_add_nn_relu_67"
2024-04-29 14:05:20 [INFO] [task_scheduler.cc:35] 
# from tvm.script import ir as I
# from tvm.script import tir as T

@I.ir_module
class Module:
    @T.prim_func
    def main(p0: T.Buffer((T.int64(1), T.int64(160), T.int64(14), T.int64(14), T.int64(4)), "float32"), p1: T.Buffer((T.int64(32), T.int64(160), T.int64(1), T.int64(1), T.int64(4), T.int64(4)), "float32"), p2: T.Buffer((T.int64(1), T.int64(32), T.int64(1), T.int64(1), T.int64(4)), "float32"), T_relu: T.Buffer((T.int64(1), T.int64(32), T.int64(14), T.int64(14), T.int64(4)), "float32")):
        T.func_attr({"tir.noalias": T.bool(True)})
        # with T.block("root"):
        conv2d_NCHWc = T.alloc_buffer((T.int64(1), T.int64(32), T.int64(14), T.int64(14), T.int64(4)))
        T_add = T.alloc_buffer((T.int64(1), T.int64(32), T.int64(14), T.int64(14), T.int64(4)))
        for n, oc_chunk, oh, ow, oc_block, ic, kh, kw in T.grid(T.int64(1), T.int64(32), T.int64(14), T.int64(14), T.int64(4), T.int64(640), T.int64(1), T.int64(1)):
            with T.block("conv2d_NCHWc"):
                v_n, v_oc_chunk, v_oh, v_ow, v_oc_block, v_ic, v_kh, v_kw = T.axis.remap("SSSSSRRR", [n, oc_chunk, oh, ow, oc_block, ic, kh, kw])
                T.reads(p0[v_n, v_ic // T.int64(4), v_oh + v_kh, v_ow + v_kw, v_ic % T.int64(4)], p1[v_oc_chunk, v_ic // T.int64(4), v_kh, v_kw, v_ic % T.int64(4), v_oc_block])
                T.writes(conv2d_NCHWc[v_n, v_oc_chunk, v_oh, v_ow, v_oc_block])
                with T.init():
                    conv2d_NCHWc[v_n, v_oc_chunk, v_oh, v_ow, v_oc_block] = T.float32(0)
                conv2d_NCHWc[v_n, v_oc_chunk, v_oh, v_ow, v_oc_block] = conv2d_NCHWc[v_n, v_oc_chunk, v_oh, v_ow, v_oc_block] + p0[v_n, v_ic // T.int64(4), v_oh + v_kh, v_ow + v_kw, v_ic % T.int64(4)] * p1[v_oc_chunk, v_ic // T.int64(4), v_kh, v_kw, v_ic % T.int64(4), v_oc_block]
        for ax0, ax1, ax2, ax3, ax4 in T.grid(T.int64(1), T.int64(32), T.int64(14), T.int64(14), T.int64(4)):
            with T.block("T_add"):
                v_ax0, v_ax1, v_ax2, v_ax3, v_ax4 = T.axis.remap("SSSSS", [ax0, ax1, ax2, ax3, ax4])
                T.reads(conv2d_NCHWc[v_ax0, v_ax1, v_ax2, v_ax3, v_ax4], p2[v_ax0, v_ax1, T.int64(0), T.int64(0), v_ax4])
                T.writes(T_add[v_ax0, v_ax1, v_ax2, v_ax3, v_ax4])
                T_add[v_ax0, v_ax1, v_ax2, v_ax3, v_ax4] = conv2d_NCHWc[v_ax0, v_ax1, v_ax2, v_ax3, v_ax4] + p2[v_ax0, v_ax1, T.int64(0), T.int64(0), v_ax4]
        for ax0, ax1, ax2, ax3, ax4 in T.grid(T.int64(1), T.int64(32), T.int64(14), T.int64(14), T.int64(4)):
            with T.block("T_relu"):
                v_ax0, v_ax1, v_ax2, v_ax3, v_ax4 = T.axis.remap("SSSSS", [ax0, ax1, ax2, ax3, ax4])
                T.reads(T_add[v_ax0, v_ax1, v_ax2, v_ax3, v_ax4])
                T.writes(T_relu[v_ax0, v_ax1, v_ax2, v_ax3, v_ax4])
                T_relu[v_ax0, v_ax1, v_ax2, v_ax3, v_ax4] = T.max(T_add[v_ax0, v_ax1, v_ax2, v_ax3, v_ax4], T.float32(0))
2024-04-29 14:05:20 [INFO] [task_scheduler.cc:164] Total 3 design space(s) generated
2024-04-29 14:05:20 [INFO] [task_scheduler.cc:170] Design space #0:
# from tvm.script import ir as I
# from tvm.script import tir as T

@I.ir_module
class Module:
    @T.prim_func
    def main(p0: T.Buffer((T.int64(1), T.int64(160), T.int64(14), T.int64(14), T.int64(4)), "float32"), p1: T.Buffer((T.int64(32), T.int64(160), T.int64(1), T.int64(1), T.int64(4), T.int64(4)), "float32"), p2: T.Buffer((T.int64(1), T.int64(32), T.int64(1), T.int64(1), T.int64(4)), "float32"), T_relu: T.Buffer((T.int64(1), T.int64(32), T.int64(14), T.int64(14), T.int64(4)), "float32")):
        T.func_attr({"tir.noalias": T.bool(True)})
        with T.block("root"):
            T.reads()
            T.writes()
            T.block_attr({"meta_schedule.parallel": 768, "meta_schedule.unroll_explicit": 512, "meta_schedule.vectorize": 64})
            conv2d_NCHWc = T.alloc_buffer((T.int64(1), T.int64(32), T.int64(14), T.int64(14), T.int64(4)))
            for n_0, oc_chunk_0, oh_0, ow_0, oc_block_0, n_1, oc_chunk_1, oh_1, ow_1, oc_block_1, ic_0, kh_0, kw_0, n_2, oc_chunk_2, oh_2, ow_2, oc_block_2, ic_1, kh_1, kw_1, n_3, oc_chunk_3, oh_3, ow_3, oc_block_3 in T.grid(T.int64(1), T.int64(1), T.int64(1), T.int64(2), T.int64(4), T.int64(1), T.int64(1), T.int64(7), T.int64(1), T.int64(1), T.int64(40), T.int64(1), T.int64(1), T.int64(1), T.int64(16), T.int64(1), T.int64(1), T.int64(1), T.int64(16), T.int64(1), T.int64(1), T.int64(1), T.int64(2), T.int64(2), T.int64(7), T.int64(1)):
                with T.block("conv2d_NCHWc"):
                    v_n = T.axis.spatial(T.int64(1), n_0 + n_1 + n_2 + n_3)
                    v_oc_chunk = T.axis.spatial(T.int64(32), oc_chunk_0 * T.int64(32) + oc_chunk_1 * T.int64(32) + oc_chunk_2 * T.int64(2) + oc_chunk_3)
                    v_oh = T.axis.spatial(T.int64(14), oh_0 * T.int64(14) + oh_1 * T.int64(2) + oh_2 * T.int64(2) + oh_3)
                    v_ow = T.axis.spatial(T.int64(14), ow_0 * T.int64(7) + ow_1 * T.int64(7) + ow_2 * T.int64(7) + ow_3)
                    v_oc_block = T.axis.spatial(T.int64(4), oc_block_0 + oc_block_1 + oc_block_2 + oc_block_3)
                    v_ic = T.axis.reduce(T.int64(640), ic_0 * T.int64(16) + ic_1)
                    v_kh = T.axis.reduce(T.int64(1), kh_0 + kh_1)
                    v_kw = T.axis.reduce(T.int64(1), kw_0 + kw_1)
                    T.reads(p0[v_n, v_ic // T.int64(4), v_oh + v_kh, v_ow + v_kw, v_ic % T.int64(4)], p1[v_oc_chunk, v_ic // T.int64(4), v_kh, v_kw, v_ic % T.int64(4), v_oc_block])
                    T.writes(conv2d_NCHWc[v_n, v_oc_chunk, v_oh, v_ow, v_oc_block])
                    T.block_attr({"meta_schedule.tiling_structure": "SSRSRS"})
                    with T.init():
                        conv2d_NCHWc[v_n, v_oc_chunk, v_oh, v_ow, v_oc_block] = T.float32(0)
                    conv2d_NCHWc[v_n, v_oc_chunk, v_oh, v_ow, v_oc_block] = conv2d_NCHWc[v_n, v_oc_chunk, v_oh, v_ow, v_oc_block] + p0[v_n, v_ic // T.int64(4), v_oh + v_kh, v_ow + v_kw, v_ic % T.int64(4)] * p1[v_oc_chunk, v_ic // T.int64(4), v_kh, v_kw, v_ic % T.int64(4), v_oc_block]
            for ax0, ax1, ax2, ax3, ax4 in T.grid(T.int64(1), T.int64(32), T.int64(14), T.int64(14), T.int64(4)):
                with T.block("T_relu"):
                    v_ax0, v_ax1, v_ax2, v_ax3, v_ax4 = T.axis.remap("SSSSS", [ax0, ax1, ax2, ax3, ax4])
                    T.reads(conv2d_NCHWc[v_ax0, v_ax1, v_ax2, v_ax3, v_ax4], p2[v_ax0, v_ax1, T.int64(0), T.int64(0), v_ax4])
                    T.writes(T_relu[v_ax0, v_ax1, v_ax2, v_ax3, v_ax4])
                    T_relu[v_ax0, v_ax1, v_ax2, v_ax3, v_ax4] = T.max(conv2d_NCHWc[v_ax0, v_ax1, v_ax2, v_ax3, v_ax4] + p2[v_ax0, v_ax1, T.int64(0), T.int64(0), v_ax4], T.float32(0))
b0 = sch.get_block(name="conv2d_NCHWc", func_name="main")
b1 = sch.get_block(name="T_add", func_name="main")
b2 = sch.get_block(name="root", func_name="main")
sch.compute_inline(block=b1)
sch.annotate(block_or_loop=b0, ann_key="meta_schedule.tiling_structure", ann_val="SSRSRS")
l3, l4, l5, l6, l7, l8, l9, l10 = sch.get_loops(block=b0)
v11, v12, v13, v14 = sch.sample_perfect_tile(loop=l3, n=4, max_innermost_factor=64, decision=[1, 1, 1, 1])
l15, l16, l17, l18 = sch.split(loop=l3, factors=[v11, v12, v13, v14], preserve_unit_iters=True)
v19, v20, v21, v22 = sch.sample_perfect_tile(loop=l4, n=4, max_innermost_factor=64, decision=[1, 1, 16, 2])
l23, l24, l25, l26 = sch.split(loop=l4, factors=[v19, v20, v21, v22], preserve_unit_iters=True)
v27, v28, v29, v30 = sch.sample_perfect_tile(loop=l5, n=4, max_innermost_factor=64, decision=[1, 7, 1, 2])
l31, l32, l33, l34 = sch.split(loop=l5, factors=[v27, v28, v29, v30], preserve_unit_iters=True)
v35, v36, v37, v38 = sch.sample_perfect_tile(loop=l6, n=4, max_innermost_factor=64, decision=[2, 1, 1, 7])
l39, l40, l41, l42 = sch.split(loop=l6, factors=[v35, v36, v37, v38], preserve_unit_iters=True)
v43, v44, v45, v46 = sch.sample_perfect_tile(loop=l7, n=4, max_innermost_factor=64, decision=[4, 1, 1, 1])
l47, l48, l49, l50 = sch.split(loop=l7, factors=[v43, v44, v45, v46], preserve_unit_iters=True)
v51, v52 = sch.sample_perfect_tile(loop=l8, n=2, max_innermost_factor=64, decision=[40, 16])
l53, l54 = sch.split(loop=l8, factors=[v51, v52], preserve_unit_iters=True)
v55, v56 = sch.sample_perfect_tile(loop=l9, n=2, max_innermost_factor=64, decision=[1, 1])
l57, l58 = sch.split(loop=l9, factors=[v55, v56], preserve_unit_iters=True)
v59, v60 = sch.sample_perfect_tile(loop=l10, n=2, max_innermost_factor=64, decision=[1, 1])
l61, l62 = sch.split(loop=l10, factors=[v59, v60], preserve_unit_iters=True)
sch.reorder(l15, l23, l31, l39, l47, l16, l24, l32, l40, l48, l53, l57, l61, l17, l25, l33, l41, l49, l54, l58, l62, l18, l26, l34, l42, l50)
sch.annotate(block_or_loop=b2, ann_key="meta_schedule.parallel", ann_val=768)
sch.annotate(block_or_loop=b2, ann_key="meta_schedule.vectorize", ann_val=64)
v63 = sch.sample_categorical(candidates=[0, 16, 64, 512], probs=[0.25, 0.25, 0.25, 0.25], decision=3)
sch.annotate(block_or_loop=b2, ann_key="meta_schedule.unroll_explicit", ann_val=v63)
2024-04-29 14:05:20 [INFO] [task_scheduler.cc:170] Design space #1:
# from tvm.script import ir as I
# from tvm.script import tir as T

@I.ir_module
class Module:
    @T.prim_func
    def main(p0: T.Buffer((T.int64(1), T.int64(160), T.int64(14), T.int64(14), T.int64(4)), "float32"), p1: T.Buffer((T.int64(32), T.int64(160), T.int64(1), T.int64(1), T.int64(4), T.int64(4)), "float32"), p2: T.Buffer((T.int64(1), T.int64(32), T.int64(1), T.int64(1), T.int64(4)), "float32"), T_relu: T.Buffer((T.int64(1), T.int64(32), T.int64(14), T.int64(14), T.int64(4)), "float32")):
        T.func_attr({"tir.noalias": T.bool(True)})
        with T.block("root"):
            T.reads()
            T.writes()
            T.block_attr({"meta_schedule.parallel": 768, "meta_schedule.unroll_explicit": 512, "meta_schedule.vectorize": 64})
            conv2d_NCHWc = T.alloc_buffer((T.int64(1), T.int64(32), T.int64(14), T.int64(14), T.int64(4)))
            for n_0, oc_chunk_0, oh_0, ow_0, oc_block_0, n_1, oc_chunk_1, oh_1, ow_1, oc_block_1 in T.grid(T.int64(1), T.int64(1), T.int64(1), T.int64(2), T.int64(4), T.int64(1), T.int64(1), T.int64(7), T.int64(1), T.int64(1)):
                for ic_0, kh_0, kw_0, n_2, oc_chunk_2, oh_2, ow_2, oc_block_2, ic_1, kh_1, kw_1, n_3, oc_chunk_3, oh_3, ow_3, oc_block_3 in T.grid(T.int64(40), T.int64(1), T.int64(1), T.int64(1), T.int64(16), T.int64(1), T.int64(1), T.int64(1), T.int64(16), T.int64(1), T.int64(1), T.int64(1), T.int64(2), T.int64(2), T.int64(7), T.int64(1)):
                    with T.block("conv2d_NCHWc"):
                        v_n = T.axis.spatial(T.int64(1), n_0 + n_1 + n_2 + n_3)
                        v_oc_chunk = T.axis.spatial(T.int64(32), oc_chunk_0 * T.int64(32) + oc_chunk_1 * T.int64(32) + oc_chunk_2 * T.int64(2) + oc_chunk_3)
                        v_oh = T.axis.spatial(T.int64(14), oh_0 * T.int64(14) + oh_1 * T.int64(2) + oh_2 * T.int64(2) + oh_3)
                        v_ow = T.axis.spatial(T.int64(14), ow_0 * T.int64(7) + ow_1 * T.int64(7) + ow_2 * T.int64(7) + ow_3)
                        v_oc_block = T.axis.spatial(T.int64(4), oc_block_0 + oc_block_1 + oc_block_2 + oc_block_3)
                        v_ic = T.axis.reduce(T.int64(640), ic_0 * T.int64(16) + ic_1)
                        v_kh = T.axis.reduce(T.int64(1), kh_0 + kh_1)
                        v_kw = T.axis.reduce(T.int64(1), kw_0 + kw_1)
                        T.reads(p0[v_n, v_ic // T.int64(4), v_oh + v_kh, v_ow + v_kw, v_ic % T.int64(4)], p1[v_oc_chunk, v_ic // T.int64(4), v_kh, v_kw, v_ic % T.int64(4), v_oc_block])
                        T.writes(conv2d_NCHWc[v_n, v_oc_chunk, v_oh, v_ow, v_oc_block])
                        T.block_attr({"meta_schedule.tiling_structure": "SSRSRS"})
                        with T.init():
                            conv2d_NCHWc[v_n, v_oc_chunk, v_oh, v_ow, v_oc_block] = T.float32(0)
                        conv2d_NCHWc[v_n, v_oc_chunk, v_oh, v_ow, v_oc_block] = conv2d_NCHWc[v_n, v_oc_chunk, v_oh, v_ow, v_oc_block] + p0[v_n, v_ic // T.int64(4), v_oh + v_kh, v_ow + v_kw, v_ic % T.int64(4)] * p1[v_oc_chunk, v_ic // T.int64(4), v_kh, v_kw, v_ic % T.int64(4), v_oc_block]
                for ax0, ax1, ax2, ax3, ax4 in T.grid(T.int64(1), T.int64(32), T.int64(2), T.int64(7), T.int64(1)):
                    with T.block("T_relu"):
                        v_ax0, v_ax1 = T.axis.remap("SS", [ax0, ax1])
                        v_ax2 = T.axis.spatial(T.int64(14), oh_1 * T.int64(2) + ax2)
                        v_ax3 = T.axis.spatial(T.int64(14), ow_0 * T.int64(7) + ax3)
                        v_ax4 = T.axis.spatial(T.int64(4), oc_block_0 + ax4)
                        T.reads(conv2d_NCHWc[v_ax0, v_ax1, v_ax2, v_ax3, v_ax4], p2[v_ax0, v_ax1, T.int64(0), T.int64(0), v_ax4])
                        T.writes(T_relu[v_ax0, v_ax1, v_ax2, v_ax3, v_ax4])
                        T_relu[v_ax0, v_ax1, v_ax2, v_ax3, v_ax4] = T.max(conv2d_NCHWc[v_ax0, v_ax1, v_ax2, v_ax3, v_ax4] + p2[v_ax0, v_ax1, T.int64(0), T.int64(0), v_ax4], T.float32(0))
b0 = sch.get_block(name="conv2d_NCHWc", func_name="main")
b1 = sch.get_block(name="T_add", func_name="main")
b2 = sch.get_block(name="root", func_name="main")
sch.compute_inline(block=b1)
sch.annotate(block_or_loop=b0, ann_key="meta_schedule.tiling_structure", ann_val="SSRSRS")
l3, l4, l5, l6, l7, l8, l9, l10 = sch.get_loops(block=b0)
v11, v12, v13, v14 = sch.sample_perfect_tile(loop=l3, n=4, max_innermost_factor=64, decision=[1, 1, 1, 1])
l15, l16, l17, l18 = sch.split(loop=l3, factors=[v11, v12, v13, v14], preserve_unit_iters=True)
v19, v20, v21, v22 = sch.sample_perfect_tile(loop=l4, n=4, max_innermost_factor=64, decision=[1, 1, 16, 2])
l23, l24, l25, l26 = sch.split(loop=l4, factors=[v19, v20, v21, v22], preserve_unit_iters=True)
v27, v28, v29, v30 = sch.sample_perfect_tile(loop=l5, n=4, max_innermost_factor=64, decision=[1, 7, 1, 2])
l31, l32, l33, l34 = sch.split(loop=l5, factors=[v27, v28, v29, v30], preserve_unit_iters=True)
v35, v36, v37, v38 = sch.sample_perfect_tile(loop=l6, n=4, max_innermost_factor=64, decision=[2, 1, 1, 7])
l39, l40, l41, l42 = sch.split(loop=l6, factors=[v35, v36, v37, v38], preserve_unit_iters=True)
v43, v44, v45, v46 = sch.sample_perfect_tile(loop=l7, n=4, max_innermost_factor=64, decision=[4, 1, 1, 1])
l47, l48, l49, l50 = sch.split(loop=l7, factors=[v43, v44, v45, v46], preserve_unit_iters=True)
v51, v52 = sch.sample_perfect_tile(loop=l8, n=2, max_innermost_factor=64, decision=[40, 16])
l53, l54 = sch.split(loop=l8, factors=[v51, v52], preserve_unit_iters=True)
v55, v56 = sch.sample_perfect_tile(loop=l9, n=2, max_innermost_factor=64, decision=[1, 1])
l57, l58 = sch.split(loop=l9, factors=[v55, v56], preserve_unit_iters=True)
v59, v60 = sch.sample_perfect_tile(loop=l10, n=2, max_innermost_factor=64, decision=[1, 1])
l61, l62 = sch.split(loop=l10, factors=[v59, v60], preserve_unit_iters=True)
sch.reorder(l15, l23, l31, l39, l47, l16, l24, l32, l40, l48, l53, l57, l61, l17, l25, l33, l41, l49, l54, l58, l62, l18, l26, l34, l42, l50)
b63, = sch.get_consumers(block=b0)
sch.reverse_compute_at(block=b63, loop=l48, preserve_unit_loops=True, index=-1)
sch.annotate(block_or_loop=b2, ann_key="meta_schedule.parallel", ann_val=768)
sch.annotate(block_or_loop=b2, ann_key="meta_schedule.vectorize", ann_val=64)
v64 = sch.sample_categorical(candidates=[0, 16, 64, 512], probs=[0.25, 0.25, 0.25, 0.25], decision=3)
sch.annotate(block_or_loop=b2, ann_key="meta_schedule.unroll_explicit", ann_val=v64)
2024-04-29 14:05:20 [INFO] [task_scheduler.cc:170] Design space #2:
# from tvm.script import ir as I
# from tvm.script import tir as T

@I.ir_module
class Module:
    @T.prim_func
    def main(p0: T.Buffer((T.int64(1), T.int64(160), T.int64(14), T.int64(14), T.int64(4)), "float32"), p1: T.Buffer((T.int64(32), T.int64(160), T.int64(1), T.int64(1), T.int64(4), T.int64(4)), "float32"), p2: T.Buffer((T.int64(1), T.int64(32), T.int64(1), T.int64(1), T.int64(4)), "float32"), T_relu: T.Buffer((T.int64(1), T.int64(32), T.int64(14), T.int64(14), T.int64(4)), "float32")):
        T.func_attr({"tir.noalias": T.bool(True)})
        with T.block("root"):
            T.reads()
            T.writes()
            T.block_attr({"meta_schedule.parallel": 768, "meta_schedule.unroll_explicit": 64, "meta_schedule.vectorize": 64})
            conv2d_NCHWc = T.alloc_buffer((T.int64(1), T.int64(32), T.int64(14), T.int64(14), T.int64(4)))
            for n_0, oc_chunk_0, oh_0, ow_0, oc_block_0 in T.grid(T.int64(1), T.int64(1), T.int64(1), T.int64(2), T.int64(4)):
                for n_1, oc_chunk_1, oh_1, ow_1, oc_block_1, ic_0, kh_0, kw_0, n_2, oc_chunk_2, oh_2, ow_2, oc_block_2, ic_1, kh_1, kw_1, n_3, oc_chunk_3, oh_3, ow_3, oc_block_3 in T.grid(T.int64(1), T.int64(1), T.int64(7), T.int64(1), T.int64(1), T.int64(40), T.int64(1), T.int64(1), T.int64(1), T.int64(16), T.int64(1), T.int64(1), T.int64(1), T.int64(16), T.int64(1), T.int64(1), T.int64(1), T.int64(2), T.int64(2), T.int64(7), T.int64(1)):
                    with T.block("conv2d_NCHWc"):
                        v_n = T.axis.spatial(T.int64(1), n_0 + n_1 + n_2 + n_3)
                        v_oc_chunk = T.axis.spatial(T.int64(32), oc_chunk_0 * T.int64(32) + oc_chunk_1 * T.int64(32) + oc_chunk_2 * T.int64(2) + oc_chunk_3)
                        v_oh = T.axis.spatial(T.int64(14), oh_0 * T.int64(14) + oh_1 * T.int64(2) + oh_2 * T.int64(2) + oh_3)
                        v_ow = T.axis.spatial(T.int64(14), ow_0 * T.int64(7) + ow_1 * T.int64(7) + ow_2 * T.int64(7) + ow_3)
                        v_oc_block = T.axis.spatial(T.int64(4), oc_block_0 + oc_block_1 + oc_block_2 + oc_block_3)
                        v_ic = T.axis.reduce(T.int64(640), ic_0 * T.int64(16) + ic_1)
                        v_kh = T.axis.reduce(T.int64(1), kh_0 + kh_1)
                        v_kw = T.axis.reduce(T.int64(1), kw_0 + kw_1)
                        T.reads(p0[v_n, v_ic // T.int64(4), v_oh + v_kh, v_ow + v_kw, v_ic % T.int64(4)], p1[v_oc_chunk, v_ic // T.int64(4), v_kh, v_kw, v_ic % T.int64(4), v_oc_block])
                        T.writes(conv2d_NCHWc[v_n, v_oc_chunk, v_oh, v_ow, v_oc_block])
                        T.block_attr({"meta_schedule.tiling_structure": "SSRSRS"})
                        with T.init():
                            conv2d_NCHWc[v_n, v_oc_chunk, v_oh, v_ow, v_oc_block] = T.float32(0)
                        conv2d_NCHWc[v_n, v_oc_chunk, v_oh, v_ow, v_oc_block] = conv2d_NCHWc[v_n, v_oc_chunk, v_oh, v_ow, v_oc_block] + p0[v_n, v_ic // T.int64(4), v_oh + v_kh, v_ow + v_kw, v_ic % T.int64(4)] * p1[v_oc_chunk, v_ic // T.int64(4), v_kh, v_kw, v_ic % T.int64(4), v_oc_block]
                for ax0, ax1, ax2, ax3, ax4 in T.grid(T.int64(1), T.int64(32), T.int64(14), T.int64(7), T.int64(1)):
                    with T.block("T_relu"):
                        v_ax0, v_ax1, v_ax2 = T.axis.remap("SSS", [ax0, ax1, ax2])
                        v_ax3 = T.axis.spatial(T.int64(14), ow_0 * T.int64(7) + ax3)
                        v_ax4 = T.axis.spatial(T.int64(4), oc_block_0 + ax4)
                        T.reads(conv2d_NCHWc[v_ax0, v_ax1, v_ax2, v_ax3, v_ax4], p2[v_ax0, v_ax1, T.int64(0), T.int64(0), v_ax4])
                        T.writes(T_relu[v_ax0, v_ax1, v_ax2, v_ax3, v_ax4])
                        T_relu[v_ax0, v_ax1, v_ax2, v_ax3, v_ax4] = T.max(conv2d_NCHWc[v_ax0, v_ax1, v_ax2, v_ax3, v_ax4] + p2[v_ax0, v_ax1, T.int64(0), T.int64(0), v_ax4], T.float32(0))
b0 = sch.get_block(name="conv2d_NCHWc", func_name="main")
b1 = sch.get_block(name="T_add", func_name="main")
b2 = sch.get_block(name="root", func_name="main")
sch.compute_inline(block=b1)
sch.annotate(block_or_loop=b0, ann_key="meta_schedule.tiling_structure", ann_val="SSRSRS")
l3, l4, l5, l6, l7, l8, l9, l10 = sch.get_loops(block=b0)
v11, v12, v13, v14 = sch.sample_perfect_tile(loop=l3, n=4, max_innermost_factor=64, decision=[1, 1, 1, 1])
l15, l16, l17, l18 = sch.split(loop=l3, factors=[v11, v12, v13, v14], preserve_unit_iters=True)
v19, v20, v21, v22 = sch.sample_perfect_tile(loop=l4, n=4, max_innermost_factor=64, decision=[1, 1, 16, 2])
l23, l24, l25, l26 = sch.split(loop=l4, factors=[v19, v20, v21, v22], preserve_unit_iters=True)
v27, v28, v29, v30 = sch.sample_perfect_tile(loop=l5, n=4, max_innermost_factor=64, decision=[1, 7, 1, 2])
l31, l32, l33, l34 = sch.split(loop=l5, factors=[v27, v28, v29, v30], preserve_unit_iters=True)
v35, v36, v37, v38 = sch.sample_perfect_tile(loop=l6, n=4, max_innermost_factor=64, decision=[2, 1, 1, 7])
l39, l40, l41, l42 = sch.split(loop=l6, factors=[v35, v36, v37, v38], preserve_unit_iters=True)
v43, v44, v45, v46 = sch.sample_perfect_tile(loop=l7, n=4, max_innermost_factor=64, decision=[4, 1, 1, 1])
l47, l48, l49, l50 = sch.split(loop=l7, factors=[v43, v44, v45, v46], preserve_unit_iters=True)
v51, v52 = sch.sample_perfect_tile(loop=l8, n=2, max_innermost_factor=64, decision=[40, 16])
l53, l54 = sch.split(loop=l8, factors=[v51, v52], preserve_unit_iters=True)
v55, v56 = sch.sample_perfect_tile(loop=l9, n=2, max_innermost_factor=64, decision=[1, 1])
l57, l58 = sch.split(loop=l9, factors=[v55, v56], preserve_unit_iters=True)
v59, v60 = sch.sample_perfect_tile(loop=l10, n=2, max_innermost_factor=64, decision=[1, 1])
l61, l62 = sch.split(loop=l10, factors=[v59, v60], preserve_unit_iters=True)
sch.reorder(l15, l23, l31, l39, l47, l16, l24, l32, l40, l48, l53, l57, l61, l17, l25, l33, l41, l49, l54, l58, l62, l18, l26, l34, l42, l50)
b63, = sch.get_consumers(block=b0)
sch.reverse_compute_at(block=b63, loop=l47, preserve_unit_loops=True, index=-1)
sch.annotate(block_or_loop=b2, ann_key="meta_schedule.parallel", ann_val=768)
sch.annotate(block_or_loop=b2, ann_key="meta_schedule.vectorize", ann_val=64)
v64 = sch.sample_categorical(candidates=[0, 16, 64, 512], probs=[0.25, 0.25, 0.25, 0.25], decision=2)
sch.annotate(block_or_loop=b2, ann_key="meta_schedule.unroll_explicit", ann_val=v64)
2024-04-29 15:51:45 [INFO] [evolutionary_search.cc:713] Generating candidates......
2024-04-29 15:51:45 [INFO] [evolutionary_search.cc:715] Picked top 0 candidate(s) from database
2024-04-29 15:51:47 [INFO] [evolutionary_search.cc:533] Sample-Init-Population summary:
Postproc #0 [meta_schedule.DisallowDynamicLoop(0x13c304b8)]: 0 failure(s)
Postproc #1 [meta_schedule.RewriteParallelVectorizeUnroll(0xbc0dad8)]: 0 failure(s)
Postproc #2 [meta_schedule.RewriteReductionBlock(0x13346608)]: 0 failure(s)
Postproc #3 [meta_schedule.RewriteLayout(0xca1b2a8)]: 0 failure(s)
2024-04-29 15:51:47 [INFO] [evolutionary_search.cc:723] Sampled 512 candidate(s)
2024-04-29 15:51:50 [INFO] [evolutionary_search.cc:621] Evolve iter #0 done. Summary:
Postproc #0 [meta_schedule.DisallowDynamicLoop(0x13c304b8)]: 0 failure(s)
Postproc #1 [meta_schedule.RewriteParallelVectorizeUnroll(0xbc0dad8)]: 0 failure(s)
Postproc #2 [meta_schedule.RewriteReductionBlock(0x13346608)]: 0 failure(s)
Postproc #3 [meta_schedule.RewriteLayout(0xca1b2a8)]: 0 failure(s)
2024-04-29 15:51:53 [INFO] [evolutionary_search.cc:621] Evolve iter #1 done. Summary:
Postproc #0 [meta_schedule.DisallowDynamicLoop(0x13c304b8)]: 0 failure(s)
Postproc #1 [meta_schedule.RewriteParallelVectorizeUnroll(0xbc0dad8)]: 0 failure(s)
Postproc #2 [meta_schedule.RewriteReductionBlock(0x13346608)]: 0 failure(s)
Postproc #3 [meta_schedule.RewriteLayout(0xca1b2a8)]: 0 failure(s)
2024-04-29 15:51:56 [INFO] [evolutionary_search.cc:621] Evolve iter #2 done. Summary:
Postproc #0 [meta_schedule.DisallowDynamicLoop(0x13c304b8)]: 0 failure(s)
Postproc #1 [meta_schedule.RewriteParallelVectorizeUnroll(0xbc0dad8)]: 0 failure(s)
Postproc #2 [meta_schedule.RewriteReductionBlock(0x13346608)]: 0 failure(s)
Postproc #3 [meta_schedule.RewriteLayout(0xca1b2a8)]: 0 failure(s)
2024-04-29 15:51:59 [INFO] [evolutionary_search.cc:621] Evolve iter #3 done. Summary:
Postproc #0 [meta_schedule.DisallowDynamicLoop(0x13c304b8)]: 0 failure(s)
Postproc #1 [meta_schedule.RewriteParallelVectorizeUnroll(0xbc0dad8)]: 0 failure(s)
Postproc #2 [meta_schedule.RewriteReductionBlock(0x13346608)]: 0 failure(s)
Postproc #3 [meta_schedule.RewriteLayout(0xca1b2a8)]: 0 failure(s)
2024-04-29 15:52:00 [INFO] [evolutionary_search.cc:649] Scores of the best 64 candidates:
[1 : 16]:	0.9997  0.9996  0.9995  0.9993  0.9987  0.9975  0.9967  0.9964  0.9963  0.9955  0.9953  0.9948  0.9938  0.9932  0.9932  0.9924
[17 : 32]:	0.9911  0.9906  0.9906  0.9900  0.9895  0.9893  0.9891  0.9890  0.9888  0.9879  0.9879  0.9879  0.9877  0.9873  0.9871  0.9868
[33 : 48]:	0.9863  0.9857  0.9845  0.9844  0.9837  0.9820  0.9818  0.9813  0.9807  0.9806  0.9805  0.9792  0.9789  0.9787  0.9787  0.9785
[49 : 64]:	0.9780  0.9777  0.9776  0.9774  0.9773  0.9769  0.9769  0.9761  0.9760  0.9758  0.9757  0.9757  0.9756  0.9753  0.9753  0.9751
2024-04-29 15:52:01 [INFO] [evolutionary_search.cc:727] Got 64 candidate(s) with evolutionary search
2024-04-29 15:52:01 [INFO] [evolutionary_search.cc:730] Sending 64 candidates(s) for measurement
2024-04-29 17:10:40 [INFO] [task_scheduler.cc:131] [Task #68: fused_nn_contrib_conv2d_NCHWc_add_nn_relu_67] Trial #1: GFLOPs: 66.9202. Time: 480.6148 us. Best GFLOPs: 66.9202
2024-04-29 17:10:40 [INFO] [task_scheduler.cc:121] [Task #68: fused_nn_contrib_conv2d_NCHWc_add_nn_relu_67] Trial #2: Error in building:
LocalBuilder: Timeout, killed after 30.0 seconds
# from tvm.script import ir as I
# from tvm.script import tir as T

@I.ir_module
class Module:
    @T.prim_func
    def main(p0: T.Buffer((T.int64(1), T.int64(160), T.int64(14), T.int64(14), T.int64(4)), "float32"), p1: T.Buffer((T.int64(32), T.int64(160), T.int64(1), T.int64(1), T.int64(4), T.int64(4)), "float32"), p2: T.Buffer((T.int64(1), T.int64(32), T.int64(1), T.int64(1), T.int64(4)), "float32"), T_relu: T.Buffer((T.int64(1), T.int64(32), T.int64(14), T.int64(14), T.int64(4)), "float32")):
        T.func_attr({"tir.noalias": T.bool(True)})
        # with T.block("root"):
        conv2d_NCHWc = T.alloc_buffer((T.int64(1), T.int64(32), T.int64(14), T.int64(14), T.int64(4)))
        for n_0_oc_chunk_0_oh_0_ow_0_oc_block_0_fused in T.parallel(T.int64(32), annotations={"pragma_auto_unroll_max_step": 512, "pragma_unroll_explicit": 1}):
            for n_1, oc_chunk_1, oh_1, ow_1, oc_block_1 in T.grid(T.int64(1), T.int64(2), T.int64(1), T.int64(1), T.int64(2)):
                for n_2_init, oc_chunk_2_init, oh_2_init, ow_2_init, oc_block_2_init, n_3_init, oc_chunk_3_init, oh_3_init, ow_3_init, oc_block_3_init in T.grid(T.int64(1), T.int64(2), T.int64(7), T.int64(7), T.int64(2), T.int64(1), T.int64(1), T.int64(1), T.int64(1), T.int64(1)):
                    with T.block("conv2d_NCHWc_init"):
                        v_n = T.axis.spatial(T.int64(1), n_1 + n_2_init + n_3_init)
                        v_oc_chunk = T.axis.spatial(T.int64(32), n_0_oc_chunk_0_oh_0_ow_0_oc_block_0_fused // T.int64(4) * T.int64(4) + oc_chunk_1 * T.int64(2) + oc_chunk_2_init + oc_chunk_3_init)
                        v_oh = T.axis.spatial(T.int64(14), n_0_oc_chunk_0_oh_0_ow_0_oc_block_0_fused % T.int64(4) // T.int64(2) * T.int64(7) + oh_1 * T.int64(7) + oh_2_init + oh_3_init)
                        v_ow = T.axis.spatial(T.int64(14), n_0_oc_chunk_0_oh_0_ow_0_oc_block_0_fused % T.int64(2) * T.int64(7) + ow_1 * T.int64(7) + ow_2_init + ow_3_init)
                        v_oc_block = T.axis.spatial(T.int64(4), oc_block_1 * T.int64(2) + oc_block_2_init + oc_block_3_init)
                        T.reads()
                        T.writes(conv2d_NCHWc[v_n, v_oc_chunk, v_oh, v_ow, v_oc_block])
                        T.block_attr({"meta_schedule.tiling_structure": "SSRSRS"})
                        conv2d_NCHWc[v_n, v_oc_chunk, v_oh, v_ow, v_oc_block] = T.float32(0)
                for ic_0, kh_0, kw_0, n_2, oc_chunk_2, oh_2, ow_2, oc_block_2, ic_1, kh_1, kw_1, n_3, oc_chunk_3, oh_3, ow_3, oc_block_3 in T.grid(T.int64(20), T.int64(1), T.int64(1), T.int64(1), T.int64(2), T.int64(7), T.int64(7), T.int64(2), T.int64(32), T.int64(1), T.int64(1), T.int64(1), T.int64(1), T.int64(1), T.int64(1), T.int64(1)):
                    with T.block("conv2d_NCHWc_update"):
                        v_n = T.axis.spatial(T.int64(1), n_1 + n_2 + n_3)
                        v_oc_chunk = T.axis.spatial(T.int64(32), n_0_oc_chunk_0_oh_0_ow_0_oc_block_0_fused // T.int64(4) * T.int64(4) + oc_chunk_1 * T.int64(2) + oc_chunk_2 + oc_chunk_3)
                        v_oh = T.axis.spatial(T.int64(14), n_0_oc_chunk_0_oh_0_ow_0_oc_block_0_fused % T.int64(4) // T.int64(2) * T.int64(7) + oh_1 * T.int64(7) + oh_2 + oh_3)
                        v_ow = T.axis.spatial(T.int64(14), n_0_oc_chunk_0_oh_0_ow_0_oc_block_0_fused % T.int64(2) * T.int64(7) + ow_1 * T.int64(7) + ow_2 + ow_3)
                        v_oc_block = T.axis.spatial(T.int64(4), oc_block_1 * T.int64(2) + oc_block_2 + oc_block_3)
                        v_ic = T.axis.reduce(T.int64(640), ic_0 * T.int64(32) + ic_1)
                        v_kh = T.axis.reduce(T.int64(1), kh_0 + kh_1)
                        v_kw = T.axis.reduce(T.int64(1), kw_0 + kw_1)
                        T.reads(conv2d_NCHWc[v_n, v_oc_chunk, v_oh, v_ow, v_oc_block], p0[v_n, v_ic // T.int64(4), v_oh + v_kh, v_ow + v_kw, v_ic % T.int64(4)], p1[v_oc_chunk, v_ic // T.int64(4), v_kh, v_kw, v_ic % T.int64(4), v_oc_block])
                        T.writes(conv2d_NCHWc[v_n, v_oc_chunk, v_oh, v_ow, v_oc_block])
                        T.block_attr({"meta_schedule.tiling_structure": "SSRSRS"})
                        conv2d_NCHWc[v_n, v_oc_chunk, v_oh, v_ow, v_oc_block] = conv2d_NCHWc[v_n, v_oc_chunk, v_oh, v_ow, v_oc_block] + p0[v_n, v_ic // T.int64(4), v_oh + v_kh, v_ow + v_kw, v_ic % T.int64(4)] * p1[v_oc_chunk, v_ic // T.int64(4), v_kh, v_kw, v_ic % T.int64(4), v_oc_block]
            for ax0, ax1, ax2 in T.grid(T.int64(1), T.int64(4), T.int64(7)):
                for ax3_ax4_fused in T.vectorized(T.int64(28)):
                    with T.block("T_relu"):
                        v_ax0 = T.axis.spatial(T.int64(1), ax0)
                        v_ax1 = T.axis.spatial(T.int64(32), n_0_oc_chunk_0_oh_0_ow_0_oc_block_0_fused // T.int64(4) * T.int64(4) + ax1)
                        v_ax2 = T.axis.spatial(T.int64(14), n_0_oc_chunk_0_oh_0_ow_0_oc_block_0_fused % T.int64(4) // T.int64(2) * T.int64(7) + ax2)
                        v_ax3 = T.axis.spatial(T.int64(14), n_0_oc_chunk_0_oh_0_ow_0_oc_block_0_fused % T.int64(2) * T.int64(7) + ax3_ax4_fused // T.int64(4))
                        v_ax4 = T.axis.spatial(T.int64(4), ax3_ax4_fused % T.int64(4))
                        T.reads(conv2d_NCHWc[v_ax0, v_ax1, v_ax2, v_ax3, v_ax4], p2[v_ax0, v_ax1, T.int64(0), T.int64(0), v_ax4])
                        T.writes(T_relu[v_ax0, v_ax1, v_ax2, v_ax3, v_ax4])
                        T_relu[v_ax0, v_ax1, v_ax2, v_ax3, v_ax4] = T.max(conv2d_NCHWc[v_ax0, v_ax1, v_ax2, v_ax3, v_ax4] + p2[v_ax0, v_ax1, T.int64(0), T.int64(0), v_ax4], T.float32(0))
b0 = sch.get_block(name="conv2d_NCHWc", func_name="main")
b1 = sch.get_block(name="T_add", func_name="main")
b2 = sch.get_block(name="root", func_name="main")
sch.compute_inline(block=b1)
sch.annotate(block_or_loop=b0, ann_key="meta_schedule.tiling_structure", ann_val="SSRSRS")
l3, l4, l5, l6, l7, l8, l9, l10 = sch.get_loops(block=b0)
v11, v12, v13, v14 = sch.sample_perfect_tile(loop=l3, n=4, max_innermost_factor=64, decision=[1, 1, 1, 1])
l15, l16, l17, l18 = sch.split(loop=l3, factors=[v11, v12, v13, v14], preserve_unit_iters=True)
v19, v20, v21, v22 = sch.sample_perfect_tile(loop=l4, n=4, max_innermost_factor=64, decision=[8, 2, 2, 1])
l23, l24, l25, l26 = sch.split(loop=l4, factors=[v19, v20, v21, v22], preserve_unit_iters=True)
v27, v28, v29, v30 = sch.sample_perfect_tile(loop=l5, n=4, max_innermost_factor=64, decision=[2, 1, 7, 1])
l31, l32, l33, l34 = sch.split(loop=l5, factors=[v27, v28, v29, v30], preserve_unit_iters=True)
v35, v36, v37, v38 = sch.sample_perfect_tile(loop=l6, n=4, max_innermost_factor=64, decision=[2, 1, 7, 1])
l39, l40, l41, l42 = sch.split(loop=l6, factors=[v35, v36, v37, v38], preserve_unit_iters=True)
v43, v44, v45, v46 = sch.sample_perfect_tile(loop=l7, n=4, max_innermost_factor=64, decision=[1, 2, 2, 1])
l47, l48, l49, l50 = sch.split(loop=l7, factors=[v43, v44, v45, v46], preserve_unit_iters=True)
v51, v52 = sch.sample_perfect_tile(loop=l8, n=2, max_innermost_factor=64, decision=[20, 32])
l53, l54 = sch.split(loop=l8, factors=[v51, v52], preserve_unit_iters=True)
v55, v56 = sch.sample_perfect_tile(loop=l9, n=2, max_innermost_factor=64, decision=[1, 1])
l57, l58 = sch.split(loop=l9, factors=[v55, v56], preserve_unit_iters=True)
v59, v60 = sch.sample_perfect_tile(loop=l10, n=2, max_innermost_factor=64, decision=[1, 1])
l61, l62 = sch.split(loop=l10, factors=[v59, v60], preserve_unit_iters=True)
sch.reorder(l15, l23, l31, l39, l47, l16, l24, l32, l40, l48, l53, l57, l61, l17, l25, l33, l41, l49, l54, l58, l62, l18, l26, l34, l42, l50)
b63, = sch.get_consumers(block=b0)
sch.reverse_compute_at(block=b63, loop=l47, preserve_unit_loops=True, index=-1)
sch.annotate(block_or_loop=b2, ann_key="meta_schedule.parallel", ann_val=768)
sch.annotate(block_or_loop=b2, ann_key="meta_schedule.vectorize", ann_val=64)
v64 = sch.sample_categorical(candidates=[0, 16, 64, 512], probs=[0.25, 0.25, 0.25, 0.25], decision=3)
sch.annotate(block_or_loop=b2, ann_key="meta_schedule.unroll_explicit", ann_val=v64)
sch.enter_postproc()
b65 = sch.get_block(name="root", func_name="main")
sch.unannotate(block_or_loop=b65, ann_key="meta_schedule.parallel")
sch.unannotate(block_or_loop=b65, ann_key="meta_schedule.vectorize")
sch.unannotate(block_or_loop=b65, ann_key="meta_schedule.unroll_explicit")
b66, b67 = sch.get_child_blocks(b65)
l68, l69, l70, l71, l72, l73, l74, l75, l76, l77, l78, l79, l80, l81, l82, l83, l84, l85, l86, l87, l88, l89, l90, l91, l92, l93 = sch.get_loops(block=b66)
l94 = sch.fuse(l68, l69, l70, l71, l72, preserve_unit_iters=True)
sch.parallel(loop=l94)
sch.annotate(block_or_loop=l94, ann_key="pragma_auto_unroll_max_step", ann_val=512)
sch.annotate(block_or_loop=l94, ann_key="pragma_unroll_explicit", ann_val=1)
l95, l96, l97, l98, l99, l100 = sch.get_loops(block=b67)
l101 = sch.fuse(l99, l100, preserve_unit_iters=True)
sch.vectorize(loop=l101)
b102 = sch.get_block(name="conv2d_NCHWc", func_name="main")
l103, l104, l105, l106, l107, l108, l109, l110, l111, l112, l113, l114, l115, l116, l117, l118, l119, l120, l121, l122, l123, l124 = sch.get_loops(block=b102)
b125 = sch.decompose_reduction(block=b102, loop=l109)
2024-04-29 17:10:40 [INFO] [task_scheduler.cc:131] [Task #68: fused_nn_contrib_conv2d_NCHWc_add_nn_relu_67] Trial #3: GFLOPs: 38.1821. Time: 842.3530 us. Best GFLOPs: 66.9202
2024-04-29 17:10:40 [INFO] [task_scheduler.cc:131] [Task #68: fused_nn_contrib_conv2d_NCHWc_add_nn_relu_67] Trial #4: GFLOPs: 7.5353. Time: 4268.3005 us. Best GFLOPs: 66.9202
2024-04-29 17:10:40 [INFO] [task_scheduler.cc:131] [Task #68: fused_nn_contrib_conv2d_NCHWc_add_nn_relu_67] Trial #5: GFLOPs: 35.5985. Time: 903.4885 us. Best GFLOPs: 66.9202
2024-04-29 17:10:40 [INFO] [task_scheduler.cc:131] [Task #68: fused_nn_contrib_conv2d_NCHWc_add_nn_relu_67] Trial #6: GFLOPs: 6.6687. Time: 4822.9796 us. Best GFLOPs: 66.9202
2024-04-29 17:10:40 [INFO] [task_scheduler.cc:131] [Task #68: fused_nn_contrib_conv2d_NCHWc_add_nn_relu_67] Trial #7: GFLOPs: 79.0538. Time: 406.8474 us. Best GFLOPs: 79.0538
2024-04-29 17:10:40 [INFO] [task_scheduler.cc:131] [Task #68: fused_nn_contrib_conv2d_NCHWc_add_nn_relu_67] Trial #8: GFLOPs: 131.3499. Time: 244.8636 us. Best GFLOPs: 131.3499
2024-04-29 17:10:40 [INFO] [task_scheduler.cc:131] [Task #68: fused_nn_contrib_conv2d_NCHWc_add_nn_relu_67] Trial #9: GFLOPs: 101.0017. Time: 318.4384 us. Best GFLOPs: 131.3499
2024-04-29 17:10:40 [INFO] [task_scheduler.cc:131] [Task #68: fused_nn_contrib_conv2d_NCHWc_add_nn_relu_67] Trial #10: GFLOPs: 28.9077. Time: 1112.6031 us. Best GFLOPs: 131.3499
2024-04-29 17:10:40 [INFO] [task_scheduler.cc:131] [Task #68: fused_nn_contrib_conv2d_NCHWc_add_nn_relu_67] Trial #11: GFLOPs: 15.8203. Time: 2033.0151 us. Best GFLOPs: 131.3499
2024-04-29 17:10:40 [INFO] [task_scheduler.cc:131] [Task #68: fused_nn_contrib_conv2d_NCHWc_add_nn_relu_67] Trial #12: GFLOPs: 50.0380. Time: 642.7676 us. Best GFLOPs: 131.3499
2024-04-29 17:10:40 [INFO] [task_scheduler.cc:131] [Task #68: fused_nn_contrib_conv2d_NCHWc_add_nn_relu_67] Trial #13: GFLOPs: 11.1815. Time: 2876.4250 us. Best GFLOPs: 131.3499
2024-04-29 17:10:40 [INFO] [task_scheduler.cc:131] [Task #68: fused_nn_contrib_conv2d_NCHWc_add_nn_relu_67] Trial #14: GFLOPs: 55.6302. Time: 578.1538 us. Best GFLOPs: 131.3499
2024-04-29 17:10:40 [INFO] [task_scheduler.cc:131] [Task #68: fused_nn_contrib_conv2d_NCHWc_add_nn_relu_67] Trial #15: GFLOPs: 1.3970. Time: 23022.3296 us. Best GFLOPs: 131.3499
2024-04-29 17:10:40 [INFO] [task_scheduler.cc:131] [Task #68: fused_nn_contrib_conv2d_NCHWc_add_nn_relu_67] Trial #16: GFLOPs: 108.8371. Time: 295.5134 us. Best GFLOPs: 131.3499
2024-04-29 17:10:40 [INFO] [task_scheduler.cc:131] [Task #68: fused_nn_contrib_conv2d_NCHWc_add_nn_relu_67] Trial #17: GFLOPs: 54.4288. Time: 590.9150 us. Best GFLOPs: 131.3499
2024-04-29 17:10:40 [INFO] [task_scheduler.cc:131] [Task #68: fused_nn_contrib_conv2d_NCHWc_add_nn_relu_67] Trial #18: GFLOPs: 311.9791. Time: 103.0929 us. Best GFLOPs: 311.9791
2024-04-29 17:10:40 [INFO] [task_scheduler.cc:131] [Task #68: fused_nn_contrib_conv2d_NCHWc_add_nn_relu_67] Trial #19: GFLOPs: 120.5811. Time: 266.7318 us. Best GFLOPs: 311.9791
2024-04-29 17:10:40 [INFO] [task_scheduler.cc:131] [Task #68: fused_nn_contrib_conv2d_NCHWc_add_nn_relu_67] Trial #20: GFLOPs: 85.7061. Time: 375.2685 us. Best GFLOPs: 311.9791
2024-04-29 17:10:40 [INFO] [task_scheduler.cc:131] [Task #68: fused_nn_contrib_conv2d_NCHWc_add_nn_relu_67] Trial #21: GFLOPs: 129.2839. Time: 248.7767 us. Best GFLOPs: 311.9791
2024-04-29 17:10:40 [INFO] [task_scheduler.cc:131] [Task #68: fused_nn_contrib_conv2d_NCHWc_add_nn_relu_67] Trial #22: GFLOPs: 42.5002. Time: 756.7691 us. Best GFLOPs: 311.9791
2024-04-29 17:10:40 [INFO] [task_scheduler.cc:131] [Task #68: fused_nn_contrib_conv2d_NCHWc_add_nn_relu_67] Trial #23: GFLOPs: 105.1896. Time: 305.7604 us. Best GFLOPs: 311.9791
2024-04-29 17:10:40 [INFO] [task_scheduler.cc:131] [Task #68: fused_nn_contrib_conv2d_NCHWc_add_nn_relu_67] Trial #24: GFLOPs: 65.7966. Time: 488.8217 us. Best GFLOPs: 311.9791
2024-04-29 17:10:40 [INFO] [task_scheduler.cc:121] [Task #68: fused_nn_contrib_conv2d_NCHWc_add_nn_relu_67] Trial #25: Error in building:
LocalBuilder: Timeout, killed after 30.0 seconds
# from tvm.script import ir as I
# from tvm.script import tir as T

@I.ir_module
class Module:
    @T.prim_func
    def main(p0: T.Buffer((T.int64(1), T.int64(160), T.int64(14), T.int64(14), T.int64(4)), "float32"), p1: T.Buffer((T.int64(32), T.int64(160), T.int64(1), T.int64(1), T.int64(4), T.int64(4)), "float32"), p2: T.Buffer((T.int64(1), T.int64(32), T.int64(1), T.int64(1), T.int64(4)), "float32"), T_relu: T.Buffer((T.int64(1), T.int64(32), T.int64(14), T.int64(14), T.int64(4)), "float32")):
        T.func_attr({"tir.noalias": T.bool(True)})
        # with T.block("root"):
        conv2d_NCHWc = T.alloc_buffer((T.int64(1), T.int64(32), T.int64(14), T.int64(14), T.int64(4)))
        for n_0_oc_chunk_0_oh_0_ow_0_oc_block_0_fused in T.parallel(T.int64(56), annotations={"pragma_auto_unroll_max_step": 512, "pragma_unroll_explicit": 1}):
            for n_1, oc_chunk_1, oh_1, ow_1, oc_block_1 in T.grid(T.int64(1), T.int64(1), T.int64(1), T.int64(1), T.int64(1)):
                for n_2_init, oc_chunk_2_init, oh_2_init, ow_2_init, oc_block_2_init, n_3_init, oc_chunk_3_init, oh_3_init, ow_3_init, oc_block_3_init in T.grid(T.int64(1), T.int64(4), T.int64(2), T.int64(2), T.int64(2), T.int64(1), T.int64(2), T.int64(1), T.int64(7), T.int64(1)):
                    with T.block("conv2d_NCHWc_init"):
                        v_n = T.axis.spatial(T.int64(1), n_1 + n_2_init + n_3_init)
                        v_oc_chunk = T.axis.spatial(T.int64(32), n_0_oc_chunk_0_oh_0_ow_0_oc_block_0_fused // T.int64(14) * T.int64(8) + oc_chunk_1 * T.int64(8) + oc_chunk_2_init * T.int64(2) + oc_chunk_3_init)
                        v_oh = T.axis.spatial(T.int64(14), n_0_oc_chunk_0_oh_0_ow_0_oc_block_0_fused % T.int64(14) // T.int64(2) * T.int64(2) + oh_1 * T.int64(2) + oh_2_init + oh_3_init)
                        v_ow = T.axis.spatial(T.int64(14), ow_1 * T.int64(14) + ow_2_init * T.int64(7) + ow_3_init)
                        v_oc_block = T.axis.spatial(T.int64(4), n_0_oc_chunk_0_oh_0_ow_0_oc_block_0_fused % T.int64(2) * T.int64(2) + oc_block_1 * T.int64(2) + oc_block_2_init + oc_block_3_init)
                        T.reads()
                        T.writes(conv2d_NCHWc[v_n, v_oc_chunk, v_oh, v_ow, v_oc_block])
                        T.block_attr({"meta_schedule.tiling_structure": "SSRSRS"})
                        conv2d_NCHWc[v_n, v_oc_chunk, v_oh, v_ow, v_oc_block] = T.float32(0)
                for ic_0, kh_0, kw_0, n_2, oc_chunk_2, oh_2, ow_2, oc_block_2, ic_1, kh_1, kw_1, n_3, oc_chunk_3, oh_3, ow_3, oc_block_3 in T.grid(T.int64(20), T.int64(1), T.int64(1), T.int64(1), T.int64(4), T.int64(2), T.int64(2), T.int64(2), T.int64(32), T.int64(1), T.int64(1), T.int64(1), T.int64(2), T.int64(1), T.int64(7), T.int64(1)):
                    with T.block("conv2d_NCHWc_update"):
                        v_n = T.axis.spatial(T.int64(1), n_1 + n_2 + n_3)
                        v_oc_chunk = T.axis.spatial(T.int64(32), n_0_oc_chunk_0_oh_0_ow_0_oc_block_0_fused // T.int64(14) * T.int64(8) + oc_chunk_1 * T.int64(8) + oc_chunk_2 * T.int64(2) + oc_chunk_3)
                        v_oh = T.axis.spatial(T.int64(14), n_0_oc_chunk_0_oh_0_ow_0_oc_block_0_fused % T.int64(14) // T.int64(2) * T.int64(2) + oh_1 * T.int64(2) + oh_2 + oh_3)
                        v_ow = T.axis.spatial(T.int64(14), ow_1 * T.int64(14) + ow_2 * T.int64(7) + ow_3)
                        v_oc_block = T.axis.spatial(T.int64(4), n_0_oc_chunk_0_oh_0_ow_0_oc_block_0_fused % T.int64(2) * T.int64(2) + oc_block_1 * T.int64(2) + oc_block_2 + oc_block_3)
                        v_ic = T.axis.reduce(T.int64(640), ic_0 * T.int64(32) + ic_1)
                        v_kh = T.axis.reduce(T.int64(1), kh_0 + kh_1)
                        v_kw = T.axis.reduce(T.int64(1), kw_0 + kw_1)
                        T.reads(conv2d_NCHWc[v_n, v_oc_chunk, v_oh, v_ow, v_oc_block], p0[v_n, v_ic // T.int64(4), v_oh + v_kh, v_ow + v_kw, v_ic % T.int64(4)], p1[v_oc_chunk, v_ic // T.int64(4), v_kh, v_kw, v_ic % T.int64(4), v_oc_block])
                        T.writes(conv2d_NCHWc[v_n, v_oc_chunk, v_oh, v_ow, v_oc_block])
                        T.block_attr({"meta_schedule.tiling_structure": "SSRSRS"})
                        conv2d_NCHWc[v_n, v_oc_chunk, v_oh, v_ow, v_oc_block] = conv2d_NCHWc[v_n, v_oc_chunk, v_oh, v_ow, v_oc_block] + p0[v_n, v_ic // T.int64(4), v_oh + v_kh, v_ow + v_kw, v_ic % T.int64(4)] * p1[v_oc_chunk, v_ic // T.int64(4), v_kh, v_kw, v_ic % T.int64(4), v_oc_block]
            for ax0, ax1, ax2, ax3 in T.grid(T.int64(1), T.int64(8), T.int64(2), T.int64(14)):
                for ax4_fused in T.vectorized(T.int64(2)):
                    with T.block("T_relu"):
                        v_ax0 = T.axis.spatial(T.int64(1), ax0)
                        v_ax1 = T.axis.spatial(T.int64(32), n_0_oc_chunk_0_oh_0_ow_0_oc_block_0_fused // T.int64(14) * T.int64(8) + ax1)
                        v_ax2 = T.axis.spatial(T.int64(14), n_0_oc_chunk_0_oh_0_ow_0_oc_block_0_fused % T.int64(14) // T.int64(2) * T.int64(2) + ax2)
                        v_ax3 = T.axis.spatial(T.int64(14), ax3)
                        v_ax4 = T.axis.spatial(T.int64(4), n_0_oc_chunk_0_oh_0_ow_0_oc_block_0_fused % T.int64(2) * T.int64(2) + ax4_fused)
                        T.reads(conv2d_NCHWc[v_ax0, v_ax1, v_ax2, v_ax3, v_ax4], p2[v_ax0, v_ax1, T.int64(0), T.int64(0), v_ax4])
                        T.writes(T_relu[v_ax0, v_ax1, v_ax2, v_ax3, v_ax4])
                        T_relu[v_ax0, v_ax1, v_ax2, v_ax3, v_ax4] = T.max(conv2d_NCHWc[v_ax0, v_ax1, v_ax2, v_ax3, v_ax4] + p2[v_ax0, v_ax1, T.int64(0), T.int64(0), v_ax4], T.float32(0))
b0 = sch.get_block(name="conv2d_NCHWc", func_name="main")
b1 = sch.get_block(name="T_add", func_name="main")
b2 = sch.get_block(name="root", func_name="main")
sch.compute_inline(block=b1)
sch.annotate(block_or_loop=b0, ann_key="meta_schedule.tiling_structure", ann_val="SSRSRS")
l3, l4, l5, l6, l7, l8, l9, l10 = sch.get_loops(block=b0)
v11, v12, v13, v14 = sch.sample_perfect_tile(loop=l3, n=4, max_innermost_factor=64, decision=[1, 1, 1, 1])
l15, l16, l17, l18 = sch.split(loop=l3, factors=[v11, v12, v13, v14], preserve_unit_iters=True)
v19, v20, v21, v22 = sch.sample_perfect_tile(loop=l4, n=4, max_innermost_factor=64, decision=[4, 1, 4, 2])
l23, l24, l25, l26 = sch.split(loop=l4, factors=[v19, v20, v21, v22], preserve_unit_iters=True)
v27, v28, v29, v30 = sch.sample_perfect_tile(loop=l5, n=4, max_innermost_factor=64, decision=[7, 1, 2, 1])
l31, l32, l33, l34 = sch.split(loop=l5, factors=[v27, v28, v29, v30], preserve_unit_iters=True)
v35, v36, v37, v38 = sch.sample_perfect_tile(loop=l6, n=4, max_innermost_factor=64, decision=[1, 1, 2, 7])
l39, l40, l41, l42 = sch.split(loop=l6, factors=[v35, v36, v37, v38], preserve_unit_iters=True)
v43, v44, v45, v46 = sch.sample_perfect_tile(loop=l7, n=4, max_innermost_factor=64, decision=[2, 1, 2, 1])
l47, l48, l49, l50 = sch.split(loop=l7, factors=[v43, v44, v45, v46], preserve_unit_iters=True)
v51, v52 = sch.sample_perfect_tile(loop=l8, n=2, max_innermost_factor=64, decision=[20, 32])
l53, l54 = sch.split(loop=l8, factors=[v51, v52], preserve_unit_iters=True)
v55, v56 = sch.sample_perfect_tile(loop=l9, n=2, max_innermost_factor=64, decision=[1, 1])
l57, l58 = sch.split(loop=l9, factors=[v55, v56], preserve_unit_iters=True)
v59, v60 = sch.sample_perfect_tile(loop=l10, n=2, max_innermost_factor=64, decision=[1, 1])
l61, l62 = sch.split(loop=l10, factors=[v59, v60], preserve_unit_iters=True)
sch.reorder(l15, l23, l31, l39, l47, l16, l24, l32, l40, l48, l53, l57, l61, l17, l25, l33, l41, l49, l54, l58, l62, l18, l26, l34, l42, l50)
b63, = sch.get_consumers(block=b0)
sch.reverse_compute_at(block=b63, loop=l47, preserve_unit_loops=True, index=-1)
sch.annotate(block_or_loop=b2, ann_key="meta_schedule.parallel", ann_val=768)
sch.annotate(block_or_loop=b2, ann_key="meta_schedule.vectorize", ann_val=64)
v64 = sch.sample_categorical(candidates=[0, 16, 64, 512], probs=[0.25, 0.25, 0.25, 0.25], decision=3)
sch.annotate(block_or_loop=b2, ann_key="meta_schedule.unroll_explicit", ann_val=v64)
sch.enter_postproc()
b65 = sch.get_block(name="root", func_name="main")
sch.unannotate(block_or_loop=b65, ann_key="meta_schedule.parallel")
sch.unannotate(block_or_loop=b65, ann_key="meta_schedule.vectorize")
sch.unannotate(block_or_loop=b65, ann_key="meta_schedule.unroll_explicit")
b66, b67 = sch.get_child_blocks(b65)
l68, l69, l70, l71, l72, l73, l74, l75, l76, l77, l78, l79, l80, l81, l82, l83, l84, l85, l86, l87, l88, l89, l90, l91, l92, l93 = sch.get_loops(block=b66)
l94 = sch.fuse(l68, l69, l70, l71, l72, preserve_unit_iters=True)
sch.parallel(loop=l94)
sch.annotate(block_or_loop=l94, ann_key="pragma_auto_unroll_max_step", ann_val=512)
sch.annotate(block_or_loop=l94, ann_key="pragma_unroll_explicit", ann_val=1)
l95, l96, l97, l98, l99, l100 = sch.get_loops(block=b67)
l101 = sch.fuse(l100, preserve_unit_iters=True)
sch.vectorize(loop=l101)
b102 = sch.get_block(name="conv2d_NCHWc", func_name="main")
l103, l104, l105, l106, l107, l108, l109, l110, l111, l112, l113, l114, l115, l116, l117, l118, l119, l120, l121, l122, l123, l124 = sch.get_loops(block=b102)
b125 = sch.decompose_reduction(block=b102, loop=l109)
2024-04-29 17:10:40 [INFO] [task_scheduler.cc:131] [Task #68: fused_nn_contrib_conv2d_NCHWc_add_nn_relu_67] Trial #26: GFLOPs: 11.9368. Time: 2694.4148 us. Best GFLOPs: 311.9791
2024-04-29 17:10:40 [INFO] [task_scheduler.cc:131] [Task #68: fused_nn_contrib_conv2d_NCHWc_add_nn_relu_67] Trial #27: GFLOPs: 3.1494. Time: 10212.3199 us. Best GFLOPs: 311.9791
2024-04-29 17:10:40 [INFO] [task_scheduler.cc:131] [Task #68: fused_nn_contrib_conv2d_NCHWc_add_nn_relu_67] Trial #28: GFLOPs: 78.2682. Time: 410.9310 us. Best GFLOPs: 311.9791
2024-04-29 17:10:40 [INFO] [task_scheduler.cc:131] [Task #68: fused_nn_contrib_conv2d_NCHWc_add_nn_relu_67] Trial #29: GFLOPs: 37.8317. Time: 850.1546 us. Best GFLOPs: 311.9791
2024-04-29 17:10:40 [INFO] [task_scheduler.cc:131] [Task #68: fused_nn_contrib_conv2d_NCHWc_add_nn_relu_67] Trial #30: GFLOPs: 59.7422. Time: 538.3602 us. Best GFLOPs: 311.9791
2024-04-29 17:10:40 [INFO] [task_scheduler.cc:131] [Task #68: fused_nn_contrib_conv2d_NCHWc_add_nn_relu_67] Trial #31: GFLOPs: 48.2091. Time: 667.1527 us. Best GFLOPs: 311.9791
2024-04-29 17:10:40 [INFO] [task_scheduler.cc:131] [Task #68: fused_nn_contrib_conv2d_NCHWc_add_nn_relu_67] Trial #32: GFLOPs: 6.3191. Time: 5089.7890 us. Best GFLOPs: 311.9791
2024-04-29 17:10:40 [INFO] [task_scheduler.cc:131] [Task #68: fused_nn_contrib_conv2d_NCHWc_add_nn_relu_67] Trial #33: GFLOPs: 18.3450. Time: 1753.2159 us. Best GFLOPs: 311.9791
2024-04-29 17:10:40 [INFO] [task_scheduler.cc:131] [Task #68: fused_nn_contrib_conv2d_NCHWc_add_nn_relu_67] Trial #34: GFLOPs: 84.9006. Time: 378.8290 us. Best GFLOPs: 311.9791
2024-04-29 17:10:40 [INFO] [task_scheduler.cc:131] [Task #68: fused_nn_contrib_conv2d_NCHWc_add_nn_relu_67] Trial #35: GFLOPs: 70.2495. Time: 457.8368 us. Best GFLOPs: 311.9791
2024-04-29 17:10:40 [INFO] [task_scheduler.cc:131] [Task #68: fused_nn_contrib_conv2d_NCHWc_add_nn_relu_67] Trial #36: GFLOPs: 7.8624. Time: 4090.6868 us. Best GFLOPs: 311.9791
2024-04-29 17:10:40 [INFO] [task_scheduler.cc:131] [Task #68: fused_nn_contrib_conv2d_NCHWc_add_nn_relu_67] Trial #37: GFLOPs: 79.2272. Time: 405.9566 us. Best GFLOPs: 311.9791
2024-04-29 17:10:40 [INFO] [task_scheduler.cc:131] [Task #68: fused_nn_contrib_conv2d_NCHWc_add_nn_relu_67] Trial #38: GFLOPs: 12.3664. Time: 2600.8178 us. Best GFLOPs: 311.9791
2024-04-29 17:10:40 [INFO] [task_scheduler.cc:131] [Task #68: fused_nn_contrib_conv2d_NCHWc_add_nn_relu_67] Trial #39: GFLOPs: 11.0421. Time: 2912.7442 us. Best GFLOPs: 311.9791
2024-04-29 17:10:40 [INFO] [task_scheduler.cc:131] [Task #68: fused_nn_contrib_conv2d_NCHWc_add_nn_relu_67] Trial #40: GFLOPs: 8.5318. Time: 3769.7591 us. Best GFLOPs: 311.9791
2024-04-29 17:10:40 [INFO] [task_scheduler.cc:131] [Task #68: fused_nn_contrib_conv2d_NCHWc_add_nn_relu_67] Trial #41: GFLOPs: 140.9498. Time: 228.1862 us. Best GFLOPs: 311.9791
2024-04-29 17:10:40 [INFO] [task_scheduler.cc:131] [Task #68: fused_nn_contrib_conv2d_NCHWc_add_nn_relu_67] Trial #42: GFLOPs: 43.0275. Time: 747.4952 us. Best GFLOPs: 311.9791
2024-04-29 17:10:40 [INFO] [task_scheduler.cc:131] [Task #68: fused_nn_contrib_conv2d_NCHWc_add_nn_relu_67] Trial #43: GFLOPs: 88.1976. Time: 364.6679 us. Best GFLOPs: 311.9791
2024-04-29 17:10:40 [INFO] [task_scheduler.cc:131] [Task #68: fused_nn_contrib_conv2d_NCHWc_add_nn_relu_67] Trial #44: GFLOPs: 165.4370. Time: 194.4112 us. Best GFLOPs: 311.9791
2024-04-29 17:10:40 [INFO] [task_scheduler.cc:131] [Task #68: fused_nn_contrib_conv2d_NCHWc_add_nn_relu_67] Trial #45: GFLOPs: 110.3645. Time: 291.4235 us. Best GFLOPs: 311.9791
2024-04-29 17:10:40 [INFO] [task_scheduler.cc:131] [Task #68: fused_nn_contrib_conv2d_NCHWc_add_nn_relu_67] Trial #46: GFLOPs: 32.8861. Time: 978.0074 us. Best GFLOPs: 311.9791
2024-04-29 17:10:40 [INFO] [task_scheduler.cc:131] [Task #68: fused_nn_contrib_conv2d_NCHWc_add_nn_relu_67] Trial #47: GFLOPs: 54.6861. Time: 588.1350 us. Best GFLOPs: 311.9791
2024-04-29 17:10:40 [INFO] [task_scheduler.cc:131] [Task #68: fused_nn_contrib_conv2d_NCHWc_add_nn_relu_67] Trial #48: GFLOPs: 5.1751. Time: 6214.9572 us. Best GFLOPs: 311.9791
2024-04-29 17:10:40 [INFO] [task_scheduler.cc:131] [Task #68: fused_nn_contrib_conv2d_NCHWc_add_nn_relu_67] Trial #49: GFLOPs: 44.4089. Time: 724.2419 us. Best GFLOPs: 311.9791
2024-04-29 17:10:40 [INFO] [task_scheduler.cc:131] [Task #68: fused_nn_contrib_conv2d_NCHWc_add_nn_relu_67] Trial #50: GFLOPs: 71.4688. Time: 450.0257 us. Best GFLOPs: 311.9791
2024-04-29 17:10:40 [INFO] [task_scheduler.cc:131] [Task #68: fused_nn_contrib_conv2d_NCHWc_add_nn_relu_67] Trial #51: GFLOPs: 3.4205. Time: 9402.9192 us. Best GFLOPs: 311.9791
2024-04-29 17:10:40 [INFO] [task_scheduler.cc:131] [Task #68: fused_nn_contrib_conv2d_NCHWc_add_nn_relu_67] Trial #52: GFLOPs: 59.9638. Time: 536.3708 us. Best GFLOPs: 311.9791
2024-04-29 17:10:40 [INFO] [task_scheduler.cc:131] [Task #68: fused_nn_contrib_conv2d_NCHWc_add_nn_relu_67] Trial #53: GFLOPs: 103.9574. Time: 309.3845 us. Best GFLOPs: 311.9791
2024-04-29 17:10:40 [INFO] [task_scheduler.cc:131] [Task #68: fused_nn_contrib_conv2d_NCHWc_add_nn_relu_67] Trial #54: GFLOPs: 3.7185. Time: 8649.3187 us. Best GFLOPs: 311.9791
2024-04-29 17:10:40 [INFO] [task_scheduler.cc:131] [Task #68: fused_nn_contrib_conv2d_NCHWc_add_nn_relu_67] Trial #55: GFLOPs: 1.3760. Time: 23373.3526 us. Best GFLOPs: 311.9791
2024-04-29 17:10:40 [INFO] [task_scheduler.cc:131] [Task #68: fused_nn_contrib_conv2d_NCHWc_add_nn_relu_67] Trial #56: GFLOPs: 10.3580. Time: 3105.1173 us. Best GFLOPs: 311.9791
2024-04-29 17:10:40 [INFO] [task_scheduler.cc:131] [Task #68: fused_nn_contrib_conv2d_NCHWc_add_nn_relu_67] Trial #57: GFLOPs: 62.2282. Time: 516.8524 us. Best GFLOPs: 311.9791
2024-04-29 17:10:40 [INFO] [task_scheduler.cc:131] [Task #68: fused_nn_contrib_conv2d_NCHWc_add_nn_relu_67] Trial #58: GFLOPs: 71.0245. Time: 452.8415 us. Best GFLOPs: 311.9791
2024-04-29 17:10:40 [INFO] [task_scheduler.cc:131] [Task #68: fused_nn_contrib_conv2d_NCHWc_add_nn_relu_67] Trial #59: GFLOPs: 9.4864. Time: 3390.4092 us. Best GFLOPs: 311.9791
2024-04-29 17:10:40 [INFO] [task_scheduler.cc:131] [Task #68: fused_nn_contrib_conv2d_NCHWc_add_nn_relu_67] Trial #60: GFLOPs: 19.3772. Time: 1659.8240 us. Best GFLOPs: 311.9791
2024-04-29 17:10:40 [INFO] [task_scheduler.cc:131] [Task #68: fused_nn_contrib_conv2d_NCHWc_add_nn_relu_67] Trial #61: GFLOPs: 13.1731. Time: 2441.5591 us. Best GFLOPs: 311.9791
2024-04-29 17:10:40 [INFO] [task_scheduler.cc:131] [Task #68: fused_nn_contrib_conv2d_NCHWc_add_nn_relu_67] Trial #62: GFLOPs: 59.3721. Time: 541.7158 us. Best GFLOPs: 311.9791
2024-04-29 17:10:40 [INFO] [task_scheduler.cc:131] [Task #68: fused_nn_contrib_conv2d_NCHWc_add_nn_relu_67] Trial #63: GFLOPs: 34.4560. Time: 933.4461 us. Best GFLOPs: 311.9791
2024-04-29 17:10:40 [INFO] [task_scheduler.cc:131] [Task #68: fused_nn_contrib_conv2d_NCHWc_add_nn_relu_67] Trial #64: GFLOPs: 15.9599. Time: 2015.2326 us. Best GFLOPs: 311.9791
