2024-04-29 14:05:44 [INFO] [task_scheduler.cc:160] Initializing Task #74: "fused_nn_contrib_conv2d_NCHWc_add_nn_relu_73"
2024-04-29 14:05:44 [INFO] [task_scheduler.cc:35] 
# from tvm.script import ir as I
# from tvm.script import tir as T

@I.ir_module
class Module:
    @T.prim_func
    def main(p0: T.Buffer((T.int64(1), T.int64(112), T.int64(14), T.int64(14), T.int64(4)), "float32"), p1: T.Buffer((T.int64(32), T.int64(112), T.int64(1), T.int64(1), T.int64(4), T.int64(4)), "float32"), p2: T.Buffer((T.int64(1), T.int64(32), T.int64(1), T.int64(1), T.int64(4)), "float32"), T_relu: T.Buffer((T.int64(1), T.int64(32), T.int64(14), T.int64(14), T.int64(4)), "float32")):
        T.func_attr({"tir.noalias": T.bool(True)})
        # with T.block("root"):
        conv2d_NCHWc = T.alloc_buffer((T.int64(1), T.int64(32), T.int64(14), T.int64(14), T.int64(4)))
        T_add = T.alloc_buffer((T.int64(1), T.int64(32), T.int64(14), T.int64(14), T.int64(4)))
        for n, oc_chunk, oh, ow, oc_block, ic, kh, kw in T.grid(T.int64(1), T.int64(32), T.int64(14), T.int64(14), T.int64(4), T.int64(448), T.int64(1), T.int64(1)):
            with T.block("conv2d_NCHWc"):
                v_n, v_oc_chunk, v_oh, v_ow, v_oc_block, v_ic, v_kh, v_kw = T.axis.remap("SSSSSRRR", [n, oc_chunk, oh, ow, oc_block, ic, kh, kw])
                T.reads(p0[v_n, v_ic // T.int64(4), v_oh + v_kh, v_ow + v_kw, v_ic % T.int64(4)], p1[v_oc_chunk, v_ic // T.int64(4), v_kh, v_kw, v_ic % T.int64(4), v_oc_block])
                T.writes(conv2d_NCHWc[v_n, v_oc_chunk, v_oh, v_ow, v_oc_block])
                with T.init():
                    conv2d_NCHWc[v_n, v_oc_chunk, v_oh, v_ow, v_oc_block] = T.float32(0)
                conv2d_NCHWc[v_n, v_oc_chunk, v_oh, v_ow, v_oc_block] = conv2d_NCHWc[v_n, v_oc_chunk, v_oh, v_ow, v_oc_block] + p0[v_n, v_ic // T.int64(4), v_oh + v_kh, v_ow + v_kw, v_ic % T.int64(4)] * p1[v_oc_chunk, v_ic // T.int64(4), v_kh, v_kw, v_ic % T.int64(4), v_oc_block]
        for ax0, ax1, ax2, ax3, ax4 in T.grid(T.int64(1), T.int64(32), T.int64(14), T.int64(14), T.int64(4)):
            with T.block("T_add"):
                v_ax0, v_ax1, v_ax2, v_ax3, v_ax4 = T.axis.remap("SSSSS", [ax0, ax1, ax2, ax3, ax4])
                T.reads(conv2d_NCHWc[v_ax0, v_ax1, v_ax2, v_ax3, v_ax4], p2[v_ax0, v_ax1, T.int64(0), T.int64(0), v_ax4])
                T.writes(T_add[v_ax0, v_ax1, v_ax2, v_ax3, v_ax4])
                T_add[v_ax0, v_ax1, v_ax2, v_ax3, v_ax4] = conv2d_NCHWc[v_ax0, v_ax1, v_ax2, v_ax3, v_ax4] + p2[v_ax0, v_ax1, T.int64(0), T.int64(0), v_ax4]
        for ax0, ax1, ax2, ax3, ax4 in T.grid(T.int64(1), T.int64(32), T.int64(14), T.int64(14), T.int64(4)):
            with T.block("T_relu"):
                v_ax0, v_ax1, v_ax2, v_ax3, v_ax4 = T.axis.remap("SSSSS", [ax0, ax1, ax2, ax3, ax4])
                T.reads(T_add[v_ax0, v_ax1, v_ax2, v_ax3, v_ax4])
                T.writes(T_relu[v_ax0, v_ax1, v_ax2, v_ax3, v_ax4])
                T_relu[v_ax0, v_ax1, v_ax2, v_ax3, v_ax4] = T.max(T_add[v_ax0, v_ax1, v_ax2, v_ax3, v_ax4], T.float32(0))
2024-04-29 14:05:44 [INFO] [task_scheduler.cc:164] Total 3 design space(s) generated
2024-04-29 14:05:44 [INFO] [task_scheduler.cc:170] Design space #0:
# from tvm.script import ir as I
# from tvm.script import tir as T

@I.ir_module
class Module:
    @T.prim_func
    def main(p0: T.Buffer((T.int64(1), T.int64(112), T.int64(14), T.int64(14), T.int64(4)), "float32"), p1: T.Buffer((T.int64(32), T.int64(112), T.int64(1), T.int64(1), T.int64(4), T.int64(4)), "float32"), p2: T.Buffer((T.int64(1), T.int64(32), T.int64(1), T.int64(1), T.int64(4)), "float32"), T_relu: T.Buffer((T.int64(1), T.int64(32), T.int64(14), T.int64(14), T.int64(4)), "float32")):
        T.func_attr({"tir.noalias": T.bool(True)})
        with T.block("root"):
            T.reads()
            T.writes()
            T.block_attr({"meta_schedule.parallel": 768, "meta_schedule.unroll_explicit": 16, "meta_schedule.vectorize": 64})
            conv2d_NCHWc = T.alloc_buffer((T.int64(1), T.int64(32), T.int64(14), T.int64(14), T.int64(4)))
            for n_0, oc_chunk_0, oh_0, ow_0, oc_block_0, n_1, oc_chunk_1, oh_1, ow_1, oc_block_1, ic_0, kh_0, kw_0, n_2, oc_chunk_2, oh_2, ow_2, oc_block_2, ic_1, kh_1, kw_1, n_3, oc_chunk_3, oh_3, ow_3, oc_block_3 in T.grid(T.int64(1), T.int64(1), T.int64(1), T.int64(1), T.int64(1), T.int64(1), T.int64(4), T.int64(1), T.int64(7), T.int64(1), T.int64(7), T.int64(1), T.int64(1), T.int64(1), T.int64(8), T.int64(1), T.int64(1), T.int64(1), T.int64(64), T.int64(1), T.int64(1), T.int64(1), T.int64(1), T.int64(14), T.int64(2), T.int64(4)):
                with T.block("conv2d_NCHWc"):
                    v_n = T.axis.spatial(T.int64(1), n_0 + n_1 + n_2 + n_3)
                    v_oc_chunk = T.axis.spatial(T.int64(32), oc_chunk_0 * T.int64(32) + oc_chunk_1 * T.int64(8) + oc_chunk_2 + oc_chunk_3)
                    v_oh = T.axis.spatial(T.int64(14), oh_0 * T.int64(14) + oh_1 * T.int64(14) + oh_2 * T.int64(14) + oh_3)
                    v_ow = T.axis.spatial(T.int64(14), ow_0 * T.int64(14) + ow_1 * T.int64(2) + ow_2 * T.int64(2) + ow_3)
                    v_oc_block = T.axis.spatial(T.int64(4), oc_block_0 * T.int64(4) + oc_block_1 * T.int64(4) + oc_block_2 * T.int64(4) + oc_block_3)
                    v_ic = T.axis.reduce(T.int64(448), ic_0 * T.int64(64) + ic_1)
                    v_kh = T.axis.reduce(T.int64(1), kh_0 + kh_1)
                    v_kw = T.axis.reduce(T.int64(1), kw_0 + kw_1)
                    T.reads(p0[v_n, v_ic // T.int64(4), v_oh + v_kh, v_ow + v_kw, v_ic % T.int64(4)], p1[v_oc_chunk, v_ic // T.int64(4), v_kh, v_kw, v_ic % T.int64(4), v_oc_block])
                    T.writes(conv2d_NCHWc[v_n, v_oc_chunk, v_oh, v_ow, v_oc_block])
                    T.block_attr({"meta_schedule.tiling_structure": "SSRSRS"})
                    with T.init():
                        conv2d_NCHWc[v_n, v_oc_chunk, v_oh, v_ow, v_oc_block] = T.float32(0)
                    conv2d_NCHWc[v_n, v_oc_chunk, v_oh, v_ow, v_oc_block] = conv2d_NCHWc[v_n, v_oc_chunk, v_oh, v_ow, v_oc_block] + p0[v_n, v_ic // T.int64(4), v_oh + v_kh, v_ow + v_kw, v_ic % T.int64(4)] * p1[v_oc_chunk, v_ic // T.int64(4), v_kh, v_kw, v_ic % T.int64(4), v_oc_block]
            for ax0, ax1, ax2, ax3, ax4 in T.grid(T.int64(1), T.int64(32), T.int64(14), T.int64(14), T.int64(4)):
                with T.block("T_relu"):
                    v_ax0, v_ax1, v_ax2, v_ax3, v_ax4 = T.axis.remap("SSSSS", [ax0, ax1, ax2, ax3, ax4])
                    T.reads(conv2d_NCHWc[v_ax0, v_ax1, v_ax2, v_ax3, v_ax4], p2[v_ax0, v_ax1, T.int64(0), T.int64(0), v_ax4])
                    T.writes(T_relu[v_ax0, v_ax1, v_ax2, v_ax3, v_ax4])
                    T_relu[v_ax0, v_ax1, v_ax2, v_ax3, v_ax4] = T.max(conv2d_NCHWc[v_ax0, v_ax1, v_ax2, v_ax3, v_ax4] + p2[v_ax0, v_ax1, T.int64(0), T.int64(0), v_ax4], T.float32(0))
b0 = sch.get_block(name="conv2d_NCHWc", func_name="main")
b1 = sch.get_block(name="T_add", func_name="main")
b2 = sch.get_block(name="root", func_name="main")
sch.compute_inline(block=b1)
sch.annotate(block_or_loop=b0, ann_key="meta_schedule.tiling_structure", ann_val="SSRSRS")
l3, l4, l5, l6, l7, l8, l9, l10 = sch.get_loops(block=b0)
v11, v12, v13, v14 = sch.sample_perfect_tile(loop=l3, n=4, max_innermost_factor=64, decision=[1, 1, 1, 1])
l15, l16, l17, l18 = sch.split(loop=l3, factors=[v11, v12, v13, v14], preserve_unit_iters=True)
v19, v20, v21, v22 = sch.sample_perfect_tile(loop=l4, n=4, max_innermost_factor=64, decision=[1, 4, 8, 1])
l23, l24, l25, l26 = sch.split(loop=l4, factors=[v19, v20, v21, v22], preserve_unit_iters=True)
v27, v28, v29, v30 = sch.sample_perfect_tile(loop=l5, n=4, max_innermost_factor=64, decision=[1, 1, 1, 14])
l31, l32, l33, l34 = sch.split(loop=l5, factors=[v27, v28, v29, v30], preserve_unit_iters=True)
v35, v36, v37, v38 = sch.sample_perfect_tile(loop=l6, n=4, max_innermost_factor=64, decision=[1, 7, 1, 2])
l39, l40, l41, l42 = sch.split(loop=l6, factors=[v35, v36, v37, v38], preserve_unit_iters=True)
v43, v44, v45, v46 = sch.sample_perfect_tile(loop=l7, n=4, max_innermost_factor=64, decision=[1, 1, 1, 4])
l47, l48, l49, l50 = sch.split(loop=l7, factors=[v43, v44, v45, v46], preserve_unit_iters=True)
v51, v52 = sch.sample_perfect_tile(loop=l8, n=2, max_innermost_factor=64, decision=[7, 64])
l53, l54 = sch.split(loop=l8, factors=[v51, v52], preserve_unit_iters=True)
v55, v56 = sch.sample_perfect_tile(loop=l9, n=2, max_innermost_factor=64, decision=[1, 1])
l57, l58 = sch.split(loop=l9, factors=[v55, v56], preserve_unit_iters=True)
v59, v60 = sch.sample_perfect_tile(loop=l10, n=2, max_innermost_factor=64, decision=[1, 1])
l61, l62 = sch.split(loop=l10, factors=[v59, v60], preserve_unit_iters=True)
sch.reorder(l15, l23, l31, l39, l47, l16, l24, l32, l40, l48, l53, l57, l61, l17, l25, l33, l41, l49, l54, l58, l62, l18, l26, l34, l42, l50)
sch.annotate(block_or_loop=b2, ann_key="meta_schedule.parallel", ann_val=768)
sch.annotate(block_or_loop=b2, ann_key="meta_schedule.vectorize", ann_val=64)
v63 = sch.sample_categorical(candidates=[0, 16, 64, 512], probs=[0.25, 0.25, 0.25, 0.25], decision=1)
sch.annotate(block_or_loop=b2, ann_key="meta_schedule.unroll_explicit", ann_val=v63)
2024-04-29 14:05:44 [INFO] [task_scheduler.cc:170] Design space #1:
# from tvm.script import ir as I
# from tvm.script import tir as T

@I.ir_module
class Module:
    @T.prim_func
    def main(p0: T.Buffer((T.int64(1), T.int64(112), T.int64(14), T.int64(14), T.int64(4)), "float32"), p1: T.Buffer((T.int64(32), T.int64(112), T.int64(1), T.int64(1), T.int64(4), T.int64(4)), "float32"), p2: T.Buffer((T.int64(1), T.int64(32), T.int64(1), T.int64(1), T.int64(4)), "float32"), T_relu: T.Buffer((T.int64(1), T.int64(32), T.int64(14), T.int64(14), T.int64(4)), "float32")):
        T.func_attr({"tir.noalias": T.bool(True)})
        with T.block("root"):
            T.reads()
            T.writes()
            T.block_attr({"meta_schedule.parallel": 768, "meta_schedule.unroll_explicit": 0, "meta_schedule.vectorize": 64})
            conv2d_NCHWc = T.alloc_buffer((T.int64(1), T.int64(32), T.int64(14), T.int64(14), T.int64(4)))
            for n_0, oc_chunk_0, oh_0, ow_0, oc_block_0, n_1, oc_chunk_1, oh_1, ow_1, oc_block_1 in T.grid(T.int64(1), T.int64(1), T.int64(1), T.int64(1), T.int64(1), T.int64(1), T.int64(4), T.int64(1), T.int64(7), T.int64(1)):
                for ic_0, kh_0, kw_0, n_2, oc_chunk_2, oh_2, ow_2, oc_block_2, ic_1, kh_1, kw_1, n_3, oc_chunk_3, oh_3, ow_3, oc_block_3 in T.grid(T.int64(7), T.int64(1), T.int64(1), T.int64(1), T.int64(8), T.int64(1), T.int64(1), T.int64(1), T.int64(64), T.int64(1), T.int64(1), T.int64(1), T.int64(1), T.int64(14), T.int64(2), T.int64(4)):
                    with T.block("conv2d_NCHWc"):
                        v_n = T.axis.spatial(T.int64(1), n_0 + n_1 + n_2 + n_3)
                        v_oc_chunk = T.axis.spatial(T.int64(32), oc_chunk_0 * T.int64(32) + oc_chunk_1 * T.int64(8) + oc_chunk_2 + oc_chunk_3)
                        v_oh = T.axis.spatial(T.int64(14), oh_0 * T.int64(14) + oh_1 * T.int64(14) + oh_2 * T.int64(14) + oh_3)
                        v_ow = T.axis.spatial(T.int64(14), ow_0 * T.int64(14) + ow_1 * T.int64(2) + ow_2 * T.int64(2) + ow_3)
                        v_oc_block = T.axis.spatial(T.int64(4), oc_block_0 * T.int64(4) + oc_block_1 * T.int64(4) + oc_block_2 * T.int64(4) + oc_block_3)
                        v_ic = T.axis.reduce(T.int64(448), ic_0 * T.int64(64) + ic_1)
                        v_kh = T.axis.reduce(T.int64(1), kh_0 + kh_1)
                        v_kw = T.axis.reduce(T.int64(1), kw_0 + kw_1)
                        T.reads(p0[v_n, v_ic // T.int64(4), v_oh + v_kh, v_ow + v_kw, v_ic % T.int64(4)], p1[v_oc_chunk, v_ic // T.int64(4), v_kh, v_kw, v_ic % T.int64(4), v_oc_block])
                        T.writes(conv2d_NCHWc[v_n, v_oc_chunk, v_oh, v_ow, v_oc_block])
                        T.block_attr({"meta_schedule.tiling_structure": "SSRSRS"})
                        with T.init():
                            conv2d_NCHWc[v_n, v_oc_chunk, v_oh, v_ow, v_oc_block] = T.float32(0)
                        conv2d_NCHWc[v_n, v_oc_chunk, v_oh, v_ow, v_oc_block] = conv2d_NCHWc[v_n, v_oc_chunk, v_oh, v_ow, v_oc_block] + p0[v_n, v_ic // T.int64(4), v_oh + v_kh, v_ow + v_kw, v_ic % T.int64(4)] * p1[v_oc_chunk, v_ic // T.int64(4), v_kh, v_kw, v_ic % T.int64(4), v_oc_block]
                for ax0, ax1, ax2, ax3, ax4 in T.grid(T.int64(1), T.int64(8), T.int64(14), T.int64(2), T.int64(4)):
                    with T.block("T_relu"):
                        v_ax0 = T.axis.spatial(T.int64(1), ax0)
                        v_ax1 = T.axis.spatial(T.int64(32), oc_chunk_1 * T.int64(8) + ax1)
                        v_ax2 = T.axis.spatial(T.int64(14), ax2)
                        v_ax3 = T.axis.spatial(T.int64(14), ow_1 * T.int64(2) + ax3)
                        v_ax4 = T.axis.spatial(T.int64(4), ax4)
                        T.reads(conv2d_NCHWc[v_ax0, v_ax1, v_ax2, v_ax3, v_ax4], p2[v_ax0, v_ax1, T.int64(0), T.int64(0), v_ax4])
                        T.writes(T_relu[v_ax0, v_ax1, v_ax2, v_ax3, v_ax4])
                        T_relu[v_ax0, v_ax1, v_ax2, v_ax3, v_ax4] = T.max(conv2d_NCHWc[v_ax0, v_ax1, v_ax2, v_ax3, v_ax4] + p2[v_ax0, v_ax1, T.int64(0), T.int64(0), v_ax4], T.float32(0))
b0 = sch.get_block(name="conv2d_NCHWc", func_name="main")
b1 = sch.get_block(name="T_add", func_name="main")
b2 = sch.get_block(name="root", func_name="main")
sch.compute_inline(block=b1)
sch.annotate(block_or_loop=b0, ann_key="meta_schedule.tiling_structure", ann_val="SSRSRS")
l3, l4, l5, l6, l7, l8, l9, l10 = sch.get_loops(block=b0)
v11, v12, v13, v14 = sch.sample_perfect_tile(loop=l3, n=4, max_innermost_factor=64, decision=[1, 1, 1, 1])
l15, l16, l17, l18 = sch.split(loop=l3, factors=[v11, v12, v13, v14], preserve_unit_iters=True)
v19, v20, v21, v22 = sch.sample_perfect_tile(loop=l4, n=4, max_innermost_factor=64, decision=[1, 4, 8, 1])
l23, l24, l25, l26 = sch.split(loop=l4, factors=[v19, v20, v21, v22], preserve_unit_iters=True)
v27, v28, v29, v30 = sch.sample_perfect_tile(loop=l5, n=4, max_innermost_factor=64, decision=[1, 1, 1, 14])
l31, l32, l33, l34 = sch.split(loop=l5, factors=[v27, v28, v29, v30], preserve_unit_iters=True)
v35, v36, v37, v38 = sch.sample_perfect_tile(loop=l6, n=4, max_innermost_factor=64, decision=[1, 7, 1, 2])
l39, l40, l41, l42 = sch.split(loop=l6, factors=[v35, v36, v37, v38], preserve_unit_iters=True)
v43, v44, v45, v46 = sch.sample_perfect_tile(loop=l7, n=4, max_innermost_factor=64, decision=[1, 1, 1, 4])
l47, l48, l49, l50 = sch.split(loop=l7, factors=[v43, v44, v45, v46], preserve_unit_iters=True)
v51, v52 = sch.sample_perfect_tile(loop=l8, n=2, max_innermost_factor=64, decision=[7, 64])
l53, l54 = sch.split(loop=l8, factors=[v51, v52], preserve_unit_iters=True)
v55, v56 = sch.sample_perfect_tile(loop=l9, n=2, max_innermost_factor=64, decision=[1, 1])
l57, l58 = sch.split(loop=l9, factors=[v55, v56], preserve_unit_iters=True)
v59, v60 = sch.sample_perfect_tile(loop=l10, n=2, max_innermost_factor=64, decision=[1, 1])
l61, l62 = sch.split(loop=l10, factors=[v59, v60], preserve_unit_iters=True)
sch.reorder(l15, l23, l31, l39, l47, l16, l24, l32, l40, l48, l53, l57, l61, l17, l25, l33, l41, l49, l54, l58, l62, l18, l26, l34, l42, l50)
b63, = sch.get_consumers(block=b0)
sch.reverse_compute_at(block=b63, loop=l48, preserve_unit_loops=True, index=-1)
sch.annotate(block_or_loop=b2, ann_key="meta_schedule.parallel", ann_val=768)
sch.annotate(block_or_loop=b2, ann_key="meta_schedule.vectorize", ann_val=64)
v64 = sch.sample_categorical(candidates=[0, 16, 64, 512], probs=[0.25, 0.25, 0.25, 0.25], decision=0)
sch.annotate(block_or_loop=b2, ann_key="meta_schedule.unroll_explicit", ann_val=v64)
2024-04-29 14:05:44 [INFO] [task_scheduler.cc:170] Design space #2:
# from tvm.script import ir as I
# from tvm.script import tir as T

@I.ir_module
class Module:
    @T.prim_func
    def main(p0: T.Buffer((T.int64(1), T.int64(112), T.int64(14), T.int64(14), T.int64(4)), "float32"), p1: T.Buffer((T.int64(32), T.int64(112), T.int64(1), T.int64(1), T.int64(4), T.int64(4)), "float32"), p2: T.Buffer((T.int64(1), T.int64(32), T.int64(1), T.int64(1), T.int64(4)), "float32"), T_relu: T.Buffer((T.int64(1), T.int64(32), T.int64(14), T.int64(14), T.int64(4)), "float32")):
        T.func_attr({"tir.noalias": T.bool(True)})
        with T.block("root"):
            T.reads()
            T.writes()
            T.block_attr({"meta_schedule.parallel": 768, "meta_schedule.unroll_explicit": 64, "meta_schedule.vectorize": 64})
            conv2d_NCHWc = T.alloc_buffer((T.int64(1), T.int64(32), T.int64(14), T.int64(14), T.int64(4)))
            for n_0, oc_chunk_0, oh_0, ow_0, oc_block_0 in T.grid(T.int64(1), T.int64(1), T.int64(1), T.int64(1), T.int64(1)):
                for n_1, oc_chunk_1, oh_1, ow_1, oc_block_1, ic_0, kh_0, kw_0, n_2, oc_chunk_2, oh_2, ow_2, oc_block_2, ic_1, kh_1, kw_1, n_3, oc_chunk_3, oh_3, ow_3, oc_block_3 in T.grid(T.int64(1), T.int64(4), T.int64(1), T.int64(7), T.int64(1), T.int64(7), T.int64(1), T.int64(1), T.int64(1), T.int64(8), T.int64(1), T.int64(1), T.int64(1), T.int64(64), T.int64(1), T.int64(1), T.int64(1), T.int64(1), T.int64(14), T.int64(2), T.int64(4)):
                    with T.block("conv2d_NCHWc"):
                        v_n = T.axis.spatial(T.int64(1), n_0 + n_1 + n_2 + n_3)
                        v_oc_chunk = T.axis.spatial(T.int64(32), oc_chunk_0 * T.int64(32) + oc_chunk_1 * T.int64(8) + oc_chunk_2 + oc_chunk_3)
                        v_oh = T.axis.spatial(T.int64(14), oh_0 * T.int64(14) + oh_1 * T.int64(14) + oh_2 * T.int64(14) + oh_3)
                        v_ow = T.axis.spatial(T.int64(14), ow_0 * T.int64(14) + ow_1 * T.int64(2) + ow_2 * T.int64(2) + ow_3)
                        v_oc_block = T.axis.spatial(T.int64(4), oc_block_0 * T.int64(4) + oc_block_1 * T.int64(4) + oc_block_2 * T.int64(4) + oc_block_3)
                        v_ic = T.axis.reduce(T.int64(448), ic_0 * T.int64(64) + ic_1)
                        v_kh = T.axis.reduce(T.int64(1), kh_0 + kh_1)
                        v_kw = T.axis.reduce(T.int64(1), kw_0 + kw_1)
                        T.reads(p0[v_n, v_ic // T.int64(4), v_oh + v_kh, v_ow + v_kw, v_ic % T.int64(4)], p1[v_oc_chunk, v_ic // T.int64(4), v_kh, v_kw, v_ic % T.int64(4), v_oc_block])
                        T.writes(conv2d_NCHWc[v_n, v_oc_chunk, v_oh, v_ow, v_oc_block])
                        T.block_attr({"meta_schedule.tiling_structure": "SSRSRS"})
                        with T.init():
                            conv2d_NCHWc[v_n, v_oc_chunk, v_oh, v_ow, v_oc_block] = T.float32(0)
                        conv2d_NCHWc[v_n, v_oc_chunk, v_oh, v_ow, v_oc_block] = conv2d_NCHWc[v_n, v_oc_chunk, v_oh, v_ow, v_oc_block] + p0[v_n, v_ic // T.int64(4), v_oh + v_kh, v_ow + v_kw, v_ic % T.int64(4)] * p1[v_oc_chunk, v_ic // T.int64(4), v_kh, v_kw, v_ic % T.int64(4), v_oc_block]
                for ax0, ax1, ax2, ax3, ax4 in T.grid(T.int64(1), T.int64(32), T.int64(14), T.int64(14), T.int64(4)):
                    with T.block("T_relu"):
                        v_ax0, v_ax1, v_ax2, v_ax3, v_ax4 = T.axis.remap("SSSSS", [ax0, ax1, ax2, ax3, ax4])
                        T.reads(conv2d_NCHWc[v_ax0, v_ax1, v_ax2, v_ax3, v_ax4], p2[v_ax0, v_ax1, T.int64(0), T.int64(0), v_ax4])
                        T.writes(T_relu[v_ax0, v_ax1, v_ax2, v_ax3, v_ax4])
                        T_relu[v_ax0, v_ax1, v_ax2, v_ax3, v_ax4] = T.max(conv2d_NCHWc[v_ax0, v_ax1, v_ax2, v_ax3, v_ax4] + p2[v_ax0, v_ax1, T.int64(0), T.int64(0), v_ax4], T.float32(0))
b0 = sch.get_block(name="conv2d_NCHWc", func_name="main")
b1 = sch.get_block(name="T_add", func_name="main")
b2 = sch.get_block(name="root", func_name="main")
sch.compute_inline(block=b1)
sch.annotate(block_or_loop=b0, ann_key="meta_schedule.tiling_structure", ann_val="SSRSRS")
l3, l4, l5, l6, l7, l8, l9, l10 = sch.get_loops(block=b0)
v11, v12, v13, v14 = sch.sample_perfect_tile(loop=l3, n=4, max_innermost_factor=64, decision=[1, 1, 1, 1])
l15, l16, l17, l18 = sch.split(loop=l3, factors=[v11, v12, v13, v14], preserve_unit_iters=True)
v19, v20, v21, v22 = sch.sample_perfect_tile(loop=l4, n=4, max_innermost_factor=64, decision=[1, 4, 8, 1])
l23, l24, l25, l26 = sch.split(loop=l4, factors=[v19, v20, v21, v22], preserve_unit_iters=True)
v27, v28, v29, v30 = sch.sample_perfect_tile(loop=l5, n=4, max_innermost_factor=64, decision=[1, 1, 1, 14])
l31, l32, l33, l34 = sch.split(loop=l5, factors=[v27, v28, v29, v30], preserve_unit_iters=True)
v35, v36, v37, v38 = sch.sample_perfect_tile(loop=l6, n=4, max_innermost_factor=64, decision=[1, 7, 1, 2])
l39, l40, l41, l42 = sch.split(loop=l6, factors=[v35, v36, v37, v38], preserve_unit_iters=True)
v43, v44, v45, v46 = sch.sample_perfect_tile(loop=l7, n=4, max_innermost_factor=64, decision=[1, 1, 1, 4])
l47, l48, l49, l50 = sch.split(loop=l7, factors=[v43, v44, v45, v46], preserve_unit_iters=True)
v51, v52 = sch.sample_perfect_tile(loop=l8, n=2, max_innermost_factor=64, decision=[7, 64])
l53, l54 = sch.split(loop=l8, factors=[v51, v52], preserve_unit_iters=True)
v55, v56 = sch.sample_perfect_tile(loop=l9, n=2, max_innermost_factor=64, decision=[1, 1])
l57, l58 = sch.split(loop=l9, factors=[v55, v56], preserve_unit_iters=True)
v59, v60 = sch.sample_perfect_tile(loop=l10, n=2, max_innermost_factor=64, decision=[1, 1])
l61, l62 = sch.split(loop=l10, factors=[v59, v60], preserve_unit_iters=True)
sch.reorder(l15, l23, l31, l39, l47, l16, l24, l32, l40, l48, l53, l57, l61, l17, l25, l33, l41, l49, l54, l58, l62, l18, l26, l34, l42, l50)
b63, = sch.get_consumers(block=b0)
sch.reverse_compute_at(block=b63, loop=l47, preserve_unit_loops=True, index=-1)
sch.annotate(block_or_loop=b2, ann_key="meta_schedule.parallel", ann_val=768)
sch.annotate(block_or_loop=b2, ann_key="meta_schedule.vectorize", ann_val=64)
v64 = sch.sample_categorical(candidates=[0, 16, 64, 512], probs=[0.25, 0.25, 0.25, 0.25], decision=2)
sch.annotate(block_or_loop=b2, ann_key="meta_schedule.unroll_explicit", ann_val=v64)
2024-04-29 16:01:28 [INFO] [evolutionary_search.cc:713] Generating candidates......
2024-04-29 16:01:28 [INFO] [evolutionary_search.cc:715] Picked top 0 candidate(s) from database
2024-04-29 16:01:31 [INFO] [evolutionary_search.cc:533] Sample-Init-Population summary:
Postproc #0 [meta_schedule.DisallowDynamicLoop(0xcfdfa48)]: 0 failure(s)
Postproc #1 [meta_schedule.RewriteParallelVectorizeUnroll(0xb857a28)]: 0 failure(s)
Postproc #2 [meta_schedule.RewriteReductionBlock(0xb51ce48)]: 0 failure(s)
Postproc #3 [meta_schedule.RewriteLayout(0xa6e7b58)]: 0 failure(s)
2024-04-29 16:01:31 [INFO] [evolutionary_search.cc:723] Sampled 512 candidate(s)
2024-04-29 16:01:34 [INFO] [evolutionary_search.cc:621] Evolve iter #0 done. Summary:
Postproc #0 [meta_schedule.DisallowDynamicLoop(0xcfdfa48)]: 0 failure(s)
Postproc #1 [meta_schedule.RewriteParallelVectorizeUnroll(0xb857a28)]: 0 failure(s)
Postproc #2 [meta_schedule.RewriteReductionBlock(0xb51ce48)]: 0 failure(s)
Postproc #3 [meta_schedule.RewriteLayout(0xa6e7b58)]: 0 failure(s)
2024-04-29 16:01:37 [INFO] [evolutionary_search.cc:621] Evolve iter #1 done. Summary:
Postproc #0 [meta_schedule.DisallowDynamicLoop(0xcfdfa48)]: 0 failure(s)
Postproc #1 [meta_schedule.RewriteParallelVectorizeUnroll(0xb857a28)]: 0 failure(s)
Postproc #2 [meta_schedule.RewriteReductionBlock(0xb51ce48)]: 0 failure(s)
Postproc #3 [meta_schedule.RewriteLayout(0xa6e7b58)]: 0 failure(s)
2024-04-29 16:01:40 [INFO] [evolutionary_search.cc:621] Evolve iter #2 done. Summary:
Postproc #0 [meta_schedule.DisallowDynamicLoop(0xcfdfa48)]: 0 failure(s)
Postproc #1 [meta_schedule.RewriteParallelVectorizeUnroll(0xb857a28)]: 0 failure(s)
Postproc #2 [meta_schedule.RewriteReductionBlock(0xb51ce48)]: 0 failure(s)
Postproc #3 [meta_schedule.RewriteLayout(0xa6e7b58)]: 0 failure(s)
2024-04-29 16:01:43 [INFO] [evolutionary_search.cc:621] Evolve iter #3 done. Summary:
Postproc #0 [meta_schedule.DisallowDynamicLoop(0xcfdfa48)]: 0 failure(s)
Postproc #1 [meta_schedule.RewriteParallelVectorizeUnroll(0xb857a28)]: 0 failure(s)
Postproc #2 [meta_schedule.RewriteReductionBlock(0xb51ce48)]: 0 failure(s)
Postproc #3 [meta_schedule.RewriteLayout(0xa6e7b58)]: 0 failure(s)
2024-04-29 16:01:44 [INFO] [evolutionary_search.cc:649] Scores of the best 64 candidates:
[1 : 16]:	0.9997  0.9996  0.9993  0.9991  0.9987  0.9986  0.9984  0.9983  0.9978  0.9972  0.9971  0.9970  0.9961  0.9958  0.9954  0.9951
[17 : 32]:	0.9947  0.9939  0.9931  0.9929  0.9927  0.9924  0.9924  0.9923  0.9919  0.9916  0.9900  0.9881  0.9870  0.9863  0.9837  0.9836
[33 : 48]:	0.9831  0.9829  0.9823  0.9823  0.9821  0.9812  0.9805  0.9803  0.9801  0.9791  0.9787  0.9768  0.9765  0.9755  0.9752  0.9749
[49 : 64]:	0.9744  0.9743  0.9741  0.9741  0.9735  0.9733  0.9731  0.9726  0.9724  0.9717  0.9698  0.9684  0.9678  0.9675  0.9670  0.9664
2024-04-29 16:01:44 [INFO] [evolutionary_search.cc:727] Got 64 candidate(s) with evolutionary search
2024-04-29 16:01:44 [INFO] [evolutionary_search.cc:730] Sending 64 candidates(s) for measurement
2024-04-29 17:11:29 [INFO] [task_scheduler.cc:131] [Task #74: fused_nn_contrib_conv2d_NCHWc_add_nn_relu_73] Trial #1: GFLOPs: 24.6327. Time: 914.5975 us. Best GFLOPs: 24.6327
2024-04-29 17:11:29 [INFO] [task_scheduler.cc:131] [Task #74: fused_nn_contrib_conv2d_NCHWc_add_nn_relu_73] Trial #2: GFLOPs: 53.8119. Time: 418.6624 us. Best GFLOPs: 53.8119
2024-04-29 17:11:29 [INFO] [task_scheduler.cc:131] [Task #74: fused_nn_contrib_conv2d_NCHWc_add_nn_relu_73] Trial #3: GFLOPs: 43.9104. Time: 513.0684 us. Best GFLOPs: 53.8119
2024-04-29 17:11:29 [INFO] [task_scheduler.cc:131] [Task #74: fused_nn_contrib_conv2d_NCHWc_add_nn_relu_73] Trial #4: GFLOPs: 11.5181. Time: 1955.9609 us. Best GFLOPs: 53.8119
2024-04-29 17:11:29 [INFO] [task_scheduler.cc:131] [Task #74: fused_nn_contrib_conv2d_NCHWc_add_nn_relu_73] Trial #5: GFLOPs: 15.0572. Time: 1496.2339 us. Best GFLOPs: 53.8119
2024-04-29 17:11:29 [INFO] [task_scheduler.cc:131] [Task #74: fused_nn_contrib_conv2d_NCHWc_add_nn_relu_73] Trial #6: GFLOPs: 69.6495. Time: 323.4629 us. Best GFLOPs: 69.6495
2024-04-29 17:11:29 [INFO] [task_scheduler.cc:131] [Task #74: fused_nn_contrib_conv2d_NCHWc_add_nn_relu_73] Trial #7: GFLOPs: 21.2252. Time: 1061.4295 us. Best GFLOPs: 69.6495
2024-04-29 17:11:29 [INFO] [task_scheduler.cc:131] [Task #74: fused_nn_contrib_conv2d_NCHWc_add_nn_relu_73] Trial #8: GFLOPs: 67.5267. Time: 333.6313 us. Best GFLOPs: 69.6495
2024-04-29 17:11:29 [INFO] [task_scheduler.cc:131] [Task #74: fused_nn_contrib_conv2d_NCHWc_add_nn_relu_73] Trial #9: GFLOPs: 4.6255. Time: 4870.6648 us. Best GFLOPs: 69.6495
2024-04-29 17:11:29 [INFO] [task_scheduler.cc:131] [Task #74: fused_nn_contrib_conv2d_NCHWc_add_nn_relu_73] Trial #10: GFLOPs: 54.5773. Time: 412.7910 us. Best GFLOPs: 69.6495
2024-04-29 17:11:29 [INFO] [task_scheduler.cc:131] [Task #74: fused_nn_contrib_conv2d_NCHWc_add_nn_relu_73] Trial #11: GFLOPs: 8.9712. Time: 2511.2586 us. Best GFLOPs: 69.6495
2024-04-29 17:11:29 [INFO] [task_scheduler.cc:131] [Task #74: fused_nn_contrib_conv2d_NCHWc_add_nn_relu_73] Trial #12: GFLOPs: 88.5765. Time: 254.3454 us. Best GFLOPs: 88.5765
2024-04-29 17:11:29 [INFO] [task_scheduler.cc:131] [Task #74: fused_nn_contrib_conv2d_NCHWc_add_nn_relu_73] Trial #13: GFLOPs: 36.1279. Time: 623.5911 us. Best GFLOPs: 88.5765
2024-04-29 17:11:29 [INFO] [task_scheduler.cc:131] [Task #74: fused_nn_contrib_conv2d_NCHWc_add_nn_relu_73] Trial #14: GFLOPs: 58.1994. Time: 387.1004 us. Best GFLOPs: 88.5765
2024-04-29 17:11:29 [INFO] [task_scheduler.cc:131] [Task #74: fused_nn_contrib_conv2d_NCHWc_add_nn_relu_73] Trial #15: GFLOPs: 90.1326. Time: 249.9543 us. Best GFLOPs: 90.1326
2024-04-29 17:11:29 [INFO] [task_scheduler.cc:131] [Task #74: fused_nn_contrib_conv2d_NCHWc_add_nn_relu_73] Trial #16: GFLOPs: 9.2051. Time: 2447.4567 us. Best GFLOPs: 90.1326
2024-04-29 17:11:30 [INFO] [task_scheduler.cc:131] [Task #74: fused_nn_contrib_conv2d_NCHWc_add_nn_relu_73] Trial #17: GFLOPs: 1.7269. Time: 13045.6488 us. Best GFLOPs: 90.1326
2024-04-29 17:11:30 [INFO] [task_scheduler.cc:131] [Task #74: fused_nn_contrib_conv2d_NCHWc_add_nn_relu_73] Trial #18: GFLOPs: 67.2860. Time: 334.8250 us. Best GFLOPs: 90.1326
2024-04-29 17:11:30 [INFO] [task_scheduler.cc:131] [Task #74: fused_nn_contrib_conv2d_NCHWc_add_nn_relu_73] Trial #19: GFLOPs: 30.5271. Time: 738.0018 us. Best GFLOPs: 90.1326
2024-04-29 17:11:30 [INFO] [task_scheduler.cc:131] [Task #74: fused_nn_contrib_conv2d_NCHWc_add_nn_relu_73] Trial #20: GFLOPs: 0.3676. Time: 61292.4100 us. Best GFLOPs: 90.1326
2024-04-29 17:11:30 [INFO] [task_scheduler.cc:131] [Task #74: fused_nn_contrib_conv2d_NCHWc_add_nn_relu_73] Trial #21: GFLOPs: 158.2253. Time: 142.3857 us. Best GFLOPs: 158.2253
2024-04-29 17:11:30 [INFO] [task_scheduler.cc:131] [Task #74: fused_nn_contrib_conv2d_NCHWc_add_nn_relu_73] Trial #22: GFLOPs: 59.2864. Time: 380.0031 us. Best GFLOPs: 158.2253
2024-04-29 17:11:30 [INFO] [task_scheduler.cc:131] [Task #74: fused_nn_contrib_conv2d_NCHWc_add_nn_relu_73] Trial #23: GFLOPs: 75.4057. Time: 298.7708 us. Best GFLOPs: 158.2253
2024-04-29 17:11:30 [INFO] [task_scheduler.cc:131] [Task #74: fused_nn_contrib_conv2d_NCHWc_add_nn_relu_73] Trial #24: GFLOPs: 68.5501. Time: 328.6506 us. Best GFLOPs: 158.2253
2024-04-29 17:11:30 [INFO] [task_scheduler.cc:131] [Task #74: fused_nn_contrib_conv2d_NCHWc_add_nn_relu_73] Trial #25: GFLOPs: 9.8566. Time: 2285.6678 us. Best GFLOPs: 158.2253
2024-04-29 17:11:30 [INFO] [task_scheduler.cc:131] [Task #74: fused_nn_contrib_conv2d_NCHWc_add_nn_relu_73] Trial #26: GFLOPs: 55.7417. Time: 404.1680 us. Best GFLOPs: 158.2253
2024-04-29 17:11:30 [INFO] [task_scheduler.cc:131] [Task #74: fused_nn_contrib_conv2d_NCHWc_add_nn_relu_73] Trial #27: GFLOPs: 78.6982. Time: 286.2711 us. Best GFLOPs: 158.2253
2024-04-29 17:11:30 [INFO] [task_scheduler.cc:131] [Task #74: fused_nn_contrib_conv2d_NCHWc_add_nn_relu_73] Trial #28: GFLOPs: 82.3529. Time: 273.5667 us. Best GFLOPs: 158.2253
2024-04-29 17:11:30 [INFO] [task_scheduler.cc:121] [Task #74: fused_nn_contrib_conv2d_NCHWc_add_nn_relu_73] Trial #29: Error in building:
LocalBuilder: Timeout, killed after 30.0 seconds
# from tvm.script import ir as I
# from tvm.script import tir as T

@I.ir_module
class Module:
    @T.prim_func
    def main(p0: T.Buffer((T.int64(1), T.int64(112), T.int64(14), T.int64(14), T.int64(4)), "float32"), p1: T.Buffer((T.int64(32), T.int64(112), T.int64(1), T.int64(1), T.int64(4), T.int64(4)), "float32"), p2: T.Buffer((T.int64(1), T.int64(32), T.int64(1), T.int64(1), T.int64(4)), "float32"), T_relu: T.Buffer((T.int64(1), T.int64(32), T.int64(14), T.int64(14), T.int64(4)), "float32")):
        T.func_attr({"tir.noalias": T.bool(True)})
        # with T.block("root"):
        conv2d_NCHWc = T.alloc_buffer((T.int64(1), T.int64(32), T.int64(14), T.int64(14), T.int64(4)))
        for n_0_oc_chunk_0_oh_0_ow_0_oc_block_0_fused in T.parallel(T.int64(2), annotations={"pragma_auto_unroll_max_step": 512, "pragma_unroll_explicit": 1}):
            for n_1, oc_chunk_1, oh_1, ow_1, oc_block_1 in T.grid(T.int64(1), T.int64(2), T.int64(7), T.int64(2), T.int64(1)):
                for n_2_init, oc_chunk_2_init, oh_2_init, ow_2_init, oc_block_2_init, n_3_init, oc_chunk_3_init, oh_3_init, ow_3_init, oc_block_3_init in T.grid(T.int64(1), T.int64(2), T.int64(2), T.int64(7), T.int64(4), T.int64(1), T.int64(4), T.int64(1), T.int64(1), T.int64(1)):
                    with T.block("conv2d_NCHWc_init"):
                        v_n = T.axis.spatial(T.int64(1), n_1 + n_2_init + n_3_init)
                        v_oc_chunk = T.axis.spatial(T.int64(32), n_0_oc_chunk_0_oh_0_ow_0_oc_block_0_fused * T.int64(16) + oc_chunk_1 * T.int64(8) + oc_chunk_2_init * T.int64(4) + oc_chunk_3_init)
                        v_oh = T.axis.spatial(T.int64(14), oh_1 * T.int64(2) + oh_2_init + oh_3_init)
                        v_ow = T.axis.spatial(T.int64(14), ow_1 * T.int64(7) + ow_2_init + ow_3_init)
                        v_oc_block = T.axis.spatial(T.int64(4), oc_block_1 * T.int64(4) + oc_block_2_init + oc_block_3_init)
                        T.reads()
                        T.writes(conv2d_NCHWc[v_n, v_oc_chunk, v_oh, v_ow, v_oc_block])
                        T.block_attr({"meta_schedule.tiling_structure": "SSRSRS"})
                        conv2d_NCHWc[v_n, v_oc_chunk, v_oh, v_ow, v_oc_block] = T.float32(0)
                for ic_0, kh_0, kw_0, n_2, oc_chunk_2, oh_2, ow_2, oc_block_2, ic_1, kh_1, kw_1, n_3, oc_chunk_3, oh_3, ow_3, oc_block_3 in T.grid(T.int64(56), T.int64(1), T.int64(1), T.int64(1), T.int64(2), T.int64(2), T.int64(7), T.int64(4), T.int64(8), T.int64(1), T.int64(1), T.int64(1), T.int64(4), T.int64(1), T.int64(1), T.int64(1)):
                    with T.block("conv2d_NCHWc_update"):
                        v_n = T.axis.spatial(T.int64(1), n_1 + n_2 + n_3)
                        v_oc_chunk = T.axis.spatial(T.int64(32), n_0_oc_chunk_0_oh_0_ow_0_oc_block_0_fused * T.int64(16) + oc_chunk_1 * T.int64(8) + oc_chunk_2 * T.int64(4) + oc_chunk_3)
                        v_oh = T.axis.spatial(T.int64(14), oh_1 * T.int64(2) + oh_2 + oh_3)
                        v_ow = T.axis.spatial(T.int64(14), ow_1 * T.int64(7) + ow_2 + ow_3)
                        v_oc_block = T.axis.spatial(T.int64(4), oc_block_1 * T.int64(4) + oc_block_2 + oc_block_3)
                        v_ic = T.axis.reduce(T.int64(448), ic_0 * T.int64(8) + ic_1)
                        v_kh = T.axis.reduce(T.int64(1), kh_0 + kh_1)
                        v_kw = T.axis.reduce(T.int64(1), kw_0 + kw_1)
                        T.reads(conv2d_NCHWc[v_n, v_oc_chunk, v_oh, v_ow, v_oc_block], p0[v_n, v_ic // T.int64(4), v_oh + v_kh, v_ow + v_kw, v_ic % T.int64(4)], p1[v_oc_chunk, v_ic // T.int64(4), v_kh, v_kw, v_ic % T.int64(4), v_oc_block])
                        T.writes(conv2d_NCHWc[v_n, v_oc_chunk, v_oh, v_ow, v_oc_block])
                        T.block_attr({"meta_schedule.tiling_structure": "SSRSRS"})
                        conv2d_NCHWc[v_n, v_oc_chunk, v_oh, v_ow, v_oc_block] = conv2d_NCHWc[v_n, v_oc_chunk, v_oh, v_ow, v_oc_block] + p0[v_n, v_ic // T.int64(4), v_oh + v_kh, v_ow + v_kw, v_ic % T.int64(4)] * p1[v_oc_chunk, v_ic // T.int64(4), v_kh, v_kw, v_ic % T.int64(4), v_oc_block]
            for ax0, ax1, ax2 in T.grid(T.int64(1), T.int64(16), T.int64(14)):
                for ax3_ax4_fused in T.vectorized(T.int64(56)):
                    with T.block("T_relu"):
                        v_ax0 = T.axis.spatial(T.int64(1), ax0)
                        v_ax1 = T.axis.spatial(T.int64(32), n_0_oc_chunk_0_oh_0_ow_0_oc_block_0_fused * T.int64(16) + ax1)
                        v_ax2 = T.axis.spatial(T.int64(14), ax2)
                        v_ax3 = T.axis.spatial(T.int64(14), ax3_ax4_fused // T.int64(4))
                        v_ax4 = T.axis.spatial(T.int64(4), ax3_ax4_fused % T.int64(4))
                        T.reads(conv2d_NCHWc[v_ax0, v_ax1, v_ax2, v_ax3, v_ax4], p2[v_ax0, v_ax1, T.int64(0), T.int64(0), v_ax4])
                        T.writes(T_relu[v_ax0, v_ax1, v_ax2, v_ax3, v_ax4])
                        T_relu[v_ax0, v_ax1, v_ax2, v_ax3, v_ax4] = T.max(conv2d_NCHWc[v_ax0, v_ax1, v_ax2, v_ax3, v_ax4] + p2[v_ax0, v_ax1, T.int64(0), T.int64(0), v_ax4], T.float32(0))
b0 = sch.get_block(name="conv2d_NCHWc", func_name="main")
b1 = sch.get_block(name="T_add", func_name="main")
b2 = sch.get_block(name="root", func_name="main")
sch.compute_inline(block=b1)
sch.annotate(block_or_loop=b0, ann_key="meta_schedule.tiling_structure", ann_val="SSRSRS")
l3, l4, l5, l6, l7, l8, l9, l10 = sch.get_loops(block=b0)
v11, v12, v13, v14 = sch.sample_perfect_tile(loop=l3, n=4, max_innermost_factor=64, decision=[1, 1, 1, 1])
l15, l16, l17, l18 = sch.split(loop=l3, factors=[v11, v12, v13, v14], preserve_unit_iters=True)
v19, v20, v21, v22 = sch.sample_perfect_tile(loop=l4, n=4, max_innermost_factor=64, decision=[2, 2, 2, 4])
l23, l24, l25, l26 = sch.split(loop=l4, factors=[v19, v20, v21, v22], preserve_unit_iters=True)
v27, v28, v29, v30 = sch.sample_perfect_tile(loop=l5, n=4, max_innermost_factor=64, decision=[1, 7, 2, 1])
l31, l32, l33, l34 = sch.split(loop=l5, factors=[v27, v28, v29, v30], preserve_unit_iters=True)
v35, v36, v37, v38 = sch.sample_perfect_tile(loop=l6, n=4, max_innermost_factor=64, decision=[1, 2, 7, 1])
l39, l40, l41, l42 = sch.split(loop=l6, factors=[v35, v36, v37, v38], preserve_unit_iters=True)
v43, v44, v45, v46 = sch.sample_perfect_tile(loop=l7, n=4, max_innermost_factor=64, decision=[1, 1, 4, 1])
l47, l48, l49, l50 = sch.split(loop=l7, factors=[v43, v44, v45, v46], preserve_unit_iters=True)
v51, v52 = sch.sample_perfect_tile(loop=l8, n=2, max_innermost_factor=64, decision=[56, 8])
l53, l54 = sch.split(loop=l8, factors=[v51, v52], preserve_unit_iters=True)
v55, v56 = sch.sample_perfect_tile(loop=l9, n=2, max_innermost_factor=64, decision=[1, 1])
l57, l58 = sch.split(loop=l9, factors=[v55, v56], preserve_unit_iters=True)
v59, v60 = sch.sample_perfect_tile(loop=l10, n=2, max_innermost_factor=64, decision=[1, 1])
l61, l62 = sch.split(loop=l10, factors=[v59, v60], preserve_unit_iters=True)
sch.reorder(l15, l23, l31, l39, l47, l16, l24, l32, l40, l48, l53, l57, l61, l17, l25, l33, l41, l49, l54, l58, l62, l18, l26, l34, l42, l50)
b63, = sch.get_consumers(block=b0)
sch.reverse_compute_at(block=b63, loop=l47, preserve_unit_loops=True, index=-1)
sch.annotate(block_or_loop=b2, ann_key="meta_schedule.parallel", ann_val=768)
sch.annotate(block_or_loop=b2, ann_key="meta_schedule.vectorize", ann_val=64)
v64 = sch.sample_categorical(candidates=[0, 16, 64, 512], probs=[0.25, 0.25, 0.25, 0.25], decision=3)
sch.annotate(block_or_loop=b2, ann_key="meta_schedule.unroll_explicit", ann_val=v64)
sch.enter_postproc()
b65 = sch.get_block(name="root", func_name="main")
sch.unannotate(block_or_loop=b65, ann_key="meta_schedule.parallel")
sch.unannotate(block_or_loop=b65, ann_key="meta_schedule.vectorize")
sch.unannotate(block_or_loop=b65, ann_key="meta_schedule.unroll_explicit")
b66, b67 = sch.get_child_blocks(b65)
l68, l69, l70, l71, l72, l73, l74, l75, l76, l77, l78, l79, l80, l81, l82, l83, l84, l85, l86, l87, l88, l89, l90, l91, l92, l93 = sch.get_loops(block=b66)
l94 = sch.fuse(l68, l69, l70, l71, l72, preserve_unit_iters=True)
sch.parallel(loop=l94)
sch.annotate(block_or_loop=l94, ann_key="pragma_auto_unroll_max_step", ann_val=512)
sch.annotate(block_or_loop=l94, ann_key="pragma_unroll_explicit", ann_val=1)
l95, l96, l97, l98, l99, l100 = sch.get_loops(block=b67)
l101 = sch.fuse(l99, l100, preserve_unit_iters=True)
sch.vectorize(loop=l101)
b102 = sch.get_block(name="conv2d_NCHWc", func_name="main")
l103, l104, l105, l106, l107, l108, l109, l110, l111, l112, l113, l114, l115, l116, l117, l118, l119, l120, l121, l122, l123, l124 = sch.get_loops(block=b102)
b125 = sch.decompose_reduction(block=b102, loop=l109)
2024-04-29 17:11:30 [INFO] [task_scheduler.cc:131] [Task #74: fused_nn_contrib_conv2d_NCHWc_add_nn_relu_73] Trial #30: GFLOPs: 13.8486. Time: 1626.8090 us. Best GFLOPs: 158.2253
2024-04-29 17:11:30 [INFO] [task_scheduler.cc:131] [Task #74: fused_nn_contrib_conv2d_NCHWc_add_nn_relu_73] Trial #31: GFLOPs: 44.1404. Time: 510.3950 us. Best GFLOPs: 158.2253
2024-04-29 17:11:30 [INFO] [task_scheduler.cc:131] [Task #74: fused_nn_contrib_conv2d_NCHWc_add_nn_relu_73] Trial #32: GFLOPs: 71.1784. Time: 316.5150 us. Best GFLOPs: 158.2253
2024-04-29 17:11:30 [INFO] [task_scheduler.cc:131] [Task #74: fused_nn_contrib_conv2d_NCHWc_add_nn_relu_73] Trial #33: GFLOPs: 101.2232. Time: 222.5678 us. Best GFLOPs: 158.2253
2024-04-29 17:11:30 [INFO] [task_scheduler.cc:131] [Task #74: fused_nn_contrib_conv2d_NCHWc_add_nn_relu_73] Trial #34: GFLOPs: 79.5376. Time: 283.2501 us. Best GFLOPs: 158.2253
2024-04-29 17:11:30 [INFO] [task_scheduler.cc:131] [Task #74: fused_nn_contrib_conv2d_NCHWc_add_nn_relu_73] Trial #35: GFLOPs: 163.5417. Time: 137.7571 us. Best GFLOPs: 163.5417
2024-04-29 17:11:30 [INFO] [task_scheduler.cc:131] [Task #74: fused_nn_contrib_conv2d_NCHWc_add_nn_relu_73] Trial #36: GFLOPs: 4.4331. Time: 5081.9667 us. Best GFLOPs: 163.5417
2024-04-29 17:11:30 [INFO] [task_scheduler.cc:131] [Task #74: fused_nn_contrib_conv2d_NCHWc_add_nn_relu_73] Trial #37: GFLOPs: 8.6854. Time: 2593.8898 us. Best GFLOPs: 163.5417
2024-04-29 17:11:30 [INFO] [task_scheduler.cc:131] [Task #74: fused_nn_contrib_conv2d_NCHWc_add_nn_relu_73] Trial #38: GFLOPs: 68.3942. Time: 329.3997 us. Best GFLOPs: 163.5417
2024-04-29 17:11:30 [INFO] [task_scheduler.cc:131] [Task #74: fused_nn_contrib_conv2d_NCHWc_add_nn_relu_73] Trial #39: GFLOPs: 75.1044. Time: 299.9694 us. Best GFLOPs: 163.5417
2024-04-29 17:11:30 [INFO] [task_scheduler.cc:131] [Task #74: fused_nn_contrib_conv2d_NCHWc_add_nn_relu_73] Trial #40: GFLOPs: 77.2567. Time: 291.6125 us. Best GFLOPs: 163.5417
2024-04-29 17:11:30 [INFO] [task_scheduler.cc:131] [Task #74: fused_nn_contrib_conv2d_NCHWc_add_nn_relu_73] Trial #41: GFLOPs: 55.1020. Time: 408.8602 us. Best GFLOPs: 163.5417
2024-04-29 17:11:30 [INFO] [task_scheduler.cc:131] [Task #74: fused_nn_contrib_conv2d_NCHWc_add_nn_relu_73] Trial #42: GFLOPs: 5.3280. Time: 4228.3868 us. Best GFLOPs: 163.5417
2024-04-29 17:11:30 [INFO] [task_scheduler.cc:131] [Task #74: fused_nn_contrib_conv2d_NCHWc_add_nn_relu_73] Trial #43: GFLOPs: 31.9111. Time: 705.9923 us. Best GFLOPs: 163.5417
2024-04-29 17:11:30 [INFO] [task_scheduler.cc:131] [Task #74: fused_nn_contrib_conv2d_NCHWc_add_nn_relu_73] Trial #44: GFLOPs: 59.8232. Time: 376.5937 us. Best GFLOPs: 163.5417
2024-04-29 17:11:30 [INFO] [task_scheduler.cc:131] [Task #74: fused_nn_contrib_conv2d_NCHWc_add_nn_relu_73] Trial #45: GFLOPs: 101.9819. Time: 220.9119 us. Best GFLOPs: 163.5417
2024-04-29 17:11:30 [INFO] [task_scheduler.cc:131] [Task #74: fused_nn_contrib_conv2d_NCHWc_add_nn_relu_73] Trial #46: GFLOPs: 51.3472. Time: 438.7584 us. Best GFLOPs: 163.5417
2024-04-29 17:11:30 [INFO] [task_scheduler.cc:121] [Task #74: fused_nn_contrib_conv2d_NCHWc_add_nn_relu_73] Trial #47: Error in building:
LocalBuilder: Timeout, killed after 30.0 seconds
# from tvm.script import ir as I
# from tvm.script import tir as T

@I.ir_module
class Module:
    @T.prim_func
    def main(p0: T.Buffer((T.int64(1), T.int64(112), T.int64(14), T.int64(14), T.int64(4)), "float32"), p1: T.Buffer((T.int64(32), T.int64(112), T.int64(1), T.int64(1), T.int64(4), T.int64(4)), "float32"), p2: T.Buffer((T.int64(1), T.int64(32), T.int64(1), T.int64(1), T.int64(4)), "float32"), T_relu: T.Buffer((T.int64(1), T.int64(32), T.int64(14), T.int64(14), T.int64(4)), "float32")):
        T.func_attr({"tir.noalias": T.bool(True)})
        # with T.block("root"):
        conv2d_NCHWc = T.alloc_buffer((T.int64(1), T.int64(32), T.int64(14), T.int64(14), T.int64(4)))
        for n_0_oc_chunk_0_oh_0_ow_0_oc_block_0_fused in T.parallel(T.int64(56), annotations={"pragma_auto_unroll_max_step": 512, "pragma_unroll_explicit": 1}):
            for n_1, oc_chunk_1, oh_1, ow_1, oc_block_1 in T.grid(T.int64(1), T.int64(2), T.int64(7), T.int64(1), T.int64(1)):
                for n_2_init, oc_chunk_2_init, oh_2_init, ow_2_init, oc_block_2_init, n_3_init, oc_chunk_3_init, oh_3_init, ow_3_init in T.grid(T.int64(1), T.int64(2), T.int64(2), T.int64(1), T.int64(1), T.int64(1), T.int64(1), T.int64(1), T.int64(2)):
                    for oc_block_3_fused_init in T.vectorized(T.int64(4)):
                        with T.block("conv2d_NCHWc_init"):
                            v_n = T.axis.spatial(T.int64(1), n_1 + n_2_init + n_3_init)
                            v_oc_chunk = T.axis.spatial(T.int64(32), n_0_oc_chunk_0_oh_0_ow_0_oc_block_0_fused // T.int64(7) * T.int64(4) + oc_chunk_1 * T.int64(2) + oc_chunk_2_init + oc_chunk_3_init)
                            v_oh = T.axis.spatial(T.int64(14), oh_1 * T.int64(2) + oh_2_init + oh_3_init)
                            v_ow = T.axis.spatial(T.int64(14), n_0_oc_chunk_0_oh_0_ow_0_oc_block_0_fused % T.int64(7) * T.int64(2) + ow_1 * T.int64(2) + ow_2_init * T.int64(2) + ow_3_init)
                            v_oc_block = T.axis.spatial(T.int64(4), oc_block_1 * T.int64(4) + oc_block_2_init * T.int64(4) + oc_block_3_fused_init)
                            T.reads()
                            T.writes(conv2d_NCHWc[v_n, v_oc_chunk, v_oh, v_ow, v_oc_block])
                            T.block_attr({"meta_schedule.tiling_structure": "SSRSRS"})
                            conv2d_NCHWc[v_n, v_oc_chunk, v_oh, v_ow, v_oc_block] = T.float32(0)
                for ic_0, kh_0, kw_0, n_2, oc_chunk_2, oh_2, ow_2, oc_block_2, ic_1, kh_1, kw_1, n_3, oc_chunk_3, oh_3, ow_3 in T.grid(T.int64(8), T.int64(1), T.int64(1), T.int64(1), T.int64(2), T.int64(2), T.int64(1), T.int64(1), T.int64(56), T.int64(1), T.int64(1), T.int64(1), T.int64(1), T.int64(1), T.int64(2)):
                    for oc_block_3_fused in T.vectorized(T.int64(4)):
                        with T.block("conv2d_NCHWc_update"):
                            v_n = T.axis.spatial(T.int64(1), n_1 + n_2 + n_3)
                            v_oc_chunk = T.axis.spatial(T.int64(32), n_0_oc_chunk_0_oh_0_ow_0_oc_block_0_fused // T.int64(7) * T.int64(4) + oc_chunk_1 * T.int64(2) + oc_chunk_2 + oc_chunk_3)
                            v_oh = T.axis.spatial(T.int64(14), oh_1 * T.int64(2) + oh_2 + oh_3)
                            v_ow = T.axis.spatial(T.int64(14), n_0_oc_chunk_0_oh_0_ow_0_oc_block_0_fused % T.int64(7) * T.int64(2) + ow_1 * T.int64(2) + ow_2 * T.int64(2) + ow_3)
                            v_oc_block = T.axis.spatial(T.int64(4), oc_block_1 * T.int64(4) + oc_block_2 * T.int64(4) + oc_block_3_fused)
                            v_ic = T.axis.reduce(T.int64(448), ic_0 * T.int64(56) + ic_1)
                            v_kh = T.axis.reduce(T.int64(1), kh_0 + kh_1)
                            v_kw = T.axis.reduce(T.int64(1), kw_0 + kw_1)
                            T.reads(conv2d_NCHWc[v_n, v_oc_chunk, v_oh, v_ow, v_oc_block], p0[v_n, v_ic // T.int64(4), v_oh + v_kh, v_ow + v_kw, v_ic % T.int64(4)], p1[v_oc_chunk, v_ic // T.int64(4), v_kh, v_kw, v_ic % T.int64(4), v_oc_block])
                            T.writes(conv2d_NCHWc[v_n, v_oc_chunk, v_oh, v_ow, v_oc_block])
                            T.block_attr({"meta_schedule.tiling_structure": "SSRSRS"})
                            conv2d_NCHWc[v_n, v_oc_chunk, v_oh, v_ow, v_oc_block] = conv2d_NCHWc[v_n, v_oc_chunk, v_oh, v_ow, v_oc_block] + p0[v_n, v_ic // T.int64(4), v_oh + v_kh, v_ow + v_kw, v_ic % T.int64(4)] * p1[v_oc_chunk, v_ic // T.int64(4), v_kh, v_kw, v_ic % T.int64(4), v_oc_block]
            for ax0, ax1, ax2 in T.grid(T.int64(1), T.int64(4), T.int64(14)):
                for ax3_ax4_fused in T.vectorized(T.int64(8)):
                    with T.block("T_relu"):
                        v_ax0 = T.axis.spatial(T.int64(1), ax0)
                        v_ax1 = T.axis.spatial(T.int64(32), n_0_oc_chunk_0_oh_0_ow_0_oc_block_0_fused // T.int64(7) * T.int64(4) + ax1)
                        v_ax2 = T.axis.spatial(T.int64(14), ax2)
                        v_ax3 = T.axis.spatial(T.int64(14), n_0_oc_chunk_0_oh_0_ow_0_oc_block_0_fused % T.int64(7) * T.int64(2) + ax3_ax4_fused // T.int64(4))
                        v_ax4 = T.axis.spatial(T.int64(4), ax3_ax4_fused % T.int64(4))
                        T.reads(conv2d_NCHWc[v_ax0, v_ax1, v_ax2, v_ax3, v_ax4], p2[v_ax0, v_ax1, T.int64(0), T.int64(0), v_ax4])
                        T.writes(T_relu[v_ax0, v_ax1, v_ax2, v_ax3, v_ax4])
                        T_relu[v_ax0, v_ax1, v_ax2, v_ax3, v_ax4] = T.max(conv2d_NCHWc[v_ax0, v_ax1, v_ax2, v_ax3, v_ax4] + p2[v_ax0, v_ax1, T.int64(0), T.int64(0), v_ax4], T.float32(0))
b0 = sch.get_block(name="conv2d_NCHWc", func_name="main")
b1 = sch.get_block(name="T_add", func_name="main")
b2 = sch.get_block(name="root", func_name="main")
sch.compute_inline(block=b1)
sch.annotate(block_or_loop=b0, ann_key="meta_schedule.tiling_structure", ann_val="SSRSRS")
l3, l4, l5, l6, l7, l8, l9, l10 = sch.get_loops(block=b0)
v11, v12, v13, v14 = sch.sample_perfect_tile(loop=l3, n=4, max_innermost_factor=64, decision=[1, 1, 1, 1])
l15, l16, l17, l18 = sch.split(loop=l3, factors=[v11, v12, v13, v14], preserve_unit_iters=True)
v19, v20, v21, v22 = sch.sample_perfect_tile(loop=l4, n=4, max_innermost_factor=64, decision=[8, 2, 2, 1])
l23, l24, l25, l26 = sch.split(loop=l4, factors=[v19, v20, v21, v22], preserve_unit_iters=True)
v27, v28, v29, v30 = sch.sample_perfect_tile(loop=l5, n=4, max_innermost_factor=64, decision=[1, 7, 2, 1])
l31, l32, l33, l34 = sch.split(loop=l5, factors=[v27, v28, v29, v30], preserve_unit_iters=True)
v35, v36, v37, v38 = sch.sample_perfect_tile(loop=l6, n=4, max_innermost_factor=64, decision=[7, 1, 1, 2])
l39, l40, l41, l42 = sch.split(loop=l6, factors=[v35, v36, v37, v38], preserve_unit_iters=True)
v43, v44, v45, v46 = sch.sample_perfect_tile(loop=l7, n=4, max_innermost_factor=64, decision=[1, 1, 1, 4])
l47, l48, l49, l50 = sch.split(loop=l7, factors=[v43, v44, v45, v46], preserve_unit_iters=True)
v51, v52 = sch.sample_perfect_tile(loop=l8, n=2, max_innermost_factor=64, decision=[8, 56])
l53, l54 = sch.split(loop=l8, factors=[v51, v52], preserve_unit_iters=True)
v55, v56 = sch.sample_perfect_tile(loop=l9, n=2, max_innermost_factor=64, decision=[1, 1])
l57, l58 = sch.split(loop=l9, factors=[v55, v56], preserve_unit_iters=True)
v59, v60 = sch.sample_perfect_tile(loop=l10, n=2, max_innermost_factor=64, decision=[1, 1])
l61, l62 = sch.split(loop=l10, factors=[v59, v60], preserve_unit_iters=True)
sch.reorder(l15, l23, l31, l39, l47, l16, l24, l32, l40, l48, l53, l57, l61, l17, l25, l33, l41, l49, l54, l58, l62, l18, l26, l34, l42, l50)
b63, = sch.get_consumers(block=b0)
sch.reverse_compute_at(block=b63, loop=l47, preserve_unit_loops=True, index=-1)
sch.annotate(block_or_loop=b2, ann_key="meta_schedule.parallel", ann_val=768)
sch.annotate(block_or_loop=b2, ann_key="meta_schedule.vectorize", ann_val=64)
v64 = sch.sample_categorical(candidates=[0, 16, 64, 512], probs=[0.25, 0.25, 0.25, 0.25], decision=3)
sch.annotate(block_or_loop=b2, ann_key="meta_schedule.unroll_explicit", ann_val=v64)
sch.enter_postproc()
b65 = sch.get_block(name="root", func_name="main")
sch.unannotate(block_or_loop=b65, ann_key="meta_schedule.parallel")
sch.unannotate(block_or_loop=b65, ann_key="meta_schedule.vectorize")
sch.unannotate(block_or_loop=b65, ann_key="meta_schedule.unroll_explicit")
b66, b67 = sch.get_child_blocks(b65)
l68, l69, l70, l71, l72, l73, l74, l75, l76, l77, l78, l79, l80, l81, l82, l83, l84, l85, l86, l87, l88, l89, l90, l91, l92, l93 = sch.get_loops(block=b66)
l94 = sch.fuse(l68, l69, l70, l71, l72, preserve_unit_iters=True)
sch.parallel(loop=l94)
l95 = sch.fuse(l93, preserve_unit_iters=True)
sch.vectorize(loop=l95)
sch.annotate(block_or_loop=l94, ann_key="pragma_auto_unroll_max_step", ann_val=512)
sch.annotate(block_or_loop=l94, ann_key="pragma_unroll_explicit", ann_val=1)
l96, l97, l98, l99, l100, l101 = sch.get_loops(block=b67)
l102 = sch.fuse(l100, l101, preserve_unit_iters=True)
sch.vectorize(loop=l102)
b103 = sch.get_block(name="conv2d_NCHWc", func_name="main")
l104, l105, l106, l107, l108, l109, l110, l111, l112, l113, l114, l115, l116, l117, l118, l119, l120, l121, l122, l123, l124, l125 = sch.get_loops(block=b103)
b126 = sch.decompose_reduction(block=b103, loop=l110)
2024-04-29 17:11:30 [INFO] [task_scheduler.cc:131] [Task #74: fused_nn_contrib_conv2d_NCHWc_add_nn_relu_73] Trial #48: GFLOPs: 19.6287. Time: 1147.7601 us. Best GFLOPs: 163.5417
2024-04-29 17:11:30 [INFO] [task_scheduler.cc:121] [Task #74: fused_nn_contrib_conv2d_NCHWc_add_nn_relu_73] Trial #49: Error in building:
LocalBuilder: Timeout, killed after 30.0 seconds
# from tvm.script import ir as I
# from tvm.script import tir as T

@I.ir_module
class Module:
    @T.prim_func
    def main(p0: T.Buffer((T.int64(1), T.int64(112), T.int64(14), T.int64(14), T.int64(4)), "float32"), p1: T.Buffer((T.int64(32), T.int64(112), T.int64(1), T.int64(1), T.int64(4), T.int64(4)), "float32"), p2: T.Buffer((T.int64(1), T.int64(32), T.int64(1), T.int64(1), T.int64(4)), "float32"), T_relu: T.Buffer((T.int64(1), T.int64(32), T.int64(14), T.int64(14), T.int64(4)), "float32")):
        T.func_attr({"tir.noalias": T.bool(True)})
        # with T.block("root"):
        conv2d_NCHWc = T.alloc_buffer((T.int64(1), T.int64(32), T.int64(14), T.int64(14), T.int64(4)))
        for n_0_oc_chunk_0_oh_0_ow_0_oc_block_0_n_1_oc_chunk_1_oh_1_ow_1_oc_block_1_fused in T.parallel(T.int64(64), annotations={"pragma_auto_unroll_max_step": 512, "pragma_unroll_explicit": 1}):
            for n_2_init, oc_chunk_2_init, oh_2_init, ow_2_init, oc_block_2_init, n_3_init, oc_chunk_3_init, oh_3_init, ow_3_init, oc_block_3_init in T.grid(T.int64(1), T.int64(2), T.int64(1), T.int64(1), T.int64(1), T.int64(1), T.int64(2), T.int64(7), T.int64(14), T.int64(1)):
                with T.block("conv2d_NCHWc_init"):
                    v_n = T.axis.spatial(T.int64(1), n_2_init + n_3_init)
                    v_oc_chunk = T.axis.spatial(T.int64(32), n_0_oc_chunk_0_oh_0_ow_0_oc_block_0_n_1_oc_chunk_1_oh_1_ow_1_oc_block_1_fused // T.int64(16) * T.int64(8) + n_0_oc_chunk_0_oh_0_ow_0_oc_block_0_n_1_oc_chunk_1_oh_1_ow_1_oc_block_1_fused % T.int64(4) // T.int64(2) * T.int64(4) + oc_chunk_2_init * T.int64(2) + oc_chunk_3_init)
                    v_oh = T.axis.spatial(T.int64(14), n_0_oc_chunk_0_oh_0_ow_0_oc_block_0_n_1_oc_chunk_1_oh_1_ow_1_oc_block_1_fused % T.int64(16) // T.int64(8) * T.int64(7) + oh_2_init * T.int64(7) + oh_3_init)
                    v_ow = T.axis.spatial(T.int64(14), ow_2_init * T.int64(14) + ow_3_init)
                    v_oc_block = T.axis.spatial(T.int64(4), n_0_oc_chunk_0_oh_0_ow_0_oc_block_0_n_1_oc_chunk_1_oh_1_ow_1_oc_block_1_fused % T.int64(8) // T.int64(4) * T.int64(2) + n_0_oc_chunk_0_oh_0_ow_0_oc_block_0_n_1_oc_chunk_1_oh_1_ow_1_oc_block_1_fused % T.int64(2) + oc_block_2_init + oc_block_3_init)
                    T.reads()
                    T.writes(conv2d_NCHWc[v_n, v_oc_chunk, v_oh, v_ow, v_oc_block])
                    T.block_attr({"meta_schedule.tiling_structure": "SSRSRS"})
                    conv2d_NCHWc[v_n, v_oc_chunk, v_oh, v_ow, v_oc_block] = T.float32(0)
            for ic_0, kh_0, kw_0, n_2, oc_chunk_2, oh_2, ow_2, oc_block_2, ic_1, kh_1, kw_1, n_3, oc_chunk_3, oh_3, ow_3, oc_block_3 in T.grid(T.int64(8), T.int64(1), T.int64(1), T.int64(1), T.int64(2), T.int64(1), T.int64(1), T.int64(1), T.int64(56), T.int64(1), T.int64(1), T.int64(1), T.int64(2), T.int64(7), T.int64(14), T.int64(1)):
                with T.block("conv2d_NCHWc_update"):
                    v_n = T.axis.spatial(T.int64(1), n_2 + n_3)
                    v_oc_chunk = T.axis.spatial(T.int64(32), n_0_oc_chunk_0_oh_0_ow_0_oc_block_0_n_1_oc_chunk_1_oh_1_ow_1_oc_block_1_fused // T.int64(16) * T.int64(8) + n_0_oc_chunk_0_oh_0_ow_0_oc_block_0_n_1_oc_chunk_1_oh_1_ow_1_oc_block_1_fused % T.int64(4) // T.int64(2) * T.int64(4) + oc_chunk_2 * T.int64(2) + oc_chunk_3)
                    v_oh = T.axis.spatial(T.int64(14), n_0_oc_chunk_0_oh_0_ow_0_oc_block_0_n_1_oc_chunk_1_oh_1_ow_1_oc_block_1_fused % T.int64(16) // T.int64(8) * T.int64(7) + oh_2 * T.int64(7) + oh_3)
                    v_ow = T.axis.spatial(T.int64(14), ow_2 * T.int64(14) + ow_3)
                    v_oc_block = T.axis.spatial(T.int64(4), n_0_oc_chunk_0_oh_0_ow_0_oc_block_0_n_1_oc_chunk_1_oh_1_ow_1_oc_block_1_fused % T.int64(8) // T.int64(4) * T.int64(2) + n_0_oc_chunk_0_oh_0_ow_0_oc_block_0_n_1_oc_chunk_1_oh_1_ow_1_oc_block_1_fused % T.int64(2) + oc_block_2 + oc_block_3)
                    v_ic = T.axis.reduce(T.int64(448), ic_0 * T.int64(56) + ic_1)
                    v_kh = T.axis.reduce(T.int64(1), kh_0 + kh_1)
                    v_kw = T.axis.reduce(T.int64(1), kw_0 + kw_1)
                    T.reads(conv2d_NCHWc[v_n, v_oc_chunk, v_oh, v_ow, v_oc_block], p0[v_n, v_ic // T.int64(4), v_oh + v_kh, v_ow + v_kw, v_ic % T.int64(4)], p1[v_oc_chunk, v_ic // T.int64(4), v_kh, v_kw, v_ic % T.int64(4), v_oc_block])
                    T.writes(conv2d_NCHWc[v_n, v_oc_chunk, v_oh, v_ow, v_oc_block])
                    T.block_attr({"meta_schedule.tiling_structure": "SSRSRS"})
                    conv2d_NCHWc[v_n, v_oc_chunk, v_oh, v_ow, v_oc_block] = conv2d_NCHWc[v_n, v_oc_chunk, v_oh, v_ow, v_oc_block] + p0[v_n, v_ic // T.int64(4), v_oh + v_kh, v_ow + v_kw, v_ic % T.int64(4)] * p1[v_oc_chunk, v_ic // T.int64(4), v_kh, v_kw, v_ic % T.int64(4), v_oc_block]
            for ax0, ax1, ax2, ax3, ax4 in T.grid(T.int64(1), T.int64(4), T.int64(7), T.int64(14), T.int64(1)):
                with T.block("T_relu"):
                    v_ax0 = T.axis.spatial(T.int64(1), ax0)
                    v_ax1 = T.axis.spatial(T.int64(32), n_0_oc_chunk_0_oh_0_ow_0_oc_block_0_n_1_oc_chunk_1_oh_1_ow_1_oc_block_1_fused // T.int64(16) * T.int64(8) + n_0_oc_chunk_0_oh_0_ow_0_oc_block_0_n_1_oc_chunk_1_oh_1_ow_1_oc_block_1_fused % T.int64(4) // T.int64(2) * T.int64(4) + ax1)
                    v_ax2 = T.axis.spatial(T.int64(14), n_0_oc_chunk_0_oh_0_ow_0_oc_block_0_n_1_oc_chunk_1_oh_1_ow_1_oc_block_1_fused % T.int64(16) // T.int64(8) * T.int64(7) + ax2)
                    v_ax3 = T.axis.spatial(T.int64(14), ax3)
                    v_ax4 = T.axis.spatial(T.int64(4), n_0_oc_chunk_0_oh_0_ow_0_oc_block_0_n_1_oc_chunk_1_oh_1_ow_1_oc_block_1_fused % T.int64(8) // T.int64(4) * T.int64(2) + n_0_oc_chunk_0_oh_0_ow_0_oc_block_0_n_1_oc_chunk_1_oh_1_ow_1_oc_block_1_fused % T.int64(2) + ax4)
                    T.reads(conv2d_NCHWc[v_ax0, v_ax1, v_ax2, v_ax3, v_ax4], p2[v_ax0, v_ax1, T.int64(0), T.int64(0), v_ax4])
                    T.writes(T_relu[v_ax0, v_ax1, v_ax2, v_ax3, v_ax4])
                    T_relu[v_ax0, v_ax1, v_ax2, v_ax3, v_ax4] = T.max(conv2d_NCHWc[v_ax0, v_ax1, v_ax2, v_ax3, v_ax4] + p2[v_ax0, v_ax1, T.int64(0), T.int64(0), v_ax4], T.float32(0))
b0 = sch.get_block(name="conv2d_NCHWc", func_name="main")
b1 = sch.get_block(name="T_add", func_name="main")
b2 = sch.get_block(name="root", func_name="main")
sch.compute_inline(block=b1)
sch.annotate(block_or_loop=b0, ann_key="meta_schedule.tiling_structure", ann_val="SSRSRS")
l3, l4, l5, l6, l7, l8, l9, l10 = sch.get_loops(block=b0)
v11, v12, v13, v14 = sch.sample_perfect_tile(loop=l3, n=4, max_innermost_factor=64, decision=[1, 1, 1, 1])
l15, l16, l17, l18 = sch.split(loop=l3, factors=[v11, v12, v13, v14], preserve_unit_iters=True)
v19, v20, v21, v22 = sch.sample_perfect_tile(loop=l4, n=4, max_innermost_factor=64, decision=[4, 2, 2, 2])
l23, l24, l25, l26 = sch.split(loop=l4, factors=[v19, v20, v21, v22], preserve_unit_iters=True)
v27, v28, v29, v30 = sch.sample_perfect_tile(loop=l5, n=4, max_innermost_factor=64, decision=[2, 1, 1, 7])
l31, l32, l33, l34 = sch.split(loop=l5, factors=[v27, v28, v29, v30], preserve_unit_iters=True)
v35, v36, v37, v38 = sch.sample_perfect_tile(loop=l6, n=4, max_innermost_factor=64, decision=[1, 1, 1, 14])
l39, l40, l41, l42 = sch.split(loop=l6, factors=[v35, v36, v37, v38], preserve_unit_iters=True)
v43, v44, v45, v46 = sch.sample_perfect_tile(loop=l7, n=4, max_innermost_factor=64, decision=[2, 2, 1, 1])
l47, l48, l49, l50 = sch.split(loop=l7, factors=[v43, v44, v45, v46], preserve_unit_iters=True)
v51, v52 = sch.sample_perfect_tile(loop=l8, n=2, max_innermost_factor=64, decision=[8, 56])
l53, l54 = sch.split(loop=l8, factors=[v51, v52], preserve_unit_iters=True)
v55, v56 = sch.sample_perfect_tile(loop=l9, n=2, max_innermost_factor=64, decision=[1, 1])
l57, l58 = sch.split(loop=l9, factors=[v55, v56], preserve_unit_iters=True)
v59, v60 = sch.sample_perfect_tile(loop=l10, n=2, max_innermost_factor=64, decision=[1, 1])
l61, l62 = sch.split(loop=l10, factors=[v59, v60], preserve_unit_iters=True)
sch.reorder(l15, l23, l31, l39, l47, l16, l24, l32, l40, l48, l53, l57, l61, l17, l25, l33, l41, l49, l54, l58, l62, l18, l26, l34, l42, l50)
b63, = sch.get_consumers(block=b0)
sch.reverse_compute_at(block=b63, loop=l48, preserve_unit_loops=True, index=-1)
sch.annotate(block_or_loop=b2, ann_key="meta_schedule.parallel", ann_val=768)
sch.annotate(block_or_loop=b2, ann_key="meta_schedule.vectorize", ann_val=64)
v64 = sch.sample_categorical(candidates=[0, 16, 64, 512], probs=[0.25, 0.25, 0.25, 0.25], decision=3)
sch.annotate(block_or_loop=b2, ann_key="meta_schedule.unroll_explicit", ann_val=v64)
sch.enter_postproc()
b65 = sch.get_block(name="root", func_name="main")
sch.unannotate(block_or_loop=b65, ann_key="meta_schedule.parallel")
sch.unannotate(block_or_loop=b65, ann_key="meta_schedule.vectorize")
sch.unannotate(block_or_loop=b65, ann_key="meta_schedule.unroll_explicit")
b66, b67 = sch.get_child_blocks(b65)
l68, l69, l70, l71, l72, l73, l74, l75, l76, l77, l78, l79, l80, l81, l82, l83, l84, l85, l86, l87, l88, l89, l90, l91, l92, l93 = sch.get_loops(block=b66)
l94 = sch.fuse(l68, l69, l70, l71, l72, l73, l74, l75, l76, l77, preserve_unit_iters=True)
sch.parallel(loop=l94)
sch.annotate(block_or_loop=l94, ann_key="pragma_auto_unroll_max_step", ann_val=512)
sch.annotate(block_or_loop=l94, ann_key="pragma_unroll_explicit", ann_val=1)
l95, l96, l97, l98, l99, l100 = sch.get_loops(block=b67)
b101 = sch.get_block(name="conv2d_NCHWc", func_name="main")
l102, l103, l104, l105, l106, l107, l108, l109, l110, l111, l112, l113, l114, l115, l116, l117, l118 = sch.get_loops(block=b101)
b119 = sch.decompose_reduction(block=b101, loop=l103)
2024-04-29 17:11:30 [INFO] [task_scheduler.cc:131] [Task #74: fused_nn_contrib_conv2d_NCHWc_add_nn_relu_73] Trial #50: GFLOPs: 15.8872. Time: 1418.0646 us. Best GFLOPs: 163.5417
2024-04-29 17:11:30 [INFO] [task_scheduler.cc:131] [Task #74: fused_nn_contrib_conv2d_NCHWc_add_nn_relu_73] Trial #51: GFLOPs: 56.5282. Time: 398.5451 us. Best GFLOPs: 163.5417
2024-04-29 17:11:30 [INFO] [task_scheduler.cc:131] [Task #74: fused_nn_contrib_conv2d_NCHWc_add_nn_relu_73] Trial #52: GFLOPs: 3.0525. Time: 7380.5786 us. Best GFLOPs: 163.5417
2024-04-29 17:11:30 [INFO] [task_scheduler.cc:131] [Task #74: fused_nn_contrib_conv2d_NCHWc_add_nn_relu_73] Trial #53: GFLOPs: 3.2064. Time: 7026.3241 us. Best GFLOPs: 163.5417
2024-04-29 17:11:30 [INFO] [task_scheduler.cc:131] [Task #74: fused_nn_contrib_conv2d_NCHWc_add_nn_relu_73] Trial #54: GFLOPs: 2.0224. Time: 11139.7471 us. Best GFLOPs: 163.5417
2024-04-29 17:11:30 [INFO] [task_scheduler.cc:131] [Task #74: fused_nn_contrib_conv2d_NCHWc_add_nn_relu_73] Trial #55: GFLOPs: 71.8597. Time: 313.5140 us. Best GFLOPs: 163.5417
2024-04-29 17:11:30 [INFO] [task_scheduler.cc:131] [Task #74: fused_nn_contrib_conv2d_NCHWc_add_nn_relu_73] Trial #56: GFLOPs: 16.9306. Time: 1330.6659 us. Best GFLOPs: 163.5417
2024-04-29 17:11:30 [INFO] [task_scheduler.cc:131] [Task #74: fused_nn_contrib_conv2d_NCHWc_add_nn_relu_73] Trial #57: GFLOPs: 51.8754. Time: 434.2915 us. Best GFLOPs: 163.5417
2024-04-29 17:11:30 [INFO] [task_scheduler.cc:131] [Task #74: fused_nn_contrib_conv2d_NCHWc_add_nn_relu_73] Trial #58: GFLOPs: 4.7818. Time: 4711.4529 us. Best GFLOPs: 163.5417
2024-04-29 17:11:30 [INFO] [task_scheduler.cc:131] [Task #74: fused_nn_contrib_conv2d_NCHWc_add_nn_relu_73] Trial #59: GFLOPs: 71.6651. Time: 314.3652 us. Best GFLOPs: 163.5417
2024-04-29 17:11:30 [INFO] [task_scheduler.cc:131] [Task #74: fused_nn_contrib_conv2d_NCHWc_add_nn_relu_73] Trial #60: GFLOPs: 52.7345. Time: 427.2164 us. Best GFLOPs: 163.5417
2024-04-29 17:11:30 [INFO] [task_scheduler.cc:131] [Task #74: fused_nn_contrib_conv2d_NCHWc_add_nn_relu_73] Trial #61: GFLOPs: 77.3639. Time: 291.2085 us. Best GFLOPs: 163.5417
2024-04-29 17:11:30 [INFO] [task_scheduler.cc:131] [Task #74: fused_nn_contrib_conv2d_NCHWc_add_nn_relu_73] Trial #62: GFLOPs: 74.8698. Time: 300.9092 us. Best GFLOPs: 163.5417
2024-04-29 17:11:30 [INFO] [task_scheduler.cc:131] [Task #74: fused_nn_contrib_conv2d_NCHWc_add_nn_relu_73] Trial #63: GFLOPs: 125.0379. Time: 180.1776 us. Best GFLOPs: 163.5417
2024-04-29 17:11:30 [INFO] [task_scheduler.cc:131] [Task #74: fused_nn_contrib_conv2d_NCHWc_add_nn_relu_73] Trial #64: GFLOPs: 66.6206. Time: 338.1691 us. Best GFLOPs: 163.5417
