2024-04-29 14:01:13 [INFO] [task_scheduler.cc:160] Initializing Task #5: "fused_nn_contrib_conv2d_NCHWc_add_nn_relu_5"
2024-04-29 14:01:13 [INFO] [task_scheduler.cc:35] 
# from tvm.script import ir as I
# from tvm.script import tir as T

@I.ir_module
class Module:
    @T.prim_func
    def main(p0: T.Buffer((T.int64(1), T.int64(432), T.int64(7), T.int64(7), T.int64(4)), "float32"), p1: T.Buffer((T.int64(32), T.int64(432), T.int64(1), T.int64(1), T.int64(4), T.int64(4)), "float32"), p2: T.Buffer((T.int64(1), T.int64(32), T.int64(1), T.int64(1), T.int64(4)), "float32"), T_relu: T.Buffer((T.int64(1), T.int64(32), T.int64(7), T.int64(7), T.int64(4)), "float32")):
        T.func_attr({"tir.noalias": T.bool(True)})
        # with T.block("root"):
        conv2d_NCHWc = T.alloc_buffer((T.int64(1), T.int64(32), T.int64(7), T.int64(7), T.int64(4)))
        T_add = T.alloc_buffer((T.int64(1), T.int64(32), T.int64(7), T.int64(7), T.int64(4)))
        for n, oc_chunk, oh, ow, oc_block, ic, kh, kw in T.grid(T.int64(1), T.int64(32), T.int64(7), T.int64(7), T.int64(4), T.int64(1728), T.int64(1), T.int64(1)):
            with T.block("conv2d_NCHWc"):
                v_n, v_oc_chunk, v_oh, v_ow, v_oc_block, v_ic, v_kh, v_kw = T.axis.remap("SSSSSRRR", [n, oc_chunk, oh, ow, oc_block, ic, kh, kw])
                T.reads(p0[v_n, v_ic // T.int64(4), v_oh + v_kh, v_ow + v_kw, v_ic % T.int64(4)], p1[v_oc_chunk, v_ic // T.int64(4), v_kh, v_kw, v_ic % T.int64(4), v_oc_block])
                T.writes(conv2d_NCHWc[v_n, v_oc_chunk, v_oh, v_ow, v_oc_block])
                with T.init():
                    conv2d_NCHWc[v_n, v_oc_chunk, v_oh, v_ow, v_oc_block] = T.float32(0)
                conv2d_NCHWc[v_n, v_oc_chunk, v_oh, v_ow, v_oc_block] = conv2d_NCHWc[v_n, v_oc_chunk, v_oh, v_ow, v_oc_block] + p0[v_n, v_ic // T.int64(4), v_oh + v_kh, v_ow + v_kw, v_ic % T.int64(4)] * p1[v_oc_chunk, v_ic // T.int64(4), v_kh, v_kw, v_ic % T.int64(4), v_oc_block]
        for ax0, ax1, ax2, ax3, ax4 in T.grid(T.int64(1), T.int64(32), T.int64(7), T.int64(7), T.int64(4)):
            with T.block("T_add"):
                v_ax0, v_ax1, v_ax2, v_ax3, v_ax4 = T.axis.remap("SSSSS", [ax0, ax1, ax2, ax3, ax4])
                T.reads(conv2d_NCHWc[v_ax0, v_ax1, v_ax2, v_ax3, v_ax4], p2[v_ax0, v_ax1, T.int64(0), T.int64(0), v_ax4])
                T.writes(T_add[v_ax0, v_ax1, v_ax2, v_ax3, v_ax4])
                T_add[v_ax0, v_ax1, v_ax2, v_ax3, v_ax4] = conv2d_NCHWc[v_ax0, v_ax1, v_ax2, v_ax3, v_ax4] + p2[v_ax0, v_ax1, T.int64(0), T.int64(0), v_ax4]
        for ax0, ax1, ax2, ax3, ax4 in T.grid(T.int64(1), T.int64(32), T.int64(7), T.int64(7), T.int64(4)):
            with T.block("T_relu"):
                v_ax0, v_ax1, v_ax2, v_ax3, v_ax4 = T.axis.remap("SSSSS", [ax0, ax1, ax2, ax3, ax4])
                T.reads(T_add[v_ax0, v_ax1, v_ax2, v_ax3, v_ax4])
                T.writes(T_relu[v_ax0, v_ax1, v_ax2, v_ax3, v_ax4])
                T_relu[v_ax0, v_ax1, v_ax2, v_ax3, v_ax4] = T.max(T_add[v_ax0, v_ax1, v_ax2, v_ax3, v_ax4], T.float32(0))
2024-04-29 14:01:13 [INFO] [task_scheduler.cc:164] Total 3 design space(s) generated
2024-04-29 14:01:13 [INFO] [task_scheduler.cc:170] Design space #0:
# from tvm.script import ir as I
# from tvm.script import tir as T

@I.ir_module
class Module:
    @T.prim_func
    def main(p0: T.Buffer((T.int64(1), T.int64(432), T.int64(7), T.int64(7), T.int64(4)), "float32"), p1: T.Buffer((T.int64(32), T.int64(432), T.int64(1), T.int64(1), T.int64(4), T.int64(4)), "float32"), p2: T.Buffer((T.int64(1), T.int64(32), T.int64(1), T.int64(1), T.int64(4)), "float32"), T_relu: T.Buffer((T.int64(1), T.int64(32), T.int64(7), T.int64(7), T.int64(4)), "float32")):
        T.func_attr({"tir.noalias": T.bool(True)})
        with T.block("root"):
            T.reads()
            T.writes()
            T.block_attr({"meta_schedule.parallel": 768, "meta_schedule.unroll_explicit": 16, "meta_schedule.vectorize": 64})
            conv2d_NCHWc = T.alloc_buffer((T.int64(1), T.int64(32), T.int64(7), T.int64(7), T.int64(4)))
            for n_0, oc_chunk_0, oh_0, ow_0, oc_block_0, n_1, oc_chunk_1, oh_1, ow_1, oc_block_1, ic_0, kh_0, kw_0, n_2, oc_chunk_2, oh_2, ow_2, oc_block_2, ic_1, kh_1, kw_1, n_3, oc_chunk_3, oh_3, ow_3, oc_block_3 in T.grid(T.int64(1), T.int64(1), T.int64(1), T.int64(1), T.int64(2), T.int64(1), T.int64(1), T.int64(1), T.int64(7), T.int64(1), T.int64(288), T.int64(1), T.int64(1), T.int64(1), T.int64(2), T.int64(7), T.int64(1), T.int64(1), T.int64(6), T.int64(1), T.int64(1), T.int64(1), T.int64(16), T.int64(1), T.int64(1), T.int64(2)):
                with T.block("conv2d_NCHWc"):
                    v_n = T.axis.spatial(T.int64(1), n_0 + n_1 + n_2 + n_3)
                    v_oc_chunk = T.axis.spatial(T.int64(32), oc_chunk_0 * T.int64(32) + oc_chunk_1 * T.int64(32) + oc_chunk_2 * T.int64(16) + oc_chunk_3)
                    v_oh = T.axis.spatial(T.int64(7), oh_0 * T.int64(7) + oh_1 * T.int64(7) + oh_2 + oh_3)
                    v_ow = T.axis.spatial(T.int64(7), ow_0 * T.int64(7) + ow_1 + ow_2 + ow_3)
                    v_oc_block = T.axis.spatial(T.int64(4), oc_block_0 * T.int64(2) + oc_block_1 * T.int64(2) + oc_block_2 * T.int64(2) + oc_block_3)
                    v_ic = T.axis.reduce(T.int64(1728), ic_0 * T.int64(6) + ic_1)
                    v_kh = T.axis.reduce(T.int64(1), kh_0 + kh_1)
                    v_kw = T.axis.reduce(T.int64(1), kw_0 + kw_1)
                    T.reads(p0[v_n, v_ic // T.int64(4), v_oh + v_kh, v_ow + v_kw, v_ic % T.int64(4)], p1[v_oc_chunk, v_ic // T.int64(4), v_kh, v_kw, v_ic % T.int64(4), v_oc_block])
                    T.writes(conv2d_NCHWc[v_n, v_oc_chunk, v_oh, v_ow, v_oc_block])
                    T.block_attr({"meta_schedule.tiling_structure": "SSRSRS"})
                    with T.init():
                        conv2d_NCHWc[v_n, v_oc_chunk, v_oh, v_ow, v_oc_block] = T.float32(0)
                    conv2d_NCHWc[v_n, v_oc_chunk, v_oh, v_ow, v_oc_block] = conv2d_NCHWc[v_n, v_oc_chunk, v_oh, v_ow, v_oc_block] + p0[v_n, v_ic // T.int64(4), v_oh + v_kh, v_ow + v_kw, v_ic % T.int64(4)] * p1[v_oc_chunk, v_ic // T.int64(4), v_kh, v_kw, v_ic % T.int64(4), v_oc_block]
            for ax0, ax1, ax2, ax3, ax4 in T.grid(T.int64(1), T.int64(32), T.int64(7), T.int64(7), T.int64(4)):
                with T.block("T_relu"):
                    v_ax0, v_ax1, v_ax2, v_ax3, v_ax4 = T.axis.remap("SSSSS", [ax0, ax1, ax2, ax3, ax4])
                    T.reads(conv2d_NCHWc[v_ax0, v_ax1, v_ax2, v_ax3, v_ax4], p2[v_ax0, v_ax1, T.int64(0), T.int64(0), v_ax4])
                    T.writes(T_relu[v_ax0, v_ax1, v_ax2, v_ax3, v_ax4])
                    T_relu[v_ax0, v_ax1, v_ax2, v_ax3, v_ax4] = T.max(conv2d_NCHWc[v_ax0, v_ax1, v_ax2, v_ax3, v_ax4] + p2[v_ax0, v_ax1, T.int64(0), T.int64(0), v_ax4], T.float32(0))
b0 = sch.get_block(name="conv2d_NCHWc", func_name="main")
b1 = sch.get_block(name="T_add", func_name="main")
b2 = sch.get_block(name="root", func_name="main")
sch.compute_inline(block=b1)
sch.annotate(block_or_loop=b0, ann_key="meta_schedule.tiling_structure", ann_val="SSRSRS")
l3, l4, l5, l6, l7, l8, l9, l10 = sch.get_loops(block=b0)
v11, v12, v13, v14 = sch.sample_perfect_tile(loop=l3, n=4, max_innermost_factor=64, decision=[1, 1, 1, 1])
l15, l16, l17, l18 = sch.split(loop=l3, factors=[v11, v12, v13, v14], preserve_unit_iters=True)
v19, v20, v21, v22 = sch.sample_perfect_tile(loop=l4, n=4, max_innermost_factor=64, decision=[1, 1, 2, 16])
l23, l24, l25, l26 = sch.split(loop=l4, factors=[v19, v20, v21, v22], preserve_unit_iters=True)
v27, v28, v29, v30 = sch.sample_perfect_tile(loop=l5, n=4, max_innermost_factor=64, decision=[1, 1, 7, 1])
l31, l32, l33, l34 = sch.split(loop=l5, factors=[v27, v28, v29, v30], preserve_unit_iters=True)
v35, v36, v37, v38 = sch.sample_perfect_tile(loop=l6, n=4, max_innermost_factor=64, decision=[1, 7, 1, 1])
l39, l40, l41, l42 = sch.split(loop=l6, factors=[v35, v36, v37, v38], preserve_unit_iters=True)
v43, v44, v45, v46 = sch.sample_perfect_tile(loop=l7, n=4, max_innermost_factor=64, decision=[2, 1, 1, 2])
l47, l48, l49, l50 = sch.split(loop=l7, factors=[v43, v44, v45, v46], preserve_unit_iters=True)
v51, v52 = sch.sample_perfect_tile(loop=l8, n=2, max_innermost_factor=64, decision=[288, 6])
l53, l54 = sch.split(loop=l8, factors=[v51, v52], preserve_unit_iters=True)
v55, v56 = sch.sample_perfect_tile(loop=l9, n=2, max_innermost_factor=64, decision=[1, 1])
l57, l58 = sch.split(loop=l9, factors=[v55, v56], preserve_unit_iters=True)
v59, v60 = sch.sample_perfect_tile(loop=l10, n=2, max_innermost_factor=64, decision=[1, 1])
l61, l62 = sch.split(loop=l10, factors=[v59, v60], preserve_unit_iters=True)
sch.reorder(l15, l23, l31, l39, l47, l16, l24, l32, l40, l48, l53, l57, l61, l17, l25, l33, l41, l49, l54, l58, l62, l18, l26, l34, l42, l50)
sch.annotate(block_or_loop=b2, ann_key="meta_schedule.parallel", ann_val=768)
sch.annotate(block_or_loop=b2, ann_key="meta_schedule.vectorize", ann_val=64)
v63 = sch.sample_categorical(candidates=[0, 16, 64, 512], probs=[0.25, 0.25, 0.25, 0.25], decision=1)
sch.annotate(block_or_loop=b2, ann_key="meta_schedule.unroll_explicit", ann_val=v63)
2024-04-29 14:01:13 [INFO] [task_scheduler.cc:170] Design space #1:
# from tvm.script import ir as I
# from tvm.script import tir as T

@I.ir_module
class Module:
    @T.prim_func
    def main(p0: T.Buffer((T.int64(1), T.int64(432), T.int64(7), T.int64(7), T.int64(4)), "float32"), p1: T.Buffer((T.int64(32), T.int64(432), T.int64(1), T.int64(1), T.int64(4), T.int64(4)), "float32"), p2: T.Buffer((T.int64(1), T.int64(32), T.int64(1), T.int64(1), T.int64(4)), "float32"), T_relu: T.Buffer((T.int64(1), T.int64(32), T.int64(7), T.int64(7), T.int64(4)), "float32")):
        T.func_attr({"tir.noalias": T.bool(True)})
        with T.block("root"):
            T.reads()
            T.writes()
            T.block_attr({"meta_schedule.parallel": 768, "meta_schedule.unroll_explicit": 0, "meta_schedule.vectorize": 64})
            conv2d_NCHWc = T.alloc_buffer((T.int64(1), T.int64(32), T.int64(7), T.int64(7), T.int64(4)))
            for n_0, oc_chunk_0, oh_0, ow_0, oc_block_0, n_1, oc_chunk_1, oh_1, ow_1, oc_block_1 in T.grid(T.int64(1), T.int64(1), T.int64(1), T.int64(1), T.int64(2), T.int64(1), T.int64(1), T.int64(1), T.int64(7), T.int64(1)):
                for ic_0, kh_0, kw_0, n_2, oc_chunk_2, oh_2, ow_2, oc_block_2, ic_1, kh_1, kw_1, n_3, oc_chunk_3, oh_3, ow_3, oc_block_3 in T.grid(T.int64(288), T.int64(1), T.int64(1), T.int64(1), T.int64(2), T.int64(7), T.int64(1), T.int64(1), T.int64(6), T.int64(1), T.int64(1), T.int64(1), T.int64(16), T.int64(1), T.int64(1), T.int64(2)):
                    with T.block("conv2d_NCHWc"):
                        v_n = T.axis.spatial(T.int64(1), n_0 + n_1 + n_2 + n_3)
                        v_oc_chunk = T.axis.spatial(T.int64(32), oc_chunk_0 * T.int64(32) + oc_chunk_1 * T.int64(32) + oc_chunk_2 * T.int64(16) + oc_chunk_3)
                        v_oh = T.axis.spatial(T.int64(7), oh_0 * T.int64(7) + oh_1 * T.int64(7) + oh_2 + oh_3)
                        v_ow = T.axis.spatial(T.int64(7), ow_0 * T.int64(7) + ow_1 + ow_2 + ow_3)
                        v_oc_block = T.axis.spatial(T.int64(4), oc_block_0 * T.int64(2) + oc_block_1 * T.int64(2) + oc_block_2 * T.int64(2) + oc_block_3)
                        v_ic = T.axis.reduce(T.int64(1728), ic_0 * T.int64(6) + ic_1)
                        v_kh = T.axis.reduce(T.int64(1), kh_0 + kh_1)
                        v_kw = T.axis.reduce(T.int64(1), kw_0 + kw_1)
                        T.reads(p0[v_n, v_ic // T.int64(4), v_oh + v_kh, v_ow + v_kw, v_ic % T.int64(4)], p1[v_oc_chunk, v_ic // T.int64(4), v_kh, v_kw, v_ic % T.int64(4), v_oc_block])
                        T.writes(conv2d_NCHWc[v_n, v_oc_chunk, v_oh, v_ow, v_oc_block])
                        T.block_attr({"meta_schedule.tiling_structure": "SSRSRS"})
                        with T.init():
                            conv2d_NCHWc[v_n, v_oc_chunk, v_oh, v_ow, v_oc_block] = T.float32(0)
                        conv2d_NCHWc[v_n, v_oc_chunk, v_oh, v_ow, v_oc_block] = conv2d_NCHWc[v_n, v_oc_chunk, v_oh, v_ow, v_oc_block] + p0[v_n, v_ic // T.int64(4), v_oh + v_kh, v_ow + v_kw, v_ic % T.int64(4)] * p1[v_oc_chunk, v_ic // T.int64(4), v_kh, v_kw, v_ic % T.int64(4), v_oc_block]
                for ax0, ax1, ax2, ax3, ax4 in T.grid(T.int64(1), T.int64(32), T.int64(7), T.int64(1), T.int64(2)):
                    with T.block("T_relu"):
                        v_ax0, v_ax1, v_ax2 = T.axis.remap("SSS", [ax0, ax1, ax2])
                        v_ax3 = T.axis.spatial(T.int64(7), ow_1 + ax3)
                        v_ax4 = T.axis.spatial(T.int64(4), oc_block_0 * T.int64(2) + ax4)
                        T.reads(conv2d_NCHWc[v_ax0, v_ax1, v_ax2, v_ax3, v_ax4], p2[v_ax0, v_ax1, T.int64(0), T.int64(0), v_ax4])
                        T.writes(T_relu[v_ax0, v_ax1, v_ax2, v_ax3, v_ax4])
                        T_relu[v_ax0, v_ax1, v_ax2, v_ax3, v_ax4] = T.max(conv2d_NCHWc[v_ax0, v_ax1, v_ax2, v_ax3, v_ax4] + p2[v_ax0, v_ax1, T.int64(0), T.int64(0), v_ax4], T.float32(0))
b0 = sch.get_block(name="conv2d_NCHWc", func_name="main")
b1 = sch.get_block(name="T_add", func_name="main")
b2 = sch.get_block(name="root", func_name="main")
sch.compute_inline(block=b1)
sch.annotate(block_or_loop=b0, ann_key="meta_schedule.tiling_structure", ann_val="SSRSRS")
l3, l4, l5, l6, l7, l8, l9, l10 = sch.get_loops(block=b0)
v11, v12, v13, v14 = sch.sample_perfect_tile(loop=l3, n=4, max_innermost_factor=64, decision=[1, 1, 1, 1])
l15, l16, l17, l18 = sch.split(loop=l3, factors=[v11, v12, v13, v14], preserve_unit_iters=True)
v19, v20, v21, v22 = sch.sample_perfect_tile(loop=l4, n=4, max_innermost_factor=64, decision=[1, 1, 2, 16])
l23, l24, l25, l26 = sch.split(loop=l4, factors=[v19, v20, v21, v22], preserve_unit_iters=True)
v27, v28, v29, v30 = sch.sample_perfect_tile(loop=l5, n=4, max_innermost_factor=64, decision=[1, 1, 7, 1])
l31, l32, l33, l34 = sch.split(loop=l5, factors=[v27, v28, v29, v30], preserve_unit_iters=True)
v35, v36, v37, v38 = sch.sample_perfect_tile(loop=l6, n=4, max_innermost_factor=64, decision=[1, 7, 1, 1])
l39, l40, l41, l42 = sch.split(loop=l6, factors=[v35, v36, v37, v38], preserve_unit_iters=True)
v43, v44, v45, v46 = sch.sample_perfect_tile(loop=l7, n=4, max_innermost_factor=64, decision=[2, 1, 1, 2])
l47, l48, l49, l50 = sch.split(loop=l7, factors=[v43, v44, v45, v46], preserve_unit_iters=True)
v51, v52 = sch.sample_perfect_tile(loop=l8, n=2, max_innermost_factor=64, decision=[288, 6])
l53, l54 = sch.split(loop=l8, factors=[v51, v52], preserve_unit_iters=True)
v55, v56 = sch.sample_perfect_tile(loop=l9, n=2, max_innermost_factor=64, decision=[1, 1])
l57, l58 = sch.split(loop=l9, factors=[v55, v56], preserve_unit_iters=True)
v59, v60 = sch.sample_perfect_tile(loop=l10, n=2, max_innermost_factor=64, decision=[1, 1])
l61, l62 = sch.split(loop=l10, factors=[v59, v60], preserve_unit_iters=True)
sch.reorder(l15, l23, l31, l39, l47, l16, l24, l32, l40, l48, l53, l57, l61, l17, l25, l33, l41, l49, l54, l58, l62, l18, l26, l34, l42, l50)
b63, = sch.get_consumers(block=b0)
sch.reverse_compute_at(block=b63, loop=l48, preserve_unit_loops=True, index=-1)
sch.annotate(block_or_loop=b2, ann_key="meta_schedule.parallel", ann_val=768)
sch.annotate(block_or_loop=b2, ann_key="meta_schedule.vectorize", ann_val=64)
v64 = sch.sample_categorical(candidates=[0, 16, 64, 512], probs=[0.25, 0.25, 0.25, 0.25], decision=0)
sch.annotate(block_or_loop=b2, ann_key="meta_schedule.unroll_explicit", ann_val=v64)
2024-04-29 14:01:13 [INFO] [task_scheduler.cc:170] Design space #2:
# from tvm.script import ir as I
# from tvm.script import tir as T

@I.ir_module
class Module:
    @T.prim_func
    def main(p0: T.Buffer((T.int64(1), T.int64(432), T.int64(7), T.int64(7), T.int64(4)), "float32"), p1: T.Buffer((T.int64(32), T.int64(432), T.int64(1), T.int64(1), T.int64(4), T.int64(4)), "float32"), p2: T.Buffer((T.int64(1), T.int64(32), T.int64(1), T.int64(1), T.int64(4)), "float32"), T_relu: T.Buffer((T.int64(1), T.int64(32), T.int64(7), T.int64(7), T.int64(4)), "float32")):
        T.func_attr({"tir.noalias": T.bool(True)})
        with T.block("root"):
            T.reads()
            T.writes()
            T.block_attr({"meta_schedule.parallel": 768, "meta_schedule.unroll_explicit": 16, "meta_schedule.vectorize": 64})
            conv2d_NCHWc = T.alloc_buffer((T.int64(1), T.int64(32), T.int64(7), T.int64(7), T.int64(4)))
            for n_0, oc_chunk_0, oh_0, ow_0, oc_block_0 in T.grid(T.int64(1), T.int64(1), T.int64(1), T.int64(1), T.int64(2)):
                for n_1, oc_chunk_1, oh_1, ow_1, oc_block_1, ic_0, kh_0, kw_0, n_2, oc_chunk_2, oh_2, ow_2, oc_block_2, ic_1, kh_1, kw_1, n_3, oc_chunk_3, oh_3, ow_3, oc_block_3 in T.grid(T.int64(1), T.int64(1), T.int64(1), T.int64(7), T.int64(1), T.int64(288), T.int64(1), T.int64(1), T.int64(1), T.int64(2), T.int64(7), T.int64(1), T.int64(1), T.int64(6), T.int64(1), T.int64(1), T.int64(1), T.int64(16), T.int64(1), T.int64(1), T.int64(2)):
                    with T.block("conv2d_NCHWc"):
                        v_n = T.axis.spatial(T.int64(1), n_0 + n_1 + n_2 + n_3)
                        v_oc_chunk = T.axis.spatial(T.int64(32), oc_chunk_0 * T.int64(32) + oc_chunk_1 * T.int64(32) + oc_chunk_2 * T.int64(16) + oc_chunk_3)
                        v_oh = T.axis.spatial(T.int64(7), oh_0 * T.int64(7) + oh_1 * T.int64(7) + oh_2 + oh_3)
                        v_ow = T.axis.spatial(T.int64(7), ow_0 * T.int64(7) + ow_1 + ow_2 + ow_3)
                        v_oc_block = T.axis.spatial(T.int64(4), oc_block_0 * T.int64(2) + oc_block_1 * T.int64(2) + oc_block_2 * T.int64(2) + oc_block_3)
                        v_ic = T.axis.reduce(T.int64(1728), ic_0 * T.int64(6) + ic_1)
                        v_kh = T.axis.reduce(T.int64(1), kh_0 + kh_1)
                        v_kw = T.axis.reduce(T.int64(1), kw_0 + kw_1)
                        T.reads(p0[v_n, v_ic // T.int64(4), v_oh + v_kh, v_ow + v_kw, v_ic % T.int64(4)], p1[v_oc_chunk, v_ic // T.int64(4), v_kh, v_kw, v_ic % T.int64(4), v_oc_block])
                        T.writes(conv2d_NCHWc[v_n, v_oc_chunk, v_oh, v_ow, v_oc_block])
                        T.block_attr({"meta_schedule.tiling_structure": "SSRSRS"})
                        with T.init():
                            conv2d_NCHWc[v_n, v_oc_chunk, v_oh, v_ow, v_oc_block] = T.float32(0)
                        conv2d_NCHWc[v_n, v_oc_chunk, v_oh, v_ow, v_oc_block] = conv2d_NCHWc[v_n, v_oc_chunk, v_oh, v_ow, v_oc_block] + p0[v_n, v_ic // T.int64(4), v_oh + v_kh, v_ow + v_kw, v_ic % T.int64(4)] * p1[v_oc_chunk, v_ic // T.int64(4), v_kh, v_kw, v_ic % T.int64(4), v_oc_block]
                for ax0, ax1, ax2, ax3, ax4 in T.grid(T.int64(1), T.int64(32), T.int64(7), T.int64(7), T.int64(2)):
                    with T.block("T_relu"):
                        v_ax0, v_ax1, v_ax2, v_ax3 = T.axis.remap("SSSS", [ax0, ax1, ax2, ax3])
                        v_ax4 = T.axis.spatial(T.int64(4), oc_block_0 * T.int64(2) + ax4)
                        T.reads(conv2d_NCHWc[v_ax0, v_ax1, v_ax2, v_ax3, v_ax4], p2[v_ax0, v_ax1, T.int64(0), T.int64(0), v_ax4])
                        T.writes(T_relu[v_ax0, v_ax1, v_ax2, v_ax3, v_ax4])
                        T_relu[v_ax0, v_ax1, v_ax2, v_ax3, v_ax4] = T.max(conv2d_NCHWc[v_ax0, v_ax1, v_ax2, v_ax3, v_ax4] + p2[v_ax0, v_ax1, T.int64(0), T.int64(0), v_ax4], T.float32(0))
b0 = sch.get_block(name="conv2d_NCHWc", func_name="main")
b1 = sch.get_block(name="T_add", func_name="main")
b2 = sch.get_block(name="root", func_name="main")
sch.compute_inline(block=b1)
sch.annotate(block_or_loop=b0, ann_key="meta_schedule.tiling_structure", ann_val="SSRSRS")
l3, l4, l5, l6, l7, l8, l9, l10 = sch.get_loops(block=b0)
v11, v12, v13, v14 = sch.sample_perfect_tile(loop=l3, n=4, max_innermost_factor=64, decision=[1, 1, 1, 1])
l15, l16, l17, l18 = sch.split(loop=l3, factors=[v11, v12, v13, v14], preserve_unit_iters=True)
v19, v20, v21, v22 = sch.sample_perfect_tile(loop=l4, n=4, max_innermost_factor=64, decision=[1, 1, 2, 16])
l23, l24, l25, l26 = sch.split(loop=l4, factors=[v19, v20, v21, v22], preserve_unit_iters=True)
v27, v28, v29, v30 = sch.sample_perfect_tile(loop=l5, n=4, max_innermost_factor=64, decision=[1, 1, 7, 1])
l31, l32, l33, l34 = sch.split(loop=l5, factors=[v27, v28, v29, v30], preserve_unit_iters=True)
v35, v36, v37, v38 = sch.sample_perfect_tile(loop=l6, n=4, max_innermost_factor=64, decision=[1, 7, 1, 1])
l39, l40, l41, l42 = sch.split(loop=l6, factors=[v35, v36, v37, v38], preserve_unit_iters=True)
v43, v44, v45, v46 = sch.sample_perfect_tile(loop=l7, n=4, max_innermost_factor=64, decision=[2, 1, 1, 2])
l47, l48, l49, l50 = sch.split(loop=l7, factors=[v43, v44, v45, v46], preserve_unit_iters=True)
v51, v52 = sch.sample_perfect_tile(loop=l8, n=2, max_innermost_factor=64, decision=[288, 6])
l53, l54 = sch.split(loop=l8, factors=[v51, v52], preserve_unit_iters=True)
v55, v56 = sch.sample_perfect_tile(loop=l9, n=2, max_innermost_factor=64, decision=[1, 1])
l57, l58 = sch.split(loop=l9, factors=[v55, v56], preserve_unit_iters=True)
v59, v60 = sch.sample_perfect_tile(loop=l10, n=2, max_innermost_factor=64, decision=[1, 1])
l61, l62 = sch.split(loop=l10, factors=[v59, v60], preserve_unit_iters=True)
sch.reorder(l15, l23, l31, l39, l47, l16, l24, l32, l40, l48, l53, l57, l61, l17, l25, l33, l41, l49, l54, l58, l62, l18, l26, l34, l42, l50)
b63, = sch.get_consumers(block=b0)
sch.reverse_compute_at(block=b63, loop=l47, preserve_unit_loops=True, index=-1)
sch.annotate(block_or_loop=b2, ann_key="meta_schedule.parallel", ann_val=768)
sch.annotate(block_or_loop=b2, ann_key="meta_schedule.vectorize", ann_val=64)
v64 = sch.sample_categorical(candidates=[0, 16, 64, 512], probs=[0.25, 0.25, 0.25, 0.25], decision=1)
sch.annotate(block_or_loop=b2, ann_key="meta_schedule.unroll_explicit", ann_val=v64)
2024-04-29 14:15:45 [INFO] [evolutionary_search.cc:713] Generating candidates......
2024-04-29 14:15:45 [INFO] [evolutionary_search.cc:715] Picked top 0 candidate(s) from database
2024-04-29 14:15:48 [INFO] [evolutionary_search.cc:533] Sample-Init-Population summary:
Postproc #0 [meta_schedule.DisallowDynamicLoop(0xb7355a8)]: 0 failure(s)
Postproc #1 [meta_schedule.RewriteParallelVectorizeUnroll(0x77f5d78)]: 0 failure(s)
Postproc #2 [meta_schedule.RewriteReductionBlock(0xa2af018)]: 0 failure(s)
Postproc #3 [meta_schedule.RewriteLayout(0xa0c1ea8)]: 0 failure(s)
2024-04-29 14:15:48 [INFO] [evolutionary_search.cc:723] Sampled 512 candidate(s)
2024-04-29 14:15:51 [INFO] [evolutionary_search.cc:621] Evolve iter #0 done. Summary:
Postproc #0 [meta_schedule.DisallowDynamicLoop(0xb7355a8)]: 0 failure(s)
Postproc #1 [meta_schedule.RewriteParallelVectorizeUnroll(0x77f5d78)]: 0 failure(s)
Postproc #2 [meta_schedule.RewriteReductionBlock(0xa2af018)]: 0 failure(s)
Postproc #3 [meta_schedule.RewriteLayout(0xa0c1ea8)]: 0 failure(s)
2024-04-29 14:15:54 [INFO] [evolutionary_search.cc:621] Evolve iter #1 done. Summary:
Postproc #0 [meta_schedule.DisallowDynamicLoop(0xb7355a8)]: 0 failure(s)
Postproc #1 [meta_schedule.RewriteParallelVectorizeUnroll(0x77f5d78)]: 0 failure(s)
Postproc #2 [meta_schedule.RewriteReductionBlock(0xa2af018)]: 0 failure(s)
Postproc #3 [meta_schedule.RewriteLayout(0xa0c1ea8)]: 0 failure(s)
2024-04-29 14:15:57 [INFO] [evolutionary_search.cc:621] Evolve iter #2 done. Summary:
Postproc #0 [meta_schedule.DisallowDynamicLoop(0xb7355a8)]: 0 failure(s)
Postproc #1 [meta_schedule.RewriteParallelVectorizeUnroll(0x77f5d78)]: 0 failure(s)
Postproc #2 [meta_schedule.RewriteReductionBlock(0xa2af018)]: 0 failure(s)
Postproc #3 [meta_schedule.RewriteLayout(0xa0c1ea8)]: 0 failure(s)
2024-04-29 14:16:00 [INFO] [evolutionary_search.cc:621] Evolve iter #3 done. Summary:
Postproc #0 [meta_schedule.DisallowDynamicLoop(0xb7355a8)]: 0 failure(s)
Postproc #1 [meta_schedule.RewriteParallelVectorizeUnroll(0x77f5d78)]: 0 failure(s)
Postproc #2 [meta_schedule.RewriteReductionBlock(0xa2af018)]: 0 failure(s)
Postproc #3 [meta_schedule.RewriteLayout(0xa0c1ea8)]: 0 failure(s)
2024-04-29 14:16:00 [INFO] [evolutionary_search.cc:649] Scores of the best 64 candidates:
[1 : 16]:	0.9997  0.9990  0.9989  0.9980  0.9979  0.9974  0.9969  0.9967  0.9963  0.9957  0.9951  0.9950  0.9948  0.9944  0.9938  0.9928
[17 : 32]:	0.9927  0.9921  0.9920  0.9917  0.9912  0.9908  0.9899  0.9898  0.9894  0.9884  0.9883  0.9880  0.9879  0.9877  0.9864  0.9861
[33 : 48]:	0.9855  0.9852  0.9842  0.9839  0.9832  0.9827  0.9827  0.9827  0.9824  0.9821  0.9818  0.9815  0.9814  0.9810  0.9808  0.9806
[49 : 64]:	0.9781  0.9763  0.9762  0.9759  0.9741  0.9739  0.9736  0.9724  0.9716  0.9713  0.9710  0.9708  0.9704  0.9703  0.9702  0.9698
2024-04-29 14:16:01 [INFO] [evolutionary_search.cc:727] Got 64 candidate(s) with evolutionary search
2024-04-29 14:16:01 [INFO] [evolutionary_search.cc:730] Sending 64 candidates(s) for measurement
2024-04-29 17:05:09 [INFO] [task_scheduler.cc:131] [Task #5: fused_nn_contrib_conv2d_NCHWc_add_nn_relu_5] Trial #1: GFLOPs: 9.4899. Time: 2285.4371 us. Best GFLOPs: 9.4899
2024-04-29 17:05:09 [INFO] [task_scheduler.cc:131] [Task #5: fused_nn_contrib_conv2d_NCHWc_add_nn_relu_5] Trial #2: GFLOPs: 5.0719. Time: 4276.2452 us. Best GFLOPs: 9.4899
2024-04-29 17:05:09 [INFO] [task_scheduler.cc:131] [Task #5: fused_nn_contrib_conv2d_NCHWc_add_nn_relu_5] Trial #3: GFLOPs: 17.3346. Time: 1251.1738 us. Best GFLOPs: 17.3346
2024-04-29 17:05:09 [INFO] [task_scheduler.cc:131] [Task #5: fused_nn_contrib_conv2d_NCHWc_add_nn_relu_5] Trial #4: GFLOPs: 41.6555. Time: 520.6650 us. Best GFLOPs: 41.6555
2024-04-29 17:05:09 [INFO] [task_scheduler.cc:131] [Task #5: fused_nn_contrib_conv2d_NCHWc_add_nn_relu_5] Trial #5: GFLOPs: 22.1473. Time: 979.2897 us. Best GFLOPs: 41.6555
2024-04-29 17:05:09 [INFO] [task_scheduler.cc:131] [Task #5: fused_nn_contrib_conv2d_NCHWc_add_nn_relu_5] Trial #6: GFLOPs: 39.8786. Time: 543.8655 us. Best GFLOPs: 41.6555
2024-04-29 17:05:09 [INFO] [task_scheduler.cc:131] [Task #5: fused_nn_contrib_conv2d_NCHWc_add_nn_relu_5] Trial #7: GFLOPs: 81.7466. Time: 265.3146 us. Best GFLOPs: 81.7466
2024-04-29 17:05:09 [INFO] [task_scheduler.cc:131] [Task #5: fused_nn_contrib_conv2d_NCHWc_add_nn_relu_5] Trial #8: GFLOPs: 22.0499. Time: 983.6147 us. Best GFLOPs: 81.7466
2024-04-29 17:05:09 [INFO] [task_scheduler.cc:131] [Task #5: fused_nn_contrib_conv2d_NCHWc_add_nn_relu_5] Trial #9: GFLOPs: 54.8461. Time: 395.4443 us. Best GFLOPs: 81.7466
2024-04-29 17:05:09 [INFO] [task_scheduler.cc:131] [Task #5: fused_nn_contrib_conv2d_NCHWc_add_nn_relu_5] Trial #10: GFLOPs: 10.2231. Time: 2121.5199 us. Best GFLOPs: 81.7466
2024-04-29 17:05:09 [INFO] [task_scheduler.cc:131] [Task #5: fused_nn_contrib_conv2d_NCHWc_add_nn_relu_5] Trial #11: GFLOPs: 90.4539. Time: 239.7750 us. Best GFLOPs: 90.4539
2024-04-29 17:05:09 [INFO] [task_scheduler.cc:131] [Task #5: fused_nn_contrib_conv2d_NCHWc_add_nn_relu_5] Trial #12: GFLOPs: 77.3654. Time: 280.3395 us. Best GFLOPs: 90.4539
2024-04-29 17:05:09 [INFO] [task_scheduler.cc:131] [Task #5: fused_nn_contrib_conv2d_NCHWc_add_nn_relu_5] Trial #13: GFLOPs: 6.3788. Time: 3400.0946 us. Best GFLOPs: 90.4539
2024-04-29 17:05:09 [INFO] [task_scheduler.cc:131] [Task #5: fused_nn_contrib_conv2d_NCHWc_add_nn_relu_5] Trial #14: GFLOPs: 4.1131. Time: 5273.0822 us. Best GFLOPs: 90.4539
2024-04-29 17:05:09 [INFO] [task_scheduler.cc:121] [Task #5: fused_nn_contrib_conv2d_NCHWc_add_nn_relu_5] Trial #15: Error in building:
LocalBuilder: Timeout, killed after 30.0 seconds
# from tvm.script import ir as I
# from tvm.script import tir as T

@I.ir_module
class Module:
    @T.prim_func
    def main(p0: T.Buffer((T.int64(1), T.int64(432), T.int64(7), T.int64(7), T.int64(4)), "float32"), p1: T.Buffer((T.int64(32), T.int64(432), T.int64(1), T.int64(1), T.int64(4), T.int64(4)), "float32"), p2: T.Buffer((T.int64(1), T.int64(32), T.int64(1), T.int64(1), T.int64(4)), "float32"), T_relu: T.Buffer((T.int64(1), T.int64(32), T.int64(7), T.int64(7), T.int64(4)), "float32")):
        T.func_attr({"tir.noalias": T.bool(True)})
        # with T.block("root"):
        conv2d_NCHWc = T.alloc_buffer((T.int64(1), T.int64(32), T.int64(7), T.int64(7), T.int64(4)))
        for n_0 in T.serial(T.int64(1), annotations={"pragma_auto_unroll_max_step": 512, "pragma_unroll_explicit": 1}):
            for oc_chunk_0, oh_0, ow_0, oc_block_0 in T.grid(T.int64(1), T.int64(1), T.int64(1), T.int64(1)):
                for n_1, oc_chunk_1, oh_1, ow_1, oc_block_1 in T.grid(T.int64(1), T.int64(32), T.int64(1), T.int64(7), T.int64(1)):
                    for n_2_init, oc_chunk_2_init, oh_2_init, ow_2_init, oc_block_2_init, n_3_init, oc_chunk_3_init, oh_3_init, ow_3_init in T.grid(T.int64(1), T.int64(1), T.int64(1), T.int64(1), T.int64(1), T.int64(1), T.int64(1), T.int64(7), T.int64(1)):
                        for oc_block_3_fused_init in T.vectorized(T.int64(4)):
                            with T.block("conv2d_NCHWc_init"):
                                v_n = T.axis.spatial(T.int64(1), n_0 + n_1 + n_2_init + n_3_init)
                                v_oc_chunk = T.axis.spatial(T.int64(32), oc_chunk_0 * T.int64(32) + oc_chunk_1 + oc_chunk_2_init + oc_chunk_3_init)
                                v_oh = T.axis.spatial(T.int64(7), oh_0 * T.int64(7) + oh_1 * T.int64(7) + oh_2_init * T.int64(7) + oh_3_init)
                                v_ow = T.axis.spatial(T.int64(7), ow_0 * T.int64(7) + ow_1 + ow_2_init + ow_3_init)
                                v_oc_block = T.axis.spatial(T.int64(4), oc_block_0 * T.int64(4) + oc_block_1 * T.int64(4) + oc_block_2_init * T.int64(4) + oc_block_3_fused_init)
                                T.reads()
                                T.writes(conv2d_NCHWc[v_n, v_oc_chunk, v_oh, v_ow, v_oc_block])
                                T.block_attr({"meta_schedule.tiling_structure": "SSRSRS"})
                                conv2d_NCHWc[v_n, v_oc_chunk, v_oh, v_ow, v_oc_block] = T.float32(0)
                    for ic_0, kh_0, kw_0, n_2, oc_chunk_2, oh_2, ow_2, oc_block_2, ic_1, kh_1, kw_1, n_3, oc_chunk_3, oh_3, ow_3 in T.grid(T.int64(32), T.int64(1), T.int64(1), T.int64(1), T.int64(1), T.int64(1), T.int64(1), T.int64(1), T.int64(54), T.int64(1), T.int64(1), T.int64(1), T.int64(1), T.int64(7), T.int64(1)):
                        for oc_block_3_fused in T.vectorized(T.int64(4)):
                            with T.block("conv2d_NCHWc_update"):
                                v_n = T.axis.spatial(T.int64(1), n_0 + n_1 + n_2 + n_3)
                                v_oc_chunk = T.axis.spatial(T.int64(32), oc_chunk_0 * T.int64(32) + oc_chunk_1 + oc_chunk_2 + oc_chunk_3)
                                v_oh = T.axis.spatial(T.int64(7), oh_0 * T.int64(7) + oh_1 * T.int64(7) + oh_2 * T.int64(7) + oh_3)
                                v_ow = T.axis.spatial(T.int64(7), ow_0 * T.int64(7) + ow_1 + ow_2 + ow_3)
                                v_oc_block = T.axis.spatial(T.int64(4), oc_block_0 * T.int64(4) + oc_block_1 * T.int64(4) + oc_block_2 * T.int64(4) + oc_block_3_fused)
                                v_ic = T.axis.reduce(T.int64(1728), ic_0 * T.int64(54) + ic_1)
                                v_kh = T.axis.reduce(T.int64(1), kh_0 + kh_1)
                                v_kw = T.axis.reduce(T.int64(1), kw_0 + kw_1)
                                T.reads(conv2d_NCHWc[v_n, v_oc_chunk, v_oh, v_ow, v_oc_block], p0[v_n, v_ic // T.int64(4), v_oh + v_kh, v_ow + v_kw, v_ic % T.int64(4)], p1[v_oc_chunk, v_ic // T.int64(4), v_kh, v_kw, v_ic % T.int64(4), v_oc_block])
                                T.writes(conv2d_NCHWc[v_n, v_oc_chunk, v_oh, v_ow, v_oc_block])
                                T.block_attr({"meta_schedule.tiling_structure": "SSRSRS"})
                                conv2d_NCHWc[v_n, v_oc_chunk, v_oh, v_ow, v_oc_block] = conv2d_NCHWc[v_n, v_oc_chunk, v_oh, v_ow, v_oc_block] + p0[v_n, v_ic // T.int64(4), v_oh + v_kh, v_ow + v_kw, v_ic % T.int64(4)] * p1[v_oc_chunk, v_ic // T.int64(4), v_kh, v_kw, v_ic % T.int64(4), v_oc_block]
                for ax0, ax1, ax2 in T.grid(T.int64(1), T.int64(32), T.int64(7)):
                    for ax3_ax4_fused in T.vectorized(T.int64(28)):
                        with T.block("T_relu"):
                            v_ax0, v_ax1, v_ax2 = T.axis.remap("SSS", [ax0, ax1, ax2])
                            v_ax3 = T.axis.spatial(T.int64(7), ax3_ax4_fused // T.int64(4))
                            v_ax4 = T.axis.spatial(T.int64(4), ax3_ax4_fused % T.int64(4))
                            T.reads(conv2d_NCHWc[v_ax0, v_ax1, v_ax2, v_ax3, v_ax4], p2[v_ax0, v_ax1, T.int64(0), T.int64(0), v_ax4])
                            T.writes(T_relu[v_ax0, v_ax1, v_ax2, v_ax3, v_ax4])
                            T_relu[v_ax0, v_ax1, v_ax2, v_ax3, v_ax4] = T.max(conv2d_NCHWc[v_ax0, v_ax1, v_ax2, v_ax3, v_ax4] + p2[v_ax0, v_ax1, T.int64(0), T.int64(0), v_ax4], T.float32(0))
b0 = sch.get_block(name="conv2d_NCHWc", func_name="main")
b1 = sch.get_block(name="T_add", func_name="main")
b2 = sch.get_block(name="root", func_name="main")
sch.compute_inline(block=b1)
sch.annotate(block_or_loop=b0, ann_key="meta_schedule.tiling_structure", ann_val="SSRSRS")
l3, l4, l5, l6, l7, l8, l9, l10 = sch.get_loops(block=b0)
v11, v12, v13, v14 = sch.sample_perfect_tile(loop=l3, n=4, max_innermost_factor=64, decision=[1, 1, 1, 1])
l15, l16, l17, l18 = sch.split(loop=l3, factors=[v11, v12, v13, v14], preserve_unit_iters=True)
v19, v20, v21, v22 = sch.sample_perfect_tile(loop=l4, n=4, max_innermost_factor=64, decision=[1, 32, 1, 1])
l23, l24, l25, l26 = sch.split(loop=l4, factors=[v19, v20, v21, v22], preserve_unit_iters=True)
v27, v28, v29, v30 = sch.sample_perfect_tile(loop=l5, n=4, max_innermost_factor=64, decision=[1, 1, 1, 7])
l31, l32, l33, l34 = sch.split(loop=l5, factors=[v27, v28, v29, v30], preserve_unit_iters=True)
v35, v36, v37, v38 = sch.sample_perfect_tile(loop=l6, n=4, max_innermost_factor=64, decision=[1, 7, 1, 1])
l39, l40, l41, l42 = sch.split(loop=l6, factors=[v35, v36, v37, v38], preserve_unit_iters=True)
v43, v44, v45, v46 = sch.sample_perfect_tile(loop=l7, n=4, max_innermost_factor=64, decision=[1, 1, 1, 4])
l47, l48, l49, l50 = sch.split(loop=l7, factors=[v43, v44, v45, v46], preserve_unit_iters=True)
v51, v52 = sch.sample_perfect_tile(loop=l8, n=2, max_innermost_factor=64, decision=[32, 54])
l53, l54 = sch.split(loop=l8, factors=[v51, v52], preserve_unit_iters=True)
v55, v56 = sch.sample_perfect_tile(loop=l9, n=2, max_innermost_factor=64, decision=[1, 1])
l57, l58 = sch.split(loop=l9, factors=[v55, v56], preserve_unit_iters=True)
v59, v60 = sch.sample_perfect_tile(loop=l10, n=2, max_innermost_factor=64, decision=[1, 1])
l61, l62 = sch.split(loop=l10, factors=[v59, v60], preserve_unit_iters=True)
sch.reorder(l15, l23, l31, l39, l47, l16, l24, l32, l40, l48, l53, l57, l61, l17, l25, l33, l41, l49, l54, l58, l62, l18, l26, l34, l42, l50)
b63, = sch.get_consumers(block=b0)
sch.reverse_compute_at(block=b63, loop=l47, preserve_unit_loops=True, index=-1)
sch.annotate(block_or_loop=b2, ann_key="meta_schedule.parallel", ann_val=768)
sch.annotate(block_or_loop=b2, ann_key="meta_schedule.vectorize", ann_val=64)
v64 = sch.sample_categorical(candidates=[0, 16, 64, 512], probs=[0.25, 0.25, 0.25, 0.25], decision=3)
sch.annotate(block_or_loop=b2, ann_key="meta_schedule.unroll_explicit", ann_val=v64)
sch.enter_postproc()
b65 = sch.get_block(name="root", func_name="main")
sch.unannotate(block_or_loop=b65, ann_key="meta_schedule.parallel")
sch.unannotate(block_or_loop=b65, ann_key="meta_schedule.vectorize")
sch.unannotate(block_or_loop=b65, ann_key="meta_schedule.unroll_explicit")
b66, b67 = sch.get_child_blocks(b65)
l68, l69, l70, l71, l72, l73, l74, l75, l76, l77, l78, l79, l80, l81, l82, l83, l84, l85, l86, l87, l88, l89, l90, l91, l92, l93 = sch.get_loops(block=b66)
l94 = sch.fuse(l93, preserve_unit_iters=True)
sch.vectorize(loop=l94)
sch.annotate(block_or_loop=l68, ann_key="pragma_auto_unroll_max_step", ann_val=512)
sch.annotate(block_or_loop=l68, ann_key="pragma_unroll_explicit", ann_val=1)
l95, l96, l97, l98, l99, l100, l101, l102, l103, l104 = sch.get_loops(block=b67)
l105 = sch.fuse(l103, l104, preserve_unit_iters=True)
sch.vectorize(loop=l105)
b106 = sch.get_block(name="conv2d_NCHWc", func_name="main")
l107, l108, l109, l110, l111, l112, l113, l114, l115, l116, l117, l118, l119, l120, l121, l122, l123, l124, l125, l126, l127, l128, l129, l130, l131, l132 = sch.get_loops(block=b106)
b133 = sch.decompose_reduction(block=b106, loop=l117)
2024-04-29 17:05:09 [INFO] [task_scheduler.cc:131] [Task #5: fused_nn_contrib_conv2d_NCHWc_add_nn_relu_5] Trial #16: GFLOPs: 30.1419. Time: 719.5499 us. Best GFLOPs: 90.4539
2024-04-29 17:05:09 [INFO] [task_scheduler.cc:131] [Task #5: fused_nn_contrib_conv2d_NCHWc_add_nn_relu_5] Trial #17: GFLOPs: 6.3639. Time: 3408.0380 us. Best GFLOPs: 90.4539
2024-04-29 17:05:09 [INFO] [task_scheduler.cc:131] [Task #5: fused_nn_contrib_conv2d_NCHWc_add_nn_relu_5] Trial #18: GFLOPs: 46.6256. Time: 465.1642 us. Best GFLOPs: 90.4539
2024-04-29 17:05:09 [INFO] [task_scheduler.cc:131] [Task #5: fused_nn_contrib_conv2d_NCHWc_add_nn_relu_5] Trial #19: GFLOPs: 83.7095. Time: 259.0935 us. Best GFLOPs: 90.4539
2024-04-29 17:05:09 [INFO] [task_scheduler.cc:131] [Task #5: fused_nn_contrib_conv2d_NCHWc_add_nn_relu_5] Trial #20: GFLOPs: 78.4231. Time: 276.5584 us. Best GFLOPs: 90.4539
2024-04-29 17:05:09 [INFO] [task_scheduler.cc:131] [Task #5: fused_nn_contrib_conv2d_NCHWc_add_nn_relu_5] Trial #21: GFLOPs: 122.6868. Time: 176.7800 us. Best GFLOPs: 122.6868
2024-04-29 17:05:09 [INFO] [task_scheduler.cc:131] [Task #5: fused_nn_contrib_conv2d_NCHWc_add_nn_relu_5] Trial #22: GFLOPs: 10.7672. Time: 2014.3177 us. Best GFLOPs: 122.6868
2024-04-29 17:05:09 [INFO] [task_scheduler.cc:131] [Task #5: fused_nn_contrib_conv2d_NCHWc_add_nn_relu_5] Trial #23: GFLOPs: 3.3010. Time: 6570.3893 us. Best GFLOPs: 122.6868
2024-04-29 17:05:09 [INFO] [task_scheduler.cc:131] [Task #5: fused_nn_contrib_conv2d_NCHWc_add_nn_relu_5] Trial #24: GFLOPs: 3.1823. Time: 6815.3847 us. Best GFLOPs: 122.6868
2024-04-29 17:05:09 [INFO] [task_scheduler.cc:131] [Task #5: fused_nn_contrib_conv2d_NCHWc_add_nn_relu_5] Trial #25: GFLOPs: 40.6276. Time: 533.8378 us. Best GFLOPs: 122.6868
2024-04-29 17:05:09 [INFO] [task_scheduler.cc:131] [Task #5: fused_nn_contrib_conv2d_NCHWc_add_nn_relu_5] Trial #26: GFLOPs: 35.0043. Time: 619.5979 us. Best GFLOPs: 122.6868
2024-04-29 17:05:09 [INFO] [task_scheduler.cc:131] [Task #5: fused_nn_contrib_conv2d_NCHWc_add_nn_relu_5] Trial #27: GFLOPs: 45.5541. Time: 476.1055 us. Best GFLOPs: 122.6868
2024-04-29 17:05:09 [INFO] [task_scheduler.cc:131] [Task #5: fused_nn_contrib_conv2d_NCHWc_add_nn_relu_5] Trial #28: GFLOPs: 6.4163. Time: 3380.2318 us. Best GFLOPs: 122.6868
2024-04-29 17:05:09 [INFO] [task_scheduler.cc:131] [Task #5: fused_nn_contrib_conv2d_NCHWc_add_nn_relu_5] Trial #29: GFLOPs: 23.9156. Time: 906.8808 us. Best GFLOPs: 122.6868
2024-04-29 17:05:09 [INFO] [task_scheduler.cc:131] [Task #5: fused_nn_contrib_conv2d_NCHWc_add_nn_relu_5] Trial #30: GFLOPs: 48.0911. Time: 450.9890 us. Best GFLOPs: 122.6868
2024-04-29 17:05:09 [INFO] [task_scheduler.cc:131] [Task #5: fused_nn_contrib_conv2d_NCHWc_add_nn_relu_5] Trial #31: GFLOPs: 51.6803. Time: 419.6679 us. Best GFLOPs: 122.6868
2024-04-29 17:05:09 [INFO] [task_scheduler.cc:131] [Task #5: fused_nn_contrib_conv2d_NCHWc_add_nn_relu_5] Trial #32: GFLOPs: 24.7764. Time: 875.3730 us. Best GFLOPs: 122.6868
2024-04-29 17:05:09 [INFO] [task_scheduler.cc:131] [Task #5: fused_nn_contrib_conv2d_NCHWc_add_nn_relu_5] Trial #33: GFLOPs: 69.2445. Time: 313.2171 us. Best GFLOPs: 122.6868
2024-04-29 17:05:09 [INFO] [task_scheduler.cc:131] [Task #5: fused_nn_contrib_conv2d_NCHWc_add_nn_relu_5] Trial #34: GFLOPs: 12.7060. Time: 1706.9571 us. Best GFLOPs: 122.6868
2024-04-29 17:05:09 [INFO] [task_scheduler.cc:131] [Task #5: fused_nn_contrib_conv2d_NCHWc_add_nn_relu_5] Trial #35: GFLOPs: 47.2054. Time: 459.4514 us. Best GFLOPs: 122.6868
2024-04-29 17:05:09 [INFO] [task_scheduler.cc:131] [Task #5: fused_nn_contrib_conv2d_NCHWc_add_nn_relu_5] Trial #36: GFLOPs: 31.8379. Time: 681.2191 us. Best GFLOPs: 122.6868
2024-04-29 17:05:09 [INFO] [task_scheduler.cc:131] [Task #5: fused_nn_contrib_conv2d_NCHWc_add_nn_relu_5] Trial #37: GFLOPs: 128.9063. Time: 168.2507 us. Best GFLOPs: 128.9063
2024-04-29 17:05:09 [INFO] [task_scheduler.cc:131] [Task #5: fused_nn_contrib_conv2d_NCHWc_add_nn_relu_5] Trial #38: GFLOPs: 34.1035. Time: 635.9632 us. Best GFLOPs: 128.9063
2024-04-29 17:05:09 [INFO] [task_scheduler.cc:131] [Task #5: fused_nn_contrib_conv2d_NCHWc_add_nn_relu_5] Trial #39: GFLOPs: 6.6117. Time: 3280.3102 us. Best GFLOPs: 128.9063
2024-04-29 17:05:09 [INFO] [task_scheduler.cc:131] [Task #5: fused_nn_contrib_conv2d_NCHWc_add_nn_relu_5] Trial #40: GFLOPs: 18.6795. Time: 1161.0877 us. Best GFLOPs: 128.9063
2024-04-29 17:05:09 [INFO] [task_scheduler.cc:131] [Task #5: fused_nn_contrib_conv2d_NCHWc_add_nn_relu_5] Trial #41: GFLOPs: 5.5081. Time: 3937.5570 us. Best GFLOPs: 128.9063
2024-04-29 17:05:09 [INFO] [task_scheduler.cc:131] [Task #5: fused_nn_contrib_conv2d_NCHWc_add_nn_relu_5] Trial #42: GFLOPs: 80.4605. Time: 269.5557 us. Best GFLOPs: 128.9063
2024-04-29 17:05:09 [INFO] [task_scheduler.cc:131] [Task #5: fused_nn_contrib_conv2d_NCHWc_add_nn_relu_5] Trial #43: GFLOPs: 34.4151. Time: 630.2054 us. Best GFLOPs: 128.9063
2024-04-29 17:05:09 [INFO] [task_scheduler.cc:131] [Task #5: fused_nn_contrib_conv2d_NCHWc_add_nn_relu_5] Trial #44: GFLOPs: 109.2655. Time: 198.4944 us. Best GFLOPs: 128.9063
2024-04-29 17:05:09 [INFO] [task_scheduler.cc:131] [Task #5: fused_nn_contrib_conv2d_NCHWc_add_nn_relu_5] Trial #45: GFLOPs: 80.4635. Time: 269.5455 us. Best GFLOPs: 128.9063
2024-04-29 17:05:09 [INFO] [task_scheduler.cc:131] [Task #5: fused_nn_contrib_conv2d_NCHWc_add_nn_relu_5] Trial #46: GFLOPs: 52.8529. Time: 410.3571 us. Best GFLOPs: 128.9063
2024-04-29 17:05:09 [INFO] [task_scheduler.cc:121] [Task #5: fused_nn_contrib_conv2d_NCHWc_add_nn_relu_5] Trial #47: Error in building:
LocalBuilder: Timeout, killed after 30.0 seconds
# from tvm.script import ir as I
# from tvm.script import tir as T

@I.ir_module
class Module:
    @T.prim_func
    def main(p0: T.Buffer((T.int64(1), T.int64(432), T.int64(7), T.int64(7), T.int64(4)), "float32"), p1: T.Buffer((T.int64(32), T.int64(432), T.int64(1), T.int64(1), T.int64(4), T.int64(4)), "float32"), p2: T.Buffer((T.int64(1), T.int64(32), T.int64(1), T.int64(1), T.int64(4)), "float32"), T_relu: T.Buffer((T.int64(1), T.int64(32), T.int64(7), T.int64(7), T.int64(4)), "float32")):
        T.func_attr({"tir.noalias": T.bool(True)})
        # with T.block("root"):
        conv2d_NCHWc = T.alloc_buffer((T.int64(1), T.int64(32), T.int64(7), T.int64(7), T.int64(4)))
        for n_0 in T.serial(T.int64(1), annotations={"pragma_auto_unroll_max_step": 512, "pragma_unroll_explicit": 1}):
            for oc_chunk_0, oh_0, ow_0, oc_block_0 in T.grid(T.int64(1), T.int64(1), T.int64(1), T.int64(1)):
                for n_1, oc_chunk_1, oh_1, ow_1, oc_block_1 in T.grid(T.int64(1), T.int64(1), T.int64(7), T.int64(1), T.int64(2)):
                    for n_2_init, oc_chunk_2_init, oh_2_init, ow_2_init, oc_block_2_init, n_3_init, oc_chunk_3_init, oh_3_init, ow_3_init, oc_block_3_init in T.grid(T.int64(1), T.int64(16), T.int64(1), T.int64(7), T.int64(2), T.int64(1), T.int64(2), T.int64(1), T.int64(1), T.int64(1)):
                        with T.block("conv2d_NCHWc_init"):
                            v_n = T.axis.spatial(T.int64(1), n_0 + n_1 + n_2_init + n_3_init)
                            v_oc_chunk = T.axis.spatial(T.int64(32), oc_chunk_0 * T.int64(32) + oc_chunk_1 * T.int64(32) + oc_chunk_2_init * T.int64(2) + oc_chunk_3_init)
                            v_oh = T.axis.spatial(T.int64(7), oh_0 * T.int64(7) + oh_1 + oh_2_init + oh_3_init)
                            v_ow = T.axis.spatial(T.int64(7), ow_0 * T.int64(7) + ow_1 * T.int64(7) + ow_2_init + ow_3_init)
                            v_oc_block = T.axis.spatial(T.int64(4), oc_block_0 * T.int64(4) + oc_block_1 * T.int64(2) + oc_block_2_init + oc_block_3_init)
                            T.reads()
                            T.writes(conv2d_NCHWc[v_n, v_oc_chunk, v_oh, v_ow, v_oc_block])
                            T.block_attr({"meta_schedule.tiling_structure": "SSRSRS"})
                            conv2d_NCHWc[v_n, v_oc_chunk, v_oh, v_ow, v_oc_block] = T.float32(0)
                    for ic_0, kh_0, kw_0, n_2, oc_chunk_2, oh_2, ow_2, oc_block_2, ic_1, kh_1, kw_1, n_3, oc_chunk_3, oh_3, ow_3, oc_block_3 in T.grid(T.int64(144), T.int64(1), T.int64(1), T.int64(1), T.int64(16), T.int64(1), T.int64(7), T.int64(2), T.int64(12), T.int64(1), T.int64(1), T.int64(1), T.int64(2), T.int64(1), T.int64(1), T.int64(1)):
                        with T.block("conv2d_NCHWc_update"):
                            v_n = T.axis.spatial(T.int64(1), n_0 + n_1 + n_2 + n_3)
                            v_oc_chunk = T.axis.spatial(T.int64(32), oc_chunk_0 * T.int64(32) + oc_chunk_1 * T.int64(32) + oc_chunk_2 * T.int64(2) + oc_chunk_3)
                            v_oh = T.axis.spatial(T.int64(7), oh_0 * T.int64(7) + oh_1 + oh_2 + oh_3)
                            v_ow = T.axis.spatial(T.int64(7), ow_0 * T.int64(7) + ow_1 * T.int64(7) + ow_2 + ow_3)
                            v_oc_block = T.axis.spatial(T.int64(4), oc_block_0 * T.int64(4) + oc_block_1 * T.int64(2) + oc_block_2 + oc_block_3)
                            v_ic = T.axis.reduce(T.int64(1728), ic_0 * T.int64(12) + ic_1)
                            v_kh = T.axis.reduce(T.int64(1), kh_0 + kh_1)
                            v_kw = T.axis.reduce(T.int64(1), kw_0 + kw_1)
                            T.reads(conv2d_NCHWc[v_n, v_oc_chunk, v_oh, v_ow, v_oc_block], p0[v_n, v_ic // T.int64(4), v_oh + v_kh, v_ow + v_kw, v_ic % T.int64(4)], p1[v_oc_chunk, v_ic // T.int64(4), v_kh, v_kw, v_ic % T.int64(4), v_oc_block])
                            T.writes(conv2d_NCHWc[v_n, v_oc_chunk, v_oh, v_ow, v_oc_block])
                            T.block_attr({"meta_schedule.tiling_structure": "SSRSRS"})
                            conv2d_NCHWc[v_n, v_oc_chunk, v_oh, v_ow, v_oc_block] = conv2d_NCHWc[v_n, v_oc_chunk, v_oh, v_ow, v_oc_block] + p0[v_n, v_ic // T.int64(4), v_oh + v_kh, v_ow + v_kw, v_ic % T.int64(4)] * p1[v_oc_chunk, v_ic // T.int64(4), v_kh, v_kw, v_ic % T.int64(4), v_oc_block]
                for ax0, ax1, ax2 in T.grid(T.int64(1), T.int64(32), T.int64(7)):
                    for ax3_ax4_fused in T.vectorized(T.int64(28)):
                        with T.block("T_relu"):
                            v_ax0, v_ax1, v_ax2 = T.axis.remap("SSS", [ax0, ax1, ax2])
                            v_ax3 = T.axis.spatial(T.int64(7), ax3_ax4_fused // T.int64(4))
                            v_ax4 = T.axis.spatial(T.int64(4), ax3_ax4_fused % T.int64(4))
                            T.reads(conv2d_NCHWc[v_ax0, v_ax1, v_ax2, v_ax3, v_ax4], p2[v_ax0, v_ax1, T.int64(0), T.int64(0), v_ax4])
                            T.writes(T_relu[v_ax0, v_ax1, v_ax2, v_ax3, v_ax4])
                            T_relu[v_ax0, v_ax1, v_ax2, v_ax3, v_ax4] = T.max(conv2d_NCHWc[v_ax0, v_ax1, v_ax2, v_ax3, v_ax4] + p2[v_ax0, v_ax1, T.int64(0), T.int64(0), v_ax4], T.float32(0))
b0 = sch.get_block(name="conv2d_NCHWc", func_name="main")
b1 = sch.get_block(name="T_add", func_name="main")
b2 = sch.get_block(name="root", func_name="main")
sch.compute_inline(block=b1)
sch.annotate(block_or_loop=b0, ann_key="meta_schedule.tiling_structure", ann_val="SSRSRS")
l3, l4, l5, l6, l7, l8, l9, l10 = sch.get_loops(block=b0)
v11, v12, v13, v14 = sch.sample_perfect_tile(loop=l3, n=4, max_innermost_factor=64, decision=[1, 1, 1, 1])
l15, l16, l17, l18 = sch.split(loop=l3, factors=[v11, v12, v13, v14], preserve_unit_iters=True)
v19, v20, v21, v22 = sch.sample_perfect_tile(loop=l4, n=4, max_innermost_factor=64, decision=[1, 1, 16, 2])
l23, l24, l25, l26 = sch.split(loop=l4, factors=[v19, v20, v21, v22], preserve_unit_iters=True)
v27, v28, v29, v30 = sch.sample_perfect_tile(loop=l5, n=4, max_innermost_factor=64, decision=[1, 7, 1, 1])
l31, l32, l33, l34 = sch.split(loop=l5, factors=[v27, v28, v29, v30], preserve_unit_iters=True)
v35, v36, v37, v38 = sch.sample_perfect_tile(loop=l6, n=4, max_innermost_factor=64, decision=[1, 1, 7, 1])
l39, l40, l41, l42 = sch.split(loop=l6, factors=[v35, v36, v37, v38], preserve_unit_iters=True)
v43, v44, v45, v46 = sch.sample_perfect_tile(loop=l7, n=4, max_innermost_factor=64, decision=[1, 2, 2, 1])
l47, l48, l49, l50 = sch.split(loop=l7, factors=[v43, v44, v45, v46], preserve_unit_iters=True)
v51, v52 = sch.sample_perfect_tile(loop=l8, n=2, max_innermost_factor=64, decision=[144, 12])
l53, l54 = sch.split(loop=l8, factors=[v51, v52], preserve_unit_iters=True)
v55, v56 = sch.sample_perfect_tile(loop=l9, n=2, max_innermost_factor=64, decision=[1, 1])
l57, l58 = sch.split(loop=l9, factors=[v55, v56], preserve_unit_iters=True)
v59, v60 = sch.sample_perfect_tile(loop=l10, n=2, max_innermost_factor=64, decision=[1, 1])
l61, l62 = sch.split(loop=l10, factors=[v59, v60], preserve_unit_iters=True)
sch.reorder(l15, l23, l31, l39, l47, l16, l24, l32, l40, l48, l53, l57, l61, l17, l25, l33, l41, l49, l54, l58, l62, l18, l26, l34, l42, l50)
b63, = sch.get_consumers(block=b0)
sch.reverse_compute_at(block=b63, loop=l47, preserve_unit_loops=True, index=-1)
sch.annotate(block_or_loop=b2, ann_key="meta_schedule.parallel", ann_val=768)
sch.annotate(block_or_loop=b2, ann_key="meta_schedule.vectorize", ann_val=64)
v64 = sch.sample_categorical(candidates=[0, 16, 64, 512], probs=[0.25, 0.25, 0.25, 0.25], decision=3)
sch.annotate(block_or_loop=b2, ann_key="meta_schedule.unroll_explicit", ann_val=v64)
sch.enter_postproc()
b65 = sch.get_block(name="root", func_name="main")
sch.unannotate(block_or_loop=b65, ann_key="meta_schedule.parallel")
sch.unannotate(block_or_loop=b65, ann_key="meta_schedule.vectorize")
sch.unannotate(block_or_loop=b65, ann_key="meta_schedule.unroll_explicit")
b66, b67 = sch.get_child_blocks(b65)
l68, l69, l70, l71, l72, l73, l74, l75, l76, l77, l78, l79, l80, l81, l82, l83, l84, l85, l86, l87, l88, l89, l90, l91, l92, l93 = sch.get_loops(block=b66)
sch.annotate(block_or_loop=l68, ann_key="pragma_auto_unroll_max_step", ann_val=512)
sch.annotate(block_or_loop=l68, ann_key="pragma_unroll_explicit", ann_val=1)
l94, l95, l96, l97, l98, l99, l100, l101, l102, l103 = sch.get_loops(block=b67)
l104 = sch.fuse(l102, l103, preserve_unit_iters=True)
sch.vectorize(loop=l104)
b105 = sch.get_block(name="conv2d_NCHWc", func_name="main")
l106, l107, l108, l109, l110, l111, l112, l113, l114, l115, l116, l117, l118, l119, l120, l121, l122, l123, l124, l125, l126, l127, l128, l129, l130, l131 = sch.get_loops(block=b105)
b132 = sch.decompose_reduction(block=b105, loop=l116)
2024-04-29 17:05:09 [INFO] [task_scheduler.cc:131] [Task #5: fused_nn_contrib_conv2d_NCHWc_add_nn_relu_5] Trial #48: GFLOPs: 69.1931. Time: 313.4500 us. Best GFLOPs: 128.9063
2024-04-29 17:05:09 [INFO] [task_scheduler.cc:131] [Task #5: fused_nn_contrib_conv2d_NCHWc_add_nn_relu_5] Trial #49: GFLOPs: 6.3748. Time: 3402.2130 us. Best GFLOPs: 128.9063
2024-04-29 17:05:09 [INFO] [task_scheduler.cc:131] [Task #5: fused_nn_contrib_conv2d_NCHWc_add_nn_relu_5] Trial #50: GFLOPs: 24.8685. Time: 872.1296 us. Best GFLOPs: 128.9063
2024-04-29 17:05:09 [INFO] [task_scheduler.cc:131] [Task #5: fused_nn_contrib_conv2d_NCHWc_add_nn_relu_5] Trial #51: GFLOPs: 60.1265. Time: 360.7158 us. Best GFLOPs: 128.9063
2024-04-29 17:05:09 [INFO] [task_scheduler.cc:131] [Task #5: fused_nn_contrib_conv2d_NCHWc_add_nn_relu_5] Trial #52: GFLOPs: 18.6714. Time: 1161.5910 us. Best GFLOPs: 128.9063
2024-04-29 17:05:09 [INFO] [task_scheduler.cc:131] [Task #5: fused_nn_contrib_conv2d_NCHWc_add_nn_relu_5] Trial #53: GFLOPs: 14.3473. Time: 1511.6843 us. Best GFLOPs: 128.9063
2024-04-29 17:05:09 [INFO] [task_scheduler.cc:131] [Task #5: fused_nn_contrib_conv2d_NCHWc_add_nn_relu_5] Trial #54: GFLOPs: 1.5683. Time: 13829.5399 us. Best GFLOPs: 128.9063
2024-04-29 17:05:09 [INFO] [task_scheduler.cc:131] [Task #5: fused_nn_contrib_conv2d_NCHWc_add_nn_relu_5] Trial #55: GFLOPs: 43.5719. Time: 497.7651 us. Best GFLOPs: 128.9063
2024-04-29 17:05:09 [INFO] [task_scheduler.cc:131] [Task #5: fused_nn_contrib_conv2d_NCHWc_add_nn_relu_5] Trial #56: GFLOPs: 70.3949. Time: 308.0986 us. Best GFLOPs: 128.9063
2024-04-29 17:05:09 [INFO] [task_scheduler.cc:131] [Task #5: fused_nn_contrib_conv2d_NCHWc_add_nn_relu_5] Trial #57: GFLOPs: 25.0083. Time: 867.2567 us. Best GFLOPs: 128.9063
2024-04-29 17:05:09 [INFO] [task_scheduler.cc:131] [Task #5: fused_nn_contrib_conv2d_NCHWc_add_nn_relu_5] Trial #58: GFLOPs: 18.3437. Time: 1182.3472 us. Best GFLOPs: 128.9063
2024-04-29 17:05:09 [INFO] [task_scheduler.cc:121] [Task #5: fused_nn_contrib_conv2d_NCHWc_add_nn_relu_5] Trial #59: Error in building:
LocalBuilder: Timeout, killed after 30.0 seconds
# from tvm.script import ir as I
# from tvm.script import tir as T

@I.ir_module
class Module:
    @T.prim_func
    def main(p0: T.Buffer((T.int64(1), T.int64(432), T.int64(7), T.int64(7), T.int64(4)), "float32"), p1: T.Buffer((T.int64(32), T.int64(432), T.int64(1), T.int64(1), T.int64(4), T.int64(4)), "float32"), p2: T.Buffer((T.int64(1), T.int64(32), T.int64(1), T.int64(1), T.int64(4)), "float32"), T_relu: T.Buffer((T.int64(1), T.int64(32), T.int64(7), T.int64(7), T.int64(4)), "float32")):
        T.func_attr({"tir.noalias": T.bool(True)})
        # with T.block("root"):
        conv2d_NCHWc = T.alloc_buffer((T.int64(1), T.int64(32), T.int64(7), T.int64(7), T.int64(4)))
        for n_0 in T.serial(T.int64(1), annotations={"pragma_auto_unroll_max_step": 512, "pragma_unroll_explicit": 1}):
            for oc_chunk_0, oh_0, ow_0, oc_block_0 in T.grid(T.int64(1), T.int64(1), T.int64(1), T.int64(1)):
                for n_1, oc_chunk_1, oh_1, ow_1, oc_block_1 in T.grid(T.int64(1), T.int64(2), T.int64(7), T.int64(7), T.int64(1)):
                    for n_2_init, oc_chunk_2_init, oh_2_init, ow_2_init, oc_block_2_init, n_3_init, oc_chunk_3_init, oh_3_init, ow_3_init in T.grid(T.int64(1), T.int64(16), T.int64(1), T.int64(1), T.int64(1), T.int64(1), T.int64(1), T.int64(1), T.int64(1)):
                        for oc_block_3_fused_init in T.vectorized(T.int64(4)):
                            with T.block("conv2d_NCHWc_init"):
                                v_n = T.axis.spatial(T.int64(1), n_0 + n_1 + n_2_init + n_3_init)
                                v_oc_chunk = T.axis.spatial(T.int64(32), oc_chunk_0 * T.int64(32) + oc_chunk_1 * T.int64(16) + oc_chunk_2_init + oc_chunk_3_init)
                                v_oh = T.axis.spatial(T.int64(7), oh_0 * T.int64(7) + oh_1 + oh_2_init + oh_3_init)
                                v_ow = T.axis.spatial(T.int64(7), ow_0 * T.int64(7) + ow_1 + ow_2_init + ow_3_init)
                                v_oc_block = T.axis.spatial(T.int64(4), oc_block_0 * T.int64(4) + oc_block_1 * T.int64(4) + oc_block_2_init * T.int64(4) + oc_block_3_fused_init)
                                T.reads()
                                T.writes(conv2d_NCHWc[v_n, v_oc_chunk, v_oh, v_ow, v_oc_block])
                                T.block_attr({"meta_schedule.tiling_structure": "SSRSRS"})
                                conv2d_NCHWc[v_n, v_oc_chunk, v_oh, v_ow, v_oc_block] = T.float32(0)
                    for ic_0, kh_0, kw_0, n_2, oc_chunk_2, oh_2, ow_2, oc_block_2, ic_1, kh_1, kw_1, n_3, oc_chunk_3, oh_3, ow_3 in T.grid(T.int64(96), T.int64(1), T.int64(1), T.int64(1), T.int64(16), T.int64(1), T.int64(1), T.int64(1), T.int64(18), T.int64(1), T.int64(1), T.int64(1), T.int64(1), T.int64(1), T.int64(1)):
                        for oc_block_3_fused in T.vectorized(T.int64(4)):
                            with T.block("conv2d_NCHWc_update"):
                                v_n = T.axis.spatial(T.int64(1), n_0 + n_1 + n_2 + n_3)
                                v_oc_chunk = T.axis.spatial(T.int64(32), oc_chunk_0 * T.int64(32) + oc_chunk_1 * T.int64(16) + oc_chunk_2 + oc_chunk_3)
                                v_oh = T.axis.spatial(T.int64(7), oh_0 * T.int64(7) + oh_1 + oh_2 + oh_3)
                                v_ow = T.axis.spatial(T.int64(7), ow_0 * T.int64(7) + ow_1 + ow_2 + ow_3)
                                v_oc_block = T.axis.spatial(T.int64(4), oc_block_0 * T.int64(4) + oc_block_1 * T.int64(4) + oc_block_2 * T.int64(4) + oc_block_3_fused)
                                v_ic = T.axis.reduce(T.int64(1728), ic_0 * T.int64(18) + ic_1)
                                v_kh = T.axis.reduce(T.int64(1), kh_0 + kh_1)
                                v_kw = T.axis.reduce(T.int64(1), kw_0 + kw_1)
                                T.reads(conv2d_NCHWc[v_n, v_oc_chunk, v_oh, v_ow, v_oc_block], p0[v_n, v_ic // T.int64(4), v_oh + v_kh, v_ow + v_kw, v_ic % T.int64(4)], p1[v_oc_chunk, v_ic // T.int64(4), v_kh, v_kw, v_ic % T.int64(4), v_oc_block])
                                T.writes(conv2d_NCHWc[v_n, v_oc_chunk, v_oh, v_ow, v_oc_block])
                                T.block_attr({"meta_schedule.tiling_structure": "SSRSRS"})
                                conv2d_NCHWc[v_n, v_oc_chunk, v_oh, v_ow, v_oc_block] = conv2d_NCHWc[v_n, v_oc_chunk, v_oh, v_ow, v_oc_block] + p0[v_n, v_ic // T.int64(4), v_oh + v_kh, v_ow + v_kw, v_ic % T.int64(4)] * p1[v_oc_chunk, v_ic // T.int64(4), v_kh, v_kw, v_ic % T.int64(4), v_oc_block]
                for ax0, ax1, ax2 in T.grid(T.int64(1), T.int64(32), T.int64(7)):
                    for ax3_ax4_fused in T.vectorized(T.int64(28)):
                        with T.block("T_relu"):
                            v_ax0, v_ax1, v_ax2 = T.axis.remap("SSS", [ax0, ax1, ax2])
                            v_ax3 = T.axis.spatial(T.int64(7), ax3_ax4_fused // T.int64(4))
                            v_ax4 = T.axis.spatial(T.int64(4), ax3_ax4_fused % T.int64(4))
                            T.reads(conv2d_NCHWc[v_ax0, v_ax1, v_ax2, v_ax3, v_ax4], p2[v_ax0, v_ax1, T.int64(0), T.int64(0), v_ax4])
                            T.writes(T_relu[v_ax0, v_ax1, v_ax2, v_ax3, v_ax4])
                            T_relu[v_ax0, v_ax1, v_ax2, v_ax3, v_ax4] = T.max(conv2d_NCHWc[v_ax0, v_ax1, v_ax2, v_ax3, v_ax4] + p2[v_ax0, v_ax1, T.int64(0), T.int64(0), v_ax4], T.float32(0))
b0 = sch.get_block(name="conv2d_NCHWc", func_name="main")
b1 = sch.get_block(name="T_add", func_name="main")
b2 = sch.get_block(name="root", func_name="main")
sch.compute_inline(block=b1)
sch.annotate(block_or_loop=b0, ann_key="meta_schedule.tiling_structure", ann_val="SSRSRS")
l3, l4, l5, l6, l7, l8, l9, l10 = sch.get_loops(block=b0)
v11, v12, v13, v14 = sch.sample_perfect_tile(loop=l3, n=4, max_innermost_factor=64, decision=[1, 1, 1, 1])
l15, l16, l17, l18 = sch.split(loop=l3, factors=[v11, v12, v13, v14], preserve_unit_iters=True)
v19, v20, v21, v22 = sch.sample_perfect_tile(loop=l4, n=4, max_innermost_factor=64, decision=[1, 2, 16, 1])
l23, l24, l25, l26 = sch.split(loop=l4, factors=[v19, v20, v21, v22], preserve_unit_iters=True)
v27, v28, v29, v30 = sch.sample_perfect_tile(loop=l5, n=4, max_innermost_factor=64, decision=[1, 7, 1, 1])
l31, l32, l33, l34 = sch.split(loop=l5, factors=[v27, v28, v29, v30], preserve_unit_iters=True)
v35, v36, v37, v38 = sch.sample_perfect_tile(loop=l6, n=4, max_innermost_factor=64, decision=[1, 7, 1, 1])
l39, l40, l41, l42 = sch.split(loop=l6, factors=[v35, v36, v37, v38], preserve_unit_iters=True)
v43, v44, v45, v46 = sch.sample_perfect_tile(loop=l7, n=4, max_innermost_factor=64, decision=[1, 1, 1, 4])
l47, l48, l49, l50 = sch.split(loop=l7, factors=[v43, v44, v45, v46], preserve_unit_iters=True)
v51, v52 = sch.sample_perfect_tile(loop=l8, n=2, max_innermost_factor=64, decision=[96, 18])
l53, l54 = sch.split(loop=l8, factors=[v51, v52], preserve_unit_iters=True)
v55, v56 = sch.sample_perfect_tile(loop=l9, n=2, max_innermost_factor=64, decision=[1, 1])
l57, l58 = sch.split(loop=l9, factors=[v55, v56], preserve_unit_iters=True)
v59, v60 = sch.sample_perfect_tile(loop=l10, n=2, max_innermost_factor=64, decision=[1, 1])
l61, l62 = sch.split(loop=l10, factors=[v59, v60], preserve_unit_iters=True)
sch.reorder(l15, l23, l31, l39, l47, l16, l24, l32, l40, l48, l53, l57, l61, l17, l25, l33, l41, l49, l54, l58, l62, l18, l26, l34, l42, l50)
b63, = sch.get_consumers(block=b0)
sch.reverse_compute_at(block=b63, loop=l47, preserve_unit_loops=True, index=-1)
sch.annotate(block_or_loop=b2, ann_key="meta_schedule.parallel", ann_val=768)
sch.annotate(block_or_loop=b2, ann_key="meta_schedule.vectorize", ann_val=64)
v64 = sch.sample_categorical(candidates=[0, 16, 64, 512], probs=[0.25, 0.25, 0.25, 0.25], decision=3)
sch.annotate(block_or_loop=b2, ann_key="meta_schedule.unroll_explicit", ann_val=v64)
sch.enter_postproc()
b65 = sch.get_block(name="root", func_name="main")
sch.unannotate(block_or_loop=b65, ann_key="meta_schedule.parallel")
sch.unannotate(block_or_loop=b65, ann_key="meta_schedule.vectorize")
sch.unannotate(block_or_loop=b65, ann_key="meta_schedule.unroll_explicit")
b66, b67 = sch.get_child_blocks(b65)
l68, l69, l70, l71, l72, l73, l74, l75, l76, l77, l78, l79, l80, l81, l82, l83, l84, l85, l86, l87, l88, l89, l90, l91, l92, l93 = sch.get_loops(block=b66)
l94 = sch.fuse(l93, preserve_unit_iters=True)
sch.vectorize(loop=l94)
sch.annotate(block_or_loop=l68, ann_key="pragma_auto_unroll_max_step", ann_val=512)
sch.annotate(block_or_loop=l68, ann_key="pragma_unroll_explicit", ann_val=1)
l95, l96, l97, l98, l99, l100, l101, l102, l103, l104 = sch.get_loops(block=b67)
l105 = sch.fuse(l103, l104, preserve_unit_iters=True)
sch.vectorize(loop=l105)
b106 = sch.get_block(name="conv2d_NCHWc", func_name="main")
l107, l108, l109, l110, l111, l112, l113, l114, l115, l116, l117, l118, l119, l120, l121, l122, l123, l124, l125, l126, l127, l128, l129, l130, l131, l132 = sch.get_loops(block=b106)
b133 = sch.decompose_reduction(block=b106, loop=l117)
2024-04-29 17:05:09 [INFO] [task_scheduler.cc:131] [Task #5: fused_nn_contrib_conv2d_NCHWc_add_nn_relu_5] Trial #60: GFLOPs: 21.6277. Time: 1002.8163 us. Best GFLOPs: 128.9063
2024-04-29 17:05:09 [INFO] [task_scheduler.cc:131] [Task #5: fused_nn_contrib_conv2d_NCHWc_add_nn_relu_5] Trial #61: GFLOPs: 2.6535. Time: 8173.5655 us. Best GFLOPs: 128.9063
2024-04-29 17:05:09 [INFO] [task_scheduler.cc:131] [Task #5: fused_nn_contrib_conv2d_NCHWc_add_nn_relu_5] Trial #62: GFLOPs: 59.8584. Time: 362.3316 us. Best GFLOPs: 128.9063
2024-04-29 17:05:09 [INFO] [task_scheduler.cc:131] [Task #5: fused_nn_contrib_conv2d_NCHWc_add_nn_relu_5] Trial #63: GFLOPs: 22.5190. Time: 963.1214 us. Best GFLOPs: 128.9063
2024-04-29 17:05:09 [INFO] [task_scheduler.cc:131] [Task #5: fused_nn_contrib_conv2d_NCHWc_add_nn_relu_5] Trial #64: GFLOPs: 13.0673. Time: 1659.7553 us. Best GFLOPs: 128.9063
