2024-04-29 14:04:25 [INFO] [task_scheduler.cc:160] Initializing Task #54: "fused_nn_contrib_conv2d_NCHWc_add_nn_relu_53"
2024-04-29 14:04:25 [INFO] [task_scheduler.cc:35] 
# from tvm.script import ir as I
# from tvm.script import tir as T

@I.ir_module
class Module:
    @T.prim_func
    def main(p0: T.Buffer((T.int64(1), T.int64(272), T.int64(14), T.int64(14), T.int64(4)), "float32"), p1: T.Buffer((T.int64(32), T.int64(272), T.int64(1), T.int64(1), T.int64(4), T.int64(4)), "float32"), p2: T.Buffer((T.int64(1), T.int64(32), T.int64(1), T.int64(1), T.int64(4)), "float32"), T_relu: T.Buffer((T.int64(1), T.int64(32), T.int64(14), T.int64(14), T.int64(4)), "float32")):
        T.func_attr({"tir.noalias": T.bool(True)})
        # with T.block("root"):
        conv2d_NCHWc = T.alloc_buffer((T.int64(1), T.int64(32), T.int64(14), T.int64(14), T.int64(4)))
        T_add = T.alloc_buffer((T.int64(1), T.int64(32), T.int64(14), T.int64(14), T.int64(4)))
        for n, oc_chunk, oh, ow, oc_block, ic, kh, kw in T.grid(T.int64(1), T.int64(32), T.int64(14), T.int64(14), T.int64(4), T.int64(1088), T.int64(1), T.int64(1)):
            with T.block("conv2d_NCHWc"):
                v_n, v_oc_chunk, v_oh, v_ow, v_oc_block, v_ic, v_kh, v_kw = T.axis.remap("SSSSSRRR", [n, oc_chunk, oh, ow, oc_block, ic, kh, kw])
                T.reads(p0[v_n, v_ic // T.int64(4), v_oh + v_kh, v_ow + v_kw, v_ic % T.int64(4)], p1[v_oc_chunk, v_ic // T.int64(4), v_kh, v_kw, v_ic % T.int64(4), v_oc_block])
                T.writes(conv2d_NCHWc[v_n, v_oc_chunk, v_oh, v_ow, v_oc_block])
                with T.init():
                    conv2d_NCHWc[v_n, v_oc_chunk, v_oh, v_ow, v_oc_block] = T.float32(0)
                conv2d_NCHWc[v_n, v_oc_chunk, v_oh, v_ow, v_oc_block] = conv2d_NCHWc[v_n, v_oc_chunk, v_oh, v_ow, v_oc_block] + p0[v_n, v_ic // T.int64(4), v_oh + v_kh, v_ow + v_kw, v_ic % T.int64(4)] * p1[v_oc_chunk, v_ic // T.int64(4), v_kh, v_kw, v_ic % T.int64(4), v_oc_block]
        for ax0, ax1, ax2, ax3, ax4 in T.grid(T.int64(1), T.int64(32), T.int64(14), T.int64(14), T.int64(4)):
            with T.block("T_add"):
                v_ax0, v_ax1, v_ax2, v_ax3, v_ax4 = T.axis.remap("SSSSS", [ax0, ax1, ax2, ax3, ax4])
                T.reads(conv2d_NCHWc[v_ax0, v_ax1, v_ax2, v_ax3, v_ax4], p2[v_ax0, v_ax1, T.int64(0), T.int64(0), v_ax4])
                T.writes(T_add[v_ax0, v_ax1, v_ax2, v_ax3, v_ax4])
                T_add[v_ax0, v_ax1, v_ax2, v_ax3, v_ax4] = conv2d_NCHWc[v_ax0, v_ax1, v_ax2, v_ax3, v_ax4] + p2[v_ax0, v_ax1, T.int64(0), T.int64(0), v_ax4]
        for ax0, ax1, ax2, ax3, ax4 in T.grid(T.int64(1), T.int64(32), T.int64(14), T.int64(14), T.int64(4)):
            with T.block("T_relu"):
                v_ax0, v_ax1, v_ax2, v_ax3, v_ax4 = T.axis.remap("SSSSS", [ax0, ax1, ax2, ax3, ax4])
                T.reads(T_add[v_ax0, v_ax1, v_ax2, v_ax3, v_ax4])
                T.writes(T_relu[v_ax0, v_ax1, v_ax2, v_ax3, v_ax4])
                T_relu[v_ax0, v_ax1, v_ax2, v_ax3, v_ax4] = T.max(T_add[v_ax0, v_ax1, v_ax2, v_ax3, v_ax4], T.float32(0))
2024-04-29 14:04:25 [INFO] [task_scheduler.cc:164] Total 3 design space(s) generated
2024-04-29 14:04:25 [INFO] [task_scheduler.cc:170] Design space #0:
# from tvm.script import ir as I
# from tvm.script import tir as T

@I.ir_module
class Module:
    @T.prim_func
    def main(p0: T.Buffer((T.int64(1), T.int64(272), T.int64(14), T.int64(14), T.int64(4)), "float32"), p1: T.Buffer((T.int64(32), T.int64(272), T.int64(1), T.int64(1), T.int64(4), T.int64(4)), "float32"), p2: T.Buffer((T.int64(1), T.int64(32), T.int64(1), T.int64(1), T.int64(4)), "float32"), T_relu: T.Buffer((T.int64(1), T.int64(32), T.int64(14), T.int64(14), T.int64(4)), "float32")):
        T.func_attr({"tir.noalias": T.bool(True)})
        with T.block("root"):
            T.reads()
            T.writes()
            T.block_attr({"meta_schedule.parallel": 768, "meta_schedule.unroll_explicit": 0, "meta_schedule.vectorize": 64})
            conv2d_NCHWc = T.alloc_buffer((T.int64(1), T.int64(32), T.int64(14), T.int64(14), T.int64(4)))
            for n_0, oc_chunk_0, oh_0, ow_0, oc_block_0, n_1, oc_chunk_1, oh_1, ow_1, oc_block_1, ic_0, kh_0, kw_0, n_2, oc_chunk_2, oh_2, ow_2, oc_block_2, ic_1, kh_1, kw_1, n_3, oc_chunk_3, oh_3, ow_3, oc_block_3 in T.grid(T.int64(1), T.int64(8), T.int64(14), T.int64(2), T.int64(1), T.int64(1), T.int64(1), T.int64(1), T.int64(1), T.int64(2), T.int64(34), T.int64(1), T.int64(1), T.int64(1), T.int64(2), T.int64(1), T.int64(1), T.int64(1), T.int64(32), T.int64(1), T.int64(1), T.int64(1), T.int64(2), T.int64(1), T.int64(7), T.int64(2)):
                with T.block("conv2d_NCHWc"):
                    v_n = T.axis.spatial(T.int64(1), n_0 + n_1 + n_2 + n_3)
                    v_oc_chunk = T.axis.spatial(T.int64(32), oc_chunk_0 * T.int64(4) + oc_chunk_1 * T.int64(4) + oc_chunk_2 * T.int64(2) + oc_chunk_3)
                    v_oh = T.axis.spatial(T.int64(14), oh_0 + oh_1 + oh_2 + oh_3)
                    v_ow = T.axis.spatial(T.int64(14), ow_0 * T.int64(7) + ow_1 * T.int64(7) + ow_2 * T.int64(7) + ow_3)
                    v_oc_block = T.axis.spatial(T.int64(4), oc_block_0 * T.int64(4) + oc_block_1 * T.int64(2) + oc_block_2 * T.int64(2) + oc_block_3)
                    v_ic = T.axis.reduce(T.int64(1088), ic_0 * T.int64(32) + ic_1)
                    v_kh = T.axis.reduce(T.int64(1), kh_0 + kh_1)
                    v_kw = T.axis.reduce(T.int64(1), kw_0 + kw_1)
                    T.reads(p0[v_n, v_ic // T.int64(4), v_oh + v_kh, v_ow + v_kw, v_ic % T.int64(4)], p1[v_oc_chunk, v_ic // T.int64(4), v_kh, v_kw, v_ic % T.int64(4), v_oc_block])
                    T.writes(conv2d_NCHWc[v_n, v_oc_chunk, v_oh, v_ow, v_oc_block])
                    T.block_attr({"meta_schedule.tiling_structure": "SSRSRS"})
                    with T.init():
                        conv2d_NCHWc[v_n, v_oc_chunk, v_oh, v_ow, v_oc_block] = T.float32(0)
                    conv2d_NCHWc[v_n, v_oc_chunk, v_oh, v_ow, v_oc_block] = conv2d_NCHWc[v_n, v_oc_chunk, v_oh, v_ow, v_oc_block] + p0[v_n, v_ic // T.int64(4), v_oh + v_kh, v_ow + v_kw, v_ic % T.int64(4)] * p1[v_oc_chunk, v_ic // T.int64(4), v_kh, v_kw, v_ic % T.int64(4), v_oc_block]
            for ax0, ax1, ax2, ax3, ax4 in T.grid(T.int64(1), T.int64(32), T.int64(14), T.int64(14), T.int64(4)):
                with T.block("T_relu"):
                    v_ax0, v_ax1, v_ax2, v_ax3, v_ax4 = T.axis.remap("SSSSS", [ax0, ax1, ax2, ax3, ax4])
                    T.reads(conv2d_NCHWc[v_ax0, v_ax1, v_ax2, v_ax3, v_ax4], p2[v_ax0, v_ax1, T.int64(0), T.int64(0), v_ax4])
                    T.writes(T_relu[v_ax0, v_ax1, v_ax2, v_ax3, v_ax4])
                    T_relu[v_ax0, v_ax1, v_ax2, v_ax3, v_ax4] = T.max(conv2d_NCHWc[v_ax0, v_ax1, v_ax2, v_ax3, v_ax4] + p2[v_ax0, v_ax1, T.int64(0), T.int64(0), v_ax4], T.float32(0))
b0 = sch.get_block(name="conv2d_NCHWc", func_name="main")
b1 = sch.get_block(name="T_add", func_name="main")
b2 = sch.get_block(name="root", func_name="main")
sch.compute_inline(block=b1)
sch.annotate(block_or_loop=b0, ann_key="meta_schedule.tiling_structure", ann_val="SSRSRS")
l3, l4, l5, l6, l7, l8, l9, l10 = sch.get_loops(block=b0)
v11, v12, v13, v14 = sch.sample_perfect_tile(loop=l3, n=4, max_innermost_factor=64, decision=[1, 1, 1, 1])
l15, l16, l17, l18 = sch.split(loop=l3, factors=[v11, v12, v13, v14], preserve_unit_iters=True)
v19, v20, v21, v22 = sch.sample_perfect_tile(loop=l4, n=4, max_innermost_factor=64, decision=[8, 1, 2, 2])
l23, l24, l25, l26 = sch.split(loop=l4, factors=[v19, v20, v21, v22], preserve_unit_iters=True)
v27, v28, v29, v30 = sch.sample_perfect_tile(loop=l5, n=4, max_innermost_factor=64, decision=[14, 1, 1, 1])
l31, l32, l33, l34 = sch.split(loop=l5, factors=[v27, v28, v29, v30], preserve_unit_iters=True)
v35, v36, v37, v38 = sch.sample_perfect_tile(loop=l6, n=4, max_innermost_factor=64, decision=[2, 1, 1, 7])
l39, l40, l41, l42 = sch.split(loop=l6, factors=[v35, v36, v37, v38], preserve_unit_iters=True)
v43, v44, v45, v46 = sch.sample_perfect_tile(loop=l7, n=4, max_innermost_factor=64, decision=[1, 2, 1, 2])
l47, l48, l49, l50 = sch.split(loop=l7, factors=[v43, v44, v45, v46], preserve_unit_iters=True)
v51, v52 = sch.sample_perfect_tile(loop=l8, n=2, max_innermost_factor=64, decision=[34, 32])
l53, l54 = sch.split(loop=l8, factors=[v51, v52], preserve_unit_iters=True)
v55, v56 = sch.sample_perfect_tile(loop=l9, n=2, max_innermost_factor=64, decision=[1, 1])
l57, l58 = sch.split(loop=l9, factors=[v55, v56], preserve_unit_iters=True)
v59, v60 = sch.sample_perfect_tile(loop=l10, n=2, max_innermost_factor=64, decision=[1, 1])
l61, l62 = sch.split(loop=l10, factors=[v59, v60], preserve_unit_iters=True)
sch.reorder(l15, l23, l31, l39, l47, l16, l24, l32, l40, l48, l53, l57, l61, l17, l25, l33, l41, l49, l54, l58, l62, l18, l26, l34, l42, l50)
sch.annotate(block_or_loop=b2, ann_key="meta_schedule.parallel", ann_val=768)
sch.annotate(block_or_loop=b2, ann_key="meta_schedule.vectorize", ann_val=64)
v63 = sch.sample_categorical(candidates=[0, 16, 64, 512], probs=[0.25, 0.25, 0.25, 0.25], decision=0)
sch.annotate(block_or_loop=b2, ann_key="meta_schedule.unroll_explicit", ann_val=v63)
2024-04-29 14:04:25 [INFO] [task_scheduler.cc:170] Design space #1:
# from tvm.script import ir as I
# from tvm.script import tir as T

@I.ir_module
class Module:
    @T.prim_func
    def main(p0: T.Buffer((T.int64(1), T.int64(272), T.int64(14), T.int64(14), T.int64(4)), "float32"), p1: T.Buffer((T.int64(32), T.int64(272), T.int64(1), T.int64(1), T.int64(4), T.int64(4)), "float32"), p2: T.Buffer((T.int64(1), T.int64(32), T.int64(1), T.int64(1), T.int64(4)), "float32"), T_relu: T.Buffer((T.int64(1), T.int64(32), T.int64(14), T.int64(14), T.int64(4)), "float32")):
        T.func_attr({"tir.noalias": T.bool(True)})
        with T.block("root"):
            T.reads()
            T.writes()
            T.block_attr({"meta_schedule.parallel": 768, "meta_schedule.unroll_explicit": 64, "meta_schedule.vectorize": 64})
            conv2d_NCHWc = T.alloc_buffer((T.int64(1), T.int64(32), T.int64(14), T.int64(14), T.int64(4)))
            for n_0, oc_chunk_0, oh_0, ow_0, oc_block_0, n_1, oc_chunk_1, oh_1, ow_1, oc_block_1 in T.grid(T.int64(1), T.int64(8), T.int64(14), T.int64(2), T.int64(1), T.int64(1), T.int64(1), T.int64(1), T.int64(1), T.int64(2)):
                for ic_0, kh_0, kw_0, n_2, oc_chunk_2, oh_2, ow_2, oc_block_2, ic_1, kh_1, kw_1, n_3, oc_chunk_3, oh_3, ow_3, oc_block_3 in T.grid(T.int64(34), T.int64(1), T.int64(1), T.int64(1), T.int64(2), T.int64(1), T.int64(1), T.int64(1), T.int64(32), T.int64(1), T.int64(1), T.int64(1), T.int64(2), T.int64(1), T.int64(7), T.int64(2)):
                    with T.block("conv2d_NCHWc"):
                        v_n = T.axis.spatial(T.int64(1), n_0 + n_1 + n_2 + n_3)
                        v_oc_chunk = T.axis.spatial(T.int64(32), oc_chunk_0 * T.int64(4) + oc_chunk_1 * T.int64(4) + oc_chunk_2 * T.int64(2) + oc_chunk_3)
                        v_oh = T.axis.spatial(T.int64(14), oh_0 + oh_1 + oh_2 + oh_3)
                        v_ow = T.axis.spatial(T.int64(14), ow_0 * T.int64(7) + ow_1 * T.int64(7) + ow_2 * T.int64(7) + ow_3)
                        v_oc_block = T.axis.spatial(T.int64(4), oc_block_0 * T.int64(4) + oc_block_1 * T.int64(2) + oc_block_2 * T.int64(2) + oc_block_3)
                        v_ic = T.axis.reduce(T.int64(1088), ic_0 * T.int64(32) + ic_1)
                        v_kh = T.axis.reduce(T.int64(1), kh_0 + kh_1)
                        v_kw = T.axis.reduce(T.int64(1), kw_0 + kw_1)
                        T.reads(p0[v_n, v_ic // T.int64(4), v_oh + v_kh, v_ow + v_kw, v_ic % T.int64(4)], p1[v_oc_chunk, v_ic // T.int64(4), v_kh, v_kw, v_ic % T.int64(4), v_oc_block])
                        T.writes(conv2d_NCHWc[v_n, v_oc_chunk, v_oh, v_ow, v_oc_block])
                        T.block_attr({"meta_schedule.tiling_structure": "SSRSRS"})
                        with T.init():
                            conv2d_NCHWc[v_n, v_oc_chunk, v_oh, v_ow, v_oc_block] = T.float32(0)
                        conv2d_NCHWc[v_n, v_oc_chunk, v_oh, v_ow, v_oc_block] = conv2d_NCHWc[v_n, v_oc_chunk, v_oh, v_ow, v_oc_block] + p0[v_n, v_ic // T.int64(4), v_oh + v_kh, v_ow + v_kw, v_ic % T.int64(4)] * p1[v_oc_chunk, v_ic // T.int64(4), v_kh, v_kw, v_ic % T.int64(4), v_oc_block]
                for ax0, ax1, ax2, ax3, ax4 in T.grid(T.int64(1), T.int64(4), T.int64(1), T.int64(7), T.int64(2)):
                    with T.block("T_relu"):
                        v_ax0 = T.axis.spatial(T.int64(1), ax0)
                        v_ax1 = T.axis.spatial(T.int64(32), oc_chunk_0 * T.int64(4) + ax1)
                        v_ax2 = T.axis.spatial(T.int64(14), oh_0 + ax2)
                        v_ax3 = T.axis.spatial(T.int64(14), ow_0 * T.int64(7) + ax3)
                        v_ax4 = T.axis.spatial(T.int64(4), oc_block_1 * T.int64(2) + ax4)
                        T.reads(conv2d_NCHWc[v_ax0, v_ax1, v_ax2, v_ax3, v_ax4], p2[v_ax0, v_ax1, T.int64(0), T.int64(0), v_ax4])
                        T.writes(T_relu[v_ax0, v_ax1, v_ax2, v_ax3, v_ax4])
                        T_relu[v_ax0, v_ax1, v_ax2, v_ax3, v_ax4] = T.max(conv2d_NCHWc[v_ax0, v_ax1, v_ax2, v_ax3, v_ax4] + p2[v_ax0, v_ax1, T.int64(0), T.int64(0), v_ax4], T.float32(0))
b0 = sch.get_block(name="conv2d_NCHWc", func_name="main")
b1 = sch.get_block(name="T_add", func_name="main")
b2 = sch.get_block(name="root", func_name="main")
sch.compute_inline(block=b1)
sch.annotate(block_or_loop=b0, ann_key="meta_schedule.tiling_structure", ann_val="SSRSRS")
l3, l4, l5, l6, l7, l8, l9, l10 = sch.get_loops(block=b0)
v11, v12, v13, v14 = sch.sample_perfect_tile(loop=l3, n=4, max_innermost_factor=64, decision=[1, 1, 1, 1])
l15, l16, l17, l18 = sch.split(loop=l3, factors=[v11, v12, v13, v14], preserve_unit_iters=True)
v19, v20, v21, v22 = sch.sample_perfect_tile(loop=l4, n=4, max_innermost_factor=64, decision=[8, 1, 2, 2])
l23, l24, l25, l26 = sch.split(loop=l4, factors=[v19, v20, v21, v22], preserve_unit_iters=True)
v27, v28, v29, v30 = sch.sample_perfect_tile(loop=l5, n=4, max_innermost_factor=64, decision=[14, 1, 1, 1])
l31, l32, l33, l34 = sch.split(loop=l5, factors=[v27, v28, v29, v30], preserve_unit_iters=True)
v35, v36, v37, v38 = sch.sample_perfect_tile(loop=l6, n=4, max_innermost_factor=64, decision=[2, 1, 1, 7])
l39, l40, l41, l42 = sch.split(loop=l6, factors=[v35, v36, v37, v38], preserve_unit_iters=True)
v43, v44, v45, v46 = sch.sample_perfect_tile(loop=l7, n=4, max_innermost_factor=64, decision=[1, 2, 1, 2])
l47, l48, l49, l50 = sch.split(loop=l7, factors=[v43, v44, v45, v46], preserve_unit_iters=True)
v51, v52 = sch.sample_perfect_tile(loop=l8, n=2, max_innermost_factor=64, decision=[34, 32])
l53, l54 = sch.split(loop=l8, factors=[v51, v52], preserve_unit_iters=True)
v55, v56 = sch.sample_perfect_tile(loop=l9, n=2, max_innermost_factor=64, decision=[1, 1])
l57, l58 = sch.split(loop=l9, factors=[v55, v56], preserve_unit_iters=True)
v59, v60 = sch.sample_perfect_tile(loop=l10, n=2, max_innermost_factor=64, decision=[1, 1])
l61, l62 = sch.split(loop=l10, factors=[v59, v60], preserve_unit_iters=True)
sch.reorder(l15, l23, l31, l39, l47, l16, l24, l32, l40, l48, l53, l57, l61, l17, l25, l33, l41, l49, l54, l58, l62, l18, l26, l34, l42, l50)
b63, = sch.get_consumers(block=b0)
sch.reverse_compute_at(block=b63, loop=l48, preserve_unit_loops=True, index=-1)
sch.annotate(block_or_loop=b2, ann_key="meta_schedule.parallel", ann_val=768)
sch.annotate(block_or_loop=b2, ann_key="meta_schedule.vectorize", ann_val=64)
v64 = sch.sample_categorical(candidates=[0, 16, 64, 512], probs=[0.25, 0.25, 0.25, 0.25], decision=2)
sch.annotate(block_or_loop=b2, ann_key="meta_schedule.unroll_explicit", ann_val=v64)
2024-04-29 14:04:25 [INFO] [task_scheduler.cc:170] Design space #2:
# from tvm.script import ir as I
# from tvm.script import tir as T

@I.ir_module
class Module:
    @T.prim_func
    def main(p0: T.Buffer((T.int64(1), T.int64(272), T.int64(14), T.int64(14), T.int64(4)), "float32"), p1: T.Buffer((T.int64(32), T.int64(272), T.int64(1), T.int64(1), T.int64(4), T.int64(4)), "float32"), p2: T.Buffer((T.int64(1), T.int64(32), T.int64(1), T.int64(1), T.int64(4)), "float32"), T_relu: T.Buffer((T.int64(1), T.int64(32), T.int64(14), T.int64(14), T.int64(4)), "float32")):
        T.func_attr({"tir.noalias": T.bool(True)})
        with T.block("root"):
            T.reads()
            T.writes()
            T.block_attr({"meta_schedule.parallel": 768, "meta_schedule.unroll_explicit": 512, "meta_schedule.vectorize": 64})
            conv2d_NCHWc = T.alloc_buffer((T.int64(1), T.int64(32), T.int64(14), T.int64(14), T.int64(4)))
            for n_0, oc_chunk_0, oh_0, ow_0, oc_block_0 in T.grid(T.int64(1), T.int64(8), T.int64(14), T.int64(2), T.int64(1)):
                for n_1, oc_chunk_1, oh_1, ow_1, oc_block_1, ic_0, kh_0, kw_0, n_2, oc_chunk_2, oh_2, ow_2, oc_block_2, ic_1, kh_1, kw_1, n_3, oc_chunk_3, oh_3, ow_3, oc_block_3 in T.grid(T.int64(1), T.int64(1), T.int64(1), T.int64(1), T.int64(2), T.int64(34), T.int64(1), T.int64(1), T.int64(1), T.int64(2), T.int64(1), T.int64(1), T.int64(1), T.int64(32), T.int64(1), T.int64(1), T.int64(1), T.int64(2), T.int64(1), T.int64(7), T.int64(2)):
                    with T.block("conv2d_NCHWc"):
                        v_n = T.axis.spatial(T.int64(1), n_0 + n_1 + n_2 + n_3)
                        v_oc_chunk = T.axis.spatial(T.int64(32), oc_chunk_0 * T.int64(4) + oc_chunk_1 * T.int64(4) + oc_chunk_2 * T.int64(2) + oc_chunk_3)
                        v_oh = T.axis.spatial(T.int64(14), oh_0 + oh_1 + oh_2 + oh_3)
                        v_ow = T.axis.spatial(T.int64(14), ow_0 * T.int64(7) + ow_1 * T.int64(7) + ow_2 * T.int64(7) + ow_3)
                        v_oc_block = T.axis.spatial(T.int64(4), oc_block_0 * T.int64(4) + oc_block_1 * T.int64(2) + oc_block_2 * T.int64(2) + oc_block_3)
                        v_ic = T.axis.reduce(T.int64(1088), ic_0 * T.int64(32) + ic_1)
                        v_kh = T.axis.reduce(T.int64(1), kh_0 + kh_1)
                        v_kw = T.axis.reduce(T.int64(1), kw_0 + kw_1)
                        T.reads(p0[v_n, v_ic // T.int64(4), v_oh + v_kh, v_ow + v_kw, v_ic % T.int64(4)], p1[v_oc_chunk, v_ic // T.int64(4), v_kh, v_kw, v_ic % T.int64(4), v_oc_block])
                        T.writes(conv2d_NCHWc[v_n, v_oc_chunk, v_oh, v_ow, v_oc_block])
                        T.block_attr({"meta_schedule.tiling_structure": "SSRSRS"})
                        with T.init():
                            conv2d_NCHWc[v_n, v_oc_chunk, v_oh, v_ow, v_oc_block] = T.float32(0)
                        conv2d_NCHWc[v_n, v_oc_chunk, v_oh, v_ow, v_oc_block] = conv2d_NCHWc[v_n, v_oc_chunk, v_oh, v_ow, v_oc_block] + p0[v_n, v_ic // T.int64(4), v_oh + v_kh, v_ow + v_kw, v_ic % T.int64(4)] * p1[v_oc_chunk, v_ic // T.int64(4), v_kh, v_kw, v_ic % T.int64(4), v_oc_block]
                for ax0, ax1, ax2, ax3, ax4 in T.grid(T.int64(1), T.int64(4), T.int64(1), T.int64(7), T.int64(4)):
                    with T.block("T_relu"):
                        v_ax0 = T.axis.spatial(T.int64(1), ax0)
                        v_ax1 = T.axis.spatial(T.int64(32), oc_chunk_0 * T.int64(4) + ax1)
                        v_ax2 = T.axis.spatial(T.int64(14), oh_0 + ax2)
                        v_ax3 = T.axis.spatial(T.int64(14), ow_0 * T.int64(7) + ax3)
                        v_ax4 = T.axis.spatial(T.int64(4), ax4)
                        T.reads(conv2d_NCHWc[v_ax0, v_ax1, v_ax2, v_ax3, v_ax4], p2[v_ax0, v_ax1, T.int64(0), T.int64(0), v_ax4])
                        T.writes(T_relu[v_ax0, v_ax1, v_ax2, v_ax3, v_ax4])
                        T_relu[v_ax0, v_ax1, v_ax2, v_ax3, v_ax4] = T.max(conv2d_NCHWc[v_ax0, v_ax1, v_ax2, v_ax3, v_ax4] + p2[v_ax0, v_ax1, T.int64(0), T.int64(0), v_ax4], T.float32(0))
b0 = sch.get_block(name="conv2d_NCHWc", func_name="main")
b1 = sch.get_block(name="T_add", func_name="main")
b2 = sch.get_block(name="root", func_name="main")
sch.compute_inline(block=b1)
sch.annotate(block_or_loop=b0, ann_key="meta_schedule.tiling_structure", ann_val="SSRSRS")
l3, l4, l5, l6, l7, l8, l9, l10 = sch.get_loops(block=b0)
v11, v12, v13, v14 = sch.sample_perfect_tile(loop=l3, n=4, max_innermost_factor=64, decision=[1, 1, 1, 1])
l15, l16, l17, l18 = sch.split(loop=l3, factors=[v11, v12, v13, v14], preserve_unit_iters=True)
v19, v20, v21, v22 = sch.sample_perfect_tile(loop=l4, n=4, max_innermost_factor=64, decision=[8, 1, 2, 2])
l23, l24, l25, l26 = sch.split(loop=l4, factors=[v19, v20, v21, v22], preserve_unit_iters=True)
v27, v28, v29, v30 = sch.sample_perfect_tile(loop=l5, n=4, max_innermost_factor=64, decision=[14, 1, 1, 1])
l31, l32, l33, l34 = sch.split(loop=l5, factors=[v27, v28, v29, v30], preserve_unit_iters=True)
v35, v36, v37, v38 = sch.sample_perfect_tile(loop=l6, n=4, max_innermost_factor=64, decision=[2, 1, 1, 7])
l39, l40, l41, l42 = sch.split(loop=l6, factors=[v35, v36, v37, v38], preserve_unit_iters=True)
v43, v44, v45, v46 = sch.sample_perfect_tile(loop=l7, n=4, max_innermost_factor=64, decision=[1, 2, 1, 2])
l47, l48, l49, l50 = sch.split(loop=l7, factors=[v43, v44, v45, v46], preserve_unit_iters=True)
v51, v52 = sch.sample_perfect_tile(loop=l8, n=2, max_innermost_factor=64, decision=[34, 32])
l53, l54 = sch.split(loop=l8, factors=[v51, v52], preserve_unit_iters=True)
v55, v56 = sch.sample_perfect_tile(loop=l9, n=2, max_innermost_factor=64, decision=[1, 1])
l57, l58 = sch.split(loop=l9, factors=[v55, v56], preserve_unit_iters=True)
v59, v60 = sch.sample_perfect_tile(loop=l10, n=2, max_innermost_factor=64, decision=[1, 1])
l61, l62 = sch.split(loop=l10, factors=[v59, v60], preserve_unit_iters=True)
sch.reorder(l15, l23, l31, l39, l47, l16, l24, l32, l40, l48, l53, l57, l61, l17, l25, l33, l41, l49, l54, l58, l62, l18, l26, l34, l42, l50)
b63, = sch.get_consumers(block=b0)
sch.reverse_compute_at(block=b63, loop=l47, preserve_unit_loops=True, index=-1)
sch.annotate(block_or_loop=b2, ann_key="meta_schedule.parallel", ann_val=768)
sch.annotate(block_or_loop=b2, ann_key="meta_schedule.vectorize", ann_val=64)
v64 = sch.sample_categorical(candidates=[0, 16, 64, 512], probs=[0.25, 0.25, 0.25, 0.25], decision=3)
sch.annotate(block_or_loop=b2, ann_key="meta_schedule.unroll_explicit", ann_val=v64)
2024-04-29 15:30:57 [INFO] [evolutionary_search.cc:713] Generating candidates......
2024-04-29 15:30:57 [INFO] [evolutionary_search.cc:715] Picked top 0 candidate(s) from database
2024-04-29 15:31:00 [INFO] [evolutionary_search.cc:533] Sample-Init-Population summary:
Postproc #0 [meta_schedule.DisallowDynamicLoop(0x12514b18)]: 0 failure(s)
Postproc #1 [meta_schedule.RewriteParallelVectorizeUnroll(0xcf47668)]: 0 failure(s)
Postproc #2 [meta_schedule.RewriteReductionBlock(0xf762748)]: 0 failure(s)
Postproc #3 [meta_schedule.RewriteLayout(0xcf82038)]: 0 failure(s)
2024-04-29 15:31:00 [INFO] [evolutionary_search.cc:723] Sampled 512 candidate(s)
2024-04-29 15:31:03 [INFO] [evolutionary_search.cc:621] Evolve iter #0 done. Summary:
Postproc #0 [meta_schedule.DisallowDynamicLoop(0x12514b18)]: 0 failure(s)
Postproc #1 [meta_schedule.RewriteParallelVectorizeUnroll(0xcf47668)]: 0 failure(s)
Postproc #2 [meta_schedule.RewriteReductionBlock(0xf762748)]: 0 failure(s)
Postproc #3 [meta_schedule.RewriteLayout(0xcf82038)]: 0 failure(s)
2024-04-29 15:31:06 [INFO] [evolutionary_search.cc:621] Evolve iter #1 done. Summary:
Postproc #0 [meta_schedule.DisallowDynamicLoop(0x12514b18)]: 0 failure(s)
Postproc #1 [meta_schedule.RewriteParallelVectorizeUnroll(0xcf47668)]: 0 failure(s)
Postproc #2 [meta_schedule.RewriteReductionBlock(0xf762748)]: 0 failure(s)
Postproc #3 [meta_schedule.RewriteLayout(0xcf82038)]: 0 failure(s)
2024-04-29 15:31:09 [INFO] [evolutionary_search.cc:621] Evolve iter #2 done. Summary:
Postproc #0 [meta_schedule.DisallowDynamicLoop(0x12514b18)]: 0 failure(s)
Postproc #1 [meta_schedule.RewriteParallelVectorizeUnroll(0xcf47668)]: 0 failure(s)
Postproc #2 [meta_schedule.RewriteReductionBlock(0xf762748)]: 0 failure(s)
Postproc #3 [meta_schedule.RewriteLayout(0xcf82038)]: 0 failure(s)
2024-04-29 15:31:12 [INFO] [evolutionary_search.cc:621] Evolve iter #3 done. Summary:
Postproc #0 [meta_schedule.DisallowDynamicLoop(0x12514b18)]: 0 failure(s)
Postproc #1 [meta_schedule.RewriteParallelVectorizeUnroll(0xcf47668)]: 0 failure(s)
Postproc #2 [meta_schedule.RewriteReductionBlock(0xf762748)]: 0 failure(s)
Postproc #3 [meta_schedule.RewriteLayout(0xcf82038)]: 0 failure(s)
2024-04-29 15:31:13 [INFO] [evolutionary_search.cc:649] Scores of the best 64 candidates:
[1 : 16]:	0.9993  0.9993  0.9992  0.9990  0.9984  0.9977  0.9977  0.9959  0.9959  0.9958  0.9954  0.9951  0.9950  0.9950  0.9949  0.9922
[17 : 32]:	0.9921  0.9912  0.9910  0.9909  0.9905  0.9904  0.9899  0.9895  0.9890  0.9879  0.9870  0.9863  0.9859  0.9854  0.9848  0.9834
[33 : 48]:	0.9830  0.9827  0.9825  0.9822  0.9822  0.9810  0.9809  0.9805  0.9805  0.9802  0.9797  0.9788  0.9786  0.9780  0.9770  0.9750
[49 : 64]:	0.9749  0.9746  0.9742  0.9740  0.9727  0.9723  0.9723  0.9720  0.9719  0.9718  0.9710  0.9708  0.9707  0.9700  0.9699  0.9696
2024-04-29 15:31:13 [INFO] [evolutionary_search.cc:727] Got 64 candidate(s) with evolutionary search
2024-04-29 15:31:13 [INFO] [evolutionary_search.cc:730] Sending 64 candidates(s) for measurement
2024-04-29 17:08:53 [INFO] [task_scheduler.cc:131] [Task #54: fused_nn_contrib_conv2d_NCHWc_add_nn_relu_53] Trial #1: GFLOPs: 55.1025. Time: 991.6360 us. Best GFLOPs: 55.1025
2024-04-29 17:08:53 [INFO] [task_scheduler.cc:131] [Task #54: fused_nn_contrib_conv2d_NCHWc_add_nn_relu_53] Trial #2: GFLOPs: 22.8165. Time: 2394.8356 us. Best GFLOPs: 55.1025
2024-04-29 17:08:53 [INFO] [task_scheduler.cc:131] [Task #54: fused_nn_contrib_conv2d_NCHWc_add_nn_relu_53] Trial #3: GFLOPs: 2.0855. Time: 26200.8436 us. Best GFLOPs: 55.1025
2024-04-29 17:08:53 [INFO] [task_scheduler.cc:131] [Task #54: fused_nn_contrib_conv2d_NCHWc_add_nn_relu_53] Trial #4: GFLOPs: 77.4535. Time: 705.4772 us. Best GFLOPs: 77.4535
2024-04-29 17:08:53 [INFO] [task_scheduler.cc:131] [Task #54: fused_nn_contrib_conv2d_NCHWc_add_nn_relu_53] Trial #5: GFLOPs: 31.4411. Time: 1737.9074 us. Best GFLOPs: 77.4535
2024-04-29 17:08:53 [INFO] [task_scheduler.cc:131] [Task #54: fused_nn_contrib_conv2d_NCHWc_add_nn_relu_53] Trial #6: GFLOPs: 127.2292. Time: 429.4743 us. Best GFLOPs: 127.2292
2024-04-29 17:08:53 [INFO] [task_scheduler.cc:131] [Task #54: fused_nn_contrib_conv2d_NCHWc_add_nn_relu_53] Trial #7: GFLOPs: 59.1908. Time: 923.1444 us. Best GFLOPs: 127.2292
2024-04-29 17:08:53 [INFO] [task_scheduler.cc:131] [Task #54: fused_nn_contrib_conv2d_NCHWc_add_nn_relu_53] Trial #8: GFLOPs: 38.3686. Time: 1424.1247 us. Best GFLOPs: 127.2292
2024-04-29 17:08:53 [INFO] [task_scheduler.cc:131] [Task #54: fused_nn_contrib_conv2d_NCHWc_add_nn_relu_53] Trial #9: GFLOPs: 7.8747. Time: 6938.8852 us. Best GFLOPs: 127.2292
2024-04-29 17:08:53 [INFO] [task_scheduler.cc:131] [Task #54: fused_nn_contrib_conv2d_NCHWc_add_nn_relu_53] Trial #10: GFLOPs: 110.1221. Time: 496.1917 us. Best GFLOPs: 127.2292
2024-04-29 17:08:53 [INFO] [task_scheduler.cc:131] [Task #54: fused_nn_contrib_conv2d_NCHWc_add_nn_relu_53] Trial #11: GFLOPs: 67.2008. Time: 813.1101 us. Best GFLOPs: 127.2292
2024-04-29 17:08:53 [INFO] [task_scheduler.cc:131] [Task #54: fused_nn_contrib_conv2d_NCHWc_add_nn_relu_53] Trial #12: GFLOPs: 50.6149. Time: 1079.5578 us. Best GFLOPs: 127.2292
2024-04-29 17:08:53 [INFO] [task_scheduler.cc:131] [Task #54: fused_nn_contrib_conv2d_NCHWc_add_nn_relu_53] Trial #13: GFLOPs: 14.1731. Time: 3855.2962 us. Best GFLOPs: 127.2292
2024-04-29 17:08:53 [INFO] [task_scheduler.cc:131] [Task #54: fused_nn_contrib_conv2d_NCHWc_add_nn_relu_53] Trial #14: GFLOPs: 95.8053. Time: 570.3409 us. Best GFLOPs: 127.2292
2024-04-29 17:08:53 [INFO] [task_scheduler.cc:131] [Task #54: fused_nn_contrib_conv2d_NCHWc_add_nn_relu_53] Trial #15: GFLOPs: 71.6551. Time: 762.5646 us. Best GFLOPs: 127.2292
2024-04-29 17:08:53 [INFO] [task_scheduler.cc:121] [Task #54: fused_nn_contrib_conv2d_NCHWc_add_nn_relu_53] Trial #16: Error in building:
LocalBuilder: Timeout, killed after 30.0 seconds
# from tvm.script import ir as I
# from tvm.script import tir as T

@I.ir_module
class Module:
    @T.prim_func
    def main(p0: T.Buffer((T.int64(1), T.int64(272), T.int64(14), T.int64(14), T.int64(4)), "float32"), p1: T.Buffer((T.int64(32), T.int64(272), T.int64(1), T.int64(1), T.int64(4), T.int64(4)), "float32"), p2: T.Buffer((T.int64(1), T.int64(32), T.int64(1), T.int64(1), T.int64(4)), "float32"), T_relu: T.Buffer((T.int64(1), T.int64(32), T.int64(14), T.int64(14), T.int64(4)), "float32")):
        T.func_attr({"tir.noalias": T.bool(True)})
        # with T.block("root"):
        conv2d_NCHWc = T.alloc_buffer((T.int64(1), T.int64(32), T.int64(14), T.int64(14), T.int64(4)))
        for n_0_oc_chunk_0_oh_0_ow_0_oc_block_0_fused in T.parallel(T.int64(7), annotations={"pragma_auto_unroll_max_step": 512, "pragma_unroll_explicit": 1}):
            for n_1, oc_chunk_1, oh_1, ow_1, oc_block_1 in T.grid(T.int64(1), T.int64(2), T.int64(2), T.int64(2), T.int64(4)):
                for n_2_init, oc_chunk_2_init, oh_2_init, ow_2_init, oc_block_2_init, n_3_init, oc_chunk_3_init, oh_3_init, ow_3_init, oc_block_3_init in T.grid(T.int64(1), T.int64(16), T.int64(1), T.int64(7), T.int64(1), T.int64(1), T.int64(1), T.int64(1), T.int64(1), T.int64(1)):
                    with T.block("conv2d_NCHWc_init"):
                        v_n = T.axis.spatial(T.int64(1), n_1 + n_2_init + n_3_init)
                        v_oc_chunk = T.axis.spatial(T.int64(32), oc_chunk_1 * T.int64(16) + oc_chunk_2_init + oc_chunk_3_init)
                        v_oh = T.axis.spatial(T.int64(14), n_0_oc_chunk_0_oh_0_ow_0_oc_block_0_fused * T.int64(2) + oh_1 + oh_2_init + oh_3_init)
                        v_ow = T.axis.spatial(T.int64(14), ow_1 * T.int64(7) + ow_2_init + ow_3_init)
                        v_oc_block = T.axis.spatial(T.int64(4), oc_block_1 + oc_block_2_init + oc_block_3_init)
                        T.reads()
                        T.writes(conv2d_NCHWc[v_n, v_oc_chunk, v_oh, v_ow, v_oc_block])
                        T.block_attr({"meta_schedule.tiling_structure": "SSRSRS"})
                        conv2d_NCHWc[v_n, v_oc_chunk, v_oh, v_ow, v_oc_block] = T.float32(0)
                for ic_0, kh_0, kw_0, n_2, oc_chunk_2, oh_2, ow_2, oc_block_2, ic_1, kh_1, kw_1, n_3, oc_chunk_3, oh_3, ow_3, oc_block_3 in T.grid(T.int64(17), T.int64(1), T.int64(1), T.int64(1), T.int64(16), T.int64(1), T.int64(7), T.int64(1), T.int64(64), T.int64(1), T.int64(1), T.int64(1), T.int64(1), T.int64(1), T.int64(1), T.int64(1)):
                    with T.block("conv2d_NCHWc_update"):
                        v_n = T.axis.spatial(T.int64(1), n_1 + n_2 + n_3)
                        v_oc_chunk = T.axis.spatial(T.int64(32), oc_chunk_1 * T.int64(16) + oc_chunk_2 + oc_chunk_3)
                        v_oh = T.axis.spatial(T.int64(14), n_0_oc_chunk_0_oh_0_ow_0_oc_block_0_fused * T.int64(2) + oh_1 + oh_2 + oh_3)
                        v_ow = T.axis.spatial(T.int64(14), ow_1 * T.int64(7) + ow_2 + ow_3)
                        v_oc_block = T.axis.spatial(T.int64(4), oc_block_1 + oc_block_2 + oc_block_3)
                        v_ic = T.axis.reduce(T.int64(1088), ic_0 * T.int64(64) + ic_1)
                        v_kh = T.axis.reduce(T.int64(1), kh_0 + kh_1)
                        v_kw = T.axis.reduce(T.int64(1), kw_0 + kw_1)
                        T.reads(conv2d_NCHWc[v_n, v_oc_chunk, v_oh, v_ow, v_oc_block], p0[v_n, v_ic // T.int64(4), v_oh + v_kh, v_ow + v_kw, v_ic % T.int64(4)], p1[v_oc_chunk, v_ic // T.int64(4), v_kh, v_kw, v_ic % T.int64(4), v_oc_block])
                        T.writes(conv2d_NCHWc[v_n, v_oc_chunk, v_oh, v_ow, v_oc_block])
                        T.block_attr({"meta_schedule.tiling_structure": "SSRSRS"})
                        conv2d_NCHWc[v_n, v_oc_chunk, v_oh, v_ow, v_oc_block] = conv2d_NCHWc[v_n, v_oc_chunk, v_oh, v_ow, v_oc_block] + p0[v_n, v_ic // T.int64(4), v_oh + v_kh, v_ow + v_kw, v_ic % T.int64(4)] * p1[v_oc_chunk, v_ic // T.int64(4), v_kh, v_kw, v_ic % T.int64(4), v_oc_block]
            for ax0, ax1, ax2 in T.grid(T.int64(1), T.int64(32), T.int64(2)):
                for ax3_ax4_fused in T.vectorized(T.int64(56)):
                    with T.block("T_relu"):
                        v_ax0, v_ax1 = T.axis.remap("SS", [ax0, ax1])
                        v_ax2 = T.axis.spatial(T.int64(14), n_0_oc_chunk_0_oh_0_ow_0_oc_block_0_fused * T.int64(2) + ax2)
                        v_ax3 = T.axis.spatial(T.int64(14), ax3_ax4_fused // T.int64(4))
                        v_ax4 = T.axis.spatial(T.int64(4), ax3_ax4_fused % T.int64(4))
                        T.reads(conv2d_NCHWc[v_ax0, v_ax1, v_ax2, v_ax3, v_ax4], p2[v_ax0, v_ax1, T.int64(0), T.int64(0), v_ax4])
                        T.writes(T_relu[v_ax0, v_ax1, v_ax2, v_ax3, v_ax4])
                        T_relu[v_ax0, v_ax1, v_ax2, v_ax3, v_ax4] = T.max(conv2d_NCHWc[v_ax0, v_ax1, v_ax2, v_ax3, v_ax4] + p2[v_ax0, v_ax1, T.int64(0), T.int64(0), v_ax4], T.float32(0))
b0 = sch.get_block(name="conv2d_NCHWc", func_name="main")
b1 = sch.get_block(name="T_add", func_name="main")
b2 = sch.get_block(name="root", func_name="main")
sch.compute_inline(block=b1)
sch.annotate(block_or_loop=b0, ann_key="meta_schedule.tiling_structure", ann_val="SSRSRS")
l3, l4, l5, l6, l7, l8, l9, l10 = sch.get_loops(block=b0)
v11, v12, v13, v14 = sch.sample_perfect_tile(loop=l3, n=4, max_innermost_factor=64, decision=[1, 1, 1, 1])
l15, l16, l17, l18 = sch.split(loop=l3, factors=[v11, v12, v13, v14], preserve_unit_iters=True)
v19, v20, v21, v22 = sch.sample_perfect_tile(loop=l4, n=4, max_innermost_factor=64, decision=[1, 2, 16, 1])
l23, l24, l25, l26 = sch.split(loop=l4, factors=[v19, v20, v21, v22], preserve_unit_iters=True)
v27, v28, v29, v30 = sch.sample_perfect_tile(loop=l5, n=4, max_innermost_factor=64, decision=[7, 2, 1, 1])
l31, l32, l33, l34 = sch.split(loop=l5, factors=[v27, v28, v29, v30], preserve_unit_iters=True)
v35, v36, v37, v38 = sch.sample_perfect_tile(loop=l6, n=4, max_innermost_factor=64, decision=[1, 2, 7, 1])
l39, l40, l41, l42 = sch.split(loop=l6, factors=[v35, v36, v37, v38], preserve_unit_iters=True)
v43, v44, v45, v46 = sch.sample_perfect_tile(loop=l7, n=4, max_innermost_factor=64, decision=[1, 4, 1, 1])
l47, l48, l49, l50 = sch.split(loop=l7, factors=[v43, v44, v45, v46], preserve_unit_iters=True)
v51, v52 = sch.sample_perfect_tile(loop=l8, n=2, max_innermost_factor=64, decision=[17, 64])
l53, l54 = sch.split(loop=l8, factors=[v51, v52], preserve_unit_iters=True)
v55, v56 = sch.sample_perfect_tile(loop=l9, n=2, max_innermost_factor=64, decision=[1, 1])
l57, l58 = sch.split(loop=l9, factors=[v55, v56], preserve_unit_iters=True)
v59, v60 = sch.sample_perfect_tile(loop=l10, n=2, max_innermost_factor=64, decision=[1, 1])
l61, l62 = sch.split(loop=l10, factors=[v59, v60], preserve_unit_iters=True)
sch.reorder(l15, l23, l31, l39, l47, l16, l24, l32, l40, l48, l53, l57, l61, l17, l25, l33, l41, l49, l54, l58, l62, l18, l26, l34, l42, l50)
b63, = sch.get_consumers(block=b0)
sch.reverse_compute_at(block=b63, loop=l47, preserve_unit_loops=True, index=-1)
sch.annotate(block_or_loop=b2, ann_key="meta_schedule.parallel", ann_val=768)
sch.annotate(block_or_loop=b2, ann_key="meta_schedule.vectorize", ann_val=64)
v64 = sch.sample_categorical(candidates=[0, 16, 64, 512], probs=[0.25, 0.25, 0.25, 0.25], decision=3)
sch.annotate(block_or_loop=b2, ann_key="meta_schedule.unroll_explicit", ann_val=v64)
sch.enter_postproc()
b65 = sch.get_block(name="root", func_name="main")
sch.unannotate(block_or_loop=b65, ann_key="meta_schedule.parallel")
sch.unannotate(block_or_loop=b65, ann_key="meta_schedule.vectorize")
sch.unannotate(block_or_loop=b65, ann_key="meta_schedule.unroll_explicit")
b66, b67 = sch.get_child_blocks(b65)
l68, l69, l70, l71, l72, l73, l74, l75, l76, l77, l78, l79, l80, l81, l82, l83, l84, l85, l86, l87, l88, l89, l90, l91, l92, l93 = sch.get_loops(block=b66)
l94 = sch.fuse(l68, l69, l70, l71, l72, preserve_unit_iters=True)
sch.parallel(loop=l94)
sch.annotate(block_or_loop=l94, ann_key="pragma_auto_unroll_max_step", ann_val=512)
sch.annotate(block_or_loop=l94, ann_key="pragma_unroll_explicit", ann_val=1)
l95, l96, l97, l98, l99, l100 = sch.get_loops(block=b67)
l101 = sch.fuse(l99, l100, preserve_unit_iters=True)
sch.vectorize(loop=l101)
b102 = sch.get_block(name="conv2d_NCHWc", func_name="main")
l103, l104, l105, l106, l107, l108, l109, l110, l111, l112, l113, l114, l115, l116, l117, l118, l119, l120, l121, l122, l123, l124 = sch.get_loops(block=b102)
b125 = sch.decompose_reduction(block=b102, loop=l109)
2024-04-29 17:08:53 [INFO] [task_scheduler.cc:131] [Task #54: fused_nn_contrib_conv2d_NCHWc_add_nn_relu_53] Trial #17: GFLOPs: 66.0390. Time: 827.4152 us. Best GFLOPs: 127.2292
2024-04-29 17:08:53 [INFO] [task_scheduler.cc:131] [Task #54: fused_nn_contrib_conv2d_NCHWc_add_nn_relu_53] Trial #18: GFLOPs: 44.7418. Time: 1221.2675 us. Best GFLOPs: 127.2292
2024-04-29 17:08:53 [INFO] [task_scheduler.cc:131] [Task #54: fused_nn_contrib_conv2d_NCHWc_add_nn_relu_53] Trial #19: GFLOPs: 51.6164. Time: 1058.6111 us. Best GFLOPs: 127.2292
2024-04-29 17:08:53 [INFO] [task_scheduler.cc:131] [Task #54: fused_nn_contrib_conv2d_NCHWc_add_nn_relu_53] Trial #20: GFLOPs: 66.1859. Time: 825.5782 us. Best GFLOPs: 127.2292
2024-04-29 17:08:53 [INFO] [task_scheduler.cc:131] [Task #54: fused_nn_contrib_conv2d_NCHWc_add_nn_relu_53] Trial #21: GFLOPs: 14.2791. Time: 3826.6940 us. Best GFLOPs: 127.2292
2024-04-29 17:08:53 [INFO] [task_scheduler.cc:131] [Task #54: fused_nn_contrib_conv2d_NCHWc_add_nn_relu_53] Trial #22: GFLOPs: 2.3241. Time: 23510.6246 us. Best GFLOPs: 127.2292
2024-04-29 17:08:53 [INFO] [task_scheduler.cc:131] [Task #54: fused_nn_contrib_conv2d_NCHWc_add_nn_relu_53] Trial #23: GFLOPs: 30.4742. Time: 1793.0465 us. Best GFLOPs: 127.2292
2024-04-29 17:08:53 [INFO] [task_scheduler.cc:131] [Task #54: fused_nn_contrib_conv2d_NCHWc_add_nn_relu_53] Trial #24: GFLOPs: 28.6009. Time: 1910.4900 us. Best GFLOPs: 127.2292
2024-04-29 17:08:53 [INFO] [task_scheduler.cc:131] [Task #54: fused_nn_contrib_conv2d_NCHWc_add_nn_relu_53] Trial #25: GFLOPs: 96.1844. Time: 568.0930 us. Best GFLOPs: 127.2292
2024-04-29 17:08:53 [INFO] [task_scheduler.cc:131] [Task #54: fused_nn_contrib_conv2d_NCHWc_add_nn_relu_53] Trial #26: GFLOPs: 8.7128. Time: 6271.4158 us. Best GFLOPs: 127.2292
2024-04-29 17:08:53 [INFO] [task_scheduler.cc:131] [Task #54: fused_nn_contrib_conv2d_NCHWc_add_nn_relu_53] Trial #27: GFLOPs: 5.3970. Time: 10124.4642 us. Best GFLOPs: 127.2292
2024-04-29 17:08:53 [INFO] [task_scheduler.cc:131] [Task #54: fused_nn_contrib_conv2d_NCHWc_add_nn_relu_53] Trial #28: GFLOPs: 41.1913. Time: 1326.5326 us. Best GFLOPs: 127.2292
2024-04-29 17:08:53 [INFO] [task_scheduler.cc:131] [Task #54: fused_nn_contrib_conv2d_NCHWc_add_nn_relu_53] Trial #29: GFLOPs: 11.4821. Time: 4758.8688 us. Best GFLOPs: 127.2292
2024-04-29 17:08:53 [INFO] [task_scheduler.cc:131] [Task #54: fused_nn_contrib_conv2d_NCHWc_add_nn_relu_53] Trial #30: GFLOPs: 10.4574. Time: 5225.1601 us. Best GFLOPs: 127.2292
2024-04-29 17:08:53 [INFO] [task_scheduler.cc:131] [Task #54: fused_nn_contrib_conv2d_NCHWc_add_nn_relu_53] Trial #31: GFLOPs: 144.7638. Time: 377.4539 us. Best GFLOPs: 144.7638
2024-04-29 17:08:53 [INFO] [task_scheduler.cc:131] [Task #54: fused_nn_contrib_conv2d_NCHWc_add_nn_relu_53] Trial #32: GFLOPs: 110.7504. Time: 493.3765 us. Best GFLOPs: 144.7638
2024-04-29 17:08:53 [INFO] [task_scheduler.cc:131] [Task #54: fused_nn_contrib_conv2d_NCHWc_add_nn_relu_53] Trial #33: GFLOPs: 68.0619. Time: 802.8235 us. Best GFLOPs: 144.7638
2024-04-29 17:08:53 [INFO] [task_scheduler.cc:121] [Task #54: fused_nn_contrib_conv2d_NCHWc_add_nn_relu_53] Trial #34: Error in building:
LocalBuilder: Timeout, killed after 30.0 seconds
# from tvm.script import ir as I
# from tvm.script import tir as T

@I.ir_module
class Module:
    @T.prim_func
    def main(p0: T.Buffer((T.int64(1), T.int64(272), T.int64(14), T.int64(14), T.int64(4)), "float32"), p1: T.Buffer((T.int64(32), T.int64(272), T.int64(1), T.int64(1), T.int64(4), T.int64(4)), "float32"), p2: T.Buffer((T.int64(1), T.int64(32), T.int64(1), T.int64(1), T.int64(4)), "float32"), T_relu: T.Buffer((T.int64(1), T.int64(32), T.int64(14), T.int64(14), T.int64(4)), "float32")):
        T.func_attr({"tir.noalias": T.bool(True)})
        # with T.block("root"):
        conv2d_NCHWc = T.alloc_buffer((T.int64(1), T.int64(32), T.int64(14), T.int64(14), T.int64(4)))
        for n_0_oc_chunk_0_oh_0_ow_0_oc_block_0_fused in T.parallel(T.int64(32), annotations={"pragma_auto_unroll_max_step": 512, "pragma_unroll_explicit": 1}):
            for n_1, oc_chunk_1, oh_1, ow_1, oc_block_1 in T.grid(T.int64(1), T.int64(1), T.int64(7), T.int64(2), T.int64(1)):
                for n_2_init, oc_chunk_2_init, oh_2_init, ow_2_init, oc_block_2_init, n_3_init, oc_chunk_3_init, oh_3_init, ow_3_init in T.grid(T.int64(1), T.int64(1), T.int64(1), T.int64(7), T.int64(2), T.int64(1), T.int64(1), T.int64(2), T.int64(1)):
                    for oc_block_3_fused_init in T.vectorized(T.int64(2)):
                        with T.block("conv2d_NCHWc_init"):
                            v_n = T.axis.spatial(T.int64(1), n_1 + n_2_init + n_3_init)
                            v_oc_chunk = T.axis.spatial(T.int64(32), n_0_oc_chunk_0_oh_0_ow_0_oc_block_0_fused + oc_chunk_1 + oc_chunk_2_init + oc_chunk_3_init)
                            v_oh = T.axis.spatial(T.int64(14), oh_1 * T.int64(2) + oh_2_init * T.int64(2) + oh_3_init)
                            v_ow = T.axis.spatial(T.int64(14), ow_1 * T.int64(7) + ow_2_init + ow_3_init)
                            v_oc_block = T.axis.spatial(T.int64(4), oc_block_1 * T.int64(4) + oc_block_2_init * T.int64(2) + oc_block_3_fused_init)
                            T.reads()
                            T.writes(conv2d_NCHWc[v_n, v_oc_chunk, v_oh, v_ow, v_oc_block])
                            T.block_attr({"meta_schedule.tiling_structure": "SSRSRS"})
                            conv2d_NCHWc[v_n, v_oc_chunk, v_oh, v_ow, v_oc_block] = T.float32(0)
                for ic_0, kh_0, kw_0, n_2, oc_chunk_2, oh_2, ow_2, oc_block_2, ic_1, kh_1, kw_1, n_3, oc_chunk_3, oh_3, ow_3 in T.grid(T.int64(68), T.int64(1), T.int64(1), T.int64(1), T.int64(1), T.int64(1), T.int64(7), T.int64(2), T.int64(16), T.int64(1), T.int64(1), T.int64(1), T.int64(1), T.int64(2), T.int64(1)):
                    for oc_block_3_fused in T.vectorized(T.int64(2)):
                        with T.block("conv2d_NCHWc_update"):
                            v_n = T.axis.spatial(T.int64(1), n_1 + n_2 + n_3)
                            v_oc_chunk = T.axis.spatial(T.int64(32), n_0_oc_chunk_0_oh_0_ow_0_oc_block_0_fused + oc_chunk_1 + oc_chunk_2 + oc_chunk_3)
                            v_oh = T.axis.spatial(T.int64(14), oh_1 * T.int64(2) + oh_2 * T.int64(2) + oh_3)
                            v_ow = T.axis.spatial(T.int64(14), ow_1 * T.int64(7) + ow_2 + ow_3)
                            v_oc_block = T.axis.spatial(T.int64(4), oc_block_1 * T.int64(4) + oc_block_2 * T.int64(2) + oc_block_3_fused)
                            v_ic = T.axis.reduce(T.int64(1088), ic_0 * T.int64(16) + ic_1)
                            v_kh = T.axis.reduce(T.int64(1), kh_0 + kh_1)
                            v_kw = T.axis.reduce(T.int64(1), kw_0 + kw_1)
                            T.reads(conv2d_NCHWc[v_n, v_oc_chunk, v_oh, v_ow, v_oc_block], p0[v_n, v_ic // T.int64(4), v_oh + v_kh, v_ow + v_kw, v_ic % T.int64(4)], p1[v_oc_chunk, v_ic // T.int64(4), v_kh, v_kw, v_ic % T.int64(4), v_oc_block])
                            T.writes(conv2d_NCHWc[v_n, v_oc_chunk, v_oh, v_ow, v_oc_block])
                            T.block_attr({"meta_schedule.tiling_structure": "SSRSRS"})
                            conv2d_NCHWc[v_n, v_oc_chunk, v_oh, v_ow, v_oc_block] = conv2d_NCHWc[v_n, v_oc_chunk, v_oh, v_ow, v_oc_block] + p0[v_n, v_ic // T.int64(4), v_oh + v_kh, v_ow + v_kw, v_ic % T.int64(4)] * p1[v_oc_chunk, v_ic // T.int64(4), v_kh, v_kw, v_ic % T.int64(4), v_oc_block]
            for ax0, ax1, ax2 in T.grid(T.int64(1), T.int64(1), T.int64(14)):
                for ax3_ax4_fused in T.vectorized(T.int64(56)):
                    with T.block("T_relu"):
                        v_ax0 = T.axis.spatial(T.int64(1), ax0)
                        v_ax1 = T.axis.spatial(T.int64(32), n_0_oc_chunk_0_oh_0_ow_0_oc_block_0_fused + ax1)
                        v_ax2 = T.axis.spatial(T.int64(14), ax2)
                        v_ax3 = T.axis.spatial(T.int64(14), ax3_ax4_fused // T.int64(4))
                        v_ax4 = T.axis.spatial(T.int64(4), ax3_ax4_fused % T.int64(4))
                        T.reads(conv2d_NCHWc[v_ax0, v_ax1, v_ax2, v_ax3, v_ax4], p2[v_ax0, v_ax1, T.int64(0), T.int64(0), v_ax4])
                        T.writes(T_relu[v_ax0, v_ax1, v_ax2, v_ax3, v_ax4])
                        T_relu[v_ax0, v_ax1, v_ax2, v_ax3, v_ax4] = T.max(conv2d_NCHWc[v_ax0, v_ax1, v_ax2, v_ax3, v_ax4] + p2[v_ax0, v_ax1, T.int64(0), T.int64(0), v_ax4], T.float32(0))
b0 = sch.get_block(name="conv2d_NCHWc", func_name="main")
b1 = sch.get_block(name="T_add", func_name="main")
b2 = sch.get_block(name="root", func_name="main")
sch.compute_inline(block=b1)
sch.annotate(block_or_loop=b0, ann_key="meta_schedule.tiling_structure", ann_val="SSRSRS")
l3, l4, l5, l6, l7, l8, l9, l10 = sch.get_loops(block=b0)
v11, v12, v13, v14 = sch.sample_perfect_tile(loop=l3, n=4, max_innermost_factor=64, decision=[1, 1, 1, 1])
l15, l16, l17, l18 = sch.split(loop=l3, factors=[v11, v12, v13, v14], preserve_unit_iters=True)
v19, v20, v21, v22 = sch.sample_perfect_tile(loop=l4, n=4, max_innermost_factor=64, decision=[32, 1, 1, 1])
l23, l24, l25, l26 = sch.split(loop=l4, factors=[v19, v20, v21, v22], preserve_unit_iters=True)
v27, v28, v29, v30 = sch.sample_perfect_tile(loop=l5, n=4, max_innermost_factor=64, decision=[1, 7, 1, 2])
l31, l32, l33, l34 = sch.split(loop=l5, factors=[v27, v28, v29, v30], preserve_unit_iters=True)
v35, v36, v37, v38 = sch.sample_perfect_tile(loop=l6, n=4, max_innermost_factor=64, decision=[1, 2, 7, 1])
l39, l40, l41, l42 = sch.split(loop=l6, factors=[v35, v36, v37, v38], preserve_unit_iters=True)
v43, v44, v45, v46 = sch.sample_perfect_tile(loop=l7, n=4, max_innermost_factor=64, decision=[1, 1, 2, 2])
l47, l48, l49, l50 = sch.split(loop=l7, factors=[v43, v44, v45, v46], preserve_unit_iters=True)
v51, v52 = sch.sample_perfect_tile(loop=l8, n=2, max_innermost_factor=64, decision=[68, 16])
l53, l54 = sch.split(loop=l8, factors=[v51, v52], preserve_unit_iters=True)
v55, v56 = sch.sample_perfect_tile(loop=l9, n=2, max_innermost_factor=64, decision=[1, 1])
l57, l58 = sch.split(loop=l9, factors=[v55, v56], preserve_unit_iters=True)
v59, v60 = sch.sample_perfect_tile(loop=l10, n=2, max_innermost_factor=64, decision=[1, 1])
l61, l62 = sch.split(loop=l10, factors=[v59, v60], preserve_unit_iters=True)
sch.reorder(l15, l23, l31, l39, l47, l16, l24, l32, l40, l48, l53, l57, l61, l17, l25, l33, l41, l49, l54, l58, l62, l18, l26, l34, l42, l50)
b63, = sch.get_consumers(block=b0)
sch.reverse_compute_at(block=b63, loop=l47, preserve_unit_loops=True, index=-1)
sch.annotate(block_or_loop=b2, ann_key="meta_schedule.parallel", ann_val=768)
sch.annotate(block_or_loop=b2, ann_key="meta_schedule.vectorize", ann_val=64)
v64 = sch.sample_categorical(candidates=[0, 16, 64, 512], probs=[0.25, 0.25, 0.25, 0.25], decision=3)
sch.annotate(block_or_loop=b2, ann_key="meta_schedule.unroll_explicit", ann_val=v64)
sch.enter_postproc()
b65 = sch.get_block(name="root", func_name="main")
sch.unannotate(block_or_loop=b65, ann_key="meta_schedule.parallel")
sch.unannotate(block_or_loop=b65, ann_key="meta_schedule.vectorize")
sch.unannotate(block_or_loop=b65, ann_key="meta_schedule.unroll_explicit")
b66, b67 = sch.get_child_blocks(b65)
l68, l69, l70, l71, l72, l73, l74, l75, l76, l77, l78, l79, l80, l81, l82, l83, l84, l85, l86, l87, l88, l89, l90, l91, l92, l93 = sch.get_loops(block=b66)
l94 = sch.fuse(l68, l69, l70, l71, l72, preserve_unit_iters=True)
sch.parallel(loop=l94)
l95 = sch.fuse(l93, preserve_unit_iters=True)
sch.vectorize(loop=l95)
sch.annotate(block_or_loop=l94, ann_key="pragma_auto_unroll_max_step", ann_val=512)
sch.annotate(block_or_loop=l94, ann_key="pragma_unroll_explicit", ann_val=1)
l96, l97, l98, l99, l100, l101 = sch.get_loops(block=b67)
l102 = sch.fuse(l100, l101, preserve_unit_iters=True)
sch.vectorize(loop=l102)
b103 = sch.get_block(name="conv2d_NCHWc", func_name="main")
l104, l105, l106, l107, l108, l109, l110, l111, l112, l113, l114, l115, l116, l117, l118, l119, l120, l121, l122, l123, l124, l125 = sch.get_loops(block=b103)
b126 = sch.decompose_reduction(block=b103, loop=l110)
2024-04-29 17:08:53 [INFO] [task_scheduler.cc:131] [Task #54: fused_nn_contrib_conv2d_NCHWc_add_nn_relu_53] Trial #35: GFLOPs: 6.2769. Time: 8705.2026 us. Best GFLOPs: 144.7638
2024-04-29 17:08:53 [INFO] [task_scheduler.cc:131] [Task #54: fused_nn_contrib_conv2d_NCHWc_add_nn_relu_53] Trial #36: GFLOPs: 54.6344. Time: 1000.1324 us. Best GFLOPs: 144.7638
2024-04-29 17:08:53 [INFO] [task_scheduler.cc:131] [Task #54: fused_nn_contrib_conv2d_NCHWc_add_nn_relu_53] Trial #37: GFLOPs: 53.2253. Time: 1026.6102 us. Best GFLOPs: 144.7638
2024-04-29 17:08:53 [INFO] [task_scheduler.cc:131] [Task #54: fused_nn_contrib_conv2d_NCHWc_add_nn_relu_53] Trial #38: GFLOPs: 72.5326. Time: 753.3398 us. Best GFLOPs: 144.7638
2024-04-29 17:08:53 [INFO] [task_scheduler.cc:131] [Task #54: fused_nn_contrib_conv2d_NCHWc_add_nn_relu_53] Trial #39: GFLOPs: 69.9715. Time: 780.9136 us. Best GFLOPs: 144.7638
2024-04-29 17:08:53 [INFO] [task_scheduler.cc:131] [Task #54: fused_nn_contrib_conv2d_NCHWc_add_nn_relu_53] Trial #40: GFLOPs: 120.1930. Time: 454.6160 us. Best GFLOPs: 144.7638
2024-04-29 17:08:53 [INFO] [task_scheduler.cc:131] [Task #54: fused_nn_contrib_conv2d_NCHWc_add_nn_relu_53] Trial #41: GFLOPs: 86.4737. Time: 631.8873 us. Best GFLOPs: 144.7638
2024-04-29 17:08:53 [INFO] [task_scheduler.cc:131] [Task #54: fused_nn_contrib_conv2d_NCHWc_add_nn_relu_53] Trial #42: GFLOPs: 2.1650. Time: 25238.3947 us. Best GFLOPs: 144.7638
2024-04-29 17:08:53 [INFO] [task_scheduler.cc:131] [Task #54: fused_nn_contrib_conv2d_NCHWc_add_nn_relu_53] Trial #43: GFLOPs: 41.2804. Time: 1323.6715 us. Best GFLOPs: 144.7638
2024-04-29 17:08:53 [INFO] [task_scheduler.cc:131] [Task #54: fused_nn_contrib_conv2d_NCHWc_add_nn_relu_53] Trial #44: GFLOPs: 30.6931. Time: 1780.2591 us. Best GFLOPs: 144.7638
2024-04-29 17:08:53 [INFO] [task_scheduler.cc:131] [Task #54: fused_nn_contrib_conv2d_NCHWc_add_nn_relu_53] Trial #45: GFLOPs: 2.1237. Time: 25729.6743 us. Best GFLOPs: 144.7638
2024-04-29 17:08:53 [INFO] [task_scheduler.cc:131] [Task #54: fused_nn_contrib_conv2d_NCHWc_add_nn_relu_53] Trial #46: GFLOPs: 2.8373. Time: 19258.5192 us. Best GFLOPs: 144.7638
2024-04-29 17:08:53 [INFO] [task_scheduler.cc:131] [Task #54: fused_nn_contrib_conv2d_NCHWc_add_nn_relu_53] Trial #47: GFLOPs: 38.4320. Time: 1421.7758 us. Best GFLOPs: 144.7638
2024-04-29 17:08:53 [INFO] [task_scheduler.cc:131] [Task #54: fused_nn_contrib_conv2d_NCHWc_add_nn_relu_53] Trial #48: GFLOPs: 88.5664. Time: 616.9573 us. Best GFLOPs: 144.7638
2024-04-29 17:08:53 [INFO] [task_scheduler.cc:131] [Task #54: fused_nn_contrib_conv2d_NCHWc_add_nn_relu_53] Trial #49: GFLOPs: 10.5162. Time: 5195.9458 us. Best GFLOPs: 144.7638
2024-04-29 17:08:53 [INFO] [task_scheduler.cc:131] [Task #54: fused_nn_contrib_conv2d_NCHWc_add_nn_relu_53] Trial #50: GFLOPs: 1.1779. Time: 46389.3813 us. Best GFLOPs: 144.7638
2024-04-29 17:08:53 [INFO] [task_scheduler.cc:131] [Task #54: fused_nn_contrib_conv2d_NCHWc_add_nn_relu_53] Trial #51: GFLOPs: 112.0874. Time: 487.4915 us. Best GFLOPs: 144.7638
2024-04-29 17:08:53 [INFO] [task_scheduler.cc:131] [Task #54: fused_nn_contrib_conv2d_NCHWc_add_nn_relu_53] Trial #52: GFLOPs: 66.3590. Time: 823.4250 us. Best GFLOPs: 144.7638
2024-04-29 17:08:53 [INFO] [task_scheduler.cc:131] [Task #54: fused_nn_contrib_conv2d_NCHWc_add_nn_relu_53] Trial #53: GFLOPs: 11.2136. Time: 4872.8001 us. Best GFLOPs: 144.7638
2024-04-29 17:08:53 [INFO] [task_scheduler.cc:131] [Task #54: fused_nn_contrib_conv2d_NCHWc_add_nn_relu_53] Trial #54: GFLOPs: 69.7449. Time: 783.4507 us. Best GFLOPs: 144.7638
2024-04-29 17:08:53 [INFO] [task_scheduler.cc:131] [Task #54: fused_nn_contrib_conv2d_NCHWc_add_nn_relu_53] Trial #55: GFLOPs: 35.9929. Time: 1518.1230 us. Best GFLOPs: 144.7638
2024-04-29 17:08:53 [INFO] [task_scheduler.cc:131] [Task #54: fused_nn_contrib_conv2d_NCHWc_add_nn_relu_53] Trial #56: GFLOPs: 83.8963. Time: 651.2997 us. Best GFLOPs: 144.7638
2024-04-29 17:08:53 [INFO] [task_scheduler.cc:131] [Task #54: fused_nn_contrib_conv2d_NCHWc_add_nn_relu_53] Trial #57: GFLOPs: 13.7915. Time: 3961.9776 us. Best GFLOPs: 144.7638
2024-04-29 17:08:53 [INFO] [task_scheduler.cc:131] [Task #54: fused_nn_contrib_conv2d_NCHWc_add_nn_relu_53] Trial #58: GFLOPs: 162.0411. Time: 337.2087 us. Best GFLOPs: 162.0411
2024-04-29 17:08:53 [INFO] [task_scheduler.cc:131] [Task #54: fused_nn_contrib_conv2d_NCHWc_add_nn_relu_53] Trial #59: GFLOPs: 17.4196. Time: 3136.7863 us. Best GFLOPs: 162.0411
2024-04-29 17:08:53 [INFO] [task_scheduler.cc:131] [Task #54: fused_nn_contrib_conv2d_NCHWc_add_nn_relu_53] Trial #60: GFLOPs: 16.4887. Time: 3313.8760 us. Best GFLOPs: 162.0411
2024-04-29 17:08:53 [INFO] [task_scheduler.cc:131] [Task #54: fused_nn_contrib_conv2d_NCHWc_add_nn_relu_53] Trial #61: GFLOPs: 88.1687. Time: 619.7396 us. Best GFLOPs: 162.0411
2024-04-29 17:08:53 [INFO] [task_scheduler.cc:131] [Task #54: fused_nn_contrib_conv2d_NCHWc_add_nn_relu_53] Trial #62: GFLOPs: 2.9785. Time: 18345.6188 us. Best GFLOPs: 162.0411
2024-04-29 17:08:53 [INFO] [task_scheduler.cc:131] [Task #54: fused_nn_contrib_conv2d_NCHWc_add_nn_relu_53] Trial #63: GFLOPs: 16.4845. Time: 3314.7298 us. Best GFLOPs: 162.0411
2024-04-29 17:08:53 [INFO] [task_scheduler.cc:131] [Task #54: fused_nn_contrib_conv2d_NCHWc_add_nn_relu_53] Trial #64: GFLOPs: 66.3083. Time: 824.0541 us. Best GFLOPs: 162.0411
