2024-04-29 03:05:13 [INFO] [task_scheduler.cc:160] Initializing Task #127: "fused_nn_conv2d_add_nn_relu_62"
2024-04-29 03:05:13 [INFO] [task_scheduler.cc:35] 
# from tvm.script import ir as I
# from tvm.script import tir as T

@I.ir_module
class Module:
    @T.prim_func
    def main(p0: T.Buffer((T.int64(1), T.int64(624), T.int64(28), T.int64(28)), "float32"), p1: T.Buffer((T.int64(192), T.int64(624), T.int64(1), T.int64(1)), "float32"), p2: T.Buffer((T.int64(1), T.int64(192), T.int64(1), T.int64(1)), "float32"), T_relu: T.Buffer((T.int64(1), T.int64(192), T.int64(28), T.int64(28)), "float32")):
        T.func_attr({"tir.noalias": T.bool(True)})
        # with T.block("root"):
        pad_temp = T.alloc_buffer((T.int64(1), T.int64(624), T.int64(28), T.int64(28)))
        conv2d_nchw = T.alloc_buffer((T.int64(1), T.int64(192), T.int64(28), T.int64(28)))
        T_add = T.alloc_buffer((T.int64(1), T.int64(192), T.int64(28), T.int64(28)))
        for i0, i1, i2, i3 in T.grid(T.int64(1), T.int64(624), T.int64(28), T.int64(28)):
            with T.block("pad_temp"):
                v_i0, v_i1, v_i2, v_i3 = T.axis.remap("SSSS", [i0, i1, i2, i3])
                T.reads(p0[v_i0, v_i1, v_i2, v_i3])
                T.writes(pad_temp[v_i0, v_i1, v_i2, v_i3])
                pad_temp[v_i0, v_i1, v_i2, v_i3] = p0[v_i0, v_i1, v_i2, v_i3]
        for nn, ff, yy, xx, rc, ry, rx in T.grid(T.int64(1), T.int64(192), T.int64(28), T.int64(28), T.int64(624), T.int64(1), T.int64(1)):
            with T.block("conv2d_nchw"):
                v_nn, v_ff, v_yy, v_xx, v_rc, v_ry, v_rx = T.axis.remap("SSSSRRR", [nn, ff, yy, xx, rc, ry, rx])
                T.reads(pad_temp[v_nn, v_rc, v_yy + v_ry, v_xx + v_rx], p1[v_ff, v_rc, v_ry, v_rx])
                T.writes(conv2d_nchw[v_nn, v_ff, v_yy, v_xx])
                with T.init():
                    conv2d_nchw[v_nn, v_ff, v_yy, v_xx] = T.float32(0)
                conv2d_nchw[v_nn, v_ff, v_yy, v_xx] = conv2d_nchw[v_nn, v_ff, v_yy, v_xx] + pad_temp[v_nn, v_rc, v_yy + v_ry, v_xx + v_rx] * p1[v_ff, v_rc, v_ry, v_rx]
        for ax0, ax1, ax2, ax3 in T.grid(T.int64(1), T.int64(192), T.int64(28), T.int64(28)):
            with T.block("T_add"):
                v_ax0, v_ax1, v_ax2, v_ax3 = T.axis.remap("SSSS", [ax0, ax1, ax2, ax3])
                T.reads(conv2d_nchw[v_ax0, v_ax1, v_ax2, v_ax3], p2[v_ax0, v_ax1, T.int64(0), T.int64(0)])
                T.writes(T_add[v_ax0, v_ax1, v_ax2, v_ax3])
                T_add[v_ax0, v_ax1, v_ax2, v_ax3] = conv2d_nchw[v_ax0, v_ax1, v_ax2, v_ax3] + p2[v_ax0, v_ax1, T.int64(0), T.int64(0)]
        for ax0, ax1, ax2, ax3 in T.grid(T.int64(1), T.int64(192), T.int64(28), T.int64(28)):
            with T.block("T_relu"):
                v_ax0, v_ax1, v_ax2, v_ax3 = T.axis.remap("SSSS", [ax0, ax1, ax2, ax3])
                T.reads(T_add[v_ax0, v_ax1, v_ax2, v_ax3])
                T.writes(T_relu[v_ax0, v_ax1, v_ax2, v_ax3])
                T_relu[v_ax0, v_ax1, v_ax2, v_ax3] = T.max(T_add[v_ax0, v_ax1, v_ax2, v_ax3], T.float32(0))
2024-04-29 03:05:13 [INFO] [task_scheduler.cc:164] Total 3 design space(s) generated
2024-04-29 03:05:13 [INFO] [task_scheduler.cc:170] Design space #0:
# from tvm.script import ir as I
# from tvm.script import tir as T

@I.ir_module
class Module:
    @T.prim_func
    def main(p0: T.Buffer((T.int64(1), T.int64(624), T.int64(28), T.int64(28)), "float32"), p1: T.Buffer((T.int64(192), T.int64(624), T.int64(1), T.int64(1)), "float32"), p2: T.Buffer((T.int64(1), T.int64(192), T.int64(1), T.int64(1)), "float32"), T_relu: T.Buffer((T.int64(1), T.int64(192), T.int64(28), T.int64(28)), "float32")):
        T.func_attr({"tir.noalias": T.bool(True)})
        with T.block("root"):
            T.reads()
            T.writes()
            T.block_attr({"meta_schedule.unroll_explicit": 64})
            conv2d_nchw_local = T.alloc_buffer((T.int64(1), T.int64(192), T.int64(28), T.int64(28)), scope="local")
            pad_temp_shared = T.alloc_buffer((T.int64(1), T.int64(624), T.int64(28), T.int64(28)), scope="shared")
            p1_shared = T.alloc_buffer((T.int64(192), T.int64(624), T.int64(1), T.int64(1)), scope="shared")
            for nn_0_ff_0_yy_0_xx_0_fused in T.thread_binding(T.int64(4), thread="blockIdx.x"):
                for nn_1_ff_1_yy_1_xx_1_fused in T.thread_binding(T.int64(84), thread="vthread.x"):
                    for nn_2_ff_2_yy_2_xx_2_fused in T.thread_binding(T.int64(4), thread="threadIdx.x"):
                        for rc_0, ry_0, rx_0 in T.grid(T.int64(2), T.int64(1), T.int64(1)):
                            for ax0_ax1_ax2_ax3_fused in range(T.int64(122304)):
                                with T.block("pad_temp_shared"):
                                    v0 = T.axis.spatial(T.int64(1), T.int64(0))
                                    v1 = T.axis.spatial(T.int64(624), rc_0 * T.int64(312) + ax0_ax1_ax2_ax3_fused // T.int64(392))
                                    v2 = T.axis.spatial(T.int64(28), ax0_ax1_ax2_ax3_fused % T.int64(392) // T.int64(14))
                                    v3 = T.axis.spatial(T.int64(28), nn_0_ff_0_yy_0_xx_0_fused % T.int64(2) * T.int64(14) + ax0_ax1_ax2_ax3_fused % T.int64(14))
                                    T.reads(p0[v0, v1, v2, v3])
                                    T.writes(pad_temp_shared[v0, v1, v2, v3])
                                    T.block_attr({"meta_schedule.cooperative_fetch": 2})
                                    pad_temp_shared[v0, v1, v2, v3] = p0[v0, v1, v2, v3]
                            for ax0_ax1_ax2_ax3_fused in range(T.int64(29952)):
                                with T.block("p1_shared"):
                                    v0 = T.axis.spatial(T.int64(192), nn_0_ff_0_yy_0_xx_0_fused // T.int64(2) * T.int64(96) + ax0_ax1_ax2_ax3_fused // T.int64(312))
                                    v1 = T.axis.spatial(T.int64(624), rc_0 * T.int64(312) + ax0_ax1_ax2_ax3_fused % T.int64(312))
                                    v2 = T.axis.spatial(T.int64(1), T.int64(0))
                                    v3 = T.axis.spatial(T.int64(1), T.int64(0))
                                    T.reads(p1[v0, v1, v2, v3])
                                    T.writes(p1_shared[v0, v1, v2, v3])
                                    T.block_attr({"meta_schedule.cooperative_fetch": 4})
                                    p1_shared[v0, v1, v2, v3] = p1[v0, v1, v2, v3]
                            for rc_1, ry_1, rx_1, nn_3, ff_3, yy_3, xx_3, rc_2, ry_2, rx_2, nn_4, ff_4, yy_4, xx_4 in T.grid(T.int64(8), T.int64(1), T.int64(1), T.int64(1), T.int64(4), T.int64(2), T.int64(14), T.int64(39), T.int64(1), T.int64(1), T.int64(1), T.int64(1), T.int64(1), T.int64(1)):
                                with T.block("conv2d_nchw"):
                                    v_nn = T.axis.spatial(T.int64(1), nn_3 + nn_4)
                                    v_ff = T.axis.spatial(T.int64(192), nn_0_ff_0_yy_0_xx_0_fused // T.int64(2) * T.int64(96) + nn_1_ff_1_yy_1_xx_1_fused // T.int64(7) * T.int64(8) + nn_2_ff_2_yy_2_xx_2_fused // T.int64(2) * T.int64(4) + ff_3 + ff_4)
                                    v_yy = T.axis.spatial(T.int64(28), nn_1_ff_1_yy_1_xx_1_fused % T.int64(7) * T.int64(4) + nn_2_ff_2_yy_2_xx_2_fused % T.int64(2) * T.int64(2) + yy_3 + yy_4)
                                    v_xx = T.axis.spatial(T.int64(28), nn_0_ff_0_yy_0_xx_0_fused % T.int64(2) * T.int64(14) + xx_3 + xx_4)
                                    v_rc = T.axis.reduce(T.int64(624), rc_0 * T.int64(312) + rc_1 * T.int64(39) + rc_2)
                                    v_ry = T.axis.reduce(T.int64(1), ry_0 + ry_1 + ry_2)
                                    v_rx = T.axis.reduce(T.int64(1), rx_0 + rx_1 + rx_2)
                                    T.reads(pad_temp_shared[v_nn, v_rc, v_yy + v_ry, v_xx + v_rx], p1_shared[v_ff, v_rc, v_ry, v_rx])
                                    T.writes(conv2d_nchw_local[v_nn, v_ff, v_yy, v_xx])
                                    T.block_attr({"meta_schedule.thread_extent_high_inclusive": 1024, "meta_schedule.thread_extent_low_inclusive": 32, "meta_schedule.tiling_structure": "SSSRRSRS"})
                                    with T.init():
                                        conv2d_nchw_local[v_nn, v_ff, v_yy, v_xx] = T.float32(0)
                                    conv2d_nchw_local[v_nn, v_ff, v_yy, v_xx] = conv2d_nchw_local[v_nn, v_ff, v_yy, v_xx] + pad_temp_shared[v_nn, v_rc, v_yy + v_ry, v_xx + v_rx] * p1_shared[v_ff, v_rc, v_ry, v_rx]
                        for ax0, ax1, ax2, ax3 in T.grid(T.int64(1), T.int64(4), T.int64(2), T.int64(14)):
                            with T.block("conv2d_nchw_local"):
                                v0 = T.axis.spatial(T.int64(1), ax0)
                                v1 = T.axis.spatial(T.int64(192), nn_0_ff_0_yy_0_xx_0_fused // T.int64(2) * T.int64(96) + nn_1_ff_1_yy_1_xx_1_fused // T.int64(7) * T.int64(8) + nn_2_ff_2_yy_2_xx_2_fused // T.int64(2) * T.int64(4) + ax1)
                                v2 = T.axis.spatial(T.int64(28), nn_1_ff_1_yy_1_xx_1_fused % T.int64(7) * T.int64(4) + nn_2_ff_2_yy_2_xx_2_fused % T.int64(2) * T.int64(2) + ax2)
                                v3 = T.axis.spatial(T.int64(28), nn_0_ff_0_yy_0_xx_0_fused % T.int64(2) * T.int64(14) + ax3)
                                T.reads(conv2d_nchw_local[v0, v1, v2, v3], p2[v0, v1, T.int64(0), T.int64(0)])
                                T.writes(T_relu[v0, v1, v2, v3])
                                T_relu[v0, v1, v2, v3] = T.max(conv2d_nchw_local[v0, v1, v2, v3] + p2[v0, v1, T.int64(0), T.int64(0)], T.float32(0))
b0 = sch.get_block(name="pad_temp", func_name="main")
b1 = sch.get_block(name="conv2d_nchw", func_name="main")
b2 = sch.get_block(name="T_add", func_name="main")
b3 = sch.get_block(name="T_relu", func_name="main")
b4 = sch.get_block(name="root", func_name="main")
sch.annotate(block_or_loop=b1, ann_key="meta_schedule.tiling_structure", ann_val="SSSRRSRS")
l5, l6, l7, l8, l9, l10, l11 = sch.get_loops(block=b1)
v12, v13, v14, v15, v16 = sch.sample_perfect_tile(loop=l5, n=5, max_innermost_factor=64, decision=[1, 1, 1, 1, 1])
l17, l18, l19, l20, l21 = sch.split(loop=l5, factors=[v12, v13, v14, v15, v16], preserve_unit_iters=True)
v22, v23, v24, v25, v26 = sch.sample_perfect_tile(loop=l6, n=5, max_innermost_factor=64, decision=[2, 12, 2, 4, 1])
l27, l28, l29, l30, l31 = sch.split(loop=l6, factors=[v22, v23, v24, v25, v26], preserve_unit_iters=True)
v32, v33, v34, v35, v36 = sch.sample_perfect_tile(loop=l7, n=5, max_innermost_factor=64, decision=[1, 7, 2, 2, 1])
l37, l38, l39, l40, l41 = sch.split(loop=l7, factors=[v32, v33, v34, v35, v36], preserve_unit_iters=True)
v42, v43, v44, v45, v46 = sch.sample_perfect_tile(loop=l8, n=5, max_innermost_factor=64, decision=[2, 1, 1, 14, 1])
l47, l48, l49, l50, l51 = sch.split(loop=l8, factors=[v42, v43, v44, v45, v46], preserve_unit_iters=True)
v52, v53, v54 = sch.sample_perfect_tile(loop=l9, n=3, max_innermost_factor=64, decision=[2, 8, 39])
l55, l56, l57 = sch.split(loop=l9, factors=[v52, v53, v54], preserve_unit_iters=True)
v58, v59, v60 = sch.sample_perfect_tile(loop=l10, n=3, max_innermost_factor=64, decision=[1, 1, 1])
l61, l62, l63 = sch.split(loop=l10, factors=[v58, v59, v60], preserve_unit_iters=True)
v64, v65, v66 = sch.sample_perfect_tile(loop=l11, n=3, max_innermost_factor=64, decision=[1, 1, 1])
l67, l68, l69 = sch.split(loop=l11, factors=[v64, v65, v66], preserve_unit_iters=True)
sch.reorder(l17, l27, l37, l47, l18, l28, l38, l48, l19, l29, l39, l49, l55, l61, l67, l56, l62, l68, l20, l30, l40, l50, l57, l63, l69, l21, l31, l41, l51)
l70 = sch.fuse(l17, l27, l37, l47, preserve_unit_iters=True)
sch.bind(loop=l70, thread_axis="blockIdx.x")
l71 = sch.fuse(l18, l28, l38, l48, preserve_unit_iters=True)
sch.bind(loop=l71, thread_axis="vthread.x")
l72 = sch.fuse(l19, l29, l39, l49, preserve_unit_iters=True)
sch.bind(loop=l72, thread_axis="threadIdx.x")
sch.annotate(block_or_loop=b1, ann_key="meta_schedule.thread_extent_low_inclusive", ann_val=32)
sch.annotate(block_or_loop=b1, ann_key="meta_schedule.thread_extent_high_inclusive", ann_val=1024)
b73 = sch.cache_write(block=b1, write_buffer_index=0, storage_scope="local")
sch.reverse_compute_at(block=b73, loop=l72, preserve_unit_loops=True, index=-1)
b74 = sch.cache_read(block=b1, read_buffer_index=0, storage_scope="shared", consumer_blocks=[b1])
sch.compute_at(block=b74, loop=l67, preserve_unit_loops=True, index=-1)
l75, l76, l77, l78, l79, l80, l81, l82, l83, l84 = sch.get_loops(block=b74)
l85 = sch.fuse(l81, l82, l83, l84, preserve_unit_iters=True)
v86 = sch.sample_categorical(candidates=[1, 2, 3, 4], probs=[0.25, 0.25, 0.25, 0.25], decision=1)
sch.annotate(block_or_loop=b74, ann_key="meta_schedule.cooperative_fetch", ann_val=v86)
b87 = sch.cache_read(block=b1, read_buffer_index=1, storage_scope="shared", consumer_blocks=[b1])
sch.compute_at(block=b87, loop=l67, preserve_unit_loops=True, index=-1)
l88, l89, l90, l91, l92, l93, l94, l95, l96, l97 = sch.get_loops(block=b87)
l98 = sch.fuse(l94, l95, l96, l97, preserve_unit_iters=True)
v99 = sch.sample_categorical(candidates=[1, 2, 3, 4], probs=[0.25, 0.25, 0.25, 0.25], decision=3)
sch.annotate(block_or_loop=b87, ann_key="meta_schedule.cooperative_fetch", ann_val=v99)
sch.reverse_compute_inline(block=b3)
sch.reverse_compute_inline(block=b2)
sch.compute_inline(block=b0)
v100 = sch.sample_categorical(candidates=[0, 16, 64, 512, 1024], probs=[0.20000000000000001, 0.20000000000000001, 0.20000000000000001, 0.20000000000000001, 0.20000000000000001], decision=2)
sch.annotate(block_or_loop=b4, ann_key="meta_schedule.unroll_explicit", ann_val=v100)
2024-04-29 03:05:13 [INFO] [task_scheduler.cc:170] Design space #1:
# from tvm.script import ir as I
# from tvm.script import tir as T

@I.ir_module
class Module:
    @T.prim_func
    def main(p0: T.Buffer((T.int64(1), T.int64(624), T.int64(28), T.int64(28)), "float32"), p1: T.Buffer((T.int64(192), T.int64(624), T.int64(1), T.int64(1)), "float32"), p2: T.Buffer((T.int64(1), T.int64(192), T.int64(1), T.int64(1)), "float32"), T_relu: T.Buffer((T.int64(1), T.int64(192), T.int64(28), T.int64(28)), "float32")):
        T.func_attr({"tir.noalias": T.bool(True)})
        with T.block("root"):
            T.reads()
            T.writes()
            T.block_attr({"meta_schedule.unroll_explicit": 1024})
            conv2d_nchw_local = T.alloc_buffer((T.int64(1), T.int64(192), T.int64(28), T.int64(28)), scope="local")
            pad_temp_shared = T.alloc_buffer((T.int64(1), T.int64(624), T.int64(28), T.int64(28)), scope="shared")
            p1_shared = T.alloc_buffer((T.int64(192), T.int64(624), T.int64(1), T.int64(1)), scope="shared")
            for nn_0_ff_0_yy_0_xx_0_fused in T.thread_binding(T.int64(4), thread="blockIdx.x"):
                for nn_1_ff_1_yy_1_xx_1_fused in T.thread_binding(T.int64(84), thread="vthread.x"):
                    for nn_2_ff_2_yy_2_xx_2_fused in T.thread_binding(T.int64(4), thread="threadIdx.x"):
                        for rc_0_ry_0_rx_0_fused in T.serial(T.int64(2), annotations={"software_pipeline_async_stages": [0], "software_pipeline_order": [0, 1, 2], "software_pipeline_stage": [0, 0, 2]}):
                            for ax0_ax1_ax2_ax3_fused in range(T.int64(122304)):
                                with T.block("pad_temp_shared"):
                                    v0 = T.axis.spatial(T.int64(1), T.int64(0))
                                    v1 = T.axis.spatial(T.int64(624), rc_0_ry_0_rx_0_fused * T.int64(312) + ax0_ax1_ax2_ax3_fused // T.int64(392))
                                    v2 = T.axis.spatial(T.int64(28), ax0_ax1_ax2_ax3_fused % T.int64(392) // T.int64(14))
                                    v3 = T.axis.spatial(T.int64(28), nn_0_ff_0_yy_0_xx_0_fused % T.int64(2) * T.int64(14) + ax0_ax1_ax2_ax3_fused % T.int64(14))
                                    T.reads(p0[v0, v1, v2, v3])
                                    T.writes(pad_temp_shared[v0, v1, v2, v3])
                                    T.block_attr({"meta_schedule.cooperative_fetch": 2})
                                    pad_temp_shared[v0, v1, v2, v3] = p0[v0, v1, v2, v3]
                            for ax0_ax1_ax2_ax3_fused in range(T.int64(29952)):
                                with T.block("p1_shared"):
                                    v0 = T.axis.spatial(T.int64(192), nn_0_ff_0_yy_0_xx_0_fused // T.int64(2) * T.int64(96) + ax0_ax1_ax2_ax3_fused // T.int64(312))
                                    v1 = T.axis.spatial(T.int64(624), rc_0_ry_0_rx_0_fused * T.int64(312) + ax0_ax1_ax2_ax3_fused % T.int64(312))
                                    v2 = T.axis.spatial(T.int64(1), T.int64(0))
                                    v3 = T.axis.spatial(T.int64(1), T.int64(0))
                                    T.reads(p1[v0, v1, v2, v3])
                                    T.writes(p1_shared[v0, v1, v2, v3])
                                    T.block_attr({"meta_schedule.cooperative_fetch": 4})
                                    p1_shared[v0, v1, v2, v3] = p1[v0, v1, v2, v3]
                            for rc_1, ry_1, rx_1, nn_3, ff_3, yy_3, xx_3, rc_2, ry_2, rx_2, nn_4, ff_4, yy_4, xx_4 in T.grid(T.int64(8), T.int64(1), T.int64(1), T.int64(1), T.int64(4), T.int64(2), T.int64(14), T.int64(39), T.int64(1), T.int64(1), T.int64(1), T.int64(1), T.int64(1), T.int64(1)):
                                with T.block("conv2d_nchw"):
                                    v_nn = T.axis.spatial(T.int64(1), nn_3 + nn_4)
                                    v_ff = T.axis.spatial(T.int64(192), nn_0_ff_0_yy_0_xx_0_fused // T.int64(2) * T.int64(96) + nn_1_ff_1_yy_1_xx_1_fused // T.int64(7) * T.int64(8) + nn_2_ff_2_yy_2_xx_2_fused // T.int64(2) * T.int64(4) + ff_3 + ff_4)
                                    v_yy = T.axis.spatial(T.int64(28), nn_1_ff_1_yy_1_xx_1_fused % T.int64(7) * T.int64(4) + nn_2_ff_2_yy_2_xx_2_fused % T.int64(2) * T.int64(2) + yy_3 + yy_4)
                                    v_xx = T.axis.spatial(T.int64(28), nn_0_ff_0_yy_0_xx_0_fused % T.int64(2) * T.int64(14) + xx_3 + xx_4)
                                    v_rc = T.axis.reduce(T.int64(624), rc_0_ry_0_rx_0_fused * T.int64(312) + rc_1 * T.int64(39) + rc_2)
                                    v_ry = T.axis.reduce(T.int64(1), ry_1 + ry_2)
                                    v_rx = T.axis.reduce(T.int64(1), rx_1 + rx_2)
                                    T.reads(pad_temp_shared[v_nn, v_rc, v_yy + v_ry, v_xx + v_rx], p1_shared[v_ff, v_rc, v_ry, v_rx])
                                    T.writes(conv2d_nchw_local[v_nn, v_ff, v_yy, v_xx])
                                    T.block_attr({"meta_schedule.thread_extent_high_inclusive": 1024, "meta_schedule.thread_extent_low_inclusive": 32, "meta_schedule.tiling_structure": "SSSRRSRS"})
                                    with T.init():
                                        conv2d_nchw_local[v_nn, v_ff, v_yy, v_xx] = T.float32(0)
                                    conv2d_nchw_local[v_nn, v_ff, v_yy, v_xx] = conv2d_nchw_local[v_nn, v_ff, v_yy, v_xx] + pad_temp_shared[v_nn, v_rc, v_yy + v_ry, v_xx + v_rx] * p1_shared[v_ff, v_rc, v_ry, v_rx]
                        for ax0, ax1, ax2, ax3 in T.grid(T.int64(1), T.int64(4), T.int64(2), T.int64(14)):
                            with T.block("conv2d_nchw_local"):
                                v0 = T.axis.spatial(T.int64(1), ax0)
                                v1 = T.axis.spatial(T.int64(192), nn_0_ff_0_yy_0_xx_0_fused // T.int64(2) * T.int64(96) + nn_1_ff_1_yy_1_xx_1_fused // T.int64(7) * T.int64(8) + nn_2_ff_2_yy_2_xx_2_fused // T.int64(2) * T.int64(4) + ax1)
                                v2 = T.axis.spatial(T.int64(28), nn_1_ff_1_yy_1_xx_1_fused % T.int64(7) * T.int64(4) + nn_2_ff_2_yy_2_xx_2_fused % T.int64(2) * T.int64(2) + ax2)
                                v3 = T.axis.spatial(T.int64(28), nn_0_ff_0_yy_0_xx_0_fused % T.int64(2) * T.int64(14) + ax3)
                                T.reads(conv2d_nchw_local[v0, v1, v2, v3], p2[v0, v1, T.int64(0), T.int64(0)])
                                T.writes(T_relu[v0, v1, v2, v3])
                                T_relu[v0, v1, v2, v3] = T.max(conv2d_nchw_local[v0, v1, v2, v3] + p2[v0, v1, T.int64(0), T.int64(0)], T.float32(0))
b0 = sch.get_block(name="pad_temp", func_name="main")
b1 = sch.get_block(name="conv2d_nchw", func_name="main")
b2 = sch.get_block(name="T_add", func_name="main")
b3 = sch.get_block(name="T_relu", func_name="main")
b4 = sch.get_block(name="root", func_name="main")
sch.annotate(block_or_loop=b1, ann_key="meta_schedule.tiling_structure", ann_val="SSSRRSRS")
l5, l6, l7, l8, l9, l10, l11 = sch.get_loops(block=b1)
v12, v13, v14, v15, v16 = sch.sample_perfect_tile(loop=l5, n=5, max_innermost_factor=64, decision=[1, 1, 1, 1, 1])
l17, l18, l19, l20, l21 = sch.split(loop=l5, factors=[v12, v13, v14, v15, v16], preserve_unit_iters=True)
v22, v23, v24, v25, v26 = sch.sample_perfect_tile(loop=l6, n=5, max_innermost_factor=64, decision=[2, 12, 2, 4, 1])
l27, l28, l29, l30, l31 = sch.split(loop=l6, factors=[v22, v23, v24, v25, v26], preserve_unit_iters=True)
v32, v33, v34, v35, v36 = sch.sample_perfect_tile(loop=l7, n=5, max_innermost_factor=64, decision=[1, 7, 2, 2, 1])
l37, l38, l39, l40, l41 = sch.split(loop=l7, factors=[v32, v33, v34, v35, v36], preserve_unit_iters=True)
v42, v43, v44, v45, v46 = sch.sample_perfect_tile(loop=l8, n=5, max_innermost_factor=64, decision=[2, 1, 1, 14, 1])
l47, l48, l49, l50, l51 = sch.split(loop=l8, factors=[v42, v43, v44, v45, v46], preserve_unit_iters=True)
v52, v53, v54 = sch.sample_perfect_tile(loop=l9, n=3, max_innermost_factor=64, decision=[2, 8, 39])
l55, l56, l57 = sch.split(loop=l9, factors=[v52, v53, v54], preserve_unit_iters=True)
v58, v59, v60 = sch.sample_perfect_tile(loop=l10, n=3, max_innermost_factor=64, decision=[1, 1, 1])
l61, l62, l63 = sch.split(loop=l10, factors=[v58, v59, v60], preserve_unit_iters=True)
v64, v65, v66 = sch.sample_perfect_tile(loop=l11, n=3, max_innermost_factor=64, decision=[1, 1, 1])
l67, l68, l69 = sch.split(loop=l11, factors=[v64, v65, v66], preserve_unit_iters=True)
sch.reorder(l17, l27, l37, l47, l18, l28, l38, l48, l19, l29, l39, l49, l55, l61, l67, l56, l62, l68, l20, l30, l40, l50, l57, l63, l69, l21, l31, l41, l51)
l70 = sch.fuse(l17, l27, l37, l47, preserve_unit_iters=True)
sch.bind(loop=l70, thread_axis="blockIdx.x")
l71 = sch.fuse(l18, l28, l38, l48, preserve_unit_iters=True)
sch.bind(loop=l71, thread_axis="vthread.x")
l72 = sch.fuse(l19, l29, l39, l49, preserve_unit_iters=True)
sch.bind(loop=l72, thread_axis="threadIdx.x")
sch.annotate(block_or_loop=b1, ann_key="meta_schedule.thread_extent_low_inclusive", ann_val=32)
sch.annotate(block_or_loop=b1, ann_key="meta_schedule.thread_extent_high_inclusive", ann_val=1024)
b73 = sch.cache_write(block=b1, write_buffer_index=0, storage_scope="local")
sch.reverse_compute_at(block=b73, loop=l72, preserve_unit_loops=True, index=-1)
b74 = sch.cache_read(block=b1, read_buffer_index=0, storage_scope="shared", consumer_blocks=[b1])
sch.compute_at(block=b74, loop=l67, preserve_unit_loops=True, index=-1)
l75, l76, l77, l78, l79, l80, l81, l82, l83, l84 = sch.get_loops(block=b74)
l85 = sch.fuse(l81, l82, l83, l84, preserve_unit_iters=True)
v86 = sch.sample_categorical(candidates=[1, 2, 3, 4], probs=[0.25, 0.25, 0.25, 0.25], decision=1)
sch.annotate(block_or_loop=b74, ann_key="meta_schedule.cooperative_fetch", ann_val=v86)
b87 = sch.cache_read(block=b1, read_buffer_index=1, storage_scope="shared", consumer_blocks=[b1])
sch.compute_at(block=b87, loop=l67, preserve_unit_loops=True, index=-1)
l88, l89, l90, l91, l92, l93, l94, l95, l96, l97 = sch.get_loops(block=b87)
l98 = sch.fuse(l94, l95, l96, l97, preserve_unit_iters=True)
v99 = sch.sample_categorical(candidates=[1, 2, 3, 4], probs=[0.25, 0.25, 0.25, 0.25], decision=3)
sch.annotate(block_or_loop=b87, ann_key="meta_schedule.cooperative_fetch", ann_val=v99)
l100 = sch.fuse(l55, l61, l67, preserve_unit_iters=True)
sch.annotate(block_or_loop=l100, ann_key="software_pipeline_stage", ann_val=[0, 0, 2])
sch.annotate(block_or_loop=l100, ann_key="software_pipeline_order", ann_val=[0, 1, 2])
sch.annotate(block_or_loop=l100, ann_key="software_pipeline_async_stages", ann_val=[0])
sch.reverse_compute_inline(block=b3)
sch.reverse_compute_inline(block=b2)
sch.compute_inline(block=b0)
v101 = sch.sample_categorical(candidates=[0, 16, 64, 512, 1024], probs=[0.20000000000000001, 0.20000000000000001, 0.20000000000000001, 0.20000000000000001, 0.20000000000000001], decision=4)
sch.annotate(block_or_loop=b4, ann_key="meta_schedule.unroll_explicit", ann_val=v101)
2024-04-29 03:05:13 [INFO] [task_scheduler.cc:170] Design space #2:
# from tvm.script import ir as I
# from tvm.script import tir as T

@I.ir_module
class Module:
    @T.prim_func
    def main(p0: T.Buffer((T.int64(1), T.int64(624), T.int64(28), T.int64(28)), "float32"), p1: T.Buffer((T.int64(192), T.int64(624), T.int64(1), T.int64(1)), "float32"), p2: T.Buffer((T.int64(1), T.int64(192), T.int64(1), T.int64(1)), "float32"), T_relu: T.Buffer((T.int64(1), T.int64(192), T.int64(28), T.int64(28)), "float32")):
        T.func_attr({"tir.noalias": T.bool(True)})
        with T.block("root"):
            T.reads()
            T.writes()
            T.block_attr({"meta_schedule.unroll_explicit": 64})
            conv2d_nchw_local = T.alloc_buffer((T.int64(1), T.int64(192), T.int64(28), T.int64(28)), scope="local")
            pad_temp_shared = T.alloc_buffer((T.int64(1), T.int64(624), T.int64(28), T.int64(28)), scope="shared")
            p1_shared = T.alloc_buffer((T.int64(192), T.int64(624), T.int64(1), T.int64(1)), scope="shared")
            for nn_0_ff_0_yy_0_xx_0_fused in T.thread_binding(T.int64(4), thread="blockIdx.x"):
                for nn_1_ff_1_yy_1_xx_1_fused in T.thread_binding(T.int64(84), thread="vthread.x"):
                    for nn_2_ff_2_yy_2_xx_2_fused in T.thread_binding(T.int64(4), thread="threadIdx.x"):
                        for rc_0_ry_0_rx_0_fused in T.serial(T.int64(2), annotations={"software_pipeline_async_stages": [0], "software_pipeline_order": [0, 1, 2], "software_pipeline_stage": [0, 0, 3]}):
                            for ax0_ax1_ax2_ax3_fused in range(T.int64(122304)):
                                with T.block("pad_temp_shared"):
                                    v0 = T.axis.spatial(T.int64(1), T.int64(0))
                                    v1 = T.axis.spatial(T.int64(624), rc_0_ry_0_rx_0_fused * T.int64(312) + ax0_ax1_ax2_ax3_fused // T.int64(392))
                                    v2 = T.axis.spatial(T.int64(28), ax0_ax1_ax2_ax3_fused % T.int64(392) // T.int64(14))
                                    v3 = T.axis.spatial(T.int64(28), nn_0_ff_0_yy_0_xx_0_fused % T.int64(2) * T.int64(14) + ax0_ax1_ax2_ax3_fused % T.int64(14))
                                    T.reads(p0[v0, v1, v2, v3])
                                    T.writes(pad_temp_shared[v0, v1, v2, v3])
                                    T.block_attr({"meta_schedule.cooperative_fetch": 2})
                                    pad_temp_shared[v0, v1, v2, v3] = p0[v0, v1, v2, v3]
                            for ax0_ax1_ax2_ax3_fused in range(T.int64(29952)):
                                with T.block("p1_shared"):
                                    v0 = T.axis.spatial(T.int64(192), nn_0_ff_0_yy_0_xx_0_fused // T.int64(2) * T.int64(96) + ax0_ax1_ax2_ax3_fused // T.int64(312))
                                    v1 = T.axis.spatial(T.int64(624), rc_0_ry_0_rx_0_fused * T.int64(312) + ax0_ax1_ax2_ax3_fused % T.int64(312))
                                    v2 = T.axis.spatial(T.int64(1), T.int64(0))
                                    v3 = T.axis.spatial(T.int64(1), T.int64(0))
                                    T.reads(p1[v0, v1, v2, v3])
                                    T.writes(p1_shared[v0, v1, v2, v3])
                                    T.block_attr({"meta_schedule.cooperative_fetch": 4})
                                    p1_shared[v0, v1, v2, v3] = p1[v0, v1, v2, v3]
                            for rc_1, ry_1, rx_1, nn_3, ff_3, yy_3, xx_3, rc_2, ry_2, rx_2, nn_4, ff_4, yy_4, xx_4 in T.grid(T.int64(8), T.int64(1), T.int64(1), T.int64(1), T.int64(4), T.int64(2), T.int64(14), T.int64(39), T.int64(1), T.int64(1), T.int64(1), T.int64(1), T.int64(1), T.int64(1)):
                                with T.block("conv2d_nchw"):
                                    v_nn = T.axis.spatial(T.int64(1), nn_3 + nn_4)
                                    v_ff = T.axis.spatial(T.int64(192), nn_0_ff_0_yy_0_xx_0_fused // T.int64(2) * T.int64(96) + nn_1_ff_1_yy_1_xx_1_fused // T.int64(7) * T.int64(8) + nn_2_ff_2_yy_2_xx_2_fused // T.int64(2) * T.int64(4) + ff_3 + ff_4)
                                    v_yy = T.axis.spatial(T.int64(28), nn_1_ff_1_yy_1_xx_1_fused % T.int64(7) * T.int64(4) + nn_2_ff_2_yy_2_xx_2_fused % T.int64(2) * T.int64(2) + yy_3 + yy_4)
                                    v_xx = T.axis.spatial(T.int64(28), nn_0_ff_0_yy_0_xx_0_fused % T.int64(2) * T.int64(14) + xx_3 + xx_4)
                                    v_rc = T.axis.reduce(T.int64(624), rc_0_ry_0_rx_0_fused * T.int64(312) + rc_1 * T.int64(39) + rc_2)
                                    v_ry = T.axis.reduce(T.int64(1), ry_1 + ry_2)
                                    v_rx = T.axis.reduce(T.int64(1), rx_1 + rx_2)
                                    T.reads(pad_temp_shared[v_nn, v_rc, v_yy + v_ry, v_xx + v_rx], p1_shared[v_ff, v_rc, v_ry, v_rx])
                                    T.writes(conv2d_nchw_local[v_nn, v_ff, v_yy, v_xx])
                                    T.block_attr({"meta_schedule.thread_extent_high_inclusive": 1024, "meta_schedule.thread_extent_low_inclusive": 32, "meta_schedule.tiling_structure": "SSSRRSRS"})
                                    with T.init():
                                        conv2d_nchw_local[v_nn, v_ff, v_yy, v_xx] = T.float32(0)
                                    conv2d_nchw_local[v_nn, v_ff, v_yy, v_xx] = conv2d_nchw_local[v_nn, v_ff, v_yy, v_xx] + pad_temp_shared[v_nn, v_rc, v_yy + v_ry, v_xx + v_rx] * p1_shared[v_ff, v_rc, v_ry, v_rx]
                        for ax0, ax1, ax2, ax3 in T.grid(T.int64(1), T.int64(4), T.int64(2), T.int64(14)):
                            with T.block("conv2d_nchw_local"):
                                v0 = T.axis.spatial(T.int64(1), ax0)
                                v1 = T.axis.spatial(T.int64(192), nn_0_ff_0_yy_0_xx_0_fused // T.int64(2) * T.int64(96) + nn_1_ff_1_yy_1_xx_1_fused // T.int64(7) * T.int64(8) + nn_2_ff_2_yy_2_xx_2_fused // T.int64(2) * T.int64(4) + ax1)
                                v2 = T.axis.spatial(T.int64(28), nn_1_ff_1_yy_1_xx_1_fused % T.int64(7) * T.int64(4) + nn_2_ff_2_yy_2_xx_2_fused % T.int64(2) * T.int64(2) + ax2)
                                v3 = T.axis.spatial(T.int64(28), nn_0_ff_0_yy_0_xx_0_fused % T.int64(2) * T.int64(14) + ax3)
                                T.reads(conv2d_nchw_local[v0, v1, v2, v3], p2[v0, v1, T.int64(0), T.int64(0)])
                                T.writes(T_relu[v0, v1, v2, v3])
                                T_relu[v0, v1, v2, v3] = T.max(conv2d_nchw_local[v0, v1, v2, v3] + p2[v0, v1, T.int64(0), T.int64(0)], T.float32(0))
b0 = sch.get_block(name="pad_temp", func_name="main")
b1 = sch.get_block(name="conv2d_nchw", func_name="main")
b2 = sch.get_block(name="T_add", func_name="main")
b3 = sch.get_block(name="T_relu", func_name="main")
b4 = sch.get_block(name="root", func_name="main")
sch.annotate(block_or_loop=b1, ann_key="meta_schedule.tiling_structure", ann_val="SSSRRSRS")
l5, l6, l7, l8, l9, l10, l11 = sch.get_loops(block=b1)
v12, v13, v14, v15, v16 = sch.sample_perfect_tile(loop=l5, n=5, max_innermost_factor=64, decision=[1, 1, 1, 1, 1])
l17, l18, l19, l20, l21 = sch.split(loop=l5, factors=[v12, v13, v14, v15, v16], preserve_unit_iters=True)
v22, v23, v24, v25, v26 = sch.sample_perfect_tile(loop=l6, n=5, max_innermost_factor=64, decision=[2, 12, 2, 4, 1])
l27, l28, l29, l30, l31 = sch.split(loop=l6, factors=[v22, v23, v24, v25, v26], preserve_unit_iters=True)
v32, v33, v34, v35, v36 = sch.sample_perfect_tile(loop=l7, n=5, max_innermost_factor=64, decision=[1, 7, 2, 2, 1])
l37, l38, l39, l40, l41 = sch.split(loop=l7, factors=[v32, v33, v34, v35, v36], preserve_unit_iters=True)
v42, v43, v44, v45, v46 = sch.sample_perfect_tile(loop=l8, n=5, max_innermost_factor=64, decision=[2, 1, 1, 14, 1])
l47, l48, l49, l50, l51 = sch.split(loop=l8, factors=[v42, v43, v44, v45, v46], preserve_unit_iters=True)
v52, v53, v54 = sch.sample_perfect_tile(loop=l9, n=3, max_innermost_factor=64, decision=[2, 8, 39])
l55, l56, l57 = sch.split(loop=l9, factors=[v52, v53, v54], preserve_unit_iters=True)
v58, v59, v60 = sch.sample_perfect_tile(loop=l10, n=3, max_innermost_factor=64, decision=[1, 1, 1])
l61, l62, l63 = sch.split(loop=l10, factors=[v58, v59, v60], preserve_unit_iters=True)
v64, v65, v66 = sch.sample_perfect_tile(loop=l11, n=3, max_innermost_factor=64, decision=[1, 1, 1])
l67, l68, l69 = sch.split(loop=l11, factors=[v64, v65, v66], preserve_unit_iters=True)
sch.reorder(l17, l27, l37, l47, l18, l28, l38, l48, l19, l29, l39, l49, l55, l61, l67, l56, l62, l68, l20, l30, l40, l50, l57, l63, l69, l21, l31, l41, l51)
l70 = sch.fuse(l17, l27, l37, l47, preserve_unit_iters=True)
sch.bind(loop=l70, thread_axis="blockIdx.x")
l71 = sch.fuse(l18, l28, l38, l48, preserve_unit_iters=True)
sch.bind(loop=l71, thread_axis="vthread.x")
l72 = sch.fuse(l19, l29, l39, l49, preserve_unit_iters=True)
sch.bind(loop=l72, thread_axis="threadIdx.x")
sch.annotate(block_or_loop=b1, ann_key="meta_schedule.thread_extent_low_inclusive", ann_val=32)
sch.annotate(block_or_loop=b1, ann_key="meta_schedule.thread_extent_high_inclusive", ann_val=1024)
b73 = sch.cache_write(block=b1, write_buffer_index=0, storage_scope="local")
sch.reverse_compute_at(block=b73, loop=l72, preserve_unit_loops=True, index=-1)
b74 = sch.cache_read(block=b1, read_buffer_index=0, storage_scope="shared", consumer_blocks=[b1])
sch.compute_at(block=b74, loop=l67, preserve_unit_loops=True, index=-1)
l75, l76, l77, l78, l79, l80, l81, l82, l83, l84 = sch.get_loops(block=b74)
l85 = sch.fuse(l81, l82, l83, l84, preserve_unit_iters=True)
v86 = sch.sample_categorical(candidates=[1, 2, 3, 4], probs=[0.25, 0.25, 0.25, 0.25], decision=1)
sch.annotate(block_or_loop=b74, ann_key="meta_schedule.cooperative_fetch", ann_val=v86)
b87 = sch.cache_read(block=b1, read_buffer_index=1, storage_scope="shared", consumer_blocks=[b1])
sch.compute_at(block=b87, loop=l67, preserve_unit_loops=True, index=-1)
l88, l89, l90, l91, l92, l93, l94, l95, l96, l97 = sch.get_loops(block=b87)
l98 = sch.fuse(l94, l95, l96, l97, preserve_unit_iters=True)
v99 = sch.sample_categorical(candidates=[1, 2, 3, 4], probs=[0.25, 0.25, 0.25, 0.25], decision=3)
sch.annotate(block_or_loop=b87, ann_key="meta_schedule.cooperative_fetch", ann_val=v99)
l100 = sch.fuse(l55, l61, l67, preserve_unit_iters=True)
sch.annotate(block_or_loop=l100, ann_key="software_pipeline_stage", ann_val=[0, 0, 3])
sch.annotate(block_or_loop=l100, ann_key="software_pipeline_order", ann_val=[0, 1, 2])
sch.annotate(block_or_loop=l100, ann_key="software_pipeline_async_stages", ann_val=[0])
sch.reverse_compute_inline(block=b3)
sch.reverse_compute_inline(block=b2)
sch.compute_inline(block=b0)
v101 = sch.sample_categorical(candidates=[0, 16, 64, 512, 1024], probs=[0.20000000000000001, 0.20000000000000001, 0.20000000000000001, 0.20000000000000001, 0.20000000000000001], decision=2)
sch.annotate(block_or_loop=b4, ann_key="meta_schedule.unroll_explicit", ann_val=v101)
2024-04-29 05:46:25 [INFO] [evolutionary_search.cc:713] Generating candidates......
2024-04-29 05:46:25 [INFO] [evolutionary_search.cc:715] Picked top 0 candidate(s) from database
2024-04-29 05:46:27 [INFO] [evolutionary_search.cc:533] Sample-Init-Population summary:
Postproc #0 [meta_schedule.DisallowDynamicLoop(0x1319e468)]: 0 failure(s)
Postproc #1 [meta_schedule.RewriteCooperativeFetch(0xf641e88)]: 0 failure(s)
Postproc #2 [meta_schedule.RewriteUnboundBlock(0x12326a18)]: 0 failure(s)
Postproc #3 [meta_schedule.RewriteParallelVectorizeUnroll(0xd6aba88)]: 0 failure(s)
Postproc #4 [meta_schedule.RewriteReductionBlock(0x10f08e78)]: 0 failure(s)
Postproc #5 [meta_schedule.VerifyGPUCode(0x151fc418)]: 492 failure(s)
Postproc #6 [meta_schedule.RewriteTensorize(0xf8c6878)]: 0 failure(s)
2024-04-29 05:46:28 [INFO] [evolutionary_search.cc:533] Sample-Init-Population summary:
Postproc #0 [meta_schedule.DisallowDynamicLoop(0x1319e468)]: 0 failure(s)
Postproc #1 [meta_schedule.RewriteCooperativeFetch(0xf641e88)]: 0 failure(s)
Postproc #2 [meta_schedule.RewriteUnboundBlock(0x12326a18)]: 0 failure(s)
Postproc #3 [meta_schedule.RewriteParallelVectorizeUnroll(0xd6aba88)]: 0 failure(s)
Postproc #4 [meta_schedule.RewriteReductionBlock(0x10f08e78)]: 0 failure(s)
Postproc #5 [meta_schedule.VerifyGPUCode(0x151fc418)]: 970 failure(s)
Postproc #6 [meta_schedule.RewriteTensorize(0xf8c6878)]: 0 failure(s)
2024-04-29 05:46:28 [INFO] [evolutionary_search.cc:723] Sampled 54 candidate(s)
2024-04-29 05:46:31 [INFO] [evolutionary_search.cc:621] Evolve iter #0 done. Summary:
Postproc #0 [meta_schedule.DisallowDynamicLoop(0x1319e468)]: 0 failure(s)
Postproc #1 [meta_schedule.RewriteCooperativeFetch(0xf641e88)]: 0 failure(s)
Postproc #2 [meta_schedule.RewriteUnboundBlock(0x12326a18)]: 0 failure(s)
Postproc #3 [meta_schedule.RewriteParallelVectorizeUnroll(0xd6aba88)]: 0 failure(s)
Postproc #4 [meta_schedule.RewriteReductionBlock(0x10f08e78)]: 0 failure(s)
Postproc #5 [meta_schedule.VerifyGPUCode(0x151fc418)]: 134 failure(s)
Postproc #6 [meta_schedule.RewriteTensorize(0xf8c6878)]: 0 failure(s)
2024-04-29 05:46:33 [INFO] [evolutionary_search.cc:621] Evolve iter #1 done. Summary:
Postproc #0 [meta_schedule.DisallowDynamicLoop(0x1319e468)]: 0 failure(s)
Postproc #1 [meta_schedule.RewriteCooperativeFetch(0xf641e88)]: 0 failure(s)
Postproc #2 [meta_schedule.RewriteUnboundBlock(0x12326a18)]: 0 failure(s)
Postproc #3 [meta_schedule.RewriteParallelVectorizeUnroll(0xd6aba88)]: 0 failure(s)
Postproc #4 [meta_schedule.RewriteReductionBlock(0x10f08e78)]: 0 failure(s)
Postproc #5 [meta_schedule.VerifyGPUCode(0x151fc418)]: 101 failure(s)
Postproc #6 [meta_schedule.RewriteTensorize(0xf8c6878)]: 0 failure(s)
2024-04-29 05:46:36 [INFO] [evolutionary_search.cc:621] Evolve iter #2 done. Summary:
Postproc #0 [meta_schedule.DisallowDynamicLoop(0x1319e468)]: 0 failure(s)
Postproc #1 [meta_schedule.RewriteCooperativeFetch(0xf641e88)]: 0 failure(s)
Postproc #2 [meta_schedule.RewriteUnboundBlock(0x12326a18)]: 0 failure(s)
Postproc #3 [meta_schedule.RewriteParallelVectorizeUnroll(0xd6aba88)]: 0 failure(s)
Postproc #4 [meta_schedule.RewriteReductionBlock(0x10f08e78)]: 0 failure(s)
Postproc #5 [meta_schedule.VerifyGPUCode(0x151fc418)]: 99 failure(s)
Postproc #6 [meta_schedule.RewriteTensorize(0xf8c6878)]: 0 failure(s)
2024-04-29 05:46:38 [INFO] [evolutionary_search.cc:621] Evolve iter #3 done. Summary:
Postproc #0 [meta_schedule.DisallowDynamicLoop(0x1319e468)]: 0 failure(s)
Postproc #1 [meta_schedule.RewriteCooperativeFetch(0xf641e88)]: 0 failure(s)
Postproc #2 [meta_schedule.RewriteUnboundBlock(0x12326a18)]: 0 failure(s)
Postproc #3 [meta_schedule.RewriteParallelVectorizeUnroll(0xd6aba88)]: 0 failure(s)
Postproc #4 [meta_schedule.RewriteReductionBlock(0x10f08e78)]: 0 failure(s)
Postproc #5 [meta_schedule.VerifyGPUCode(0x151fc418)]: 97 failure(s)
Postproc #6 [meta_schedule.RewriteTensorize(0xf8c6878)]: 0 failure(s)
2024-04-29 05:46:38 [INFO] [evolutionary_search.cc:649] Scores of the best 64 candidates:
[1 : 16]:	0.9994  0.9992  0.9990  0.9988  0.9988  0.9982  0.9967  0.9964  0.9947  0.9943  0.9923  0.9913  0.9903  0.9889  0.9884  0.9883
[17 : 32]:	0.9873  0.9872  0.9871  0.9871  0.9870  0.9870  0.9868  0.9868  0.9861  0.9860  0.9840  0.9839  0.9816  0.9814  0.9807  0.9807
[33 : 48]:	0.9806  0.9800  0.9798  0.9795  0.9790  0.9785  0.9783  0.9773  0.9758  0.9749  0.9745  0.9737  0.9736  0.9731  0.9726  0.9722
[49 : 64]:	0.9714  0.9707  0.9685  0.9678  0.9674  0.9673  0.9668  0.9667  0.9664  0.9655  0.9651  0.9648  0.9642  0.9631  0.9617  0.9602
2024-04-29 05:46:38 [INFO] [evolutionary_search.cc:727] Got 64 candidate(s) with evolutionary search
2024-04-29 05:46:38 [INFO] [evolutionary_search.cc:730] Sending 64 candidates(s) for measurement
2024-04-29 06:59:22 [INFO] [task_scheduler.cc:131] [Task #127: fused_nn_conv2d_add_nn_relu_62] Trial #1: GFLOPs: 51.2154. Time: 3673.8927 us. Best GFLOPs: 51.2154
2024-04-29 06:59:22 [INFO] [task_scheduler.cc:131] [Task #127: fused_nn_conv2d_add_nn_relu_62] Trial #2: GFLOPs: 789.6493. Time: 238.2830 us. Best GFLOPs: 789.6493
2024-04-29 06:59:22 [INFO] [task_scheduler.cc:131] [Task #127: fused_nn_conv2d_add_nn_relu_62] Trial #3: GFLOPs: 647.7935. Time: 290.4629 us. Best GFLOPs: 789.6493
2024-04-29 06:59:22 [INFO] [task_scheduler.cc:131] [Task #127: fused_nn_conv2d_add_nn_relu_62] Trial #4: GFLOPs: 1268.4295. Time: 148.3409 us. Best GFLOPs: 1268.4295
2024-04-29 06:59:22 [INFO] [task_scheduler.cc:131] [Task #127: fused_nn_conv2d_add_nn_relu_62] Trial #5: GFLOPs: 3604.9806. Time: 52.1945 us. Best GFLOPs: 3604.9806
2024-04-29 06:59:22 [INFO] [task_scheduler.cc:131] [Task #127: fused_nn_conv2d_add_nn_relu_62] Trial #6: GFLOPs: 406.0243. Time: 463.4205 us. Best GFLOPs: 3604.9806
2024-04-29 06:59:22 [INFO] [task_scheduler.cc:131] [Task #127: fused_nn_conv2d_add_nn_relu_62] Trial #7: GFLOPs: 4105.9680. Time: 45.8260 us. Best GFLOPs: 4105.9680
2024-04-29 06:59:22 [INFO] [task_scheduler.cc:131] [Task #127: fused_nn_conv2d_add_nn_relu_62] Trial #8: GFLOPs: 1275.7232. Time: 147.4928 us. Best GFLOPs: 4105.9680
2024-04-29 06:59:22 [INFO] [task_scheduler.cc:131] [Task #127: fused_nn_conv2d_add_nn_relu_62] Trial #9: GFLOPs: 3794.9645. Time: 49.5815 us. Best GFLOPs: 4105.9680
2024-04-29 06:59:22 [INFO] [task_scheduler.cc:131] [Task #127: fused_nn_conv2d_add_nn_relu_62] Trial #10: GFLOPs: 1105.6254. Time: 170.1842 us. Best GFLOPs: 4105.9680
2024-04-29 06:59:22 [INFO] [task_scheduler.cc:131] [Task #127: fused_nn_conv2d_add_nn_relu_62] Trial #11: GFLOPs: 1096.9730. Time: 171.5266 us. Best GFLOPs: 4105.9680
2024-04-29 06:59:22 [INFO] [task_scheduler.cc:131] [Task #127: fused_nn_conv2d_add_nn_relu_62] Trial #12: GFLOPs: 508.9834. Time: 369.6781 us. Best GFLOPs: 4105.9680
2024-04-29 06:59:22 [INFO] [task_scheduler.cc:131] [Task #127: fused_nn_conv2d_add_nn_relu_62] Trial #13: GFLOPs: 58.8229. Time: 3198.7519 us. Best GFLOPs: 4105.9680
2024-04-29 06:59:22 [INFO] [task_scheduler.cc:131] [Task #127: fused_nn_conv2d_add_nn_relu_62] Trial #14: GFLOPs: 384.4752. Time: 489.3944 us. Best GFLOPs: 4105.9680
2024-04-29 06:59:22 [INFO] [task_scheduler.cc:131] [Task #127: fused_nn_conv2d_add_nn_relu_62] Trial #15: GFLOPs: 17.2751. Time: 10891.9807 us. Best GFLOPs: 4105.9680
2024-04-29 06:59:22 [INFO] [task_scheduler.cc:131] [Task #127: fused_nn_conv2d_add_nn_relu_62] Trial #16: GFLOPs: 1683.7493. Time: 111.7506 us. Best GFLOPs: 4105.9680
2024-04-29 06:59:22 [INFO] [task_scheduler.cc:131] [Task #127: fused_nn_conv2d_add_nn_relu_62] Trial #17: GFLOPs: 6.8002. Time: 27669.7598 us. Best GFLOPs: 4105.9680
2024-04-29 06:59:22 [INFO] [task_scheduler.cc:131] [Task #127: fused_nn_conv2d_add_nn_relu_62] Trial #18: GFLOPs: 826.0813. Time: 227.7742 us. Best GFLOPs: 4105.9680
2024-04-29 06:59:22 [INFO] [task_scheduler.cc:131] [Task #127: fused_nn_conv2d_add_nn_relu_62] Trial #19: GFLOPs: 28.3682. Time: 6632.7681 us. Best GFLOPs: 4105.9680
2024-04-29 06:59:22 [INFO] [task_scheduler.cc:131] [Task #127: fused_nn_conv2d_add_nn_relu_62] Trial #20: GFLOPs: 872.2905. Time: 215.7079 us. Best GFLOPs: 4105.9680
2024-04-29 06:59:22 [INFO] [task_scheduler.cc:131] [Task #127: fused_nn_conv2d_add_nn_relu_62] Trial #21: GFLOPs: 1025.2430. Time: 183.5272 us. Best GFLOPs: 4105.9680
2024-04-29 06:59:22 [INFO] [task_scheduler.cc:131] [Task #127: fused_nn_conv2d_add_nn_relu_62] Trial #22: GFLOPs: 1031.5748. Time: 182.4007 us. Best GFLOPs: 4105.9680
2024-04-29 06:59:22 [INFO] [task_scheduler.cc:131] [Task #127: fused_nn_conv2d_add_nn_relu_62] Trial #23: GFLOPs: 44.7003. Time: 4209.3652 us. Best GFLOPs: 4105.9680
2024-04-29 06:59:22 [INFO] [task_scheduler.cc:131] [Task #127: fused_nn_conv2d_add_nn_relu_62] Trial #24: GFLOPs: 1828.7032. Time: 102.8926 us. Best GFLOPs: 4105.9680
2024-04-29 06:59:22 [INFO] [task_scheduler.cc:131] [Task #127: fused_nn_conv2d_add_nn_relu_62] Trial #25: GFLOPs: 419.2619. Time: 448.7887 us. Best GFLOPs: 4105.9680
2024-04-29 06:59:22 [INFO] [task_scheduler.cc:131] [Task #127: fused_nn_conv2d_add_nn_relu_62] Trial #26: GFLOPs: 1947.0215. Time: 96.6399 us. Best GFLOPs: 4105.9680
2024-04-29 06:59:22 [INFO] [task_scheduler.cc:131] [Task #127: fused_nn_conv2d_add_nn_relu_62] Trial #27: GFLOPs: 1104.5888. Time: 170.3439 us. Best GFLOPs: 4105.9680
2024-04-29 06:59:22 [INFO] [task_scheduler.cc:131] [Task #127: fused_nn_conv2d_add_nn_relu_62] Trial #28: GFLOPs: 20.3603. Time: 9241.5071 us. Best GFLOPs: 4105.9680
2024-04-29 06:59:22 [INFO] [task_scheduler.cc:131] [Task #127: fused_nn_conv2d_add_nn_relu_62] Trial #29: GFLOPs: 4138.0292. Time: 45.4709 us. Best GFLOPs: 4138.0292
2024-04-29 06:59:22 [INFO] [task_scheduler.cc:131] [Task #127: fused_nn_conv2d_add_nn_relu_62] Trial #30: GFLOPs: 612.7455. Time: 307.0769 us. Best GFLOPs: 4138.0292
2024-04-29 06:59:22 [INFO] [task_scheduler.cc:131] [Task #127: fused_nn_conv2d_add_nn_relu_62] Trial #31: GFLOPs: 317.2989. Time: 593.0056 us. Best GFLOPs: 4138.0292
2024-04-29 06:59:22 [INFO] [task_scheduler.cc:131] [Task #127: fused_nn_conv2d_add_nn_relu_62] Trial #32: GFLOPs: 3493.1070. Time: 53.8661 us. Best GFLOPs: 4138.0292
2024-04-29 06:59:22 [INFO] [task_scheduler.cc:131] [Task #127: fused_nn_conv2d_add_nn_relu_62] Trial #33: GFLOPs: 828.5628. Time: 227.0920 us. Best GFLOPs: 4138.0292
2024-04-29 06:59:22 [INFO] [task_scheduler.cc:131] [Task #127: fused_nn_conv2d_add_nn_relu_62] Trial #34: GFLOPs: 6.6498. Time: 28295.4235 us. Best GFLOPs: 4138.0292
2024-04-29 06:59:22 [INFO] [task_scheduler.cc:131] [Task #127: fused_nn_conv2d_add_nn_relu_62] Trial #35: GFLOPs: 234.0660. Time: 803.8758 us. Best GFLOPs: 4138.0292
2024-04-29 06:59:22 [INFO] [task_scheduler.cc:131] [Task #127: fused_nn_conv2d_add_nn_relu_62] Trial #36: GFLOPs: 2070.3316. Time: 90.8840 us. Best GFLOPs: 4138.0292
2024-04-29 06:59:22 [INFO] [task_scheduler.cc:131] [Task #127: fused_nn_conv2d_add_nn_relu_62] Trial #37: GFLOPs: 318.5465. Time: 590.6830 us. Best GFLOPs: 4138.0292
2024-04-29 06:59:22 [INFO] [task_scheduler.cc:131] [Task #127: fused_nn_conv2d_add_nn_relu_62] Trial #38: GFLOPs: 682.6538. Time: 275.6302 us. Best GFLOPs: 4138.0292
2024-04-29 06:59:22 [INFO] [task_scheduler.cc:131] [Task #127: fused_nn_conv2d_add_nn_relu_62] Trial #39: GFLOPs: 167.3583. Time: 1124.2945 us. Best GFLOPs: 4138.0292
2024-04-29 06:59:22 [INFO] [task_scheduler.cc:131] [Task #127: fused_nn_conv2d_add_nn_relu_62] Trial #40: GFLOPs: 982.5447. Time: 191.5027 us. Best GFLOPs: 4138.0292
2024-04-29 06:59:22 [INFO] [task_scheduler.cc:131] [Task #127: fused_nn_conv2d_add_nn_relu_62] Trial #41: GFLOPs: 852.4715. Time: 220.7229 us. Best GFLOPs: 4138.0292
2024-04-29 06:59:22 [INFO] [task_scheduler.cc:131] [Task #127: fused_nn_conv2d_add_nn_relu_62] Trial #42: GFLOPs: 890.9505. Time: 211.1902 us. Best GFLOPs: 4138.0292
2024-04-29 06:59:22 [INFO] [task_scheduler.cc:131] [Task #127: fused_nn_conv2d_add_nn_relu_62] Trial #43: GFLOPs: 3544.6242. Time: 53.0832 us. Best GFLOPs: 4138.0292
2024-04-29 06:59:22 [INFO] [task_scheduler.cc:131] [Task #127: fused_nn_conv2d_add_nn_relu_62] Trial #44: GFLOPs: 1.8450. Time: 101981.8623 us. Best GFLOPs: 4138.0292
2024-04-29 06:59:22 [INFO] [task_scheduler.cc:131] [Task #127: fused_nn_conv2d_add_nn_relu_62] Trial #45: GFLOPs: 902.5571. Time: 208.4744 us. Best GFLOPs: 4138.0292
2024-04-29 06:59:22 [INFO] [task_scheduler.cc:131] [Task #127: fused_nn_conv2d_add_nn_relu_62] Trial #46: GFLOPs: 1394.7161. Time: 134.9092 us. Best GFLOPs: 4138.0292
2024-04-29 06:59:22 [INFO] [task_scheduler.cc:131] [Task #127: fused_nn_conv2d_add_nn_relu_62] Trial #47: GFLOPs: 413.4070. Time: 455.1447 us. Best GFLOPs: 4138.0292
2024-04-29 06:59:22 [INFO] [task_scheduler.cc:131] [Task #127: fused_nn_conv2d_add_nn_relu_62] Trial #48: GFLOPs: 19.3221. Time: 9738.0537 us. Best GFLOPs: 4138.0292
2024-04-29 06:59:22 [INFO] [task_scheduler.cc:131] [Task #127: fused_nn_conv2d_add_nn_relu_62] Trial #49: GFLOPs: 1395.0125. Time: 134.8805 us. Best GFLOPs: 4138.0292
2024-04-29 06:59:22 [INFO] [task_scheduler.cc:131] [Task #127: fused_nn_conv2d_add_nn_relu_62] Trial #50: GFLOPs: 1778.8089. Time: 105.7786 us. Best GFLOPs: 4138.0292
2024-04-29 06:59:22 [INFO] [task_scheduler.cc:131] [Task #127: fused_nn_conv2d_add_nn_relu_62] Trial #51: GFLOPs: 1435.4270. Time: 131.0829 us. Best GFLOPs: 4138.0292
2024-04-29 06:59:22 [INFO] [task_scheduler.cc:121] [Task #127: fused_nn_conv2d_add_nn_relu_62] Trial #52: Error in building:
LocalBuilder: Timeout, killed after 30.0 seconds
# from tvm.script import ir as I
# from tvm.script import tir as T

@I.ir_module
class Module:
    @T.prim_func
    def main(p0: T.Buffer((T.int64(1), T.int64(624), T.int64(28), T.int64(28)), "float32"), p1: T.Buffer((T.int64(192), T.int64(624), T.int64(1), T.int64(1)), "float32"), p2: T.Buffer((T.int64(1), T.int64(192), T.int64(1), T.int64(1)), "float32"), T_relu: T.Buffer((T.int64(1), T.int64(192), T.int64(28), T.int64(28)), "float32")):
        T.func_attr({"tir.noalias": T.bool(True)})
        # with T.block("root"):
        conv2d_nchw_local = T.alloc_buffer((T.int64(1), T.int64(192), T.int64(28), T.int64(28)), scope="local")
        pad_temp_shared = T.alloc_buffer((T.int64(1), T.int64(624), T.int64(28), T.int64(28)), scope="shared")
        p1_shared = T.alloc_buffer((T.int64(192), T.int64(624), T.int64(1), T.int64(1)), scope="shared")
        for nn_0_ff_0_yy_0_xx_0_fused in T.thread_binding(T.int64(1), thread="blockIdx.x", annotations={"pragma_auto_unroll_max_step": 1024, "pragma_unroll_explicit": 1}):
            for nn_1_ff_1_yy_1_xx_1_fused in T.thread_binding(T.int64(14), thread="vthread.x"):
                for nn_2_ff_2_yy_2_xx_2_fused in T.thread_binding(T.int64(192), thread="threadIdx.x"):
                    for nn_3_init, ff_3_init, yy_3_init, xx_3_init, nn_4_init, ff_4_init, yy_4_init, xx_4_init in T.grid(T.int64(1), T.int64(1), T.int64(2), T.int64(2), T.int64(1), T.int64(1), T.int64(7), T.int64(2)):
                        with T.block("conv2d_nchw_init"):
                            v_nn = T.axis.spatial(T.int64(1), nn_3_init + nn_4_init)
                            v_ff = T.axis.spatial(T.int64(192), nn_1_ff_1_yy_1_xx_1_fused // T.int64(7) * T.int64(96) + nn_2_ff_2_yy_2_xx_2_fused // T.int64(2) + ff_3_init + ff_4_init)
                            v_yy = T.axis.spatial(T.int64(28), nn_2_ff_2_yy_2_xx_2_fused % T.int64(2) * T.int64(14) + yy_3_init * T.int64(7) + yy_4_init)
                            v_xx = T.axis.spatial(T.int64(28), nn_1_ff_1_yy_1_xx_1_fused % T.int64(7) * T.int64(4) + xx_3_init * T.int64(2) + xx_4_init)
                            T.reads()
                            T.writes(conv2d_nchw_local[v_nn, v_ff, v_yy, v_xx])
                            T.block_attr({"meta_schedule.thread_extent_high_inclusive": 1024, "meta_schedule.thread_extent_low_inclusive": 32, "meta_schedule.tiling_structure": "SSSRRSRS"})
                            conv2d_nchw_local[v_nn, v_ff, v_yy, v_xx] = T.float32(0)
                    for rc_0_ry_0_rx_0_fused in T.serial(T.int64(156), annotations={"software_pipeline_async_stages": [0], "software_pipeline_order": [0, 1, 2], "software_pipeline_stage": [0, 0, 2]}):
                        for ax0_ax1_ax2_ax3_fused_0 in range(T.int64(17)):
                            for ax0_ax1_ax2_ax3_fused_1 in T.thread_binding(T.int64(192), thread="threadIdx.x"):
                                with T.block("pad_temp_shared"):
                                    v0 = T.axis.spatial(T.int64(1), T.int64(0))
                                    v1 = T.axis.spatial(T.int64(624), rc_0_ry_0_rx_0_fused * T.int64(4) + (ax0_ax1_ax2_ax3_fused_0 * T.int64(192) + ax0_ax1_ax2_ax3_fused_1) // T.int64(784))
                                    v2 = T.axis.spatial(T.int64(28), (ax0_ax1_ax2_ax3_fused_0 * T.int64(192) + ax0_ax1_ax2_ax3_fused_1) % T.int64(784) // T.int64(28))
                                    v3 = T.axis.spatial(T.int64(28), (ax0_ax1_ax2_ax3_fused_0 * T.int64(192) + ax0_ax1_ax2_ax3_fused_1) % T.int64(28))
                                    T.where(ax0_ax1_ax2_ax3_fused_0 * T.int64(192) + ax0_ax1_ax2_ax3_fused_1 < T.int64(3136))
                                    T.reads(p0[v0, v1, v2, v3])
                                    T.writes(pad_temp_shared[v0, v1, v2, v3])
                                    pad_temp_shared[v0, v1, v2, v3] = p0[v0, v1, v2, v3]
                        for ax0_ax1_ax2_ax3_fused_0 in range(T.int64(4)):
                            for ax0_ax1_ax2_ax3_fused_1 in T.thread_binding(T.int64(192), thread="threadIdx.x"):
                                with T.block("p1_shared"):
                                    v0 = T.axis.spatial(T.int64(192), (ax0_ax1_ax2_ax3_fused_0 * T.int64(192) + ax0_ax1_ax2_ax3_fused_1) // T.int64(4))
                                    v1 = T.axis.spatial(T.int64(624), rc_0_ry_0_rx_0_fused * T.int64(4) + (ax0_ax1_ax2_ax3_fused_0 * T.int64(192) + ax0_ax1_ax2_ax3_fused_1) % T.int64(4))
                                    v2 = T.axis.spatial(T.int64(1), T.int64(0))
                                    v3 = T.axis.spatial(T.int64(1), T.int64(0))
                                    T.reads(p1[v0, v1, v2, v3])
                                    T.writes(p1_shared[v0, v1, v2, v3])
                                    p1_shared[v0, v1, v2, v3] = p1[v0, v1, v2, v3]
                        for rc_1, ry_1, rx_1, nn_3, ff_3, yy_3, xx_3, rc_2, ry_2, rx_2, nn_4, ff_4, yy_4, xx_4 in T.grid(T.int64(1), T.int64(1), T.int64(1), T.int64(1), T.int64(1), T.int64(2), T.int64(2), T.int64(4), T.int64(1), T.int64(1), T.int64(1), T.int64(1), T.int64(7), T.int64(2)):
                            with T.block("conv2d_nchw_update"):
                                v_nn = T.axis.spatial(T.int64(1), nn_3 + nn_4)
                                v_ff = T.axis.spatial(T.int64(192), nn_1_ff_1_yy_1_xx_1_fused // T.int64(7) * T.int64(96) + nn_2_ff_2_yy_2_xx_2_fused // T.int64(2) + ff_3 + ff_4)
                                v_yy = T.axis.spatial(T.int64(28), nn_2_ff_2_yy_2_xx_2_fused % T.int64(2) * T.int64(14) + yy_3 * T.int64(7) + yy_4)
                                v_xx = T.axis.spatial(T.int64(28), nn_1_ff_1_yy_1_xx_1_fused % T.int64(7) * T.int64(4) + xx_3 * T.int64(2) + xx_4)
                                v_rc = T.axis.reduce(T.int64(624), rc_0_ry_0_rx_0_fused * T.int64(4) + rc_1 * T.int64(4) + rc_2)
                                v_ry = T.axis.reduce(T.int64(1), ry_1 + ry_2)
                                v_rx = T.axis.reduce(T.int64(1), rx_1 + rx_2)
                                T.reads(conv2d_nchw_local[v_nn, v_ff, v_yy, v_xx], pad_temp_shared[v_nn, v_rc, v_yy + v_ry, v_xx + v_rx], p1_shared[v_ff, v_rc, v_ry, v_rx])
                                T.writes(conv2d_nchw_local[v_nn, v_ff, v_yy, v_xx])
                                T.block_attr({"meta_schedule.thread_extent_high_inclusive": 1024, "meta_schedule.thread_extent_low_inclusive": 32, "meta_schedule.tiling_structure": "SSSRRSRS"})
                                conv2d_nchw_local[v_nn, v_ff, v_yy, v_xx] = conv2d_nchw_local[v_nn, v_ff, v_yy, v_xx] + pad_temp_shared[v_nn, v_rc, v_yy + v_ry, v_xx + v_rx] * p1_shared[v_ff, v_rc, v_ry, v_rx]
                    for ax0, ax1, ax2, ax3 in T.grid(T.int64(1), T.int64(1), T.int64(14), T.int64(4)):
                        with T.block("conv2d_nchw_local"):
                            v0 = T.axis.spatial(T.int64(1), ax0)
                            v1 = T.axis.spatial(T.int64(192), nn_1_ff_1_yy_1_xx_1_fused // T.int64(7) * T.int64(96) + nn_2_ff_2_yy_2_xx_2_fused // T.int64(2) + ax1)
                            v2 = T.axis.spatial(T.int64(28), nn_2_ff_2_yy_2_xx_2_fused % T.int64(2) * T.int64(14) + ax2)
                            v3 = T.axis.spatial(T.int64(28), nn_1_ff_1_yy_1_xx_1_fused % T.int64(7) * T.int64(4) + ax3)
                            T.reads(conv2d_nchw_local[v0, v1, v2, v3], p2[v0, v1, T.int64(0), T.int64(0)])
                            T.writes(T_relu[v0, v1, v2, v3])
                            T_relu[v0, v1, v2, v3] = T.max(conv2d_nchw_local[v0, v1, v2, v3] + p2[v0, v1, T.int64(0), T.int64(0)], T.float32(0))
b0 = sch.get_block(name="pad_temp", func_name="main")
b1 = sch.get_block(name="conv2d_nchw", func_name="main")
b2 = sch.get_block(name="T_add", func_name="main")
b3 = sch.get_block(name="T_relu", func_name="main")
b4 = sch.get_block(name="root", func_name="main")
sch.annotate(block_or_loop=b1, ann_key="meta_schedule.tiling_structure", ann_val="SSSRRSRS")
l5, l6, l7, l8, l9, l10, l11 = sch.get_loops(block=b1)
v12, v13, v14, v15, v16 = sch.sample_perfect_tile(loop=l5, n=5, max_innermost_factor=64, decision=[1, 1, 1, 1, 1])
l17, l18, l19, l20, l21 = sch.split(loop=l5, factors=[v12, v13, v14, v15, v16], preserve_unit_iters=True)
v22, v23, v24, v25, v26 = sch.sample_perfect_tile(loop=l6, n=5, max_innermost_factor=64, decision=[1, 2, 96, 1, 1])
l27, l28, l29, l30, l31 = sch.split(loop=l6, factors=[v22, v23, v24, v25, v26], preserve_unit_iters=True)
v32, v33, v34, v35, v36 = sch.sample_perfect_tile(loop=l7, n=5, max_innermost_factor=64, decision=[1, 1, 2, 2, 7])
l37, l38, l39, l40, l41 = sch.split(loop=l7, factors=[v32, v33, v34, v35, v36], preserve_unit_iters=True)
v42, v43, v44, v45, v46 = sch.sample_perfect_tile(loop=l8, n=5, max_innermost_factor=64, decision=[1, 7, 1, 2, 2])
l47, l48, l49, l50, l51 = sch.split(loop=l8, factors=[v42, v43, v44, v45, v46], preserve_unit_iters=True)
v52, v53, v54 = sch.sample_perfect_tile(loop=l9, n=3, max_innermost_factor=64, decision=[156, 1, 4])
l55, l56, l57 = sch.split(loop=l9, factors=[v52, v53, v54], preserve_unit_iters=True)
v58, v59, v60 = sch.sample_perfect_tile(loop=l10, n=3, max_innermost_factor=64, decision=[1, 1, 1])
l61, l62, l63 = sch.split(loop=l10, factors=[v58, v59, v60], preserve_unit_iters=True)
v64, v65, v66 = sch.sample_perfect_tile(loop=l11, n=3, max_innermost_factor=64, decision=[1, 1, 1])
l67, l68, l69 = sch.split(loop=l11, factors=[v64, v65, v66], preserve_unit_iters=True)
sch.reorder(l17, l27, l37, l47, l18, l28, l38, l48, l19, l29, l39, l49, l55, l61, l67, l56, l62, l68, l20, l30, l40, l50, l57, l63, l69, l21, l31, l41, l51)
l70 = sch.fuse(l17, l27, l37, l47, preserve_unit_iters=True)
sch.bind(loop=l70, thread_axis="blockIdx.x")
l71 = sch.fuse(l18, l28, l38, l48, preserve_unit_iters=True)
sch.bind(loop=l71, thread_axis="vthread.x")
l72 = sch.fuse(l19, l29, l39, l49, preserve_unit_iters=True)
sch.bind(loop=l72, thread_axis="threadIdx.x")
sch.annotate(block_or_loop=b1, ann_key="meta_schedule.thread_extent_low_inclusive", ann_val=32)
sch.annotate(block_or_loop=b1, ann_key="meta_schedule.thread_extent_high_inclusive", ann_val=1024)
b73 = sch.cache_write(block=b1, write_buffer_index=0, storage_scope="local")
sch.reverse_compute_at(block=b73, loop=l72, preserve_unit_loops=True, index=-1)
b74 = sch.cache_read(block=b1, read_buffer_index=0, storage_scope="shared", consumer_blocks=[b1])
sch.compute_at(block=b74, loop=l67, preserve_unit_loops=True, index=-1)
l75, l76, l77, l78, l79, l80, l81, l82, l83, l84 = sch.get_loops(block=b74)
l85 = sch.fuse(l81, l82, l83, l84, preserve_unit_iters=True)
v86 = sch.sample_categorical(candidates=[1, 2, 3, 4], probs=[0.25, 0.25, 0.25, 0.25], decision=0)
sch.annotate(block_or_loop=b74, ann_key="meta_schedule.cooperative_fetch", ann_val=v86)
b87 = sch.cache_read(block=b1, read_buffer_index=1, storage_scope="shared", consumer_blocks=[b1])
sch.compute_at(block=b87, loop=l67, preserve_unit_loops=True, index=-1)
l88, l89, l90, l91, l92, l93, l94, l95, l96, l97 = sch.get_loops(block=b87)
l98 = sch.fuse(l94, l95, l96, l97, preserve_unit_iters=True)
v99 = sch.sample_categorical(candidates=[1, 2, 3, 4], probs=[0.25, 0.25, 0.25, 0.25], decision=0)
sch.annotate(block_or_loop=b87, ann_key="meta_schedule.cooperative_fetch", ann_val=v99)
l100 = sch.fuse(l55, l61, l67, preserve_unit_iters=True)
sch.annotate(block_or_loop=l100, ann_key="software_pipeline_stage", ann_val=[0, 0, 2])
sch.annotate(block_or_loop=l100, ann_key="software_pipeline_order", ann_val=[0, 1, 2])
sch.annotate(block_or_loop=l100, ann_key="software_pipeline_async_stages", ann_val=[0])
sch.reverse_compute_inline(block=b3)
sch.reverse_compute_inline(block=b2)
sch.compute_inline(block=b0)
v101 = sch.sample_categorical(candidates=[0, 16, 64, 512, 1024], probs=[0.20000000000000001, 0.20000000000000001, 0.20000000000000001, 0.20000000000000001, 0.20000000000000001], decision=4)
sch.annotate(block_or_loop=b4, ann_key="meta_schedule.unroll_explicit", ann_val=v101)
sch.enter_postproc()
sch.unannotate(block_or_loop=b74, ann_key="meta_schedule.cooperative_fetch")
l102, l103, l104, l105, l106 = sch.get_loops(block=b74)
l107, l108 = sch.split(loop=l106, factors=[None, 192], preserve_unit_iters=True)
sch.bind(loop=l108, thread_axis="threadIdx.x")
sch.unannotate(block_or_loop=b87, ann_key="meta_schedule.cooperative_fetch")
l109, l110, l111, l112, l113 = sch.get_loops(block=b87)
l114, l115 = sch.split(loop=l113, factors=[None, 192], preserve_unit_iters=True)
sch.bind(loop=l115, thread_axis="threadIdx.x")
b116 = sch.get_block(name="root", func_name="main")
sch.unannotate(block_or_loop=b116, ann_key="meta_schedule.unroll_explicit")
b117, b118, b119, b120 = sch.get_child_blocks(b116)
l121, l122, l123, l124, l125, l126 = sch.get_loops(block=b117)
l127, l128, l129, l130, l131, l132 = sch.get_loops(block=b118)
l133, l134, l135, l136, l137, l138, l139, l140, l141, l142, l143, l144, l145, l146, l147, l148, l149, l150 = sch.get_loops(block=b119)
sch.annotate(block_or_loop=l133, ann_key="pragma_auto_unroll_max_step", ann_val=1024)
sch.annotate(block_or_loop=l133, ann_key="pragma_unroll_explicit", ann_val=1)
l151, l152, l153, l154, l155, l156, l157 = sch.get_loops(block=b120)
b158 = sch.get_block(name="conv2d_nchw", func_name="main")
l159, l160, l161, l162, l163, l164, l165, l166, l167, l168, l169, l170, l171, l172, l173, l174, l175, l176 = sch.get_loops(block=b158)
b177 = sch.decompose_reduction(block=b158, loop=l162)
2024-04-29 06:59:22 [INFO] [task_scheduler.cc:131] [Task #127: fused_nn_conv2d_add_nn_relu_62] Trial #53: GFLOPs: 371.5887. Time: 506.3664 us. Best GFLOPs: 4138.0292
2024-04-29 06:59:22 [INFO] [task_scheduler.cc:131] [Task #127: fused_nn_conv2d_add_nn_relu_62] Trial #54: GFLOPs: 1281.6516. Time: 146.8106 us. Best GFLOPs: 4138.0292
2024-04-29 06:59:22 [INFO] [task_scheduler.cc:131] [Task #127: fused_nn_conv2d_add_nn_relu_62] Trial #55: GFLOPs: 64.9077. Time: 2898.8854 us. Best GFLOPs: 4138.0292
2024-04-29 06:59:22 [INFO] [task_scheduler.cc:131] [Task #127: fused_nn_conv2d_add_nn_relu_62] Trial #56: GFLOPs: 1759.3952. Time: 106.9458 us. Best GFLOPs: 4138.0292
2024-04-29 06:59:22 [INFO] [task_scheduler.cc:131] [Task #127: fused_nn_conv2d_add_nn_relu_62] Trial #57: GFLOPs: 4063.9637. Time: 46.2996 us. Best GFLOPs: 4138.0292
2024-04-29 06:59:22 [INFO] [task_scheduler.cc:131] [Task #127: fused_nn_conv2d_add_nn_relu_62] Trial #58: GFLOPs: 1600.6263. Time: 117.5540 us. Best GFLOPs: 4138.0292
2024-04-29 06:59:22 [INFO] [task_scheduler.cc:131] [Task #127: fused_nn_conv2d_add_nn_relu_62] Trial #59: GFLOPs: 368.3208. Time: 510.8590 us. Best GFLOPs: 4138.0292
2024-04-29 06:59:22 [INFO] [task_scheduler.cc:131] [Task #127: fused_nn_conv2d_add_nn_relu_62] Trial #60: GFLOPs: 2725.4478. Time: 69.0382 us. Best GFLOPs: 4138.0292
2024-04-29 06:59:22 [INFO] [task_scheduler.cc:131] [Task #127: fused_nn_conv2d_add_nn_relu_62] Trial #61: GFLOPs: 619.0918. Time: 303.9291 us. Best GFLOPs: 4138.0292
2024-04-29 06:59:22 [INFO] [task_scheduler.cc:131] [Task #127: fused_nn_conv2d_add_nn_relu_62] Trial #62: GFLOPs: 1660.2337. Time: 113.3334 us. Best GFLOPs: 4138.0292
2024-04-29 06:59:22 [INFO] [task_scheduler.cc:131] [Task #127: fused_nn_conv2d_add_nn_relu_62] Trial #63: GFLOPs: 1395.4978. Time: 134.8336 us. Best GFLOPs: 4138.0292
2024-04-29 06:59:22 [INFO] [task_scheduler.cc:131] [Task #127: fused_nn_conv2d_add_nn_relu_62] Trial #64: GFLOPs: 3219.2054. Time: 58.4492 us. Best GFLOPs: 4138.0292
