2024-04-29 03:05:20 [INFO] [task_scheduler.cc:160] Initializing Task #141: "fused_nn_conv2d_add_nn_relu_69"
2024-04-29 03:05:20 [INFO] [task_scheduler.cc:35] 
# from tvm.script import ir as I
# from tvm.script import tir as T

@I.ir_module
class Module:
    @T.prim_func
    def main(p0: T.Buffer((T.int64(1), T.int64(288), T.int64(28), T.int64(28)), "float32"), p1: T.Buffer((T.int64(192), T.int64(288), T.int64(1), T.int64(1)), "float32"), p2: T.Buffer((T.int64(1), T.int64(192), T.int64(1), T.int64(1)), "float32"), T_relu: T.Buffer((T.int64(1), T.int64(192), T.int64(28), T.int64(28)), "float32")):
        T.func_attr({"tir.noalias": T.bool(True)})
        # with T.block("root"):
        pad_temp = T.alloc_buffer((T.int64(1), T.int64(288), T.int64(28), T.int64(28)))
        conv2d_nchw = T.alloc_buffer((T.int64(1), T.int64(192), T.int64(28), T.int64(28)))
        T_add = T.alloc_buffer((T.int64(1), T.int64(192), T.int64(28), T.int64(28)))
        for i0, i1, i2, i3 in T.grid(T.int64(1), T.int64(288), T.int64(28), T.int64(28)):
            with T.block("pad_temp"):
                v_i0, v_i1, v_i2, v_i3 = T.axis.remap("SSSS", [i0, i1, i2, i3])
                T.reads(p0[v_i0, v_i1, v_i2, v_i3])
                T.writes(pad_temp[v_i0, v_i1, v_i2, v_i3])
                pad_temp[v_i0, v_i1, v_i2, v_i3] = p0[v_i0, v_i1, v_i2, v_i3]
        for nn, ff, yy, xx, rc, ry, rx in T.grid(T.int64(1), T.int64(192), T.int64(28), T.int64(28), T.int64(288), T.int64(1), T.int64(1)):
            with T.block("conv2d_nchw"):
                v_nn, v_ff, v_yy, v_xx, v_rc, v_ry, v_rx = T.axis.remap("SSSSRRR", [nn, ff, yy, xx, rc, ry, rx])
                T.reads(pad_temp[v_nn, v_rc, v_yy + v_ry, v_xx + v_rx], p1[v_ff, v_rc, v_ry, v_rx])
                T.writes(conv2d_nchw[v_nn, v_ff, v_yy, v_xx])
                with T.init():
                    conv2d_nchw[v_nn, v_ff, v_yy, v_xx] = T.float32(0)
                conv2d_nchw[v_nn, v_ff, v_yy, v_xx] = conv2d_nchw[v_nn, v_ff, v_yy, v_xx] + pad_temp[v_nn, v_rc, v_yy + v_ry, v_xx + v_rx] * p1[v_ff, v_rc, v_ry, v_rx]
        for ax0, ax1, ax2, ax3 in T.grid(T.int64(1), T.int64(192), T.int64(28), T.int64(28)):
            with T.block("T_add"):
                v_ax0, v_ax1, v_ax2, v_ax3 = T.axis.remap("SSSS", [ax0, ax1, ax2, ax3])
                T.reads(conv2d_nchw[v_ax0, v_ax1, v_ax2, v_ax3], p2[v_ax0, v_ax1, T.int64(0), T.int64(0)])
                T.writes(T_add[v_ax0, v_ax1, v_ax2, v_ax3])
                T_add[v_ax0, v_ax1, v_ax2, v_ax3] = conv2d_nchw[v_ax0, v_ax1, v_ax2, v_ax3] + p2[v_ax0, v_ax1, T.int64(0), T.int64(0)]
        for ax0, ax1, ax2, ax3 in T.grid(T.int64(1), T.int64(192), T.int64(28), T.int64(28)):
            with T.block("T_relu"):
                v_ax0, v_ax1, v_ax2, v_ax3 = T.axis.remap("SSSS", [ax0, ax1, ax2, ax3])
                T.reads(T_add[v_ax0, v_ax1, v_ax2, v_ax3])
                T.writes(T_relu[v_ax0, v_ax1, v_ax2, v_ax3])
                T_relu[v_ax0, v_ax1, v_ax2, v_ax3] = T.max(T_add[v_ax0, v_ax1, v_ax2, v_ax3], T.float32(0))
2024-04-29 03:05:20 [INFO] [task_scheduler.cc:164] Total 3 design space(s) generated
2024-04-29 03:05:20 [INFO] [task_scheduler.cc:170] Design space #0:
# from tvm.script import ir as I
# from tvm.script import tir as T

@I.ir_module
class Module:
    @T.prim_func
    def main(p0: T.Buffer((T.int64(1), T.int64(288), T.int64(28), T.int64(28)), "float32"), p1: T.Buffer((T.int64(192), T.int64(288), T.int64(1), T.int64(1)), "float32"), p2: T.Buffer((T.int64(1), T.int64(192), T.int64(1), T.int64(1)), "float32"), T_relu: T.Buffer((T.int64(1), T.int64(192), T.int64(28), T.int64(28)), "float32")):
        T.func_attr({"tir.noalias": T.bool(True)})
        with T.block("root"):
            T.reads()
            T.writes()
            T.block_attr({"meta_schedule.unroll_explicit": 1024})
            conv2d_nchw_local = T.alloc_buffer((T.int64(1), T.int64(192), T.int64(28), T.int64(28)), scope="local")
            pad_temp_shared = T.alloc_buffer((T.int64(1), T.int64(288), T.int64(28), T.int64(28)), scope="shared")
            p1_shared = T.alloc_buffer((T.int64(192), T.int64(288), T.int64(1), T.int64(1)), scope="shared")
            for nn_0_ff_0_yy_0_xx_0_fused in T.thread_binding(T.int64(4), thread="blockIdx.x"):
                for nn_1_ff_1_yy_1_xx_1_fused in T.thread_binding(T.int64(8), thread="vthread.x"):
                    for nn_2_ff_2_yy_2_xx_2_fused in T.thread_binding(T.int64(56), thread="threadIdx.x"):
                        for rc_0, ry_0, rx_0 in T.grid(T.int64(8), T.int64(1), T.int64(1)):
                            for ax0_ax1_ax2_ax3_fused in range(T.int64(14112)):
                                with T.block("pad_temp_shared"):
                                    v0 = T.axis.spatial(T.int64(1), T.int64(0))
                                    v1 = T.axis.spatial(T.int64(288), rc_0 * T.int64(36) + ax0_ax1_ax2_ax3_fused // T.int64(392))
                                    v2 = T.axis.spatial(T.int64(28), nn_0_ff_0_yy_0_xx_0_fused % T.int64(2) * T.int64(14) + ax0_ax1_ax2_ax3_fused % T.int64(392) // T.int64(28))
                                    v3 = T.axis.spatial(T.int64(28), ax0_ax1_ax2_ax3_fused % T.int64(28))
                                    T.reads(p0[v0, v1, v2, v3])
                                    T.writes(pad_temp_shared[v0, v1, v2, v3])
                                    T.block_attr({"meta_schedule.cooperative_fetch": 4})
                                    pad_temp_shared[v0, v1, v2, v3] = p0[v0, v1, v2, v3]
                            for ax0_ax1_ax2_ax3_fused in range(T.int64(3456)):
                                with T.block("p1_shared"):
                                    v0 = T.axis.spatial(T.int64(192), nn_0_ff_0_yy_0_xx_0_fused // T.int64(2) * T.int64(96) + ax0_ax1_ax2_ax3_fused // T.int64(36))
                                    v1 = T.axis.spatial(T.int64(288), rc_0 * T.int64(36) + ax0_ax1_ax2_ax3_fused % T.int64(36))
                                    v2 = T.axis.spatial(T.int64(1), T.int64(0))
                                    v3 = T.axis.spatial(T.int64(1), T.int64(0))
                                    T.reads(p1[v0, v1, v2, v3])
                                    T.writes(p1_shared[v0, v1, v2, v3])
                                    T.block_attr({"meta_schedule.cooperative_fetch": 4})
                                    p1_shared[v0, v1, v2, v3] = p1[v0, v1, v2, v3]
                            for rc_1, ry_1, rx_1, nn_3, ff_3, yy_3, xx_3, rc_2, ry_2, rx_2, nn_4, ff_4, yy_4, xx_4 in T.grid(T.int64(18), T.int64(1), T.int64(1), T.int64(1), T.int64(3), T.int64(1), T.int64(4), T.int64(2), T.int64(1), T.int64(1), T.int64(1), T.int64(1), T.int64(1), T.int64(7)):
                                with T.block("conv2d_nchw"):
                                    v_nn = T.axis.spatial(T.int64(1), nn_3 + nn_4)
                                    v_ff = T.axis.spatial(T.int64(192), nn_0_ff_0_yy_0_xx_0_fused // T.int64(2) * T.int64(96) + nn_1_ff_1_yy_1_xx_1_fused * T.int64(12) + nn_2_ff_2_yy_2_xx_2_fused // T.int64(14) * T.int64(3) + ff_3 + ff_4)
                                    v_yy = T.axis.spatial(T.int64(28), nn_0_ff_0_yy_0_xx_0_fused % T.int64(2) * T.int64(14) + nn_2_ff_2_yy_2_xx_2_fused % T.int64(14) + yy_3 + yy_4)
                                    v_xx = T.axis.spatial(T.int64(28), xx_3 * T.int64(7) + xx_4)
                                    v_rc = T.axis.reduce(T.int64(288), rc_0 * T.int64(36) + rc_1 * T.int64(2) + rc_2)
                                    v_ry = T.axis.reduce(T.int64(1), ry_0 + ry_1 + ry_2)
                                    v_rx = T.axis.reduce(T.int64(1), rx_0 + rx_1 + rx_2)
                                    T.reads(pad_temp_shared[v_nn, v_rc, v_yy + v_ry, v_xx + v_rx], p1_shared[v_ff, v_rc, v_ry, v_rx])
                                    T.writes(conv2d_nchw_local[v_nn, v_ff, v_yy, v_xx])
                                    T.block_attr({"meta_schedule.thread_extent_high_inclusive": 1024, "meta_schedule.thread_extent_low_inclusive": 32, "meta_schedule.tiling_structure": "SSSRRSRS"})
                                    with T.init():
                                        conv2d_nchw_local[v_nn, v_ff, v_yy, v_xx] = T.float32(0)
                                    conv2d_nchw_local[v_nn, v_ff, v_yy, v_xx] = conv2d_nchw_local[v_nn, v_ff, v_yy, v_xx] + pad_temp_shared[v_nn, v_rc, v_yy + v_ry, v_xx + v_rx] * p1_shared[v_ff, v_rc, v_ry, v_rx]
                        for ax0, ax1, ax2, ax3 in T.grid(T.int64(1), T.int64(3), T.int64(1), T.int64(28)):
                            with T.block("conv2d_nchw_local"):
                                v0 = T.axis.spatial(T.int64(1), ax0)
                                v1 = T.axis.spatial(T.int64(192), nn_0_ff_0_yy_0_xx_0_fused // T.int64(2) * T.int64(96) + nn_1_ff_1_yy_1_xx_1_fused * T.int64(12) + nn_2_ff_2_yy_2_xx_2_fused // T.int64(14) * T.int64(3) + ax1)
                                v2 = T.axis.spatial(T.int64(28), nn_0_ff_0_yy_0_xx_0_fused % T.int64(2) * T.int64(14) + nn_2_ff_2_yy_2_xx_2_fused % T.int64(14) + ax2)
                                v3 = T.axis.spatial(T.int64(28), ax3)
                                T.reads(conv2d_nchw_local[v0, v1, v2, v3], p2[v0, v1, T.int64(0), T.int64(0)])
                                T.writes(T_relu[v0, v1, v2, v3])
                                T_relu[v0, v1, v2, v3] = T.max(conv2d_nchw_local[v0, v1, v2, v3] + p2[v0, v1, T.int64(0), T.int64(0)], T.float32(0))
b0 = sch.get_block(name="pad_temp", func_name="main")
b1 = sch.get_block(name="conv2d_nchw", func_name="main")
b2 = sch.get_block(name="T_add", func_name="main")
b3 = sch.get_block(name="T_relu", func_name="main")
b4 = sch.get_block(name="root", func_name="main")
sch.annotate(block_or_loop=b1, ann_key="meta_schedule.tiling_structure", ann_val="SSSRRSRS")
l5, l6, l7, l8, l9, l10, l11 = sch.get_loops(block=b1)
v12, v13, v14, v15, v16 = sch.sample_perfect_tile(loop=l5, n=5, max_innermost_factor=64, decision=[1, 1, 1, 1, 1])
l17, l18, l19, l20, l21 = sch.split(loop=l5, factors=[v12, v13, v14, v15, v16], preserve_unit_iters=True)
v22, v23, v24, v25, v26 = sch.sample_perfect_tile(loop=l6, n=5, max_innermost_factor=64, decision=[2, 8, 4, 3, 1])
l27, l28, l29, l30, l31 = sch.split(loop=l6, factors=[v22, v23, v24, v25, v26], preserve_unit_iters=True)
v32, v33, v34, v35, v36 = sch.sample_perfect_tile(loop=l7, n=5, max_innermost_factor=64, decision=[2, 1, 14, 1, 1])
l37, l38, l39, l40, l41 = sch.split(loop=l7, factors=[v32, v33, v34, v35, v36], preserve_unit_iters=True)
v42, v43, v44, v45, v46 = sch.sample_perfect_tile(loop=l8, n=5, max_innermost_factor=64, decision=[1, 1, 1, 4, 7])
l47, l48, l49, l50, l51 = sch.split(loop=l8, factors=[v42, v43, v44, v45, v46], preserve_unit_iters=True)
v52, v53, v54 = sch.sample_perfect_tile(loop=l9, n=3, max_innermost_factor=64, decision=[8, 18, 2])
l55, l56, l57 = sch.split(loop=l9, factors=[v52, v53, v54], preserve_unit_iters=True)
v58, v59, v60 = sch.sample_perfect_tile(loop=l10, n=3, max_innermost_factor=64, decision=[1, 1, 1])
l61, l62, l63 = sch.split(loop=l10, factors=[v58, v59, v60], preserve_unit_iters=True)
v64, v65, v66 = sch.sample_perfect_tile(loop=l11, n=3, max_innermost_factor=64, decision=[1, 1, 1])
l67, l68, l69 = sch.split(loop=l11, factors=[v64, v65, v66], preserve_unit_iters=True)
sch.reorder(l17, l27, l37, l47, l18, l28, l38, l48, l19, l29, l39, l49, l55, l61, l67, l56, l62, l68, l20, l30, l40, l50, l57, l63, l69, l21, l31, l41, l51)
l70 = sch.fuse(l17, l27, l37, l47, preserve_unit_iters=True)
sch.bind(loop=l70, thread_axis="blockIdx.x")
l71 = sch.fuse(l18, l28, l38, l48, preserve_unit_iters=True)
sch.bind(loop=l71, thread_axis="vthread.x")
l72 = sch.fuse(l19, l29, l39, l49, preserve_unit_iters=True)
sch.bind(loop=l72, thread_axis="threadIdx.x")
sch.annotate(block_or_loop=b1, ann_key="meta_schedule.thread_extent_low_inclusive", ann_val=32)
sch.annotate(block_or_loop=b1, ann_key="meta_schedule.thread_extent_high_inclusive", ann_val=1024)
b73 = sch.cache_write(block=b1, write_buffer_index=0, storage_scope="local")
sch.reverse_compute_at(block=b73, loop=l72, preserve_unit_loops=True, index=-1)
b74 = sch.cache_read(block=b1, read_buffer_index=0, storage_scope="shared", consumer_blocks=[b1])
sch.compute_at(block=b74, loop=l67, preserve_unit_loops=True, index=-1)
l75, l76, l77, l78, l79, l80, l81, l82, l83, l84 = sch.get_loops(block=b74)
l85 = sch.fuse(l81, l82, l83, l84, preserve_unit_iters=True)
v86 = sch.sample_categorical(candidates=[1, 2, 3, 4], probs=[0.25, 0.25, 0.25, 0.25], decision=3)
sch.annotate(block_or_loop=b74, ann_key="meta_schedule.cooperative_fetch", ann_val=v86)
b87 = sch.cache_read(block=b1, read_buffer_index=1, storage_scope="shared", consumer_blocks=[b1])
sch.compute_at(block=b87, loop=l67, preserve_unit_loops=True, index=-1)
l88, l89, l90, l91, l92, l93, l94, l95, l96, l97 = sch.get_loops(block=b87)
l98 = sch.fuse(l94, l95, l96, l97, preserve_unit_iters=True)
v99 = sch.sample_categorical(candidates=[1, 2, 3, 4], probs=[0.25, 0.25, 0.25, 0.25], decision=3)
sch.annotate(block_or_loop=b87, ann_key="meta_schedule.cooperative_fetch", ann_val=v99)
sch.reverse_compute_inline(block=b3)
sch.reverse_compute_inline(block=b2)
sch.compute_inline(block=b0)
v100 = sch.sample_categorical(candidates=[0, 16, 64, 512, 1024], probs=[0.20000000000000001, 0.20000000000000001, 0.20000000000000001, 0.20000000000000001, 0.20000000000000001], decision=4)
sch.annotate(block_or_loop=b4, ann_key="meta_schedule.unroll_explicit", ann_val=v100)
2024-04-29 03:05:20 [INFO] [task_scheduler.cc:170] Design space #1:
# from tvm.script import ir as I
# from tvm.script import tir as T

@I.ir_module
class Module:
    @T.prim_func
    def main(p0: T.Buffer((T.int64(1), T.int64(288), T.int64(28), T.int64(28)), "float32"), p1: T.Buffer((T.int64(192), T.int64(288), T.int64(1), T.int64(1)), "float32"), p2: T.Buffer((T.int64(1), T.int64(192), T.int64(1), T.int64(1)), "float32"), T_relu: T.Buffer((T.int64(1), T.int64(192), T.int64(28), T.int64(28)), "float32")):
        T.func_attr({"tir.noalias": T.bool(True)})
        with T.block("root"):
            T.reads()
            T.writes()
            T.block_attr({"meta_schedule.unroll_explicit": 1024})
            conv2d_nchw_local = T.alloc_buffer((T.int64(1), T.int64(192), T.int64(28), T.int64(28)), scope="local")
            pad_temp_shared = T.alloc_buffer((T.int64(1), T.int64(288), T.int64(28), T.int64(28)), scope="shared")
            p1_shared = T.alloc_buffer((T.int64(192), T.int64(288), T.int64(1), T.int64(1)), scope="shared")
            for nn_0_ff_0_yy_0_xx_0_fused in T.thread_binding(T.int64(4), thread="blockIdx.x"):
                for nn_1_ff_1_yy_1_xx_1_fused in T.thread_binding(T.int64(8), thread="vthread.x"):
                    for nn_2_ff_2_yy_2_xx_2_fused in T.thread_binding(T.int64(56), thread="threadIdx.x"):
                        for rc_0_ry_0_rx_0_fused in T.serial(T.int64(8), annotations={"software_pipeline_async_stages": [0], "software_pipeline_order": [0, 1, 2], "software_pipeline_stage": [0, 0, 2]}):
                            for ax0_ax1_ax2_ax3_fused in range(T.int64(14112)):
                                with T.block("pad_temp_shared"):
                                    v0 = T.axis.spatial(T.int64(1), T.int64(0))
                                    v1 = T.axis.spatial(T.int64(288), rc_0_ry_0_rx_0_fused * T.int64(36) + ax0_ax1_ax2_ax3_fused // T.int64(392))
                                    v2 = T.axis.spatial(T.int64(28), nn_0_ff_0_yy_0_xx_0_fused % T.int64(2) * T.int64(14) + ax0_ax1_ax2_ax3_fused % T.int64(392) // T.int64(28))
                                    v3 = T.axis.spatial(T.int64(28), ax0_ax1_ax2_ax3_fused % T.int64(28))
                                    T.reads(p0[v0, v1, v2, v3])
                                    T.writes(pad_temp_shared[v0, v1, v2, v3])
                                    T.block_attr({"meta_schedule.cooperative_fetch": 4})
                                    pad_temp_shared[v0, v1, v2, v3] = p0[v0, v1, v2, v3]
                            for ax0_ax1_ax2_ax3_fused in range(T.int64(3456)):
                                with T.block("p1_shared"):
                                    v0 = T.axis.spatial(T.int64(192), nn_0_ff_0_yy_0_xx_0_fused // T.int64(2) * T.int64(96) + ax0_ax1_ax2_ax3_fused // T.int64(36))
                                    v1 = T.axis.spatial(T.int64(288), rc_0_ry_0_rx_0_fused * T.int64(36) + ax0_ax1_ax2_ax3_fused % T.int64(36))
                                    v2 = T.axis.spatial(T.int64(1), T.int64(0))
                                    v3 = T.axis.spatial(T.int64(1), T.int64(0))
                                    T.reads(p1[v0, v1, v2, v3])
                                    T.writes(p1_shared[v0, v1, v2, v3])
                                    T.block_attr({"meta_schedule.cooperative_fetch": 4})
                                    p1_shared[v0, v1, v2, v3] = p1[v0, v1, v2, v3]
                            for rc_1, ry_1, rx_1, nn_3, ff_3, yy_3, xx_3, rc_2, ry_2, rx_2, nn_4, ff_4, yy_4, xx_4 in T.grid(T.int64(18), T.int64(1), T.int64(1), T.int64(1), T.int64(3), T.int64(1), T.int64(4), T.int64(2), T.int64(1), T.int64(1), T.int64(1), T.int64(1), T.int64(1), T.int64(7)):
                                with T.block("conv2d_nchw"):
                                    v_nn = T.axis.spatial(T.int64(1), nn_3 + nn_4)
                                    v_ff = T.axis.spatial(T.int64(192), nn_0_ff_0_yy_0_xx_0_fused // T.int64(2) * T.int64(96) + nn_1_ff_1_yy_1_xx_1_fused * T.int64(12) + nn_2_ff_2_yy_2_xx_2_fused // T.int64(14) * T.int64(3) + ff_3 + ff_4)
                                    v_yy = T.axis.spatial(T.int64(28), nn_0_ff_0_yy_0_xx_0_fused % T.int64(2) * T.int64(14) + nn_2_ff_2_yy_2_xx_2_fused % T.int64(14) + yy_3 + yy_4)
                                    v_xx = T.axis.spatial(T.int64(28), xx_3 * T.int64(7) + xx_4)
                                    v_rc = T.axis.reduce(T.int64(288), rc_0_ry_0_rx_0_fused * T.int64(36) + rc_1 * T.int64(2) + rc_2)
                                    v_ry = T.axis.reduce(T.int64(1), ry_1 + ry_2)
                                    v_rx = T.axis.reduce(T.int64(1), rx_1 + rx_2)
                                    T.reads(pad_temp_shared[v_nn, v_rc, v_yy + v_ry, v_xx + v_rx], p1_shared[v_ff, v_rc, v_ry, v_rx])
                                    T.writes(conv2d_nchw_local[v_nn, v_ff, v_yy, v_xx])
                                    T.block_attr({"meta_schedule.thread_extent_high_inclusive": 1024, "meta_schedule.thread_extent_low_inclusive": 32, "meta_schedule.tiling_structure": "SSSRRSRS"})
                                    with T.init():
                                        conv2d_nchw_local[v_nn, v_ff, v_yy, v_xx] = T.float32(0)
                                    conv2d_nchw_local[v_nn, v_ff, v_yy, v_xx] = conv2d_nchw_local[v_nn, v_ff, v_yy, v_xx] + pad_temp_shared[v_nn, v_rc, v_yy + v_ry, v_xx + v_rx] * p1_shared[v_ff, v_rc, v_ry, v_rx]
                        for ax0, ax1, ax2, ax3 in T.grid(T.int64(1), T.int64(3), T.int64(1), T.int64(28)):
                            with T.block("conv2d_nchw_local"):
                                v0 = T.axis.spatial(T.int64(1), ax0)
                                v1 = T.axis.spatial(T.int64(192), nn_0_ff_0_yy_0_xx_0_fused // T.int64(2) * T.int64(96) + nn_1_ff_1_yy_1_xx_1_fused * T.int64(12) + nn_2_ff_2_yy_2_xx_2_fused // T.int64(14) * T.int64(3) + ax1)
                                v2 = T.axis.spatial(T.int64(28), nn_0_ff_0_yy_0_xx_0_fused % T.int64(2) * T.int64(14) + nn_2_ff_2_yy_2_xx_2_fused % T.int64(14) + ax2)
                                v3 = T.axis.spatial(T.int64(28), ax3)
                                T.reads(conv2d_nchw_local[v0, v1, v2, v3], p2[v0, v1, T.int64(0), T.int64(0)])
                                T.writes(T_relu[v0, v1, v2, v3])
                                T_relu[v0, v1, v2, v3] = T.max(conv2d_nchw_local[v0, v1, v2, v3] + p2[v0, v1, T.int64(0), T.int64(0)], T.float32(0))
b0 = sch.get_block(name="pad_temp", func_name="main")
b1 = sch.get_block(name="conv2d_nchw", func_name="main")
b2 = sch.get_block(name="T_add", func_name="main")
b3 = sch.get_block(name="T_relu", func_name="main")
b4 = sch.get_block(name="root", func_name="main")
sch.annotate(block_or_loop=b1, ann_key="meta_schedule.tiling_structure", ann_val="SSSRRSRS")
l5, l6, l7, l8, l9, l10, l11 = sch.get_loops(block=b1)
v12, v13, v14, v15, v16 = sch.sample_perfect_tile(loop=l5, n=5, max_innermost_factor=64, decision=[1, 1, 1, 1, 1])
l17, l18, l19, l20, l21 = sch.split(loop=l5, factors=[v12, v13, v14, v15, v16], preserve_unit_iters=True)
v22, v23, v24, v25, v26 = sch.sample_perfect_tile(loop=l6, n=5, max_innermost_factor=64, decision=[2, 8, 4, 3, 1])
l27, l28, l29, l30, l31 = sch.split(loop=l6, factors=[v22, v23, v24, v25, v26], preserve_unit_iters=True)
v32, v33, v34, v35, v36 = sch.sample_perfect_tile(loop=l7, n=5, max_innermost_factor=64, decision=[2, 1, 14, 1, 1])
l37, l38, l39, l40, l41 = sch.split(loop=l7, factors=[v32, v33, v34, v35, v36], preserve_unit_iters=True)
v42, v43, v44, v45, v46 = sch.sample_perfect_tile(loop=l8, n=5, max_innermost_factor=64, decision=[1, 1, 1, 4, 7])
l47, l48, l49, l50, l51 = sch.split(loop=l8, factors=[v42, v43, v44, v45, v46], preserve_unit_iters=True)
v52, v53, v54 = sch.sample_perfect_tile(loop=l9, n=3, max_innermost_factor=64, decision=[8, 18, 2])
l55, l56, l57 = sch.split(loop=l9, factors=[v52, v53, v54], preserve_unit_iters=True)
v58, v59, v60 = sch.sample_perfect_tile(loop=l10, n=3, max_innermost_factor=64, decision=[1, 1, 1])
l61, l62, l63 = sch.split(loop=l10, factors=[v58, v59, v60], preserve_unit_iters=True)
v64, v65, v66 = sch.sample_perfect_tile(loop=l11, n=3, max_innermost_factor=64, decision=[1, 1, 1])
l67, l68, l69 = sch.split(loop=l11, factors=[v64, v65, v66], preserve_unit_iters=True)
sch.reorder(l17, l27, l37, l47, l18, l28, l38, l48, l19, l29, l39, l49, l55, l61, l67, l56, l62, l68, l20, l30, l40, l50, l57, l63, l69, l21, l31, l41, l51)
l70 = sch.fuse(l17, l27, l37, l47, preserve_unit_iters=True)
sch.bind(loop=l70, thread_axis="blockIdx.x")
l71 = sch.fuse(l18, l28, l38, l48, preserve_unit_iters=True)
sch.bind(loop=l71, thread_axis="vthread.x")
l72 = sch.fuse(l19, l29, l39, l49, preserve_unit_iters=True)
sch.bind(loop=l72, thread_axis="threadIdx.x")
sch.annotate(block_or_loop=b1, ann_key="meta_schedule.thread_extent_low_inclusive", ann_val=32)
sch.annotate(block_or_loop=b1, ann_key="meta_schedule.thread_extent_high_inclusive", ann_val=1024)
b73 = sch.cache_write(block=b1, write_buffer_index=0, storage_scope="local")
sch.reverse_compute_at(block=b73, loop=l72, preserve_unit_loops=True, index=-1)
b74 = sch.cache_read(block=b1, read_buffer_index=0, storage_scope="shared", consumer_blocks=[b1])
sch.compute_at(block=b74, loop=l67, preserve_unit_loops=True, index=-1)
l75, l76, l77, l78, l79, l80, l81, l82, l83, l84 = sch.get_loops(block=b74)
l85 = sch.fuse(l81, l82, l83, l84, preserve_unit_iters=True)
v86 = sch.sample_categorical(candidates=[1, 2, 3, 4], probs=[0.25, 0.25, 0.25, 0.25], decision=3)
sch.annotate(block_or_loop=b74, ann_key="meta_schedule.cooperative_fetch", ann_val=v86)
b87 = sch.cache_read(block=b1, read_buffer_index=1, storage_scope="shared", consumer_blocks=[b1])
sch.compute_at(block=b87, loop=l67, preserve_unit_loops=True, index=-1)
l88, l89, l90, l91, l92, l93, l94, l95, l96, l97 = sch.get_loops(block=b87)
l98 = sch.fuse(l94, l95, l96, l97, preserve_unit_iters=True)
v99 = sch.sample_categorical(candidates=[1, 2, 3, 4], probs=[0.25, 0.25, 0.25, 0.25], decision=3)
sch.annotate(block_or_loop=b87, ann_key="meta_schedule.cooperative_fetch", ann_val=v99)
l100 = sch.fuse(l55, l61, l67, preserve_unit_iters=True)
sch.annotate(block_or_loop=l100, ann_key="software_pipeline_stage", ann_val=[0, 0, 2])
sch.annotate(block_or_loop=l100, ann_key="software_pipeline_order", ann_val=[0, 1, 2])
sch.annotate(block_or_loop=l100, ann_key="software_pipeline_async_stages", ann_val=[0])
sch.reverse_compute_inline(block=b3)
sch.reverse_compute_inline(block=b2)
sch.compute_inline(block=b0)
v101 = sch.sample_categorical(candidates=[0, 16, 64, 512, 1024], probs=[0.20000000000000001, 0.20000000000000001, 0.20000000000000001, 0.20000000000000001, 0.20000000000000001], decision=4)
sch.annotate(block_or_loop=b4, ann_key="meta_schedule.unroll_explicit", ann_val=v101)
2024-04-29 03:05:20 [INFO] [task_scheduler.cc:170] Design space #2:
# from tvm.script import ir as I
# from tvm.script import tir as T

@I.ir_module
class Module:
    @T.prim_func
    def main(p0: T.Buffer((T.int64(1), T.int64(288), T.int64(28), T.int64(28)), "float32"), p1: T.Buffer((T.int64(192), T.int64(288), T.int64(1), T.int64(1)), "float32"), p2: T.Buffer((T.int64(1), T.int64(192), T.int64(1), T.int64(1)), "float32"), T_relu: T.Buffer((T.int64(1), T.int64(192), T.int64(28), T.int64(28)), "float32")):
        T.func_attr({"tir.noalias": T.bool(True)})
        with T.block("root"):
            T.reads()
            T.writes()
            T.block_attr({"meta_schedule.unroll_explicit": 1024})
            conv2d_nchw_local = T.alloc_buffer((T.int64(1), T.int64(192), T.int64(28), T.int64(28)), scope="local")
            pad_temp_shared = T.alloc_buffer((T.int64(1), T.int64(288), T.int64(28), T.int64(28)), scope="shared")
            p1_shared = T.alloc_buffer((T.int64(192), T.int64(288), T.int64(1), T.int64(1)), scope="shared")
            for nn_0_ff_0_yy_0_xx_0_fused in T.thread_binding(T.int64(4), thread="blockIdx.x"):
                for nn_1_ff_1_yy_1_xx_1_fused in T.thread_binding(T.int64(8), thread="vthread.x"):
                    for nn_2_ff_2_yy_2_xx_2_fused in T.thread_binding(T.int64(56), thread="threadIdx.x"):
                        for rc_0_ry_0_rx_0_fused in T.serial(T.int64(8), annotations={"software_pipeline_async_stages": [0], "software_pipeline_order": [0, 1, 2], "software_pipeline_stage": [0, 0, 3]}):
                            for ax0_ax1_ax2_ax3_fused in range(T.int64(14112)):
                                with T.block("pad_temp_shared"):
                                    v0 = T.axis.spatial(T.int64(1), T.int64(0))
                                    v1 = T.axis.spatial(T.int64(288), rc_0_ry_0_rx_0_fused * T.int64(36) + ax0_ax1_ax2_ax3_fused // T.int64(392))
                                    v2 = T.axis.spatial(T.int64(28), nn_0_ff_0_yy_0_xx_0_fused % T.int64(2) * T.int64(14) + ax0_ax1_ax2_ax3_fused % T.int64(392) // T.int64(28))
                                    v3 = T.axis.spatial(T.int64(28), ax0_ax1_ax2_ax3_fused % T.int64(28))
                                    T.reads(p0[v0, v1, v2, v3])
                                    T.writes(pad_temp_shared[v0, v1, v2, v3])
                                    T.block_attr({"meta_schedule.cooperative_fetch": 4})
                                    pad_temp_shared[v0, v1, v2, v3] = p0[v0, v1, v2, v3]
                            for ax0_ax1_ax2_ax3_fused in range(T.int64(3456)):
                                with T.block("p1_shared"):
                                    v0 = T.axis.spatial(T.int64(192), nn_0_ff_0_yy_0_xx_0_fused // T.int64(2) * T.int64(96) + ax0_ax1_ax2_ax3_fused // T.int64(36))
                                    v1 = T.axis.spatial(T.int64(288), rc_0_ry_0_rx_0_fused * T.int64(36) + ax0_ax1_ax2_ax3_fused % T.int64(36))
                                    v2 = T.axis.spatial(T.int64(1), T.int64(0))
                                    v3 = T.axis.spatial(T.int64(1), T.int64(0))
                                    T.reads(p1[v0, v1, v2, v3])
                                    T.writes(p1_shared[v0, v1, v2, v3])
                                    T.block_attr({"meta_schedule.cooperative_fetch": 4})
                                    p1_shared[v0, v1, v2, v3] = p1[v0, v1, v2, v3]
                            for rc_1, ry_1, rx_1, nn_3, ff_3, yy_3, xx_3, rc_2, ry_2, rx_2, nn_4, ff_4, yy_4, xx_4 in T.grid(T.int64(18), T.int64(1), T.int64(1), T.int64(1), T.int64(3), T.int64(1), T.int64(4), T.int64(2), T.int64(1), T.int64(1), T.int64(1), T.int64(1), T.int64(1), T.int64(7)):
                                with T.block("conv2d_nchw"):
                                    v_nn = T.axis.spatial(T.int64(1), nn_3 + nn_4)
                                    v_ff = T.axis.spatial(T.int64(192), nn_0_ff_0_yy_0_xx_0_fused // T.int64(2) * T.int64(96) + nn_1_ff_1_yy_1_xx_1_fused * T.int64(12) + nn_2_ff_2_yy_2_xx_2_fused // T.int64(14) * T.int64(3) + ff_3 + ff_4)
                                    v_yy = T.axis.spatial(T.int64(28), nn_0_ff_0_yy_0_xx_0_fused % T.int64(2) * T.int64(14) + nn_2_ff_2_yy_2_xx_2_fused % T.int64(14) + yy_3 + yy_4)
                                    v_xx = T.axis.spatial(T.int64(28), xx_3 * T.int64(7) + xx_4)
                                    v_rc = T.axis.reduce(T.int64(288), rc_0_ry_0_rx_0_fused * T.int64(36) + rc_1 * T.int64(2) + rc_2)
                                    v_ry = T.axis.reduce(T.int64(1), ry_1 + ry_2)
                                    v_rx = T.axis.reduce(T.int64(1), rx_1 + rx_2)
                                    T.reads(pad_temp_shared[v_nn, v_rc, v_yy + v_ry, v_xx + v_rx], p1_shared[v_ff, v_rc, v_ry, v_rx])
                                    T.writes(conv2d_nchw_local[v_nn, v_ff, v_yy, v_xx])
                                    T.block_attr({"meta_schedule.thread_extent_high_inclusive": 1024, "meta_schedule.thread_extent_low_inclusive": 32, "meta_schedule.tiling_structure": "SSSRRSRS"})
                                    with T.init():
                                        conv2d_nchw_local[v_nn, v_ff, v_yy, v_xx] = T.float32(0)
                                    conv2d_nchw_local[v_nn, v_ff, v_yy, v_xx] = conv2d_nchw_local[v_nn, v_ff, v_yy, v_xx] + pad_temp_shared[v_nn, v_rc, v_yy + v_ry, v_xx + v_rx] * p1_shared[v_ff, v_rc, v_ry, v_rx]
                        for ax0, ax1, ax2, ax3 in T.grid(T.int64(1), T.int64(3), T.int64(1), T.int64(28)):
                            with T.block("conv2d_nchw_local"):
                                v0 = T.axis.spatial(T.int64(1), ax0)
                                v1 = T.axis.spatial(T.int64(192), nn_0_ff_0_yy_0_xx_0_fused // T.int64(2) * T.int64(96) + nn_1_ff_1_yy_1_xx_1_fused * T.int64(12) + nn_2_ff_2_yy_2_xx_2_fused // T.int64(14) * T.int64(3) + ax1)
                                v2 = T.axis.spatial(T.int64(28), nn_0_ff_0_yy_0_xx_0_fused % T.int64(2) * T.int64(14) + nn_2_ff_2_yy_2_xx_2_fused % T.int64(14) + ax2)
                                v3 = T.axis.spatial(T.int64(28), ax3)
                                T.reads(conv2d_nchw_local[v0, v1, v2, v3], p2[v0, v1, T.int64(0), T.int64(0)])
                                T.writes(T_relu[v0, v1, v2, v3])
                                T_relu[v0, v1, v2, v3] = T.max(conv2d_nchw_local[v0, v1, v2, v3] + p2[v0, v1, T.int64(0), T.int64(0)], T.float32(0))
b0 = sch.get_block(name="pad_temp", func_name="main")
b1 = sch.get_block(name="conv2d_nchw", func_name="main")
b2 = sch.get_block(name="T_add", func_name="main")
b3 = sch.get_block(name="T_relu", func_name="main")
b4 = sch.get_block(name="root", func_name="main")
sch.annotate(block_or_loop=b1, ann_key="meta_schedule.tiling_structure", ann_val="SSSRRSRS")
l5, l6, l7, l8, l9, l10, l11 = sch.get_loops(block=b1)
v12, v13, v14, v15, v16 = sch.sample_perfect_tile(loop=l5, n=5, max_innermost_factor=64, decision=[1, 1, 1, 1, 1])
l17, l18, l19, l20, l21 = sch.split(loop=l5, factors=[v12, v13, v14, v15, v16], preserve_unit_iters=True)
v22, v23, v24, v25, v26 = sch.sample_perfect_tile(loop=l6, n=5, max_innermost_factor=64, decision=[2, 8, 4, 3, 1])
l27, l28, l29, l30, l31 = sch.split(loop=l6, factors=[v22, v23, v24, v25, v26], preserve_unit_iters=True)
v32, v33, v34, v35, v36 = sch.sample_perfect_tile(loop=l7, n=5, max_innermost_factor=64, decision=[2, 1, 14, 1, 1])
l37, l38, l39, l40, l41 = sch.split(loop=l7, factors=[v32, v33, v34, v35, v36], preserve_unit_iters=True)
v42, v43, v44, v45, v46 = sch.sample_perfect_tile(loop=l8, n=5, max_innermost_factor=64, decision=[1, 1, 1, 4, 7])
l47, l48, l49, l50, l51 = sch.split(loop=l8, factors=[v42, v43, v44, v45, v46], preserve_unit_iters=True)
v52, v53, v54 = sch.sample_perfect_tile(loop=l9, n=3, max_innermost_factor=64, decision=[8, 18, 2])
l55, l56, l57 = sch.split(loop=l9, factors=[v52, v53, v54], preserve_unit_iters=True)
v58, v59, v60 = sch.sample_perfect_tile(loop=l10, n=3, max_innermost_factor=64, decision=[1, 1, 1])
l61, l62, l63 = sch.split(loop=l10, factors=[v58, v59, v60], preserve_unit_iters=True)
v64, v65, v66 = sch.sample_perfect_tile(loop=l11, n=3, max_innermost_factor=64, decision=[1, 1, 1])
l67, l68, l69 = sch.split(loop=l11, factors=[v64, v65, v66], preserve_unit_iters=True)
sch.reorder(l17, l27, l37, l47, l18, l28, l38, l48, l19, l29, l39, l49, l55, l61, l67, l56, l62, l68, l20, l30, l40, l50, l57, l63, l69, l21, l31, l41, l51)
l70 = sch.fuse(l17, l27, l37, l47, preserve_unit_iters=True)
sch.bind(loop=l70, thread_axis="blockIdx.x")
l71 = sch.fuse(l18, l28, l38, l48, preserve_unit_iters=True)
sch.bind(loop=l71, thread_axis="vthread.x")
l72 = sch.fuse(l19, l29, l39, l49, preserve_unit_iters=True)
sch.bind(loop=l72, thread_axis="threadIdx.x")
sch.annotate(block_or_loop=b1, ann_key="meta_schedule.thread_extent_low_inclusive", ann_val=32)
sch.annotate(block_or_loop=b1, ann_key="meta_schedule.thread_extent_high_inclusive", ann_val=1024)
b73 = sch.cache_write(block=b1, write_buffer_index=0, storage_scope="local")
sch.reverse_compute_at(block=b73, loop=l72, preserve_unit_loops=True, index=-1)
b74 = sch.cache_read(block=b1, read_buffer_index=0, storage_scope="shared", consumer_blocks=[b1])
sch.compute_at(block=b74, loop=l67, preserve_unit_loops=True, index=-1)
l75, l76, l77, l78, l79, l80, l81, l82, l83, l84 = sch.get_loops(block=b74)
l85 = sch.fuse(l81, l82, l83, l84, preserve_unit_iters=True)
v86 = sch.sample_categorical(candidates=[1, 2, 3, 4], probs=[0.25, 0.25, 0.25, 0.25], decision=3)
sch.annotate(block_or_loop=b74, ann_key="meta_schedule.cooperative_fetch", ann_val=v86)
b87 = sch.cache_read(block=b1, read_buffer_index=1, storage_scope="shared", consumer_blocks=[b1])
sch.compute_at(block=b87, loop=l67, preserve_unit_loops=True, index=-1)
l88, l89, l90, l91, l92, l93, l94, l95, l96, l97 = sch.get_loops(block=b87)
l98 = sch.fuse(l94, l95, l96, l97, preserve_unit_iters=True)
v99 = sch.sample_categorical(candidates=[1, 2, 3, 4], probs=[0.25, 0.25, 0.25, 0.25], decision=3)
sch.annotate(block_or_loop=b87, ann_key="meta_schedule.cooperative_fetch", ann_val=v99)
l100 = sch.fuse(l55, l61, l67, preserve_unit_iters=True)
sch.annotate(block_or_loop=l100, ann_key="software_pipeline_stage", ann_val=[0, 0, 3])
sch.annotate(block_or_loop=l100, ann_key="software_pipeline_order", ann_val=[0, 1, 2])
sch.annotate(block_or_loop=l100, ann_key="software_pipeline_async_stages", ann_val=[0])
sch.reverse_compute_inline(block=b3)
sch.reverse_compute_inline(block=b2)
sch.compute_inline(block=b0)
v101 = sch.sample_categorical(candidates=[0, 16, 64, 512, 1024], probs=[0.20000000000000001, 0.20000000000000001, 0.20000000000000001, 0.20000000000000001, 0.20000000000000001], decision=4)
sch.annotate(block_or_loop=b4, ann_key="meta_schedule.unroll_explicit", ann_val=v101)
2024-04-29 06:02:49 [INFO] [evolutionary_search.cc:713] Generating candidates......
2024-04-29 06:02:49 [INFO] [evolutionary_search.cc:715] Picked top 0 candidate(s) from database
2024-04-29 06:02:52 [INFO] [evolutionary_search.cc:533] Sample-Init-Population summary:
Postproc #0 [meta_schedule.DisallowDynamicLoop(0x12a87b68)]: 0 failure(s)
Postproc #1 [meta_schedule.RewriteCooperativeFetch(0x13fb86b8)]: 0 failure(s)
Postproc #2 [meta_schedule.RewriteUnboundBlock(0x158602c8)]: 0 failure(s)
Postproc #3 [meta_schedule.RewriteParallelVectorizeUnroll(0x14c0c858)]: 0 failure(s)
Postproc #4 [meta_schedule.RewriteReductionBlock(0x14846818)]: 0 failure(s)
Postproc #5 [meta_schedule.VerifyGPUCode(0x13fb8838)]: 488 failure(s)
Postproc #6 [meta_schedule.RewriteTensorize(0x15860228)]: 0 failure(s)
2024-04-29 06:02:54 [INFO] [evolutionary_search.cc:533] Sample-Init-Population summary:
Postproc #0 [meta_schedule.DisallowDynamicLoop(0x12a87b68)]: 0 failure(s)
Postproc #1 [meta_schedule.RewriteCooperativeFetch(0x13fb86b8)]: 0 failure(s)
Postproc #2 [meta_schedule.RewriteUnboundBlock(0x158602c8)]: 0 failure(s)
Postproc #3 [meta_schedule.RewriteParallelVectorizeUnroll(0x14c0c858)]: 0 failure(s)
Postproc #4 [meta_schedule.RewriteReductionBlock(0x14846818)]: 0 failure(s)
Postproc #5 [meta_schedule.VerifyGPUCode(0x13fb8838)]: 974 failure(s)
Postproc #6 [meta_schedule.RewriteTensorize(0x15860228)]: 0 failure(s)
2024-04-29 06:02:54 [INFO] [evolutionary_search.cc:723] Sampled 50 candidate(s)
2024-04-29 06:02:56 [INFO] [evolutionary_search.cc:621] Evolve iter #0 done. Summary:
Postproc #0 [meta_schedule.DisallowDynamicLoop(0x12a87b68)]: 0 failure(s)
Postproc #1 [meta_schedule.RewriteCooperativeFetch(0x13fb86b8)]: 0 failure(s)
Postproc #2 [meta_schedule.RewriteUnboundBlock(0x158602c8)]: 0 failure(s)
Postproc #3 [meta_schedule.RewriteParallelVectorizeUnroll(0x14c0c858)]: 0 failure(s)
Postproc #4 [meta_schedule.RewriteReductionBlock(0x14846818)]: 0 failure(s)
Postproc #5 [meta_schedule.VerifyGPUCode(0x13fb8838)]: 115 failure(s)
Postproc #6 [meta_schedule.RewriteTensorize(0x15860228)]: 0 failure(s)
2024-04-29 06:02:59 [INFO] [evolutionary_search.cc:621] Evolve iter #1 done. Summary:
Postproc #0 [meta_schedule.DisallowDynamicLoop(0x12a87b68)]: 0 failure(s)
Postproc #1 [meta_schedule.RewriteCooperativeFetch(0x13fb86b8)]: 0 failure(s)
Postproc #2 [meta_schedule.RewriteUnboundBlock(0x158602c8)]: 0 failure(s)
Postproc #3 [meta_schedule.RewriteParallelVectorizeUnroll(0x14c0c858)]: 0 failure(s)
Postproc #4 [meta_schedule.RewriteReductionBlock(0x14846818)]: 0 failure(s)
Postproc #5 [meta_schedule.VerifyGPUCode(0x13fb8838)]: 110 failure(s)
Postproc #6 [meta_schedule.RewriteTensorize(0x15860228)]: 0 failure(s)
2024-04-29 06:03:01 [INFO] [evolutionary_search.cc:621] Evolve iter #2 done. Summary:
Postproc #0 [meta_schedule.DisallowDynamicLoop(0x12a87b68)]: 0 failure(s)
Postproc #1 [meta_schedule.RewriteCooperativeFetch(0x13fb86b8)]: 0 failure(s)
Postproc #2 [meta_schedule.RewriteUnboundBlock(0x158602c8)]: 0 failure(s)
Postproc #3 [meta_schedule.RewriteParallelVectorizeUnroll(0x14c0c858)]: 0 failure(s)
Postproc #4 [meta_schedule.RewriteReductionBlock(0x14846818)]: 0 failure(s)
Postproc #5 [meta_schedule.VerifyGPUCode(0x13fb8838)]: 109 failure(s)
Postproc #6 [meta_schedule.RewriteTensorize(0x15860228)]: 0 failure(s)
2024-04-29 06:03:04 [INFO] [evolutionary_search.cc:621] Evolve iter #3 done. Summary:
Postproc #0 [meta_schedule.DisallowDynamicLoop(0x12a87b68)]: 0 failure(s)
Postproc #1 [meta_schedule.RewriteCooperativeFetch(0x13fb86b8)]: 0 failure(s)
Postproc #2 [meta_schedule.RewriteUnboundBlock(0x158602c8)]: 0 failure(s)
Postproc #3 [meta_schedule.RewriteParallelVectorizeUnroll(0x14c0c858)]: 0 failure(s)
Postproc #4 [meta_schedule.RewriteReductionBlock(0x14846818)]: 0 failure(s)
Postproc #5 [meta_schedule.VerifyGPUCode(0x13fb8838)]: 109 failure(s)
Postproc #6 [meta_schedule.RewriteTensorize(0x15860228)]: 0 failure(s)
2024-04-29 06:03:04 [INFO] [evolutionary_search.cc:649] Scores of the best 64 candidates:
[1 : 16]:	0.9995  0.9992  0.9991  0.9991  0.9983  0.9983  0.9979  0.9974  0.9969  0.9968  0.9958  0.9948  0.9943  0.9928  0.9923  0.9921
[17 : 32]:	0.9897  0.9896  0.9893  0.9890  0.9889  0.9884  0.9879  0.9869  0.9863  0.9861  0.9849  0.9849  0.9845  0.9839  0.9831  0.9817
[33 : 48]:	0.9808  0.9807  0.9802  0.9794  0.9794  0.9793  0.9791  0.9777  0.9758  0.9753  0.9748  0.9745  0.9742  0.9738  0.9733  0.9722
[49 : 64]:	0.9719  0.9719  0.9716  0.9713  0.9696  0.9696  0.9657  0.9655  0.9635  0.9626  0.9623  0.9595  0.9587  0.9575  0.9574  0.9574
2024-04-29 06:03:04 [INFO] [evolutionary_search.cc:727] Got 64 candidate(s) with evolutionary search
2024-04-29 06:03:04 [INFO] [evolutionary_search.cc:730] Sending 64 candidates(s) for measurement
2024-04-29 07:00:33 [INFO] [task_scheduler.cc:131] [Task #141: fused_nn_conv2d_add_nn_relu_69] Trial #1: GFLOPs: 187.2038. Time: 464.7618 us. Best GFLOPs: 187.2038
2024-04-29 07:00:33 [INFO] [task_scheduler.cc:131] [Task #141: fused_nn_conv2d_add_nn_relu_69] Trial #2: GFLOPs: 24.1410. Time: 3604.0412 us. Best GFLOPs: 187.2038
2024-04-29 07:00:33 [INFO] [task_scheduler.cc:131] [Task #141: fused_nn_conv2d_add_nn_relu_69] Trial #3: GFLOPs: 276.9599. Time: 314.1436 us. Best GFLOPs: 276.9599
2024-04-29 07:00:33 [INFO] [task_scheduler.cc:131] [Task #141: fused_nn_conv2d_add_nn_relu_69] Trial #4: GFLOPs: 3034.1742. Time: 28.6751 us. Best GFLOPs: 3034.1742
2024-04-29 07:00:33 [INFO] [task_scheduler.cc:131] [Task #141: fused_nn_conv2d_add_nn_relu_69] Trial #5: GFLOPs: 39.3246. Time: 2212.4856 us. Best GFLOPs: 3034.1742
2024-04-29 07:00:33 [INFO] [task_scheduler.cc:131] [Task #141: fused_nn_conv2d_add_nn_relu_69] Trial #6: GFLOPs: 33.1155. Time: 2627.3215 us. Best GFLOPs: 3034.1742
2024-04-29 07:00:33 [INFO] [task_scheduler.cc:131] [Task #141: fused_nn_conv2d_add_nn_relu_69] Trial #7: GFLOPs: 13.9166. Time: 6251.9040 us. Best GFLOPs: 3034.1742
2024-04-29 07:00:33 [INFO] [task_scheduler.cc:131] [Task #141: fused_nn_conv2d_add_nn_relu_69] Trial #8: GFLOPs: 2800.4741. Time: 31.0680 us. Best GFLOPs: 3034.1742
2024-04-29 07:00:33 [INFO] [task_scheduler.cc:131] [Task #141: fused_nn_conv2d_add_nn_relu_69] Trial #9: GFLOPs: 24.4414. Time: 3559.7418 us. Best GFLOPs: 3034.1742
2024-04-29 07:00:33 [INFO] [task_scheduler.cc:131] [Task #141: fused_nn_conv2d_add_nn_relu_69] Trial #10: GFLOPs: 961.3784. Time: 90.5005 us. Best GFLOPs: 3034.1742
2024-04-29 07:00:33 [INFO] [task_scheduler.cc:131] [Task #141: fused_nn_conv2d_add_nn_relu_69] Trial #11: GFLOPs: 34.3058. Time: 2536.1664 us. Best GFLOPs: 3034.1742
2024-04-29 07:00:33 [INFO] [task_scheduler.cc:131] [Task #141: fused_nn_conv2d_add_nn_relu_69] Trial #12: GFLOPs: 2019.8171. Time: 43.0758 us. Best GFLOPs: 3034.1742
2024-04-29 07:00:33 [INFO] [task_scheduler.cc:131] [Task #141: fused_nn_conv2d_add_nn_relu_69] Trial #13: GFLOPs: 204.8758. Time: 424.6728 us. Best GFLOPs: 3034.1742
2024-04-29 07:00:33 [INFO] [task_scheduler.cc:131] [Task #141: fused_nn_conv2d_add_nn_relu_69] Trial #14: GFLOPs: 21.4593. Time: 4054.4256 us. Best GFLOPs: 3034.1742
2024-04-29 07:00:33 [INFO] [task_scheduler.cc:131] [Task #141: fused_nn_conv2d_add_nn_relu_69] Trial #15: GFLOPs: 247.7808. Time: 351.1377 us. Best GFLOPs: 3034.1742
2024-04-29 07:00:33 [INFO] [task_scheduler.cc:131] [Task #141: fused_nn_conv2d_add_nn_relu_69] Trial #16: GFLOPs: 958.4195. Time: 90.7799 us. Best GFLOPs: 3034.1742
2024-04-29 07:00:33 [INFO] [task_scheduler.cc:131] [Task #141: fused_nn_conv2d_add_nn_relu_69] Trial #17: GFLOPs: 2648.8074. Time: 32.8469 us. Best GFLOPs: 3034.1742
2024-04-29 07:00:33 [INFO] [task_scheduler.cc:131] [Task #141: fused_nn_conv2d_add_nn_relu_69] Trial #18: GFLOPs: 50.0623. Time: 1737.9399 us. Best GFLOPs: 3034.1742
2024-04-29 07:00:33 [INFO] [task_scheduler.cc:121] [Task #141: fused_nn_conv2d_add_nn_relu_69] Trial #19: Error in building:
LocalBuilder: An exception occurred
Traceback (most recent call last):
  File "/mnt/home/gverma/ceph/opt/tvm/python/tvm/exec/popen_worker.py", line 87, in main
    result = fn(*args, **kwargs)
  File "/mnt/home/gverma/ceph/opt/tvm/python/tvm/meta_schedule/builder/local_builder.py", line 165, in <lambda>
    lambda x: _worker_func(*x),
  File "/mnt/home/gverma/ceph/opt/tvm/python/tvm/meta_schedule/builder/local_builder.py", line 231, in _worker_func
    rt_mod: Module = f_build(mod, target, _deserialize_params(params))
  File "/mnt/home/gverma/ceph/opt/tvm/python/tvm/_ffi/_ctypes/packed_func.py", line 239, in __call__
    raise_last_ffi_error()
  File "/mnt/home/gverma/ceph/opt/tvm/python/tvm/_ffi/base.py", line 481, in raise_last_ffi_error
    raise py_err
  File "Objects/call.c", line 200, in PyVectorcall_Call
  File "Python/ceval.c", line 4963, in call_function
  File "/mnt/home/gverma/ceph/opt/tvm/python/tvm/meta_schedule/builder/local_builder.py", line 261, in default_build
    return tvm_build(mod, target=target)
  File "/mnt/home/gverma/ceph/opt/tvm/python/tvm/driver/build_module.py", line 281, in build
    rt_mod_host = _driver_ffi.tir_to_runtime(annotated_mods, target_host)
  File "/mnt/home/gverma/ceph/opt/tvm/python/tvm/_ffi/_ctypes/packed_func.py", line 239, in __call__
    raise_last_ffi_error()
  File "/mnt/home/gverma/ceph/opt/tvm/python/tvm/_ffi/base.py", line 481, in raise_last_ffi_error
    raise py_err
tvm.error.InternalError: Traceback (most recent call last):
  337: tvm::runtime::PackedFuncObj::Extractor<tvm::runtime::PackedFuncSubObj<tvm::runtime::TypedPackedFunc<tvm::runtime::Module (tvm::runtime::Map<tvm::Target, tvm::IRModule, void, void> const&, tvm::Target)>::AssignTypedLambda<tvm::__mk_TVM22::{lambda(tvm::runtime::Map<tvm::Target, tvm::IRModule, void, void> const&, tvm::Target)#1}>(tvm::__mk_TVM22::{lambda(tvm::runtime::Map<tvm::Target, tvm::IRModule, void, void> const&, tvm::Target)#1}, std::__cxx11::basic_string<char, std::char_traits<char>, std::allocator<char> >)::{lambda(tvm::runtime::TVMArgs const&, tvm::runtime::TVMRetValue*)#1}> >::Call(tvm::runtime::PackedFuncObj const*, std::allocator<char>, tvm::runtime::TVMArgs const&)
  336: tvm::TIRToRuntime(tvm::runtime::Map<tvm::Target, tvm::IRModule, void, void> const&, tvm::Target const&)
  335: tvm::SplitMixedModule(tvm::IRModule, tvm::Target const&, tvm::Target const&)
  334: tvm::ApplyPasses(tvm::IRModule, tvm::transform::Sequential)
  333: tvm::transform::Pass::operator()(tvm::IRModule) const
  332: tvm::transform::Pass::operator()(tvm::IRModule, tvm::transform::PassContext const&) const
  331: tvm::transform::SequentialNode::operator()(tvm::IRModule, tvm::transform::PassContext const&) const
  330: tvm::transform::Pass::operator()(tvm::IRModule, tvm::transform::PassContext const&) const
  329: tvm::tir::transform::PrimFuncPassNode::operator()(tvm::IRModule, tvm::transform::PassContext const&) const
  328: _ZN3tvm7runtime13PackedFun
  327: tvm::runtime::TypedPackedFunc<tvm::tir::PrimFunc (tvm::tir::PrimFunc, tvm::IRModule, tvm::transform::PassContext)>::AssignTypedLambda<tvm::tir::transform::LowerTVMBuiltin()::{lambda(tvm::tir::PrimFunc, tvm::IRModule, tvm::transform::PassContext)#1}>(tvm::tir::transform::LowerTVMBuiltin()::{lambda(tvm::tir::PrimFunc, tvm::IRModule, tvm::transform::PassContext)#1})::{lambda(tvm::runtime::TVMArgs const&, tvm::runtime::TVMRetValue*)#1}::operator()(tvm::runtime::TVMArgs const, tvm::runtime::TVMRetValue) const
  326: tvm::tir::BuiltinLower::VisitBodyAndRealizeAlloca(tvm::tir::Stmt)
  325: tvm::tir::BuiltinLower::GetMaxStack(tvm::tir::Stmt)
  324: tvm::tir::BuiltinLower::VisitStmt(tvm::tir::Stmt const&)
  323: tvm::tir::StmtFunctor<tvm::tir::Stmt (tvm::tir::Stmt const&)>::VisitStmt(tvm::tir::Stmt const&)
  322: _ZZN3tvm3tir11StmtFunctorI
  321: tvm::tir::BuiltinLower::VisitStmt(tvm::tir::Stmt const&)
  320: tvm::tir::StmtFunctor<tvm::tir::Stmt (tvm::tir::Stmt const&)>::VisitStmt(tvm::tir::Stmt const&)
  319: _ZZN3tvm3tir11StmtFunctorI
  318: tvm::tir::BuiltinLower::VisitStmt(tvm::tir::Stmt const&)
  317: tvm::tir::StmtFunctor<tvm::tir::Stmt (tvm::tir::Stmt const&)>::VisitStmt(tvm::tir::Stmt const&)
  316: _ZZN3tvm3tir11StmtFunctorI
  315: tvm::tir::BuiltinLower::VisitStmt_(tvm::tir::LetStmtNode const*)
  314: tvm::tir::BuiltinLower::VisitStmt(tvm::tir::Stmt const&)
  313: tvm::tir::StmtFunctor<tvm::tir::Stmt (tvm::tir::Stmt const&)>::VisitStmt(tvm::tir::Stmt const&)
  312: _ZZN3tvm3tir11StmtFunctorI
  311: tvm::tir::BuiltinLower::VisitStmt_(tvm::tir::LetStmtNode const*)
  310: tvm::tir::BuiltinLower::VisitStmt(tvm::tir::Stmt const&)
  309: tvm::tir::StmtFunctor<tvm::tir::Stmt (tvm::tir::Stmt const&)>::VisitStmt(tvm::tir::Stmt const&)
  308: _ZZN3tvm3tir11StmtFunctorI
  307: tvm::tir::BuiltinLower::VisitStmt_(tvm::tir::LetStmtNode const*)
  306: tvm::tir::BuiltinLower::VisitStmt(tvm::tir::Stmt const&)
  305: tvm::tir::StmtFunctor<tvm::tir::Stmt (tvm::tir::Stmt const&)>::VisitStmt(tvm::tir::Stmt const&)
  304: _ZZN3tvm3tir11StmtFunctorI
  303: tvm::tir::BuiltinLower::VisitStmt_(tvm::tir::LetStmtNode const*)
  302: tvm::tir::BuiltinLower::VisitStmt(tvm::tir::Stmt const&)
  301: tvm::tir::StmtFunctor<tvm::tir::Stmt (tvm::tir::Stmt const&)>::VisitStmt(tvm::tir::Stmt const&)
  300: _ZZN3tvm3tir11StmtFunctorI
  299: tvm::tir::BuiltinLower::VisitStmt_(tvm::tir::LetStmtNode const*)
  298: tvm::tir::BuiltinLower::VisitStmt(tvm::tir::Stmt const&)
  297: tvm::tir::StmtFunctor<tvm::tir::Stmt (tvm::tir::Stmt const&)>::VisitStmt(tvm::tir::Stmt const&)
  296: _ZZN3tvm3tir11StmtFunctorI
  295: tvm::tir::BuiltinLower::VisitStmt_(tvm::tir::LetStmtNode const*)
  294: tvm::tir::BuiltinLower::VisitStmt(tvm::tir::Stmt const&)
  293: tvm::tir::StmtFunctor<tvm::tir::Stmt (tvm::tir::Stmt const&)>::VisitStmt(tvm::tir::Stmt const&)
  292: _ZZN3tvm3tir11StmtFunctorI
  291: tvm::tir::BuiltinLower::VisitStmt_(tvm::tir::LetStmtNode const*)
  290: tvm::tir::BuiltinLower::VisitStmt(tvm::tir::Stmt const&)
  289: tvm::tir::StmtFunctor<tvm::tir::Stmt (tvm::tir::Stmt const&)>::VisitStmt(tvm::tir::Stmt const&)
  288: _ZZN3tvm3tir11StmtFunctorI
  287: tvm::tir::BuiltinLower::VisitStmt_(tvm::tir::LetStmtNode const*)
  286: tvm::tir::BuiltinLower::VisitStmt(tvm::tir::Stmt const&)
  285: tvm::tir::StmtFunctor<tvm::tir::Stmt (tvm::tir::Stmt const&)>::VisitStmt(tvm::tir::Stmt const&)
  284: _ZZN3tvm3tir11StmtFunctorI
  283: tvm::tir::BuiltinLower::VisitStmt_(tvm::tir::LetStmtNode const*)
  282: tvm::tir::BuiltinLower::VisitStmt(tvm::tir::Stmt const&)
  281: tvm::tir::StmtFunctor<tvm::tir::Stmt (tvm::tir::Stmt const&)>::VisitStmt(tvm::tir::Stmt const&)
  280: _ZZN3tvm3tir11StmtFunctorI
  279: tvm::tir::BuiltinLower::VisitStmt_(tvm::tir::AttrStmtNode const*)
  278: tvm::tir::BuiltinLower::VisitStmt(tvm::tir::Stmt const&)
  277: tvm::tir::StmtFunctor<tvm::tir::Stmt (tvm::tir::Stmt const&)>::VisitStmt(tvm::tir::Stmt const&)
  276: _ZZN3tvm3tir11StmtFunctorI
  275: tvm::tir::BuiltinLower::VisitStmt_(tvm::tir::LetStmtNode const*)
  274: tvm::tir::BuiltinLower::VisitStmt(tvm::tir::Stmt const&)
  273: tvm::tir::StmtFunctor<tvm::tir::Stmt (tvm::tir::Stmt const&)>::VisitStmt(tvm::tir::Stmt const&)
  272: _ZZN3tvm3tir11StmtFunctorI
  271: tvm::tir::BuiltinLower::VisitStmt(tvm::tir::Stmt const&)
  270: tvm::tir::StmtFunctor<tvm::tir::Stmt (tvm::tir::Stmt const&)>::VisitStmt(tvm::tir::Stmt const&)
  269: _ZZN3tvm3tir11StmtFunctorI
  268: tvm::tir::BuiltinLower::VisitStmt_(tvm::tir::LetStmtNode const*)
  267: tvm::tir::BuiltinLower::VisitStmt(tvm::tir::Stmt const&)
  266: tvm::tir::StmtFunctor<tvm::tir::Stmt (tvm::tir::Stmt const&)>::VisitStmt(tvm::tir::Stmt const&)
  265: _ZZN3tvm3tir11StmtFunctorI
  264: tvm::tir::BuiltinLower::VisitStmt(tvm::tir::Stmt const&)
  263: tvm::tir::StmtFunctor<tvm::tir::Stmt (tvm::tir::Stmt const&)>::VisitStmt(tvm::tir::Stmt const&)
  262: _ZZN3tvm3tir11StmtFunctorI
  261: tvm::tir::BuiltinLower::VisitStmt_(tvm::tir::LetStmtNode const*)
  260: tvm::tir::BuiltinLower::VisitStmt(tvm::tir::Stmt const&)
  259: tvm::tir::StmtFunctor<tvm::tir::Stmt (tvm::tir::Stmt const&)>::VisitStmt(tvm::tir::Stmt const&)
  258: _ZZN3tvm3tir11StmtFunctorI
  257: tvm::tir::BuiltinLower::VisitStmt_(tvm::tir::LetStmtNode const*)
  256: tvm::tir::BuiltinLower::VisitStmt(tvm::tir::Stmt const&)
  255: tvm::tir::StmtFunctor<tvm::tir::Stmt (tvm::tir::Stmt const&)>::VisitStmt(tvm::tir::Stmt const&)
  254: _ZZN3tvm3tir11StmtFunctorI
  253: tvm::tir::BuiltinLower::VisitStmt_(tvm::tir::AttrStmtNode const*)
  252: tvm::tir::BuiltinLower::VisitStmt(tvm::tir::Stmt const&)
  251: tvm::tir::StmtFunctor<tvm::tir::Stmt (tvm::tir::Stmt const&)>::VisitStmt(tvm::tir::Stmt const&)
  250: _ZZN3tvm3tir11StmtFunctorI
  249: tvm::tir::BuiltinLower::VisitStmt_(tvm::tir::LetStmtNode const*)
  248: tvm::tir::BuiltinLower::VisitStmt(tvm::tir::Stmt const&)
  247: tvm::tir::StmtFunctor<tvm::tir::Stmt (tvm::tir::Stmt const&)>::VisitStmt(tvm::tir::Stmt const&)
  246: _ZZN3tvm3tir11StmtFunctorI
  245: tvm::tir::BuiltinLower::VisitStmt(tvm::tir::Stmt const&)
  244: tvm::tir::StmtFunctor<tvm::tir::Stmt (tvm::tir::Stmt const&)>::VisitStmt(tvm::tir::Stmt const&)
  243: _ZZN3tvm3tir11StmtFunctorI
  242: tvm::tir::BuiltinLower::VisitStmt_(tvm::tir::LetStmtNode const*)
  241: tvm::tir::BuiltinLower::VisitStmt(tvm::tir::Stmt const&)
  240: tvm::tir::StmtFunctor<tvm::tir::Stmt (tvm::tir::Stmt const&)>::VisitStmt(tvm::tir::Stmt const&)
  239: _ZZN3tvm3tir11StmtFunctorI
  238: tvm::tir::BuiltinLower::VisitStmt(tvm::tir::Stmt const&)
  237: tvm::tir::StmtFunctor<tvm::tir::Stmt (tvm::tir::Stmt const&)>::VisitStmt(tvm::tir::Stmt const&)
  236: _ZZN3tvm3tir11StmtFunctorI
  235: tvm::tir::BuiltinLower::VisitStmt_(tvm::tir::LetStmtNode const*)
  234: tvm::tir::BuiltinLower::VisitStmt(tvm::tir::Stmt const&)
  233: tvm::tir::StmtFunctor<tvm::tir::Stmt (tvm::tir::Stmt const&)>::VisitStmt(tvm::tir::Stmt const&)
  232: _ZZN3tvm3tir11StmtFunctorI
  231: tvm::tir::BuiltinLower::VisitStmt_(tvm::tir::AttrStmtNode const*)
  230: tvm::tir::BuiltinLower::VisitStmt(tvm::tir::Stmt const&)
  229: tvm::tir::StmtFunctor<tvm::tir::Stmt (tvm::tir::Stmt const&)>::VisitStmt(tvm::tir::Stmt const&)
  228: _ZZN3tvm3tir11StmtFunctorI
  227: tvm::tir::BuiltinLower::VisitStmt_(tvm::tir::LetStmtNode const*)
  226: tvm::tir::BuiltinLower::VisitStmt(tvm::tir::Stmt const&)
  225: tvm::tir::StmtFunctor<tvm::tir::Stmt (tvm::tir::Stmt const&)>::VisitStmt(tvm::tir::Stmt const&)
  224: _ZZN3tvm3tir11StmtFunctorI
  223: tvm::tir::BuiltinLower::VisitStmt(tvm::tir::Stmt const&)
  222: tvm::tir::StmtFunctor<tvm::tir::Stmt (tvm::tir::Stmt const&)>::VisitStmt(tvm::tir::Stmt const&)
  221: _ZZN3tvm3tir11StmtFunctorI
  220: tvm::tir::BuiltinLower::VisitStmt_(tvm::tir::LetStmtNode const*)
  219: tvm::tir::BuiltinLower::VisitStmt(tvm::tir::Stmt const&)
  218: tvm::tir::StmtFunctor<tvm::tir::Stmt (tvm::tir::Stmt const&)>::VisitStmt(tvm::tir::Stmt const&)
  217: _ZZN3tvm3tir11StmtFunctorI
  216: tvm::tir::BuiltinLower::VisitStmt(tvm::tir::Stmt const&)
  215: tvm::tir::StmtFunctor<tvm::tir::Stmt (tvm::tir::Stmt const&)>::VisitStmt(tvm::tir::Stmt const&)
  214: _ZZN3tvm3tir11StmtFunctorI
  213: tvm::tir::BuiltinLower::VisitStmt_(tvm::tir::LetStmtNode const*)
  212: tvm::tir::BuiltinLower::VisitStmt(tvm::tir::Stmt const&)
  211: tvm::tir::StmtFunctor<tvm::tir::Stmt (tvm::tir::Stmt const&)>::VisitStmt(tvm::tir::Stmt const&)
  210: _ZZN3tvm3tir11StmtFunctorI
  209: tvm::tir::BuiltinLower::VisitStmt_(tvm::tir::AttrStmtNode const*)
  208: tvm::tir::BuiltinLower::VisitStmt(tvm::tir::Stmt const&)
  207: tvm::tir::StmtFunctor<tvm::tir::Stmt (tvm::tir::Stmt const&)>::VisitStmt(tvm::tir::Stmt const&)
  206: _ZZN3tvm3tir11StmtFunctorI
  205: tvm::tir::BuiltinLower::VisitStmt_(tvm::tir::LetStmtNode const*)
  204: tvm::tir::BuiltinLower::VisitStmt(tvm::tir::Stmt const&)
  203: tvm::tir::StmtFunctor<tvm::tir::Stmt (tvm::tir::Stmt const&)>::VisitStmt(tvm::tir::Stmt const&)
  202: _ZZN3tvm3tir11StmtFunctorI
  201: tvm::tir::BuiltinLower::VisitStmt(tvm::tir::Stmt const&)
  200: tvm::tir::StmtFunctor<tvm::tir::Stmt (tvm::tir::Stmt const&)>::VisitStmt(tvm::tir::Stmt const&)
  199: _ZZN3tvm3tir11StmtFunctorI
  198: tvm::tir::BuiltinLower::VisitStmt_(tvm::tir::LetStmtNode const*)
  197: tvm::tir::BuiltinLower::VisitStmt(tvm::tir::Stmt const&)
  196: tvm::tir::StmtFunctor<tvm::tir::Stmt (tvm::tir::Stmt const&)>::VisitStmt(tvm::tir::Stmt const&)
  195: _ZZN3tvm3tir11StmtFunctorI
  194: tvm::tir::BuiltinLower::VisitStmt(tvm::tir::Stmt const&)
  193: tvm::tir::StmtFunctor<tvm::tir::Stmt (tvm::tir::Stmt const&)>::VisitStmt(tvm::tir::Stmt const&)
  192: _ZZN3tvm3tir11StmtFunctorI
  191: tvm::tir::BuiltinLower::VisitStmt(tvm::tir::Stmt const&)
  190: tvm::tir::StmtFunctor<tvm::tir::Stmt (tvm::tir::Stmt const&)>::VisitStmt(tvm::tir::Stmt const&)
  189: _ZZN3tvm3tir11StmtFunctorI
  188: tvm::tir::BuiltinLower::VisitStmt(tvm::tir::Stmt const&)
  187: tvm::tir::StmtFunctor<tvm::tir::Stmt (tvm::tir::Stmt const&)>::VisitStmt(tvm::tir::Stmt const&)
  186: _ZZN3tvm3tir11StmtFunctorI
  185: tvm::tir::BuiltinLower::VisitStmt(tvm::tir::Stmt const&)
  184: tvm::tir::StmtFunctor<tvm::tir::Stmt (tvm::tir::Stmt const&)>::VisitStmt(tvm::tir::Stmt const&)
  183: _ZZN3tvm3tir11StmtFunctorI
  182: tvm::tir::BuiltinLower::VisitStmt(tvm::tir::Stmt const&)
  181: tvm::tir::StmtFunctor<tvm::tir::Stmt (tvm::tir::Stmt const&)>::VisitStmt(tvm::tir::Stmt const&)
  180: _ZZN3tvm3tir11StmtFunctorI
  179: tvm::tir::BuiltinLower::VisitStmt_(tvm::tir::AttrStmtNode const*)
  178: tvm::tir::BuiltinLower::VisitStmt(tvm::tir::Stmt const&)
  177: tvm::tir::StmtFunctor<tvm::tir::Stmt (tvm::tir::Stmt const&)>::VisitStmt(tvm::tir::Stmt const&)
  176: _ZZN3tvm3tir11StmtFunctorI
  175: tvm::tir::BuiltinLower::VisitStmt_(tvm::tir::AttrStmtNode const*)
  174: tvm::tir::BuiltinLower::VisitStmt(tvm::tir::Stmt const&)
  173: tvm::tir::StmtFunctor<tvm::tir::Stmt (tvm::tir::Stmt const&)>::VisitStmt(tvm::tir::Stmt const&)
  172: _ZZN3tvm3tir11StmtFunctorI
  171: tvm::tir::BuiltinLower::VisitStmt(tvm::tir::Stmt const&)
  170: tvm::tir::StmtFunctor<tvm::tir::Stmt (tvm::tir::Stmt const&)>::VisitStmt(tvm::tir::Stmt const&)
  169: _ZZN3tvm3tir11StmtFunctorI
  168: tvm::tir::BuiltinLower::VisitStmt(tvm::tir::Stmt const&)
  167: tvm::tir::StmtFunctor<tvm::tir::Stmt (tvm::tir::Stmt const&)>::VisitStmt(tvm::tir::Stmt const&)
  166: _ZZN3tvm3tir11StmtFunctorI
  165: tvm::tir::BuiltinLower::VisitStmt(tvm::tir::Stmt const&)
  164: tvm::tir::StmtFunctor<tvm::tir::Stmt (tvm::tir::Stmt const&)>::VisitStmt(tvm::tir::Stmt const&)
  163: _ZZN3tvm3tir11StmtFunctorI
  162: tvm::tir::BuiltinLower::VisitStmt(tvm::tir::Stmt const&)
  161: tvm::tir::StmtFunctor<tvm::tir::Stmt (tvm::tir::Stmt const&)>::VisitStmt(tvm::tir::Stmt const&)
  160: _ZZN3tvm3tir11StmtFunctorI
  159: tvm::tir::BuiltinLower::VisitStmt(tvm::tir::Stmt const&)
  158: tvm::tir::StmtFunctor<tvm::tir::Stmt (tvm::tir::Stmt const&)>::VisitStmt(tvm::tir::Stmt const&)
  157: _ZZN3tvm3tir11StmtFunctorI
  156: tvm::tir::BuiltinLower::VisitStmt(tvm::tir::Stmt const&)
  155: tvm::tir::StmtFunctor<tvm::tir::Stmt (tvm::tir::Stmt const&)>::VisitStmt(tvm::tir::Stmt const&)
  154: _ZZN3tvm3tir11StmtFunctorI
  153: tvm::tir::BuiltinLower::VisitStmt(tvm::tir::Stmt const&)
  152: tvm::tir::StmtFunctor<tvm::tir::Stmt (tvm::tir::Stmt const&)>::VisitStmt(tvm::tir::Stmt const&)
  151: _ZZN3tvm3tir11StmtFunctorIFNS
  150: tvm::runtime::Array<tvm::tir::Stmt, std::enable_if<std::is_base_of<tvm::runtime::ObjectRef, tvm::tir::StmtMutator::Internal::Mutate(tvm::tir::StmtMutator*, tvm::runtime::Array<tvm::tir::Stmt, void> const&)::{lambda(tvm::tir::Stmt const&)#1}>::value, void>::type> tvm::tir::StmtMutator::Internal::MutateArray<tvm::tir::Stmt, tvm::tir::StmtMutator::Internal::Mutate(tvm::tir::StmtMutator*, tvm::runtime::Array<tvm::tir::Stmt, void> const&)::{lambda(tvm::tir::Stmt const&)#1}>(tvm::tir::StmtMutator*, std::enable_if<std::is_base_of<tvm::runtime::ObjectRef, tvm::tir::StmtMutator::Internal::Mutate(tvm::tir::StmtMutator*, tvm::runtime::Array<tvm::tir::Stmt, void> const&)::{lambda(tvm::tir::Stmt const&)#1}>::value, void>::type const&, tvm::tir::StmtMutator::Internal::Mutate(tvm::tir::StmtMutator*, tvm::runtime::Array<tvm::tir::Stmt, void> const&)::{lambda(tvm::tir::Stmt const&)#1})
  149: tvm::runtime::ObjectPtr<tvm::runtime::Object> tvm::runtime::Array<tvm::tir::Stmt, void>::MapHelper<tvm::tir::StmtMutator::Internal::Mutate(tvm::tir::StmtMutator*, tvm::runtime::Array<tvm::tir::Stmt, void> const&)::{lambda(tvm::tir::Stmt const&)#1}, tvm::tir::Stmt>(tvm::runtime::Object, tvm::tir::StmtMutator::Internal::Mutate(tvm::tir::StmtMutator*, tvm::runtime::Array<tvm::tir::Stmt, void> const&)::{lambda(tvm::tir::Stmt const&)#1})
  148: tvm::tir::BuiltinLower::VisitStmt(tvm::tir::Stmt const&)
  147: tvm::tir::StmtFunctor<tvm::tir::Stmt (tvm::tir::Stmt const&)>::VisitStmt(tvm::tir::Stmt const&)
  146: _ZZN3tvm3tir11StmtFunctorI
  145: tvm::tir::BuiltinLower::VisitStmt(tvm::tir::Stmt const&)
  144: tvm::tir::StmtFunctor<tvm::tir::Stmt (tvm::tir::Stmt const&)>::VisitStmt(tvm::tir::Stmt const&)
  143: _ZZN3tvm3tir11StmtFunctorI
  142: tvm::tir::BuiltinLower::VisitStmt(tvm::tir::Stmt const&)
  141: tvm::tir::StmtFunctor<tvm::tir::Stmt (tvm::tir::Stmt const&)>::VisitStmt(tvm::tir::Stmt const&)
  140: _ZZN3tvm3tir11StmtFunctorI
  139: tvm::tir::BuiltinLower::VisitStmt(tvm::tir::Stmt const&)
  138: tvm::tir::StmtFunctor<tvm::tir::Stmt (tvm::tir::Stmt const&)>::VisitStmt(tvm::tir::Stmt const&)
  137: _ZZN3tvm3tir11StmtFunctorI
  136: tvm::tir::BuiltinLower::VisitStmt(tvm::tir::Stmt const&)
  135: tvm::tir::StmtFunctor<tvm::tir::Stmt (tvm::tir::Stmt const&)>::VisitStmt(tvm::tir::Stmt const&)
  134: _ZZN3tvm3tir11StmtFunctorI
  133: tvm::tir::BuiltinLower::VisitStmt(tvm::tir::Stmt const&)
  132: tvm::tir::StmtFunctor<tvm::tir::Stmt (tvm::tir::Stmt const&)>::VisitStmt(tvm::tir::Stmt const&)
  131: _ZZN3tvm3tir11StmtFunctorI
  130: tvm::tir::BuiltinLower::VisitStmt(tvm::tir::Stmt const&)
  129: tvm::tir::StmtFunctor<tvm::tir::Stmt (tvm::tir::Stmt const&)>::VisitStmt(tvm::tir::Stmt const&)
  128: _ZZN3tvm3tir11StmtFunctorI
  127: tvm::tir::BuiltinLower::VisitStmt(tvm::tir::Stmt const&)
  126: tvm::tir::StmtFunctor<tvm::tir::Stmt (tvm::tir::Stmt const&)>::VisitStmt(tvm::tir::Stmt const&)
  125: _ZZN3tvm3tir11StmtFunctorI
  124: tvm::tir::BuiltinLower::VisitStmt(tvm::tir::Stmt const&)
  123: tvm::tir::StmtFunctor<tvm::tir::Stmt (tvm::tir::Stmt const&)>::VisitStmt(tvm::tir::Stmt const&)
  122: _ZZN3tvm3tir11StmtFunctorI
  121: tvm::tir::BuiltinLower::VisitStmt(tvm::tir::Stmt const&)
  120: tvm::tir::StmtFunctor<tvm::tir::Stmt (tvm::tir::Stmt const&)>::VisitStmt(tvm::tir::Stmt const&)
  119: _ZZN3tvm3tir11StmtFunctorIFNS
  118: tvm::runtime::Array<tvm::tir::Stmt, std::enable_if<std::is_base_of<tvm::runtime::ObjectRef, tvm::tir::StmtMutator::Internal::Mutate(tvm::tir::StmtMutator*, tvm::runtime::Array<tvm::tir::Stmt, void> const&)::{lambda(tvm::tir::Stmt const&)#1}>::value, void>::type> tvm::tir::StmtMutator::Internal::MutateArray<tvm::tir::Stmt, tvm::tir::StmtMutator::Internal::Mutate(tvm::tir::StmtMutator*, tvm::runtime::Array<tvm::tir::Stmt, void> const&)::{lambda(tvm::tir::Stmt const&)#1}>(tvm::tir::StmtMutator*, std::enable_if<std::is_base_of<tvm::runtime::ObjectRef, tvm::tir::StmtMutator::Internal::Mutate(tvm::tir::StmtMutator*, tvm::runtime::Array<tvm::tir::Stmt, void> const&)::{lambda(tvm::tir::Stmt const&)#1}>::value, void>::type const&, tvm::tir::StmtMutator::Internal::Mutate(tvm::tir::StmtMutator*, tvm::runtime::Array<tvm::tir::Stmt, void> const&)::{lambda(tvm::tir::Stmt const&)#1})
  117: tvm::runtime::ObjectPtr<tvm::runtime::Object> tvm::runtime::Array<tvm::tir::Stmt, void>::MapHelper<tvm::tir::StmtMutator::Internal::Mutate(tvm::tir::StmtMutator*, tvm::runtime::Array<tvm::tir::Stmt, void> const&)::{lambda(tvm::tir::Stmt const&)#1}, tvm::tir::Stmt>(tvm::runtime::Object, tvm::tir::StmtMutator::Internal::Mutate(tvm::tir::StmtMutator*, tvm::runtime::Array<tvm::tir::Stmt, void> const&)::{lambda(tvm::tir::Stmt const&)#1})
  116: tvm::tir::BuiltinLower::VisitStmt(tvm::tir::Stmt const&)
  115: tvm::tir::StmtFunctor<tvm::tir::Stmt (tvm::tir::Stmt const&)>::VisitStmt(tvm::tir::Stmt const&)
  114: _ZZN3tvm3tir11StmtFunctorI
  113: tvm::tir::BuiltinLower::VisitStmt(tvm::tir::Stmt const&)
  112: tvm::tir::StmtFunctor<tvm::tir::Stmt (tvm::tir::Stmt const&)>::VisitStmt(tvm::tir::Stmt const&)
  111: _ZZN3tvm3tir11StmtFunctorI
  110: tvm::tir::BuiltinLower::VisitStmt(tvm::tir::Stmt const&)
  109: tvm::tir::StmtFunctor<tvm::tir::Stmt (tvm::tir::Stmt const&)>::VisitStmt(tvm::tir::Stmt const&)
  108: _ZZN3tvm3tir11StmtFunctorI
  107: tvm::tir::BuiltinLower::VisitStmt(tvm::tir::Stmt const&)
  106: tvm::tir::StmtFunctor<tvm::tir::Stmt (tvm::tir::Stmt const&)>::VisitStmt(tvm::tir::Stmt const&)
  105: _ZZN3tvm3tir11StmtFunctorI
  104: tvm::tir::BuiltinLower::VisitStmt(tvm::tir::Stmt const&)
  103: tvm::tir::StmtFunctor<tvm::tir::Stmt (tvm::tir::Stmt const&)>::VisitStmt(tvm::tir::Stmt const&)
  102: _ZZN3tvm3tir11StmtFunctorI
  101: tvm::tir::BuiltinLower::VisitStmt(tvm::tir::Stmt const&)
  100: tvm::tir::StmtFunctor<tvm::tir::Stmt (tvm::tir::Stmt const&)>::VisitStmt(tvm::tir::Stmt const&)
  99: _ZZN3tvm3tir11StmtFunctorI
  98: tvm::tir::BuiltinLower::VisitStmt(tvm::tir::Stmt const&)
  97: tvm::tir::StmtFunctor<tvm::tir::Stmt (tvm::tir::Stmt const&)>::VisitStmt(tvm::tir::Stmt const&)
  96: _ZZN3tvm3tir11StmtFunctorI
  95: tvm::tir::BuiltinLower::VisitStmt(tvm::tir::Stmt const&)
  94: tvm::tir::StmtFunctor<tvm::tir::Stmt (tvm::tir::Stmt const&)>::VisitStmt(tvm::tir::Stmt const&)
  93: _ZZN3tvm3tir11StmtFunctorI
  92: tvm::tir::BuiltinLower::VisitStmt(tvm::tir::Stmt const&)
  91: tvm::tir::StmtFunctor<tvm::tir::Stmt (tvm::tir::Stmt const&)>::VisitStmt(tvm::tir::Stmt const&)
  90: _ZZN3tvm3tir11StmtFunctorI
  89: tvm::tir::BuiltinLower::VisitStmt(tvm::tir::Stmt const&)
  88: tvm::tir::StmtFunctor<tvm::tir::Stmt (tvm::tir::Stmt const&)>::VisitStmt(tvm::tir::Stmt const&)
  87: _ZZN3tvm3tir11StmtFunctorI
  86: tvm::tir::BuiltinLower::VisitStmt(tvm::tir::Stmt const&)
  85: tvm::tir::StmtFunctor<tvm::tir::Stmt (tvm::tir::Stmt const&)>::VisitStmt(tvm::tir::Stmt const&)
  84: _ZZN3tvm3tir11StmtFunctorIFNS
  83: tvm::runtime::Array<tvm::tir::Stmt, std::enable_if<std::is_base_of<tvm::runtime::ObjectRef, tvm::tir::StmtMutator::Internal::Mutate(tvm::tir::StmtMutator*, tvm::runtime::Array<tvm::tir::Stmt, void> const&)::{lambda(tvm::tir::Stmt const&)#1}>::value, void>::type> tvm::tir::StmtMutator::Internal::MutateArray<tvm::tir::Stmt, tvm::tir::StmtMutator::Internal::Mutate(tvm::tir::StmtMutator*, tvm::runtime::Array<tvm::tir::Stmt, void> const&)::{lambda(tvm::tir::Stmt const&)#1}>(tvm::tir::StmtMutator*, std::enable_if<std::is_base_of<tvm::runtime::ObjectRef, tvm::tir::StmtMutator::Internal::Mutate(tvm::tir::StmtMutator*, tvm::runtime::Array<tvm::tir::Stmt, void> const&)::{lambda(tvm::tir::Stmt const&)#1}>::value, void>::type const&, tvm::tir::StmtMutator::Internal::Mutate(tvm::tir::StmtMutator*, tvm::runtime::Array<tvm::tir::Stmt, void> const&)::{lambda(tvm::tir::Stmt const&)#1})
  82: tvm::runtime::ObjectPtr<tvm::runtime::Object> tvm::runtime::Array<tvm::tir::Stmt, void>::MapHelper<tvm::tir::StmtMutator::Internal::Mutate(tvm::tir::StmtMutator*, tvm::runtime::Array<tvm::tir::Stmt, void> const&)::{lambda(tvm::tir::Stmt const&)#1}, tvm::tir::Stmt>(tvm::runtime::Object, tvm::tir::StmtMutator::Internal::Mutate(tvm::tir::StmtMutator*, tvm::runtime::Array<tvm::tir::Stmt, void> const&)::{lambda(tvm::tir::Stmt const&)#1})
  81: tvm::tir::BuiltinLower::VisitStmt(tvm::tir::Stmt const&)
  80: tvm::tir::StmtFunctor<tvm::tir::Stmt (tvm::tir::Stmt const&)>::VisitStmt(tvm::tir::Stmt const&)
  79: _ZZN3tvm3tir11StmtFunctorI
  78: tvm::tir::BuiltinLower::VisitStmt(tvm::tir::Stmt const&)
  77: tvm::tir::StmtFunctor<tvm::tir::Stmt (tvm::tir::Stmt const&)>::VisitStmt(tvm::tir::Stmt const&)
  76: _ZZN3tvm3tir11StmtFunctorI
  75: tvm::tir::BuiltinLower::VisitStmt(tvm::tir::Stmt const&)
  74: tvm::tir::StmtFunctor<tvm::tir::Stmt (tvm::tir::Stmt const&)>::VisitStmt(tvm::tir::Stmt const&)
  73: _ZZN3tvm3tir11StmtFunctorI
  72: tvm::tir::BuiltinLower::VisitStmt(tvm::tir::Stmt const&)
  71: tvm::tir::StmtFunctor<tvm::tir::Stmt (tvm::tir::Stmt const&)>::VisitStmt(tvm::tir::Stmt const&)
  70: _ZZN3tvm3tir11StmtFunctorI
  69: tvm::tir::BuiltinLower::VisitStmt(tvm::tir::Stmt const&)
  68: tvm::tir::StmtFunctor<tvm::tir::Stmt (tvm::tir::Stmt const&)>::VisitStmt(tvm::tir::Stmt const&)
  67: _ZZN3tvm3tir11StmtFunctorI
  66: tvm::tir::BuiltinLower::VisitStmt(tvm::tir::Stmt const&)
  65: tvm::tir::StmtFunctor<tvm::tir::Stmt (tvm::tir::Stmt const&)>::VisitStmt(tvm::tir::Stmt const&)
  64: _ZZN3tvm3tir11StmtFunctorI
  63: tvm::tir::BuiltinLower::VisitStmt(tvm::tir::Stmt const&)
  62: tvm::tir::StmtFunctor<tvm::tir::Stmt (tvm::tir::Stmt const&)>::VisitStmt(tvm::tir::Stmt const&)
  61: _ZZN3tvm3tir11StmtFunctorI
  60: tvm::tir::BuiltinLower::VisitStmt(tvm::tir::Stmt const&)
  59: tvm::tir::StmtFunctor<tvm::tir::Stmt (tvm::tir::Stmt const&)>::VisitStmt(tvm::tir::Stmt const&)
  58: _ZZN3tvm3tir11StmtFunctorI
  57: tvm::tir::BuiltinLower::VisitStmt(tvm::tir::Stmt const&)
  56: tvm::tir::StmtFunctor<tvm::tir::Stmt (tvm::tir::Stmt const&)>::VisitStmt(tvm::tir::Stmt const&)
  55: _ZZN3tvm3tir11StmtFunctorI
  54: tvm::tir::BuiltinLower::VisitStmt(tvm::tir::Stmt const&)
  53: tvm::tir::StmtFunctor<tvm::tir::Stmt (tvm::tir::Stmt const&)>::VisitStmt(tvm::tir::Stmt const&)
  52: _ZZN3tvm3tir11StmtFunctorI
  51: tvm::tir::BuiltinLower::VisitStmt(tvm::tir::Stmt const&)
  50: tvm::tir::StmtFunctor<tvm::tir::Stmt (tvm::tir::Stmt const&)>::VisitStmt(tvm::tir::Stmt const&)
  49: _ZZN3tvm3tir11StmtFunctorIFNS
  48: tvm::runtime::Array<tvm::tir::Stmt, std::enable_if<std::is_base_of<tvm::runtime::ObjectRef, tvm::tir::StmtMutator::Internal::Mutate(tvm::tir::StmtMutator*, tvm::runtime::Array<tvm::tir::Stmt, void> const&)::{lambda(tvm::tir::Stmt const&)#1}>::value, void>::type> tvm::tir::StmtMutator::Internal::MutateArray<tvm::tir::Stmt, tvm::tir::StmtMutator::Internal::Mutate(tvm::tir::StmtMutator*, tvm::runtime::Array<tvm::tir::Stmt, void> const&)::{lambda(tvm::tir::Stmt const&)#1}>(tvm::tir::StmtMutator*, std::enable_if<std::is_base_of<tvm::runtime::ObjectRef, tvm::tir::StmtMutator::Internal::Mutate(tvm::tir::StmtMutator*, tvm::runtime::Array<tvm::tir::Stmt, void> const&)::{lambda(tvm::tir::Stmt const&)#1}>::value, void>::type const&, tvm::tir::StmtMutator::Internal::Mutate(tvm::tir::StmtMutator*, tvm::runtime::Array<tvm::tir::Stmt, void> const&)::{lambda(tvm::tir::Stmt const&)#1})
  47: tvm::runtime::ObjectPtr<tvm::runtime::Object> tvm::runtime::Array<tvm::tir::Stmt, void>::MapHelper<tvm::tir::StmtMutator::Internal::Mutate(tvm::tir::StmtMutator*, tvm::runtime::Array<tvm::tir::Stmt, void> const&)::{lambda(tvm::tir::Stmt const&)#1}, tvm::tir::Stmt>(tvm::runtime::Object, tvm::tir::StmtMutator::Internal::Mutate(tvm::tir::StmtMutator*, tvm::runtime::Array<tvm::tir::Stmt, void> const&)::{lambda(tvm::tir::Stmt const&)#1})
  46: tvm::tir::BuiltinLower::VisitStmt(tvm::tir::Stmt const&)
  45: tvm::tir::StmtFunctor<tvm::tir::Stmt (tvm::tir::Stmt const&)>::VisitStmt(tvm::tir::Stmt const&)
  44: _ZZN3tvm3tir11StmtFunctorI
  43: tvm::tir::BuiltinLower::VisitStmt(tvm::tir::Stmt const&)
  42: tvm::tir::StmtFunctor<tvm::tir::Stmt (tvm::tir::Stmt const&)>::VisitStmt(tvm::tir::Stmt const&)
  41: _ZZN3tvm3tir11StmtFunctorI
  40: tvm::tir::BuiltinLower::VisitStmt(tvm::tir::Stmt const&)
  39: tvm::tir::StmtFunctor<tvm::tir::Stmt (tvm::tir::Stmt const&)>::VisitStmt(tvm::tir::Stmt const&)
  38: _ZZN3tvm3tir11StmtFunctorI
  37: tvm::tir::BuiltinLower::VisitStmt(tvm::tir::Stmt const&)
  36: tvm::tir::StmtFunctor<tvm::tir::Stmt (tvm::tir::Stmt const&)>::VisitStmt(tvm::tir::Stmt const&)
  35: _ZZN3tvm3tir11StmtFunctorI
  34: tvm::tir::BuiltinLower::VisitStmt(tvm::tir::Stmt const&)
  33: tvm::tir::StmtFunctor<tvm::tir::Stmt (tvm::tir::Stmt const&)>::VisitStmt(tvm::tir::Stmt const&)
  32: _ZZN3tvm3tir11StmtFunctorI
  31: tvm::tir::BuiltinLower::VisitStmt(tvm::tir::Stmt const&)
  30: tvm::tir::StmtFunctor<tvm::tir::Stmt (tvm::tir::Stmt const&)>::VisitStmt(tvm::tir::Stmt const&)
  29: _ZZN3tvm3tir11StmtFunctorI
  28: tvm::tir::BuiltinLower::VisitStmt(tvm::tir::Stmt const&)
  27: tvm::tir::StmtFunctor<tvm::tir::Stmt (tvm::tir::Stmt const&)>::VisitStmt(tvm::tir::Stmt const&)
  26: _ZZN3tvm3tir11StmtFunctorI
  25: tvm::tir::BuiltinLower::VisitStmt(tvm::tir::Stmt const&)
  24: tvm::tir::StmtFunctor<tvm::tir::Stmt (tvm::tir::Stmt const&)>::VisitStmt(tvm::tir::Stmt const&)
  23: _ZZN3tvm3tir11StmtFunctorIFNS
  22: tvm::runtime::Array<tvm::tir::Stmt, std::enable_if<std::is_base_of<tvm::runtime::ObjectRef, tvm::tir::StmtMutator::Internal::Mutate(tvm::tir::StmtMutator*, tvm::runtime::Array<tvm::tir::Stmt, void> const&)::{lambda(tvm::tir::Stmt const&)#1}>::value, void>::type> tvm::tir::StmtMutator::Internal::MutateArray<tvm::tir::Stmt, tvm::tir::StmtMutator::Internal::Mutate(tvm::tir::StmtMutator*, tvm::runtime::Array<tvm::tir::Stmt, void> const&)::{lambda(tvm::tir::Stmt const&)#1}>(tvm::tir::StmtMutator*, std::enable_if<std::is_base_of<tvm::runtime::ObjectRef, tvm::tir::StmtMutator::Internal::Mutate(tvm::tir::StmtMutator*, tvm::runtime::Array<tvm::tir::Stmt, void> const&)::{lambda(tvm::tir::Stmt const&)#1}>::value, void>::type const&, tvm::tir::StmtMutator::Internal::Mutate(tvm::tir::StmtMutator*, tvm::runtime::Array<tvm::tir::Stmt, void> const&)::{lambda(tvm::tir::Stmt const&)#1})
  21: tvm::runtime::ObjectPtr<tvm::runtime::Object> tvm::runtime::Array<tvm::tir::Stmt, void>::MapHelper<tvm::tir::StmtMutator::Internal::Mutate(tvm::tir::StmtMutator*, tvm::runtime::Array<tvm::tir::Stmt, void> const&)::{lambda(tvm::tir::Stmt const&)#1}, tvm::tir::Stmt>(tvm::runtime::Object, tvm::tir::StmtMutator::Internal::Mutate(tvm::tir::StmtMutator*, tvm::runtime::Array<tvm::tir::Stmt, void> const&)::{lambda(tvm::tir::Stmt const&)#1})
  20: tvm::tir::BuiltinLower::VisitStmt(tvm::tir::Stmt const&)
  19: tvm::tir::StmtFunctor<tvm::tir::Stmt (tvm::tir::Stmt const&)>::VisitStmt(tvm::tir::Stmt const&)
  18: _ZZN3tvm3tir11StmtFunctorI
  17: tvm::tir::BuiltinLower::VisitStmt_(tvm::tir::AttrStmtNode const*)
  16: tvm::tir::BuiltinLower::VisitStmt(tvm::tir::Stmt const&)
  15: tvm::tir::StmtFunctor<tvm::tir::Stmt (tvm::tir::Stmt const&)>::VisitStmt(tvm::tir::Stmt const&)
  14: _ZZN3tvm3tir11StmtFunctorI
  13: tvm::tir::BuiltinLower::VisitStmt_(tvm::tir::LetStmtNode const*)
  12: tvm::tir::BuiltinLower::VisitStmt(tvm::tir::Stmt const&)
  11: tvm::tir::StmtFunctor<tvm::tir::Stmt (tvm::tir::Stmt const&)>::VisitStmt(tvm::tir::Stmt const&)
  10: _ZZN3tvm3tir11StmtFunctorI
  9: tvm::tir::BuiltinLower::VisitStmt_(tvm::tir::LetStmtNode const*)
  8: tvm::tir::BuiltinLower::VisitStmt(tvm::tir::Stmt const&)
  7: tvm::tir::StmtFunctor<tvm::tir::Stmt (tvm::tir::Stmt const&)>::VisitStmt(tvm::tir::Stmt const&)
  6: _ZZN3tvm3tir11StmtFunctorIFNS
  5: tvm::tir::StmtExprMutator::VisitExpr(tvm::PrimExpr const&)
  4: _ZZN3tvm3tir11ExprFunctorI
  3: tvm::tir::BuiltinLower::VisitExpr_(tvm::tir::CallNode const*)
  2: tvm::tir::BuiltinLower::MakeCallPacked(tvm::tir::CallNode const*, bool)
  1: tvm::tir::APIType(tvm::runtime::DataType)
  0: _ZN3tvm7runtime6deta
  File "/mnt/home/gverma/ceph/opt/tvm/src/tir/transforms/ir_utils.h", line 157
InternalError: Check failed: t.lanes() == 1 (4 vs. 1) : Cannot pass vector type through packed API.

# from tvm.script import ir as I
# from tvm.script import tir as T

@I.ir_module
class Module:
    @T.prim_func
    def main(p0: T.Buffer((T.int64(1), T.int64(288), T.int64(28), T.int64(28)), "float32"), p1: T.Buffer((T.int64(192), T.int64(288), T.int64(1), T.int64(1)), "float32"), p2: T.Buffer((T.int64(1), T.int64(192), T.int64(1), T.int64(1)), "float32"), T_relu: T.Buffer((T.int64(1), T.int64(192), T.int64(28), T.int64(28)), "float32")):
        T.func_attr({"tir.noalias": T.bool(True)})
        # with T.block("root"):
        conv2d_nchw_local = T.alloc_buffer((T.int64(1), T.int64(192), T.int64(28), T.int64(28)), scope="local")
        pad_temp_shared = T.alloc_buffer((T.int64(1), T.int64(288), T.int64(28), T.int64(28)), scope="shared")
        p1_shared = T.alloc_buffer((T.int64(192), T.int64(288), T.int64(1), T.int64(1)), scope="shared")
        for nn_0_ff_0_yy_0_xx_0_fused in T.thread_binding(T.int64(56), thread="blockIdx.x", annotations={"pragma_auto_unroll_max_step": 16, "pragma_unroll_explicit": 1}):
            for nn_1_ff_1_yy_1_xx_1_fused in T.thread_binding(T.int64(6), thread="vthread.x"):
                for nn_2_ff_2_yy_2_xx_2_fused in T.thread_binding(T.int64(112), thread="threadIdx.x"):
                    for nn_3_init, ff_3_init, yy_3_init, xx_3_init, nn_4_init, ff_4_init, yy_4_init, xx_4_init in T.grid(T.int64(1), T.int64(2), T.int64(1), T.int64(1), T.int64(1), T.int64(1), T.int64(2), T.int64(1)):
                        with T.block("conv2d_nchw_init"):
                            v_nn = T.axis.spatial(T.int64(1), nn_3_init + nn_4_init)
                            v_ff = T.axis.spatial(T.int64(192), nn_0_ff_0_yy_0_xx_0_fused // T.int64(28) * T.int64(96) + nn_1_ff_1_yy_1_xx_1_fused // T.int64(2) * T.int64(32) + nn_2_ff_2_yy_2_xx_2_fused // T.int64(7) * T.int64(2) + ff_3_init + ff_4_init)
                            v_yy = T.axis.spatial(T.int64(28), nn_0_ff_0_yy_0_xx_0_fused % T.int64(28) // T.int64(14) * T.int64(14) + nn_2_ff_2_yy_2_xx_2_fused % T.int64(7) * T.int64(2) + yy_3_init * T.int64(2) + yy_4_init)
                            v_xx = T.axis.spatial(T.int64(28), nn_0_ff_0_yy_0_xx_0_fused % T.int64(14) * T.int64(2) + nn_1_ff_1_yy_1_xx_1_fused % T.int64(2) + xx_3_init + xx_4_init)
                            T.reads()
                            T.writes(conv2d_nchw_local[v_nn, v_ff, v_yy, v_xx])
                            T.block_attr({"meta_schedule.thread_extent_high_inclusive": 1024, "meta_schedule.thread_extent_low_inclusive": 32, "meta_schedule.tiling_structure": "SSSRRSRS"})
                            conv2d_nchw_local[v_nn, v_ff, v_yy, v_xx] = T.float32(0)
                    for rc_0_ry_0_rx_0_fused in T.serial(T.int64(9), annotations={"software_pipeline_async_stages": [0], "software_pipeline_order": [0, 1, 2], "software_pipeline_stage": [0, 0, 2]}):
                        for ax0_ax1_ax2_ax3_fused_0 in range(T.int64(2)):
                            for ax0_ax1_ax2_ax3_fused_1 in T.thread_binding(T.int64(112), thread="threadIdx.x"):
                                for ax0_ax1_ax2_ax3_fused_2 in T.vectorized(T.int64(4)):
                                    with T.block("pad_temp_shared"):
                                        v0 = T.axis.spatial(T.int64(1), T.int64(0))
                                        v1 = T.axis.spatial(T.int64(288), rc_0_ry_0_rx_0_fused * T.int64(32) + (ax0_ax1_ax2_ax3_fused_0 * T.int64(448) + ax0_ax1_ax2_ax3_fused_1 * T.int64(4) + ax0_ax1_ax2_ax3_fused_2) // T.int64(28))
                                        v2 = T.axis.spatial(T.int64(28), nn_0_ff_0_yy_0_xx_0_fused % T.int64(28) // T.int64(14) * T.int64(14) + (ax0_ax1_ax2_ax3_fused_0 * T.int64(448) + ax0_ax1_ax2_ax3_fused_1 * T.int64(4) + ax0_ax1_ax2_ax3_fused_2) % T.int64(28) // T.int64(2))
                                        v3 = T.axis.spatial(T.int64(28), nn_0_ff_0_yy_0_xx_0_fused % T.int64(14) * T.int64(2) + (ax0_ax1_ax2_ax3_fused_0 * T.int64(448) + ax0_ax1_ax2_ax3_fused_1 * T.int64(4) + ax0_ax1_ax2_ax3_fused_2) % T.int64(2))
                                        T.reads(p0[v0, v1, v2, v3])
                                        T.writes(pad_temp_shared[v0, v1, v2, v3])
                                        pad_temp_shared[v0, v1, v2, v3] = p0[v0, v1, v2, v3]
                        for ax0_ax1_ax2_ax3_fused_0 in range(T.int64(14)):
                            for ax0_ax1_ax2_ax3_fused_1 in T.thread_binding(T.int64(112), thread="threadIdx.x"):
                                for ax0_ax1_ax2_ax3_fused_2 in T.vectorized(T.int64(2)):
                                    with T.block("p1_shared"):
                                        v0 = T.axis.spatial(T.int64(192), nn_0_ff_0_yy_0_xx_0_fused // T.int64(28) * T.int64(96) + (ax0_ax1_ax2_ax3_fused_0 * T.int64(224) + ax0_ax1_ax2_ax3_fused_1 * T.int64(2) + ax0_ax1_ax2_ax3_fused_2) // T.int64(32))
                                        v1 = T.axis.spatial(T.int64(288), rc_0_ry_0_rx_0_fused * T.int64(32) + (ax0_ax1_ax2_ax3_fused_0 * T.int64(224) + ax0_ax1_ax2_ax3_fused_1 * T.int64(2) + ax0_ax1_ax2_ax3_fused_2) % T.int64(32))
                                        v2 = T.axis.spatial(T.int64(1), T.int64(0))
                                        v3 = T.axis.spatial(T.int64(1), T.int64(0))
                                        T.where((ax0_ax1_ax2_ax3_fused_0 * T.int64(112) + ax0_ax1_ax2_ax3_fused_1) * T.int64(2) + ax0_ax1_ax2_ax3_fused_2 < T.int64(3072))
                                        T.reads(p1[v0, v1, v2, v3])
                                        T.writes(p1_shared[v0, v1, v2, v3])
                                        p1_shared[v0, v1, v2, v3] = p1[v0, v1, v2, v3]
                        for rc_1, ry_1, rx_1, nn_3, ff_3, yy_3, xx_3, rc_2, ry_2, rx_2, nn_4, ff_4, yy_4, xx_4 in T.grid(T.int64(8), T.int64(1), T.int64(1), T.int64(1), T.int64(2), T.int64(1), T.int64(1), T.int64(4), T.int64(1), T.int64(1), T.int64(1), T.int64(1), T.int64(2), T.int64(1)):
                            with T.block("conv2d_nchw_update"):
                                v_nn = T.axis.spatial(T.int64(1), nn_3 + nn_4)
                                v_ff = T.axis.spatial(T.int64(192), nn_0_ff_0_yy_0_xx_0_fused // T.int64(28) * T.int64(96) + nn_1_ff_1_yy_1_xx_1_fused // T.int64(2) * T.int64(32) + nn_2_ff_2_yy_2_xx_2_fused // T.int64(7) * T.int64(2) + ff_3 + ff_4)
                                v_yy = T.axis.spatial(T.int64(28), nn_0_ff_0_yy_0_xx_0_fused % T.int64(28) // T.int64(14) * T.int64(14) + nn_2_ff_2_yy_2_xx_2_fused % T.int64(7) * T.int64(2) + yy_3 * T.int64(2) + yy_4)
                                v_xx = T.axis.spatial(T.int64(28), nn_0_ff_0_yy_0_xx_0_fused % T.int64(14) * T.int64(2) + nn_1_ff_1_yy_1_xx_1_fused % T.int64(2) + xx_3 + xx_4)
                                v_rc = T.axis.reduce(T.int64(288), rc_0_ry_0_rx_0_fused * T.int64(32) + rc_1 * T.int64(4) + rc_2)
                                v_ry = T.axis.reduce(T.int64(1), ry_1 + ry_2)
                                v_rx = T.axis.reduce(T.int64(1), rx_1 + rx_2)
                                T.reads(conv2d_nchw_local[v_nn, v_ff, v_yy, v_xx], pad_temp_shared[v_nn, v_rc, v_yy + v_ry, v_xx + v_rx], p1_shared[v_ff, v_rc, v_ry, v_rx])
                                T.writes(conv2d_nchw_local[v_nn, v_ff, v_yy, v_xx])
                                T.block_attr({"meta_schedule.thread_extent_high_inclusive": 1024, "meta_schedule.thread_extent_low_inclusive": 32, "meta_schedule.tiling_structure": "SSSRRSRS"})
                                conv2d_nchw_local[v_nn, v_ff, v_yy, v_xx] = conv2d_nchw_local[v_nn, v_ff, v_yy, v_xx] + pad_temp_shared[v_nn, v_rc, v_yy + v_ry, v_xx + v_rx] * p1_shared[v_ff, v_rc, v_ry, v_rx]
                    for ax0, ax1, ax2, ax3 in T.grid(T.int64(1), T.int64(2), T.int64(2), T.int64(1)):
                        with T.block("conv2d_nchw_local"):
                            v0 = T.axis.spatial(T.int64(1), ax0)
                            v1 = T.axis.spatial(T.int64(192), nn_0_ff_0_yy_0_xx_0_fused // T.int64(28) * T.int64(96) + nn_1_ff_1_yy_1_xx_1_fused // T.int64(2) * T.int64(32) + nn_2_ff_2_yy_2_xx_2_fused // T.int64(7) * T.int64(2) + ax1)
                            v2 = T.axis.spatial(T.int64(28), nn_0_ff_0_yy_0_xx_0_fused % T.int64(28) // T.int64(14) * T.int64(14) + nn_2_ff_2_yy_2_xx_2_fused % T.int64(7) * T.int64(2) + ax2)
                            v3 = T.axis.spatial(T.int64(28), nn_0_ff_0_yy_0_xx_0_fused % T.int64(14) * T.int64(2) + nn_1_ff_1_yy_1_xx_1_fused % T.int64(2) + ax3)
                            T.reads(conv2d_nchw_local[v0, v1, v2, v3], p2[v0, v1, T.int64(0), T.int64(0)])
                            T.writes(T_relu[v0, v1, v2, v3])
                            T_relu[v0, v1, v2, v3] = T.max(conv2d_nchw_local[v0, v1, v2, v3] + p2[v0, v1, T.int64(0), T.int64(0)], T.float32(0))
b0 = sch.get_block(name="pad_temp", func_name="main")
b1 = sch.get_block(name="conv2d_nchw", func_name="main")
b2 = sch.get_block(name="T_add", func_name="main")
b3 = sch.get_block(name="T_relu", func_name="main")
b4 = sch.get_block(name="root", func_name="main")
sch.annotate(block_or_loop=b1, ann_key="meta_schedule.tiling_structure", ann_val="SSSRRSRS")
l5, l6, l7, l8, l9, l10, l11 = sch.get_loops(block=b1)
v12, v13, v14, v15, v16 = sch.sample_perfect_tile(loop=l5, n=5, max_innermost_factor=64, decision=[1, 1, 1, 1, 1])
l17, l18, l19, l20, l21 = sch.split(loop=l5, factors=[v12, v13, v14, v15, v16], preserve_unit_iters=True)
v22, v23, v24, v25, v26 = sch.sample_perfect_tile(loop=l6, n=5, max_innermost_factor=64, decision=[2, 3, 16, 2, 1])
l27, l28, l29, l30, l31 = sch.split(loop=l6, factors=[v22, v23, v24, v25, v26], preserve_unit_iters=True)
v32, v33, v34, v35, v36 = sch.sample_perfect_tile(loop=l7, n=5, max_innermost_factor=64, decision=[2, 1, 7, 1, 2])
l37, l38, l39, l40, l41 = sch.split(loop=l7, factors=[v32, v33, v34, v35, v36], preserve_unit_iters=True)
v42, v43, v44, v45, v46 = sch.sample_perfect_tile(loop=l8, n=5, max_innermost_factor=64, decision=[14, 2, 1, 1, 1])
l47, l48, l49, l50, l51 = sch.split(loop=l8, factors=[v42, v43, v44, v45, v46], preserve_unit_iters=True)
v52, v53, v54 = sch.sample_perfect_tile(loop=l9, n=3, max_innermost_factor=64, decision=[9, 8, 4])
l55, l56, l57 = sch.split(loop=l9, factors=[v52, v53, v54], preserve_unit_iters=True)
v58, v59, v60 = sch.sample_perfect_tile(loop=l10, n=3, max_innermost_factor=64, decision=[1, 1, 1])
l61, l62, l63 = sch.split(loop=l10, factors=[v58, v59, v60], preserve_unit_iters=True)
v64, v65, v66 = sch.sample_perfect_tile(loop=l11, n=3, max_innermost_factor=64, decision=[1, 1, 1])
l67, l68, l69 = sch.split(loop=l11, factors=[v64, v65, v66], preserve_unit_iters=True)
sch.reorder(l17, l27, l37, l47, l18, l28, l38, l48, l19, l29, l39, l49, l55, l61, l67, l56, l62, l68, l20, l30, l40, l50, l57, l63, l69, l21, l31, l41, l51)
l70 = sch.fuse(l17, l27, l37, l47, preserve_unit_iters=True)
sch.bind(loop=l70, thread_axis="blockIdx.x")
l71 = sch.fuse(l18, l28, l38, l48, preserve_unit_iters=True)
sch.bind(loop=l71, thread_axis="vthread.x")
l72 = sch.fuse(l19, l29, l39, l49, preserve_unit_iters=True)
sch.bind(loop=l72, thread_axis="threadIdx.x")
sch.annotate(block_or_loop=b1, ann_key="meta_schedule.thread_extent_low_inclusive", ann_val=32)
sch.annotate(block_or_loop=b1, ann_key="meta_schedule.thread_extent_high_inclusive", ann_val=1024)
b73 = sch.cache_write(block=b1, write_buffer_index=0, storage_scope="local")
sch.reverse_compute_at(block=b73, loop=l72, preserve_unit_loops=True, index=-1)
b74 = sch.cache_read(block=b1, read_buffer_index=0, storage_scope="shared", consumer_blocks=[b1])
sch.compute_at(block=b74, loop=l67, preserve_unit_loops=True, index=-1)
l75, l76, l77, l78, l79, l80, l81, l82, l83, l84 = sch.get_loops(block=b74)
l85 = sch.fuse(l81, l82, l83, l84, preserve_unit_iters=True)
v86 = sch.sample_categorical(candidates=[1, 2, 3, 4], probs=[0.25, 0.25, 0.25, 0.25], decision=3)
sch.annotate(block_or_loop=b74, ann_key="meta_schedule.cooperative_fetch", ann_val=v86)
b87 = sch.cache_read(block=b1, read_buffer_index=1, storage_scope="shared", consumer_blocks=[b1])
sch.compute_at(block=b87, loop=l67, preserve_unit_loops=True, index=-1)
l88, l89, l90, l91, l92, l93, l94, l95, l96, l97 = sch.get_loops(block=b87)
l98 = sch.fuse(l94, l95, l96, l97, preserve_unit_iters=True)
v99 = sch.sample_categorical(candidates=[1, 2, 3, 4], probs=[0.25, 0.25, 0.25, 0.25], decision=1)
sch.annotate(block_or_loop=b87, ann_key="meta_schedule.cooperative_fetch", ann_val=v99)
l100 = sch.fuse(l55, l61, l67, preserve_unit_iters=True)
sch.annotate(block_or_loop=l100, ann_key="software_pipeline_stage", ann_val=[0, 0, 2])
sch.annotate(block_or_loop=l100, ann_key="software_pipeline_order", ann_val=[0, 1, 2])
sch.annotate(block_or_loop=l100, ann_key="software_pipeline_async_stages", ann_val=[0])
sch.reverse_compute_inline(block=b3)
sch.reverse_compute_inline(block=b2)
sch.compute_inline(block=b0)
v101 = sch.sample_categorical(candidates=[0, 16, 64, 512, 1024], probs=[0.20000000000000001, 0.20000000000000001, 0.20000000000000001, 0.20000000000000001, 0.20000000000000001], decision=1)
sch.annotate(block_or_loop=b4, ann_key="meta_schedule.unroll_explicit", ann_val=v101)
sch.enter_postproc()
sch.unannotate(block_or_loop=b74, ann_key="meta_schedule.cooperative_fetch")
l102, l103, l104, l105, l106 = sch.get_loops(block=b74)
l107, l108, l109 = sch.split(loop=l106, factors=[None, 112, 4], preserve_unit_iters=True)
sch.vectorize(loop=l109)
sch.bind(loop=l108, thread_axis="threadIdx.x")
sch.unannotate(block_or_loop=b87, ann_key="meta_schedule.cooperative_fetch")
l110, l111, l112, l113, l114 = sch.get_loops(block=b87)
l115, l116, l117 = sch.split(loop=l114, factors=[None, 112, 2], preserve_unit_iters=True)
sch.vectorize(loop=l117)
sch.bind(loop=l116, thread_axis="threadIdx.x")
b118 = sch.get_block(name="root", func_name="main")
sch.unannotate(block_or_loop=b118, ann_key="meta_schedule.unroll_explicit")
b119, b120, b121, b122 = sch.get_child_blocks(b118)
l123, l124, l125, l126, l127, l128, l129 = sch.get_loops(block=b119)
l130, l131, l132, l133, l134, l135, l136 = sch.get_loops(block=b120)
l137, l138, l139, l140, l141, l142, l143, l144, l145, l146, l147, l148, l149, l150, l151, l152, l153, l154 = sch.get_loops(block=b121)
sch.annotate(block_or_loop=l137, ann_key="pragma_auto_unroll_max_step", ann_val=16)
sch.annotate(block_or_loop=l137, ann_key="pragma_unroll_explicit", ann_val=1)
l155, l156, l157, l158, l159, l160, l161 = sch.get_loops(block=b122)
b162 = sch.get_block(name="conv2d_nchw", func_name="main")
l163, l164, l165, l166, l167, l168, l169, l170, l171, l172, l173, l174, l175, l176, l177, l178, l179, l180 = sch.get_loops(block=b162)
b181 = sch.decompose_reduction(block=b162, loop=l166)
2024-04-29 07:00:33 [INFO] [task_scheduler.cc:131] [Task #141: fused_nn_conv2d_add_nn_relu_69] Trial #20: GFLOPs: 3619.2909. Time: 24.0393 us. Best GFLOPs: 3619.2909
2024-04-29 07:00:33 [INFO] [task_scheduler.cc:131] [Task #141: fused_nn_conv2d_add_nn_relu_69] Trial #21: GFLOPs: 516.4056. Time: 168.4823 us. Best GFLOPs: 3619.2909
2024-04-29 07:00:33 [INFO] [task_scheduler.cc:131] [Task #141: fused_nn_conv2d_add_nn_relu_69] Trial #22: GFLOPs: 1009.5192. Time: 86.1848 us. Best GFLOPs: 3619.2909
2024-04-29 07:00:33 [INFO] [task_scheduler.cc:131] [Task #141: fused_nn_conv2d_add_nn_relu_69] Trial #23: GFLOPs: 63.1184. Time: 1378.4443 us. Best GFLOPs: 3619.2909
2024-04-29 07:00:33 [INFO] [task_scheduler.cc:131] [Task #141: fused_nn_conv2d_add_nn_relu_69] Trial #24: GFLOPs: 2910.2105. Time: 29.8965 us. Best GFLOPs: 3619.2909
2024-04-29 07:00:33 [INFO] [task_scheduler.cc:131] [Task #141: fused_nn_conv2d_add_nn_relu_69] Trial #25: GFLOPs: 2259.6994. Time: 38.5030 us. Best GFLOPs: 3619.2909
2024-04-29 07:00:33 [INFO] [task_scheduler.cc:131] [Task #141: fused_nn_conv2d_add_nn_relu_69] Trial #26: GFLOPs: 1961.9872. Time: 44.3454 us. Best GFLOPs: 3619.2909
2024-04-29 07:00:33 [INFO] [task_scheduler.cc:131] [Task #141: fused_nn_conv2d_add_nn_relu_69] Trial #27: GFLOPs: 6.8246. Time: 12748.6715 us. Best GFLOPs: 3619.2909
2024-04-29 07:00:33 [INFO] [task_scheduler.cc:131] [Task #141: fused_nn_conv2d_add_nn_relu_69] Trial #28: GFLOPs: 28.5359. Time: 3048.9756 us. Best GFLOPs: 3619.2909
2024-04-29 07:00:33 [INFO] [task_scheduler.cc:131] [Task #141: fused_nn_conv2d_add_nn_relu_69] Trial #29: GFLOPs: 2388.1786. Time: 36.4316 us. Best GFLOPs: 3619.2909
2024-04-29 07:00:33 [INFO] [task_scheduler.cc:131] [Task #141: fused_nn_conv2d_add_nn_relu_69] Trial #30: GFLOPs: 704.2450. Time: 123.5439 us. Best GFLOPs: 3619.2909
2024-04-29 07:00:33 [INFO] [task_scheduler.cc:131] [Task #141: fused_nn_conv2d_add_nn_relu_69] Trial #31: GFLOPs: 91.9921. Time: 945.7895 us. Best GFLOPs: 3619.2909
2024-04-29 07:00:33 [INFO] [task_scheduler.cc:131] [Task #141: fused_nn_conv2d_add_nn_relu_69] Trial #32: GFLOPs: 935.0449. Time: 93.0492 us. Best GFLOPs: 3619.2909
2024-04-29 07:00:33 [INFO] [task_scheduler.cc:131] [Task #141: fused_nn_conv2d_add_nn_relu_69] Trial #33: GFLOPs: 18.2681. Time: 4762.6728 us. Best GFLOPs: 3619.2909
2024-04-29 07:00:33 [INFO] [task_scheduler.cc:131] [Task #141: fused_nn_conv2d_add_nn_relu_69] Trial #34: GFLOPs: 2468.6508. Time: 35.2440 us. Best GFLOPs: 3619.2909
2024-04-29 07:00:33 [INFO] [task_scheduler.cc:131] [Task #141: fused_nn_conv2d_add_nn_relu_69] Trial #35: GFLOPs: 866.0420. Time: 100.4630 us. Best GFLOPs: 3619.2909
2024-04-29 07:00:33 [INFO] [task_scheduler.cc:131] [Task #141: fused_nn_conv2d_add_nn_relu_69] Trial #36: GFLOPs: 873.9996. Time: 99.5483 us. Best GFLOPs: 3619.2909
2024-04-29 07:00:33 [INFO] [task_scheduler.cc:131] [Task #141: fused_nn_conv2d_add_nn_relu_69] Trial #37: GFLOPs: 79.0446. Time: 1100.7099 us. Best GFLOPs: 3619.2909
2024-04-29 07:00:33 [INFO] [task_scheduler.cc:131] [Task #141: fused_nn_conv2d_add_nn_relu_69] Trial #38: GFLOPs: 552.5594. Time: 157.4585 us. Best GFLOPs: 3619.2909
2024-04-29 07:00:33 [INFO] [task_scheduler.cc:131] [Task #141: fused_nn_conv2d_add_nn_relu_69] Trial #39: GFLOPs: 624.4721. Time: 139.3260 us. Best GFLOPs: 3619.2909
2024-04-29 07:00:33 [INFO] [task_scheduler.cc:131] [Task #141: fused_nn_conv2d_add_nn_relu_69] Trial #40: GFLOPs: 2417.3754. Time: 35.9916 us. Best GFLOPs: 3619.2909
2024-04-29 07:00:33 [INFO] [task_scheduler.cc:131] [Task #141: fused_nn_conv2d_add_nn_relu_69] Trial #41: GFLOPs: 625.3105. Time: 139.1392 us. Best GFLOPs: 3619.2909
2024-04-29 07:00:33 [INFO] [task_scheduler.cc:131] [Task #141: fused_nn_conv2d_add_nn_relu_69] Trial #42: GFLOPs: 1880.8604. Time: 46.2582 us. Best GFLOPs: 3619.2909
2024-04-29 07:00:33 [INFO] [task_scheduler.cc:131] [Task #141: fused_nn_conv2d_add_nn_relu_69] Trial #43: GFLOPs: 1478.3332. Time: 58.8536 us. Best GFLOPs: 3619.2909
2024-04-29 07:00:33 [INFO] [task_scheduler.cc:131] [Task #141: fused_nn_conv2d_add_nn_relu_69] Trial #44: GFLOPs: 469.5620. Time: 185.2901 us. Best GFLOPs: 3619.2909
2024-04-29 07:00:33 [INFO] [task_scheduler.cc:131] [Task #141: fused_nn_conv2d_add_nn_relu_69] Trial #45: GFLOPs: 217.9978. Time: 399.1104 us. Best GFLOPs: 3619.2909
2024-04-29 07:00:33 [INFO] [task_scheduler.cc:131] [Task #141: fused_nn_conv2d_add_nn_relu_69] Trial #46: GFLOPs: 2605.5586. Time: 33.3921 us. Best GFLOPs: 3619.2909
2024-04-29 07:00:33 [INFO] [task_scheduler.cc:131] [Task #141: fused_nn_conv2d_add_nn_relu_69] Trial #47: GFLOPs: 26.2264. Time: 3317.4613 us. Best GFLOPs: 3619.2909
2024-04-29 07:00:33 [INFO] [task_scheduler.cc:131] [Task #141: fused_nn_conv2d_add_nn_relu_69] Trial #48: GFLOPs: 2404.4999. Time: 36.1843 us. Best GFLOPs: 3619.2909
2024-04-29 07:00:33 [INFO] [task_scheduler.cc:131] [Task #141: fused_nn_conv2d_add_nn_relu_69] Trial #49: GFLOPs: 1956.5890. Time: 44.4678 us. Best GFLOPs: 3619.2909
2024-04-29 07:00:33 [INFO] [task_scheduler.cc:131] [Task #141: fused_nn_conv2d_add_nn_relu_69] Trial #50: GFLOPs: 2613.3767. Time: 33.2922 us. Best GFLOPs: 3619.2909
2024-04-29 07:00:33 [INFO] [task_scheduler.cc:131] [Task #141: fused_nn_conv2d_add_nn_relu_69] Trial #51: GFLOPs: 2010.0723. Time: 43.2846 us. Best GFLOPs: 3619.2909
2024-04-29 07:00:33 [INFO] [task_scheduler.cc:131] [Task #141: fused_nn_conv2d_add_nn_relu_69] Trial #52: GFLOPs: 1053.1483. Time: 82.6144 us. Best GFLOPs: 3619.2909
2024-04-29 07:00:33 [INFO] [task_scheduler.cc:131] [Task #141: fused_nn_conv2d_add_nn_relu_69] Trial #53: GFLOPs: 1664.2392. Time: 52.2793 us. Best GFLOPs: 3619.2909
2024-04-29 07:00:33 [INFO] [task_scheduler.cc:131] [Task #141: fused_nn_conv2d_add_nn_relu_69] Trial #54: GFLOPs: 38.3667. Time: 2267.7276 us. Best GFLOPs: 3619.2909
2024-04-29 07:00:33 [INFO] [task_scheduler.cc:131] [Task #141: fused_nn_conv2d_add_nn_relu_69] Trial #55: GFLOPs: 878.2073. Time: 99.0713 us. Best GFLOPs: 3619.2909
2024-04-29 07:00:33 [INFO] [task_scheduler.cc:131] [Task #141: fused_nn_conv2d_add_nn_relu_69] Trial #56: GFLOPs: 1576.6840. Time: 55.1824 us. Best GFLOPs: 3619.2909
2024-04-29 07:00:33 [INFO] [task_scheduler.cc:131] [Task #141: fused_nn_conv2d_add_nn_relu_69] Trial #57: GFLOPs: 35.1205. Time: 2477.3306 us. Best GFLOPs: 3619.2909
2024-04-29 07:00:33 [INFO] [task_scheduler.cc:131] [Task #141: fused_nn_conv2d_add_nn_relu_69] Trial #58: GFLOPs: 3013.1459. Time: 28.8752 us. Best GFLOPs: 3619.2909
2024-04-29 07:00:33 [INFO] [task_scheduler.cc:131] [Task #141: fused_nn_conv2d_add_nn_relu_69] Trial #59: GFLOPs: 934.7447. Time: 93.0791 us. Best GFLOPs: 3619.2909
2024-04-29 07:00:33 [INFO] [task_scheduler.cc:131] [Task #141: fused_nn_conv2d_add_nn_relu_69] Trial #60: GFLOPs: 25.0931. Time: 3467.2993 us. Best GFLOPs: 3619.2909
2024-04-29 07:00:33 [INFO] [task_scheduler.cc:131] [Task #141: fused_nn_conv2d_add_nn_relu_69] Trial #61: GFLOPs: 1985.0884. Time: 43.8294 us. Best GFLOPs: 3619.2909
2024-04-29 07:00:33 [INFO] [task_scheduler.cc:131] [Task #141: fused_nn_conv2d_add_nn_relu_69] Trial #62: GFLOPs: 1938.4213. Time: 44.8846 us. Best GFLOPs: 3619.2909
2024-04-29 07:00:33 [INFO] [task_scheduler.cc:131] [Task #141: fused_nn_conv2d_add_nn_relu_69] Trial #63: GFLOPs: 509.5166. Time: 170.7603 us. Best GFLOPs: 3619.2909
2024-04-29 07:00:34 [INFO] [task_scheduler.cc:131] [Task #141: fused_nn_conv2d_add_nn_relu_69] Trial #64: GFLOPs: 14.6498. Time: 5939.0191 us. Best GFLOPs: 3619.2909
