2024-04-28 20:45:57 [INFO] [task_scheduler.cc:160] Initializing Task #33: "fused_nn_contrib_conv2d_NCHWc_add_nn_relu_32"
2024-04-28 20:45:57 [INFO] [task_scheduler.cc:35] 
# from tvm.script import ir as I
# from tvm.script import tir as T

@I.ir_module
class Module:
    @T.prim_func
    def main(p0: T.Buffer((T.int64(1), T.int64(120), T.int64(14), T.int64(14), T.int64(4)), "float32"), p1: T.Buffer((T.int64(32), T.int64(120), T.int64(1), T.int64(1), T.int64(4), T.int64(4)), "float32"), p2: T.Buffer((T.int64(1), T.int64(32), T.int64(1), T.int64(1), T.int64(4)), "float32"), T_relu: T.Buffer((T.int64(1), T.int64(32), T.int64(14), T.int64(14), T.int64(4)), "float32")):
        T.func_attr({"tir.noalias": T.bool(True)})
        # with T.block("root"):
        conv2d_NCHWc = T.alloc_buffer((T.int64(1), T.int64(32), T.int64(14), T.int64(14), T.int64(4)))
        T_add = T.alloc_buffer((T.int64(1), T.int64(32), T.int64(14), T.int64(14), T.int64(4)))
        for n, oc_chunk, oh, ow, oc_block, ic, kh, kw in T.grid(T.int64(1), T.int64(32), T.int64(14), T.int64(14), T.int64(4), T.int64(480), T.int64(1), T.int64(1)):
            with T.block("conv2d_NCHWc"):
                v_n, v_oc_chunk, v_oh, v_ow, v_oc_block, v_ic, v_kh, v_kw = T.axis.remap("SSSSSRRR", [n, oc_chunk, oh, ow, oc_block, ic, kh, kw])
                T.reads(p0[v_n, v_ic // T.int64(4), v_oh + v_kh, v_ow + v_kw, v_ic % T.int64(4)], p1[v_oc_chunk, v_ic // T.int64(4), v_kh, v_kw, v_ic % T.int64(4), v_oc_block])
                T.writes(conv2d_NCHWc[v_n, v_oc_chunk, v_oh, v_ow, v_oc_block])
                with T.init():
                    conv2d_NCHWc[v_n, v_oc_chunk, v_oh, v_ow, v_oc_block] = T.float32(0)
                conv2d_NCHWc[v_n, v_oc_chunk, v_oh, v_ow, v_oc_block] = conv2d_NCHWc[v_n, v_oc_chunk, v_oh, v_ow, v_oc_block] + p0[v_n, v_ic // T.int64(4), v_oh + v_kh, v_ow + v_kw, v_ic % T.int64(4)] * p1[v_oc_chunk, v_ic // T.int64(4), v_kh, v_kw, v_ic % T.int64(4), v_oc_block]
        for ax0, ax1, ax2, ax3, ax4 in T.grid(T.int64(1), T.int64(32), T.int64(14), T.int64(14), T.int64(4)):
            with T.block("T_add"):
                v_ax0, v_ax1, v_ax2, v_ax3, v_ax4 = T.axis.remap("SSSSS", [ax0, ax1, ax2, ax3, ax4])
                T.reads(conv2d_NCHWc[v_ax0, v_ax1, v_ax2, v_ax3, v_ax4], p2[v_ax0, v_ax1, T.int64(0), T.int64(0), v_ax4])
                T.writes(T_add[v_ax0, v_ax1, v_ax2, v_ax3, v_ax4])
                T_add[v_ax0, v_ax1, v_ax2, v_ax3, v_ax4] = conv2d_NCHWc[v_ax0, v_ax1, v_ax2, v_ax3, v_ax4] + p2[v_ax0, v_ax1, T.int64(0), T.int64(0), v_ax4]
        for ax0, ax1, ax2, ax3, ax4 in T.grid(T.int64(1), T.int64(32), T.int64(14), T.int64(14), T.int64(4)):
            with T.block("T_relu"):
                v_ax0, v_ax1, v_ax2, v_ax3, v_ax4 = T.axis.remap("SSSSS", [ax0, ax1, ax2, ax3, ax4])
                T.reads(T_add[v_ax0, v_ax1, v_ax2, v_ax3, v_ax4])
                T.writes(T_relu[v_ax0, v_ax1, v_ax2, v_ax3, v_ax4])
                T_relu[v_ax0, v_ax1, v_ax2, v_ax3, v_ax4] = T.max(T_add[v_ax0, v_ax1, v_ax2, v_ax3, v_ax4], T.float32(0))
2024-04-28 20:45:57 [INFO] [task_scheduler.cc:164] Total 3 design space(s) generated
2024-04-28 20:45:57 [INFO] [task_scheduler.cc:170] Design space #0:
# from tvm.script import ir as I
# from tvm.script import tir as T

@I.ir_module
class Module:
    @T.prim_func
    def main(p0: T.Buffer((T.int64(1), T.int64(120), T.int64(14), T.int64(14), T.int64(4)), "float32"), p1: T.Buffer((T.int64(32), T.int64(120), T.int64(1), T.int64(1), T.int64(4), T.int64(4)), "float32"), p2: T.Buffer((T.int64(1), T.int64(32), T.int64(1), T.int64(1), T.int64(4)), "float32"), T_relu: T.Buffer((T.int64(1), T.int64(32), T.int64(14), T.int64(14), T.int64(4)), "float32")):
        T.func_attr({"tir.noalias": T.bool(True)})
        with T.block("root"):
            T.reads()
            T.writes()
            T.block_attr({"meta_schedule.parallel": 768, "meta_schedule.unroll_explicit": 64, "meta_schedule.vectorize": 64})
            conv2d_NCHWc = T.alloc_buffer((T.int64(1), T.int64(32), T.int64(14), T.int64(14), T.int64(4)))
            for n_0, oc_chunk_0, oh_0, ow_0, oc_block_0, n_1, oc_chunk_1, oh_1, ow_1, oc_block_1, ic_0, kh_0, kw_0, n_2, oc_chunk_2, oh_2, ow_2, oc_block_2, ic_1, kh_1, kw_1, n_3, oc_chunk_3, oh_3, ow_3, oc_block_3 in T.grid(T.int64(1), T.int64(2), T.int64(1), T.int64(1), T.int64(1), T.int64(1), T.int64(2), T.int64(1), T.int64(1), T.int64(2), T.int64(480), T.int64(1), T.int64(1), T.int64(1), T.int64(2), T.int64(7), T.int64(2), T.int64(1), T.int64(1), T.int64(1), T.int64(1), T.int64(1), T.int64(4), T.int64(2), T.int64(7), T.int64(2)):
                with T.block("conv2d_NCHWc"):
                    v_n = T.axis.spatial(T.int64(1), n_0 + n_1 + n_2 + n_3)
                    v_oc_chunk = T.axis.spatial(T.int64(32), oc_chunk_0 * T.int64(16) + oc_chunk_1 * T.int64(8) + oc_chunk_2 * T.int64(4) + oc_chunk_3)
                    v_oh = T.axis.spatial(T.int64(14), oh_0 * T.int64(14) + oh_1 * T.int64(14) + oh_2 * T.int64(2) + oh_3)
                    v_ow = T.axis.spatial(T.int64(14), ow_0 * T.int64(14) + ow_1 * T.int64(14) + ow_2 * T.int64(7) + ow_3)
                    v_oc_block = T.axis.spatial(T.int64(4), oc_block_0 * T.int64(4) + oc_block_1 * T.int64(2) + oc_block_2 * T.int64(2) + oc_block_3)
                    v_ic = T.axis.reduce(T.int64(480), ic_0 + ic_1)
                    v_kh = T.axis.reduce(T.int64(1), kh_0 + kh_1)
                    v_kw = T.axis.reduce(T.int64(1), kw_0 + kw_1)
                    T.reads(p0[v_n, v_ic // T.int64(4), v_oh + v_kh, v_ow + v_kw, v_ic % T.int64(4)], p1[v_oc_chunk, v_ic // T.int64(4), v_kh, v_kw, v_ic % T.int64(4), v_oc_block])
                    T.writes(conv2d_NCHWc[v_n, v_oc_chunk, v_oh, v_ow, v_oc_block])
                    T.block_attr({"meta_schedule.tiling_structure": "SSRSRS"})
                    with T.init():
                        conv2d_NCHWc[v_n, v_oc_chunk, v_oh, v_ow, v_oc_block] = T.float32(0)
                    conv2d_NCHWc[v_n, v_oc_chunk, v_oh, v_ow, v_oc_block] = conv2d_NCHWc[v_n, v_oc_chunk, v_oh, v_ow, v_oc_block] + p0[v_n, v_ic // T.int64(4), v_oh + v_kh, v_ow + v_kw, v_ic % T.int64(4)] * p1[v_oc_chunk, v_ic // T.int64(4), v_kh, v_kw, v_ic % T.int64(4), v_oc_block]
            for ax0, ax1, ax2, ax3, ax4 in T.grid(T.int64(1), T.int64(32), T.int64(14), T.int64(14), T.int64(4)):
                with T.block("T_relu"):
                    v_ax0, v_ax1, v_ax2, v_ax3, v_ax4 = T.axis.remap("SSSSS", [ax0, ax1, ax2, ax3, ax4])
                    T.reads(conv2d_NCHWc[v_ax0, v_ax1, v_ax2, v_ax3, v_ax4], p2[v_ax0, v_ax1, T.int64(0), T.int64(0), v_ax4])
                    T.writes(T_relu[v_ax0, v_ax1, v_ax2, v_ax3, v_ax4])
                    T_relu[v_ax0, v_ax1, v_ax2, v_ax3, v_ax4] = T.max(conv2d_NCHWc[v_ax0, v_ax1, v_ax2, v_ax3, v_ax4] + p2[v_ax0, v_ax1, T.int64(0), T.int64(0), v_ax4], T.float32(0))
b0 = sch.get_block(name="conv2d_NCHWc", func_name="main")
b1 = sch.get_block(name="T_add", func_name="main")
b2 = sch.get_block(name="root", func_name="main")
sch.compute_inline(block=b1)
sch.annotate(block_or_loop=b0, ann_key="meta_schedule.tiling_structure", ann_val="SSRSRS")
l3, l4, l5, l6, l7, l8, l9, l10 = sch.get_loops(block=b0)
v11, v12, v13, v14 = sch.sample_perfect_tile(loop=l3, n=4, max_innermost_factor=64, decision=[1, 1, 1, 1])
l15, l16, l17, l18 = sch.split(loop=l3, factors=[v11, v12, v13, v14], preserve_unit_iters=True)
v19, v20, v21, v22 = sch.sample_perfect_tile(loop=l4, n=4, max_innermost_factor=64, decision=[2, 2, 2, 4])
l23, l24, l25, l26 = sch.split(loop=l4, factors=[v19, v20, v21, v22], preserve_unit_iters=True)
v27, v28, v29, v30 = sch.sample_perfect_tile(loop=l5, n=4, max_innermost_factor=64, decision=[1, 1, 7, 2])
l31, l32, l33, l34 = sch.split(loop=l5, factors=[v27, v28, v29, v30], preserve_unit_iters=True)
v35, v36, v37, v38 = sch.sample_perfect_tile(loop=l6, n=4, max_innermost_factor=64, decision=[1, 1, 2, 7])
l39, l40, l41, l42 = sch.split(loop=l6, factors=[v35, v36, v37, v38], preserve_unit_iters=True)
v43, v44, v45, v46 = sch.sample_perfect_tile(loop=l7, n=4, max_innermost_factor=64, decision=[1, 2, 1, 2])
l47, l48, l49, l50 = sch.split(loop=l7, factors=[v43, v44, v45, v46], preserve_unit_iters=True)
v51, v52 = sch.sample_perfect_tile(loop=l8, n=2, max_innermost_factor=64, decision=[480, 1])
l53, l54 = sch.split(loop=l8, factors=[v51, v52], preserve_unit_iters=True)
v55, v56 = sch.sample_perfect_tile(loop=l9, n=2, max_innermost_factor=64, decision=[1, 1])
l57, l58 = sch.split(loop=l9, factors=[v55, v56], preserve_unit_iters=True)
v59, v60 = sch.sample_perfect_tile(loop=l10, n=2, max_innermost_factor=64, decision=[1, 1])
l61, l62 = sch.split(loop=l10, factors=[v59, v60], preserve_unit_iters=True)
sch.reorder(l15, l23, l31, l39, l47, l16, l24, l32, l40, l48, l53, l57, l61, l17, l25, l33, l41, l49, l54, l58, l62, l18, l26, l34, l42, l50)
sch.annotate(block_or_loop=b2, ann_key="meta_schedule.parallel", ann_val=768)
sch.annotate(block_or_loop=b2, ann_key="meta_schedule.vectorize", ann_val=64)
v63 = sch.sample_categorical(candidates=[0, 16, 64, 512], probs=[0.25, 0.25, 0.25, 0.25], decision=2)
sch.annotate(block_or_loop=b2, ann_key="meta_schedule.unroll_explicit", ann_val=v63)
2024-04-28 20:45:57 [INFO] [task_scheduler.cc:170] Design space #1:
# from tvm.script import ir as I
# from tvm.script import tir as T

@I.ir_module
class Module:
    @T.prim_func
    def main(p0: T.Buffer((T.int64(1), T.int64(120), T.int64(14), T.int64(14), T.int64(4)), "float32"), p1: T.Buffer((T.int64(32), T.int64(120), T.int64(1), T.int64(1), T.int64(4), T.int64(4)), "float32"), p2: T.Buffer((T.int64(1), T.int64(32), T.int64(1), T.int64(1), T.int64(4)), "float32"), T_relu: T.Buffer((T.int64(1), T.int64(32), T.int64(14), T.int64(14), T.int64(4)), "float32")):
        T.func_attr({"tir.noalias": T.bool(True)})
        with T.block("root"):
            T.reads()
            T.writes()
            T.block_attr({"meta_schedule.parallel": 768, "meta_schedule.unroll_explicit": 64, "meta_schedule.vectorize": 64})
            conv2d_NCHWc = T.alloc_buffer((T.int64(1), T.int64(32), T.int64(14), T.int64(14), T.int64(4)))
            for n_0, oc_chunk_0, oh_0, ow_0, oc_block_0, n_1, oc_chunk_1, oh_1, ow_1, oc_block_1 in T.grid(T.int64(1), T.int64(2), T.int64(1), T.int64(1), T.int64(1), T.int64(1), T.int64(2), T.int64(1), T.int64(1), T.int64(2)):
                for ic_0, kh_0, kw_0, n_2, oc_chunk_2, oh_2, ow_2, oc_block_2, ic_1, kh_1, kw_1, n_3, oc_chunk_3, oh_3, ow_3, oc_block_3 in T.grid(T.int64(480), T.int64(1), T.int64(1), T.int64(1), T.int64(2), T.int64(7), T.int64(2), T.int64(1), T.int64(1), T.int64(1), T.int64(1), T.int64(1), T.int64(4), T.int64(2), T.int64(7), T.int64(2)):
                    with T.block("conv2d_NCHWc"):
                        v_n = T.axis.spatial(T.int64(1), n_0 + n_1 + n_2 + n_3)
                        v_oc_chunk = T.axis.spatial(T.int64(32), oc_chunk_0 * T.int64(16) + oc_chunk_1 * T.int64(8) + oc_chunk_2 * T.int64(4) + oc_chunk_3)
                        v_oh = T.axis.spatial(T.int64(14), oh_0 * T.int64(14) + oh_1 * T.int64(14) + oh_2 * T.int64(2) + oh_3)
                        v_ow = T.axis.spatial(T.int64(14), ow_0 * T.int64(14) + ow_1 * T.int64(14) + ow_2 * T.int64(7) + ow_3)
                        v_oc_block = T.axis.spatial(T.int64(4), oc_block_0 * T.int64(4) + oc_block_1 * T.int64(2) + oc_block_2 * T.int64(2) + oc_block_3)
                        v_ic = T.axis.reduce(T.int64(480), ic_0 + ic_1)
                        v_kh = T.axis.reduce(T.int64(1), kh_0 + kh_1)
                        v_kw = T.axis.reduce(T.int64(1), kw_0 + kw_1)
                        T.reads(p0[v_n, v_ic // T.int64(4), v_oh + v_kh, v_ow + v_kw, v_ic % T.int64(4)], p1[v_oc_chunk, v_ic // T.int64(4), v_kh, v_kw, v_ic % T.int64(4), v_oc_block])
                        T.writes(conv2d_NCHWc[v_n, v_oc_chunk, v_oh, v_ow, v_oc_block])
                        T.block_attr({"meta_schedule.tiling_structure": "SSRSRS"})
                        with T.init():
                            conv2d_NCHWc[v_n, v_oc_chunk, v_oh, v_ow, v_oc_block] = T.float32(0)
                        conv2d_NCHWc[v_n, v_oc_chunk, v_oh, v_ow, v_oc_block] = conv2d_NCHWc[v_n, v_oc_chunk, v_oh, v_ow, v_oc_block] + p0[v_n, v_ic // T.int64(4), v_oh + v_kh, v_ow + v_kw, v_ic % T.int64(4)] * p1[v_oc_chunk, v_ic // T.int64(4), v_kh, v_kw, v_ic % T.int64(4), v_oc_block]
                for ax0, ax1, ax2, ax3, ax4 in T.grid(T.int64(1), T.int64(8), T.int64(14), T.int64(14), T.int64(2)):
                    with T.block("T_relu"):
                        v_ax0 = T.axis.spatial(T.int64(1), ax0)
                        v_ax1 = T.axis.spatial(T.int64(32), oc_chunk_0 * T.int64(16) + oc_chunk_1 * T.int64(8) + ax1)
                        v_ax2, v_ax3 = T.axis.remap("SS", [ax2, ax3])
                        v_ax4 = T.axis.spatial(T.int64(4), oc_block_1 * T.int64(2) + ax4)
                        T.reads(conv2d_NCHWc[v_ax0, v_ax1, v_ax2, v_ax3, v_ax4], p2[v_ax0, v_ax1, T.int64(0), T.int64(0), v_ax4])
                        T.writes(T_relu[v_ax0, v_ax1, v_ax2, v_ax3, v_ax4])
                        T_relu[v_ax0, v_ax1, v_ax2, v_ax3, v_ax4] = T.max(conv2d_NCHWc[v_ax0, v_ax1, v_ax2, v_ax3, v_ax4] + p2[v_ax0, v_ax1, T.int64(0), T.int64(0), v_ax4], T.float32(0))
b0 = sch.get_block(name="conv2d_NCHWc", func_name="main")
b1 = sch.get_block(name="T_add", func_name="main")
b2 = sch.get_block(name="root", func_name="main")
sch.compute_inline(block=b1)
sch.annotate(block_or_loop=b0, ann_key="meta_schedule.tiling_structure", ann_val="SSRSRS")
l3, l4, l5, l6, l7, l8, l9, l10 = sch.get_loops(block=b0)
v11, v12, v13, v14 = sch.sample_perfect_tile(loop=l3, n=4, max_innermost_factor=64, decision=[1, 1, 1, 1])
l15, l16, l17, l18 = sch.split(loop=l3, factors=[v11, v12, v13, v14], preserve_unit_iters=True)
v19, v20, v21, v22 = sch.sample_perfect_tile(loop=l4, n=4, max_innermost_factor=64, decision=[2, 2, 2, 4])
l23, l24, l25, l26 = sch.split(loop=l4, factors=[v19, v20, v21, v22], preserve_unit_iters=True)
v27, v28, v29, v30 = sch.sample_perfect_tile(loop=l5, n=4, max_innermost_factor=64, decision=[1, 1, 7, 2])
l31, l32, l33, l34 = sch.split(loop=l5, factors=[v27, v28, v29, v30], preserve_unit_iters=True)
v35, v36, v37, v38 = sch.sample_perfect_tile(loop=l6, n=4, max_innermost_factor=64, decision=[1, 1, 2, 7])
l39, l40, l41, l42 = sch.split(loop=l6, factors=[v35, v36, v37, v38], preserve_unit_iters=True)
v43, v44, v45, v46 = sch.sample_perfect_tile(loop=l7, n=4, max_innermost_factor=64, decision=[1, 2, 1, 2])
l47, l48, l49, l50 = sch.split(loop=l7, factors=[v43, v44, v45, v46], preserve_unit_iters=True)
v51, v52 = sch.sample_perfect_tile(loop=l8, n=2, max_innermost_factor=64, decision=[480, 1])
l53, l54 = sch.split(loop=l8, factors=[v51, v52], preserve_unit_iters=True)
v55, v56 = sch.sample_perfect_tile(loop=l9, n=2, max_innermost_factor=64, decision=[1, 1])
l57, l58 = sch.split(loop=l9, factors=[v55, v56], preserve_unit_iters=True)
v59, v60 = sch.sample_perfect_tile(loop=l10, n=2, max_innermost_factor=64, decision=[1, 1])
l61, l62 = sch.split(loop=l10, factors=[v59, v60], preserve_unit_iters=True)
sch.reorder(l15, l23, l31, l39, l47, l16, l24, l32, l40, l48, l53, l57, l61, l17, l25, l33, l41, l49, l54, l58, l62, l18, l26, l34, l42, l50)
b63, = sch.get_consumers(block=b0)
sch.reverse_compute_at(block=b63, loop=l48, preserve_unit_loops=True, index=-1)
sch.annotate(block_or_loop=b2, ann_key="meta_schedule.parallel", ann_val=768)
sch.annotate(block_or_loop=b2, ann_key="meta_schedule.vectorize", ann_val=64)
v64 = sch.sample_categorical(candidates=[0, 16, 64, 512], probs=[0.25, 0.25, 0.25, 0.25], decision=2)
sch.annotate(block_or_loop=b2, ann_key="meta_schedule.unroll_explicit", ann_val=v64)
2024-04-28 20:45:57 [INFO] [task_scheduler.cc:170] Design space #2:
# from tvm.script import ir as I
# from tvm.script import tir as T

@I.ir_module
class Module:
    @T.prim_func
    def main(p0: T.Buffer((T.int64(1), T.int64(120), T.int64(14), T.int64(14), T.int64(4)), "float32"), p1: T.Buffer((T.int64(32), T.int64(120), T.int64(1), T.int64(1), T.int64(4), T.int64(4)), "float32"), p2: T.Buffer((T.int64(1), T.int64(32), T.int64(1), T.int64(1), T.int64(4)), "float32"), T_relu: T.Buffer((T.int64(1), T.int64(32), T.int64(14), T.int64(14), T.int64(4)), "float32")):
        T.func_attr({"tir.noalias": T.bool(True)})
        with T.block("root"):
            T.reads()
            T.writes()
            T.block_attr({"meta_schedule.parallel": 768, "meta_schedule.unroll_explicit": 0, "meta_schedule.vectorize": 64})
            conv2d_NCHWc = T.alloc_buffer((T.int64(1), T.int64(32), T.int64(14), T.int64(14), T.int64(4)))
            for n_0, oc_chunk_0, oh_0, ow_0, oc_block_0 in T.grid(T.int64(1), T.int64(2), T.int64(1), T.int64(1), T.int64(1)):
                for n_1, oc_chunk_1, oh_1, ow_1, oc_block_1, ic_0, kh_0, kw_0, n_2, oc_chunk_2, oh_2, ow_2, oc_block_2, ic_1, kh_1, kw_1, n_3, oc_chunk_3, oh_3, ow_3, oc_block_3 in T.grid(T.int64(1), T.int64(2), T.int64(1), T.int64(1), T.int64(2), T.int64(480), T.int64(1), T.int64(1), T.int64(1), T.int64(2), T.int64(7), T.int64(2), T.int64(1), T.int64(1), T.int64(1), T.int64(1), T.int64(1), T.int64(4), T.int64(2), T.int64(7), T.int64(2)):
                    with T.block("conv2d_NCHWc"):
                        v_n = T.axis.spatial(T.int64(1), n_0 + n_1 + n_2 + n_3)
                        v_oc_chunk = T.axis.spatial(T.int64(32), oc_chunk_0 * T.int64(16) + oc_chunk_1 * T.int64(8) + oc_chunk_2 * T.int64(4) + oc_chunk_3)
                        v_oh = T.axis.spatial(T.int64(14), oh_0 * T.int64(14) + oh_1 * T.int64(14) + oh_2 * T.int64(2) + oh_3)
                        v_ow = T.axis.spatial(T.int64(14), ow_0 * T.int64(14) + ow_1 * T.int64(14) + ow_2 * T.int64(7) + ow_3)
                        v_oc_block = T.axis.spatial(T.int64(4), oc_block_0 * T.int64(4) + oc_block_1 * T.int64(2) + oc_block_2 * T.int64(2) + oc_block_3)
                        v_ic = T.axis.reduce(T.int64(480), ic_0 + ic_1)
                        v_kh = T.axis.reduce(T.int64(1), kh_0 + kh_1)
                        v_kw = T.axis.reduce(T.int64(1), kw_0 + kw_1)
                        T.reads(p0[v_n, v_ic // T.int64(4), v_oh + v_kh, v_ow + v_kw, v_ic % T.int64(4)], p1[v_oc_chunk, v_ic // T.int64(4), v_kh, v_kw, v_ic % T.int64(4), v_oc_block])
                        T.writes(conv2d_NCHWc[v_n, v_oc_chunk, v_oh, v_ow, v_oc_block])
                        T.block_attr({"meta_schedule.tiling_structure": "SSRSRS"})
                        with T.init():
                            conv2d_NCHWc[v_n, v_oc_chunk, v_oh, v_ow, v_oc_block] = T.float32(0)
                        conv2d_NCHWc[v_n, v_oc_chunk, v_oh, v_ow, v_oc_block] = conv2d_NCHWc[v_n, v_oc_chunk, v_oh, v_ow, v_oc_block] + p0[v_n, v_ic // T.int64(4), v_oh + v_kh, v_ow + v_kw, v_ic % T.int64(4)] * p1[v_oc_chunk, v_ic // T.int64(4), v_kh, v_kw, v_ic % T.int64(4), v_oc_block]
                for ax0, ax1, ax2, ax3, ax4 in T.grid(T.int64(1), T.int64(16), T.int64(14), T.int64(14), T.int64(4)):
                    with T.block("T_relu"):
                        v_ax0 = T.axis.spatial(T.int64(1), ax0)
                        v_ax1 = T.axis.spatial(T.int64(32), oc_chunk_0 * T.int64(16) + ax1)
                        v_ax2, v_ax3, v_ax4 = T.axis.remap("SSS", [ax2, ax3, ax4])
                        T.reads(conv2d_NCHWc[v_ax0, v_ax1, v_ax2, v_ax3, v_ax4], p2[v_ax0, v_ax1, T.int64(0), T.int64(0), v_ax4])
                        T.writes(T_relu[v_ax0, v_ax1, v_ax2, v_ax3, v_ax4])
                        T_relu[v_ax0, v_ax1, v_ax2, v_ax3, v_ax4] = T.max(conv2d_NCHWc[v_ax0, v_ax1, v_ax2, v_ax3, v_ax4] + p2[v_ax0, v_ax1, T.int64(0), T.int64(0), v_ax4], T.float32(0))
b0 = sch.get_block(name="conv2d_NCHWc", func_name="main")
b1 = sch.get_block(name="T_add", func_name="main")
b2 = sch.get_block(name="root", func_name="main")
sch.compute_inline(block=b1)
sch.annotate(block_or_loop=b0, ann_key="meta_schedule.tiling_structure", ann_val="SSRSRS")
l3, l4, l5, l6, l7, l8, l9, l10 = sch.get_loops(block=b0)
v11, v12, v13, v14 = sch.sample_perfect_tile(loop=l3, n=4, max_innermost_factor=64, decision=[1, 1, 1, 1])
l15, l16, l17, l18 = sch.split(loop=l3, factors=[v11, v12, v13, v14], preserve_unit_iters=True)
v19, v20, v21, v22 = sch.sample_perfect_tile(loop=l4, n=4, max_innermost_factor=64, decision=[2, 2, 2, 4])
l23, l24, l25, l26 = sch.split(loop=l4, factors=[v19, v20, v21, v22], preserve_unit_iters=True)
v27, v28, v29, v30 = sch.sample_perfect_tile(loop=l5, n=4, max_innermost_factor=64, decision=[1, 1, 7, 2])
l31, l32, l33, l34 = sch.split(loop=l5, factors=[v27, v28, v29, v30], preserve_unit_iters=True)
v35, v36, v37, v38 = sch.sample_perfect_tile(loop=l6, n=4, max_innermost_factor=64, decision=[1, 1, 2, 7])
l39, l40, l41, l42 = sch.split(loop=l6, factors=[v35, v36, v37, v38], preserve_unit_iters=True)
v43, v44, v45, v46 = sch.sample_perfect_tile(loop=l7, n=4, max_innermost_factor=64, decision=[1, 2, 1, 2])
l47, l48, l49, l50 = sch.split(loop=l7, factors=[v43, v44, v45, v46], preserve_unit_iters=True)
v51, v52 = sch.sample_perfect_tile(loop=l8, n=2, max_innermost_factor=64, decision=[480, 1])
l53, l54 = sch.split(loop=l8, factors=[v51, v52], preserve_unit_iters=True)
v55, v56 = sch.sample_perfect_tile(loop=l9, n=2, max_innermost_factor=64, decision=[1, 1])
l57, l58 = sch.split(loop=l9, factors=[v55, v56], preserve_unit_iters=True)
v59, v60 = sch.sample_perfect_tile(loop=l10, n=2, max_innermost_factor=64, decision=[1, 1])
l61, l62 = sch.split(loop=l10, factors=[v59, v60], preserve_unit_iters=True)
sch.reorder(l15, l23, l31, l39, l47, l16, l24, l32, l40, l48, l53, l57, l61, l17, l25, l33, l41, l49, l54, l58, l62, l18, l26, l34, l42, l50)
b63, = sch.get_consumers(block=b0)
sch.reverse_compute_at(block=b63, loop=l47, preserve_unit_loops=True, index=-1)
sch.annotate(block_or_loop=b2, ann_key="meta_schedule.parallel", ann_val=768)
sch.annotate(block_or_loop=b2, ann_key="meta_schedule.vectorize", ann_val=64)
v64 = sch.sample_categorical(candidates=[0, 16, 64, 512], probs=[0.25, 0.25, 0.25, 0.25], decision=0)
sch.annotate(block_or_loop=b2, ann_key="meta_schedule.unroll_explicit", ann_val=v64)
2024-04-28 21:38:44 [INFO] [evolutionary_search.cc:713] Generating candidates......
2024-04-28 21:38:44 [INFO] [evolutionary_search.cc:715] Picked top 0 candidate(s) from database
2024-04-28 21:38:47 [INFO] [evolutionary_search.cc:533] Sample-Init-Population summary:
Postproc #0 [meta_schedule.DisallowDynamicLoop(0x680a608)]: 0 failure(s)
Postproc #1 [meta_schedule.RewriteParallelVectorizeUnroll(0x60dde68)]: 0 failure(s)
Postproc #2 [meta_schedule.RewriteReductionBlock(0x49ab9c8)]: 0 failure(s)
Postproc #3 [meta_schedule.RewriteLayout(0x90422e8)]: 0 failure(s)
2024-04-28 21:38:47 [INFO] [evolutionary_search.cc:723] Sampled 512 candidate(s)
2024-04-28 21:38:50 [INFO] [evolutionary_search.cc:621] Evolve iter #0 done. Summary:
Postproc #0 [meta_schedule.DisallowDynamicLoop(0x680a608)]: 0 failure(s)
Postproc #1 [meta_schedule.RewriteParallelVectorizeUnroll(0x60dde68)]: 0 failure(s)
Postproc #2 [meta_schedule.RewriteReductionBlock(0x49ab9c8)]: 0 failure(s)
Postproc #3 [meta_schedule.RewriteLayout(0x90422e8)]: 0 failure(s)
2024-04-28 21:38:53 [INFO] [evolutionary_search.cc:621] Evolve iter #1 done. Summary:
Postproc #0 [meta_schedule.DisallowDynamicLoop(0x680a608)]: 0 failure(s)
Postproc #1 [meta_schedule.RewriteParallelVectorizeUnroll(0x60dde68)]: 0 failure(s)
Postproc #2 [meta_schedule.RewriteReductionBlock(0x49ab9c8)]: 0 failure(s)
Postproc #3 [meta_schedule.RewriteLayout(0x90422e8)]: 0 failure(s)
2024-04-28 21:38:56 [INFO] [evolutionary_search.cc:621] Evolve iter #2 done. Summary:
Postproc #0 [meta_schedule.DisallowDynamicLoop(0x680a608)]: 0 failure(s)
Postproc #1 [meta_schedule.RewriteParallelVectorizeUnroll(0x60dde68)]: 0 failure(s)
Postproc #2 [meta_schedule.RewriteReductionBlock(0x49ab9c8)]: 0 failure(s)
Postproc #3 [meta_schedule.RewriteLayout(0x90422e8)]: 0 failure(s)
2024-04-28 21:38:59 [INFO] [evolutionary_search.cc:621] Evolve iter #3 done. Summary:
Postproc #0 [meta_schedule.DisallowDynamicLoop(0x680a608)]: 0 failure(s)
Postproc #1 [meta_schedule.RewriteParallelVectorizeUnroll(0x60dde68)]: 0 failure(s)
Postproc #2 [meta_schedule.RewriteReductionBlock(0x49ab9c8)]: 0 failure(s)
Postproc #3 [meta_schedule.RewriteLayout(0x90422e8)]: 0 failure(s)
2024-04-28 21:39:00 [INFO] [evolutionary_search.cc:649] Scores of the best 64 candidates:
[1 : 16]:	0.9993  0.9979  0.9973  0.9959  0.9953  0.9953  0.9944  0.9943  0.9931  0.9924  0.9924  0.9914  0.9910  0.9907  0.9897  0.9891
[17 : 32]:	0.9891  0.9872  0.9870  0.9863  0.9861  0.9856  0.9852  0.9850  0.9848  0.9837  0.9837  0.9833  0.9828  0.9825  0.9820  0.9819
[33 : 48]:	0.9810  0.9804  0.9802  0.9802  0.9799  0.9798  0.9795  0.9778  0.9771  0.9770  0.9770  0.9757  0.9754  0.9749  0.9747  0.9739
[49 : 64]:	0.9731  0.9724  0.9710  0.9708  0.9693  0.9682  0.9680  0.9679  0.9670  0.9669  0.9669  0.9668  0.9667  0.9664  0.9662  0.9659
2024-04-28 21:39:00 [INFO] [evolutionary_search.cc:727] Got 64 candidate(s) with evolutionary search
2024-04-28 21:39:00 [INFO] [evolutionary_search.cc:730] Sending 64 candidates(s) for measurement
2024-04-28 22:44:17 [INFO] [task_scheduler.cc:131] [Task #33: fused_nn_contrib_conv2d_NCHWc_add_nn_relu_32] Trial #1: GFLOPs: 24.1985. Time: 997.3624 us. Best GFLOPs: 24.1985
2024-04-28 22:44:17 [INFO] [task_scheduler.cc:131] [Task #33: fused_nn_contrib_conv2d_NCHWc_add_nn_relu_32] Trial #2: GFLOPs: 33.7854. Time: 714.3526 us. Best GFLOPs: 33.7854
2024-04-28 22:44:17 [INFO] [task_scheduler.cc:131] [Task #33: fused_nn_contrib_conv2d_NCHWc_add_nn_relu_32] Trial #3: GFLOPs: 24.8545. Time: 971.0392 us. Best GFLOPs: 33.7854
2024-04-28 22:44:17 [INFO] [task_scheduler.cc:131] [Task #33: fused_nn_contrib_conv2d_NCHWc_add_nn_relu_32] Trial #4: GFLOPs: 4.2978. Time: 5615.5573 us. Best GFLOPs: 33.7854
2024-04-28 22:44:17 [INFO] [task_scheduler.cc:131] [Task #33: fused_nn_contrib_conv2d_NCHWc_add_nn_relu_32] Trial #5: GFLOPs: 61.6686. Time: 391.3602 us. Best GFLOPs: 61.6686
2024-04-28 22:44:17 [INFO] [task_scheduler.cc:131] [Task #33: fused_nn_contrib_conv2d_NCHWc_add_nn_relu_32] Trial #6: GFLOPs: 79.1402. Time: 304.9609 us. Best GFLOPs: 79.1402
2024-04-28 22:44:17 [INFO] [task_scheduler.cc:131] [Task #33: fused_nn_contrib_conv2d_NCHWc_add_nn_relu_32] Trial #7: GFLOPs: 31.9921. Time: 754.3938 us. Best GFLOPs: 79.1402
2024-04-28 22:44:17 [INFO] [task_scheduler.cc:131] [Task #33: fused_nn_contrib_conv2d_NCHWc_add_nn_relu_32] Trial #8: GFLOPs: 92.6774. Time: 260.4157 us. Best GFLOPs: 92.6774
2024-04-28 22:44:17 [INFO] [task_scheduler.cc:131] [Task #33: fused_nn_contrib_conv2d_NCHWc_add_nn_relu_32] Trial #9: GFLOPs: 25.5892. Time: 943.1571 us. Best GFLOPs: 92.6774
2024-04-28 22:44:17 [INFO] [task_scheduler.cc:131] [Task #33: fused_nn_contrib_conv2d_NCHWc_add_nn_relu_32] Trial #10: GFLOPs: 138.5553. Time: 174.1879 us. Best GFLOPs: 138.5553
2024-04-28 22:44:17 [INFO] [task_scheduler.cc:131] [Task #33: fused_nn_contrib_conv2d_NCHWc_add_nn_relu_32] Trial #11: GFLOPs: 29.2708. Time: 824.5310 us. Best GFLOPs: 138.5553
2024-04-28 22:44:17 [INFO] [task_scheduler.cc:121] [Task #33: fused_nn_contrib_conv2d_NCHWc_add_nn_relu_32] Trial #12: Error in building:
LocalBuilder: Timeout, killed after 30.0 seconds
# from tvm.script import ir as I
# from tvm.script import tir as T

@I.ir_module
class Module:
    @T.prim_func
    def main(p0: T.Buffer((T.int64(1), T.int64(120), T.int64(14), T.int64(14), T.int64(4)), "float32"), p1: T.Buffer((T.int64(32), T.int64(120), T.int64(1), T.int64(1), T.int64(4), T.int64(4)), "float32"), p2: T.Buffer((T.int64(1), T.int64(32), T.int64(1), T.int64(1), T.int64(4)), "float32"), T_relu: T.Buffer((T.int64(1), T.int64(32), T.int64(14), T.int64(14), T.int64(4)), "float32")):
        T.func_attr({"tir.noalias": T.bool(True)})
        # with T.block("root"):
        conv2d_NCHWc = T.alloc_buffer((T.int64(1), T.int64(32), T.int64(14), T.int64(14), T.int64(4)))
        for n_0 in T.serial(T.int64(1), annotations={"pragma_auto_unroll_max_step": 512, "pragma_unroll_explicit": 1}):
            for oc_chunk_0, oh_0, ow_0, oc_block_0 in T.grid(T.int64(1), T.int64(1), T.int64(1), T.int64(1)):
                for n_1, oc_chunk_1, oh_1, ow_1, oc_block_1 in T.grid(T.int64(1), T.int64(2), T.int64(14), T.int64(2), T.int64(4)):
                    for n_2_init, oc_chunk_2_init, oh_2_init, ow_2_init, oc_block_2_init, n_3_init, oc_chunk_3_init, oh_3_init, ow_3_init, oc_block_3_init in T.grid(T.int64(1), T.int64(8), T.int64(1), T.int64(1), T.int64(1), T.int64(1), T.int64(2), T.int64(1), T.int64(7), T.int64(1)):
                        with T.block("conv2d_NCHWc_init"):
                            v_n = T.axis.spatial(T.int64(1), n_0 + n_1 + n_2_init + n_3_init)
                            v_oc_chunk = T.axis.spatial(T.int64(32), oc_chunk_0 * T.int64(32) + oc_chunk_1 * T.int64(16) + oc_chunk_2_init * T.int64(2) + oc_chunk_3_init)
                            v_oh = T.axis.spatial(T.int64(14), oh_0 * T.int64(14) + oh_1 + oh_2_init + oh_3_init)
                            v_ow = T.axis.spatial(T.int64(14), ow_0 * T.int64(14) + ow_1 * T.int64(7) + ow_2_init * T.int64(7) + ow_3_init)
                            v_oc_block = T.axis.spatial(T.int64(4), oc_block_0 * T.int64(4) + oc_block_1 + oc_block_2_init + oc_block_3_init)
                            T.reads()
                            T.writes(conv2d_NCHWc[v_n, v_oc_chunk, v_oh, v_ow, v_oc_block])
                            T.block_attr({"meta_schedule.tiling_structure": "SSRSRS"})
                            conv2d_NCHWc[v_n, v_oc_chunk, v_oh, v_ow, v_oc_block] = T.float32(0)
                    for ic_0, kh_0, kw_0, n_2, oc_chunk_2, oh_2, ow_2, oc_block_2, ic_1, kh_1, kw_1, n_3, oc_chunk_3, oh_3, ow_3, oc_block_3 in T.grid(T.int64(8), T.int64(1), T.int64(1), T.int64(1), T.int64(8), T.int64(1), T.int64(1), T.int64(1), T.int64(60), T.int64(1), T.int64(1), T.int64(1), T.int64(2), T.int64(1), T.int64(7), T.int64(1)):
                        with T.block("conv2d_NCHWc_update"):
                            v_n = T.axis.spatial(T.int64(1), n_0 + n_1 + n_2 + n_3)
                            v_oc_chunk = T.axis.spatial(T.int64(32), oc_chunk_0 * T.int64(32) + oc_chunk_1 * T.int64(16) + oc_chunk_2 * T.int64(2) + oc_chunk_3)
                            v_oh = T.axis.spatial(T.int64(14), oh_0 * T.int64(14) + oh_1 + oh_2 + oh_3)
                            v_ow = T.axis.spatial(T.int64(14), ow_0 * T.int64(14) + ow_1 * T.int64(7) + ow_2 * T.int64(7) + ow_3)
                            v_oc_block = T.axis.spatial(T.int64(4), oc_block_0 * T.int64(4) + oc_block_1 + oc_block_2 + oc_block_3)
                            v_ic = T.axis.reduce(T.int64(480), ic_0 * T.int64(60) + ic_1)
                            v_kh = T.axis.reduce(T.int64(1), kh_0 + kh_1)
                            v_kw = T.axis.reduce(T.int64(1), kw_0 + kw_1)
                            T.reads(conv2d_NCHWc[v_n, v_oc_chunk, v_oh, v_ow, v_oc_block], p0[v_n, v_ic // T.int64(4), v_oh + v_kh, v_ow + v_kw, v_ic % T.int64(4)], p1[v_oc_chunk, v_ic // T.int64(4), v_kh, v_kw, v_ic % T.int64(4), v_oc_block])
                            T.writes(conv2d_NCHWc[v_n, v_oc_chunk, v_oh, v_ow, v_oc_block])
                            T.block_attr({"meta_schedule.tiling_structure": "SSRSRS"})
                            conv2d_NCHWc[v_n, v_oc_chunk, v_oh, v_ow, v_oc_block] = conv2d_NCHWc[v_n, v_oc_chunk, v_oh, v_ow, v_oc_block] + p0[v_n, v_ic // T.int64(4), v_oh + v_kh, v_ow + v_kw, v_ic % T.int64(4)] * p1[v_oc_chunk, v_ic // T.int64(4), v_kh, v_kw, v_ic % T.int64(4), v_oc_block]
                for ax0, ax1, ax2 in T.grid(T.int64(1), T.int64(32), T.int64(14)):
                    for ax3_ax4_fused in T.vectorized(T.int64(56)):
                        with T.block("T_relu"):
                            v_ax0, v_ax1, v_ax2 = T.axis.remap("SSS", [ax0, ax1, ax2])
                            v_ax3 = T.axis.spatial(T.int64(14), ax3_ax4_fused // T.int64(4))
                            v_ax4 = T.axis.spatial(T.int64(4), ax3_ax4_fused % T.int64(4))
                            T.reads(conv2d_NCHWc[v_ax0, v_ax1, v_ax2, v_ax3, v_ax4], p2[v_ax0, v_ax1, T.int64(0), T.int64(0), v_ax4])
                            T.writes(T_relu[v_ax0, v_ax1, v_ax2, v_ax3, v_ax4])
                            T_relu[v_ax0, v_ax1, v_ax2, v_ax3, v_ax4] = T.max(conv2d_NCHWc[v_ax0, v_ax1, v_ax2, v_ax3, v_ax4] + p2[v_ax0, v_ax1, T.int64(0), T.int64(0), v_ax4], T.float32(0))
b0 = sch.get_block(name="conv2d_NCHWc", func_name="main")
b1 = sch.get_block(name="T_add", func_name="main")
b2 = sch.get_block(name="root", func_name="main")
sch.compute_inline(block=b1)
sch.annotate(block_or_loop=b0, ann_key="meta_schedule.tiling_structure", ann_val="SSRSRS")
l3, l4, l5, l6, l7, l8, l9, l10 = sch.get_loops(block=b0)
v11, v12, v13, v14 = sch.sample_perfect_tile(loop=l3, n=4, max_innermost_factor=64, decision=[1, 1, 1, 1])
l15, l16, l17, l18 = sch.split(loop=l3, factors=[v11, v12, v13, v14], preserve_unit_iters=True)
v19, v20, v21, v22 = sch.sample_perfect_tile(loop=l4, n=4, max_innermost_factor=64, decision=[1, 2, 8, 2])
l23, l24, l25, l26 = sch.split(loop=l4, factors=[v19, v20, v21, v22], preserve_unit_iters=True)
v27, v28, v29, v30 = sch.sample_perfect_tile(loop=l5, n=4, max_innermost_factor=64, decision=[1, 14, 1, 1])
l31, l32, l33, l34 = sch.split(loop=l5, factors=[v27, v28, v29, v30], preserve_unit_iters=True)
v35, v36, v37, v38 = sch.sample_perfect_tile(loop=l6, n=4, max_innermost_factor=64, decision=[1, 2, 1, 7])
l39, l40, l41, l42 = sch.split(loop=l6, factors=[v35, v36, v37, v38], preserve_unit_iters=True)
v43, v44, v45, v46 = sch.sample_perfect_tile(loop=l7, n=4, max_innermost_factor=64, decision=[1, 4, 1, 1])
l47, l48, l49, l50 = sch.split(loop=l7, factors=[v43, v44, v45, v46], preserve_unit_iters=True)
v51, v52 = sch.sample_perfect_tile(loop=l8, n=2, max_innermost_factor=64, decision=[8, 60])
l53, l54 = sch.split(loop=l8, factors=[v51, v52], preserve_unit_iters=True)
v55, v56 = sch.sample_perfect_tile(loop=l9, n=2, max_innermost_factor=64, decision=[1, 1])
l57, l58 = sch.split(loop=l9, factors=[v55, v56], preserve_unit_iters=True)
v59, v60 = sch.sample_perfect_tile(loop=l10, n=2, max_innermost_factor=64, decision=[1, 1])
l61, l62 = sch.split(loop=l10, factors=[v59, v60], preserve_unit_iters=True)
sch.reorder(l15, l23, l31, l39, l47, l16, l24, l32, l40, l48, l53, l57, l61, l17, l25, l33, l41, l49, l54, l58, l62, l18, l26, l34, l42, l50)
b63, = sch.get_consumers(block=b0)
sch.reverse_compute_at(block=b63, loop=l47, preserve_unit_loops=True, index=-1)
sch.annotate(block_or_loop=b2, ann_key="meta_schedule.parallel", ann_val=768)
sch.annotate(block_or_loop=b2, ann_key="meta_schedule.vectorize", ann_val=64)
v64 = sch.sample_categorical(candidates=[0, 16, 64, 512], probs=[0.25, 0.25, 0.25, 0.25], decision=3)
sch.annotate(block_or_loop=b2, ann_key="meta_schedule.unroll_explicit", ann_val=v64)
sch.enter_postproc()
b65 = sch.get_block(name="root", func_name="main")
sch.unannotate(block_or_loop=b65, ann_key="meta_schedule.parallel")
sch.unannotate(block_or_loop=b65, ann_key="meta_schedule.vectorize")
sch.unannotate(block_or_loop=b65, ann_key="meta_schedule.unroll_explicit")
b66, b67 = sch.get_child_blocks(b65)
l68, l69, l70, l71, l72, l73, l74, l75, l76, l77, l78, l79, l80, l81, l82, l83, l84, l85, l86, l87, l88, l89, l90, l91, l92, l93 = sch.get_loops(block=b66)
sch.annotate(block_or_loop=l68, ann_key="pragma_auto_unroll_max_step", ann_val=512)
sch.annotate(block_or_loop=l68, ann_key="pragma_unroll_explicit", ann_val=1)
l94, l95, l96, l97, l98, l99, l100, l101, l102, l103 = sch.get_loops(block=b67)
l104 = sch.fuse(l102, l103, preserve_unit_iters=True)
sch.vectorize(loop=l104)
b105 = sch.get_block(name="conv2d_NCHWc", func_name="main")
l106, l107, l108, l109, l110, l111, l112, l113, l114, l115, l116, l117, l118, l119, l120, l121, l122, l123, l124, l125, l126, l127, l128, l129, l130, l131 = sch.get_loops(block=b105)
b132 = sch.decompose_reduction(block=b105, loop=l116)
2024-04-28 22:44:17 [INFO] [task_scheduler.cc:131] [Task #33: fused_nn_contrib_conv2d_NCHWc_add_nn_relu_32] Trial #13: GFLOPs: 20.3606. Time: 1185.3580 us. Best GFLOPs: 138.5553
2024-04-28 22:44:17 [INFO] [task_scheduler.cc:131] [Task #33: fused_nn_contrib_conv2d_NCHWc_add_nn_relu_32] Trial #14: GFLOPs: 46.7266. Time: 516.5082 us. Best GFLOPs: 138.5553
2024-04-28 22:44:17 [INFO] [task_scheduler.cc:131] [Task #33: fused_nn_contrib_conv2d_NCHWc_add_nn_relu_32] Trial #15: GFLOPs: 1.1700. Time: 20628.2908 us. Best GFLOPs: 138.5553
2024-04-28 22:44:17 [INFO] [task_scheduler.cc:131] [Task #33: fused_nn_contrib_conv2d_NCHWc_add_nn_relu_32] Trial #16: GFLOPs: 31.7799. Time: 759.4318 us. Best GFLOPs: 138.5553
2024-04-28 22:44:17 [INFO] [task_scheduler.cc:131] [Task #33: fused_nn_contrib_conv2d_NCHWc_add_nn_relu_32] Trial #17: GFLOPs: 71.6073. Time: 337.0419 us. Best GFLOPs: 138.5553
2024-04-28 22:44:17 [INFO] [task_scheduler.cc:131] [Task #33: fused_nn_contrib_conv2d_NCHWc_add_nn_relu_32] Trial #18: GFLOPs: 174.4435. Time: 138.3523 us. Best GFLOPs: 174.4435
2024-04-28 22:44:17 [INFO] [task_scheduler.cc:131] [Task #33: fused_nn_contrib_conv2d_NCHWc_add_nn_relu_32] Trial #19: GFLOPs: 167.4795. Time: 144.1052 us. Best GFLOPs: 174.4435
2024-04-28 22:44:17 [INFO] [task_scheduler.cc:121] [Task #33: fused_nn_contrib_conv2d_NCHWc_add_nn_relu_32] Trial #20: Error in building:
LocalBuilder: Timeout, killed after 30.0 seconds
# from tvm.script import ir as I
# from tvm.script import tir as T

@I.ir_module
class Module:
    @T.prim_func
    def main(p0: T.Buffer((T.int64(1), T.int64(120), T.int64(14), T.int64(14), T.int64(4)), "float32"), p1: T.Buffer((T.int64(32), T.int64(120), T.int64(1), T.int64(1), T.int64(4), T.int64(4)), "float32"), p2: T.Buffer((T.int64(1), T.int64(32), T.int64(1), T.int64(1), T.int64(4)), "float32"), T_relu: T.Buffer((T.int64(1), T.int64(32), T.int64(14), T.int64(14), T.int64(4)), "float32")):
        T.func_attr({"tir.noalias": T.bool(True)})
        # with T.block("root"):
        conv2d_NCHWc = T.alloc_buffer((T.int64(1), T.int64(32), T.int64(14), T.int64(14), T.int64(4)))
        for n_0_oc_chunk_0_oh_0_ow_0_oc_block_0_fused in T.parallel(T.int64(2), annotations={"pragma_auto_unroll_max_step": 512, "pragma_unroll_explicit": 1}):
            for n_1, oc_chunk_1, oh_1, ow_1, oc_block_1 in T.grid(T.int64(1), T.int64(2), T.int64(14), T.int64(1), T.int64(2)):
                for n_2_init, oc_chunk_2_init, oh_2_init, ow_2_init, oc_block_2_init, n_3_init, oc_chunk_3_init, oh_3_init, ow_3_init in T.grid(T.int64(1), T.int64(8), T.int64(1), T.int64(7), T.int64(1), T.int64(1), T.int64(1), T.int64(1), T.int64(2)):
                    for oc_block_3_fused_init in T.vectorized(T.int64(2)):
                        with T.block("conv2d_NCHWc_init"):
                            v_n = T.axis.spatial(T.int64(1), n_1 + n_2_init + n_3_init)
                            v_oc_chunk = T.axis.spatial(T.int64(32), n_0_oc_chunk_0_oh_0_ow_0_oc_block_0_fused * T.int64(16) + oc_chunk_1 * T.int64(8) + oc_chunk_2_init + oc_chunk_3_init)
                            v_oh = T.axis.spatial(T.int64(14), oh_1 + oh_2_init + oh_3_init)
                            v_ow = T.axis.spatial(T.int64(14), ow_1 * T.int64(14) + ow_2_init * T.int64(2) + ow_3_init)
                            v_oc_block = T.axis.spatial(T.int64(4), oc_block_1 * T.int64(2) + oc_block_2_init * T.int64(2) + oc_block_3_fused_init)
                            T.reads()
                            T.writes(conv2d_NCHWc[v_n, v_oc_chunk, v_oh, v_ow, v_oc_block])
                            T.block_attr({"meta_schedule.tiling_structure": "SSRSRS"})
                            conv2d_NCHWc[v_n, v_oc_chunk, v_oh, v_ow, v_oc_block] = T.float32(0)
                for ic_0, kh_0, kw_0, n_2, oc_chunk_2, oh_2, ow_2, oc_block_2, ic_1, kh_1, kw_1, n_3, oc_chunk_3, oh_3, ow_3 in T.grid(T.int64(48), T.int64(1), T.int64(1), T.int64(1), T.int64(8), T.int64(1), T.int64(7), T.int64(1), T.int64(10), T.int64(1), T.int64(1), T.int64(1), T.int64(1), T.int64(1), T.int64(2)):
                    for oc_block_3_fused in T.vectorized(T.int64(2)):
                        with T.block("conv2d_NCHWc_update"):
                            v_n = T.axis.spatial(T.int64(1), n_1 + n_2 + n_3)
                            v_oc_chunk = T.axis.spatial(T.int64(32), n_0_oc_chunk_0_oh_0_ow_0_oc_block_0_fused * T.int64(16) + oc_chunk_1 * T.int64(8) + oc_chunk_2 + oc_chunk_3)
                            v_oh = T.axis.spatial(T.int64(14), oh_1 + oh_2 + oh_3)
                            v_ow = T.axis.spatial(T.int64(14), ow_1 * T.int64(14) + ow_2 * T.int64(2) + ow_3)
                            v_oc_block = T.axis.spatial(T.int64(4), oc_block_1 * T.int64(2) + oc_block_2 * T.int64(2) + oc_block_3_fused)
                            v_ic = T.axis.reduce(T.int64(480), ic_0 * T.int64(10) + ic_1)
                            v_kh = T.axis.reduce(T.int64(1), kh_0 + kh_1)
                            v_kw = T.axis.reduce(T.int64(1), kw_0 + kw_1)
                            T.reads(conv2d_NCHWc[v_n, v_oc_chunk, v_oh, v_ow, v_oc_block], p0[v_n, v_ic // T.int64(4), v_oh + v_kh, v_ow + v_kw, v_ic % T.int64(4)], p1[v_oc_chunk, v_ic // T.int64(4), v_kh, v_kw, v_ic % T.int64(4), v_oc_block])
                            T.writes(conv2d_NCHWc[v_n, v_oc_chunk, v_oh, v_ow, v_oc_block])
                            T.block_attr({"meta_schedule.tiling_structure": "SSRSRS"})
                            conv2d_NCHWc[v_n, v_oc_chunk, v_oh, v_ow, v_oc_block] = conv2d_NCHWc[v_n, v_oc_chunk, v_oh, v_ow, v_oc_block] + p0[v_n, v_ic // T.int64(4), v_oh + v_kh, v_ow + v_kw, v_ic % T.int64(4)] * p1[v_oc_chunk, v_ic // T.int64(4), v_kh, v_kw, v_ic % T.int64(4), v_oc_block]
            for ax0, ax1, ax2 in T.grid(T.int64(1), T.int64(16), T.int64(14)):
                for ax3_ax4_fused in T.vectorized(T.int64(56)):
                    with T.block("T_relu"):
                        v_ax0 = T.axis.spatial(T.int64(1), ax0)
                        v_ax1 = T.axis.spatial(T.int64(32), n_0_oc_chunk_0_oh_0_ow_0_oc_block_0_fused * T.int64(16) + ax1)
                        v_ax2 = T.axis.spatial(T.int64(14), ax2)
                        v_ax3 = T.axis.spatial(T.int64(14), ax3_ax4_fused // T.int64(4))
                        v_ax4 = T.axis.spatial(T.int64(4), ax3_ax4_fused % T.int64(4))
                        T.reads(conv2d_NCHWc[v_ax0, v_ax1, v_ax2, v_ax3, v_ax4], p2[v_ax0, v_ax1, T.int64(0), T.int64(0), v_ax4])
                        T.writes(T_relu[v_ax0, v_ax1, v_ax2, v_ax3, v_ax4])
                        T_relu[v_ax0, v_ax1, v_ax2, v_ax3, v_ax4] = T.max(conv2d_NCHWc[v_ax0, v_ax1, v_ax2, v_ax3, v_ax4] + p2[v_ax0, v_ax1, T.int64(0), T.int64(0), v_ax4], T.float32(0))
b0 = sch.get_block(name="conv2d_NCHWc", func_name="main")
b1 = sch.get_block(name="T_add", func_name="main")
b2 = sch.get_block(name="root", func_name="main")
sch.compute_inline(block=b1)
sch.annotate(block_or_loop=b0, ann_key="meta_schedule.tiling_structure", ann_val="SSRSRS")
l3, l4, l5, l6, l7, l8, l9, l10 = sch.get_loops(block=b0)
v11, v12, v13, v14 = sch.sample_perfect_tile(loop=l3, n=4, max_innermost_factor=64, decision=[1, 1, 1, 1])
l15, l16, l17, l18 = sch.split(loop=l3, factors=[v11, v12, v13, v14], preserve_unit_iters=True)
v19, v20, v21, v22 = sch.sample_perfect_tile(loop=l4, n=4, max_innermost_factor=64, decision=[2, 2, 8, 1])
l23, l24, l25, l26 = sch.split(loop=l4, factors=[v19, v20, v21, v22], preserve_unit_iters=True)
v27, v28, v29, v30 = sch.sample_perfect_tile(loop=l5, n=4, max_innermost_factor=64, decision=[1, 14, 1, 1])
l31, l32, l33, l34 = sch.split(loop=l5, factors=[v27, v28, v29, v30], preserve_unit_iters=True)
v35, v36, v37, v38 = sch.sample_perfect_tile(loop=l6, n=4, max_innermost_factor=64, decision=[1, 1, 7, 2])
l39, l40, l41, l42 = sch.split(loop=l6, factors=[v35, v36, v37, v38], preserve_unit_iters=True)
v43, v44, v45, v46 = sch.sample_perfect_tile(loop=l7, n=4, max_innermost_factor=64, decision=[1, 2, 1, 2])
l47, l48, l49, l50 = sch.split(loop=l7, factors=[v43, v44, v45, v46], preserve_unit_iters=True)
v51, v52 = sch.sample_perfect_tile(loop=l8, n=2, max_innermost_factor=64, decision=[48, 10])
l53, l54 = sch.split(loop=l8, factors=[v51, v52], preserve_unit_iters=True)
v55, v56 = sch.sample_perfect_tile(loop=l9, n=2, max_innermost_factor=64, decision=[1, 1])
l57, l58 = sch.split(loop=l9, factors=[v55, v56], preserve_unit_iters=True)
v59, v60 = sch.sample_perfect_tile(loop=l10, n=2, max_innermost_factor=64, decision=[1, 1])
l61, l62 = sch.split(loop=l10, factors=[v59, v60], preserve_unit_iters=True)
sch.reorder(l15, l23, l31, l39, l47, l16, l24, l32, l40, l48, l53, l57, l61, l17, l25, l33, l41, l49, l54, l58, l62, l18, l26, l34, l42, l50)
b63, = sch.get_consumers(block=b0)
sch.reverse_compute_at(block=b63, loop=l47, preserve_unit_loops=True, index=-1)
sch.annotate(block_or_loop=b2, ann_key="meta_schedule.parallel", ann_val=768)
sch.annotate(block_or_loop=b2, ann_key="meta_schedule.vectorize", ann_val=64)
v64 = sch.sample_categorical(candidates=[0, 16, 64, 512], probs=[0.25, 0.25, 0.25, 0.25], decision=3)
sch.annotate(block_or_loop=b2, ann_key="meta_schedule.unroll_explicit", ann_val=v64)
sch.enter_postproc()
b65 = sch.get_block(name="root", func_name="main")
sch.unannotate(block_or_loop=b65, ann_key="meta_schedule.parallel")
sch.unannotate(block_or_loop=b65, ann_key="meta_schedule.vectorize")
sch.unannotate(block_or_loop=b65, ann_key="meta_schedule.unroll_explicit")
b66, b67 = sch.get_child_blocks(b65)
l68, l69, l70, l71, l72, l73, l74, l75, l76, l77, l78, l79, l80, l81, l82, l83, l84, l85, l86, l87, l88, l89, l90, l91, l92, l93 = sch.get_loops(block=b66)
l94 = sch.fuse(l68, l69, l70, l71, l72, preserve_unit_iters=True)
sch.parallel(loop=l94)
l95 = sch.fuse(l93, preserve_unit_iters=True)
sch.vectorize(loop=l95)
sch.annotate(block_or_loop=l94, ann_key="pragma_auto_unroll_max_step", ann_val=512)
sch.annotate(block_or_loop=l94, ann_key="pragma_unroll_explicit", ann_val=1)
l96, l97, l98, l99, l100, l101 = sch.get_loops(block=b67)
l102 = sch.fuse(l100, l101, preserve_unit_iters=True)
sch.vectorize(loop=l102)
b103 = sch.get_block(name="conv2d_NCHWc", func_name="main")
l104, l105, l106, l107, l108, l109, l110, l111, l112, l113, l114, l115, l116, l117, l118, l119, l120, l121, l122, l123, l124, l125 = sch.get_loops(block=b103)
b126 = sch.decompose_reduction(block=b103, loop=l110)
2024-04-28 22:44:17 [INFO] [task_scheduler.cc:131] [Task #33: fused_nn_contrib_conv2d_NCHWc_add_nn_relu_32] Trial #21: GFLOPs: 171.2756. Time: 140.9112 us. Best GFLOPs: 174.4435
2024-04-28 22:44:17 [INFO] [task_scheduler.cc:131] [Task #33: fused_nn_contrib_conv2d_NCHWc_add_nn_relu_32] Trial #22: GFLOPs: 47.2027. Time: 511.2983 us. Best GFLOPs: 174.4435
2024-04-28 22:44:17 [INFO] [task_scheduler.cc:131] [Task #33: fused_nn_contrib_conv2d_NCHWc_add_nn_relu_32] Trial #23: GFLOPs: 74.2784. Time: 324.9218 us. Best GFLOPs: 174.4435
2024-04-28 22:44:17 [INFO] [task_scheduler.cc:131] [Task #33: fused_nn_contrib_conv2d_NCHWc_add_nn_relu_32] Trial #24: GFLOPs: 18.0078. Time: 1340.2356 us. Best GFLOPs: 174.4435
2024-04-28 22:44:17 [INFO] [task_scheduler.cc:131] [Task #33: fused_nn_contrib_conv2d_NCHWc_add_nn_relu_32] Trial #25: GFLOPs: 35.4575. Time: 680.6636 us. Best GFLOPs: 174.4435
2024-04-28 22:44:17 [INFO] [task_scheduler.cc:131] [Task #33: fused_nn_contrib_conv2d_NCHWc_add_nn_relu_32] Trial #26: GFLOPs: 40.7150. Time: 592.7710 us. Best GFLOPs: 174.4435
2024-04-28 22:44:17 [INFO] [task_scheduler.cc:131] [Task #33: fused_nn_contrib_conv2d_NCHWc_add_nn_relu_32] Trial #27: GFLOPs: 86.2906. Time: 279.6904 us. Best GFLOPs: 174.4435
2024-04-28 22:44:17 [INFO] [task_scheduler.cc:131] [Task #33: fused_nn_contrib_conv2d_NCHWc_add_nn_relu_32] Trial #28: GFLOPs: 2.7820. Time: 8675.2785 us. Best GFLOPs: 174.4435
2024-04-28 22:44:17 [INFO] [task_scheduler.cc:131] [Task #33: fused_nn_contrib_conv2d_NCHWc_add_nn_relu_32] Trial #29: GFLOPs: 68.0493. Time: 354.6645 us. Best GFLOPs: 174.4435
2024-04-28 22:44:17 [INFO] [task_scheduler.cc:131] [Task #33: fused_nn_contrib_conv2d_NCHWc_add_nn_relu_32] Trial #30: GFLOPs: 3.4618. Time: 6971.6825 us. Best GFLOPs: 174.4435
2024-04-28 22:44:17 [INFO] [task_scheduler.cc:131] [Task #33: fused_nn_contrib_conv2d_NCHWc_add_nn_relu_32] Trial #31: GFLOPs: 43.8352. Time: 550.5765 us. Best GFLOPs: 174.4435
2024-04-28 22:44:17 [INFO] [task_scheduler.cc:131] [Task #33: fused_nn_contrib_conv2d_NCHWc_add_nn_relu_32] Trial #32: GFLOPs: 13.7805. Time: 1751.3579 us. Best GFLOPs: 174.4435
2024-04-28 22:44:17 [INFO] [task_scheduler.cc:131] [Task #33: fused_nn_contrib_conv2d_NCHWc_add_nn_relu_32] Trial #33: GFLOPs: 73.3804. Time: 328.8978 us. Best GFLOPs: 174.4435
2024-04-28 22:44:17 [INFO] [task_scheduler.cc:131] [Task #33: fused_nn_contrib_conv2d_NCHWc_add_nn_relu_32] Trial #34: GFLOPs: 5.7658. Time: 4185.8629 us. Best GFLOPs: 174.4435
2024-04-28 22:44:17 [INFO] [task_scheduler.cc:131] [Task #33: fused_nn_contrib_conv2d_NCHWc_add_nn_relu_32] Trial #35: GFLOPs: 23.9345. Time: 1008.3614 us. Best GFLOPs: 174.4435
2024-04-28 22:44:17 [INFO] [task_scheduler.cc:131] [Task #33: fused_nn_contrib_conv2d_NCHWc_add_nn_relu_32] Trial #36: GFLOPs: 30.3622. Time: 794.8905 us. Best GFLOPs: 174.4435
2024-04-28 22:44:17 [INFO] [task_scheduler.cc:131] [Task #33: fused_nn_contrib_conv2d_NCHWc_add_nn_relu_32] Trial #37: GFLOPs: 114.5120. Time: 210.7610 us. Best GFLOPs: 174.4435
2024-04-28 22:44:17 [INFO] [task_scheduler.cc:131] [Task #33: fused_nn_contrib_conv2d_NCHWc_add_nn_relu_32] Trial #38: GFLOPs: 2.0843. Time: 11578.9884 us. Best GFLOPs: 174.4435
2024-04-28 22:44:17 [INFO] [task_scheduler.cc:131] [Task #33: fused_nn_contrib_conv2d_NCHWc_add_nn_relu_32] Trial #39: GFLOPs: 38.0837. Time: 633.7268 us. Best GFLOPs: 174.4435
2024-04-28 22:44:17 [INFO] [task_scheduler.cc:131] [Task #33: fused_nn_contrib_conv2d_NCHWc_add_nn_relu_32] Trial #40: GFLOPs: 1.6349. Time: 14762.0851 us. Best GFLOPs: 174.4435
2024-04-28 22:44:17 [INFO] [task_scheduler.cc:131] [Task #33: fused_nn_contrib_conv2d_NCHWc_add_nn_relu_32] Trial #41: GFLOPs: 12.2312. Time: 1973.1971 us. Best GFLOPs: 174.4435
2024-04-28 22:44:17 [INFO] [task_scheduler.cc:131] [Task #33: fused_nn_contrib_conv2d_NCHWc_add_nn_relu_32] Trial #42: GFLOPs: 14.1405. Time: 1706.7770 us. Best GFLOPs: 174.4435
2024-04-28 22:44:17 [INFO] [task_scheduler.cc:131] [Task #33: fused_nn_contrib_conv2d_NCHWc_add_nn_relu_32] Trial #43: GFLOPs: 6.7806. Time: 3559.3736 us. Best GFLOPs: 174.4435
2024-04-28 22:44:17 [INFO] [task_scheduler.cc:131] [Task #33: fused_nn_contrib_conv2d_NCHWc_add_nn_relu_32] Trial #44: GFLOPs: 24.8582. Time: 970.8924 us. Best GFLOPs: 174.4435
2024-04-28 22:44:17 [INFO] [task_scheduler.cc:131] [Task #33: fused_nn_contrib_conv2d_NCHWc_add_nn_relu_32] Trial #45: GFLOPs: 31.0489. Time: 777.3110 us. Best GFLOPs: 174.4435
2024-04-28 22:44:17 [INFO] [task_scheduler.cc:131] [Task #33: fused_nn_contrib_conv2d_NCHWc_add_nn_relu_32] Trial #46: GFLOPs: 145.7963. Time: 165.5368 us. Best GFLOPs: 174.4435
2024-04-28 22:44:17 [INFO] [task_scheduler.cc:131] [Task #33: fused_nn_contrib_conv2d_NCHWc_add_nn_relu_32] Trial #47: GFLOPs: 41.9916. Time: 574.7498 us. Best GFLOPs: 174.4435
2024-04-28 22:44:17 [INFO] [task_scheduler.cc:131] [Task #33: fused_nn_contrib_conv2d_NCHWc_add_nn_relu_32] Trial #48: GFLOPs: 86.2213. Time: 279.9154 us. Best GFLOPs: 174.4435
2024-04-28 22:44:17 [INFO] [task_scheduler.cc:121] [Task #33: fused_nn_contrib_conv2d_NCHWc_add_nn_relu_32] Trial #49: Error in building:
LocalBuilder: Timeout, killed after 30.0 seconds
# from tvm.script import ir as I
# from tvm.script import tir as T

@I.ir_module
class Module:
    @T.prim_func
    def main(p0: T.Buffer((T.int64(1), T.int64(120), T.int64(14), T.int64(14), T.int64(4)), "float32"), p1: T.Buffer((T.int64(32), T.int64(120), T.int64(1), T.int64(1), T.int64(4), T.int64(4)), "float32"), p2: T.Buffer((T.int64(1), T.int64(32), T.int64(1), T.int64(1), T.int64(4)), "float32"), T_relu: T.Buffer((T.int64(1), T.int64(32), T.int64(14), T.int64(14), T.int64(4)), "float32")):
        T.func_attr({"tir.noalias": T.bool(True)})
        # with T.block("root"):
        conv2d_NCHWc = T.alloc_buffer((T.int64(1), T.int64(32), T.int64(14), T.int64(14), T.int64(4)))
        for n_0 in T.serial(T.int64(1), annotations={"pragma_auto_unroll_max_step": 512, "pragma_unroll_explicit": 1}):
            for oc_chunk_0, oh_0, ow_0, oc_block_0 in T.grid(T.int64(1), T.int64(1), T.int64(1), T.int64(1)):
                for n_1, oc_chunk_1, oh_1, ow_1, oc_block_1 in T.grid(T.int64(1), T.int64(4), T.int64(7), T.int64(2), T.int64(2)):
                    for n_2_init, oc_chunk_2_init, oh_2_init, ow_2_init, oc_block_2_init, n_3_init, oc_chunk_3_init, oh_3_init, ow_3_init, oc_block_3_init in T.grid(T.int64(1), T.int64(2), T.int64(2), T.int64(7), T.int64(2), T.int64(1), T.int64(4), T.int64(1), T.int64(1), T.int64(1)):
                        with T.block("conv2d_NCHWc_init"):
                            v_n = T.axis.spatial(T.int64(1), n_0 + n_1 + n_2_init + n_3_init)
                            v_oc_chunk = T.axis.spatial(T.int64(32), oc_chunk_0 * T.int64(32) + oc_chunk_1 * T.int64(8) + oc_chunk_2_init * T.int64(4) + oc_chunk_3_init)
                            v_oh = T.axis.spatial(T.int64(14), oh_0 * T.int64(14) + oh_1 * T.int64(2) + oh_2_init + oh_3_init)
                            v_ow = T.axis.spatial(T.int64(14), ow_0 * T.int64(14) + ow_1 * T.int64(7) + ow_2_init + ow_3_init)
                            v_oc_block = T.axis.spatial(T.int64(4), oc_block_0 * T.int64(4) + oc_block_1 * T.int64(2) + oc_block_2_init + oc_block_3_init)
                            T.reads()
                            T.writes(conv2d_NCHWc[v_n, v_oc_chunk, v_oh, v_ow, v_oc_block])
                            T.block_attr({"meta_schedule.tiling_structure": "SSRSRS"})
                            conv2d_NCHWc[v_n, v_oc_chunk, v_oh, v_ow, v_oc_block] = T.float32(0)
                    for ic_0, kh_0, kw_0, n_2, oc_chunk_2, oh_2, ow_2, oc_block_2, ic_1, kh_1, kw_1, n_3, oc_chunk_3, oh_3, ow_3, oc_block_3 in T.grid(T.int64(80), T.int64(1), T.int64(1), T.int64(1), T.int64(2), T.int64(2), T.int64(7), T.int64(2), T.int64(6), T.int64(1), T.int64(1), T.int64(1), T.int64(4), T.int64(1), T.int64(1), T.int64(1)):
                        with T.block("conv2d_NCHWc_update"):
                            v_n = T.axis.spatial(T.int64(1), n_0 + n_1 + n_2 + n_3)
                            v_oc_chunk = T.axis.spatial(T.int64(32), oc_chunk_0 * T.int64(32) + oc_chunk_1 * T.int64(8) + oc_chunk_2 * T.int64(4) + oc_chunk_3)
                            v_oh = T.axis.spatial(T.int64(14), oh_0 * T.int64(14) + oh_1 * T.int64(2) + oh_2 + oh_3)
                            v_ow = T.axis.spatial(T.int64(14), ow_0 * T.int64(14) + ow_1 * T.int64(7) + ow_2 + ow_3)
                            v_oc_block = T.axis.spatial(T.int64(4), oc_block_0 * T.int64(4) + oc_block_1 * T.int64(2) + oc_block_2 + oc_block_3)
                            v_ic = T.axis.reduce(T.int64(480), ic_0 * T.int64(6) + ic_1)
                            v_kh = T.axis.reduce(T.int64(1), kh_0 + kh_1)
                            v_kw = T.axis.reduce(T.int64(1), kw_0 + kw_1)
                            T.reads(conv2d_NCHWc[v_n, v_oc_chunk, v_oh, v_ow, v_oc_block], p0[v_n, v_ic // T.int64(4), v_oh + v_kh, v_ow + v_kw, v_ic % T.int64(4)], p1[v_oc_chunk, v_ic // T.int64(4), v_kh, v_kw, v_ic % T.int64(4), v_oc_block])
                            T.writes(conv2d_NCHWc[v_n, v_oc_chunk, v_oh, v_ow, v_oc_block])
                            T.block_attr({"meta_schedule.tiling_structure": "SSRSRS"})
                            conv2d_NCHWc[v_n, v_oc_chunk, v_oh, v_ow, v_oc_block] = conv2d_NCHWc[v_n, v_oc_chunk, v_oh, v_ow, v_oc_block] + p0[v_n, v_ic // T.int64(4), v_oh + v_kh, v_ow + v_kw, v_ic % T.int64(4)] * p1[v_oc_chunk, v_ic // T.int64(4), v_kh, v_kw, v_ic % T.int64(4), v_oc_block]
                for ax0, ax1, ax2 in T.grid(T.int64(1), T.int64(32), T.int64(14)):
                    for ax3_ax4_fused in T.vectorized(T.int64(56)):
                        with T.block("T_relu"):
                            v_ax0, v_ax1, v_ax2 = T.axis.remap("SSS", [ax0, ax1, ax2])
                            v_ax3 = T.axis.spatial(T.int64(14), ax3_ax4_fused // T.int64(4))
                            v_ax4 = T.axis.spatial(T.int64(4), ax3_ax4_fused % T.int64(4))
                            T.reads(conv2d_NCHWc[v_ax0, v_ax1, v_ax2, v_ax3, v_ax4], p2[v_ax0, v_ax1, T.int64(0), T.int64(0), v_ax4])
                            T.writes(T_relu[v_ax0, v_ax1, v_ax2, v_ax3, v_ax4])
                            T_relu[v_ax0, v_ax1, v_ax2, v_ax3, v_ax4] = T.max(conv2d_NCHWc[v_ax0, v_ax1, v_ax2, v_ax3, v_ax4] + p2[v_ax0, v_ax1, T.int64(0), T.int64(0), v_ax4], T.float32(0))
b0 = sch.get_block(name="conv2d_NCHWc", func_name="main")
b1 = sch.get_block(name="T_add", func_name="main")
b2 = sch.get_block(name="root", func_name="main")
sch.compute_inline(block=b1)
sch.annotate(block_or_loop=b0, ann_key="meta_schedule.tiling_structure", ann_val="SSRSRS")
l3, l4, l5, l6, l7, l8, l9, l10 = sch.get_loops(block=b0)
v11, v12, v13, v14 = sch.sample_perfect_tile(loop=l3, n=4, max_innermost_factor=64, decision=[1, 1, 1, 1])
l15, l16, l17, l18 = sch.split(loop=l3, factors=[v11, v12, v13, v14], preserve_unit_iters=True)
v19, v20, v21, v22 = sch.sample_perfect_tile(loop=l4, n=4, max_innermost_factor=64, decision=[1, 4, 2, 4])
l23, l24, l25, l26 = sch.split(loop=l4, factors=[v19, v20, v21, v22], preserve_unit_iters=True)
v27, v28, v29, v30 = sch.sample_perfect_tile(loop=l5, n=4, max_innermost_factor=64, decision=[1, 7, 2, 1])
l31, l32, l33, l34 = sch.split(loop=l5, factors=[v27, v28, v29, v30], preserve_unit_iters=True)
v35, v36, v37, v38 = sch.sample_perfect_tile(loop=l6, n=4, max_innermost_factor=64, decision=[1, 2, 7, 1])
l39, l40, l41, l42 = sch.split(loop=l6, factors=[v35, v36, v37, v38], preserve_unit_iters=True)
v43, v44, v45, v46 = sch.sample_perfect_tile(loop=l7, n=4, max_innermost_factor=64, decision=[1, 2, 2, 1])
l47, l48, l49, l50 = sch.split(loop=l7, factors=[v43, v44, v45, v46], preserve_unit_iters=True)
v51, v52 = sch.sample_perfect_tile(loop=l8, n=2, max_innermost_factor=64, decision=[80, 6])
l53, l54 = sch.split(loop=l8, factors=[v51, v52], preserve_unit_iters=True)
v55, v56 = sch.sample_perfect_tile(loop=l9, n=2, max_innermost_factor=64, decision=[1, 1])
l57, l58 = sch.split(loop=l9, factors=[v55, v56], preserve_unit_iters=True)
v59, v60 = sch.sample_perfect_tile(loop=l10, n=2, max_innermost_factor=64, decision=[1, 1])
l61, l62 = sch.split(loop=l10, factors=[v59, v60], preserve_unit_iters=True)
sch.reorder(l15, l23, l31, l39, l47, l16, l24, l32, l40, l48, l53, l57, l61, l17, l25, l33, l41, l49, l54, l58, l62, l18, l26, l34, l42, l50)
b63, = sch.get_consumers(block=b0)
sch.reverse_compute_at(block=b63, loop=l47, preserve_unit_loops=True, index=-1)
sch.annotate(block_or_loop=b2, ann_key="meta_schedule.parallel", ann_val=768)
sch.annotate(block_or_loop=b2, ann_key="meta_schedule.vectorize", ann_val=64)
v64 = sch.sample_categorical(candidates=[0, 16, 64, 512], probs=[0.25, 0.25, 0.25, 0.25], decision=3)
sch.annotate(block_or_loop=b2, ann_key="meta_schedule.unroll_explicit", ann_val=v64)
sch.enter_postproc()
b65 = sch.get_block(name="root", func_name="main")
sch.unannotate(block_or_loop=b65, ann_key="meta_schedule.parallel")
sch.unannotate(block_or_loop=b65, ann_key="meta_schedule.vectorize")
sch.unannotate(block_or_loop=b65, ann_key="meta_schedule.unroll_explicit")
b66, b67 = sch.get_child_blocks(b65)
l68, l69, l70, l71, l72, l73, l74, l75, l76, l77, l78, l79, l80, l81, l82, l83, l84, l85, l86, l87, l88, l89, l90, l91, l92, l93 = sch.get_loops(block=b66)
sch.annotate(block_or_loop=l68, ann_key="pragma_auto_unroll_max_step", ann_val=512)
sch.annotate(block_or_loop=l68, ann_key="pragma_unroll_explicit", ann_val=1)
l94, l95, l96, l97, l98, l99, l100, l101, l102, l103 = sch.get_loops(block=b67)
l104 = sch.fuse(l102, l103, preserve_unit_iters=True)
sch.vectorize(loop=l104)
b105 = sch.get_block(name="conv2d_NCHWc", func_name="main")
l106, l107, l108, l109, l110, l111, l112, l113, l114, l115, l116, l117, l118, l119, l120, l121, l122, l123, l124, l125, l126, l127, l128, l129, l130, l131 = sch.get_loops(block=b105)
b132 = sch.decompose_reduction(block=b105, loop=l116)
2024-04-28 22:44:17 [INFO] [task_scheduler.cc:131] [Task #33: fused_nn_contrib_conv2d_NCHWc_add_nn_relu_32] Trial #50: GFLOPs: 126.7963. Time: 190.3420 us. Best GFLOPs: 174.4435
2024-04-28 22:44:17 [INFO] [task_scheduler.cc:131] [Task #33: fused_nn_contrib_conv2d_NCHWc_add_nn_relu_32] Trial #51: GFLOPs: 68.3460. Time: 353.1246 us. Best GFLOPs: 174.4435
2024-04-28 22:44:17 [INFO] [task_scheduler.cc:131] [Task #33: fused_nn_contrib_conv2d_NCHWc_add_nn_relu_32] Trial #52: GFLOPs: 120.4240. Time: 200.4140 us. Best GFLOPs: 174.4435
2024-04-28 22:44:17 [INFO] [task_scheduler.cc:131] [Task #33: fused_nn_contrib_conv2d_NCHWc_add_nn_relu_32] Trial #53: GFLOPs: 46.2521. Time: 521.8070 us. Best GFLOPs: 174.4435
2024-04-28 22:44:17 [INFO] [task_scheduler.cc:131] [Task #33: fused_nn_contrib_conv2d_NCHWc_add_nn_relu_32] Trial #54: GFLOPs: 55.3437. Time: 436.0871 us. Best GFLOPs: 174.4435
2024-04-28 22:44:17 [INFO] [task_scheduler.cc:131] [Task #33: fused_nn_contrib_conv2d_NCHWc_add_nn_relu_32] Trial #55: GFLOPs: 60.7369. Time: 397.3638 us. Best GFLOPs: 174.4435
2024-04-28 22:44:17 [INFO] [task_scheduler.cc:131] [Task #33: fused_nn_contrib_conv2d_NCHWc_add_nn_relu_32] Trial #56: GFLOPs: 28.3808. Time: 850.3854 us. Best GFLOPs: 174.4435
2024-04-28 22:44:17 [INFO] [task_scheduler.cc:121] [Task #33: fused_nn_contrib_conv2d_NCHWc_add_nn_relu_32] Trial #57: Error in building:
LocalBuilder: Timeout, killed after 30.0 seconds
# from tvm.script import ir as I
# from tvm.script import tir as T

@I.ir_module
class Module:
    @T.prim_func
    def main(p0: T.Buffer((T.int64(1), T.int64(120), T.int64(14), T.int64(14), T.int64(4)), "float32"), p1: T.Buffer((T.int64(32), T.int64(120), T.int64(1), T.int64(1), T.int64(4), T.int64(4)), "float32"), p2: T.Buffer((T.int64(1), T.int64(32), T.int64(1), T.int64(1), T.int64(4)), "float32"), T_relu: T.Buffer((T.int64(1), T.int64(32), T.int64(14), T.int64(14), T.int64(4)), "float32")):
        T.func_attr({"tir.noalias": T.bool(True)})
        # with T.block("root"):
        conv2d_NCHWc = T.alloc_buffer((T.int64(1), T.int64(32), T.int64(14), T.int64(14), T.int64(4)))
        for n_0_oc_chunk_0_oh_0_ow_0_oc_block_0_fused in T.parallel(T.int64(2), annotations={"pragma_auto_unroll_max_step": 512, "pragma_unroll_explicit": 1}):
            for n_1, oc_chunk_1, oh_1, ow_1, oc_block_1 in T.grid(T.int64(1), T.int64(16), T.int64(1), T.int64(2), T.int64(1)):
                for n_2_init, oc_chunk_2_init, oh_2_init, ow_2_init, oc_block_2_init, n_3_init, oc_chunk_3_init, oh_3_init, ow_3_init in T.grid(T.int64(1), T.int64(1), T.int64(1), T.int64(7), T.int64(2), T.int64(1), T.int64(1), T.int64(14), T.int64(1)):
                    for oc_block_3_fused_init in T.vectorized(T.int64(2)):
                        with T.block("conv2d_NCHWc_init"):
                            v_n = T.axis.spatial(T.int64(1), n_1 + n_2_init + n_3_init)
                            v_oc_chunk = T.axis.spatial(T.int64(32), n_0_oc_chunk_0_oh_0_ow_0_oc_block_0_fused * T.int64(16) + oc_chunk_1 + oc_chunk_2_init + oc_chunk_3_init)
                            v_oh = T.axis.spatial(T.int64(14), oh_1 * T.int64(14) + oh_2_init * T.int64(14) + oh_3_init)
                            v_ow = T.axis.spatial(T.int64(14), ow_1 * T.int64(7) + ow_2_init + ow_3_init)
                            v_oc_block = T.axis.spatial(T.int64(4), oc_block_1 * T.int64(4) + oc_block_2_init * T.int64(2) + oc_block_3_fused_init)
                            T.reads()
                            T.writes(conv2d_NCHWc[v_n, v_oc_chunk, v_oh, v_ow, v_oc_block])
                            T.block_attr({"meta_schedule.tiling_structure": "SSRSRS"})
                            conv2d_NCHWc[v_n, v_oc_chunk, v_oh, v_ow, v_oc_block] = T.float32(0)
                for ic_0, kh_0, kw_0, n_2, oc_chunk_2, oh_2, ow_2, oc_block_2, ic_1, kh_1, kw_1, n_3, oc_chunk_3, oh_3, ow_3 in T.grid(T.int64(12), T.int64(1), T.int64(1), T.int64(1), T.int64(1), T.int64(1), T.int64(7), T.int64(2), T.int64(40), T.int64(1), T.int64(1), T.int64(1), T.int64(1), T.int64(14), T.int64(1)):
                    for oc_block_3_fused in T.vectorized(T.int64(2)):
                        with T.block("conv2d_NCHWc_update"):
                            v_n = T.axis.spatial(T.int64(1), n_1 + n_2 + n_3)
                            v_oc_chunk = T.axis.spatial(T.int64(32), n_0_oc_chunk_0_oh_0_ow_0_oc_block_0_fused * T.int64(16) + oc_chunk_1 + oc_chunk_2 + oc_chunk_3)
                            v_oh = T.axis.spatial(T.int64(14), oh_1 * T.int64(14) + oh_2 * T.int64(14) + oh_3)
                            v_ow = T.axis.spatial(T.int64(14), ow_1 * T.int64(7) + ow_2 + ow_3)
                            v_oc_block = T.axis.spatial(T.int64(4), oc_block_1 * T.int64(4) + oc_block_2 * T.int64(2) + oc_block_3_fused)
                            v_ic = T.axis.reduce(T.int64(480), ic_0 * T.int64(40) + ic_1)
                            v_kh = T.axis.reduce(T.int64(1), kh_0 + kh_1)
                            v_kw = T.axis.reduce(T.int64(1), kw_0 + kw_1)
                            T.reads(conv2d_NCHWc[v_n, v_oc_chunk, v_oh, v_ow, v_oc_block], p0[v_n, v_ic // T.int64(4), v_oh + v_kh, v_ow + v_kw, v_ic % T.int64(4)], p1[v_oc_chunk, v_ic // T.int64(4), v_kh, v_kw, v_ic % T.int64(4), v_oc_block])
                            T.writes(conv2d_NCHWc[v_n, v_oc_chunk, v_oh, v_ow, v_oc_block])
                            T.block_attr({"meta_schedule.tiling_structure": "SSRSRS"})
                            conv2d_NCHWc[v_n, v_oc_chunk, v_oh, v_ow, v_oc_block] = conv2d_NCHWc[v_n, v_oc_chunk, v_oh, v_ow, v_oc_block] + p0[v_n, v_ic // T.int64(4), v_oh + v_kh, v_ow + v_kw, v_ic % T.int64(4)] * p1[v_oc_chunk, v_ic // T.int64(4), v_kh, v_kw, v_ic % T.int64(4), v_oc_block]
            for ax0, ax1, ax2 in T.grid(T.int64(1), T.int64(16), T.int64(14)):
                for ax3_ax4_fused in T.vectorized(T.int64(56)):
                    with T.block("T_relu"):
                        v_ax0 = T.axis.spatial(T.int64(1), ax0)
                        v_ax1 = T.axis.spatial(T.int64(32), n_0_oc_chunk_0_oh_0_ow_0_oc_block_0_fused * T.int64(16) + ax1)
                        v_ax2 = T.axis.spatial(T.int64(14), ax2)
                        v_ax3 = T.axis.spatial(T.int64(14), ax3_ax4_fused // T.int64(4))
                        v_ax4 = T.axis.spatial(T.int64(4), ax3_ax4_fused % T.int64(4))
                        T.reads(conv2d_NCHWc[v_ax0, v_ax1, v_ax2, v_ax3, v_ax4], p2[v_ax0, v_ax1, T.int64(0), T.int64(0), v_ax4])
                        T.writes(T_relu[v_ax0, v_ax1, v_ax2, v_ax3, v_ax4])
                        T_relu[v_ax0, v_ax1, v_ax2, v_ax3, v_ax4] = T.max(conv2d_NCHWc[v_ax0, v_ax1, v_ax2, v_ax3, v_ax4] + p2[v_ax0, v_ax1, T.int64(0), T.int64(0), v_ax4], T.float32(0))
b0 = sch.get_block(name="conv2d_NCHWc", func_name="main")
b1 = sch.get_block(name="T_add", func_name="main")
b2 = sch.get_block(name="root", func_name="main")
sch.compute_inline(block=b1)
sch.annotate(block_or_loop=b0, ann_key="meta_schedule.tiling_structure", ann_val="SSRSRS")
l3, l4, l5, l6, l7, l8, l9, l10 = sch.get_loops(block=b0)
v11, v12, v13, v14 = sch.sample_perfect_tile(loop=l3, n=4, max_innermost_factor=64, decision=[1, 1, 1, 1])
l15, l16, l17, l18 = sch.split(loop=l3, factors=[v11, v12, v13, v14], preserve_unit_iters=True)
v19, v20, v21, v22 = sch.sample_perfect_tile(loop=l4, n=4, max_innermost_factor=64, decision=[2, 16, 1, 1])
l23, l24, l25, l26 = sch.split(loop=l4, factors=[v19, v20, v21, v22], preserve_unit_iters=True)
v27, v28, v29, v30 = sch.sample_perfect_tile(loop=l5, n=4, max_innermost_factor=64, decision=[1, 1, 1, 14])
l31, l32, l33, l34 = sch.split(loop=l5, factors=[v27, v28, v29, v30], preserve_unit_iters=True)
v35, v36, v37, v38 = sch.sample_perfect_tile(loop=l6, n=4, max_innermost_factor=64, decision=[1, 2, 7, 1])
l39, l40, l41, l42 = sch.split(loop=l6, factors=[v35, v36, v37, v38], preserve_unit_iters=True)
v43, v44, v45, v46 = sch.sample_perfect_tile(loop=l7, n=4, max_innermost_factor=64, decision=[1, 1, 2, 2])
l47, l48, l49, l50 = sch.split(loop=l7, factors=[v43, v44, v45, v46], preserve_unit_iters=True)
v51, v52 = sch.sample_perfect_tile(loop=l8, n=2, max_innermost_factor=64, decision=[12, 40])
l53, l54 = sch.split(loop=l8, factors=[v51, v52], preserve_unit_iters=True)
v55, v56 = sch.sample_perfect_tile(loop=l9, n=2, max_innermost_factor=64, decision=[1, 1])
l57, l58 = sch.split(loop=l9, factors=[v55, v56], preserve_unit_iters=True)
v59, v60 = sch.sample_perfect_tile(loop=l10, n=2, max_innermost_factor=64, decision=[1, 1])
l61, l62 = sch.split(loop=l10, factors=[v59, v60], preserve_unit_iters=True)
sch.reorder(l15, l23, l31, l39, l47, l16, l24, l32, l40, l48, l53, l57, l61, l17, l25, l33, l41, l49, l54, l58, l62, l18, l26, l34, l42, l50)
b63, = sch.get_consumers(block=b0)
sch.reverse_compute_at(block=b63, loop=l47, preserve_unit_loops=True, index=-1)
sch.annotate(block_or_loop=b2, ann_key="meta_schedule.parallel", ann_val=768)
sch.annotate(block_or_loop=b2, ann_key="meta_schedule.vectorize", ann_val=64)
v64 = sch.sample_categorical(candidates=[0, 16, 64, 512], probs=[0.25, 0.25, 0.25, 0.25], decision=3)
sch.annotate(block_or_loop=b2, ann_key="meta_schedule.unroll_explicit", ann_val=v64)
sch.enter_postproc()
b65 = sch.get_block(name="root", func_name="main")
sch.unannotate(block_or_loop=b65, ann_key="meta_schedule.parallel")
sch.unannotate(block_or_loop=b65, ann_key="meta_schedule.vectorize")
sch.unannotate(block_or_loop=b65, ann_key="meta_schedule.unroll_explicit")
b66, b67 = sch.get_child_blocks(b65)
l68, l69, l70, l71, l72, l73, l74, l75, l76, l77, l78, l79, l80, l81, l82, l83, l84, l85, l86, l87, l88, l89, l90, l91, l92, l93 = sch.get_loops(block=b66)
l94 = sch.fuse(l68, l69, l70, l71, l72, preserve_unit_iters=True)
sch.parallel(loop=l94)
l95 = sch.fuse(l93, preserve_unit_iters=True)
sch.vectorize(loop=l95)
sch.annotate(block_or_loop=l94, ann_key="pragma_auto_unroll_max_step", ann_val=512)
sch.annotate(block_or_loop=l94, ann_key="pragma_unroll_explicit", ann_val=1)
l96, l97, l98, l99, l100, l101 = sch.get_loops(block=b67)
l102 = sch.fuse(l100, l101, preserve_unit_iters=True)
sch.vectorize(loop=l102)
b103 = sch.get_block(name="conv2d_NCHWc", func_name="main")
l104, l105, l106, l107, l108, l109, l110, l111, l112, l113, l114, l115, l116, l117, l118, l119, l120, l121, l122, l123, l124, l125 = sch.get_loops(block=b103)
b126 = sch.decompose_reduction(block=b103, loop=l110)
2024-04-28 22:44:17 [INFO] [task_scheduler.cc:131] [Task #33: fused_nn_contrib_conv2d_NCHWc_add_nn_relu_32] Trial #58: GFLOPs: 21.7050. Time: 1111.9413 us. Best GFLOPs: 174.4435
2024-04-28 22:44:17 [INFO] [task_scheduler.cc:121] [Task #33: fused_nn_contrib_conv2d_NCHWc_add_nn_relu_32] Trial #59: Error in building:
LocalBuilder: Timeout, killed after 30.0 seconds
# from tvm.script import ir as I
# from tvm.script import tir as T

@I.ir_module
class Module:
    @T.prim_func
    def main(p0: T.Buffer((T.int64(1), T.int64(120), T.int64(14), T.int64(14), T.int64(4)), "float32"), p1: T.Buffer((T.int64(32), T.int64(120), T.int64(1), T.int64(1), T.int64(4), T.int64(4)), "float32"), p2: T.Buffer((T.int64(1), T.int64(32), T.int64(1), T.int64(1), T.int64(4)), "float32"), T_relu: T.Buffer((T.int64(1), T.int64(32), T.int64(14), T.int64(14), T.int64(4)), "float32")):
        T.func_attr({"tir.noalias": T.bool(True)})
        # with T.block("root"):
        conv2d_NCHWc = T.alloc_buffer((T.int64(1), T.int64(32), T.int64(14), T.int64(14), T.int64(4)))
        for n_0_oc_chunk_0_oh_0_ow_0_oc_block_0_n_1_oc_chunk_1_oh_1_fused in T.parallel(T.int64(896), annotations={"pragma_auto_unroll_max_step": 512, "pragma_unroll_explicit": 1}):
            for ow_1, oc_block_1 in T.grid(T.int64(1), T.int64(1)):
                for n_2_init, oc_chunk_2_init, oh_2_init, ow_2_init, oc_block_2_init, n_3_init, oc_chunk_3_init, oh_3_init, ow_3_init, oc_block_3_init in T.grid(T.int64(1), T.int64(2), T.int64(1), T.int64(7), T.int64(2), T.int64(1), T.int64(1), T.int64(1), T.int64(1), T.int64(1)):
                    with T.block("conv2d_NCHWc_init"):
                        v_n = T.axis.spatial(T.int64(1), n_2_init + n_3_init)
                        v_oc_chunk = T.axis.spatial(T.int64(32), n_0_oc_chunk_0_oh_0_ow_0_oc_block_0_n_1_oc_chunk_1_oh_1_fused // T.int64(112) * T.int64(4) + n_0_oc_chunk_0_oh_0_ow_0_oc_block_0_n_1_oc_chunk_1_oh_1_fused % T.int64(4) // T.int64(2) * T.int64(2) + oc_chunk_2_init + oc_chunk_3_init)
                        v_oh = T.axis.spatial(T.int64(14), n_0_oc_chunk_0_oh_0_ow_0_oc_block_0_n_1_oc_chunk_1_oh_1_fused % T.int64(112) // T.int64(16) * T.int64(2) + n_0_oc_chunk_0_oh_0_ow_0_oc_block_0_n_1_oc_chunk_1_oh_1_fused % T.int64(2) + oh_2_init + oh_3_init)
                        v_ow = T.axis.spatial(T.int64(14), n_0_oc_chunk_0_oh_0_ow_0_oc_block_0_n_1_oc_chunk_1_oh_1_fused % T.int64(16) // T.int64(8) * T.int64(7) + ow_1 * T.int64(7) + ow_2_init + ow_3_init)
                        v_oc_block = T.axis.spatial(T.int64(4), n_0_oc_chunk_0_oh_0_ow_0_oc_block_0_n_1_oc_chunk_1_oh_1_fused % T.int64(8) // T.int64(4) * T.int64(2) + oc_block_1 * T.int64(2) + oc_block_2_init + oc_block_3_init)
                        T.reads()
                        T.writes(conv2d_NCHWc[v_n, v_oc_chunk, v_oh, v_ow, v_oc_block])
                        T.block_attr({"meta_schedule.tiling_structure": "SSRSRS"})
                        conv2d_NCHWc[v_n, v_oc_chunk, v_oh, v_ow, v_oc_block] = T.float32(0)
                for ic_0, kh_0, kw_0, n_2, oc_chunk_2, oh_2, ow_2, oc_block_2, ic_1, kh_1, kw_1, n_3, oc_chunk_3, oh_3, ow_3, oc_block_3 in T.grid(T.int64(15), T.int64(1), T.int64(1), T.int64(1), T.int64(2), T.int64(1), T.int64(7), T.int64(2), T.int64(32), T.int64(1), T.int64(1), T.int64(1), T.int64(1), T.int64(1), T.int64(1), T.int64(1)):
                    with T.block("conv2d_NCHWc_update"):
                        v_n = T.axis.spatial(T.int64(1), n_2 + n_3)
                        v_oc_chunk = T.axis.spatial(T.int64(32), n_0_oc_chunk_0_oh_0_ow_0_oc_block_0_n_1_oc_chunk_1_oh_1_fused // T.int64(112) * T.int64(4) + n_0_oc_chunk_0_oh_0_ow_0_oc_block_0_n_1_oc_chunk_1_oh_1_fused % T.int64(4) // T.int64(2) * T.int64(2) + oc_chunk_2 + oc_chunk_3)
                        v_oh = T.axis.spatial(T.int64(14), n_0_oc_chunk_0_oh_0_ow_0_oc_block_0_n_1_oc_chunk_1_oh_1_fused % T.int64(112) // T.int64(16) * T.int64(2) + n_0_oc_chunk_0_oh_0_ow_0_oc_block_0_n_1_oc_chunk_1_oh_1_fused % T.int64(2) + oh_2 + oh_3)
                        v_ow = T.axis.spatial(T.int64(14), n_0_oc_chunk_0_oh_0_ow_0_oc_block_0_n_1_oc_chunk_1_oh_1_fused % T.int64(16) // T.int64(8) * T.int64(7) + ow_1 * T.int64(7) + ow_2 + ow_3)
                        v_oc_block = T.axis.spatial(T.int64(4), n_0_oc_chunk_0_oh_0_ow_0_oc_block_0_n_1_oc_chunk_1_oh_1_fused % T.int64(8) // T.int64(4) * T.int64(2) + oc_block_1 * T.int64(2) + oc_block_2 + oc_block_3)
                        v_ic = T.axis.reduce(T.int64(480), ic_0 * T.int64(32) + ic_1)
                        v_kh = T.axis.reduce(T.int64(1), kh_0 + kh_1)
                        v_kw = T.axis.reduce(T.int64(1), kw_0 + kw_1)
                        T.reads(conv2d_NCHWc[v_n, v_oc_chunk, v_oh, v_ow, v_oc_block], p0[v_n, v_ic // T.int64(4), v_oh + v_kh, v_ow + v_kw, v_ic % T.int64(4)], p1[v_oc_chunk, v_ic // T.int64(4), v_kh, v_kw, v_ic % T.int64(4), v_oc_block])
                        T.writes(conv2d_NCHWc[v_n, v_oc_chunk, v_oh, v_ow, v_oc_block])
                        T.block_attr({"meta_schedule.tiling_structure": "SSRSRS"})
                        conv2d_NCHWc[v_n, v_oc_chunk, v_oh, v_ow, v_oc_block] = conv2d_NCHWc[v_n, v_oc_chunk, v_oh, v_ow, v_oc_block] + p0[v_n, v_ic // T.int64(4), v_oh + v_kh, v_ow + v_kw, v_ic % T.int64(4)] * p1[v_oc_chunk, v_ic // T.int64(4), v_kh, v_kw, v_ic % T.int64(4), v_oc_block]
                for ax0, ax1, ax2, ax3 in T.grid(T.int64(1), T.int64(2), T.int64(1), T.int64(7)):
                    for ax4_fused in T.vectorized(T.int64(2)):
                        with T.block("T_relu"):
                            v_ax0 = T.axis.spatial(T.int64(1), ax0)
                            v_ax1 = T.axis.spatial(T.int64(32), n_0_oc_chunk_0_oh_0_ow_0_oc_block_0_n_1_oc_chunk_1_oh_1_fused // T.int64(112) * T.int64(4) + n_0_oc_chunk_0_oh_0_ow_0_oc_block_0_n_1_oc_chunk_1_oh_1_fused % T.int64(4) // T.int64(2) * T.int64(2) + ax1)
                            v_ax2 = T.axis.spatial(T.int64(14), n_0_oc_chunk_0_oh_0_ow_0_oc_block_0_n_1_oc_chunk_1_oh_1_fused % T.int64(112) // T.int64(16) * T.int64(2) + n_0_oc_chunk_0_oh_0_ow_0_oc_block_0_n_1_oc_chunk_1_oh_1_fused % T.int64(2) + ax2)
                            v_ax3 = T.axis.spatial(T.int64(14), n_0_oc_chunk_0_oh_0_ow_0_oc_block_0_n_1_oc_chunk_1_oh_1_fused % T.int64(16) // T.int64(8) * T.int64(7) + ax3)
                            v_ax4 = T.axis.spatial(T.int64(4), n_0_oc_chunk_0_oh_0_ow_0_oc_block_0_n_1_oc_chunk_1_oh_1_fused % T.int64(8) // T.int64(4) * T.int64(2) + ax4_fused)
                            T.reads(conv2d_NCHWc[v_ax0, v_ax1, v_ax2, v_ax3, v_ax4], p2[v_ax0, v_ax1, T.int64(0), T.int64(0), v_ax4])
                            T.writes(T_relu[v_ax0, v_ax1, v_ax2, v_ax3, v_ax4])
                            T_relu[v_ax0, v_ax1, v_ax2, v_ax3, v_ax4] = T.max(conv2d_NCHWc[v_ax0, v_ax1, v_ax2, v_ax3, v_ax4] + p2[v_ax0, v_ax1, T.int64(0), T.int64(0), v_ax4], T.float32(0))
b0 = sch.get_block(name="conv2d_NCHWc", func_name="main")
b1 = sch.get_block(name="T_add", func_name="main")
b2 = sch.get_block(name="root", func_name="main")
sch.compute_inline(block=b1)
sch.annotate(block_or_loop=b0, ann_key="meta_schedule.tiling_structure", ann_val="SSRSRS")
l3, l4, l5, l6, l7, l8, l9, l10 = sch.get_loops(block=b0)
v11, v12, v13, v14 = sch.sample_perfect_tile(loop=l3, n=4, max_innermost_factor=64, decision=[1, 1, 1, 1])
l15, l16, l17, l18 = sch.split(loop=l3, factors=[v11, v12, v13, v14], preserve_unit_iters=True)
v19, v20, v21, v22 = sch.sample_perfect_tile(loop=l4, n=4, max_innermost_factor=64, decision=[8, 2, 2, 1])
l23, l24, l25, l26 = sch.split(loop=l4, factors=[v19, v20, v21, v22], preserve_unit_iters=True)
v27, v28, v29, v30 = sch.sample_perfect_tile(loop=l5, n=4, max_innermost_factor=64, decision=[7, 2, 1, 1])
l31, l32, l33, l34 = sch.split(loop=l5, factors=[v27, v28, v29, v30], preserve_unit_iters=True)
v35, v36, v37, v38 = sch.sample_perfect_tile(loop=l6, n=4, max_innermost_factor=64, decision=[2, 1, 7, 1])
l39, l40, l41, l42 = sch.split(loop=l6, factors=[v35, v36, v37, v38], preserve_unit_iters=True)
v43, v44, v45, v46 = sch.sample_perfect_tile(loop=l7, n=4, max_innermost_factor=64, decision=[2, 1, 2, 1])
l47, l48, l49, l50 = sch.split(loop=l7, factors=[v43, v44, v45, v46], preserve_unit_iters=True)
v51, v52 = sch.sample_perfect_tile(loop=l8, n=2, max_innermost_factor=64, decision=[15, 32])
l53, l54 = sch.split(loop=l8, factors=[v51, v52], preserve_unit_iters=True)
v55, v56 = sch.sample_perfect_tile(loop=l9, n=2, max_innermost_factor=64, decision=[1, 1])
l57, l58 = sch.split(loop=l9, factors=[v55, v56], preserve_unit_iters=True)
v59, v60 = sch.sample_perfect_tile(loop=l10, n=2, max_innermost_factor=64, decision=[1, 1])
l61, l62 = sch.split(loop=l10, factors=[v59, v60], preserve_unit_iters=True)
sch.reorder(l15, l23, l31, l39, l47, l16, l24, l32, l40, l48, l53, l57, l61, l17, l25, l33, l41, l49, l54, l58, l62, l18, l26, l34, l42, l50)
b63, = sch.get_consumers(block=b0)
sch.reverse_compute_at(block=b63, loop=l48, preserve_unit_loops=True, index=-1)
sch.annotate(block_or_loop=b2, ann_key="meta_schedule.parallel", ann_val=768)
sch.annotate(block_or_loop=b2, ann_key="meta_schedule.vectorize", ann_val=64)
v64 = sch.sample_categorical(candidates=[0, 16, 64, 512], probs=[0.25, 0.25, 0.25, 0.25], decision=3)
sch.annotate(block_or_loop=b2, ann_key="meta_schedule.unroll_explicit", ann_val=v64)
sch.enter_postproc()
b65 = sch.get_block(name="root", func_name="main")
sch.unannotate(block_or_loop=b65, ann_key="meta_schedule.parallel")
sch.unannotate(block_or_loop=b65, ann_key="meta_schedule.vectorize")
sch.unannotate(block_or_loop=b65, ann_key="meta_schedule.unroll_explicit")
b66, b67 = sch.get_child_blocks(b65)
l68, l69, l70, l71, l72, l73, l74, l75, l76, l77, l78, l79, l80, l81, l82, l83, l84, l85, l86, l87, l88, l89, l90, l91, l92, l93 = sch.get_loops(block=b66)
l94 = sch.fuse(l68, l69, l70, l71, l72, l73, l74, l75, preserve_unit_iters=True)
sch.parallel(loop=l94)
sch.annotate(block_or_loop=l94, ann_key="pragma_auto_unroll_max_step", ann_val=512)
sch.annotate(block_or_loop=l94, ann_key="pragma_unroll_explicit", ann_val=1)
l95, l96, l97, l98, l99, l100, l101, l102 = sch.get_loops(block=b67)
l103 = sch.fuse(l102, preserve_unit_iters=True)
sch.vectorize(loop=l103)
b104 = sch.get_block(name="conv2d_NCHWc", func_name="main")
l105, l106, l107, l108, l109, l110, l111, l112, l113, l114, l115, l116, l117, l118, l119, l120, l121, l122, l123 = sch.get_loops(block=b104)
b124 = sch.decompose_reduction(block=b104, loop=l108)
2024-04-28 22:44:17 [INFO] [task_scheduler.cc:131] [Task #33: fused_nn_contrib_conv2d_NCHWc_add_nn_relu_32] Trial #60: GFLOPs: 60.7639. Time: 397.1873 us. Best GFLOPs: 174.4435
2024-04-28 22:44:17 [INFO] [task_scheduler.cc:131] [Task #33: fused_nn_contrib_conv2d_NCHWc_add_nn_relu_32] Trial #61: GFLOPs: 98.0311. Time: 246.1938 us. Best GFLOPs: 174.4435
2024-04-28 22:44:17 [INFO] [task_scheduler.cc:131] [Task #33: fused_nn_contrib_conv2d_NCHWc_add_nn_relu_32] Trial #62: GFLOPs: 5.1937. Time: 4646.8807 us. Best GFLOPs: 174.4435
2024-04-28 22:44:17 [INFO] [task_scheduler.cc:131] [Task #33: fused_nn_contrib_conv2d_NCHWc_add_nn_relu_32] Trial #63: GFLOPs: 42.0936. Time: 573.3569 us. Best GFLOPs: 174.4435
2024-04-28 22:44:17 [INFO] [task_scheduler.cc:131] [Task #33: fused_nn_contrib_conv2d_NCHWc_add_nn_relu_32] Trial #64: GFLOPs: 3.0848. Time: 7823.7448 us. Best GFLOPs: 174.4435
