2024-04-28 20:36:10 [INFO] [task_scheduler.cc:160] Initializing Task #30: "fused_nn_softmax"
2024-04-28 20:36:10 [INFO] [task_scheduler.cc:35] 
# from tvm.script import ir as I
# from tvm.script import tir as T

@I.ir_module
class Module:
    @T.prim_func
    def main(p0: T.Buffer((T.int64(1), T.int64(1000)), "float32"), T_softmax_norm: T.Buffer((T.int64(1), T.int64(1000)), "float32")):
        T.func_attr({"tir.noalias": T.bool(True)})
        # with T.block("root"):
        T_softmax_maxelem = T.alloc_buffer((T.int64(1),))
        T_softmax_exp = T.alloc_buffer((T.int64(1), T.int64(1000)))
        T_softmax_expsum = T.alloc_buffer((T.int64(1),))
        for i0, k in T.grid(T.int64(1), T.int64(1000)):
            with T.block("T_softmax_maxelem"):
                v_i0, v_k = T.axis.remap("SR", [i0, k])
                T.reads(p0[v_i0, v_k])
                T.writes(T_softmax_maxelem[v_i0])
                with T.init():
                    T_softmax_maxelem[v_i0] = T.float32(-3.4028234663852886e+38)
                T_softmax_maxelem[v_i0] = T.max(T_softmax_maxelem[v_i0], p0[v_i0, v_k])
        for i0, i1 in T.grid(T.int64(1), T.int64(1000)):
            with T.block("T_softmax_exp"):
                v_i0, v_i1 = T.axis.remap("SS", [i0, i1])
                T.reads(p0[v_i0, v_i1], T_softmax_maxelem[v_i0])
                T.writes(T_softmax_exp[v_i0, v_i1])
                T_softmax_exp[v_i0, v_i1] = T.exp(p0[v_i0, v_i1] - T_softmax_maxelem[v_i0])
        for i0, k in T.grid(T.int64(1), T.int64(1000)):
            with T.block("T_softmax_expsum"):
                v_i0, v_k = T.axis.remap("SR", [i0, k])
                T.reads(T_softmax_exp[v_i0, v_k])
                T.writes(T_softmax_expsum[v_i0])
                with T.init():
                    T_softmax_expsum[v_i0] = T.float32(0)
                T_softmax_expsum[v_i0] = T_softmax_expsum[v_i0] + T_softmax_exp[v_i0, v_k]
        for i0, i1 in T.grid(T.int64(1), T.int64(1000)):
            with T.block("T_softmax_norm"):
                v_i0, v_i1 = T.axis.remap("SS", [i0, i1])
                T.reads(T_softmax_exp[v_i0, v_i1], T_softmax_expsum[v_i0])
                T.writes(T_softmax_norm[v_i0, v_i1])
                T.block_attr({"axis": 1})
                T_softmax_norm[v_i0, v_i1] = T_softmax_exp[v_i0, v_i1] / T_softmax_expsum[v_i0]
2024-04-28 20:36:10 [INFO] [task_scheduler.cc:164] Total 9 design space(s) generated
2024-04-28 20:36:10 [INFO] [task_scheduler.cc:170] Design space #0:
# from tvm.script import ir as I
# from tvm.script import tir as T

@I.ir_module
class Module:
    @T.prim_func
    def main(p0: T.Buffer((T.int64(1), T.int64(1000)), "float32"), T_softmax_norm: T.Buffer((T.int64(1), T.int64(1000)), "float32")):
        T.func_attr({"tir.noalias": T.bool(True)})
        with T.block("root"):
            T.reads()
            T.writes()
            T.block_attr({"meta_schedule.parallel": 768, "meta_schedule.unroll_explicit": 16, "meta_schedule.vectorize": 64})
            T_softmax_maxelem = T.alloc_buffer((T.int64(1),))
            T_softmax_expsum = T.alloc_buffer((T.int64(1),))
            T_softmax_expsum_rf = T.alloc_buffer((T.int64(1), T.int64(25)))
            T_softmax_maxelem_rf = T.alloc_buffer((T.int64(1), T.int64(1000)))
            for i0, i1 in T.grid(T.int64(1), T.int64(1000)):
                for ax0 in range(T.int64(1000)):
                    for ax0_1, ax1, ax2 in T.grid(T.int64(1), T.int64(1), T.int64(1)):
                        with T.block("T_softmax_maxelem_rf"):
                            vk_0 = T.axis.spatial(T.int64(1000), ax0 + ax0_1)
                            v_i0, vk_1 = T.axis.remap("SR", [ax1, ax2])
                            T.reads(p0[v_i0, vk_0 + vk_1])
                            T.writes(T_softmax_maxelem_rf[v_i0, vk_0])
                            with T.init():
                                T_softmax_maxelem_rf[v_i0, vk_0] = T.float32(-3.4028234663852886e+38)
                            T_softmax_maxelem_rf[v_i0, vk_0] = T.max(T_softmax_maxelem_rf[v_i0, vk_0], p0[v_i0, vk_0 + vk_1])
                    for ax1 in range(T.int64(1)):
                        with T.block("T_softmax_maxelem"):
                            vk_0, v_i0 = T.axis.remap("RS", [ax0, ax1])
                            T.reads(T_softmax_maxelem_rf[v_i0, vk_0])
                            T.writes(T_softmax_maxelem[v_i0])
                            with T.init():
                                T_softmax_maxelem[v_i0] = T.float32(-3.4028234663852886e+38)
                            T_softmax_maxelem[v_i0] = T.max(T_softmax_maxelem[v_i0], T_softmax_maxelem_rf[v_i0, vk_0])
                for ax0, ax1, ax2 in T.grid(T.int64(25), T.int64(1), T.int64(40)):
                    with T.block("T_softmax_expsum_rf"):
                        vk_0, v_i0, vk_1 = T.axis.remap("SSR", [ax0, ax1, ax2])
                        T.reads(p0[v_i0, vk_0 * T.int64(40) + vk_1], T_softmax_maxelem[v_i0])
                        T.writes(T_softmax_expsum_rf[v_i0, vk_0])
                        with T.init():
                            T_softmax_expsum_rf[v_i0, vk_0] = T.float32(0)
                        T_softmax_expsum_rf[v_i0, vk_0] = T_softmax_expsum_rf[v_i0, vk_0] + T.exp(p0[v_i0, vk_0 * T.int64(40) + vk_1] - T_softmax_maxelem[v_i0])
                for ax0, ax1 in T.grid(T.int64(25), T.int64(1)):
                    with T.block("T_softmax_expsum"):
                        vk_0, v_i0 = T.axis.remap("RS", [ax0, ax1])
                        T.reads(T_softmax_expsum_rf[v_i0, vk_0])
                        T.writes(T_softmax_expsum[v_i0])
                        with T.init():
                            T_softmax_expsum[v_i0] = T.float32(0)
                        T_softmax_expsum[v_i0] = T_softmax_expsum[v_i0] + T_softmax_expsum_rf[v_i0, vk_0]
                with T.block("T_softmax_norm"):
                    v_i0, v_i1 = T.axis.remap("SS", [i0, i1])
                    T.reads(p0[v_i0, v_i1], T_softmax_maxelem[v_i0], T_softmax_expsum[v_i0])
                    T.writes(T_softmax_norm[v_i0, v_i1])
                    T.block_attr({"axis": 1})
                    T_softmax_norm[v_i0, v_i1] = T.exp(p0[v_i0, v_i1] - T_softmax_maxelem[v_i0]) / T_softmax_expsum[v_i0]
b0 = sch.get_block(name="T_softmax_maxelem", func_name="main")
b1 = sch.get_block(name="T_softmax_exp", func_name="main")
b2 = sch.get_block(name="T_softmax_expsum", func_name="main")
b3 = sch.get_block(name="root", func_name="main")
l4, l5 = sch.get_loops(block=b2)
v6, v7 = sch.sample_perfect_tile(loop=l5, n=2, max_innermost_factor=64, decision=[25, 40])
l8, l9 = sch.split(loop=l5, factors=[v6, v7], preserve_unit_iters=True)
b10 = sch.rfactor(loop=l8, factor_axis=1)
sch.annotate(block_or_loop=b2, ann_key="meta_schedule.random_compute_producer", ann_val=1)
l11, l12 = sch.get_loops(block=b0)
v13, v14 = sch.sample_perfect_tile(loop=l12, n=2, max_innermost_factor=64, decision=[1000, 1])
l15, l16 = sch.split(loop=l12, factors=[v13, v14], preserve_unit_iters=True)
b17 = sch.rfactor(loop=l15, factor_axis=1)
sch.annotate(block_or_loop=b0, ann_key="meta_schedule.random_compute_producer", ann_val=1)
sch.annotate(block_or_loop=b3, ann_key="meta_schedule.parallel", ann_val=768)
sch.annotate(block_or_loop=b3, ann_key="meta_schedule.vectorize", ann_val=64)
v18 = sch.sample_categorical(candidates=[0, 16, 64, 512], probs=[0.25, 0.25, 0.25, 0.25], decision=1)
sch.annotate(block_or_loop=b3, ann_key="meta_schedule.unroll_explicit", ann_val=v18)
b19, = sch.get_producers(block=b2)
sch.unannotate(block_or_loop=b2, ann_key="meta_schedule.random_compute_producer")
l20 = sch.sample_compute_location(block=b2, decision=1)
sch.compute_at(block=b2, loop=l20, preserve_unit_loops=True, index=-1)
l21 = sch.sample_compute_location(block=b19, decision=1)
sch.compute_at(block=b19, loop=l21, preserve_unit_loops=True, index=-1)
l22 = sch.sample_compute_location(block=b1, decision=-2)
sch.compute_at(block=b1, loop=l22, preserve_unit_loops=True, index=-1)
b23, = sch.get_producers(block=b0)
sch.unannotate(block_or_loop=b0, ann_key="meta_schedule.random_compute_producer")
l24 = sch.sample_compute_location(block=b0, decision=1)
sch.compute_at(block=b0, loop=l24, preserve_unit_loops=True, index=-1)
l25 = sch.sample_compute_location(block=b23, decision=2)
sch.compute_at(block=b23, loop=l25, preserve_unit_loops=True, index=-1)
2024-04-28 20:36:10 [INFO] [task_scheduler.cc:170] Design space #1:
# from tvm.script import ir as I
# from tvm.script import tir as T

@I.ir_module
class Module:
    @T.prim_func
    def main(p0: T.Buffer((T.int64(1), T.int64(1000)), "float32"), T_softmax_norm: T.Buffer((T.int64(1), T.int64(1000)), "float32")):
        T.func_attr({"tir.noalias": T.bool(True)})
        with T.block("root"):
            T.reads()
            T.writes()
            T.block_attr({"meta_schedule.parallel": 768, "meta_schedule.unroll_explicit": 16, "meta_schedule.vectorize": 64})
            T_softmax_maxelem = T.alloc_buffer((T.int64(1),))
            T_softmax_exp = T.alloc_buffer((T.int64(1), T.int64(1000)))
            T_softmax_expsum = T.alloc_buffer((T.int64(1),))
            T_softmax_expsum_rf = T.alloc_buffer((T.int64(1), T.int64(25)))
            T_softmax_maxelem_rf = T.alloc_buffer((T.int64(1), T.int64(1)))
            for i0, k_0, k_1 in T.grid(T.int64(1), T.int64(1000), T.int64(1)):
                with T.block("T_softmax_maxelem_rf"):
                    vk_1, v_i0, vk_0 = T.axis.remap("SSR", [k_1, i0, k_0])
                    T.reads(p0[v_i0, vk_0 + vk_1])
                    T.writes(T_softmax_maxelem_rf[v_i0, vk_1])
                    with T.init():
                        T_softmax_maxelem_rf[v_i0, vk_1] = T.float32(-3.4028234663852886e+38)
                    T_softmax_maxelem_rf[v_i0, vk_1] = T.max(T_softmax_maxelem_rf[v_i0, vk_1], p0[v_i0, vk_0 + vk_1])
            for i0, k_1 in T.grid(T.int64(1), T.int64(1)):
                with T.block("T_softmax_maxelem"):
                    vk_1, v_i0 = T.axis.remap("RS", [k_1, i0])
                    T.reads(T_softmax_maxelem_rf[v_i0, vk_1])
                    T.writes(T_softmax_maxelem[v_i0])
                    with T.init():
                        T_softmax_maxelem[v_i0] = T.float32(-3.4028234663852886e+38)
                    T_softmax_maxelem[v_i0] = T.max(T_softmax_maxelem[v_i0], T_softmax_maxelem_rf[v_i0, vk_1])
            for i0, i1 in T.grid(T.int64(1), T.int64(1000)):
                with T.block("T_softmax_exp"):
                    v_i0, v_i1 = T.axis.remap("SS", [i0, i1])
                    T.reads(p0[v_i0, v_i1], T_softmax_maxelem[v_i0])
                    T.writes(T_softmax_exp[v_i0, v_i1])
                    T_softmax_exp[v_i0, v_i1] = T.exp(p0[v_i0, v_i1] - T_softmax_maxelem[v_i0])
            for i0, i1 in T.grid(T.int64(1), T.int64(1000)):
                for ax0, ax1, ax2 in T.grid(T.int64(25), T.int64(1), T.int64(40)):
                    with T.block("T_softmax_expsum_rf"):
                        vk_0, v_i0, vk_1 = T.axis.remap("SSR", [ax0, ax1, ax2])
                        T.reads(T_softmax_exp[v_i0, vk_0 * T.int64(40) + vk_1])
                        T.writes(T_softmax_expsum_rf[v_i0, vk_0])
                        with T.init():
                            T_softmax_expsum_rf[v_i0, vk_0] = T.float32(0)
                        T_softmax_expsum_rf[v_i0, vk_0] = T_softmax_expsum_rf[v_i0, vk_0] + T_softmax_exp[v_i0, vk_0 * T.int64(40) + vk_1]
                for ax0, ax1 in T.grid(T.int64(25), T.int64(1)):
                    with T.block("T_softmax_expsum"):
                        vk_0, v_i0 = T.axis.remap("RS", [ax0, ax1])
                        T.reads(T_softmax_expsum_rf[v_i0, vk_0])
                        T.writes(T_softmax_expsum[v_i0])
                        with T.init():
                            T_softmax_expsum[v_i0] = T.float32(0)
                        T_softmax_expsum[v_i0] = T_softmax_expsum[v_i0] + T_softmax_expsum_rf[v_i0, vk_0]
                with T.block("T_softmax_norm"):
                    v_i0, v_i1 = T.axis.remap("SS", [i0, i1])
                    T.reads(T_softmax_exp[v_i0, v_i1], T_softmax_expsum[v_i0])
                    T.writes(T_softmax_norm[v_i0, v_i1])
                    T.block_attr({"axis": 1})
                    T_softmax_norm[v_i0, v_i1] = T_softmax_exp[v_i0, v_i1] / T_softmax_expsum[v_i0]
b0 = sch.get_block(name="T_softmax_maxelem", func_name="main")
b1 = sch.get_block(name="T_softmax_exp", func_name="main")
b2 = sch.get_block(name="T_softmax_expsum", func_name="main")
b3 = sch.get_block(name="root", func_name="main")
l4, l5 = sch.get_loops(block=b2)
v6, v7 = sch.sample_perfect_tile(loop=l5, n=2, max_innermost_factor=64, decision=[25, 40])
l8, l9 = sch.split(loop=l5, factors=[v6, v7], preserve_unit_iters=True)
b10 = sch.rfactor(loop=l8, factor_axis=1)
sch.annotate(block_or_loop=b2, ann_key="meta_schedule.random_compute_producer", ann_val=1)
l11, l12 = sch.get_loops(block=b0)
v13, v14 = sch.sample_perfect_tile(loop=l12, n=2, max_innermost_factor=64, decision=[1000, 1])
l15, l16 = sch.split(loop=l12, factors=[v13, v14], preserve_unit_iters=True)
b17 = sch.rfactor(loop=l16, factor_axis=1)
sch.annotate(block_or_loop=b0, ann_key="meta_schedule.random_compute_producer", ann_val=1)
sch.annotate(block_or_loop=b3, ann_key="meta_schedule.parallel", ann_val=768)
sch.annotate(block_or_loop=b3, ann_key="meta_schedule.vectorize", ann_val=64)
v18 = sch.sample_categorical(candidates=[0, 16, 64, 512], probs=[0.25, 0.25, 0.25, 0.25], decision=1)
sch.annotate(block_or_loop=b3, ann_key="meta_schedule.unroll_explicit", ann_val=v18)
b19, = sch.get_producers(block=b2)
sch.unannotate(block_or_loop=b2, ann_key="meta_schedule.random_compute_producer")
l20 = sch.sample_compute_location(block=b2, decision=1)
sch.compute_at(block=b2, loop=l20, preserve_unit_loops=True, index=-1)
l21 = sch.sample_compute_location(block=b19, decision=1)
sch.compute_at(block=b19, loop=l21, preserve_unit_loops=True, index=-1)
l22 = sch.sample_compute_location(block=b1, decision=-1)
sch.compute_at(block=b1, loop=l22, preserve_unit_loops=True, index=-1)
b23, = sch.get_producers(block=b0)
sch.unannotate(block_or_loop=b0, ann_key="meta_schedule.random_compute_producer")
l24 = sch.sample_compute_location(block=b0, decision=-1)
sch.compute_at(block=b0, loop=l24, preserve_unit_loops=True, index=-1)
l25 = sch.sample_compute_location(block=b23, decision=-1)
sch.compute_at(block=b23, loop=l25, preserve_unit_loops=True, index=-1)
2024-04-28 20:36:10 [INFO] [task_scheduler.cc:170] Design space #2:
# from tvm.script import ir as I
# from tvm.script import tir as T

@I.ir_module
class Module:
    @T.prim_func
    def main(p0: T.Buffer((T.int64(1), T.int64(1000)), "float32"), T_softmax_norm: T.Buffer((T.int64(1), T.int64(1000)), "float32")):
        T.func_attr({"tir.noalias": T.bool(True)})
        with T.block("root"):
            T.reads()
            T.writes()
            T.block_attr({"meta_schedule.parallel": 768, "meta_schedule.unroll_explicit": 0, "meta_schedule.vectorize": 64})
            T_softmax_maxelem = T.alloc_buffer((T.int64(1),))
            T_softmax_exp = T.alloc_buffer((T.int64(1), T.int64(1000)))
            T_softmax_expsum = T.alloc_buffer((T.int64(1),))
            T_softmax_expsum_rf = T.alloc_buffer((T.int64(1), T.int64(25)))
            for i0, k in T.grid(T.int64(1), T.int64(1000)):
                with T.block("T_softmax_maxelem"):
                    v_i0, v_k = T.axis.remap("SR", [i0, k])
                    T.reads(p0[v_i0, v_k])
                    T.writes(T_softmax_maxelem[v_i0])
                    with T.init():
                        T_softmax_maxelem[v_i0] = T.float32(-3.4028234663852886e+38)
                    T_softmax_maxelem[v_i0] = T.max(T_softmax_maxelem[v_i0], p0[v_i0, v_k])
            for i0, i1 in T.grid(T.int64(1), T.int64(1000)):
                with T.block("T_softmax_exp"):
                    v_i0, v_i1 = T.axis.remap("SS", [i0, i1])
                    T.reads(p0[v_i0, v_i1], T_softmax_maxelem[v_i0])
                    T.writes(T_softmax_exp[v_i0, v_i1])
                    T_softmax_exp[v_i0, v_i1] = T.exp(p0[v_i0, v_i1] - T_softmax_maxelem[v_i0])
            for i0, i1 in T.grid(T.int64(1), T.int64(1000)):
                for ax0 in range(T.int64(25)):
                    for ax0_1, ax1, ax2 in T.grid(T.int64(1), T.int64(1), T.int64(40)):
                        with T.block("T_softmax_expsum_rf"):
                            vk_0 = T.axis.spatial(T.int64(25), ax0 + ax0_1)
                            v_i0, vk_1 = T.axis.remap("SR", [ax1, ax2])
                            T.reads(T_softmax_exp[v_i0, vk_0 * T.int64(40) + vk_1])
                            T.writes(T_softmax_expsum_rf[v_i0, vk_0])
                            with T.init():
                                T_softmax_expsum_rf[v_i0, vk_0] = T.float32(0)
                            T_softmax_expsum_rf[v_i0, vk_0] = T_softmax_expsum_rf[v_i0, vk_0] + T_softmax_exp[v_i0, vk_0 * T.int64(40) + vk_1]
                    for ax1 in range(T.int64(1)):
                        with T.block("T_softmax_expsum"):
                            vk_0, v_i0 = T.axis.remap("RS", [ax0, ax1])
                            T.reads(T_softmax_expsum_rf[v_i0, vk_0])
                            T.writes(T_softmax_expsum[v_i0])
                            with T.init():
                                T_softmax_expsum[v_i0] = T.float32(0)
                            T_softmax_expsum[v_i0] = T_softmax_expsum[v_i0] + T_softmax_expsum_rf[v_i0, vk_0]
                with T.block("T_softmax_norm"):
                    v_i0, v_i1 = T.axis.remap("SS", [i0, i1])
                    T.reads(T_softmax_exp[v_i0, v_i1], T_softmax_expsum[v_i0])
                    T.writes(T_softmax_norm[v_i0, v_i1])
                    T.block_attr({"axis": 1})
                    T_softmax_norm[v_i0, v_i1] = T_softmax_exp[v_i0, v_i1] / T_softmax_expsum[v_i0]
b0 = sch.get_block(name="T_softmax_maxelem", func_name="main")
b1 = sch.get_block(name="T_softmax_exp", func_name="main")
b2 = sch.get_block(name="T_softmax_expsum", func_name="main")
b3 = sch.get_block(name="root", func_name="main")
l4, l5 = sch.get_loops(block=b2)
v6, v7 = sch.sample_perfect_tile(loop=l5, n=2, max_innermost_factor=64, decision=[25, 40])
l8, l9 = sch.split(loop=l5, factors=[v6, v7], preserve_unit_iters=True)
b10 = sch.rfactor(loop=l8, factor_axis=1)
sch.annotate(block_or_loop=b2, ann_key="meta_schedule.random_compute_producer", ann_val=1)
sch.annotate(block_or_loop=b3, ann_key="meta_schedule.parallel", ann_val=768)
sch.annotate(block_or_loop=b3, ann_key="meta_schedule.vectorize", ann_val=64)
v11 = sch.sample_categorical(candidates=[0, 16, 64, 512], probs=[0.25, 0.25, 0.25, 0.25], decision=0)
sch.annotate(block_or_loop=b3, ann_key="meta_schedule.unroll_explicit", ann_val=v11)
b12, = sch.get_producers(block=b2)
sch.unannotate(block_or_loop=b2, ann_key="meta_schedule.random_compute_producer")
l13 = sch.sample_compute_location(block=b2, decision=1)
sch.compute_at(block=b2, loop=l13, preserve_unit_loops=True, index=-1)
l14 = sch.sample_compute_location(block=b12, decision=2)
sch.compute_at(block=b12, loop=l14, preserve_unit_loops=True, index=-1)
l15 = sch.sample_compute_location(block=b1, decision=-1)
sch.compute_at(block=b1, loop=l15, preserve_unit_loops=True, index=-1)
l16 = sch.sample_compute_location(block=b0, decision=-1)
sch.compute_at(block=b0, loop=l16, preserve_unit_loops=True, index=-1)
2024-04-28 20:36:10 [INFO] [task_scheduler.cc:170] Design space #3:
# from tvm.script import ir as I
# from tvm.script import tir as T

@I.ir_module
class Module:
    @T.prim_func
    def main(p0: T.Buffer((T.int64(1), T.int64(1000)), "float32"), T_softmax_norm: T.Buffer((T.int64(1), T.int64(1000)), "float32")):
        T.func_attr({"tir.noalias": T.bool(True)})
        with T.block("root"):
            T.reads()
            T.writes()
            T.block_attr({"meta_schedule.parallel": 768, "meta_schedule.unroll_explicit": 64, "meta_schedule.vectorize": 64})
            T_softmax_maxelem = T.alloc_buffer((T.int64(1),))
            T_softmax_exp = T.alloc_buffer((T.int64(1), T.int64(1000)))
            T_softmax_expsum = T.alloc_buffer((T.int64(1),))
            T_softmax_expsum_rf = T.alloc_buffer((T.int64(1), T.int64(40)))
            T_softmax_maxelem_rf = T.alloc_buffer((T.int64(1), T.int64(25)))
            for i0, i1 in T.grid(T.int64(1), T.int64(1000)):
                for ax0, ax1, ax2 in T.grid(T.int64(25), T.int64(1), T.int64(40)):
                    with T.block("T_softmax_maxelem_rf"):
                        vk_0, v_i0, vk_1 = T.axis.remap("SSR", [ax0, ax1, ax2])
                        T.reads(p0[v_i0, vk_0 * T.int64(40) + vk_1])
                        T.writes(T_softmax_maxelem_rf[v_i0, vk_0])
                        with T.init():
                            T_softmax_maxelem_rf[v_i0, vk_0] = T.float32(-3.4028234663852886e+38)
                        T_softmax_maxelem_rf[v_i0, vk_0] = T.max(T_softmax_maxelem_rf[v_i0, vk_0], p0[v_i0, vk_0 * T.int64(40) + vk_1])
                for ax0, ax1 in T.grid(T.int64(25), T.int64(1)):
                    with T.block("T_softmax_maxelem"):
                        vk_0, v_i0 = T.axis.remap("RS", [ax0, ax1])
                        T.reads(T_softmax_maxelem_rf[v_i0, vk_0])
                        T.writes(T_softmax_maxelem[v_i0])
                        with T.init():
                            T_softmax_maxelem[v_i0] = T.float32(-3.4028234663852886e+38)
                        T_softmax_maxelem[v_i0] = T.max(T_softmax_maxelem[v_i0], T_softmax_maxelem_rf[v_i0, vk_0])
                with T.block("T_softmax_exp"):
                    v_i0, v_i1 = T.axis.remap("SS", [i0, i1])
                    T.reads(p0[v_i0, v_i1], T_softmax_maxelem[v_i0])
                    T.writes(T_softmax_exp[v_i0, v_i1])
                    T_softmax_exp[v_i0, v_i1] = T.exp(p0[v_i0, v_i1] - T_softmax_maxelem[v_i0])
            for i0, i1 in T.grid(T.int64(1), T.int64(1000)):
                for ax0, ax1, ax2 in T.grid(T.int64(40), T.int64(1), T.int64(25)):
                    with T.block("T_softmax_expsum_rf"):
                        vk_1, v_i0, vk_0 = T.axis.remap("SSR", [ax0, ax1, ax2])
                        T.reads(T_softmax_exp[v_i0, vk_0 * T.int64(40) + vk_1])
                        T.writes(T_softmax_expsum_rf[v_i0, vk_1])
                        with T.init():
                            T_softmax_expsum_rf[v_i0, vk_1] = T.float32(0)
                        T_softmax_expsum_rf[v_i0, vk_1] = T_softmax_expsum_rf[v_i0, vk_1] + T_softmax_exp[v_i0, vk_0 * T.int64(40) + vk_1]
                for ax0, ax1 in T.grid(T.int64(40), T.int64(1)):
                    with T.block("T_softmax_expsum"):
                        vk_1, v_i0 = T.axis.remap("RS", [ax0, ax1])
                        T.reads(T_softmax_expsum_rf[v_i0, vk_1])
                        T.writes(T_softmax_expsum[v_i0])
                        with T.init():
                            T_softmax_expsum[v_i0] = T.float32(0)
                        T_softmax_expsum[v_i0] = T_softmax_expsum[v_i0] + T_softmax_expsum_rf[v_i0, vk_1]
                with T.block("T_softmax_norm"):
                    v_i0, v_i1 = T.axis.remap("SS", [i0, i1])
                    T.reads(T_softmax_exp[v_i0, v_i1], T_softmax_expsum[v_i0])
                    T.writes(T_softmax_norm[v_i0, v_i1])
                    T.block_attr({"axis": 1})
                    T_softmax_norm[v_i0, v_i1] = T_softmax_exp[v_i0, v_i1] / T_softmax_expsum[v_i0]
b0 = sch.get_block(name="T_softmax_maxelem", func_name="main")
b1 = sch.get_block(name="T_softmax_exp", func_name="main")
b2 = sch.get_block(name="T_softmax_expsum", func_name="main")
b3 = sch.get_block(name="root", func_name="main")
l4, l5 = sch.get_loops(block=b2)
v6, v7 = sch.sample_perfect_tile(loop=l5, n=2, max_innermost_factor=64, decision=[25, 40])
l8, l9 = sch.split(loop=l5, factors=[v6, v7], preserve_unit_iters=True)
b10 = sch.rfactor(loop=l9, factor_axis=1)
sch.annotate(block_or_loop=b2, ann_key="meta_schedule.random_compute_producer", ann_val=1)
l11, l12 = sch.get_loops(block=b0)
v13, v14 = sch.sample_perfect_tile(loop=l12, n=2, max_innermost_factor=64, decision=[25, 40])
l15, l16 = sch.split(loop=l12, factors=[v13, v14], preserve_unit_iters=True)
b17 = sch.rfactor(loop=l15, factor_axis=1)
sch.annotate(block_or_loop=b0, ann_key="meta_schedule.random_compute_producer", ann_val=1)
sch.annotate(block_or_loop=b3, ann_key="meta_schedule.parallel", ann_val=768)
sch.annotate(block_or_loop=b3, ann_key="meta_schedule.vectorize", ann_val=64)
v18 = sch.sample_categorical(candidates=[0, 16, 64, 512], probs=[0.25, 0.25, 0.25, 0.25], decision=2)
sch.annotate(block_or_loop=b3, ann_key="meta_schedule.unroll_explicit", ann_val=v18)
b19, = sch.get_producers(block=b2)
sch.unannotate(block_or_loop=b2, ann_key="meta_schedule.random_compute_producer")
l20 = sch.sample_compute_location(block=b2, decision=1)
sch.compute_at(block=b2, loop=l20, preserve_unit_loops=True, index=-1)
l21 = sch.sample_compute_location(block=b19, decision=1)
sch.compute_at(block=b19, loop=l21, preserve_unit_loops=True, index=-1)
l22 = sch.sample_compute_location(block=b1, decision=-1)
sch.compute_at(block=b1, loop=l22, preserve_unit_loops=True, index=-1)
b23, = sch.get_producers(block=b0)
sch.unannotate(block_or_loop=b0, ann_key="meta_schedule.random_compute_producer")
l24 = sch.sample_compute_location(block=b0, decision=1)
sch.compute_at(block=b0, loop=l24, preserve_unit_loops=True, index=-1)
l25 = sch.sample_compute_location(block=b23, decision=1)
sch.compute_at(block=b23, loop=l25, preserve_unit_loops=True, index=-1)
2024-04-28 20:36:10 [INFO] [task_scheduler.cc:170] Design space #4:
# from tvm.script import ir as I
# from tvm.script import tir as T

@I.ir_module
class Module:
    @T.prim_func
    def main(p0: T.Buffer((T.int64(1), T.int64(1000)), "float32"), T_softmax_norm: T.Buffer((T.int64(1), T.int64(1000)), "float32")):
        T.func_attr({"tir.noalias": T.bool(True)})
        with T.block("root"):
            T.reads()
            T.writes()
            T.block_attr({"meta_schedule.parallel": 768, "meta_schedule.unroll_explicit": 16, "meta_schedule.vectorize": 64})
            T_softmax_maxelem = T.alloc_buffer((T.int64(1),))
            T_softmax_exp = T.alloc_buffer((T.int64(1), T.int64(1000)))
            T_softmax_expsum = T.alloc_buffer((T.int64(1),))
            T_softmax_expsum_rf = T.alloc_buffer((T.int64(1), T.int64(40)))
            T_softmax_maxelem_rf = T.alloc_buffer((T.int64(1), T.int64(40)))
            for i0, k_0, k_1 in T.grid(T.int64(1), T.int64(25), T.int64(40)):
                with T.block("T_softmax_maxelem_rf"):
                    vk_1, v_i0, vk_0 = T.axis.remap("SSR", [k_1, i0, k_0])
                    T.reads(p0[v_i0, vk_0 * T.int64(40) + vk_1])
                    T.writes(T_softmax_maxelem_rf[v_i0, vk_1])
                    with T.init():
                        T_softmax_maxelem_rf[v_i0, vk_1] = T.float32(-3.4028234663852886e+38)
                    T_softmax_maxelem_rf[v_i0, vk_1] = T.max(T_softmax_maxelem_rf[v_i0, vk_1], p0[v_i0, vk_0 * T.int64(40) + vk_1])
            for i0, k_1 in T.grid(T.int64(1), T.int64(40)):
                with T.block("T_softmax_maxelem"):
                    vk_1, v_i0 = T.axis.remap("RS", [k_1, i0])
                    T.reads(T_softmax_maxelem_rf[v_i0, vk_1])
                    T.writes(T_softmax_maxelem[v_i0])
                    with T.init():
                        T_softmax_maxelem[v_i0] = T.float32(-3.4028234663852886e+38)
                    T_softmax_maxelem[v_i0] = T.max(T_softmax_maxelem[v_i0], T_softmax_maxelem_rf[v_i0, vk_1])
            for i0, i1 in T.grid(T.int64(1), T.int64(1000)):
                for ax0, ax1 in T.grid(T.int64(1), T.int64(1000)):
                    with T.block("T_softmax_exp"):
                        v_i0, v_i1 = T.axis.remap("SS", [ax0, ax1])
                        T.reads(p0[v_i0, v_i1], T_softmax_maxelem[v_i0])
                        T.writes(T_softmax_exp[v_i0, v_i1])
                        T_softmax_exp[v_i0, v_i1] = T.exp(p0[v_i0, v_i1] - T_softmax_maxelem[v_i0])
                for ax0 in range(T.int64(40)):
                    for ax0_1, ax1, ax2 in T.grid(T.int64(1), T.int64(1), T.int64(25)):
                        with T.block("T_softmax_expsum_rf"):
                            vk_1 = T.axis.spatial(T.int64(40), ax0 + ax0_1)
                            v_i0, vk_0 = T.axis.remap("SR", [ax1, ax2])
                            T.reads(T_softmax_exp[v_i0, vk_0 * T.int64(40) + vk_1])
                            T.writes(T_softmax_expsum_rf[v_i0, vk_1])
                            with T.init():
                                T_softmax_expsum_rf[v_i0, vk_1] = T.float32(0)
                            T_softmax_expsum_rf[v_i0, vk_1] = T_softmax_expsum_rf[v_i0, vk_1] + T_softmax_exp[v_i0, vk_0 * T.int64(40) + vk_1]
                    for ax1 in range(T.int64(1)):
                        with T.block("T_softmax_expsum"):
                            vk_1, v_i0 = T.axis.remap("RS", [ax0, ax1])
                            T.reads(T_softmax_expsum_rf[v_i0, vk_1])
                            T.writes(T_softmax_expsum[v_i0])
                            with T.init():
                                T_softmax_expsum[v_i0] = T.float32(0)
                            T_softmax_expsum[v_i0] = T_softmax_expsum[v_i0] + T_softmax_expsum_rf[v_i0, vk_1]
                with T.block("T_softmax_norm"):
                    v_i0, v_i1 = T.axis.remap("SS", [i0, i1])
                    T.reads(T_softmax_exp[v_i0, v_i1], T_softmax_expsum[v_i0])
                    T.writes(T_softmax_norm[v_i0, v_i1])
                    T.block_attr({"axis": 1})
                    T_softmax_norm[v_i0, v_i1] = T_softmax_exp[v_i0, v_i1] / T_softmax_expsum[v_i0]
b0 = sch.get_block(name="T_softmax_maxelem", func_name="main")
b1 = sch.get_block(name="T_softmax_exp", func_name="main")
b2 = sch.get_block(name="T_softmax_expsum", func_name="main")
b3 = sch.get_block(name="root", func_name="main")
l4, l5 = sch.get_loops(block=b2)
v6, v7 = sch.sample_perfect_tile(loop=l5, n=2, max_innermost_factor=64, decision=[25, 40])
l8, l9 = sch.split(loop=l5, factors=[v6, v7], preserve_unit_iters=True)
b10 = sch.rfactor(loop=l9, factor_axis=1)
sch.annotate(block_or_loop=b2, ann_key="meta_schedule.random_compute_producer", ann_val=1)
l11, l12 = sch.get_loops(block=b0)
v13, v14 = sch.sample_perfect_tile(loop=l12, n=2, max_innermost_factor=64, decision=[25, 40])
l15, l16 = sch.split(loop=l12, factors=[v13, v14], preserve_unit_iters=True)
b17 = sch.rfactor(loop=l16, factor_axis=1)
sch.annotate(block_or_loop=b0, ann_key="meta_schedule.random_compute_producer", ann_val=1)
sch.annotate(block_or_loop=b3, ann_key="meta_schedule.parallel", ann_val=768)
sch.annotate(block_or_loop=b3, ann_key="meta_schedule.vectorize", ann_val=64)
v18 = sch.sample_categorical(candidates=[0, 16, 64, 512], probs=[0.25, 0.25, 0.25, 0.25], decision=1)
sch.annotate(block_or_loop=b3, ann_key="meta_schedule.unroll_explicit", ann_val=v18)
b19, = sch.get_producers(block=b2)
sch.unannotate(block_or_loop=b2, ann_key="meta_schedule.random_compute_producer")
l20 = sch.sample_compute_location(block=b2, decision=1)
sch.compute_at(block=b2, loop=l20, preserve_unit_loops=True, index=-1)
l21 = sch.sample_compute_location(block=b19, decision=2)
sch.compute_at(block=b19, loop=l21, preserve_unit_loops=True, index=-1)
l22 = sch.sample_compute_location(block=b1, decision=1)
sch.compute_at(block=b1, loop=l22, preserve_unit_loops=True, index=-1)
b23, = sch.get_producers(block=b0)
sch.unannotate(block_or_loop=b0, ann_key="meta_schedule.random_compute_producer")
l24 = sch.sample_compute_location(block=b0, decision=-1)
sch.compute_at(block=b0, loop=l24, preserve_unit_loops=True, index=-1)
l25 = sch.sample_compute_location(block=b23, decision=-1)
sch.compute_at(block=b23, loop=l25, preserve_unit_loops=True, index=-1)
2024-04-28 20:36:10 [INFO] [task_scheduler.cc:170] Design space #5:
# from tvm.script import ir as I
# from tvm.script import tir as T

@I.ir_module
class Module:
    @T.prim_func
    def main(p0: T.Buffer((T.int64(1), T.int64(1000)), "float32"), T_softmax_norm: T.Buffer((T.int64(1), T.int64(1000)), "float32")):
        T.func_attr({"tir.noalias": T.bool(True)})
        with T.block("root"):
            T.reads()
            T.writes()
            T.block_attr({"meta_schedule.parallel": 768, "meta_schedule.unroll_explicit": 0, "meta_schedule.vectorize": 64})
            T_softmax_maxelem = T.alloc_buffer((T.int64(1),))
            T_softmax_exp = T.alloc_buffer((T.int64(1), T.int64(1000)))
            T_softmax_expsum = T.alloc_buffer((T.int64(1),))
            T_softmax_expsum_rf = T.alloc_buffer((T.int64(1), T.int64(40)))
            for i0, k in T.grid(T.int64(1), T.int64(1000)):
                with T.block("T_softmax_maxelem"):
                    v_i0, v_k = T.axis.remap("SR", [i0, k])
                    T.reads(p0[v_i0, v_k])
                    T.writes(T_softmax_maxelem[v_i0])
                    with T.init():
                        T_softmax_maxelem[v_i0] = T.float32(-3.4028234663852886e+38)
                    T_softmax_maxelem[v_i0] = T.max(T_softmax_maxelem[v_i0], p0[v_i0, v_k])
            for i0, i1 in T.grid(T.int64(1), T.int64(1000)):
                with T.block("T_softmax_exp"):
                    v_i0, v_i1 = T.axis.remap("SS", [i0, i1])
                    T.reads(p0[v_i0, v_i1], T_softmax_maxelem[v_i0])
                    T.writes(T_softmax_exp[v_i0, v_i1])
                    T_softmax_exp[v_i0, v_i1] = T.exp(p0[v_i0, v_i1] - T_softmax_maxelem[v_i0])
            for i0, k_0, k_1 in T.grid(T.int64(1), T.int64(25), T.int64(40)):
                with T.block("T_softmax_expsum_rf"):
                    vk_1, v_i0, vk_0 = T.axis.remap("SSR", [k_1, i0, k_0])
                    T.reads(T_softmax_exp[v_i0, vk_0 * T.int64(40) + vk_1])
                    T.writes(T_softmax_expsum_rf[v_i0, vk_1])
                    with T.init():
                        T_softmax_expsum_rf[v_i0, vk_1] = T.float32(0)
                    T_softmax_expsum_rf[v_i0, vk_1] = T_softmax_expsum_rf[v_i0, vk_1] + T_softmax_exp[v_i0, vk_0 * T.int64(40) + vk_1]
            for i0, k_1 in T.grid(T.int64(1), T.int64(40)):
                with T.block("T_softmax_expsum"):
                    vk_1, v_i0 = T.axis.remap("RS", [k_1, i0])
                    T.reads(T_softmax_expsum_rf[v_i0, vk_1])
                    T.writes(T_softmax_expsum[v_i0])
                    with T.init():
                        T_softmax_expsum[v_i0] = T.float32(0)
                    T_softmax_expsum[v_i0] = T_softmax_expsum[v_i0] + T_softmax_expsum_rf[v_i0, vk_1]
            for i0, i1 in T.grid(T.int64(1), T.int64(1000)):
                with T.block("T_softmax_norm"):
                    v_i0, v_i1 = T.axis.remap("SS", [i0, i1])
                    T.reads(T_softmax_exp[v_i0, v_i1], T_softmax_expsum[v_i0])
                    T.writes(T_softmax_norm[v_i0, v_i1])
                    T.block_attr({"axis": 1})
                    T_softmax_norm[v_i0, v_i1] = T_softmax_exp[v_i0, v_i1] / T_softmax_expsum[v_i0]
b0 = sch.get_block(name="T_softmax_maxelem", func_name="main")
b1 = sch.get_block(name="T_softmax_exp", func_name="main")
b2 = sch.get_block(name="T_softmax_expsum", func_name="main")
b3 = sch.get_block(name="root", func_name="main")
l4, l5 = sch.get_loops(block=b2)
v6, v7 = sch.sample_perfect_tile(loop=l5, n=2, max_innermost_factor=64, decision=[25, 40])
l8, l9 = sch.split(loop=l5, factors=[v6, v7], preserve_unit_iters=True)
b10 = sch.rfactor(loop=l9, factor_axis=1)
sch.annotate(block_or_loop=b2, ann_key="meta_schedule.random_compute_producer", ann_val=1)
sch.annotate(block_or_loop=b3, ann_key="meta_schedule.parallel", ann_val=768)
sch.annotate(block_or_loop=b3, ann_key="meta_schedule.vectorize", ann_val=64)
v11 = sch.sample_categorical(candidates=[0, 16, 64, 512], probs=[0.25, 0.25, 0.25, 0.25], decision=0)
sch.annotate(block_or_loop=b3, ann_key="meta_schedule.unroll_explicit", ann_val=v11)
b12, = sch.get_producers(block=b2)
sch.unannotate(block_or_loop=b2, ann_key="meta_schedule.random_compute_producer")
l13 = sch.sample_compute_location(block=b2, decision=-1)
sch.compute_at(block=b2, loop=l13, preserve_unit_loops=True, index=-1)
l14 = sch.sample_compute_location(block=b12, decision=-1)
sch.compute_at(block=b12, loop=l14, preserve_unit_loops=True, index=-1)
l15 = sch.sample_compute_location(block=b1, decision=-1)
sch.compute_at(block=b1, loop=l15, preserve_unit_loops=True, index=-1)
l16 = sch.sample_compute_location(block=b0, decision=-1)
sch.compute_at(block=b0, loop=l16, preserve_unit_loops=True, index=-1)
2024-04-28 20:36:10 [INFO] [task_scheduler.cc:170] Design space #6:
# from tvm.script import ir as I
# from tvm.script import tir as T

@I.ir_module
class Module:
    @T.prim_func
    def main(p0: T.Buffer((T.int64(1), T.int64(1000)), "float32"), T_softmax_norm: T.Buffer((T.int64(1), T.int64(1000)), "float32")):
        T.func_attr({"tir.noalias": T.bool(True)})
        with T.block("root"):
            T.reads()
            T.writes()
            T.block_attr({"meta_schedule.parallel": 768, "meta_schedule.unroll_explicit": 16, "meta_schedule.vectorize": 64})
            T_softmax_maxelem = T.alloc_buffer((T.int64(1),))
            T_softmax_expsum = T.alloc_buffer((T.int64(1),))
            T_softmax_maxelem_rf = T.alloc_buffer((T.int64(1), T.int64(25)))
            for i0, k_0, k_1 in T.grid(T.int64(1), T.int64(25), T.int64(40)):
                with T.block("T_softmax_maxelem_rf"):
                    vk_0, v_i0, vk_1 = T.axis.remap("SSR", [k_0, i0, k_1])
                    T.reads(p0[v_i0, vk_0 * T.int64(40) + vk_1])
                    T.writes(T_softmax_maxelem_rf[v_i0, vk_0])
                    with T.init():
                        T_softmax_maxelem_rf[v_i0, vk_0] = T.float32(-3.4028234663852886e+38)
                    T_softmax_maxelem_rf[v_i0, vk_0] = T.max(T_softmax_maxelem_rf[v_i0, vk_0], p0[v_i0, vk_0 * T.int64(40) + vk_1])
            for i0, k_0 in T.grid(T.int64(1), T.int64(25)):
                with T.block("T_softmax_maxelem"):
                    vk_0, v_i0 = T.axis.remap("RS", [k_0, i0])
                    T.reads(T_softmax_maxelem_rf[v_i0, vk_0])
                    T.writes(T_softmax_maxelem[v_i0])
                    with T.init():
                        T_softmax_maxelem[v_i0] = T.float32(-3.4028234663852886e+38)
                    T_softmax_maxelem[v_i0] = T.max(T_softmax_maxelem[v_i0], T_softmax_maxelem_rf[v_i0, vk_0])
            for i0, i1 in T.grid(T.int64(1), T.int64(1000)):
                for ax0, ax1 in T.grid(T.int64(1), T.int64(1000)):
                    with T.block("T_softmax_expsum"):
                        v_i0, v_k = T.axis.remap("SR", [ax0, ax1])
                        T.reads(p0[v_i0, v_k], T_softmax_maxelem[v_i0])
                        T.writes(T_softmax_expsum[v_i0])
                        with T.init():
                            T_softmax_expsum[v_i0] = T.float32(0)
                        T_softmax_expsum[v_i0] = T_softmax_expsum[v_i0] + T.exp(p0[v_i0, v_k] - T_softmax_maxelem[v_i0])
                with T.block("T_softmax_norm"):
                    v_i0, v_i1 = T.axis.remap("SS", [i0, i1])
                    T.reads(p0[v_i0, v_i1], T_softmax_maxelem[v_i0], T_softmax_expsum[v_i0])
                    T.writes(T_softmax_norm[v_i0, v_i1])
                    T.block_attr({"axis": 1})
                    T_softmax_norm[v_i0, v_i1] = T.exp(p0[v_i0, v_i1] - T_softmax_maxelem[v_i0]) / T_softmax_expsum[v_i0]
b0 = sch.get_block(name="T_softmax_maxelem", func_name="main")
b1 = sch.get_block(name="T_softmax_exp", func_name="main")
b2 = sch.get_block(name="T_softmax_expsum", func_name="main")
b3 = sch.get_block(name="root", func_name="main")
l4, l5 = sch.get_loops(block=b0)
v6, v7 = sch.sample_perfect_tile(loop=l5, n=2, max_innermost_factor=64, decision=[25, 40])
l8, l9 = sch.split(loop=l5, factors=[v6, v7], preserve_unit_iters=True)
b10 = sch.rfactor(loop=l8, factor_axis=1)
sch.annotate(block_or_loop=b0, ann_key="meta_schedule.random_compute_producer", ann_val=1)
sch.annotate(block_or_loop=b3, ann_key="meta_schedule.parallel", ann_val=768)
sch.annotate(block_or_loop=b3, ann_key="meta_schedule.vectorize", ann_val=64)
v11 = sch.sample_categorical(candidates=[0, 16, 64, 512], probs=[0.25, 0.25, 0.25, 0.25], decision=1)
sch.annotate(block_or_loop=b3, ann_key="meta_schedule.unroll_explicit", ann_val=v11)
l12 = sch.sample_compute_location(block=b2, decision=1)
sch.compute_at(block=b2, loop=l12, preserve_unit_loops=True, index=-1)
l13 = sch.sample_compute_location(block=b1, decision=-2)
sch.compute_at(block=b1, loop=l13, preserve_unit_loops=True, index=-1)
b14, = sch.get_producers(block=b0)
sch.unannotate(block_or_loop=b0, ann_key="meta_schedule.random_compute_producer")
l15 = sch.sample_compute_location(block=b0, decision=-1)
sch.compute_at(block=b0, loop=l15, preserve_unit_loops=True, index=-1)
l16 = sch.sample_compute_location(block=b14, decision=-1)
sch.compute_at(block=b14, loop=l16, preserve_unit_loops=True, index=-1)
2024-04-28 20:36:10 [INFO] [task_scheduler.cc:170] Design space #7:
# from tvm.script import ir as I
# from tvm.script import tir as T

@I.ir_module
class Module:
    @T.prim_func
    def main(p0: T.Buffer((T.int64(1), T.int64(1000)), "float32"), T_softmax_norm: T.Buffer((T.int64(1), T.int64(1000)), "float32")):
        T.func_attr({"tir.noalias": T.bool(True)})
        with T.block("root"):
            T.reads()
            T.writes()
            T.block_attr({"meta_schedule.parallel": 768, "meta_schedule.unroll_explicit": 64, "meta_schedule.vectorize": 64})
            T_softmax_maxelem = T.alloc_buffer((T.int64(1),))
            T_softmax_expsum = T.alloc_buffer((T.int64(1),))
            T_softmax_maxelem_rf = T.alloc_buffer((T.int64(1), T.int64(40)))
            for i0, k_0, k_1 in T.grid(T.int64(1), T.int64(25), T.int64(40)):
                with T.block("T_softmax_maxelem_rf"):
                    vk_1, v_i0, vk_0 = T.axis.remap("SSR", [k_1, i0, k_0])
                    T.reads(p0[v_i0, vk_0 * T.int64(40) + vk_1])
                    T.writes(T_softmax_maxelem_rf[v_i0, vk_1])
                    with T.init():
                        T_softmax_maxelem_rf[v_i0, vk_1] = T.float32(-3.4028234663852886e+38)
                    T_softmax_maxelem_rf[v_i0, vk_1] = T.max(T_softmax_maxelem_rf[v_i0, vk_1], p0[v_i0, vk_0 * T.int64(40) + vk_1])
            for i0, k_1 in T.grid(T.int64(1), T.int64(40)):
                with T.block("T_softmax_maxelem"):
                    vk_1, v_i0 = T.axis.remap("RS", [k_1, i0])
                    T.reads(T_softmax_maxelem_rf[v_i0, vk_1])
                    T.writes(T_softmax_maxelem[v_i0])
                    with T.init():
                        T_softmax_maxelem[v_i0] = T.float32(-3.4028234663852886e+38)
                    T_softmax_maxelem[v_i0] = T.max(T_softmax_maxelem[v_i0], T_softmax_maxelem_rf[v_i0, vk_1])
            for i0, k in T.grid(T.int64(1), T.int64(1000)):
                with T.block("T_softmax_expsum"):
                    v_i0, v_k = T.axis.remap("SR", [i0, k])
                    T.reads(p0[v_i0, v_k], T_softmax_maxelem[v_i0])
                    T.writes(T_softmax_expsum[v_i0])
                    with T.init():
                        T_softmax_expsum[v_i0] = T.float32(0)
                    T_softmax_expsum[v_i0] = T_softmax_expsum[v_i0] + T.exp(p0[v_i0, v_k] - T_softmax_maxelem[v_i0])
            for i0, i1 in T.grid(T.int64(1), T.int64(1000)):
                with T.block("T_softmax_norm"):
                    v_i0, v_i1 = T.axis.remap("SS", [i0, i1])
                    T.reads(p0[v_i0, v_i1], T_softmax_maxelem[v_i0], T_softmax_expsum[v_i0])
                    T.writes(T_softmax_norm[v_i0, v_i1])
                    T.block_attr({"axis": 1})
                    T_softmax_norm[v_i0, v_i1] = T.exp(p0[v_i0, v_i1] - T_softmax_maxelem[v_i0]) / T_softmax_expsum[v_i0]
b0 = sch.get_block(name="T_softmax_maxelem", func_name="main")
b1 = sch.get_block(name="T_softmax_exp", func_name="main")
b2 = sch.get_block(name="T_softmax_expsum", func_name="main")
b3 = sch.get_block(name="root", func_name="main")
l4, l5 = sch.get_loops(block=b0)
v6, v7 = sch.sample_perfect_tile(loop=l5, n=2, max_innermost_factor=64, decision=[25, 40])
l8, l9 = sch.split(loop=l5, factors=[v6, v7], preserve_unit_iters=True)
b10 = sch.rfactor(loop=l9, factor_axis=1)
sch.annotate(block_or_loop=b0, ann_key="meta_schedule.random_compute_producer", ann_val=1)
sch.annotate(block_or_loop=b3, ann_key="meta_schedule.parallel", ann_val=768)
sch.annotate(block_or_loop=b3, ann_key="meta_schedule.vectorize", ann_val=64)
v11 = sch.sample_categorical(candidates=[0, 16, 64, 512], probs=[0.25, 0.25, 0.25, 0.25], decision=2)
sch.annotate(block_or_loop=b3, ann_key="meta_schedule.unroll_explicit", ann_val=v11)
l12 = sch.sample_compute_location(block=b2, decision=-1)
sch.compute_at(block=b2, loop=l12, preserve_unit_loops=True, index=-1)
l13 = sch.sample_compute_location(block=b1, decision=-2)
sch.compute_at(block=b1, loop=l13, preserve_unit_loops=True, index=-1)
b14, = sch.get_producers(block=b0)
sch.unannotate(block_or_loop=b0, ann_key="meta_schedule.random_compute_producer")
l15 = sch.sample_compute_location(block=b0, decision=-1)
sch.compute_at(block=b0, loop=l15, preserve_unit_loops=True, index=-1)
l16 = sch.sample_compute_location(block=b14, decision=-1)
sch.compute_at(block=b14, loop=l16, preserve_unit_loops=True, index=-1)
2024-04-28 20:36:10 [INFO] [task_scheduler.cc:170] Design space #8:
# from tvm.script import ir as I
# from tvm.script import tir as T

@I.ir_module
class Module:
    @T.prim_func
    def main(p0: T.Buffer((T.int64(1), T.int64(1000)), "float32"), T_softmax_norm: T.Buffer((T.int64(1), T.int64(1000)), "float32")):
        T.func_attr({"tir.noalias": T.bool(True)})
        with T.block("root"):
            T.reads()
            T.writes()
            T.block_attr({"meta_schedule.parallel": 768, "meta_schedule.unroll_explicit": 16, "meta_schedule.vectorize": 64})
            T_softmax_maxelem = T.alloc_buffer((T.int64(1),))
            T_softmax_exp = T.alloc_buffer((T.int64(1), T.int64(1000)))
            T_softmax_expsum = T.alloc_buffer((T.int64(1),))
            for i0, i1 in T.grid(T.int64(1), T.int64(1000)):
                for ax0, ax1 in T.grid(T.int64(1), T.int64(1000)):
                    with T.block("T_softmax_maxelem"):
                        v_i0, v_k = T.axis.remap("SR", [ax0, ax1])
                        T.reads(p0[v_i0, v_k])
                        T.writes(T_softmax_maxelem[v_i0])
                        with T.init():
                            T_softmax_maxelem[v_i0] = T.float32(-3.4028234663852886e+38)
                        T_softmax_maxelem[v_i0] = T.max(T_softmax_maxelem[v_i0], p0[v_i0, v_k])
                with T.block("T_softmax_exp"):
                    v_i0, v_i1 = T.axis.remap("SS", [i0, i1])
                    T.reads(p0[v_i0, v_i1], T_softmax_maxelem[v_i0])
                    T.writes(T_softmax_exp[v_i0, v_i1])
                    T_softmax_exp[v_i0, v_i1] = T.exp(p0[v_i0, v_i1] - T_softmax_maxelem[v_i0])
            for i0, k in T.grid(T.int64(1), T.int64(1000)):
                with T.block("T_softmax_expsum"):
                    v_i0, v_k = T.axis.remap("SR", [i0, k])
                    T.reads(T_softmax_exp[v_i0, v_k])
                    T.writes(T_softmax_expsum[v_i0])
                    with T.init():
                        T_softmax_expsum[v_i0] = T.float32(0)
                    T_softmax_expsum[v_i0] = T_softmax_expsum[v_i0] + T_softmax_exp[v_i0, v_k]
            for i0, i1 in T.grid(T.int64(1), T.int64(1000)):
                with T.block("T_softmax_norm"):
                    v_i0, v_i1 = T.axis.remap("SS", [i0, i1])
                    T.reads(T_softmax_exp[v_i0, v_i1], T_softmax_expsum[v_i0])
                    T.writes(T_softmax_norm[v_i0, v_i1])
                    T.block_attr({"axis": 1})
                    T_softmax_norm[v_i0, v_i1] = T_softmax_exp[v_i0, v_i1] / T_softmax_expsum[v_i0]
b0 = sch.get_block(name="T_softmax_maxelem", func_name="main")
b1 = sch.get_block(name="T_softmax_exp", func_name="main")
b2 = sch.get_block(name="T_softmax_expsum", func_name="main")
b3 = sch.get_block(name="root", func_name="main")
sch.annotate(block_or_loop=b3, ann_key="meta_schedule.parallel", ann_val=768)
sch.annotate(block_or_loop=b3, ann_key="meta_schedule.vectorize", ann_val=64)
v4 = sch.sample_categorical(candidates=[0, 16, 64, 512], probs=[0.25, 0.25, 0.25, 0.25], decision=1)
sch.annotate(block_or_loop=b3, ann_key="meta_schedule.unroll_explicit", ann_val=v4)
l5 = sch.sample_compute_location(block=b2, decision=-1)
sch.compute_at(block=b2, loop=l5, preserve_unit_loops=True, index=-1)
l6 = sch.sample_compute_location(block=b1, decision=-1)
sch.compute_at(block=b1, loop=l6, preserve_unit_loops=True, index=-1)
l7 = sch.sample_compute_location(block=b0, decision=1)
sch.compute_at(block=b0, loop=l7, preserve_unit_loops=True, index=-1)
2024-04-28 21:10:55 [INFO] [evolutionary_search.cc:713] Generating candidates......
2024-04-28 21:10:55 [INFO] [evolutionary_search.cc:715] Picked top 0 candidate(s) from database
2024-04-28 21:10:56 [INFO] [evolutionary_search.cc:533] Sample-Init-Population summary:
Postproc #0 [meta_schedule.DisallowDynamicLoop(0x31bec08)]: 0 failure(s)
Postproc #1 [meta_schedule.RewriteParallelVectorizeUnroll(0x363c4c8)]: 0 failure(s)
Postproc #2 [meta_schedule.RewriteReductionBlock(0x36b8f08)]: 0 failure(s)
Postproc #3 [meta_schedule.RewriteLayout(0x368b778)]: 0 failure(s)
2024-04-28 21:10:56 [INFO] [evolutionary_search.cc:723] Sampled 512 candidate(s)
2024-04-28 21:10:57 [INFO] [evolutionary_search.cc:621] Evolve iter #0 done. Summary:
Postproc #0 [meta_schedule.DisallowDynamicLoop(0x31bec08)]: 0 failure(s)
Postproc #1 [meta_schedule.RewriteParallelVectorizeUnroll(0x363c4c8)]: 0 failure(s)
Postproc #2 [meta_schedule.RewriteReductionBlock(0x36b8f08)]: 0 failure(s)
Postproc #3 [meta_schedule.RewriteLayout(0x368b778)]: 0 failure(s)
2024-04-28 21:10:58 [INFO] [evolutionary_search.cc:621] Evolve iter #1 done. Summary:
Postproc #0 [meta_schedule.DisallowDynamicLoop(0x31bec08)]: 0 failure(s)
Postproc #1 [meta_schedule.RewriteParallelVectorizeUnroll(0x363c4c8)]: 0 failure(s)
Postproc #2 [meta_schedule.RewriteReductionBlock(0x36b8f08)]: 0 failure(s)
Postproc #3 [meta_schedule.RewriteLayout(0x368b778)]: 0 failure(s)
2024-04-28 21:11:00 [INFO] [evolutionary_search.cc:621] Evolve iter #2 done. Summary:
Postproc #0 [meta_schedule.DisallowDynamicLoop(0x31bec08)]: 0 failure(s)
Postproc #1 [meta_schedule.RewriteParallelVectorizeUnroll(0x363c4c8)]: 0 failure(s)
Postproc #2 [meta_schedule.RewriteReductionBlock(0x36b8f08)]: 0 failure(s)
Postproc #3 [meta_schedule.RewriteLayout(0x368b778)]: 0 failure(s)
2024-04-28 21:11:01 [INFO] [evolutionary_search.cc:621] Evolve iter #3 done. Summary:
Postproc #0 [meta_schedule.DisallowDynamicLoop(0x31bec08)]: 0 failure(s)
Postproc #1 [meta_schedule.RewriteParallelVectorizeUnroll(0x363c4c8)]: 0 failure(s)
Postproc #2 [meta_schedule.RewriteReductionBlock(0x36b8f08)]: 0 failure(s)
Postproc #3 [meta_schedule.RewriteLayout(0x368b778)]: 0 failure(s)
2024-04-28 21:11:02 [INFO] [evolutionary_search.cc:649] Scores of the best 64 candidates:
[1 : 16]:	0.9989  0.9987  0.9985  0.9965  0.9964  0.9959  0.9947  0.9937  0.9931  0.9928  0.9925  0.9910  0.9907  0.9888  0.9876  0.9872
[17 : 32]:	0.9869  0.9866  0.9866  0.9857  0.9851  0.9850  0.9850  0.9845  0.9838  0.9835  0.9834  0.9833  0.9822  0.9809  0.9808  0.9806
[33 : 48]:	0.9805  0.9805  0.9791  0.9786  0.9761  0.9754  0.9744  0.9739  0.9738  0.9734  0.9728  0.9727  0.9722  0.9717  0.9715  0.9715
[49 : 64]:	0.9711  0.9709  0.9694  0.9689  0.9688  0.9678  0.9663  0.9662  0.9659  0.9658  0.9654  0.9653  0.9653  0.9635  0.9634  0.9633
2024-04-28 21:11:02 [INFO] [evolutionary_search.cc:727] Got 64 candidate(s) with evolutionary search
2024-04-28 21:11:02 [INFO] [evolutionary_search.cc:730] Sending 64 candidates(s) for measurement
2024-04-28 21:13:14 [INFO] [task_scheduler.cc:131] [Task #30: fused_nn_softmax] Trial #1: GFLOPs: 0.1377. Time: 29.0404 us. Best GFLOPs: 0.1377
2024-04-28 21:13:14 [INFO] [task_scheduler.cc:131] [Task #30: fused_nn_softmax] Trial #2: GFLOPs: 0.1361. Time: 29.3964 us. Best GFLOPs: 0.1377
2024-04-28 21:13:14 [INFO] [task_scheduler.cc:131] [Task #30: fused_nn_softmax] Trial #3: GFLOPs: 0.1096. Time: 36.4890 us. Best GFLOPs: 0.1377
2024-04-28 21:13:14 [INFO] [task_scheduler.cc:131] [Task #30: fused_nn_softmax] Trial #4: GFLOPs: 0.0041. Time: 973.1009 us. Best GFLOPs: 0.1377
2024-04-28 21:13:14 [INFO] [task_scheduler.cc:131] [Task #30: fused_nn_softmax] Trial #5: GFLOPs: 0.0733. Time: 54.5685 us. Best GFLOPs: 0.1377
2024-04-28 21:13:14 [INFO] [task_scheduler.cc:131] [Task #30: fused_nn_softmax] Trial #6: GFLOPs: 0.0342. Time: 117.1047 us. Best GFLOPs: 0.1377
2024-04-28 21:13:14 [INFO] [task_scheduler.cc:131] [Task #30: fused_nn_softmax] Trial #7: GFLOPs: 0.1341. Time: 29.8269 us. Best GFLOPs: 0.1377
2024-04-28 21:13:14 [INFO] [task_scheduler.cc:131] [Task #30: fused_nn_softmax] Trial #8: GFLOPs: 0.1154. Time: 34.6699 us. Best GFLOPs: 0.1377
2024-04-28 21:13:14 [INFO] [task_scheduler.cc:131] [Task #30: fused_nn_softmax] Trial #9: GFLOPs: 0.0169. Time: 236.1595 us. Best GFLOPs: 0.1377
2024-04-28 21:13:14 [INFO] [task_scheduler.cc:131] [Task #30: fused_nn_softmax] Trial #10: GFLOPs: 0.1086. Time: 36.8232 us. Best GFLOPs: 0.1377
2024-04-28 21:13:14 [INFO] [task_scheduler.cc:131] [Task #30: fused_nn_softmax] Trial #11: GFLOPs: 0.0988. Time: 40.4690 us. Best GFLOPs: 0.1377
2024-04-28 21:13:14 [INFO] [task_scheduler.cc:131] [Task #30: fused_nn_softmax] Trial #12: GFLOPs: 0.1094. Time: 36.5683 us. Best GFLOPs: 0.1377
2024-04-28 21:13:14 [INFO] [task_scheduler.cc:131] [Task #30: fused_nn_softmax] Trial #13: GFLOPs: 0.0063. Time: 631.9501 us. Best GFLOPs: 0.1377
2024-04-28 21:13:14 [INFO] [task_scheduler.cc:131] [Task #30: fused_nn_softmax] Trial #14: GFLOPs: 0.0061. Time: 660.6744 us. Best GFLOPs: 0.1377
2024-04-28 21:13:14 [INFO] [task_scheduler.cc:131] [Task #30: fused_nn_softmax] Trial #15: GFLOPs: 0.0088. Time: 456.6302 us. Best GFLOPs: 0.1377
2024-04-28 21:13:14 [INFO] [task_scheduler.cc:131] [Task #30: fused_nn_softmax] Trial #16: GFLOPs: 0.0313. Time: 127.6378 us. Best GFLOPs: 0.1377
2024-04-28 21:13:14 [INFO] [task_scheduler.cc:131] [Task #30: fused_nn_softmax] Trial #17: GFLOPs: 0.0769. Time: 52.0379 us. Best GFLOPs: 0.1377
2024-04-28 21:13:14 [INFO] [task_scheduler.cc:131] [Task #30: fused_nn_softmax] Trial #18: GFLOPs: 0.0633. Time: 63.2321 us. Best GFLOPs: 0.1377
2024-04-28 21:13:14 [INFO] [task_scheduler.cc:131] [Task #30: fused_nn_softmax] Trial #19: GFLOPs: 0.0930. Time: 43.0054 us. Best GFLOPs: 0.1377
2024-04-28 21:13:14 [INFO] [task_scheduler.cc:131] [Task #30: fused_nn_softmax] Trial #20: GFLOPs: 0.0098. Time: 406.5506 us. Best GFLOPs: 0.1377
2024-04-28 21:13:14 [INFO] [task_scheduler.cc:131] [Task #30: fused_nn_softmax] Trial #21: GFLOPs: 0.0058. Time: 688.3344 us. Best GFLOPs: 0.1377
2024-04-28 21:13:14 [INFO] [task_scheduler.cc:131] [Task #30: fused_nn_softmax] Trial #22: GFLOPs: 0.0059. Time: 676.2772 us. Best GFLOPs: 0.1377
2024-04-28 21:13:14 [INFO] [task_scheduler.cc:131] [Task #30: fused_nn_softmax] Trial #23: GFLOPs: 0.0281. Time: 142.1444 us. Best GFLOPs: 0.1377
2024-04-28 21:13:14 [INFO] [task_scheduler.cc:131] [Task #30: fused_nn_softmax] Trial #24: GFLOPs: 0.0913. Time: 43.7982 us. Best GFLOPs: 0.1377
2024-04-28 21:13:14 [INFO] [task_scheduler.cc:131] [Task #30: fused_nn_softmax] Trial #25: GFLOPs: 0.1448. Time: 27.6198 us. Best GFLOPs: 0.1448
2024-04-28 21:13:14 [INFO] [task_scheduler.cc:131] [Task #30: fused_nn_softmax] Trial #26: GFLOPs: 0.0890. Time: 44.9611 us. Best GFLOPs: 0.1448
2024-04-28 21:13:14 [INFO] [task_scheduler.cc:131] [Task #30: fused_nn_softmax] Trial #27: GFLOPs: 0.0344. Time: 116.2110 us. Best GFLOPs: 0.1448
2024-04-28 21:13:14 [INFO] [task_scheduler.cc:131] [Task #30: fused_nn_softmax] Trial #28: GFLOPs: 0.0041. Time: 981.5242 us. Best GFLOPs: 0.1448
2024-04-28 21:13:14 [INFO] [task_scheduler.cc:131] [Task #30: fused_nn_softmax] Trial #29: GFLOPs: 0.0336. Time: 118.9565 us. Best GFLOPs: 0.1448
2024-04-28 21:13:14 [INFO] [task_scheduler.cc:131] [Task #30: fused_nn_softmax] Trial #30: GFLOPs: 0.0772. Time: 51.8377 us. Best GFLOPs: 0.1448
2024-04-28 21:13:14 [INFO] [task_scheduler.cc:131] [Task #30: fused_nn_softmax] Trial #31: GFLOPs: 0.1315. Time: 30.4170 us. Best GFLOPs: 0.1448
2024-04-28 21:13:14 [INFO] [task_scheduler.cc:131] [Task #30: fused_nn_softmax] Trial #32: GFLOPs: 0.1635. Time: 24.4704 us. Best GFLOPs: 0.1635
2024-04-28 21:13:14 [INFO] [task_scheduler.cc:131] [Task #30: fused_nn_softmax] Trial #33: GFLOPs: 0.1067. Time: 37.4849 us. Best GFLOPs: 0.1635
2024-04-28 21:13:14 [INFO] [task_scheduler.cc:131] [Task #30: fused_nn_softmax] Trial #34: GFLOPs: 0.0969. Time: 41.2868 us. Best GFLOPs: 0.1635
2024-04-28 21:13:14 [INFO] [task_scheduler.cc:131] [Task #30: fused_nn_softmax] Trial #35: GFLOPs: 0.0149. Time: 268.5178 us. Best GFLOPs: 0.1635
2024-04-28 21:13:14 [INFO] [task_scheduler.cc:131] [Task #30: fused_nn_softmax] Trial #36: GFLOPs: 0.1112. Time: 35.9847 us. Best GFLOPs: 0.1635
2024-04-28 21:13:14 [INFO] [task_scheduler.cc:131] [Task #30: fused_nn_softmax] Trial #37: GFLOPs: 0.0441. Time: 90.7756 us. Best GFLOPs: 0.1635
2024-04-28 21:13:14 [INFO] [task_scheduler.cc:131] [Task #30: fused_nn_softmax] Trial #38: GFLOPs: 0.1015. Time: 39.4137 us. Best GFLOPs: 0.1635
2024-04-28 21:13:14 [INFO] [task_scheduler.cc:131] [Task #30: fused_nn_softmax] Trial #39: GFLOPs: 0.0641. Time: 62.4205 us. Best GFLOPs: 0.1635
2024-04-28 21:13:14 [INFO] [task_scheduler.cc:131] [Task #30: fused_nn_softmax] Trial #40: GFLOPs: 0.1625. Time: 24.6119 us. Best GFLOPs: 0.1635
2024-04-28 21:13:14 [INFO] [task_scheduler.cc:131] [Task #30: fused_nn_softmax] Trial #41: GFLOPs: 0.0343. Time: 116.6544 us. Best GFLOPs: 0.1635
2024-04-28 21:13:14 [INFO] [task_scheduler.cc:131] [Task #30: fused_nn_softmax] Trial #42: GFLOPs: 0.0060. Time: 663.5226 us. Best GFLOPs: 0.1635
2024-04-28 21:13:14 [INFO] [task_scheduler.cc:131] [Task #30: fused_nn_softmax] Trial #43: GFLOPs: 0.1002. Time: 39.9092 us. Best GFLOPs: 0.1635
2024-04-28 21:13:14 [INFO] [task_scheduler.cc:131] [Task #30: fused_nn_softmax] Trial #44: GFLOPs: 0.0330. Time: 121.2378 us. Best GFLOPs: 0.1635
2024-04-28 21:13:14 [INFO] [task_scheduler.cc:131] [Task #30: fused_nn_softmax] Trial #45: GFLOPs: 0.1003. Time: 39.8909 us. Best GFLOPs: 0.1635
2024-04-28 21:13:14 [INFO] [task_scheduler.cc:131] [Task #30: fused_nn_softmax] Trial #46: GFLOPs: 0.0329. Time: 121.4729 us. Best GFLOPs: 0.1635
2024-04-28 21:13:14 [INFO] [task_scheduler.cc:131] [Task #30: fused_nn_softmax] Trial #47: GFLOPs: 0.1451. Time: 27.5606 us. Best GFLOPs: 0.1635
2024-04-28 21:13:14 [INFO] [task_scheduler.cc:131] [Task #30: fused_nn_softmax] Trial #48: GFLOPs: 0.1213. Time: 32.9750 us. Best GFLOPs: 0.1635
2024-04-28 21:13:14 [INFO] [task_scheduler.cc:131] [Task #30: fused_nn_softmax] Trial #49: GFLOPs: 0.0311. Time: 128.4764 us. Best GFLOPs: 0.1635
2024-04-28 21:13:14 [INFO] [task_scheduler.cc:131] [Task #30: fused_nn_softmax] Trial #50: GFLOPs: 0.1652. Time: 24.2088 us. Best GFLOPs: 0.1652
2024-04-28 21:13:14 [INFO] [task_scheduler.cc:131] [Task #30: fused_nn_softmax] Trial #51: GFLOPs: 0.1043. Time: 38.3438 us. Best GFLOPs: 0.1652
2024-04-28 21:13:14 [INFO] [task_scheduler.cc:131] [Task #30: fused_nn_softmax] Trial #52: GFLOPs: 0.0881. Time: 45.3791 us. Best GFLOPs: 0.1652
2024-04-28 21:13:14 [INFO] [task_scheduler.cc:131] [Task #30: fused_nn_softmax] Trial #53: GFLOPs: 0.1701. Time: 23.5225 us. Best GFLOPs: 0.1701
2024-04-28 21:13:14 [INFO] [task_scheduler.cc:131] [Task #30: fused_nn_softmax] Trial #54: GFLOPs: 0.0317. Time: 126.1537 us. Best GFLOPs: 0.1701
2024-04-28 21:13:14 [INFO] [task_scheduler.cc:131] [Task #30: fused_nn_softmax] Trial #55: GFLOPs: 0.0103. Time: 389.9922 us. Best GFLOPs: 0.1701
2024-04-28 21:13:14 [INFO] [task_scheduler.cc:131] [Task #30: fused_nn_softmax] Trial #56: GFLOPs: 0.0000. Time: 94488.0800 us. Best GFLOPs: 0.1701
2024-04-28 21:13:14 [INFO] [task_scheduler.cc:131] [Task #30: fused_nn_softmax] Trial #57: GFLOPs: 0.1437. Time: 27.8385 us. Best GFLOPs: 0.1701
2024-04-28 21:13:14 [INFO] [task_scheduler.cc:131] [Task #30: fused_nn_softmax] Trial #58: GFLOPs: 0.1243. Time: 32.1748 us. Best GFLOPs: 0.1701
2024-04-28 21:13:14 [INFO] [task_scheduler.cc:131] [Task #30: fused_nn_softmax] Trial #59: GFLOPs: 0.1399. Time: 28.5866 us. Best GFLOPs: 0.1701
2024-04-28 21:13:14 [INFO] [task_scheduler.cc:131] [Task #30: fused_nn_softmax] Trial #60: GFLOPs: 0.0115. Time: 346.3806 us. Best GFLOPs: 0.1701
2024-04-28 21:13:14 [INFO] [task_scheduler.cc:131] [Task #30: fused_nn_softmax] Trial #61: GFLOPs: 0.0067. Time: 601.3068 us. Best GFLOPs: 0.1701
2024-04-28 21:13:14 [INFO] [task_scheduler.cc:131] [Task #30: fused_nn_softmax] Trial #62: GFLOPs: 0.1331. Time: 30.0431 us. Best GFLOPs: 0.1701
2024-04-28 21:13:14 [INFO] [task_scheduler.cc:131] [Task #30: fused_nn_softmax] Trial #63: GFLOPs: 0.0058. Time: 692.5244 us. Best GFLOPs: 0.1701
2024-04-28 21:13:14 [INFO] [task_scheduler.cc:131] [Task #30: fused_nn_softmax] Trial #64: GFLOPs: 0.1100. Time: 36.3627 us. Best GFLOPs: 0.1701
