2024-04-28 19:50:03 [INFO] [task_scheduler.cc:160] Initializing Task #9: "fused_nn_max_pool2d_3"
2024-04-28 19:50:03 [INFO] [task_scheduler.cc:35] 
# from tvm.script import ir as I
# from tvm.script import tir as T

@I.ir_module
class Module:
    @T.prim_func
    def main(p0: T.Buffer((T.int64(1), T.int64(512), T.int64(28), T.int64(28)), "float32"), pool_max: T.Buffer((T.int64(1), T.int64(512), T.int64(14), T.int64(14)), "float32")):
        T.func_attr({"tir.noalias": T.bool(True)})
        # with T.block("root"):
        for ax0, ax1, ax2, ax3, rv0, rv1 in T.grid(T.int64(1), T.int64(512), T.int64(14), T.int64(14), T.int64(2), T.int64(2)):
            with T.block("pool_max"):
                v_ax0, v_ax1, v_ax2, v_ax3, v_rv0, v_rv1 = T.axis.remap("SSSSRR", [ax0, ax1, ax2, ax3, rv0, rv1])
                T.reads(p0[v_ax0, v_ax1, v_ax2 * T.int64(2) + v_rv0, v_ax3 * T.int64(2) + v_rv1])
                T.writes(pool_max[v_ax0, v_ax1, v_ax2, v_ax3])
                T.block_attr({"schedule_rule": "meta_schedule.pool_max"})
                with T.init():
                    pool_max[v_ax0, v_ax1, v_ax2, v_ax3] = T.float32(-3.4028234663852886e+38)
                pool_max[v_ax0, v_ax1, v_ax2, v_ax3] = T.max(pool_max[v_ax0, v_ax1, v_ax2, v_ax3], p0[v_ax0, v_ax1, v_ax2 * T.int64(2) + v_rv0, v_ax3 * T.int64(2) + v_rv1])
2024-04-28 19:50:03 [INFO] [task_scheduler.cc:164] Total 2 design space(s) generated
2024-04-28 19:50:03 [INFO] [task_scheduler.cc:170] Design space #0:
# from tvm.script import ir as I
# from tvm.script import tir as T

@I.ir_module
class Module:
    @T.prim_func
    def main(p0: T.Buffer((T.int64(1), T.int64(512), T.int64(28), T.int64(28)), "float32"), pool_max: T.Buffer((T.int64(1), T.int64(512), T.int64(14), T.int64(14)), "float32")):
        T.func_attr({"tir.noalias": T.bool(True)})
        with T.block("root"):
            T.reads()
            T.writes()
            T.block_attr({"meta_schedule.unroll_explicit": 64})
            for ax0_ax1_ax2_ax3_fused_0 in T.thread_binding(T.int64(784), thread="blockIdx.x"):
                for ax0_ax1_ax2_ax3_fused_1 in T.thread_binding(T.int64(128), thread="threadIdx.x"):
                    for rv0, rv1 in T.grid(T.int64(2), T.int64(2)):
                        with T.block("pool_max"):
                            v_ax0 = T.axis.spatial(T.int64(1), T.int64(0))
                            v_ax1 = T.axis.spatial(T.int64(512), (ax0_ax1_ax2_ax3_fused_0 * T.int64(128) + ax0_ax1_ax2_ax3_fused_1) // T.int64(196))
                            v_ax2 = T.axis.spatial(T.int64(14), (ax0_ax1_ax2_ax3_fused_0 * T.int64(128) + ax0_ax1_ax2_ax3_fused_1) % T.int64(196) // T.int64(14))
                            v_ax3 = T.axis.spatial(T.int64(14), (ax0_ax1_ax2_ax3_fused_0 * T.int64(128) + ax0_ax1_ax2_ax3_fused_1) % T.int64(14))
                            v_rv0, v_rv1 = T.axis.remap("RR", [rv0, rv1])
                            T.reads(p0[v_ax0, v_ax1, v_ax2 * T.int64(2) + v_rv0, v_ax3 * T.int64(2) + v_rv1])
                            T.writes(pool_max[v_ax0, v_ax1, v_ax2, v_ax3])
                            with T.init():
                                pool_max[v_ax0, v_ax1, v_ax2, v_ax3] = T.float32(-3.4028234663852886e+38)
                            pool_max[v_ax0, v_ax1, v_ax2, v_ax3] = T.max(pool_max[v_ax0, v_ax1, v_ax2, v_ax3], p0[v_ax0, v_ax1, v_ax2 * T.int64(2) + v_rv0, v_ax3 * T.int64(2) + v_rv1])
b0 = sch.get_block(name="pool_max", func_name="main")
b1 = sch.get_block(name="root", func_name="main")
sch.unannotate(block_or_loop=b0, ann_key="schedule_rule")
v2 = sch.sample_categorical(candidates=[0, 16, 64, 512, 1024], probs=[0.20000000000000001, 0.20000000000000001, 0.20000000000000001, 0.20000000000000001, 0.20000000000000001], decision=2)
sch.annotate(block_or_loop=b1, ann_key="meta_schedule.unroll_explicit", ann_val=v2)
l3, l4, l5, l6, l7, l8 = sch.get_loops(block=b0)
l9 = sch.fuse(l3, l4, l5, l6, preserve_unit_iters=True)
v10 = sch.sample_categorical(candidates=[32, 64, 128, 256, 512, 1024], probs=[0.16666666666666666, 0.16666666666666666, 0.16666666666666666, 0.16666666666666666, 0.16666666666666666, 0.16666666666666666], decision=2)
l11, l12 = sch.split(loop=l9, factors=[None, v10], preserve_unit_iters=True)
sch.bind(loop=l11, thread_axis="blockIdx.x")
sch.bind(loop=l12, thread_axis="threadIdx.x")
2024-04-28 19:50:03 [INFO] [task_scheduler.cc:170] Design space #1:
# from tvm.script import ir as I
# from tvm.script import tir as T

@I.ir_module
class Module:
    @T.prim_func
    def main(p0: T.Buffer((T.int64(1), T.int64(512), T.int64(28), T.int64(28)), "float32"), pool_max: T.Buffer((T.int64(1), T.int64(512), T.int64(14), T.int64(14)), "float32")):
        T.func_attr({"tir.noalias": T.bool(True)})
        with T.block("root"):
            T.reads()
            T.writes()
            T.block_attr({"meta_schedule.unroll_explicit": 512})
            for ax0_ax1_ax2_ax3_fused in T.thread_binding(T.int64(100352), thread="blockIdx.x"):
                for rv0_rv1_fused_0 in range(T.int64(1)):
                    for rv0_rv1_fused_1 in T.thread_binding(T.int64(32), thread="threadIdx.x"):
                        with T.block("pool_max"):
                            v_ax0 = T.axis.spatial(T.int64(1), T.int64(0))
                            v_ax1 = T.axis.spatial(T.int64(512), ax0_ax1_ax2_ax3_fused // T.int64(196))
                            v_ax2 = T.axis.spatial(T.int64(14), ax0_ax1_ax2_ax3_fused % T.int64(196) // T.int64(14))
                            v_ax3 = T.axis.spatial(T.int64(14), ax0_ax1_ax2_ax3_fused % T.int64(14))
                            v_rv0 = T.axis.reduce(T.int64(2), (rv0_rv1_fused_0 * T.int64(32) + rv0_rv1_fused_1) // T.int64(2))
                            v_rv1 = T.axis.reduce(T.int64(2), (rv0_rv1_fused_0 * T.int64(32) + rv0_rv1_fused_1) % T.int64(2))
                            T.where(rv0_rv1_fused_0 * T.int64(32) + rv0_rv1_fused_1 < T.int64(4))
                            T.reads(p0[v_ax0, v_ax1, v_ax2 * T.int64(2) + v_rv0, v_ax3 * T.int64(2) + v_rv1])
                            T.writes(pool_max[v_ax0, v_ax1, v_ax2, v_ax3])
                            with T.init():
                                pool_max[v_ax0, v_ax1, v_ax2, v_ax3] = T.float32(-3.4028234663852886e+38)
                            pool_max[v_ax0, v_ax1, v_ax2, v_ax3] = T.max(pool_max[v_ax0, v_ax1, v_ax2, v_ax3], p0[v_ax0, v_ax1, v_ax2 * T.int64(2) + v_rv0, v_ax3 * T.int64(2) + v_rv1])
b0 = sch.get_block(name="pool_max", func_name="main")
b1 = sch.get_block(name="root", func_name="main")
sch.unannotate(block_or_loop=b0, ann_key="schedule_rule")
v2 = sch.sample_categorical(candidates=[4, 8, 16, 32, 64, 128, 256, 512], probs=[0.125, 0.125, 0.125, 0.125, 0.125, 0.125, 0.125, 0.125], decision=3)
l3, l4, l5, l6, l7, l8 = sch.get_loops(block=b0)
l9 = sch.fuse(l7, l8, preserve_unit_iters=True)
l10, l11 = sch.split(loop=l9, factors=[None, v2], preserve_unit_iters=True)
sch.bind(loop=l11, thread_axis="threadIdx.x")
v12 = sch.sample_categorical(candidates=[0, 16, 64, 512, 1024], probs=[0.20000000000000001, 0.20000000000000001, 0.20000000000000001, 0.20000000000000001, 0.20000000000000001], decision=3)
sch.annotate(block_or_loop=b1, ann_key="meta_schedule.unroll_explicit", ann_val=v12)
l13, l14, l15, l16, l17, l18 = sch.get_loops(block=b0)
l19 = sch.fuse(l13, l14, l15, l16, preserve_unit_iters=True)
sch.bind(loop=l19, thread_axis="blockIdx.x")
2024-04-28 20:13:03 [INFO] [evolutionary_search.cc:713] Generating candidates......
2024-04-28 20:13:03 [INFO] [evolutionary_search.cc:715] Picked top 0 candidate(s) from database
2024-04-28 20:13:03 [INFO] [evolutionary_search.cc:533] Sample-Init-Population summary:
Postproc #0 [meta_schedule.DisallowDynamicLoop(0x4742668)]: 0 failure(s)
Postproc #1 [meta_schedule.RewriteCooperativeFetch(0x3acd848)]: 0 failure(s)
Postproc #2 [meta_schedule.RewriteUnboundBlock(0x3b80548)]: 0 failure(s)
Postproc #3 [meta_schedule.RewriteParallelVectorizeUnroll(0x92650c8)]: 0 failure(s)
Postproc #4 [meta_schedule.RewriteReductionBlock(0x493e2f8)]: 0 failure(s)
Postproc #5 [meta_schedule.VerifyGPUCode(0x7095848)]: 0 failure(s)
Postproc #6 [meta_schedule.RewriteTensorize(0x3b24468)]: 0 failure(s)
2024-04-28 20:13:03 [INFO] [evolutionary_search.cc:723] Sampled 512 candidate(s)
2024-04-28 20:13:04 [INFO] [evolutionary_search.cc:621] Evolve iter #0 done. Summary:
Postproc #0 [meta_schedule.DisallowDynamicLoop(0x4742668)]: 0 failure(s)
Postproc #1 [meta_schedule.RewriteCooperativeFetch(0x3acd848)]: 0 failure(s)
Postproc #2 [meta_schedule.RewriteUnboundBlock(0x3b80548)]: 0 failure(s)
Postproc #3 [meta_schedule.RewriteParallelVectorizeUnroll(0x92650c8)]: 0 failure(s)
Postproc #4 [meta_schedule.RewriteReductionBlock(0x493e2f8)]: 0 failure(s)
Postproc #5 [meta_schedule.VerifyGPUCode(0x7095848)]: 0 failure(s)
Postproc #6 [meta_schedule.RewriteTensorize(0x3b24468)]: 0 failure(s)
2024-04-28 20:13:04 [INFO] [evolutionary_search.cc:621] Evolve iter #1 done. Summary:
Postproc #0 [meta_schedule.DisallowDynamicLoop(0x4742668)]: 0 failure(s)
Postproc #1 [meta_schedule.RewriteCooperativeFetch(0x3acd848)]: 0 failure(s)
Postproc #2 [meta_schedule.RewriteUnboundBlock(0x3b80548)]: 0 failure(s)
Postproc #3 [meta_schedule.RewriteParallelVectorizeUnroll(0x92650c8)]: 0 failure(s)
Postproc #4 [meta_schedule.RewriteReductionBlock(0x493e2f8)]: 0 failure(s)
Postproc #5 [meta_schedule.VerifyGPUCode(0x7095848)]: 0 failure(s)
Postproc #6 [meta_schedule.RewriteTensorize(0x3b24468)]: 0 failure(s)
2024-04-28 20:13:04 [INFO] [evolutionary_search.cc:621] Evolve iter #2 done. Summary:
Postproc #0 [meta_schedule.DisallowDynamicLoop(0x4742668)]: 0 failure(s)
Postproc #1 [meta_schedule.RewriteCooperativeFetch(0x3acd848)]: 0 failure(s)
Postproc #2 [meta_schedule.RewriteUnboundBlock(0x3b80548)]: 0 failure(s)
Postproc #3 [meta_schedule.RewriteParallelVectorizeUnroll(0x92650c8)]: 0 failure(s)
Postproc #4 [meta_schedule.RewriteReductionBlock(0x493e2f8)]: 0 failure(s)
Postproc #5 [meta_schedule.VerifyGPUCode(0x7095848)]: 0 failure(s)
Postproc #6 [meta_schedule.RewriteTensorize(0x3b24468)]: 0 failure(s)
2024-04-28 20:13:04 [INFO] [evolutionary_search.cc:621] Evolve iter #3 done. Summary:
Postproc #0 [meta_schedule.DisallowDynamicLoop(0x4742668)]: 0 failure(s)
Postproc #1 [meta_schedule.RewriteCooperativeFetch(0x3acd848)]: 0 failure(s)
Postproc #2 [meta_schedule.RewriteUnboundBlock(0x3b80548)]: 0 failure(s)
Postproc #3 [meta_schedule.RewriteParallelVectorizeUnroll(0x92650c8)]: 0 failure(s)
Postproc #4 [meta_schedule.RewriteReductionBlock(0x493e2f8)]: 0 failure(s)
Postproc #5 [meta_schedule.VerifyGPUCode(0x7095848)]: 0 failure(s)
Postproc #6 [meta_schedule.RewriteTensorize(0x3b24468)]: 0 failure(s)
2024-04-28 20:13:04 [INFO] [evolutionary_search.cc:649] Scores of the best 64 candidates:
[1 : 16]:	0.9539  0.8900  0.8858  0.8854  0.8717  0.8609  0.8440  0.8209  0.8035  0.7708  0.7677  0.7326  0.7111  0.7048  0.6989  0.6949
[17 : 32]:	0.6528  0.6524  0.6522  0.6497  0.6346  0.6279  0.6212  0.6176  0.6112  0.5781  0.5732  0.5532  0.5498  0.5481  0.5363  0.5180
[33 : 48]:	0.5074  0.5038  0.4892  0.4658  0.4640  0.4551  0.4524  0.4383  0.4330  0.4135  0.3903  0.3460  0.3333  0.3230  0.3097  0.3026
[49 : 64]:	0.2603  0.2504  0.2493  0.2482  0.2408  0.2286  0.2252  0.2131  0.2103  0.2024  0.1546  0.1544  0.1361  0.1343  0.1208  0.1109
2024-04-28 20:13:04 [INFO] [evolutionary_search.cc:727] Got 64 candidate(s) with evolutionary search
2024-04-28 20:13:04 [INFO] [evolutionary_search.cc:730] Sending 61 candidates(s) for measurement
2024-04-28 20:24:09 [INFO] [task_scheduler.cc:131] [Task #9: fused_nn_max_pool2d_3] Trial #1: GFLOPs: 2.0494. Time: 195.8653 us. Best GFLOPs: 2.0494
2024-04-28 20:24:09 [INFO] [task_scheduler.cc:131] [Task #9: fused_nn_max_pool2d_3] Trial #2: GFLOPs: 5.1913. Time: 77.3239 us. Best GFLOPs: 5.1913
2024-04-28 20:24:09 [INFO] [task_scheduler.cc:131] [Task #9: fused_nn_max_pool2d_3] Trial #3: GFLOPs: 113.1038. Time: 3.5490 us. Best GFLOPs: 113.1038
2024-04-28 20:24:09 [INFO] [task_scheduler.cc:131] [Task #9: fused_nn_max_pool2d_3] Trial #4: GFLOPs: 2.0541. Time: 195.4194 us. Best GFLOPs: 113.1038
2024-04-28 20:24:09 [INFO] [task_scheduler.cc:131] [Task #9: fused_nn_max_pool2d_3] Trial #5: GFLOPs: 5.2195. Time: 76.9048 us. Best GFLOPs: 113.1038
2024-04-28 20:24:09 [INFO] [task_scheduler.cc:131] [Task #9: fused_nn_max_pool2d_3] Trial #6: GFLOPs: 5.1813. Time: 77.4724 us. Best GFLOPs: 113.1038
2024-04-28 20:24:09 [INFO] [task_scheduler.cc:131] [Task #9: fused_nn_max_pool2d_3] Trial #7: GFLOPs: 100.0102. Time: 4.0137 us. Best GFLOPs: 113.1038
2024-04-28 20:24:09 [INFO] [task_scheduler.cc:131] [Task #9: fused_nn_max_pool2d_3] Trial #8: GFLOPs: 100.0054. Time: 4.0139 us. Best GFLOPs: 113.1038
2024-04-28 20:24:09 [INFO] [task_scheduler.cc:131] [Task #9: fused_nn_max_pool2d_3] Trial #9: GFLOPs: 2.0543. Time: 195.3974 us. Best GFLOPs: 113.1038
2024-04-28 20:24:09 [INFO] [task_scheduler.cc:131] [Task #9: fused_nn_max_pool2d_3] Trial #10: GFLOPs: 114.2258. Time: 3.5142 us. Best GFLOPs: 114.2258
2024-04-28 20:24:09 [INFO] [task_scheduler.cc:131] [Task #9: fused_nn_max_pool2d_3] Trial #11: GFLOPs: 113.1100. Time: 3.5488 us. Best GFLOPs: 114.2258
2024-04-28 20:24:09 [INFO] [task_scheduler.cc:131] [Task #9: fused_nn_max_pool2d_3] Trial #12: GFLOPs: 5.2003. Time: 77.1896 us. Best GFLOPs: 114.2258
2024-04-28 20:24:09 [INFO] [task_scheduler.cc:131] [Task #9: fused_nn_max_pool2d_3] Trial #13: GFLOPs: 5.2000. Time: 77.1945 us. Best GFLOPs: 114.2258
2024-04-28 20:24:09 [INFO] [task_scheduler.cc:131] [Task #9: fused_nn_max_pool2d_3] Trial #14: GFLOPs: 114.6917. Time: 3.4999 us. Best GFLOPs: 114.6917
2024-04-28 20:24:09 [INFO] [task_scheduler.cc:131] [Task #9: fused_nn_max_pool2d_3] Trial #15: GFLOPs: 100.0118. Time: 4.0136 us. Best GFLOPs: 114.6917
2024-04-28 20:24:09 [INFO] [task_scheduler.cc:131] [Task #9: fused_nn_max_pool2d_3] Trial #16: GFLOPs: 5.1815. Time: 77.4696 us. Best GFLOPs: 114.6917
2024-04-28 20:24:09 [INFO] [task_scheduler.cc:131] [Task #9: fused_nn_max_pool2d_3] Trial #17: GFLOPs: 4.1157. Time: 97.5318 us. Best GFLOPs: 114.6917
2024-04-28 20:24:09 [INFO] [task_scheduler.cc:131] [Task #9: fused_nn_max_pool2d_3] Trial #18: GFLOPs: 79.7836. Time: 5.0312 us. Best GFLOPs: 114.6917
2024-04-28 20:24:09 [INFO] [task_scheduler.cc:131] [Task #9: fused_nn_max_pool2d_3] Trial #19: GFLOPs: 5.1911. Time: 77.3257 us. Best GFLOPs: 114.6917
2024-04-28 20:24:09 [INFO] [task_scheduler.cc:131] [Task #9: fused_nn_max_pool2d_3] Trial #20: GFLOPs: 5.1792. Time: 77.5038 us. Best GFLOPs: 114.6917
2024-04-28 20:24:09 [INFO] [task_scheduler.cc:131] [Task #9: fused_nn_max_pool2d_3] Trial #21: GFLOPs: 100.0530. Time: 4.0120 us. Best GFLOPs: 114.6917
2024-04-28 20:24:09 [INFO] [task_scheduler.cc:131] [Task #9: fused_nn_max_pool2d_3] Trial #22: GFLOPs: 5.1913. Time: 77.3238 us. Best GFLOPs: 114.6917
2024-04-28 20:24:09 [INFO] [task_scheduler.cc:131] [Task #9: fused_nn_max_pool2d_3] Trial #23: GFLOPs: 114.2032. Time: 3.5149 us. Best GFLOPs: 114.6917
2024-04-28 20:24:09 [INFO] [task_scheduler.cc:131] [Task #9: fused_nn_max_pool2d_3] Trial #24: GFLOPs: 79.7423. Time: 5.0338 us. Best GFLOPs: 114.6917
2024-04-28 20:24:09 [INFO] [task_scheduler.cc:131] [Task #9: fused_nn_max_pool2d_3] Trial #25: GFLOPs: 5.1789. Time: 77.5088 us. Best GFLOPs: 114.6917
2024-04-28 20:24:09 [INFO] [task_scheduler.cc:131] [Task #9: fused_nn_max_pool2d_3] Trial #26: GFLOPs: 79.7586. Time: 5.0328 us. Best GFLOPs: 114.6917
2024-04-28 20:24:09 [INFO] [task_scheduler.cc:131] [Task #9: fused_nn_max_pool2d_3] Trial #27: GFLOPs: 5.1784. Time: 77.5158 us. Best GFLOPs: 114.6917
2024-04-28 20:24:09 [INFO] [task_scheduler.cc:131] [Task #9: fused_nn_max_pool2d_3] Trial #28: GFLOPs: 113.1448. Time: 3.5477 us. Best GFLOPs: 114.6917
2024-04-28 20:24:09 [INFO] [task_scheduler.cc:131] [Task #9: fused_nn_max_pool2d_3] Trial #29: GFLOPs: 113.1221. Time: 3.5484 us. Best GFLOPs: 114.6917
2024-04-28 20:24:09 [INFO] [task_scheduler.cc:131] [Task #9: fused_nn_max_pool2d_3] Trial #30: GFLOPs: 5.1811. Time: 77.4754 us. Best GFLOPs: 114.6917
2024-04-28 20:24:09 [INFO] [task_scheduler.cc:131] [Task #9: fused_nn_max_pool2d_3] Trial #31: GFLOPs: 5.1793. Time: 77.5023 us. Best GFLOPs: 114.6917
2024-04-28 20:24:09 [INFO] [task_scheduler.cc:131] [Task #9: fused_nn_max_pool2d_3] Trial #32: GFLOPs: 114.2228. Time: 3.5143 us. Best GFLOPs: 114.6917
2024-04-28 20:24:09 [INFO] [task_scheduler.cc:131] [Task #9: fused_nn_max_pool2d_3] Trial #33: GFLOPs: 5.1916. Time: 77.3187 us. Best GFLOPs: 114.6917
2024-04-28 20:24:09 [INFO] [task_scheduler.cc:131] [Task #9: fused_nn_max_pool2d_3] Trial #34: GFLOPs: 5.2191. Time: 76.9113 us. Best GFLOPs: 114.6917
2024-04-28 20:24:09 [INFO] [task_scheduler.cc:131] [Task #9: fused_nn_max_pool2d_3] Trial #35: GFLOPs: 100.0765. Time: 4.0110 us. Best GFLOPs: 114.6917
2024-04-28 20:24:09 [INFO] [task_scheduler.cc:131] [Task #9: fused_nn_max_pool2d_3] Trial #36: GFLOPs: 114.4682. Time: 3.5067 us. Best GFLOPs: 114.6917
2024-04-28 20:24:09 [INFO] [task_scheduler.cc:131] [Task #9: fused_nn_max_pool2d_3] Trial #37: GFLOPs: 114.6921. Time: 3.4999 us. Best GFLOPs: 114.6921
2024-04-28 20:24:09 [INFO] [task_scheduler.cc:131] [Task #9: fused_nn_max_pool2d_3] Trial #38: GFLOPs: 5.2001. Time: 77.1920 us. Best GFLOPs: 114.6921
2024-04-28 20:24:09 [INFO] [task_scheduler.cc:131] [Task #9: fused_nn_max_pool2d_3] Trial #39: GFLOPs: 2.0543. Time: 195.3969 us. Best GFLOPs: 114.6921
2024-04-28 20:24:09 [INFO] [task_scheduler.cc:131] [Task #9: fused_nn_max_pool2d_3] Trial #40: GFLOPs: 114.6965. Time: 3.4997 us. Best GFLOPs: 114.6965
2024-04-28 20:24:09 [INFO] [task_scheduler.cc:131] [Task #9: fused_nn_max_pool2d_3] Trial #41: GFLOPs: 4.1154. Time: 97.5379 us. Best GFLOPs: 114.6965
2024-04-28 20:24:09 [INFO] [task_scheduler.cc:131] [Task #9: fused_nn_max_pool2d_3] Trial #42: GFLOPs: 4.1150. Time: 97.5477 us. Best GFLOPs: 114.6965
2024-04-28 20:24:09 [INFO] [task_scheduler.cc:131] [Task #9: fused_nn_max_pool2d_3] Trial #43: GFLOPs: 5.1785. Time: 77.5150 us. Best GFLOPs: 114.6965
2024-04-28 20:24:09 [INFO] [task_scheduler.cc:131] [Task #9: fused_nn_max_pool2d_3] Trial #44: GFLOPs: 4.1151. Time: 97.5449 us. Best GFLOPs: 114.6965
2024-04-28 20:24:09 [INFO] [task_scheduler.cc:131] [Task #9: fused_nn_max_pool2d_3] Trial #45: GFLOPs: 5.1911. Time: 77.3267 us. Best GFLOPs: 114.6965
2024-04-28 20:24:09 [INFO] [task_scheduler.cc:131] [Task #9: fused_nn_max_pool2d_3] Trial #46: GFLOPs: 2.0541. Time: 195.4144 us. Best GFLOPs: 114.6965
2024-04-28 20:24:09 [INFO] [task_scheduler.cc:131] [Task #9: fused_nn_max_pool2d_3] Trial #47: GFLOPs: 5.1812. Time: 77.4737 us. Best GFLOPs: 114.6965
2024-04-28 20:24:09 [INFO] [task_scheduler.cc:131] [Task #9: fused_nn_max_pool2d_3] Trial #48: GFLOPs: 79.7596. Time: 5.0327 us. Best GFLOPs: 114.6965
2024-04-28 20:24:09 [INFO] [task_scheduler.cc:131] [Task #9: fused_nn_max_pool2d_3] Trial #49: GFLOPs: 114.4721. Time: 3.5066 us. Best GFLOPs: 114.6965
2024-04-28 20:24:09 [INFO] [task_scheduler.cc:131] [Task #9: fused_nn_max_pool2d_3] Trial #50: GFLOPs: 5.1813. Time: 77.4729 us. Best GFLOPs: 114.6965
2024-04-28 20:24:09 [INFO] [task_scheduler.cc:131] [Task #9: fused_nn_max_pool2d_3] Trial #51: GFLOPs: 114.4437. Time: 3.5075 us. Best GFLOPs: 114.6965
2024-04-28 20:24:09 [INFO] [task_scheduler.cc:131] [Task #9: fused_nn_max_pool2d_3] Trial #52: GFLOPs: 114.4595. Time: 3.5070 us. Best GFLOPs: 114.6965
2024-04-28 20:24:09 [INFO] [task_scheduler.cc:131] [Task #9: fused_nn_max_pool2d_3] Trial #53: GFLOPs: 5.1792. Time: 77.5035 us. Best GFLOPs: 114.6965
2024-04-28 20:24:09 [INFO] [task_scheduler.cc:131] [Task #9: fused_nn_max_pool2d_3] Trial #54: GFLOPs: 114.1884. Time: 3.5153 us. Best GFLOPs: 114.6965
2024-04-28 20:24:09 [INFO] [task_scheduler.cc:131] [Task #9: fused_nn_max_pool2d_3] Trial #55: GFLOPs: 5.2194. Time: 76.9065 us. Best GFLOPs: 114.6965
2024-04-28 20:24:09 [INFO] [task_scheduler.cc:131] [Task #9: fused_nn_max_pool2d_3] Trial #56: GFLOPs: 5.1790. Time: 77.5070 us. Best GFLOPs: 114.6965
2024-04-28 20:24:09 [INFO] [task_scheduler.cc:131] [Task #9: fused_nn_max_pool2d_3] Trial #57: GFLOPs: 5.2196. Time: 76.9046 us. Best GFLOPs: 114.6965
2024-04-28 20:24:09 [INFO] [task_scheduler.cc:131] [Task #9: fused_nn_max_pool2d_3] Trial #58: GFLOPs: 5.2000. Time: 77.1935 us. Best GFLOPs: 114.6965
2024-04-28 20:24:09 [INFO] [task_scheduler.cc:131] [Task #9: fused_nn_max_pool2d_3] Trial #59: GFLOPs: 5.1790. Time: 77.5065 us. Best GFLOPs: 114.6965
2024-04-28 20:24:09 [INFO] [task_scheduler.cc:131] [Task #9: fused_nn_max_pool2d_3] Trial #60: GFLOPs: 5.1791. Time: 77.5059 us. Best GFLOPs: 114.6965
2024-04-28 20:24:09 [INFO] [task_scheduler.cc:131] [Task #9: fused_nn_max_pool2d_3] Trial #61: GFLOPs: 5.2194. Time: 76.9063 us. Best GFLOPs: 114.6965
